[2025-04-04T08:35:36.456+0000] {processor.py:161} INFO - Started process (PID=186) to work on /home/airflow/.local/lib/python3.8/site-packages/airflow/example_dags/example_latest_only_with_trigger.py
[2025-04-04T08:35:36.466+0000] {processor.py:830} INFO - Processing file /home/airflow/.local/lib/python3.8/site-packages/airflow/example_dags/example_latest_only_with_trigger.py for tasks to queue
[2025-04-04T08:35:36.473+0000] {logging_mixin.py:188} INFO - [2025-04-04T08:35:36.472+0000] {dagbag.py:538} INFO - Filling up the DagBag from /home/airflow/.local/lib/python3.8/site-packages/airflow/example_dags/example_latest_only_with_trigger.py
[2025-04-04T08:35:36.666+0000] {processor.py:840} INFO - DAG(s) 'latest_only_with_trigger' retrieved from /home/airflow/.local/lib/python3.8/site-packages/airflow/example_dags/example_latest_only_with_trigger.py
[2025-04-04T08:35:37.839+0000] {logging_mixin.py:188} INFO - [2025-04-04T08:35:37.838+0000] {override.py:1769} INFO - Created Permission View: can edit on DAG:latest_only_with_trigger
[2025-04-04T08:35:37.960+0000] {logging_mixin.py:188} INFO - [2025-04-04T08:35:37.959+0000] {override.py:1769} INFO - Created Permission View: can read on DAG:latest_only_with_trigger
[2025-04-04T08:35:38.082+0000] {logging_mixin.py:188} INFO - [2025-04-04T08:35:38.081+0000] {override.py:1769} INFO - Created Permission View: can delete on DAG:latest_only_with_trigger
[2025-04-04T08:35:38.083+0000] {logging_mixin.py:188} INFO - [2025-04-04T08:35:38.083+0000] {dag.py:3036} INFO - Sync 1 DAGs
[2025-04-04T08:35:38.153+0000] {logging_mixin.py:188} INFO - [2025-04-04T08:35:38.153+0000] {dag.py:3058} INFO - Creating ORM DAG for latest_only_with_trigger
[2025-04-04T08:35:38.216+0000] {logging_mixin.py:188} INFO - [2025-04-04T08:35:38.215+0000] {dag.py:3823} INFO - Setting next_dagrun for latest_only_with_trigger to 2025-04-04 04:00:00+00:00, run_after=2025-04-04 08:00:00+00:00
[2025-04-04T08:35:38.285+0000] {processor.py:183} INFO - Processing /home/airflow/.local/lib/python3.8/site-packages/airflow/example_dags/example_latest_only_with_trigger.py took 1.839 seconds
[2025-04-04T08:36:08.514+0000] {processor.py:161} INFO - Started process (PID=433) to work on /home/airflow/.local/lib/python3.8/site-packages/airflow/example_dags/example_latest_only_with_trigger.py
[2025-04-04T08:36:08.515+0000] {processor.py:830} INFO - Processing file /home/airflow/.local/lib/python3.8/site-packages/airflow/example_dags/example_latest_only_with_trigger.py for tasks to queue
[2025-04-04T08:36:08.516+0000] {logging_mixin.py:188} INFO - [2025-04-04T08:36:08.516+0000] {dagbag.py:538} INFO - Filling up the DagBag from /home/airflow/.local/lib/python3.8/site-packages/airflow/example_dags/example_latest_only_with_trigger.py
[2025-04-04T08:36:08.523+0000] {processor.py:840} INFO - DAG(s) 'latest_only_with_trigger' retrieved from /home/airflow/.local/lib/python3.8/site-packages/airflow/example_dags/example_latest_only_with_trigger.py
[2025-04-04T08:36:08.548+0000] {logging_mixin.py:188} INFO - [2025-04-04T08:36:08.548+0000] {dag.py:3036} INFO - Sync 1 DAGs
[2025-04-04T08:36:08.570+0000] {logging_mixin.py:188} INFO - [2025-04-04T08:36:08.570+0000] {dag.py:3823} INFO - Setting next_dagrun for latest_only_with_trigger to 2025-04-04 04:00:00+00:00, run_after=2025-04-04 08:00:00+00:00
[2025-04-04T08:36:08.593+0000] {processor.py:183} INFO - Processing /home/airflow/.local/lib/python3.8/site-packages/airflow/example_dags/example_latest_only_with_trigger.py took 0.084 seconds
[2025-04-04T08:36:38.906+0000] {processor.py:161} INFO - Started process (PID=680) to work on /home/airflow/.local/lib/python3.8/site-packages/airflow/example_dags/example_latest_only_with_trigger.py
[2025-04-04T08:36:38.908+0000] {processor.py:830} INFO - Processing file /home/airflow/.local/lib/python3.8/site-packages/airflow/example_dags/example_latest_only_with_trigger.py for tasks to queue
[2025-04-04T08:36:38.909+0000] {logging_mixin.py:188} INFO - [2025-04-04T08:36:38.909+0000] {dagbag.py:538} INFO - Filling up the DagBag from /home/airflow/.local/lib/python3.8/site-packages/airflow/example_dags/example_latest_only_with_trigger.py
[2025-04-04T08:36:38.917+0000] {processor.py:840} INFO - DAG(s) 'latest_only_with_trigger' retrieved from /home/airflow/.local/lib/python3.8/site-packages/airflow/example_dags/example_latest_only_with_trigger.py
[2025-04-04T08:36:39.067+0000] {logging_mixin.py:188} INFO - [2025-04-04T08:36:39.067+0000] {dag.py:3036} INFO - Sync 1 DAGs
[2025-04-04T08:36:39.140+0000] {logging_mixin.py:188} INFO - [2025-04-04T08:36:39.140+0000] {dag.py:3823} INFO - Setting next_dagrun for latest_only_with_trigger to 2025-04-04 04:00:00+00:00, run_after=2025-04-04 08:00:00+00:00
[2025-04-04T08:36:39.171+0000] {processor.py:183} INFO - Processing /home/airflow/.local/lib/python3.8/site-packages/airflow/example_dags/example_latest_only_with_trigger.py took 0.269 seconds
[2025-04-04T08:37:09.227+0000] {processor.py:161} INFO - Started process (PID=927) to work on /home/airflow/.local/lib/python3.8/site-packages/airflow/example_dags/example_latest_only_with_trigger.py
[2025-04-04T08:37:09.228+0000] {processor.py:830} INFO - Processing file /home/airflow/.local/lib/python3.8/site-packages/airflow/example_dags/example_latest_only_with_trigger.py for tasks to queue
[2025-04-04T08:37:09.229+0000] {logging_mixin.py:188} INFO - [2025-04-04T08:37:09.229+0000] {dagbag.py:538} INFO - Filling up the DagBag from /home/airflow/.local/lib/python3.8/site-packages/airflow/example_dags/example_latest_only_with_trigger.py
[2025-04-04T08:37:09.236+0000] {processor.py:840} INFO - DAG(s) 'latest_only_with_trigger' retrieved from /home/airflow/.local/lib/python3.8/site-packages/airflow/example_dags/example_latest_only_with_trigger.py
[2025-04-04T08:37:09.262+0000] {logging_mixin.py:188} INFO - [2025-04-04T08:37:09.262+0000] {dag.py:3036} INFO - Sync 1 DAGs
[2025-04-04T08:37:09.285+0000] {logging_mixin.py:188} INFO - [2025-04-04T08:37:09.285+0000] {dag.py:3823} INFO - Setting next_dagrun for latest_only_with_trigger to 2025-04-04 04:00:00+00:00, run_after=2025-04-04 08:00:00+00:00
[2025-04-04T08:37:09.310+0000] {processor.py:183} INFO - Processing /home/airflow/.local/lib/python3.8/site-packages/airflow/example_dags/example_latest_only_with_trigger.py took 0.087 seconds
[2025-04-04T08:37:39.406+0000] {processor.py:161} INFO - Started process (PID=1174) to work on /home/airflow/.local/lib/python3.8/site-packages/airflow/example_dags/example_latest_only_with_trigger.py
[2025-04-04T08:37:39.407+0000] {processor.py:830} INFO - Processing file /home/airflow/.local/lib/python3.8/site-packages/airflow/example_dags/example_latest_only_with_trigger.py for tasks to queue
[2025-04-04T08:37:39.408+0000] {logging_mixin.py:188} INFO - [2025-04-04T08:37:39.408+0000] {dagbag.py:538} INFO - Filling up the DagBag from /home/airflow/.local/lib/python3.8/site-packages/airflow/example_dags/example_latest_only_with_trigger.py
[2025-04-04T08:37:39.413+0000] {processor.py:840} INFO - DAG(s) 'latest_only_with_trigger' retrieved from /home/airflow/.local/lib/python3.8/site-packages/airflow/example_dags/example_latest_only_with_trigger.py
[2025-04-04T08:37:39.435+0000] {logging_mixin.py:188} INFO - [2025-04-04T08:37:39.435+0000] {dag.py:3036} INFO - Sync 1 DAGs
[2025-04-04T08:37:39.453+0000] {logging_mixin.py:188} INFO - [2025-04-04T08:37:39.453+0000] {dag.py:3823} INFO - Setting next_dagrun for latest_only_with_trigger to 2025-04-04 04:00:00+00:00, run_after=2025-04-04 08:00:00+00:00
[2025-04-04T08:37:39.479+0000] {processor.py:183} INFO - Processing /home/airflow/.local/lib/python3.8/site-packages/airflow/example_dags/example_latest_only_with_trigger.py took 0.077 seconds
[2025-04-04T08:38:09.564+0000] {processor.py:161} INFO - Started process (PID=1421) to work on /home/airflow/.local/lib/python3.8/site-packages/airflow/example_dags/example_latest_only_with_trigger.py
[2025-04-04T08:38:09.565+0000] {processor.py:830} INFO - Processing file /home/airflow/.local/lib/python3.8/site-packages/airflow/example_dags/example_latest_only_with_trigger.py for tasks to queue
[2025-04-04T08:38:09.568+0000] {logging_mixin.py:188} INFO - [2025-04-04T08:38:09.568+0000] {dagbag.py:538} INFO - Filling up the DagBag from /home/airflow/.local/lib/python3.8/site-packages/airflow/example_dags/example_latest_only_with_trigger.py
[2025-04-04T08:38:09.574+0000] {processor.py:840} INFO - DAG(s) 'latest_only_with_trigger' retrieved from /home/airflow/.local/lib/python3.8/site-packages/airflow/example_dags/example_latest_only_with_trigger.py
[2025-04-04T08:38:09.595+0000] {logging_mixin.py:188} INFO - [2025-04-04T08:38:09.595+0000] {dag.py:3036} INFO - Sync 1 DAGs
[2025-04-04T08:38:09.614+0000] {logging_mixin.py:188} INFO - [2025-04-04T08:38:09.613+0000] {dag.py:3823} INFO - Setting next_dagrun for latest_only_with_trigger to 2025-04-04 04:00:00+00:00, run_after=2025-04-04 08:00:00+00:00
[2025-04-04T08:38:09.633+0000] {processor.py:183} INFO - Processing /home/airflow/.local/lib/python3.8/site-packages/airflow/example_dags/example_latest_only_with_trigger.py took 0.071 seconds
[2025-04-04T08:38:39.754+0000] {processor.py:161} INFO - Started process (PID=1668) to work on /home/airflow/.local/lib/python3.8/site-packages/airflow/example_dags/example_latest_only_with_trigger.py
[2025-04-04T08:38:39.755+0000] {processor.py:830} INFO - Processing file /home/airflow/.local/lib/python3.8/site-packages/airflow/example_dags/example_latest_only_with_trigger.py for tasks to queue
[2025-04-04T08:38:39.756+0000] {logging_mixin.py:188} INFO - [2025-04-04T08:38:39.756+0000] {dagbag.py:538} INFO - Filling up the DagBag from /home/airflow/.local/lib/python3.8/site-packages/airflow/example_dags/example_latest_only_with_trigger.py
[2025-04-04T08:38:39.763+0000] {processor.py:840} INFO - DAG(s) 'latest_only_with_trigger' retrieved from /home/airflow/.local/lib/python3.8/site-packages/airflow/example_dags/example_latest_only_with_trigger.py
[2025-04-04T08:38:39.784+0000] {logging_mixin.py:188} INFO - [2025-04-04T08:38:39.784+0000] {dag.py:3036} INFO - Sync 1 DAGs
[2025-04-04T08:38:39.806+0000] {logging_mixin.py:188} INFO - [2025-04-04T08:38:39.806+0000] {dag.py:3823} INFO - Setting next_dagrun for latest_only_with_trigger to 2025-04-04 04:00:00+00:00, run_after=2025-04-04 08:00:00+00:00
[2025-04-04T08:38:39.827+0000] {processor.py:183} INFO - Processing /home/airflow/.local/lib/python3.8/site-packages/airflow/example_dags/example_latest_only_with_trigger.py took 0.076 seconds
[2025-04-04T08:39:10.316+0000] {processor.py:161} INFO - Started process (PID=1915) to work on /home/airflow/.local/lib/python3.8/site-packages/airflow/example_dags/example_latest_only_with_trigger.py
[2025-04-04T08:39:10.318+0000] {processor.py:830} INFO - Processing file /home/airflow/.local/lib/python3.8/site-packages/airflow/example_dags/example_latest_only_with_trigger.py for tasks to queue
[2025-04-04T08:39:10.319+0000] {logging_mixin.py:188} INFO - [2025-04-04T08:39:10.319+0000] {dagbag.py:538} INFO - Filling up the DagBag from /home/airflow/.local/lib/python3.8/site-packages/airflow/example_dags/example_latest_only_with_trigger.py
[2025-04-04T08:39:10.325+0000] {processor.py:840} INFO - DAG(s) 'latest_only_with_trigger' retrieved from /home/airflow/.local/lib/python3.8/site-packages/airflow/example_dags/example_latest_only_with_trigger.py
[2025-04-04T08:39:10.345+0000] {logging_mixin.py:188} INFO - [2025-04-04T08:39:10.345+0000] {dag.py:3036} INFO - Sync 1 DAGs
[2025-04-04T08:39:10.365+0000] {logging_mixin.py:188} INFO - [2025-04-04T08:39:10.365+0000] {dag.py:3823} INFO - Setting next_dagrun for latest_only_with_trigger to 2025-04-04 04:00:00+00:00, run_after=2025-04-04 08:00:00+00:00
[2025-04-04T08:39:10.386+0000] {processor.py:183} INFO - Processing /home/airflow/.local/lib/python3.8/site-packages/airflow/example_dags/example_latest_only_with_trigger.py took 0.072 seconds
[2025-04-04T08:39:40.492+0000] {processor.py:161} INFO - Started process (PID=2162) to work on /home/airflow/.local/lib/python3.8/site-packages/airflow/example_dags/example_latest_only_with_trigger.py
[2025-04-04T08:39:40.494+0000] {processor.py:830} INFO - Processing file /home/airflow/.local/lib/python3.8/site-packages/airflow/example_dags/example_latest_only_with_trigger.py for tasks to queue
[2025-04-04T08:39:40.497+0000] {logging_mixin.py:188} INFO - [2025-04-04T08:39:40.496+0000] {dagbag.py:538} INFO - Filling up the DagBag from /home/airflow/.local/lib/python3.8/site-packages/airflow/example_dags/example_latest_only_with_trigger.py
[2025-04-04T08:39:40.524+0000] {processor.py:840} INFO - DAG(s) 'latest_only_with_trigger' retrieved from /home/airflow/.local/lib/python3.8/site-packages/airflow/example_dags/example_latest_only_with_trigger.py
[2025-04-04T08:39:40.602+0000] {logging_mixin.py:188} INFO - [2025-04-04T08:39:40.602+0000] {dag.py:3036} INFO - Sync 1 DAGs
[2025-04-04T08:39:40.672+0000] {logging_mixin.py:188} INFO - [2025-04-04T08:39:40.672+0000] {dag.py:3823} INFO - Setting next_dagrun for latest_only_with_trigger to 2025-04-04 04:00:00+00:00, run_after=2025-04-04 08:00:00+00:00
[2025-04-04T08:39:40.715+0000] {processor.py:183} INFO - Processing /home/airflow/.local/lib/python3.8/site-packages/airflow/example_dags/example_latest_only_with_trigger.py took 0.254 seconds
[2025-04-04T08:40:11.350+0000] {processor.py:161} INFO - Started process (PID=2415) to work on /home/airflow/.local/lib/python3.8/site-packages/airflow/example_dags/example_latest_only_with_trigger.py
[2025-04-04T08:40:11.351+0000] {processor.py:830} INFO - Processing file /home/airflow/.local/lib/python3.8/site-packages/airflow/example_dags/example_latest_only_with_trigger.py for tasks to queue
[2025-04-04T08:40:11.352+0000] {logging_mixin.py:188} INFO - [2025-04-04T08:40:11.352+0000] {dagbag.py:538} INFO - Filling up the DagBag from /home/airflow/.local/lib/python3.8/site-packages/airflow/example_dags/example_latest_only_with_trigger.py
[2025-04-04T08:40:11.358+0000] {processor.py:840} INFO - DAG(s) 'latest_only_with_trigger' retrieved from /home/airflow/.local/lib/python3.8/site-packages/airflow/example_dags/example_latest_only_with_trigger.py
[2025-04-04T08:40:11.380+0000] {logging_mixin.py:188} INFO - [2025-04-04T08:40:11.380+0000] {dag.py:3036} INFO - Sync 1 DAGs
[2025-04-04T08:40:11.402+0000] {logging_mixin.py:188} INFO - [2025-04-04T08:40:11.401+0000] {dag.py:3823} INFO - Setting next_dagrun for latest_only_with_trigger to 2025-04-04 04:00:00+00:00, run_after=2025-04-04 08:00:00+00:00
[2025-04-04T08:40:11.424+0000] {processor.py:183} INFO - Processing /home/airflow/.local/lib/python3.8/site-packages/airflow/example_dags/example_latest_only_with_trigger.py took 0.076 seconds
[2025-04-04T08:40:41.479+0000] {processor.py:161} INFO - Started process (PID=2662) to work on /home/airflow/.local/lib/python3.8/site-packages/airflow/example_dags/example_latest_only_with_trigger.py
[2025-04-04T08:40:41.480+0000] {processor.py:830} INFO - Processing file /home/airflow/.local/lib/python3.8/site-packages/airflow/example_dags/example_latest_only_with_trigger.py for tasks to queue
[2025-04-04T08:40:41.481+0000] {logging_mixin.py:188} INFO - [2025-04-04T08:40:41.481+0000] {dagbag.py:538} INFO - Filling up the DagBag from /home/airflow/.local/lib/python3.8/site-packages/airflow/example_dags/example_latest_only_with_trigger.py
[2025-04-04T08:40:41.487+0000] {processor.py:840} INFO - DAG(s) 'latest_only_with_trigger' retrieved from /home/airflow/.local/lib/python3.8/site-packages/airflow/example_dags/example_latest_only_with_trigger.py
[2025-04-04T08:40:41.508+0000] {logging_mixin.py:188} INFO - [2025-04-04T08:40:41.508+0000] {dag.py:3036} INFO - Sync 1 DAGs
[2025-04-04T08:40:41.530+0000] {logging_mixin.py:188} INFO - [2025-04-04T08:40:41.530+0000] {dag.py:3823} INFO - Setting next_dagrun for latest_only_with_trigger to 2025-04-04 04:00:00+00:00, run_after=2025-04-04 08:00:00+00:00
[2025-04-04T08:40:41.552+0000] {processor.py:183} INFO - Processing /home/airflow/.local/lib/python3.8/site-packages/airflow/example_dags/example_latest_only_with_trigger.py took 0.077 seconds
[2025-04-04T08:43:01.144+0000] {processor.py:161} INFO - Started process (PID=173) to work on /home/airflow/.local/lib/python3.8/site-packages/airflow/example_dags/example_latest_only_with_trigger.py
[2025-04-04T08:43:01.149+0000] {processor.py:830} INFO - Processing file /home/airflow/.local/lib/python3.8/site-packages/airflow/example_dags/example_latest_only_with_trigger.py for tasks to queue
[2025-04-04T08:43:01.151+0000] {logging_mixin.py:188} INFO - [2025-04-04T08:43:01.151+0000] {dagbag.py:538} INFO - Filling up the DagBag from /home/airflow/.local/lib/python3.8/site-packages/airflow/example_dags/example_latest_only_with_trigger.py
[2025-04-04T08:43:01.185+0000] {processor.py:840} INFO - DAG(s) 'latest_only_with_trigger' retrieved from /home/airflow/.local/lib/python3.8/site-packages/airflow/example_dags/example_latest_only_with_trigger.py
[2025-04-04T08:43:01.259+0000] {logging_mixin.py:188} INFO - [2025-04-04T08:43:01.258+0000] {dag.py:3036} INFO - Sync 1 DAGs
[2025-04-04T08:43:01.303+0000] {logging_mixin.py:188} INFO - [2025-04-04T08:43:01.303+0000] {dag.py:3823} INFO - Setting next_dagrun for latest_only_with_trigger to 2025-04-04 04:00:00+00:00, run_after=2025-04-04 08:00:00+00:00
[2025-04-04T08:43:01.329+0000] {processor.py:183} INFO - Processing /home/airflow/.local/lib/python3.8/site-packages/airflow/example_dags/example_latest_only_with_trigger.py took 0.197 seconds
[2025-04-04T08:43:32.012+0000] {processor.py:161} INFO - Started process (PID=427) to work on /home/airflow/.local/lib/python3.8/site-packages/airflow/example_dags/example_latest_only_with_trigger.py
[2025-04-04T08:43:32.013+0000] {processor.py:830} INFO - Processing file /home/airflow/.local/lib/python3.8/site-packages/airflow/example_dags/example_latest_only_with_trigger.py for tasks to queue
[2025-04-04T08:43:32.015+0000] {logging_mixin.py:188} INFO - [2025-04-04T08:43:32.014+0000] {dagbag.py:538} INFO - Filling up the DagBag from /home/airflow/.local/lib/python3.8/site-packages/airflow/example_dags/example_latest_only_with_trigger.py
[2025-04-04T08:43:32.021+0000] {processor.py:840} INFO - DAG(s) 'latest_only_with_trigger' retrieved from /home/airflow/.local/lib/python3.8/site-packages/airflow/example_dags/example_latest_only_with_trigger.py
[2025-04-04T08:43:32.132+0000] {logging_mixin.py:188} INFO - [2025-04-04T08:43:32.132+0000] {dag.py:3036} INFO - Sync 1 DAGs
[2025-04-04T08:43:32.152+0000] {logging_mixin.py:188} INFO - [2025-04-04T08:43:32.151+0000] {dag.py:3823} INFO - Setting next_dagrun for latest_only_with_trigger to 2025-04-04 04:00:00+00:00, run_after=2025-04-04 08:00:00+00:00
[2025-04-04T08:43:32.174+0000] {processor.py:183} INFO - Processing /home/airflow/.local/lib/python3.8/site-packages/airflow/example_dags/example_latest_only_with_trigger.py took 0.165 seconds
[2025-04-04T08:44:02.950+0000] {processor.py:161} INFO - Started process (PID=674) to work on /home/airflow/.local/lib/python3.8/site-packages/airflow/example_dags/example_latest_only_with_trigger.py
[2025-04-04T08:44:02.951+0000] {processor.py:830} INFO - Processing file /home/airflow/.local/lib/python3.8/site-packages/airflow/example_dags/example_latest_only_with_trigger.py for tasks to queue
[2025-04-04T08:44:02.952+0000] {logging_mixin.py:188} INFO - [2025-04-04T08:44:02.952+0000] {dagbag.py:538} INFO - Filling up the DagBag from /home/airflow/.local/lib/python3.8/site-packages/airflow/example_dags/example_latest_only_with_trigger.py
[2025-04-04T08:44:02.958+0000] {processor.py:840} INFO - DAG(s) 'latest_only_with_trigger' retrieved from /home/airflow/.local/lib/python3.8/site-packages/airflow/example_dags/example_latest_only_with_trigger.py
[2025-04-04T08:44:02.979+0000] {logging_mixin.py:188} INFO - [2025-04-04T08:44:02.978+0000] {dag.py:3036} INFO - Sync 1 DAGs
[2025-04-04T08:44:02.998+0000] {logging_mixin.py:188} INFO - [2025-04-04T08:44:02.998+0000] {dag.py:3823} INFO - Setting next_dagrun for latest_only_with_trigger to 2025-04-04 04:00:00+00:00, run_after=2025-04-04 08:00:00+00:00
[2025-04-04T08:44:03.017+0000] {processor.py:183} INFO - Processing /home/airflow/.local/lib/python3.8/site-packages/airflow/example_dags/example_latest_only_with_trigger.py took 0.070 seconds
[2025-04-04T08:44:33.270+0000] {processor.py:161} INFO - Started process (PID=921) to work on /home/airflow/.local/lib/python3.8/site-packages/airflow/example_dags/example_latest_only_with_trigger.py
[2025-04-04T08:44:33.271+0000] {processor.py:830} INFO - Processing file /home/airflow/.local/lib/python3.8/site-packages/airflow/example_dags/example_latest_only_with_trigger.py for tasks to queue
[2025-04-04T08:44:33.273+0000] {logging_mixin.py:188} INFO - [2025-04-04T08:44:33.272+0000] {dagbag.py:538} INFO - Filling up the DagBag from /home/airflow/.local/lib/python3.8/site-packages/airflow/example_dags/example_latest_only_with_trigger.py
[2025-04-04T08:44:33.284+0000] {processor.py:840} INFO - DAG(s) 'latest_only_with_trigger' retrieved from /home/airflow/.local/lib/python3.8/site-packages/airflow/example_dags/example_latest_only_with_trigger.py
[2025-04-04T08:44:33.313+0000] {logging_mixin.py:188} INFO - [2025-04-04T08:44:33.312+0000] {dag.py:3036} INFO - Sync 1 DAGs
[2025-04-04T08:44:33.347+0000] {logging_mixin.py:188} INFO - [2025-04-04T08:44:33.347+0000] {dag.py:3823} INFO - Setting next_dagrun for latest_only_with_trigger to 2025-04-04 04:00:00+00:00, run_after=2025-04-04 08:00:00+00:00
[2025-04-04T08:44:33.375+0000] {processor.py:183} INFO - Processing /home/airflow/.local/lib/python3.8/site-packages/airflow/example_dags/example_latest_only_with_trigger.py took 0.110 seconds
[2025-04-04T08:45:03.941+0000] {processor.py:161} INFO - Started process (PID=1168) to work on /home/airflow/.local/lib/python3.8/site-packages/airflow/example_dags/example_latest_only_with_trigger.py
[2025-04-04T08:45:03.942+0000] {processor.py:830} INFO - Processing file /home/airflow/.local/lib/python3.8/site-packages/airflow/example_dags/example_latest_only_with_trigger.py for tasks to queue
[2025-04-04T08:45:03.943+0000] {logging_mixin.py:188} INFO - [2025-04-04T08:45:03.943+0000] {dagbag.py:538} INFO - Filling up the DagBag from /home/airflow/.local/lib/python3.8/site-packages/airflow/example_dags/example_latest_only_with_trigger.py
[2025-04-04T08:45:03.950+0000] {processor.py:840} INFO - DAG(s) 'latest_only_with_trigger' retrieved from /home/airflow/.local/lib/python3.8/site-packages/airflow/example_dags/example_latest_only_with_trigger.py
[2025-04-04T08:45:03.977+0000] {logging_mixin.py:188} INFO - [2025-04-04T08:45:03.977+0000] {dag.py:3036} INFO - Sync 1 DAGs
[2025-04-04T08:45:04.002+0000] {logging_mixin.py:188} INFO - [2025-04-04T08:45:04.001+0000] {dag.py:3823} INFO - Setting next_dagrun for latest_only_with_trigger to 2025-04-04 04:00:00+00:00, run_after=2025-04-04 08:00:00+00:00
[2025-04-04T08:45:04.027+0000] {processor.py:183} INFO - Processing /home/airflow/.local/lib/python3.8/site-packages/airflow/example_dags/example_latest_only_with_trigger.py took 0.089 seconds
[2025-04-04T08:45:34.725+0000] {processor.py:161} INFO - Started process (PID=1415) to work on /home/airflow/.local/lib/python3.8/site-packages/airflow/example_dags/example_latest_only_with_trigger.py
[2025-04-04T08:45:34.725+0000] {processor.py:830} INFO - Processing file /home/airflow/.local/lib/python3.8/site-packages/airflow/example_dags/example_latest_only_with_trigger.py for tasks to queue
[2025-04-04T08:45:34.726+0000] {logging_mixin.py:188} INFO - [2025-04-04T08:45:34.726+0000] {dagbag.py:538} INFO - Filling up the DagBag from /home/airflow/.local/lib/python3.8/site-packages/airflow/example_dags/example_latest_only_with_trigger.py
[2025-04-04T08:45:34.731+0000] {processor.py:840} INFO - DAG(s) 'latest_only_with_trigger' retrieved from /home/airflow/.local/lib/python3.8/site-packages/airflow/example_dags/example_latest_only_with_trigger.py
[2025-04-04T08:45:34.753+0000] {logging_mixin.py:188} INFO - [2025-04-04T08:45:34.753+0000] {dag.py:3036} INFO - Sync 1 DAGs
[2025-04-04T08:45:34.772+0000] {logging_mixin.py:188} INFO - [2025-04-04T08:45:34.772+0000] {dag.py:3823} INFO - Setting next_dagrun for latest_only_with_trigger to 2025-04-04 04:00:00+00:00, run_after=2025-04-04 08:00:00+00:00
[2025-04-04T08:45:34.791+0000] {processor.py:183} INFO - Processing /home/airflow/.local/lib/python3.8/site-packages/airflow/example_dags/example_latest_only_with_trigger.py took 0.070 seconds
[2025-04-04T08:46:04.853+0000] {processor.py:161} INFO - Started process (PID=1662) to work on /home/airflow/.local/lib/python3.8/site-packages/airflow/example_dags/example_latest_only_with_trigger.py
[2025-04-04T08:46:04.854+0000] {processor.py:830} INFO - Processing file /home/airflow/.local/lib/python3.8/site-packages/airflow/example_dags/example_latest_only_with_trigger.py for tasks to queue
[2025-04-04T08:46:04.855+0000] {logging_mixin.py:188} INFO - [2025-04-04T08:46:04.855+0000] {dagbag.py:538} INFO - Filling up the DagBag from /home/airflow/.local/lib/python3.8/site-packages/airflow/example_dags/example_latest_only_with_trigger.py
[2025-04-04T08:46:04.860+0000] {processor.py:840} INFO - DAG(s) 'latest_only_with_trigger' retrieved from /home/airflow/.local/lib/python3.8/site-packages/airflow/example_dags/example_latest_only_with_trigger.py
[2025-04-04T08:46:04.881+0000] {logging_mixin.py:188} INFO - [2025-04-04T08:46:04.881+0000] {dag.py:3036} INFO - Sync 1 DAGs
[2025-04-04T08:46:04.901+0000] {logging_mixin.py:188} INFO - [2025-04-04T08:46:04.901+0000] {dag.py:3823} INFO - Setting next_dagrun for latest_only_with_trigger to 2025-04-04 04:00:00+00:00, run_after=2025-04-04 08:00:00+00:00
[2025-04-04T08:46:04.919+0000] {processor.py:183} INFO - Processing /home/airflow/.local/lib/python3.8/site-packages/airflow/example_dags/example_latest_only_with_trigger.py took 0.070 seconds
[2025-04-04T08:50:22.369+0000] {processor.py:161} INFO - Started process (PID=181) to work on /home/airflow/.local/lib/python3.8/site-packages/airflow/example_dags/example_latest_only_with_trigger.py
[2025-04-04T08:50:22.371+0000] {processor.py:830} INFO - Processing file /home/airflow/.local/lib/python3.8/site-packages/airflow/example_dags/example_latest_only_with_trigger.py for tasks to queue
[2025-04-04T08:50:22.372+0000] {logging_mixin.py:188} INFO - [2025-04-04T08:50:22.372+0000] {dagbag.py:538} INFO - Filling up the DagBag from /home/airflow/.local/lib/python3.8/site-packages/airflow/example_dags/example_latest_only_with_trigger.py
[2025-04-04T08:50:22.399+0000] {processor.py:840} INFO - DAG(s) 'latest_only_with_trigger' retrieved from /home/airflow/.local/lib/python3.8/site-packages/airflow/example_dags/example_latest_only_with_trigger.py
[2025-04-04T08:50:22.436+0000] {logging_mixin.py:188} INFO - [2025-04-04T08:50:22.436+0000] {dag.py:3036} INFO - Sync 1 DAGs
[2025-04-04T08:50:22.467+0000] {logging_mixin.py:188} INFO - [2025-04-04T08:50:22.467+0000] {dag.py:3823} INFO - Setting next_dagrun for latest_only_with_trigger to 2025-04-04 04:00:00+00:00, run_after=2025-04-04 08:00:00+00:00
[2025-04-04T08:50:22.490+0000] {processor.py:183} INFO - Processing /home/airflow/.local/lib/python3.8/site-packages/airflow/example_dags/example_latest_only_with_trigger.py took 0.126 seconds
[2025-04-04T08:50:52.540+0000] {processor.py:161} INFO - Started process (PID=428) to work on /home/airflow/.local/lib/python3.8/site-packages/airflow/example_dags/example_latest_only_with_trigger.py
[2025-04-04T08:50:52.541+0000] {processor.py:830} INFO - Processing file /home/airflow/.local/lib/python3.8/site-packages/airflow/example_dags/example_latest_only_with_trigger.py for tasks to queue
[2025-04-04T08:50:52.542+0000] {logging_mixin.py:188} INFO - [2025-04-04T08:50:52.542+0000] {dagbag.py:538} INFO - Filling up the DagBag from /home/airflow/.local/lib/python3.8/site-packages/airflow/example_dags/example_latest_only_with_trigger.py
[2025-04-04T08:50:52.549+0000] {processor.py:840} INFO - DAG(s) 'latest_only_with_trigger' retrieved from /home/airflow/.local/lib/python3.8/site-packages/airflow/example_dags/example_latest_only_with_trigger.py
[2025-04-04T08:50:52.745+0000] {logging_mixin.py:188} INFO - [2025-04-04T08:50:52.745+0000] {dag.py:3036} INFO - Sync 1 DAGs
[2025-04-04T08:50:52.763+0000] {logging_mixin.py:188} INFO - [2025-04-04T08:50:52.763+0000] {dag.py:3823} INFO - Setting next_dagrun for latest_only_with_trigger to 2025-04-04 04:00:00+00:00, run_after=2025-04-04 08:00:00+00:00
[2025-04-04T08:50:52.786+0000] {processor.py:183} INFO - Processing /home/airflow/.local/lib/python3.8/site-packages/airflow/example_dags/example_latest_only_with_trigger.py took 0.250 seconds
[2025-04-04T08:51:22.928+0000] {processor.py:161} INFO - Started process (PID=675) to work on /home/airflow/.local/lib/python3.8/site-packages/airflow/example_dags/example_latest_only_with_trigger.py
[2025-04-04T08:51:22.929+0000] {processor.py:830} INFO - Processing file /home/airflow/.local/lib/python3.8/site-packages/airflow/example_dags/example_latest_only_with_trigger.py for tasks to queue
[2025-04-04T08:51:22.930+0000] {logging_mixin.py:188} INFO - [2025-04-04T08:51:22.930+0000] {dagbag.py:538} INFO - Filling up the DagBag from /home/airflow/.local/lib/python3.8/site-packages/airflow/example_dags/example_latest_only_with_trigger.py
[2025-04-04T08:51:22.935+0000] {processor.py:840} INFO - DAG(s) 'latest_only_with_trigger' retrieved from /home/airflow/.local/lib/python3.8/site-packages/airflow/example_dags/example_latest_only_with_trigger.py
[2025-04-04T08:51:22.957+0000] {logging_mixin.py:188} INFO - [2025-04-04T08:51:22.957+0000] {dag.py:3036} INFO - Sync 1 DAGs
[2025-04-04T08:51:22.976+0000] {logging_mixin.py:188} INFO - [2025-04-04T08:51:22.976+0000] {dag.py:3823} INFO - Setting next_dagrun for latest_only_with_trigger to 2025-04-04 04:00:00+00:00, run_after=2025-04-04 08:00:00+00:00
[2025-04-04T08:51:22.998+0000] {processor.py:183} INFO - Processing /home/airflow/.local/lib/python3.8/site-packages/airflow/example_dags/example_latest_only_with_trigger.py took 0.073 seconds
[2025-04-04T08:51:53.286+0000] {processor.py:161} INFO - Started process (PID=922) to work on /home/airflow/.local/lib/python3.8/site-packages/airflow/example_dags/example_latest_only_with_trigger.py
[2025-04-04T08:51:53.383+0000] {processor.py:830} INFO - Processing file /home/airflow/.local/lib/python3.8/site-packages/airflow/example_dags/example_latest_only_with_trigger.py for tasks to queue
[2025-04-04T08:51:53.385+0000] {logging_mixin.py:188} INFO - [2025-04-04T08:51:53.385+0000] {dagbag.py:538} INFO - Filling up the DagBag from /home/airflow/.local/lib/python3.8/site-packages/airflow/example_dags/example_latest_only_with_trigger.py
[2025-04-04T08:51:53.403+0000] {processor.py:840} INFO - DAG(s) 'latest_only_with_trigger' retrieved from /home/airflow/.local/lib/python3.8/site-packages/airflow/example_dags/example_latest_only_with_trigger.py
[2025-04-04T08:51:53.455+0000] {logging_mixin.py:188} INFO - [2025-04-04T08:51:53.454+0000] {dag.py:3036} INFO - Sync 1 DAGs
[2025-04-04T08:51:53.536+0000] {logging_mixin.py:188} INFO - [2025-04-04T08:51:53.535+0000] {dag.py:3823} INFO - Setting next_dagrun for latest_only_with_trigger to 2025-04-04 04:00:00+00:00, run_after=2025-04-04 08:00:00+00:00
[2025-04-04T08:51:53.623+0000] {processor.py:183} INFO - Processing /home/airflow/.local/lib/python3.8/site-packages/airflow/example_dags/example_latest_only_with_trigger.py took 0.359 seconds
[2025-04-04T08:52:23.691+0000] {processor.py:161} INFO - Started process (PID=1169) to work on /home/airflow/.local/lib/python3.8/site-packages/airflow/example_dags/example_latest_only_with_trigger.py
[2025-04-04T08:52:23.693+0000] {processor.py:830} INFO - Processing file /home/airflow/.local/lib/python3.8/site-packages/airflow/example_dags/example_latest_only_with_trigger.py for tasks to queue
[2025-04-04T08:52:23.694+0000] {logging_mixin.py:188} INFO - [2025-04-04T08:52:23.693+0000] {dagbag.py:538} INFO - Filling up the DagBag from /home/airflow/.local/lib/python3.8/site-packages/airflow/example_dags/example_latest_only_with_trigger.py
[2025-04-04T08:52:23.704+0000] {processor.py:840} INFO - DAG(s) 'latest_only_with_trigger' retrieved from /home/airflow/.local/lib/python3.8/site-packages/airflow/example_dags/example_latest_only_with_trigger.py
[2025-04-04T08:52:23.731+0000] {logging_mixin.py:188} INFO - [2025-04-04T08:52:23.731+0000] {dag.py:3036} INFO - Sync 1 DAGs
[2025-04-04T08:52:23.764+0000] {logging_mixin.py:188} INFO - [2025-04-04T08:52:23.764+0000] {dag.py:3823} INFO - Setting next_dagrun for latest_only_with_trigger to 2025-04-04 04:00:00+00:00, run_after=2025-04-04 08:00:00+00:00
[2025-04-04T08:52:23.794+0000] {processor.py:183} INFO - Processing /home/airflow/.local/lib/python3.8/site-packages/airflow/example_dags/example_latest_only_with_trigger.py took 0.107 seconds
[2025-04-04T08:52:54.228+0000] {processor.py:161} INFO - Started process (PID=1416) to work on /home/airflow/.local/lib/python3.8/site-packages/airflow/example_dags/example_latest_only_with_trigger.py
[2025-04-04T08:52:54.230+0000] {processor.py:830} INFO - Processing file /home/airflow/.local/lib/python3.8/site-packages/airflow/example_dags/example_latest_only_with_trigger.py for tasks to queue
[2025-04-04T08:52:54.231+0000] {logging_mixin.py:188} INFO - [2025-04-04T08:52:54.230+0000] {dagbag.py:538} INFO - Filling up the DagBag from /home/airflow/.local/lib/python3.8/site-packages/airflow/example_dags/example_latest_only_with_trigger.py
[2025-04-04T08:52:54.236+0000] {processor.py:840} INFO - DAG(s) 'latest_only_with_trigger' retrieved from /home/airflow/.local/lib/python3.8/site-packages/airflow/example_dags/example_latest_only_with_trigger.py
[2025-04-04T08:52:54.258+0000] {logging_mixin.py:188} INFO - [2025-04-04T08:52:54.258+0000] {dag.py:3036} INFO - Sync 1 DAGs
[2025-04-04T08:52:54.280+0000] {logging_mixin.py:188} INFO - [2025-04-04T08:52:54.280+0000] {dag.py:3823} INFO - Setting next_dagrun for latest_only_with_trigger to 2025-04-04 04:00:00+00:00, run_after=2025-04-04 08:00:00+00:00
[2025-04-04T08:52:54.299+0000] {processor.py:183} INFO - Processing /home/airflow/.local/lib/python3.8/site-packages/airflow/example_dags/example_latest_only_with_trigger.py took 0.074 seconds
[2025-04-04T08:53:24.868+0000] {processor.py:161} INFO - Started process (PID=1669) to work on /home/airflow/.local/lib/python3.8/site-packages/airflow/example_dags/example_latest_only_with_trigger.py
[2025-04-04T08:53:24.870+0000] {processor.py:830} INFO - Processing file /home/airflow/.local/lib/python3.8/site-packages/airflow/example_dags/example_latest_only_with_trigger.py for tasks to queue
[2025-04-04T08:53:24.871+0000] {logging_mixin.py:188} INFO - [2025-04-04T08:53:24.870+0000] {dagbag.py:538} INFO - Filling up the DagBag from /home/airflow/.local/lib/python3.8/site-packages/airflow/example_dags/example_latest_only_with_trigger.py
[2025-04-04T08:53:24.876+0000] {processor.py:840} INFO - DAG(s) 'latest_only_with_trigger' retrieved from /home/airflow/.local/lib/python3.8/site-packages/airflow/example_dags/example_latest_only_with_trigger.py
[2025-04-04T08:53:24.897+0000] {logging_mixin.py:188} INFO - [2025-04-04T08:53:24.897+0000] {dag.py:3036} INFO - Sync 1 DAGs
[2025-04-04T08:53:24.919+0000] {logging_mixin.py:188} INFO - [2025-04-04T08:53:24.918+0000] {dag.py:3823} INFO - Setting next_dagrun for latest_only_with_trigger to 2025-04-04 04:00:00+00:00, run_after=2025-04-04 08:00:00+00:00
[2025-04-04T08:53:24.939+0000] {processor.py:183} INFO - Processing /home/airflow/.local/lib/python3.8/site-packages/airflow/example_dags/example_latest_only_with_trigger.py took 0.075 seconds
[2025-04-04T08:53:55.247+0000] {processor.py:161} INFO - Started process (PID=1916) to work on /home/airflow/.local/lib/python3.8/site-packages/airflow/example_dags/example_latest_only_with_trigger.py
[2025-04-04T08:53:55.248+0000] {processor.py:830} INFO - Processing file /home/airflow/.local/lib/python3.8/site-packages/airflow/example_dags/example_latest_only_with_trigger.py for tasks to queue
[2025-04-04T08:53:55.249+0000] {logging_mixin.py:188} INFO - [2025-04-04T08:53:55.249+0000] {dagbag.py:538} INFO - Filling up the DagBag from /home/airflow/.local/lib/python3.8/site-packages/airflow/example_dags/example_latest_only_with_trigger.py
[2025-04-04T08:53:55.256+0000] {processor.py:840} INFO - DAG(s) 'latest_only_with_trigger' retrieved from /home/airflow/.local/lib/python3.8/site-packages/airflow/example_dags/example_latest_only_with_trigger.py
[2025-04-04T08:53:55.278+0000] {logging_mixin.py:188} INFO - [2025-04-04T08:53:55.278+0000] {dag.py:3036} INFO - Sync 1 DAGs
[2025-04-04T08:53:55.302+0000] {logging_mixin.py:188} INFO - [2025-04-04T08:53:55.301+0000] {dag.py:3823} INFO - Setting next_dagrun for latest_only_with_trigger to 2025-04-04 04:00:00+00:00, run_after=2025-04-04 08:00:00+00:00
[2025-04-04T08:53:55.323+0000] {processor.py:183} INFO - Processing /home/airflow/.local/lib/python3.8/site-packages/airflow/example_dags/example_latest_only_with_trigger.py took 0.079 seconds
[2025-04-04T08:54:25.492+0000] {processor.py:161} INFO - Started process (PID=2163) to work on /home/airflow/.local/lib/python3.8/site-packages/airflow/example_dags/example_latest_only_with_trigger.py
[2025-04-04T08:54:25.520+0000] {processor.py:830} INFO - Processing file /home/airflow/.local/lib/python3.8/site-packages/airflow/example_dags/example_latest_only_with_trigger.py for tasks to queue
[2025-04-04T08:54:25.522+0000] {logging_mixin.py:188} INFO - [2025-04-04T08:54:25.521+0000] {dagbag.py:538} INFO - Filling up the DagBag from /home/airflow/.local/lib/python3.8/site-packages/airflow/example_dags/example_latest_only_with_trigger.py
[2025-04-04T08:54:25.574+0000] {processor.py:840} INFO - DAG(s) 'latest_only_with_trigger' retrieved from /home/airflow/.local/lib/python3.8/site-packages/airflow/example_dags/example_latest_only_with_trigger.py
[2025-04-04T08:54:25.730+0000] {logging_mixin.py:188} INFO - [2025-04-04T08:54:25.729+0000] {dag.py:3036} INFO - Sync 1 DAGs
[2025-04-04T08:54:25.901+0000] {logging_mixin.py:188} INFO - [2025-04-04T08:54:25.901+0000] {dag.py:3823} INFO - Setting next_dagrun for latest_only_with_trigger to 2025-04-04 04:00:00+00:00, run_after=2025-04-04 08:00:00+00:00
[2025-04-04T08:54:25.992+0000] {processor.py:183} INFO - Processing /home/airflow/.local/lib/python3.8/site-packages/airflow/example_dags/example_latest_only_with_trigger.py took 0.506 seconds
[2025-04-04T08:54:56.106+0000] {processor.py:161} INFO - Started process (PID=2410) to work on /home/airflow/.local/lib/python3.8/site-packages/airflow/example_dags/example_latest_only_with_trigger.py
[2025-04-04T08:54:56.109+0000] {processor.py:830} INFO - Processing file /home/airflow/.local/lib/python3.8/site-packages/airflow/example_dags/example_latest_only_with_trigger.py for tasks to queue
[2025-04-04T08:54:56.113+0000] {logging_mixin.py:188} INFO - [2025-04-04T08:54:56.112+0000] {dagbag.py:538} INFO - Filling up the DagBag from /home/airflow/.local/lib/python3.8/site-packages/airflow/example_dags/example_latest_only_with_trigger.py
[2025-04-04T08:54:56.136+0000] {processor.py:840} INFO - DAG(s) 'latest_only_with_trigger' retrieved from /home/airflow/.local/lib/python3.8/site-packages/airflow/example_dags/example_latest_only_with_trigger.py
[2025-04-04T08:54:56.181+0000] {logging_mixin.py:188} INFO - [2025-04-04T08:54:56.180+0000] {dag.py:3036} INFO - Sync 1 DAGs
[2025-04-04T08:54:56.244+0000] {logging_mixin.py:188} INFO - [2025-04-04T08:54:56.243+0000] {dag.py:3823} INFO - Setting next_dagrun for latest_only_with_trigger to 2025-04-04 04:00:00+00:00, run_after=2025-04-04 08:00:00+00:00
[2025-04-04T08:54:56.275+0000] {processor.py:183} INFO - Processing /home/airflow/.local/lib/python3.8/site-packages/airflow/example_dags/example_latest_only_with_trigger.py took 0.181 seconds
[2025-04-04T08:55:26.464+0000] {processor.py:161} INFO - Started process (PID=2657) to work on /home/airflow/.local/lib/python3.8/site-packages/airflow/example_dags/example_latest_only_with_trigger.py
[2025-04-04T08:55:26.466+0000] {processor.py:830} INFO - Processing file /home/airflow/.local/lib/python3.8/site-packages/airflow/example_dags/example_latest_only_with_trigger.py for tasks to queue
[2025-04-04T08:55:26.467+0000] {logging_mixin.py:188} INFO - [2025-04-04T08:55:26.467+0000] {dagbag.py:538} INFO - Filling up the DagBag from /home/airflow/.local/lib/python3.8/site-packages/airflow/example_dags/example_latest_only_with_trigger.py
[2025-04-04T08:55:26.477+0000] {processor.py:840} INFO - DAG(s) 'latest_only_with_trigger' retrieved from /home/airflow/.local/lib/python3.8/site-packages/airflow/example_dags/example_latest_only_with_trigger.py
[2025-04-04T08:55:26.506+0000] {logging_mixin.py:188} INFO - [2025-04-04T08:55:26.506+0000] {dag.py:3036} INFO - Sync 1 DAGs
[2025-04-04T08:55:26.530+0000] {logging_mixin.py:188} INFO - [2025-04-04T08:55:26.529+0000] {dag.py:3823} INFO - Setting next_dagrun for latest_only_with_trigger to 2025-04-04 04:00:00+00:00, run_after=2025-04-04 08:00:00+00:00
[2025-04-04T08:55:26.554+0000] {processor.py:183} INFO - Processing /home/airflow/.local/lib/python3.8/site-packages/airflow/example_dags/example_latest_only_with_trigger.py took 0.095 seconds
[2025-04-04T08:55:56.717+0000] {processor.py:161} INFO - Started process (PID=2904) to work on /home/airflow/.local/lib/python3.8/site-packages/airflow/example_dags/example_latest_only_with_trigger.py
[2025-04-04T08:55:56.719+0000] {processor.py:830} INFO - Processing file /home/airflow/.local/lib/python3.8/site-packages/airflow/example_dags/example_latest_only_with_trigger.py for tasks to queue
[2025-04-04T08:55:56.720+0000] {logging_mixin.py:188} INFO - [2025-04-04T08:55:56.720+0000] {dagbag.py:538} INFO - Filling up the DagBag from /home/airflow/.local/lib/python3.8/site-packages/airflow/example_dags/example_latest_only_with_trigger.py
[2025-04-04T08:55:56.761+0000] {processor.py:840} INFO - DAG(s) 'latest_only_with_trigger' retrieved from /home/airflow/.local/lib/python3.8/site-packages/airflow/example_dags/example_latest_only_with_trigger.py
[2025-04-04T08:55:56.788+0000] {logging_mixin.py:188} INFO - [2025-04-04T08:55:56.787+0000] {dag.py:3036} INFO - Sync 1 DAGs
[2025-04-04T08:55:56.819+0000] {logging_mixin.py:188} INFO - [2025-04-04T08:55:56.819+0000] {dag.py:3823} INFO - Setting next_dagrun for latest_only_with_trigger to 2025-04-04 04:00:00+00:00, run_after=2025-04-04 08:00:00+00:00
[2025-04-04T08:55:56.843+0000] {processor.py:183} INFO - Processing /home/airflow/.local/lib/python3.8/site-packages/airflow/example_dags/example_latest_only_with_trigger.py took 0.129 seconds
[2025-04-04T09:14:05.971+0000] {processor.py:161} INFO - Started process (PID=199) to work on /home/airflow/.local/lib/python3.8/site-packages/airflow/example_dags/example_latest_only_with_trigger.py
[2025-04-04T09:14:05.979+0000] {processor.py:830} INFO - Processing file /home/airflow/.local/lib/python3.8/site-packages/airflow/example_dags/example_latest_only_with_trigger.py for tasks to queue
[2025-04-04T09:14:05.984+0000] {logging_mixin.py:188} INFO - [2025-04-04T09:14:05.983+0000] {dagbag.py:538} INFO - Filling up the DagBag from /home/airflow/.local/lib/python3.8/site-packages/airflow/example_dags/example_latest_only_with_trigger.py
[2025-04-04T09:14:06.173+0000] {processor.py:840} INFO - DAG(s) 'latest_only_with_trigger' retrieved from /home/airflow/.local/lib/python3.8/site-packages/airflow/example_dags/example_latest_only_with_trigger.py
[2025-04-04T09:14:07.692+0000] {logging_mixin.py:188} INFO - [2025-04-04T09:14:07.692+0000] {dag.py:3036} INFO - Sync 1 DAGs
[2025-04-04T09:14:07.780+0000] {logging_mixin.py:188} INFO - [2025-04-04T09:14:07.780+0000] {dag.py:3823} INFO - Setting next_dagrun for latest_only_with_trigger to 2025-04-04 04:00:00+00:00, run_after=2025-04-04 08:00:00+00:00
[2025-04-04T09:14:07.838+0000] {processor.py:183} INFO - Processing /home/airflow/.local/lib/python3.8/site-packages/airflow/example_dags/example_latest_only_with_trigger.py took 1.931 seconds
[2025-04-04T09:14:38.697+0000] {processor.py:161} INFO - Started process (PID=454) to work on /home/airflow/.local/lib/python3.8/site-packages/airflow/example_dags/example_latest_only_with_trigger.py
[2025-04-04T09:14:38.702+0000] {processor.py:830} INFO - Processing file /home/airflow/.local/lib/python3.8/site-packages/airflow/example_dags/example_latest_only_with_trigger.py for tasks to queue
[2025-04-04T09:14:38.704+0000] {logging_mixin.py:188} INFO - [2025-04-04T09:14:38.704+0000] {dagbag.py:538} INFO - Filling up the DagBag from /home/airflow/.local/lib/python3.8/site-packages/airflow/example_dags/example_latest_only_with_trigger.py
[2025-04-04T09:14:38.737+0000] {processor.py:840} INFO - DAG(s) 'latest_only_with_trigger' retrieved from /home/airflow/.local/lib/python3.8/site-packages/airflow/example_dags/example_latest_only_with_trigger.py
[2025-04-04T09:14:38.822+0000] {logging_mixin.py:188} INFO - [2025-04-04T09:14:38.822+0000] {dag.py:3036} INFO - Sync 1 DAGs
[2025-04-04T09:14:38.903+0000] {logging_mixin.py:188} INFO - [2025-04-04T09:14:38.903+0000] {dag.py:3823} INFO - Setting next_dagrun for latest_only_with_trigger to 2025-04-04 04:00:00+00:00, run_after=2025-04-04 08:00:00+00:00
[2025-04-04T09:14:38.946+0000] {processor.py:183} INFO - Processing /home/airflow/.local/lib/python3.8/site-packages/airflow/example_dags/example_latest_only_with_trigger.py took 0.295 seconds
[2025-04-04T09:15:09.355+0000] {processor.py:161} INFO - Started process (PID=701) to work on /home/airflow/.local/lib/python3.8/site-packages/airflow/example_dags/example_latest_only_with_trigger.py
[2025-04-04T09:15:09.357+0000] {processor.py:830} INFO - Processing file /home/airflow/.local/lib/python3.8/site-packages/airflow/example_dags/example_latest_only_with_trigger.py for tasks to queue
[2025-04-04T09:15:09.359+0000] {logging_mixin.py:188} INFO - [2025-04-04T09:15:09.358+0000] {dagbag.py:538} INFO - Filling up the DagBag from /home/airflow/.local/lib/python3.8/site-packages/airflow/example_dags/example_latest_only_with_trigger.py
[2025-04-04T09:15:09.410+0000] {processor.py:840} INFO - DAG(s) 'latest_only_with_trigger' retrieved from /home/airflow/.local/lib/python3.8/site-packages/airflow/example_dags/example_latest_only_with_trigger.py
[2025-04-04T09:15:09.481+0000] {logging_mixin.py:188} INFO - [2025-04-04T09:15:09.480+0000] {dag.py:3036} INFO - Sync 1 DAGs
[2025-04-04T09:15:09.559+0000] {logging_mixin.py:188} INFO - [2025-04-04T09:15:09.559+0000] {dag.py:3823} INFO - Setting next_dagrun for latest_only_with_trigger to 2025-04-04 04:00:00+00:00, run_after=2025-04-04 08:00:00+00:00
[2025-04-04T09:15:09.593+0000] {processor.py:183} INFO - Processing /home/airflow/.local/lib/python3.8/site-packages/airflow/example_dags/example_latest_only_with_trigger.py took 0.258 seconds
[2025-04-04T09:15:40.259+0000] {processor.py:161} INFO - Started process (PID=948) to work on /home/airflow/.local/lib/python3.8/site-packages/airflow/example_dags/example_latest_only_with_trigger.py
[2025-04-04T09:15:40.260+0000] {processor.py:830} INFO - Processing file /home/airflow/.local/lib/python3.8/site-packages/airflow/example_dags/example_latest_only_with_trigger.py for tasks to queue
[2025-04-04T09:15:40.261+0000] {logging_mixin.py:188} INFO - [2025-04-04T09:15:40.261+0000] {dagbag.py:538} INFO - Filling up the DagBag from /home/airflow/.local/lib/python3.8/site-packages/airflow/example_dags/example_latest_only_with_trigger.py
[2025-04-04T09:15:40.271+0000] {processor.py:840} INFO - DAG(s) 'latest_only_with_trigger' retrieved from /home/airflow/.local/lib/python3.8/site-packages/airflow/example_dags/example_latest_only_with_trigger.py
[2025-04-04T09:15:40.379+0000] {logging_mixin.py:188} INFO - [2025-04-04T09:15:40.379+0000] {dag.py:3036} INFO - Sync 1 DAGs
[2025-04-04T09:15:40.443+0000] {logging_mixin.py:188} INFO - [2025-04-04T09:15:40.443+0000] {dag.py:3823} INFO - Setting next_dagrun for latest_only_with_trigger to 2025-04-04 04:00:00+00:00, run_after=2025-04-04 08:00:00+00:00
[2025-04-04T09:15:40.482+0000] {processor.py:183} INFO - Processing /home/airflow/.local/lib/python3.8/site-packages/airflow/example_dags/example_latest_only_with_trigger.py took 0.246 seconds
[2025-04-04T09:16:10.840+0000] {processor.py:161} INFO - Started process (PID=1195) to work on /home/airflow/.local/lib/python3.8/site-packages/airflow/example_dags/example_latest_only_with_trigger.py
[2025-04-04T09:16:10.841+0000] {processor.py:830} INFO - Processing file /home/airflow/.local/lib/python3.8/site-packages/airflow/example_dags/example_latest_only_with_trigger.py for tasks to queue
[2025-04-04T09:16:10.842+0000] {logging_mixin.py:188} INFO - [2025-04-04T09:16:10.841+0000] {dagbag.py:538} INFO - Filling up the DagBag from /home/airflow/.local/lib/python3.8/site-packages/airflow/example_dags/example_latest_only_with_trigger.py
[2025-04-04T09:16:10.848+0000] {processor.py:840} INFO - DAG(s) 'latest_only_with_trigger' retrieved from /home/airflow/.local/lib/python3.8/site-packages/airflow/example_dags/example_latest_only_with_trigger.py
[2025-04-04T09:16:10.870+0000] {logging_mixin.py:188} INFO - [2025-04-04T09:16:10.870+0000] {dag.py:3036} INFO - Sync 1 DAGs
[2025-04-04T09:16:10.909+0000] {logging_mixin.py:188} INFO - [2025-04-04T09:16:10.909+0000] {dag.py:3823} INFO - Setting next_dagrun for latest_only_with_trigger to 2025-04-04 04:00:00+00:00, run_after=2025-04-04 08:00:00+00:00
[2025-04-04T09:16:10.936+0000] {processor.py:183} INFO - Processing /home/airflow/.local/lib/python3.8/site-packages/airflow/example_dags/example_latest_only_with_trigger.py took 0.099 seconds
