[2025-04-04T08:35:48.403+0000] {processor.py:161} INFO - Started process (PID=305) to work on /home/airflow/.local/lib/python3.8/site-packages/airflow/example_dags/example_params_trigger_ui.py
[2025-04-04T08:35:48.405+0000] {processor.py:830} INFO - Processing file /home/airflow/.local/lib/python3.8/site-packages/airflow/example_dags/example_params_trigger_ui.py for tasks to queue
[2025-04-04T08:35:48.409+0000] {logging_mixin.py:188} INFO - [2025-04-04T08:35:48.408+0000] {dagbag.py:538} INFO - Filling up the DagBag from /home/airflow/.local/lib/python3.8/site-packages/airflow/example_dags/example_params_trigger_ui.py
[2025-04-04T08:35:48.456+0000] {processor.py:840} INFO - DAG(s) 'example_params_trigger_ui' retrieved from /home/airflow/.local/lib/python3.8/site-packages/airflow/example_dags/example_params_trigger_ui.py
[2025-04-04T08:35:48.767+0000] {logging_mixin.py:188} INFO - [2025-04-04T08:35:48.766+0000] {override.py:1769} INFO - Created Permission View: can edit on DAG:example_params_trigger_ui
[2025-04-04T08:35:48.789+0000] {logging_mixin.py:188} INFO - [2025-04-04T08:35:48.789+0000] {override.py:1769} INFO - Created Permission View: can read on DAG:example_params_trigger_ui
[2025-04-04T08:35:48.804+0000] {logging_mixin.py:188} INFO - [2025-04-04T08:35:48.804+0000] {override.py:1769} INFO - Created Permission View: can delete on DAG:example_params_trigger_ui
[2025-04-04T08:35:48.806+0000] {logging_mixin.py:188} INFO - [2025-04-04T08:35:48.805+0000] {dag.py:3036} INFO - Sync 1 DAGs
[2025-04-04T08:35:48.843+0000] {logging_mixin.py:188} INFO - [2025-04-04T08:35:48.842+0000] {dag.py:3058} INFO - Creating ORM DAG for example_params_trigger_ui
[2025-04-04T08:35:48.846+0000] {logging_mixin.py:188} INFO - [2025-04-04T08:35:48.846+0000] {dag.py:3823} INFO - Setting next_dagrun for example_params_trigger_ui to None, run_after=None
[2025-04-04T08:35:48.890+0000] {processor.py:183} INFO - Processing /home/airflow/.local/lib/python3.8/site-packages/airflow/example_dags/example_params_trigger_ui.py took 0.503 seconds
[2025-04-04T08:36:19.048+0000] {processor.py:161} INFO - Started process (PID=552) to work on /home/airflow/.local/lib/python3.8/site-packages/airflow/example_dags/example_params_trigger_ui.py
[2025-04-04T08:36:19.049+0000] {processor.py:830} INFO - Processing file /home/airflow/.local/lib/python3.8/site-packages/airflow/example_dags/example_params_trigger_ui.py for tasks to queue
[2025-04-04T08:36:19.050+0000] {logging_mixin.py:188} INFO - [2025-04-04T08:36:19.050+0000] {dagbag.py:538} INFO - Filling up the DagBag from /home/airflow/.local/lib/python3.8/site-packages/airflow/example_dags/example_params_trigger_ui.py
[2025-04-04T08:36:19.063+0000] {processor.py:840} INFO - DAG(s) 'example_params_trigger_ui' retrieved from /home/airflow/.local/lib/python3.8/site-packages/airflow/example_dags/example_params_trigger_ui.py
[2025-04-04T08:36:19.115+0000] {logging_mixin.py:188} INFO - [2025-04-04T08:36:19.114+0000] {dag.py:3036} INFO - Sync 1 DAGs
[2025-04-04T08:36:19.129+0000] {logging_mixin.py:188} INFO - [2025-04-04T08:36:19.128+0000] {dag.py:3823} INFO - Setting next_dagrun for example_params_trigger_ui to None, run_after=None
[2025-04-04T08:36:19.167+0000] {processor.py:183} INFO - Processing /home/airflow/.local/lib/python3.8/site-packages/airflow/example_dags/example_params_trigger_ui.py took 0.122 seconds
[2025-04-04T08:36:49.759+0000] {processor.py:161} INFO - Started process (PID=799) to work on /home/airflow/.local/lib/python3.8/site-packages/airflow/example_dags/example_params_trigger_ui.py
[2025-04-04T08:36:49.760+0000] {processor.py:830} INFO - Processing file /home/airflow/.local/lib/python3.8/site-packages/airflow/example_dags/example_params_trigger_ui.py for tasks to queue
[2025-04-04T08:36:49.761+0000] {logging_mixin.py:188} INFO - [2025-04-04T08:36:49.761+0000] {dagbag.py:538} INFO - Filling up the DagBag from /home/airflow/.local/lib/python3.8/site-packages/airflow/example_dags/example_params_trigger_ui.py
[2025-04-04T08:36:49.774+0000] {processor.py:840} INFO - DAG(s) 'example_params_trigger_ui' retrieved from /home/airflow/.local/lib/python3.8/site-packages/airflow/example_dags/example_params_trigger_ui.py
[2025-04-04T08:36:49.824+0000] {logging_mixin.py:188} INFO - [2025-04-04T08:36:49.824+0000] {dag.py:3036} INFO - Sync 1 DAGs
[2025-04-04T08:36:49.836+0000] {logging_mixin.py:188} INFO - [2025-04-04T08:36:49.835+0000] {dag.py:3823} INFO - Setting next_dagrun for example_params_trigger_ui to None, run_after=None
[2025-04-04T08:36:49.858+0000] {processor.py:183} INFO - Processing /home/airflow/.local/lib/python3.8/site-packages/airflow/example_dags/example_params_trigger_ui.py took 0.102 seconds
[2025-04-04T08:37:20.638+0000] {processor.py:161} INFO - Started process (PID=1046) to work on /home/airflow/.local/lib/python3.8/site-packages/airflow/example_dags/example_params_trigger_ui.py
[2025-04-04T08:37:20.639+0000] {processor.py:830} INFO - Processing file /home/airflow/.local/lib/python3.8/site-packages/airflow/example_dags/example_params_trigger_ui.py for tasks to queue
[2025-04-04T08:37:20.641+0000] {logging_mixin.py:188} INFO - [2025-04-04T08:37:20.640+0000] {dagbag.py:538} INFO - Filling up the DagBag from /home/airflow/.local/lib/python3.8/site-packages/airflow/example_dags/example_params_trigger_ui.py
[2025-04-04T08:37:20.657+0000] {processor.py:840} INFO - DAG(s) 'example_params_trigger_ui' retrieved from /home/airflow/.local/lib/python3.8/site-packages/airflow/example_dags/example_params_trigger_ui.py
[2025-04-04T08:37:20.717+0000] {logging_mixin.py:188} INFO - [2025-04-04T08:37:20.717+0000] {dag.py:3036} INFO - Sync 1 DAGs
[2025-04-04T08:37:20.732+0000] {logging_mixin.py:188} INFO - [2025-04-04T08:37:20.732+0000] {dag.py:3823} INFO - Setting next_dagrun for example_params_trigger_ui to None, run_after=None
[2025-04-04T08:37:20.753+0000] {processor.py:183} INFO - Processing /home/airflow/.local/lib/python3.8/site-packages/airflow/example_dags/example_params_trigger_ui.py took 0.119 seconds
[2025-04-04T08:37:50.824+0000] {processor.py:161} INFO - Started process (PID=1293) to work on /home/airflow/.local/lib/python3.8/site-packages/airflow/example_dags/example_params_trigger_ui.py
[2025-04-04T08:37:50.825+0000] {processor.py:830} INFO - Processing file /home/airflow/.local/lib/python3.8/site-packages/airflow/example_dags/example_params_trigger_ui.py for tasks to queue
[2025-04-04T08:37:50.826+0000] {logging_mixin.py:188} INFO - [2025-04-04T08:37:50.826+0000] {dagbag.py:538} INFO - Filling up the DagBag from /home/airflow/.local/lib/python3.8/site-packages/airflow/example_dags/example_params_trigger_ui.py
[2025-04-04T08:37:50.840+0000] {processor.py:840} INFO - DAG(s) 'example_params_trigger_ui' retrieved from /home/airflow/.local/lib/python3.8/site-packages/airflow/example_dags/example_params_trigger_ui.py
[2025-04-04T08:37:50.890+0000] {logging_mixin.py:188} INFO - [2025-04-04T08:37:50.890+0000] {dag.py:3036} INFO - Sync 1 DAGs
[2025-04-04T08:37:50.902+0000] {logging_mixin.py:188} INFO - [2025-04-04T08:37:50.902+0000] {dag.py:3823} INFO - Setting next_dagrun for example_params_trigger_ui to None, run_after=None
[2025-04-04T08:37:50.972+0000] {processor.py:183} INFO - Processing /home/airflow/.local/lib/python3.8/site-packages/airflow/example_dags/example_params_trigger_ui.py took 0.152 seconds
[2025-04-04T08:38:21.075+0000] {processor.py:161} INFO - Started process (PID=1540) to work on /home/airflow/.local/lib/python3.8/site-packages/airflow/example_dags/example_params_trigger_ui.py
[2025-04-04T08:38:21.076+0000] {processor.py:830} INFO - Processing file /home/airflow/.local/lib/python3.8/site-packages/airflow/example_dags/example_params_trigger_ui.py for tasks to queue
[2025-04-04T08:38:21.077+0000] {logging_mixin.py:188} INFO - [2025-04-04T08:38:21.076+0000] {dagbag.py:538} INFO - Filling up the DagBag from /home/airflow/.local/lib/python3.8/site-packages/airflow/example_dags/example_params_trigger_ui.py
[2025-04-04T08:38:21.090+0000] {processor.py:840} INFO - DAG(s) 'example_params_trigger_ui' retrieved from /home/airflow/.local/lib/python3.8/site-packages/airflow/example_dags/example_params_trigger_ui.py
[2025-04-04T08:38:21.152+0000] {logging_mixin.py:188} INFO - [2025-04-04T08:38:21.151+0000] {dag.py:3036} INFO - Sync 1 DAGs
[2025-04-04T08:38:21.168+0000] {logging_mixin.py:188} INFO - [2025-04-04T08:38:21.168+0000] {dag.py:3823} INFO - Setting next_dagrun for example_params_trigger_ui to None, run_after=None
[2025-04-04T08:38:21.248+0000] {processor.py:183} INFO - Processing /home/airflow/.local/lib/python3.8/site-packages/airflow/example_dags/example_params_trigger_ui.py took 0.177 seconds
[2025-04-04T08:38:51.581+0000] {processor.py:161} INFO - Started process (PID=1787) to work on /home/airflow/.local/lib/python3.8/site-packages/airflow/example_dags/example_params_trigger_ui.py
[2025-04-04T08:38:51.583+0000] {processor.py:830} INFO - Processing file /home/airflow/.local/lib/python3.8/site-packages/airflow/example_dags/example_params_trigger_ui.py for tasks to queue
[2025-04-04T08:38:51.584+0000] {logging_mixin.py:188} INFO - [2025-04-04T08:38:51.584+0000] {dagbag.py:538} INFO - Filling up the DagBag from /home/airflow/.local/lib/python3.8/site-packages/airflow/example_dags/example_params_trigger_ui.py
[2025-04-04T08:38:51.598+0000] {processor.py:840} INFO - DAG(s) 'example_params_trigger_ui' retrieved from /home/airflow/.local/lib/python3.8/site-packages/airflow/example_dags/example_params_trigger_ui.py
[2025-04-04T08:38:51.657+0000] {logging_mixin.py:188} INFO - [2025-04-04T08:38:51.656+0000] {dag.py:3036} INFO - Sync 1 DAGs
[2025-04-04T08:38:51.670+0000] {logging_mixin.py:188} INFO - [2025-04-04T08:38:51.669+0000] {dag.py:3823} INFO - Setting next_dagrun for example_params_trigger_ui to None, run_after=None
[2025-04-04T08:38:51.691+0000] {processor.py:183} INFO - Processing /home/airflow/.local/lib/python3.8/site-packages/airflow/example_dags/example_params_trigger_ui.py took 0.112 seconds
[2025-04-04T08:39:22.603+0000] {processor.py:161} INFO - Started process (PID=2035) to work on /home/airflow/.local/lib/python3.8/site-packages/airflow/example_dags/example_params_trigger_ui.py
[2025-04-04T08:39:22.605+0000] {processor.py:830} INFO - Processing file /home/airflow/.local/lib/python3.8/site-packages/airflow/example_dags/example_params_trigger_ui.py for tasks to queue
[2025-04-04T08:39:22.606+0000] {logging_mixin.py:188} INFO - [2025-04-04T08:39:22.606+0000] {dagbag.py:538} INFO - Filling up the DagBag from /home/airflow/.local/lib/python3.8/site-packages/airflow/example_dags/example_params_trigger_ui.py
[2025-04-04T08:39:22.622+0000] {processor.py:840} INFO - DAG(s) 'example_params_trigger_ui' retrieved from /home/airflow/.local/lib/python3.8/site-packages/airflow/example_dags/example_params_trigger_ui.py
[2025-04-04T08:39:22.681+0000] {logging_mixin.py:188} INFO - [2025-04-04T08:39:22.681+0000] {dag.py:3036} INFO - Sync 1 DAGs
[2025-04-04T08:39:22.694+0000] {logging_mixin.py:188} INFO - [2025-04-04T08:39:22.694+0000] {dag.py:3823} INFO - Setting next_dagrun for example_params_trigger_ui to None, run_after=None
[2025-04-04T08:39:22.714+0000] {processor.py:183} INFO - Processing /home/airflow/.local/lib/python3.8/site-packages/airflow/example_dags/example_params_trigger_ui.py took 0.114 seconds
[2025-04-04T08:39:53.088+0000] {processor.py:161} INFO - Started process (PID=2281) to work on /home/airflow/.local/lib/python3.8/site-packages/airflow/example_dags/example_params_trigger_ui.py
[2025-04-04T08:39:53.089+0000] {processor.py:830} INFO - Processing file /home/airflow/.local/lib/python3.8/site-packages/airflow/example_dags/example_params_trigger_ui.py for tasks to queue
[2025-04-04T08:39:53.090+0000] {logging_mixin.py:188} INFO - [2025-04-04T08:39:53.090+0000] {dagbag.py:538} INFO - Filling up the DagBag from /home/airflow/.local/lib/python3.8/site-packages/airflow/example_dags/example_params_trigger_ui.py
[2025-04-04T08:39:53.105+0000] {processor.py:840} INFO - DAG(s) 'example_params_trigger_ui' retrieved from /home/airflow/.local/lib/python3.8/site-packages/airflow/example_dags/example_params_trigger_ui.py
[2025-04-04T08:39:53.158+0000] {logging_mixin.py:188} INFO - [2025-04-04T08:39:53.158+0000] {dag.py:3036} INFO - Sync 1 DAGs
[2025-04-04T08:39:53.172+0000] {logging_mixin.py:188} INFO - [2025-04-04T08:39:53.171+0000] {dag.py:3823} INFO - Setting next_dagrun for example_params_trigger_ui to None, run_after=None
[2025-04-04T08:39:53.194+0000] {processor.py:183} INFO - Processing /home/airflow/.local/lib/python3.8/site-packages/airflow/example_dags/example_params_trigger_ui.py took 0.110 seconds
[2025-04-04T08:40:23.799+0000] {processor.py:161} INFO - Started process (PID=2529) to work on /home/airflow/.local/lib/python3.8/site-packages/airflow/example_dags/example_params_trigger_ui.py
[2025-04-04T08:40:23.800+0000] {processor.py:830} INFO - Processing file /home/airflow/.local/lib/python3.8/site-packages/airflow/example_dags/example_params_trigger_ui.py for tasks to queue
[2025-04-04T08:40:23.801+0000] {logging_mixin.py:188} INFO - [2025-04-04T08:40:23.801+0000] {dagbag.py:538} INFO - Filling up the DagBag from /home/airflow/.local/lib/python3.8/site-packages/airflow/example_dags/example_params_trigger_ui.py
[2025-04-04T08:40:23.813+0000] {processor.py:840} INFO - DAG(s) 'example_params_trigger_ui' retrieved from /home/airflow/.local/lib/python3.8/site-packages/airflow/example_dags/example_params_trigger_ui.py
[2025-04-04T08:40:23.862+0000] {logging_mixin.py:188} INFO - [2025-04-04T08:40:23.861+0000] {dag.py:3036} INFO - Sync 1 DAGs
[2025-04-04T08:40:23.875+0000] {logging_mixin.py:188} INFO - [2025-04-04T08:40:23.874+0000] {dag.py:3823} INFO - Setting next_dagrun for example_params_trigger_ui to None, run_after=None
[2025-04-04T08:40:23.896+0000] {processor.py:183} INFO - Processing /home/airflow/.local/lib/python3.8/site-packages/airflow/example_dags/example_params_trigger_ui.py took 0.101 seconds
[2025-04-04T08:40:54.013+0000] {processor.py:161} INFO - Started process (PID=2775) to work on /home/airflow/.local/lib/python3.8/site-packages/airflow/example_dags/example_params_trigger_ui.py
[2025-04-04T08:40:54.014+0000] {processor.py:830} INFO - Processing file /home/airflow/.local/lib/python3.8/site-packages/airflow/example_dags/example_params_trigger_ui.py for tasks to queue
[2025-04-04T08:40:54.015+0000] {logging_mixin.py:188} INFO - [2025-04-04T08:40:54.015+0000] {dagbag.py:538} INFO - Filling up the DagBag from /home/airflow/.local/lib/python3.8/site-packages/airflow/example_dags/example_params_trigger_ui.py
[2025-04-04T08:40:54.032+0000] {processor.py:840} INFO - DAG(s) 'example_params_trigger_ui' retrieved from /home/airflow/.local/lib/python3.8/site-packages/airflow/example_dags/example_params_trigger_ui.py
[2025-04-04T08:40:54.088+0000] {logging_mixin.py:188} INFO - [2025-04-04T08:40:54.088+0000] {dag.py:3036} INFO - Sync 1 DAGs
[2025-04-04T08:40:54.100+0000] {logging_mixin.py:188} INFO - [2025-04-04T08:40:54.100+0000] {dag.py:3823} INFO - Setting next_dagrun for example_params_trigger_ui to None, run_after=None
[2025-04-04T08:40:54.119+0000] {processor.py:183} INFO - Processing /home/airflow/.local/lib/python3.8/site-packages/airflow/example_dags/example_params_trigger_ui.py took 0.110 seconds
[2025-04-04T08:43:03.124+0000] {processor.py:161} INFO - Started process (PID=293) to work on /home/airflow/.local/lib/python3.8/site-packages/airflow/example_dags/example_params_trigger_ui.py
[2025-04-04T08:43:03.126+0000] {processor.py:830} INFO - Processing file /home/airflow/.local/lib/python3.8/site-packages/airflow/example_dags/example_params_trigger_ui.py for tasks to queue
[2025-04-04T08:43:03.128+0000] {logging_mixin.py:188} INFO - [2025-04-04T08:43:03.127+0000] {dagbag.py:538} INFO - Filling up the DagBag from /home/airflow/.local/lib/python3.8/site-packages/airflow/example_dags/example_params_trigger_ui.py
[2025-04-04T08:43:03.174+0000] {processor.py:840} INFO - DAG(s) 'example_params_trigger_ui' retrieved from /home/airflow/.local/lib/python3.8/site-packages/airflow/example_dags/example_params_trigger_ui.py
[2025-04-04T08:43:03.197+0000] {logging_mixin.py:188} INFO - [2025-04-04T08:43:03.197+0000] {dag.py:3036} INFO - Sync 1 DAGs
[2025-04-04T08:43:03.232+0000] {logging_mixin.py:188} INFO - [2025-04-04T08:43:03.232+0000] {dag.py:3823} INFO - Setting next_dagrun for example_params_trigger_ui to None, run_after=None
[2025-04-04T08:43:03.274+0000] {processor.py:183} INFO - Processing /home/airflow/.local/lib/python3.8/site-packages/airflow/example_dags/example_params_trigger_ui.py took 0.156 seconds
[2025-04-04T08:43:34.732+0000] {processor.py:161} INFO - Started process (PID=540) to work on /home/airflow/.local/lib/python3.8/site-packages/airflow/example_dags/example_params_trigger_ui.py
[2025-04-04T08:43:34.733+0000] {processor.py:830} INFO - Processing file /home/airflow/.local/lib/python3.8/site-packages/airflow/example_dags/example_params_trigger_ui.py for tasks to queue
[2025-04-04T08:43:34.734+0000] {logging_mixin.py:188} INFO - [2025-04-04T08:43:34.734+0000] {dagbag.py:538} INFO - Filling up the DagBag from /home/airflow/.local/lib/python3.8/site-packages/airflow/example_dags/example_params_trigger_ui.py
[2025-04-04T08:43:34.749+0000] {processor.py:840} INFO - DAG(s) 'example_params_trigger_ui' retrieved from /home/airflow/.local/lib/python3.8/site-packages/airflow/example_dags/example_params_trigger_ui.py
[2025-04-04T08:43:34.915+0000] {logging_mixin.py:188} INFO - [2025-04-04T08:43:34.915+0000] {dag.py:3036} INFO - Sync 1 DAGs
[2025-04-04T08:43:34.929+0000] {logging_mixin.py:188} INFO - [2025-04-04T08:43:34.929+0000] {dag.py:3823} INFO - Setting next_dagrun for example_params_trigger_ui to None, run_after=None
[2025-04-04T08:43:34.957+0000] {processor.py:183} INFO - Processing /home/airflow/.local/lib/python3.8/site-packages/airflow/example_dags/example_params_trigger_ui.py took 0.229 seconds
[2025-04-04T08:44:05.534+0000] {processor.py:161} INFO - Started process (PID=787) to work on /home/airflow/.local/lib/python3.8/site-packages/airflow/example_dags/example_params_trigger_ui.py
[2025-04-04T08:44:05.536+0000] {processor.py:830} INFO - Processing file /home/airflow/.local/lib/python3.8/site-packages/airflow/example_dags/example_params_trigger_ui.py for tasks to queue
[2025-04-04T08:44:05.537+0000] {logging_mixin.py:188} INFO - [2025-04-04T08:44:05.537+0000] {dagbag.py:538} INFO - Filling up the DagBag from /home/airflow/.local/lib/python3.8/site-packages/airflow/example_dags/example_params_trigger_ui.py
[2025-04-04T08:44:05.554+0000] {processor.py:840} INFO - DAG(s) 'example_params_trigger_ui' retrieved from /home/airflow/.local/lib/python3.8/site-packages/airflow/example_dags/example_params_trigger_ui.py
[2025-04-04T08:44:05.614+0000] {logging_mixin.py:188} INFO - [2025-04-04T08:44:05.613+0000] {dag.py:3036} INFO - Sync 1 DAGs
[2025-04-04T08:44:05.626+0000] {logging_mixin.py:188} INFO - [2025-04-04T08:44:05.625+0000] {dag.py:3823} INFO - Setting next_dagrun for example_params_trigger_ui to None, run_after=None
[2025-04-04T08:44:05.647+0000] {processor.py:183} INFO - Processing /home/airflow/.local/lib/python3.8/site-packages/airflow/example_dags/example_params_trigger_ui.py took 0.117 seconds
[2025-04-04T08:44:35.967+0000] {processor.py:161} INFO - Started process (PID=1034) to work on /home/airflow/.local/lib/python3.8/site-packages/airflow/example_dags/example_params_trigger_ui.py
[2025-04-04T08:44:35.969+0000] {processor.py:830} INFO - Processing file /home/airflow/.local/lib/python3.8/site-packages/airflow/example_dags/example_params_trigger_ui.py for tasks to queue
[2025-04-04T08:44:35.970+0000] {logging_mixin.py:188} INFO - [2025-04-04T08:44:35.970+0000] {dagbag.py:538} INFO - Filling up the DagBag from /home/airflow/.local/lib/python3.8/site-packages/airflow/example_dags/example_params_trigger_ui.py
[2025-04-04T08:44:35.989+0000] {processor.py:840} INFO - DAG(s) 'example_params_trigger_ui' retrieved from /home/airflow/.local/lib/python3.8/site-packages/airflow/example_dags/example_params_trigger_ui.py
[2025-04-04T08:44:36.092+0000] {logging_mixin.py:188} INFO - [2025-04-04T08:44:36.091+0000] {dag.py:3036} INFO - Sync 1 DAGs
[2025-04-04T08:44:36.115+0000] {logging_mixin.py:188} INFO - [2025-04-04T08:44:36.114+0000] {dag.py:3823} INFO - Setting next_dagrun for example_params_trigger_ui to None, run_after=None
[2025-04-04T08:44:36.164+0000] {processor.py:183} INFO - Processing /home/airflow/.local/lib/python3.8/site-packages/airflow/example_dags/example_params_trigger_ui.py took 0.201 seconds
[2025-04-04T08:45:06.754+0000] {processor.py:161} INFO - Started process (PID=1281) to work on /home/airflow/.local/lib/python3.8/site-packages/airflow/example_dags/example_params_trigger_ui.py
[2025-04-04T08:45:06.755+0000] {processor.py:830} INFO - Processing file /home/airflow/.local/lib/python3.8/site-packages/airflow/example_dags/example_params_trigger_ui.py for tasks to queue
[2025-04-04T08:45:06.756+0000] {logging_mixin.py:188} INFO - [2025-04-04T08:45:06.756+0000] {dagbag.py:538} INFO - Filling up the DagBag from /home/airflow/.local/lib/python3.8/site-packages/airflow/example_dags/example_params_trigger_ui.py
[2025-04-04T08:45:06.773+0000] {processor.py:840} INFO - DAG(s) 'example_params_trigger_ui' retrieved from /home/airflow/.local/lib/python3.8/site-packages/airflow/example_dags/example_params_trigger_ui.py
[2025-04-04T08:45:06.846+0000] {logging_mixin.py:188} INFO - [2025-04-04T08:45:06.846+0000] {dag.py:3036} INFO - Sync 1 DAGs
[2025-04-04T08:45:06.859+0000] {logging_mixin.py:188} INFO - [2025-04-04T08:45:06.858+0000] {dag.py:3823} INFO - Setting next_dagrun for example_params_trigger_ui to None, run_after=None
[2025-04-04T08:45:06.880+0000] {processor.py:183} INFO - Processing /home/airflow/.local/lib/python3.8/site-packages/airflow/example_dags/example_params_trigger_ui.py took 0.131 seconds
[2025-04-04T08:45:37.147+0000] {processor.py:161} INFO - Started process (PID=1528) to work on /home/airflow/.local/lib/python3.8/site-packages/airflow/example_dags/example_params_trigger_ui.py
[2025-04-04T08:45:37.149+0000] {processor.py:830} INFO - Processing file /home/airflow/.local/lib/python3.8/site-packages/airflow/example_dags/example_params_trigger_ui.py for tasks to queue
[2025-04-04T08:45:37.153+0000] {logging_mixin.py:188} INFO - [2025-04-04T08:45:37.152+0000] {dagbag.py:538} INFO - Filling up the DagBag from /home/airflow/.local/lib/python3.8/site-packages/airflow/example_dags/example_params_trigger_ui.py
[2025-04-04T08:45:37.171+0000] {processor.py:840} INFO - DAG(s) 'example_params_trigger_ui' retrieved from /home/airflow/.local/lib/python3.8/site-packages/airflow/example_dags/example_params_trigger_ui.py
[2025-04-04T08:45:37.244+0000] {logging_mixin.py:188} INFO - [2025-04-04T08:45:37.244+0000] {dag.py:3036} INFO - Sync 1 DAGs
[2025-04-04T08:45:37.257+0000] {logging_mixin.py:188} INFO - [2025-04-04T08:45:37.257+0000] {dag.py:3823} INFO - Setting next_dagrun for example_params_trigger_ui to None, run_after=None
[2025-04-04T08:45:37.305+0000] {processor.py:183} INFO - Processing /home/airflow/.local/lib/python3.8/site-packages/airflow/example_dags/example_params_trigger_ui.py took 0.163 seconds
[2025-04-04T08:46:07.456+0000] {processor.py:161} INFO - Started process (PID=1775) to work on /home/airflow/.local/lib/python3.8/site-packages/airflow/example_dags/example_params_trigger_ui.py
[2025-04-04T08:46:07.457+0000] {processor.py:830} INFO - Processing file /home/airflow/.local/lib/python3.8/site-packages/airflow/example_dags/example_params_trigger_ui.py for tasks to queue
[2025-04-04T08:46:07.458+0000] {logging_mixin.py:188} INFO - [2025-04-04T08:46:07.458+0000] {dagbag.py:538} INFO - Filling up the DagBag from /home/airflow/.local/lib/python3.8/site-packages/airflow/example_dags/example_params_trigger_ui.py
[2025-04-04T08:46:07.475+0000] {processor.py:840} INFO - DAG(s) 'example_params_trigger_ui' retrieved from /home/airflow/.local/lib/python3.8/site-packages/airflow/example_dags/example_params_trigger_ui.py
[2025-04-04T08:46:07.535+0000] {logging_mixin.py:188} INFO - [2025-04-04T08:46:07.535+0000] {dag.py:3036} INFO - Sync 1 DAGs
[2025-04-04T08:46:07.548+0000] {logging_mixin.py:188} INFO - [2025-04-04T08:46:07.547+0000] {dag.py:3823} INFO - Setting next_dagrun for example_params_trigger_ui to None, run_after=None
[2025-04-04T08:46:07.570+0000] {processor.py:183} INFO - Processing /home/airflow/.local/lib/python3.8/site-packages/airflow/example_dags/example_params_trigger_ui.py took 0.117 seconds
[2025-04-04T08:50:24.662+0000] {processor.py:161} INFO - Started process (PID=300) to work on /home/airflow/.local/lib/python3.8/site-packages/airflow/example_dags/example_params_trigger_ui.py
[2025-04-04T08:50:24.663+0000] {processor.py:830} INFO - Processing file /home/airflow/.local/lib/python3.8/site-packages/airflow/example_dags/example_params_trigger_ui.py for tasks to queue
[2025-04-04T08:50:24.665+0000] {logging_mixin.py:188} INFO - [2025-04-04T08:50:24.664+0000] {dagbag.py:538} INFO - Filling up the DagBag from /home/airflow/.local/lib/python3.8/site-packages/airflow/example_dags/example_params_trigger_ui.py
[2025-04-04T08:50:24.686+0000] {processor.py:840} INFO - DAG(s) 'example_params_trigger_ui' retrieved from /home/airflow/.local/lib/python3.8/site-packages/airflow/example_dags/example_params_trigger_ui.py
[2025-04-04T08:50:24.705+0000] {logging_mixin.py:188} INFO - [2025-04-04T08:50:24.705+0000] {dag.py:3036} INFO - Sync 1 DAGs
[2025-04-04T08:50:24.723+0000] {logging_mixin.py:188} INFO - [2025-04-04T08:50:24.723+0000] {dag.py:3823} INFO - Setting next_dagrun for example_params_trigger_ui to None, run_after=None
[2025-04-04T08:50:24.749+0000] {processor.py:183} INFO - Processing /home/airflow/.local/lib/python3.8/site-packages/airflow/example_dags/example_params_trigger_ui.py took 0.092 seconds
[2025-04-04T08:50:55.633+0000] {processor.py:161} INFO - Started process (PID=549) to work on /home/airflow/.local/lib/python3.8/site-packages/airflow/example_dags/example_params_trigger_ui.py
[2025-04-04T08:50:55.640+0000] {processor.py:830} INFO - Processing file /home/airflow/.local/lib/python3.8/site-packages/airflow/example_dags/example_params_trigger_ui.py for tasks to queue
[2025-04-04T08:50:55.642+0000] {logging_mixin.py:188} INFO - [2025-04-04T08:50:55.641+0000] {dagbag.py:538} INFO - Filling up the DagBag from /home/airflow/.local/lib/python3.8/site-packages/airflow/example_dags/example_params_trigger_ui.py
[2025-04-04T08:50:55.662+0000] {processor.py:840} INFO - DAG(s) 'example_params_trigger_ui' retrieved from /home/airflow/.local/lib/python3.8/site-packages/airflow/example_dags/example_params_trigger_ui.py
[2025-04-04T08:50:55.899+0000] {logging_mixin.py:188} INFO - [2025-04-04T08:50:55.899+0000] {dag.py:3036} INFO - Sync 1 DAGs
[2025-04-04T08:50:55.918+0000] {logging_mixin.py:188} INFO - [2025-04-04T08:50:55.917+0000] {dag.py:3823} INFO - Setting next_dagrun for example_params_trigger_ui to None, run_after=None
[2025-04-04T08:50:56.090+0000] {processor.py:183} INFO - Processing /home/airflow/.local/lib/python3.8/site-packages/airflow/example_dags/example_params_trigger_ui.py took 0.462 seconds
[2025-04-04T08:51:26.390+0000] {processor.py:161} INFO - Started process (PID=794) to work on /home/airflow/.local/lib/python3.8/site-packages/airflow/example_dags/example_params_trigger_ui.py
[2025-04-04T08:51:26.391+0000] {processor.py:830} INFO - Processing file /home/airflow/.local/lib/python3.8/site-packages/airflow/example_dags/example_params_trigger_ui.py for tasks to queue
[2025-04-04T08:51:26.392+0000] {logging_mixin.py:188} INFO - [2025-04-04T08:51:26.392+0000] {dagbag.py:538} INFO - Filling up the DagBag from /home/airflow/.local/lib/python3.8/site-packages/airflow/example_dags/example_params_trigger_ui.py
[2025-04-04T08:51:26.404+0000] {processor.py:840} INFO - DAG(s) 'example_params_trigger_ui' retrieved from /home/airflow/.local/lib/python3.8/site-packages/airflow/example_dags/example_params_trigger_ui.py
[2025-04-04T08:51:26.453+0000] {logging_mixin.py:188} INFO - [2025-04-04T08:51:26.453+0000] {dag.py:3036} INFO - Sync 1 DAGs
[2025-04-04T08:51:26.465+0000] {logging_mixin.py:188} INFO - [2025-04-04T08:51:26.465+0000] {dag.py:3823} INFO - Setting next_dagrun for example_params_trigger_ui to None, run_after=None
[2025-04-04T08:51:26.494+0000] {processor.py:183} INFO - Processing /home/airflow/.local/lib/python3.8/site-packages/airflow/example_dags/example_params_trigger_ui.py took 0.107 seconds
[2025-04-04T08:51:57.117+0000] {processor.py:161} INFO - Started process (PID=1041) to work on /home/airflow/.local/lib/python3.8/site-packages/airflow/example_dags/example_params_trigger_ui.py
[2025-04-04T08:51:57.119+0000] {processor.py:830} INFO - Processing file /home/airflow/.local/lib/python3.8/site-packages/airflow/example_dags/example_params_trigger_ui.py for tasks to queue
[2025-04-04T08:51:57.121+0000] {logging_mixin.py:188} INFO - [2025-04-04T08:51:57.120+0000] {dagbag.py:538} INFO - Filling up the DagBag from /home/airflow/.local/lib/python3.8/site-packages/airflow/example_dags/example_params_trigger_ui.py
[2025-04-04T08:51:57.148+0000] {processor.py:840} INFO - DAG(s) 'example_params_trigger_ui' retrieved from /home/airflow/.local/lib/python3.8/site-packages/airflow/example_dags/example_params_trigger_ui.py
[2025-04-04T08:51:57.272+0000] {logging_mixin.py:188} INFO - [2025-04-04T08:51:57.272+0000] {dag.py:3036} INFO - Sync 1 DAGs
[2025-04-04T08:51:57.290+0000] {logging_mixin.py:188} INFO - [2025-04-04T08:51:57.290+0000] {dag.py:3823} INFO - Setting next_dagrun for example_params_trigger_ui to None, run_after=None
[2025-04-04T08:51:57.390+0000] {processor.py:183} INFO - Processing /home/airflow/.local/lib/python3.8/site-packages/airflow/example_dags/example_params_trigger_ui.py took 0.279 seconds
[2025-04-04T08:52:27.529+0000] {processor.py:161} INFO - Started process (PID=1290) to work on /home/airflow/.local/lib/python3.8/site-packages/airflow/example_dags/example_params_trigger_ui.py
[2025-04-04T08:52:27.530+0000] {processor.py:830} INFO - Processing file /home/airflow/.local/lib/python3.8/site-packages/airflow/example_dags/example_params_trigger_ui.py for tasks to queue
[2025-04-04T08:52:27.531+0000] {logging_mixin.py:188} INFO - [2025-04-04T08:52:27.531+0000] {dagbag.py:538} INFO - Filling up the DagBag from /home/airflow/.local/lib/python3.8/site-packages/airflow/example_dags/example_params_trigger_ui.py
[2025-04-04T08:52:27.544+0000] {processor.py:840} INFO - DAG(s) 'example_params_trigger_ui' retrieved from /home/airflow/.local/lib/python3.8/site-packages/airflow/example_dags/example_params_trigger_ui.py
[2025-04-04T08:52:27.601+0000] {logging_mixin.py:188} INFO - [2025-04-04T08:52:27.601+0000] {dag.py:3036} INFO - Sync 1 DAGs
[2025-04-04T08:52:27.615+0000] {logging_mixin.py:188} INFO - [2025-04-04T08:52:27.615+0000] {dag.py:3823} INFO - Setting next_dagrun for example_params_trigger_ui to None, run_after=None
[2025-04-04T08:52:27.639+0000] {processor.py:183} INFO - Processing /home/airflow/.local/lib/python3.8/site-packages/airflow/example_dags/example_params_trigger_ui.py took 0.113 seconds
[2025-04-04T08:52:58.322+0000] {processor.py:161} INFO - Started process (PID=1535) to work on /home/airflow/.local/lib/python3.8/site-packages/airflow/example_dags/example_params_trigger_ui.py
[2025-04-04T08:52:58.323+0000] {processor.py:830} INFO - Processing file /home/airflow/.local/lib/python3.8/site-packages/airflow/example_dags/example_params_trigger_ui.py for tasks to queue
[2025-04-04T08:52:58.324+0000] {logging_mixin.py:188} INFO - [2025-04-04T08:52:58.323+0000] {dagbag.py:538} INFO - Filling up the DagBag from /home/airflow/.local/lib/python3.8/site-packages/airflow/example_dags/example_params_trigger_ui.py
[2025-04-04T08:52:58.339+0000] {processor.py:840} INFO - DAG(s) 'example_params_trigger_ui' retrieved from /home/airflow/.local/lib/python3.8/site-packages/airflow/example_dags/example_params_trigger_ui.py
[2025-04-04T08:52:58.397+0000] {logging_mixin.py:188} INFO - [2025-04-04T08:52:58.397+0000] {dag.py:3036} INFO - Sync 1 DAGs
[2025-04-04T08:52:58.410+0000] {logging_mixin.py:188} INFO - [2025-04-04T08:52:58.410+0000] {dag.py:3823} INFO - Setting next_dagrun for example_params_trigger_ui to None, run_after=None
[2025-04-04T08:52:58.432+0000] {processor.py:183} INFO - Processing /home/airflow/.local/lib/python3.8/site-packages/airflow/example_dags/example_params_trigger_ui.py took 0.114 seconds
[2025-04-04T08:53:29.288+0000] {processor.py:161} INFO - Started process (PID=1782) to work on /home/airflow/.local/lib/python3.8/site-packages/airflow/example_dags/example_params_trigger_ui.py
[2025-04-04T08:53:29.289+0000] {processor.py:830} INFO - Processing file /home/airflow/.local/lib/python3.8/site-packages/airflow/example_dags/example_params_trigger_ui.py for tasks to queue
[2025-04-04T08:53:29.290+0000] {logging_mixin.py:188} INFO - [2025-04-04T08:53:29.290+0000] {dagbag.py:538} INFO - Filling up the DagBag from /home/airflow/.local/lib/python3.8/site-packages/airflow/example_dags/example_params_trigger_ui.py
[2025-04-04T08:53:29.302+0000] {processor.py:840} INFO - DAG(s) 'example_params_trigger_ui' retrieved from /home/airflow/.local/lib/python3.8/site-packages/airflow/example_dags/example_params_trigger_ui.py
[2025-04-04T08:53:29.363+0000] {logging_mixin.py:188} INFO - [2025-04-04T08:53:29.362+0000] {dag.py:3036} INFO - Sync 1 DAGs
[2025-04-04T08:53:29.373+0000] {logging_mixin.py:188} INFO - [2025-04-04T08:53:29.373+0000] {dag.py:3823} INFO - Setting next_dagrun for example_params_trigger_ui to None, run_after=None
[2025-04-04T08:53:29.395+0000] {processor.py:183} INFO - Processing /home/airflow/.local/lib/python3.8/site-packages/airflow/example_dags/example_params_trigger_ui.py took 0.110 seconds
[2025-04-04T08:53:59.609+0000] {processor.py:161} INFO - Started process (PID=2029) to work on /home/airflow/.local/lib/python3.8/site-packages/airflow/example_dags/example_params_trigger_ui.py
[2025-04-04T08:53:59.611+0000] {processor.py:830} INFO - Processing file /home/airflow/.local/lib/python3.8/site-packages/airflow/example_dags/example_params_trigger_ui.py for tasks to queue
[2025-04-04T08:53:59.612+0000] {logging_mixin.py:188} INFO - [2025-04-04T08:53:59.612+0000] {dagbag.py:538} INFO - Filling up the DagBag from /home/airflow/.local/lib/python3.8/site-packages/airflow/example_dags/example_params_trigger_ui.py
[2025-04-04T08:53:59.623+0000] {processor.py:840} INFO - DAG(s) 'example_params_trigger_ui' retrieved from /home/airflow/.local/lib/python3.8/site-packages/airflow/example_dags/example_params_trigger_ui.py
[2025-04-04T08:53:59.674+0000] {logging_mixin.py:188} INFO - [2025-04-04T08:53:59.674+0000] {dag.py:3036} INFO - Sync 1 DAGs
[2025-04-04T08:53:59.719+0000] {logging_mixin.py:188} INFO - [2025-04-04T08:53:59.718+0000] {dag.py:3823} INFO - Setting next_dagrun for example_params_trigger_ui to None, run_after=None
[2025-04-04T08:53:59.739+0000] {processor.py:183} INFO - Processing /home/airflow/.local/lib/python3.8/site-packages/airflow/example_dags/example_params_trigger_ui.py took 0.132 seconds
[2025-04-04T08:54:32.425+0000] {processor.py:161} INFO - Started process (PID=2276) to work on /home/airflow/.local/lib/python3.8/site-packages/airflow/example_dags/example_params_trigger_ui.py
[2025-04-04T08:54:32.426+0000] {processor.py:830} INFO - Processing file /home/airflow/.local/lib/python3.8/site-packages/airflow/example_dags/example_params_trigger_ui.py for tasks to queue
[2025-04-04T08:54:32.428+0000] {logging_mixin.py:188} INFO - [2025-04-04T08:54:32.427+0000] {dagbag.py:538} INFO - Filling up the DagBag from /home/airflow/.local/lib/python3.8/site-packages/airflow/example_dags/example_params_trigger_ui.py
[2025-04-04T08:54:32.440+0000] {processor.py:840} INFO - DAG(s) 'example_params_trigger_ui' retrieved from /home/airflow/.local/lib/python3.8/site-packages/airflow/example_dags/example_params_trigger_ui.py
[2025-04-04T08:54:32.506+0000] {logging_mixin.py:188} INFO - [2025-04-04T08:54:32.505+0000] {dag.py:3036} INFO - Sync 1 DAGs
[2025-04-04T08:54:32.518+0000] {logging_mixin.py:188} INFO - [2025-04-04T08:54:32.518+0000] {dag.py:3823} INFO - Setting next_dagrun for example_params_trigger_ui to None, run_after=None
[2025-04-04T08:54:32.567+0000] {processor.py:183} INFO - Processing /home/airflow/.local/lib/python3.8/site-packages/airflow/example_dags/example_params_trigger_ui.py took 0.145 seconds
[2025-04-04T08:55:03.098+0000] {processor.py:161} INFO - Started process (PID=2523) to work on /home/airflow/.local/lib/python3.8/site-packages/airflow/example_dags/example_params_trigger_ui.py
[2025-04-04T08:55:03.099+0000] {processor.py:830} INFO - Processing file /home/airflow/.local/lib/python3.8/site-packages/airflow/example_dags/example_params_trigger_ui.py for tasks to queue
[2025-04-04T08:55:03.101+0000] {logging_mixin.py:188} INFO - [2025-04-04T08:55:03.101+0000] {dagbag.py:538} INFO - Filling up the DagBag from /home/airflow/.local/lib/python3.8/site-packages/airflow/example_dags/example_params_trigger_ui.py
[2025-04-04T08:55:03.115+0000] {processor.py:840} INFO - DAG(s) 'example_params_trigger_ui' retrieved from /home/airflow/.local/lib/python3.8/site-packages/airflow/example_dags/example_params_trigger_ui.py
[2025-04-04T08:55:03.173+0000] {logging_mixin.py:188} INFO - [2025-04-04T08:55:03.172+0000] {dag.py:3036} INFO - Sync 1 DAGs
[2025-04-04T08:55:03.189+0000] {logging_mixin.py:188} INFO - [2025-04-04T08:55:03.189+0000] {dag.py:3823} INFO - Setting next_dagrun for example_params_trigger_ui to None, run_after=None
[2025-04-04T08:55:03.218+0000] {processor.py:183} INFO - Processing /home/airflow/.local/lib/python3.8/site-packages/airflow/example_dags/example_params_trigger_ui.py took 0.124 seconds
[2025-04-04T08:55:33.817+0000] {processor.py:161} INFO - Started process (PID=2770) to work on /home/airflow/.local/lib/python3.8/site-packages/airflow/example_dags/example_params_trigger_ui.py
[2025-04-04T08:55:33.818+0000] {processor.py:830} INFO - Processing file /home/airflow/.local/lib/python3.8/site-packages/airflow/example_dags/example_params_trigger_ui.py for tasks to queue
[2025-04-04T08:55:33.819+0000] {logging_mixin.py:188} INFO - [2025-04-04T08:55:33.819+0000] {dagbag.py:538} INFO - Filling up the DagBag from /home/airflow/.local/lib/python3.8/site-packages/airflow/example_dags/example_params_trigger_ui.py
[2025-04-04T08:55:33.836+0000] {processor.py:840} INFO - DAG(s) 'example_params_trigger_ui' retrieved from /home/airflow/.local/lib/python3.8/site-packages/airflow/example_dags/example_params_trigger_ui.py
[2025-04-04T08:55:33.909+0000] {logging_mixin.py:188} INFO - [2025-04-04T08:55:33.909+0000] {dag.py:3036} INFO - Sync 1 DAGs
[2025-04-04T08:55:33.925+0000] {logging_mixin.py:188} INFO - [2025-04-04T08:55:33.925+0000] {dag.py:3823} INFO - Setting next_dagrun for example_params_trigger_ui to None, run_after=None
[2025-04-04T08:55:33.956+0000] {processor.py:183} INFO - Processing /home/airflow/.local/lib/python3.8/site-packages/airflow/example_dags/example_params_trigger_ui.py took 0.143 seconds
[2025-04-04T09:14:14.449+0000] {processor.py:161} INFO - Started process (PID=320) to work on /home/airflow/.local/lib/python3.8/site-packages/airflow/example_dags/example_params_trigger_ui.py
[2025-04-04T09:14:14.463+0000] {processor.py:830} INFO - Processing file /home/airflow/.local/lib/python3.8/site-packages/airflow/example_dags/example_params_trigger_ui.py for tasks to queue
[2025-04-04T09:14:14.465+0000] {logging_mixin.py:188} INFO - [2025-04-04T09:14:14.464+0000] {dagbag.py:538} INFO - Filling up the DagBag from /home/airflow/.local/lib/python3.8/site-packages/airflow/example_dags/example_params_trigger_ui.py
[2025-04-04T09:14:14.488+0000] {processor.py:840} INFO - DAG(s) 'example_params_trigger_ui' retrieved from /home/airflow/.local/lib/python3.8/site-packages/airflow/example_dags/example_params_trigger_ui.py
[2025-04-04T09:14:14.718+0000] {logging_mixin.py:188} INFO - [2025-04-04T09:14:14.717+0000] {dag.py:3036} INFO - Sync 1 DAGs
[2025-04-04T09:14:14.736+0000] {logging_mixin.py:188} INFO - [2025-04-04T09:14:14.736+0000] {dag.py:3823} INFO - Setting next_dagrun for example_params_trigger_ui to None, run_after=None
[2025-04-04T09:14:14.771+0000] {processor.py:183} INFO - Processing /home/airflow/.local/lib/python3.8/site-packages/airflow/example_dags/example_params_trigger_ui.py took 0.327 seconds
[2025-04-04T09:14:45.431+0000] {processor.py:161} INFO - Started process (PID=567) to work on /home/airflow/.local/lib/python3.8/site-packages/airflow/example_dags/example_params_trigger_ui.py
[2025-04-04T09:14:45.432+0000] {processor.py:830} INFO - Processing file /home/airflow/.local/lib/python3.8/site-packages/airflow/example_dags/example_params_trigger_ui.py for tasks to queue
[2025-04-04T09:14:45.434+0000] {logging_mixin.py:188} INFO - [2025-04-04T09:14:45.434+0000] {dagbag.py:538} INFO - Filling up the DagBag from /home/airflow/.local/lib/python3.8/site-packages/airflow/example_dags/example_params_trigger_ui.py
[2025-04-04T09:14:45.451+0000] {processor.py:840} INFO - DAG(s) 'example_params_trigger_ui' retrieved from /home/airflow/.local/lib/python3.8/site-packages/airflow/example_dags/example_params_trigger_ui.py
[2025-04-04T09:14:45.516+0000] {logging_mixin.py:188} INFO - [2025-04-04T09:14:45.516+0000] {dag.py:3036} INFO - Sync 1 DAGs
[2025-04-04T09:14:45.535+0000] {logging_mixin.py:188} INFO - [2025-04-04T09:14:45.535+0000] {dag.py:3823} INFO - Setting next_dagrun for example_params_trigger_ui to None, run_after=None
[2025-04-04T09:14:45.572+0000] {processor.py:183} INFO - Processing /home/airflow/.local/lib/python3.8/site-packages/airflow/example_dags/example_params_trigger_ui.py took 0.145 seconds
[2025-04-04T09:15:18.074+0000] {processor.py:161} INFO - Started process (PID=814) to work on /home/airflow/.local/lib/python3.8/site-packages/airflow/example_dags/example_params_trigger_ui.py
[2025-04-04T09:15:18.076+0000] {processor.py:830} INFO - Processing file /home/airflow/.local/lib/python3.8/site-packages/airflow/example_dags/example_params_trigger_ui.py for tasks to queue
[2025-04-04T09:15:18.078+0000] {logging_mixin.py:188} INFO - [2025-04-04T09:15:18.077+0000] {dagbag.py:538} INFO - Filling up the DagBag from /home/airflow/.local/lib/python3.8/site-packages/airflow/example_dags/example_params_trigger_ui.py
[2025-04-04T09:15:18.101+0000] {processor.py:840} INFO - DAG(s) 'example_params_trigger_ui' retrieved from /home/airflow/.local/lib/python3.8/site-packages/airflow/example_dags/example_params_trigger_ui.py
[2025-04-04T09:15:18.186+0000] {logging_mixin.py:188} INFO - [2025-04-04T09:15:18.185+0000] {dag.py:3036} INFO - Sync 1 DAGs
[2025-04-04T09:15:18.203+0000] {logging_mixin.py:188} INFO - [2025-04-04T09:15:18.203+0000] {dag.py:3823} INFO - Setting next_dagrun for example_params_trigger_ui to None, run_after=None
[2025-04-04T09:15:18.226+0000] {processor.py:183} INFO - Processing /home/airflow/.local/lib/python3.8/site-packages/airflow/example_dags/example_params_trigger_ui.py took 0.156 seconds
[2025-04-04T09:15:49.073+0000] {processor.py:161} INFO - Started process (PID=1061) to work on /home/airflow/.local/lib/python3.8/site-packages/airflow/example_dags/example_params_trigger_ui.py
[2025-04-04T09:15:49.074+0000] {processor.py:830} INFO - Processing file /home/airflow/.local/lib/python3.8/site-packages/airflow/example_dags/example_params_trigger_ui.py for tasks to queue
[2025-04-04T09:15:49.076+0000] {logging_mixin.py:188} INFO - [2025-04-04T09:15:49.075+0000] {dagbag.py:538} INFO - Filling up the DagBag from /home/airflow/.local/lib/python3.8/site-packages/airflow/example_dags/example_params_trigger_ui.py
[2025-04-04T09:15:49.089+0000] {processor.py:840} INFO - DAG(s) 'example_params_trigger_ui' retrieved from /home/airflow/.local/lib/python3.8/site-packages/airflow/example_dags/example_params_trigger_ui.py
[2025-04-04T09:15:49.144+0000] {logging_mixin.py:188} INFO - [2025-04-04T09:15:49.144+0000] {dag.py:3036} INFO - Sync 1 DAGs
[2025-04-04T09:15:49.157+0000] {logging_mixin.py:188} INFO - [2025-04-04T09:15:49.157+0000] {dag.py:3823} INFO - Setting next_dagrun for example_params_trigger_ui to None, run_after=None
[2025-04-04T09:15:49.181+0000] {processor.py:183} INFO - Processing /home/airflow/.local/lib/python3.8/site-packages/airflow/example_dags/example_params_trigger_ui.py took 0.111 seconds
