[2025-04-04T08:35:49.025+0000] {processor.py:161} INFO - Started process (PID=320) to work on /home/airflow/.local/lib/python3.8/site-packages/airflow/example_dags/example_complex.py
[2025-04-04T08:35:49.028+0000] {processor.py:830} INFO - Processing file /home/airflow/.local/lib/python3.8/site-packages/airflow/example_dags/example_complex.py for tasks to queue
[2025-04-04T08:35:49.030+0000] {logging_mixin.py:188} INFO - [2025-04-04T08:35:49.029+0000] {dagbag.py:538} INFO - Filling up the DagBag from /home/airflow/.local/lib/python3.8/site-packages/airflow/example_dags/example_complex.py
[2025-04-04T08:35:49.058+0000] {processor.py:840} INFO - DAG(s) 'example_complex' retrieved from /home/airflow/.local/lib/python3.8/site-packages/airflow/example_dags/example_complex.py
[2025-04-04T08:35:49.319+0000] {logging_mixin.py:188} INFO - [2025-04-04T08:35:49.319+0000] {override.py:1769} INFO - Created Permission View: can edit on DAG:example_complex
[2025-04-04T08:35:49.341+0000] {logging_mixin.py:188} INFO - [2025-04-04T08:35:49.340+0000] {override.py:1769} INFO - Created Permission View: can read on DAG:example_complex
[2025-04-04T08:35:49.358+0000] {logging_mixin.py:188} INFO - [2025-04-04T08:35:49.357+0000] {override.py:1769} INFO - Created Permission View: can delete on DAG:example_complex
[2025-04-04T08:35:49.359+0000] {logging_mixin.py:188} INFO - [2025-04-04T08:35:49.359+0000] {dag.py:3036} INFO - Sync 1 DAGs
[2025-04-04T08:35:49.384+0000] {logging_mixin.py:188} INFO - [2025-04-04T08:35:49.383+0000] {dag.py:3058} INFO - Creating ORM DAG for example_complex
[2025-04-04T08:35:49.385+0000] {logging_mixin.py:188} INFO - [2025-04-04T08:35:49.385+0000] {dag.py:3823} INFO - Setting next_dagrun for example_complex to None, run_after=None
[2025-04-04T08:35:49.426+0000] {processor.py:183} INFO - Processing /home/airflow/.local/lib/python3.8/site-packages/airflow/example_dags/example_complex.py took 0.410 seconds
[2025-04-04T08:36:20.240+0000] {processor.py:161} INFO - Started process (PID=567) to work on /home/airflow/.local/lib/python3.8/site-packages/airflow/example_dags/example_complex.py
[2025-04-04T08:36:20.241+0000] {processor.py:830} INFO - Processing file /home/airflow/.local/lib/python3.8/site-packages/airflow/example_dags/example_complex.py for tasks to queue
[2025-04-04T08:36:20.243+0000] {logging_mixin.py:188} INFO - [2025-04-04T08:36:20.242+0000] {dagbag.py:538} INFO - Filling up the DagBag from /home/airflow/.local/lib/python3.8/site-packages/airflow/example_dags/example_complex.py
[2025-04-04T08:36:20.270+0000] {processor.py:840} INFO - DAG(s) 'example_complex' retrieved from /home/airflow/.local/lib/python3.8/site-packages/airflow/example_dags/example_complex.py
[2025-04-04T08:36:20.340+0000] {logging_mixin.py:188} INFO - [2025-04-04T08:36:20.340+0000] {dag.py:3036} INFO - Sync 1 DAGs
[2025-04-04T08:36:20.385+0000] {logging_mixin.py:188} INFO - [2025-04-04T08:36:20.385+0000] {dag.py:3823} INFO - Setting next_dagrun for example_complex to None, run_after=None
[2025-04-04T08:36:20.439+0000] {processor.py:183} INFO - Processing /home/airflow/.local/lib/python3.8/site-packages/airflow/example_dags/example_complex.py took 0.204 seconds
[2025-04-04T08:36:50.810+0000] {processor.py:161} INFO - Started process (PID=814) to work on /home/airflow/.local/lib/python3.8/site-packages/airflow/example_dags/example_complex.py
[2025-04-04T08:36:50.811+0000] {processor.py:830} INFO - Processing file /home/airflow/.local/lib/python3.8/site-packages/airflow/example_dags/example_complex.py for tasks to queue
[2025-04-04T08:36:50.812+0000] {logging_mixin.py:188} INFO - [2025-04-04T08:36:50.811+0000] {dagbag.py:538} INFO - Filling up the DagBag from /home/airflow/.local/lib/python3.8/site-packages/airflow/example_dags/example_complex.py
[2025-04-04T08:36:50.822+0000] {processor.py:840} INFO - DAG(s) 'example_complex' retrieved from /home/airflow/.local/lib/python3.8/site-packages/airflow/example_dags/example_complex.py
[2025-04-04T08:36:50.853+0000] {logging_mixin.py:188} INFO - [2025-04-04T08:36:50.853+0000] {dag.py:3036} INFO - Sync 1 DAGs
[2025-04-04T08:36:50.865+0000] {logging_mixin.py:188} INFO - [2025-04-04T08:36:50.864+0000] {dag.py:3823} INFO - Setting next_dagrun for example_complex to None, run_after=None
[2025-04-04T08:36:50.888+0000] {processor.py:183} INFO - Processing /home/airflow/.local/lib/python3.8/site-packages/airflow/example_dags/example_complex.py took 0.082 seconds
[2025-04-04T08:37:21.801+0000] {processor.py:161} INFO - Started process (PID=1061) to work on /home/airflow/.local/lib/python3.8/site-packages/airflow/example_dags/example_complex.py
[2025-04-04T08:37:21.802+0000] {processor.py:830} INFO - Processing file /home/airflow/.local/lib/python3.8/site-packages/airflow/example_dags/example_complex.py for tasks to queue
[2025-04-04T08:37:21.804+0000] {logging_mixin.py:188} INFO - [2025-04-04T08:37:21.803+0000] {dagbag.py:538} INFO - Filling up the DagBag from /home/airflow/.local/lib/python3.8/site-packages/airflow/example_dags/example_complex.py
[2025-04-04T08:37:21.816+0000] {processor.py:840} INFO - DAG(s) 'example_complex' retrieved from /home/airflow/.local/lib/python3.8/site-packages/airflow/example_dags/example_complex.py
[2025-04-04T08:37:21.858+0000] {logging_mixin.py:188} INFO - [2025-04-04T08:37:21.858+0000] {dag.py:3036} INFO - Sync 1 DAGs
[2025-04-04T08:37:21.871+0000] {logging_mixin.py:188} INFO - [2025-04-04T08:37:21.871+0000] {dag.py:3823} INFO - Setting next_dagrun for example_complex to None, run_after=None
[2025-04-04T08:37:21.892+0000] {processor.py:183} INFO - Processing /home/airflow/.local/lib/python3.8/site-packages/airflow/example_dags/example_complex.py took 0.094 seconds
[2025-04-04T08:37:52.027+0000] {processor.py:161} INFO - Started process (PID=1308) to work on /home/airflow/.local/lib/python3.8/site-packages/airflow/example_dags/example_complex.py
[2025-04-04T08:37:52.028+0000] {processor.py:830} INFO - Processing file /home/airflow/.local/lib/python3.8/site-packages/airflow/example_dags/example_complex.py for tasks to queue
[2025-04-04T08:37:52.029+0000] {logging_mixin.py:188} INFO - [2025-04-04T08:37:52.029+0000] {dagbag.py:538} INFO - Filling up the DagBag from /home/airflow/.local/lib/python3.8/site-packages/airflow/example_dags/example_complex.py
[2025-04-04T08:37:52.039+0000] {processor.py:840} INFO - DAG(s) 'example_complex' retrieved from /home/airflow/.local/lib/python3.8/site-packages/airflow/example_dags/example_complex.py
[2025-04-04T08:37:52.072+0000] {logging_mixin.py:188} INFO - [2025-04-04T08:37:52.072+0000] {dag.py:3036} INFO - Sync 1 DAGs
[2025-04-04T08:37:52.083+0000] {logging_mixin.py:188} INFO - [2025-04-04T08:37:52.083+0000] {dag.py:3823} INFO - Setting next_dagrun for example_complex to None, run_after=None
[2025-04-04T08:37:52.104+0000] {processor.py:183} INFO - Processing /home/airflow/.local/lib/python3.8/site-packages/airflow/example_dags/example_complex.py took 0.079 seconds
[2025-04-04T08:38:22.303+0000] {processor.py:161} INFO - Started process (PID=1555) to work on /home/airflow/.local/lib/python3.8/site-packages/airflow/example_dags/example_complex.py
[2025-04-04T08:38:22.304+0000] {processor.py:830} INFO - Processing file /home/airflow/.local/lib/python3.8/site-packages/airflow/example_dags/example_complex.py for tasks to queue
[2025-04-04T08:38:22.305+0000] {logging_mixin.py:188} INFO - [2025-04-04T08:38:22.305+0000] {dagbag.py:538} INFO - Filling up the DagBag from /home/airflow/.local/lib/python3.8/site-packages/airflow/example_dags/example_complex.py
[2025-04-04T08:38:22.318+0000] {processor.py:840} INFO - DAG(s) 'example_complex' retrieved from /home/airflow/.local/lib/python3.8/site-packages/airflow/example_dags/example_complex.py
[2025-04-04T08:38:22.399+0000] {logging_mixin.py:188} INFO - [2025-04-04T08:38:22.399+0000] {dag.py:3036} INFO - Sync 1 DAGs
[2025-04-04T08:38:22.413+0000] {logging_mixin.py:188} INFO - [2025-04-04T08:38:22.412+0000] {dag.py:3823} INFO - Setting next_dagrun for example_complex to None, run_after=None
[2025-04-04T08:38:22.451+0000] {processor.py:183} INFO - Processing /home/airflow/.local/lib/python3.8/site-packages/airflow/example_dags/example_complex.py took 0.151 seconds
[2025-04-04T08:38:52.780+0000] {processor.py:161} INFO - Started process (PID=1800) to work on /home/airflow/.local/lib/python3.8/site-packages/airflow/example_dags/example_complex.py
[2025-04-04T08:38:52.781+0000] {processor.py:830} INFO - Processing file /home/airflow/.local/lib/python3.8/site-packages/airflow/example_dags/example_complex.py for tasks to queue
[2025-04-04T08:38:52.782+0000] {logging_mixin.py:188} INFO - [2025-04-04T08:38:52.782+0000] {dagbag.py:538} INFO - Filling up the DagBag from /home/airflow/.local/lib/python3.8/site-packages/airflow/example_dags/example_complex.py
[2025-04-04T08:38:52.793+0000] {processor.py:840} INFO - DAG(s) 'example_complex' retrieved from /home/airflow/.local/lib/python3.8/site-packages/airflow/example_dags/example_complex.py
[2025-04-04T08:38:52.830+0000] {logging_mixin.py:188} INFO - [2025-04-04T08:38:52.829+0000] {dag.py:3036} INFO - Sync 1 DAGs
[2025-04-04T08:38:52.842+0000] {logging_mixin.py:188} INFO - [2025-04-04T08:38:52.842+0000] {dag.py:3823} INFO - Setting next_dagrun for example_complex to None, run_after=None
[2025-04-04T08:38:52.885+0000] {processor.py:183} INFO - Processing /home/airflow/.local/lib/python3.8/site-packages/airflow/example_dags/example_complex.py took 0.108 seconds
[2025-04-04T08:39:23.759+0000] {processor.py:161} INFO - Started process (PID=2049) to work on /home/airflow/.local/lib/python3.8/site-packages/airflow/example_dags/example_complex.py
[2025-04-04T08:39:23.760+0000] {processor.py:830} INFO - Processing file /home/airflow/.local/lib/python3.8/site-packages/airflow/example_dags/example_complex.py for tasks to queue
[2025-04-04T08:39:23.761+0000] {logging_mixin.py:188} INFO - [2025-04-04T08:39:23.760+0000] {dagbag.py:538} INFO - Filling up the DagBag from /home/airflow/.local/lib/python3.8/site-packages/airflow/example_dags/example_complex.py
[2025-04-04T08:39:23.771+0000] {processor.py:840} INFO - DAG(s) 'example_complex' retrieved from /home/airflow/.local/lib/python3.8/site-packages/airflow/example_dags/example_complex.py
[2025-04-04T08:39:23.801+0000] {logging_mixin.py:188} INFO - [2025-04-04T08:39:23.801+0000] {dag.py:3036} INFO - Sync 1 DAGs
[2025-04-04T08:39:23.812+0000] {logging_mixin.py:188} INFO - [2025-04-04T08:39:23.812+0000] {dag.py:3823} INFO - Setting next_dagrun for example_complex to None, run_after=None
[2025-04-04T08:39:23.835+0000] {processor.py:183} INFO - Processing /home/airflow/.local/lib/python3.8/site-packages/airflow/example_dags/example_complex.py took 0.079 seconds
[2025-04-04T08:39:54.135+0000] {processor.py:161} INFO - Started process (PID=2296) to work on /home/airflow/.local/lib/python3.8/site-packages/airflow/example_dags/example_complex.py
[2025-04-04T08:39:54.136+0000] {processor.py:830} INFO - Processing file /home/airflow/.local/lib/python3.8/site-packages/airflow/example_dags/example_complex.py for tasks to queue
[2025-04-04T08:39:54.137+0000] {logging_mixin.py:188} INFO - [2025-04-04T08:39:54.137+0000] {dagbag.py:538} INFO - Filling up the DagBag from /home/airflow/.local/lib/python3.8/site-packages/airflow/example_dags/example_complex.py
[2025-04-04T08:39:54.147+0000] {processor.py:840} INFO - DAG(s) 'example_complex' retrieved from /home/airflow/.local/lib/python3.8/site-packages/airflow/example_dags/example_complex.py
[2025-04-04T08:39:54.178+0000] {logging_mixin.py:188} INFO - [2025-04-04T08:39:54.178+0000] {dag.py:3036} INFO - Sync 1 DAGs
[2025-04-04T08:39:54.190+0000] {logging_mixin.py:188} INFO - [2025-04-04T08:39:54.190+0000] {dag.py:3823} INFO - Setting next_dagrun for example_complex to None, run_after=None
[2025-04-04T08:39:54.213+0000] {processor.py:183} INFO - Processing /home/airflow/.local/lib/python3.8/site-packages/airflow/example_dags/example_complex.py took 0.081 seconds
[2025-04-04T08:40:24.839+0000] {processor.py:161} INFO - Started process (PID=2543) to work on /home/airflow/.local/lib/python3.8/site-packages/airflow/example_dags/example_complex.py
[2025-04-04T08:40:24.841+0000] {processor.py:830} INFO - Processing file /home/airflow/.local/lib/python3.8/site-packages/airflow/example_dags/example_complex.py for tasks to queue
[2025-04-04T08:40:24.842+0000] {logging_mixin.py:188} INFO - [2025-04-04T08:40:24.841+0000] {dagbag.py:538} INFO - Filling up the DagBag from /home/airflow/.local/lib/python3.8/site-packages/airflow/example_dags/example_complex.py
[2025-04-04T08:40:24.851+0000] {processor.py:840} INFO - DAG(s) 'example_complex' retrieved from /home/airflow/.local/lib/python3.8/site-packages/airflow/example_dags/example_complex.py
[2025-04-04T08:40:24.881+0000] {logging_mixin.py:188} INFO - [2025-04-04T08:40:24.881+0000] {dag.py:3036} INFO - Sync 1 DAGs
[2025-04-04T08:40:24.892+0000] {logging_mixin.py:188} INFO - [2025-04-04T08:40:24.892+0000] {dag.py:3823} INFO - Setting next_dagrun for example_complex to None, run_after=None
[2025-04-04T08:40:24.913+0000] {processor.py:183} INFO - Processing /home/airflow/.local/lib/python3.8/site-packages/airflow/example_dags/example_complex.py took 0.077 seconds
[2025-04-04T08:40:55.205+0000] {processor.py:161} INFO - Started process (PID=2790) to work on /home/airflow/.local/lib/python3.8/site-packages/airflow/example_dags/example_complex.py
[2025-04-04T08:40:55.208+0000] {processor.py:830} INFO - Processing file /home/airflow/.local/lib/python3.8/site-packages/airflow/example_dags/example_complex.py for tasks to queue
[2025-04-04T08:40:55.210+0000] {logging_mixin.py:188} INFO - [2025-04-04T08:40:55.209+0000] {dagbag.py:538} INFO - Filling up the DagBag from /home/airflow/.local/lib/python3.8/site-packages/airflow/example_dags/example_complex.py
[2025-04-04T08:40:55.227+0000] {processor.py:840} INFO - DAG(s) 'example_complex' retrieved from /home/airflow/.local/lib/python3.8/site-packages/airflow/example_dags/example_complex.py
[2025-04-04T08:40:55.285+0000] {logging_mixin.py:188} INFO - [2025-04-04T08:40:55.284+0000] {dag.py:3036} INFO - Sync 1 DAGs
[2025-04-04T08:40:55.307+0000] {logging_mixin.py:188} INFO - [2025-04-04T08:40:55.306+0000] {dag.py:3823} INFO - Setting next_dagrun for example_complex to None, run_after=None
[2025-04-04T08:40:55.335+0000] {processor.py:183} INFO - Processing /home/airflow/.local/lib/python3.8/site-packages/airflow/example_dags/example_complex.py took 0.135 seconds
[2025-04-04T08:43:03.456+0000] {processor.py:161} INFO - Started process (PID=308) to work on /home/airflow/.local/lib/python3.8/site-packages/airflow/example_dags/example_complex.py
[2025-04-04T08:43:03.457+0000] {processor.py:830} INFO - Processing file /home/airflow/.local/lib/python3.8/site-packages/airflow/example_dags/example_complex.py for tasks to queue
[2025-04-04T08:43:03.459+0000] {logging_mixin.py:188} INFO - [2025-04-04T08:43:03.458+0000] {dagbag.py:538} INFO - Filling up the DagBag from /home/airflow/.local/lib/python3.8/site-packages/airflow/example_dags/example_complex.py
[2025-04-04T08:43:03.471+0000] {processor.py:840} INFO - DAG(s) 'example_complex' retrieved from /home/airflow/.local/lib/python3.8/site-packages/airflow/example_dags/example_complex.py
[2025-04-04T08:43:03.486+0000] {logging_mixin.py:188} INFO - [2025-04-04T08:43:03.486+0000] {dag.py:3036} INFO - Sync 1 DAGs
[2025-04-04T08:43:03.502+0000] {logging_mixin.py:188} INFO - [2025-04-04T08:43:03.502+0000] {dag.py:3823} INFO - Setting next_dagrun for example_complex to None, run_after=None
[2025-04-04T08:43:03.525+0000] {processor.py:183} INFO - Processing /home/airflow/.local/lib/python3.8/site-packages/airflow/example_dags/example_complex.py took 0.073 seconds
[2025-04-04T08:43:35.181+0000] {processor.py:161} INFO - Started process (PID=557) to work on /home/airflow/.local/lib/python3.8/site-packages/airflow/example_dags/example_complex.py
[2025-04-04T08:43:35.182+0000] {processor.py:830} INFO - Processing file /home/airflow/.local/lib/python3.8/site-packages/airflow/example_dags/example_complex.py for tasks to queue
[2025-04-04T08:43:35.183+0000] {logging_mixin.py:188} INFO - [2025-04-04T08:43:35.183+0000] {dagbag.py:538} INFO - Filling up the DagBag from /home/airflow/.local/lib/python3.8/site-packages/airflow/example_dags/example_complex.py
[2025-04-04T08:43:35.196+0000] {processor.py:840} INFO - DAG(s) 'example_complex' retrieved from /home/airflow/.local/lib/python3.8/site-packages/airflow/example_dags/example_complex.py
[2025-04-04T08:43:35.300+0000] {logging_mixin.py:188} INFO - [2025-04-04T08:43:35.299+0000] {dag.py:3036} INFO - Sync 1 DAGs
[2025-04-04T08:43:35.311+0000] {logging_mixin.py:188} INFO - [2025-04-04T08:43:35.311+0000] {dag.py:3823} INFO - Setting next_dagrun for example_complex to None, run_after=None
[2025-04-04T08:43:35.334+0000] {processor.py:183} INFO - Processing /home/airflow/.local/lib/python3.8/site-packages/airflow/example_dags/example_complex.py took 0.156 seconds
[2025-04-04T08:44:05.739+0000] {processor.py:161} INFO - Started process (PID=802) to work on /home/airflow/.local/lib/python3.8/site-packages/airflow/example_dags/example_complex.py
[2025-04-04T08:44:05.741+0000] {processor.py:830} INFO - Processing file /home/airflow/.local/lib/python3.8/site-packages/airflow/example_dags/example_complex.py for tasks to queue
[2025-04-04T08:44:05.742+0000] {logging_mixin.py:188} INFO - [2025-04-04T08:44:05.742+0000] {dagbag.py:538} INFO - Filling up the DagBag from /home/airflow/.local/lib/python3.8/site-packages/airflow/example_dags/example_complex.py
[2025-04-04T08:44:05.754+0000] {processor.py:840} INFO - DAG(s) 'example_complex' retrieved from /home/airflow/.local/lib/python3.8/site-packages/airflow/example_dags/example_complex.py
[2025-04-04T08:44:05.790+0000] {logging_mixin.py:188} INFO - [2025-04-04T08:44:05.790+0000] {dag.py:3036} INFO - Sync 1 DAGs
[2025-04-04T08:44:05.805+0000] {logging_mixin.py:188} INFO - [2025-04-04T08:44:05.805+0000] {dag.py:3823} INFO - Setting next_dagrun for example_complex to None, run_after=None
[2025-04-04T08:44:05.829+0000] {processor.py:183} INFO - Processing /home/airflow/.local/lib/python3.8/site-packages/airflow/example_dags/example_complex.py took 0.093 seconds
[2025-04-04T08:44:36.332+0000] {processor.py:161} INFO - Started process (PID=1051) to work on /home/airflow/.local/lib/python3.8/site-packages/airflow/example_dags/example_complex.py
[2025-04-04T08:44:36.333+0000] {processor.py:830} INFO - Processing file /home/airflow/.local/lib/python3.8/site-packages/airflow/example_dags/example_complex.py for tasks to queue
[2025-04-04T08:44:36.334+0000] {logging_mixin.py:188} INFO - [2025-04-04T08:44:36.334+0000] {dagbag.py:538} INFO - Filling up the DagBag from /home/airflow/.local/lib/python3.8/site-packages/airflow/example_dags/example_complex.py
[2025-04-04T08:44:36.344+0000] {processor.py:840} INFO - DAG(s) 'example_complex' retrieved from /home/airflow/.local/lib/python3.8/site-packages/airflow/example_dags/example_complex.py
[2025-04-04T08:44:36.376+0000] {logging_mixin.py:188} INFO - [2025-04-04T08:44:36.376+0000] {dag.py:3036} INFO - Sync 1 DAGs
[2025-04-04T08:44:36.389+0000] {logging_mixin.py:188} INFO - [2025-04-04T08:44:36.389+0000] {dag.py:3823} INFO - Setting next_dagrun for example_complex to None, run_after=None
[2025-04-04T08:44:36.412+0000] {processor.py:183} INFO - Processing /home/airflow/.local/lib/python3.8/site-packages/airflow/example_dags/example_complex.py took 0.084 seconds
[2025-04-04T08:45:06.986+0000] {processor.py:161} INFO - Started process (PID=1296) to work on /home/airflow/.local/lib/python3.8/site-packages/airflow/example_dags/example_complex.py
[2025-04-04T08:45:06.988+0000] {processor.py:830} INFO - Processing file /home/airflow/.local/lib/python3.8/site-packages/airflow/example_dags/example_complex.py for tasks to queue
[2025-04-04T08:45:06.989+0000] {logging_mixin.py:188} INFO - [2025-04-04T08:45:06.989+0000] {dagbag.py:538} INFO - Filling up the DagBag from /home/airflow/.local/lib/python3.8/site-packages/airflow/example_dags/example_complex.py
[2025-04-04T08:45:07.008+0000] {processor.py:840} INFO - DAG(s) 'example_complex' retrieved from /home/airflow/.local/lib/python3.8/site-packages/airflow/example_dags/example_complex.py
[2025-04-04T08:45:07.064+0000] {logging_mixin.py:188} INFO - [2025-04-04T08:45:07.064+0000] {dag.py:3036} INFO - Sync 1 DAGs
[2025-04-04T08:45:07.088+0000] {logging_mixin.py:188} INFO - [2025-04-04T08:45:07.088+0000] {dag.py:3823} INFO - Setting next_dagrun for example_complex to None, run_after=None
[2025-04-04T08:45:07.125+0000] {processor.py:183} INFO - Processing /home/airflow/.local/lib/python3.8/site-packages/airflow/example_dags/example_complex.py took 0.143 seconds
[2025-04-04T08:45:37.361+0000] {processor.py:161} INFO - Started process (PID=1543) to work on /home/airflow/.local/lib/python3.8/site-packages/airflow/example_dags/example_complex.py
[2025-04-04T08:45:37.362+0000] {processor.py:830} INFO - Processing file /home/airflow/.local/lib/python3.8/site-packages/airflow/example_dags/example_complex.py for tasks to queue
[2025-04-04T08:45:37.364+0000] {logging_mixin.py:188} INFO - [2025-04-04T08:45:37.363+0000] {dagbag.py:538} INFO - Filling up the DagBag from /home/airflow/.local/lib/python3.8/site-packages/airflow/example_dags/example_complex.py
[2025-04-04T08:45:37.375+0000] {processor.py:840} INFO - DAG(s) 'example_complex' retrieved from /home/airflow/.local/lib/python3.8/site-packages/airflow/example_dags/example_complex.py
[2025-04-04T08:45:37.411+0000] {logging_mixin.py:188} INFO - [2025-04-04T08:45:37.410+0000] {dag.py:3036} INFO - Sync 1 DAGs
[2025-04-04T08:45:37.423+0000] {logging_mixin.py:188} INFO - [2025-04-04T08:45:37.423+0000] {dag.py:3823} INFO - Setting next_dagrun for example_complex to None, run_after=None
[2025-04-04T08:45:37.495+0000] {processor.py:183} INFO - Processing /home/airflow/.local/lib/python3.8/site-packages/airflow/example_dags/example_complex.py took 0.138 seconds
[2025-04-04T08:46:07.670+0000] {processor.py:161} INFO - Started process (PID=1790) to work on /home/airflow/.local/lib/python3.8/site-packages/airflow/example_dags/example_complex.py
[2025-04-04T08:46:07.671+0000] {processor.py:830} INFO - Processing file /home/airflow/.local/lib/python3.8/site-packages/airflow/example_dags/example_complex.py for tasks to queue
[2025-04-04T08:46:07.673+0000] {logging_mixin.py:188} INFO - [2025-04-04T08:46:07.672+0000] {dagbag.py:538} INFO - Filling up the DagBag from /home/airflow/.local/lib/python3.8/site-packages/airflow/example_dags/example_complex.py
[2025-04-04T08:46:07.684+0000] {processor.py:840} INFO - DAG(s) 'example_complex' retrieved from /home/airflow/.local/lib/python3.8/site-packages/airflow/example_dags/example_complex.py
[2025-04-04T08:46:07.718+0000] {logging_mixin.py:188} INFO - [2025-04-04T08:46:07.718+0000] {dag.py:3036} INFO - Sync 1 DAGs
[2025-04-04T08:46:07.730+0000] {logging_mixin.py:188} INFO - [2025-04-04T08:46:07.730+0000] {dag.py:3823} INFO - Setting next_dagrun for example_complex to None, run_after=None
[2025-04-04T08:46:07.751+0000] {processor.py:183} INFO - Processing /home/airflow/.local/lib/python3.8/site-packages/airflow/example_dags/example_complex.py took 0.084 seconds
[2025-04-04T08:50:24.827+0000] {processor.py:161} INFO - Started process (PID=315) to work on /home/airflow/.local/lib/python3.8/site-packages/airflow/example_dags/example_complex.py
[2025-04-04T08:50:24.828+0000] {processor.py:830} INFO - Processing file /home/airflow/.local/lib/python3.8/site-packages/airflow/example_dags/example_complex.py for tasks to queue
[2025-04-04T08:50:24.829+0000] {logging_mixin.py:188} INFO - [2025-04-04T08:50:24.829+0000] {dagbag.py:538} INFO - Filling up the DagBag from /home/airflow/.local/lib/python3.8/site-packages/airflow/example_dags/example_complex.py
[2025-04-04T08:50:24.844+0000] {processor.py:840} INFO - DAG(s) 'example_complex' retrieved from /home/airflow/.local/lib/python3.8/site-packages/airflow/example_dags/example_complex.py
[2025-04-04T08:50:24.858+0000] {logging_mixin.py:188} INFO - [2025-04-04T08:50:24.858+0000] {dag.py:3036} INFO - Sync 1 DAGs
[2025-04-04T08:50:24.877+0000] {logging_mixin.py:188} INFO - [2025-04-04T08:50:24.877+0000] {dag.py:3823} INFO - Setting next_dagrun for example_complex to None, run_after=None
[2025-04-04T08:50:24.904+0000] {processor.py:183} INFO - Processing /home/airflow/.local/lib/python3.8/site-packages/airflow/example_dags/example_complex.py took 0.080 seconds
[2025-04-04T08:50:56.150+0000] {processor.py:161} INFO - Started process (PID=562) to work on /home/airflow/.local/lib/python3.8/site-packages/airflow/example_dags/example_complex.py
[2025-04-04T08:50:56.314+0000] {processor.py:830} INFO - Processing file /home/airflow/.local/lib/python3.8/site-packages/airflow/example_dags/example_complex.py for tasks to queue
[2025-04-04T08:50:56.317+0000] {logging_mixin.py:188} INFO - [2025-04-04T08:50:56.316+0000] {dagbag.py:538} INFO - Filling up the DagBag from /home/airflow/.local/lib/python3.8/site-packages/airflow/example_dags/example_complex.py
[2025-04-04T08:50:56.330+0000] {processor.py:840} INFO - DAG(s) 'example_complex' retrieved from /home/airflow/.local/lib/python3.8/site-packages/airflow/example_dags/example_complex.py
[2025-04-04T08:50:56.446+0000] {logging_mixin.py:188} INFO - [2025-04-04T08:50:56.446+0000] {dag.py:3036} INFO - Sync 1 DAGs
[2025-04-04T08:50:56.456+0000] {logging_mixin.py:188} INFO - [2025-04-04T08:50:56.456+0000] {dag.py:3823} INFO - Setting next_dagrun for example_complex to None, run_after=None
[2025-04-04T08:50:56.477+0000] {processor.py:183} INFO - Processing /home/airflow/.local/lib/python3.8/site-packages/airflow/example_dags/example_complex.py took 0.335 seconds
[2025-04-04T08:51:26.640+0000] {processor.py:161} INFO - Started process (PID=809) to work on /home/airflow/.local/lib/python3.8/site-packages/airflow/example_dags/example_complex.py
[2025-04-04T08:51:26.641+0000] {processor.py:830} INFO - Processing file /home/airflow/.local/lib/python3.8/site-packages/airflow/example_dags/example_complex.py for tasks to queue
[2025-04-04T08:51:26.642+0000] {logging_mixin.py:188} INFO - [2025-04-04T08:51:26.641+0000] {dagbag.py:538} INFO - Filling up the DagBag from /home/airflow/.local/lib/python3.8/site-packages/airflow/example_dags/example_complex.py
[2025-04-04T08:51:26.651+0000] {processor.py:840} INFO - DAG(s) 'example_complex' retrieved from /home/airflow/.local/lib/python3.8/site-packages/airflow/example_dags/example_complex.py
[2025-04-04T08:51:26.681+0000] {logging_mixin.py:188} INFO - [2025-04-04T08:51:26.680+0000] {dag.py:3036} INFO - Sync 1 DAGs
[2025-04-04T08:51:26.692+0000] {logging_mixin.py:188} INFO - [2025-04-04T08:51:26.692+0000] {dag.py:3823} INFO - Setting next_dagrun for example_complex to None, run_after=None
[2025-04-04T08:51:26.714+0000] {processor.py:183} INFO - Processing /home/airflow/.local/lib/python3.8/site-packages/airflow/example_dags/example_complex.py took 0.077 seconds
[2025-04-04T08:51:57.594+0000] {processor.py:161} INFO - Started process (PID=1056) to work on /home/airflow/.local/lib/python3.8/site-packages/airflow/example_dags/example_complex.py
[2025-04-04T08:51:57.613+0000] {processor.py:830} INFO - Processing file /home/airflow/.local/lib/python3.8/site-packages/airflow/example_dags/example_complex.py for tasks to queue
[2025-04-04T08:51:57.614+0000] {logging_mixin.py:188} INFO - [2025-04-04T08:51:57.614+0000] {dagbag.py:538} INFO - Filling up the DagBag from /home/airflow/.local/lib/python3.8/site-packages/airflow/example_dags/example_complex.py
[2025-04-04T08:51:57.624+0000] {processor.py:840} INFO - DAG(s) 'example_complex' retrieved from /home/airflow/.local/lib/python3.8/site-packages/airflow/example_dags/example_complex.py
[2025-04-04T08:51:57.660+0000] {logging_mixin.py:188} INFO - [2025-04-04T08:51:57.659+0000] {dag.py:3036} INFO - Sync 1 DAGs
[2025-04-04T08:51:57.680+0000] {logging_mixin.py:188} INFO - [2025-04-04T08:51:57.680+0000] {dag.py:3823} INFO - Setting next_dagrun for example_complex to None, run_after=None
[2025-04-04T08:51:57.718+0000] {processor.py:183} INFO - Processing /home/airflow/.local/lib/python3.8/site-packages/airflow/example_dags/example_complex.py took 0.128 seconds
[2025-04-04T08:52:27.796+0000] {processor.py:161} INFO - Started process (PID=1303) to work on /home/airflow/.local/lib/python3.8/site-packages/airflow/example_dags/example_complex.py
[2025-04-04T08:52:27.798+0000] {processor.py:830} INFO - Processing file /home/airflow/.local/lib/python3.8/site-packages/airflow/example_dags/example_complex.py for tasks to queue
[2025-04-04T08:52:27.799+0000] {logging_mixin.py:188} INFO - [2025-04-04T08:52:27.799+0000] {dagbag.py:538} INFO - Filling up the DagBag from /home/airflow/.local/lib/python3.8/site-packages/airflow/example_dags/example_complex.py
[2025-04-04T08:52:27.819+0000] {processor.py:840} INFO - DAG(s) 'example_complex' retrieved from /home/airflow/.local/lib/python3.8/site-packages/airflow/example_dags/example_complex.py
[2025-04-04T08:52:27.862+0000] {logging_mixin.py:188} INFO - [2025-04-04T08:52:27.862+0000] {dag.py:3036} INFO - Sync 1 DAGs
[2025-04-04T08:52:27.878+0000] {logging_mixin.py:188} INFO - [2025-04-04T08:52:27.878+0000] {dag.py:3823} INFO - Setting next_dagrun for example_complex to None, run_after=None
[2025-04-04T08:52:27.903+0000] {processor.py:183} INFO - Processing /home/airflow/.local/lib/python3.8/site-packages/airflow/example_dags/example_complex.py took 0.112 seconds
[2025-04-04T08:52:58.470+0000] {processor.py:161} INFO - Started process (PID=1550) to work on /home/airflow/.local/lib/python3.8/site-packages/airflow/example_dags/example_complex.py
[2025-04-04T08:52:58.471+0000] {processor.py:830} INFO - Processing file /home/airflow/.local/lib/python3.8/site-packages/airflow/example_dags/example_complex.py for tasks to queue
[2025-04-04T08:52:58.472+0000] {logging_mixin.py:188} INFO - [2025-04-04T08:52:58.472+0000] {dagbag.py:538} INFO - Filling up the DagBag from /home/airflow/.local/lib/python3.8/site-packages/airflow/example_dags/example_complex.py
[2025-04-04T08:52:58.484+0000] {processor.py:840} INFO - DAG(s) 'example_complex' retrieved from /home/airflow/.local/lib/python3.8/site-packages/airflow/example_dags/example_complex.py
[2025-04-04T08:52:58.520+0000] {logging_mixin.py:188} INFO - [2025-04-04T08:52:58.520+0000] {dag.py:3036} INFO - Sync 1 DAGs
[2025-04-04T08:52:58.535+0000] {logging_mixin.py:188} INFO - [2025-04-04T08:52:58.534+0000] {dag.py:3823} INFO - Setting next_dagrun for example_complex to None, run_after=None
[2025-04-04T08:52:58.559+0000] {processor.py:183} INFO - Processing /home/airflow/.local/lib/python3.8/site-packages/airflow/example_dags/example_complex.py took 0.092 seconds
[2025-04-04T08:53:29.532+0000] {processor.py:161} INFO - Started process (PID=1797) to work on /home/airflow/.local/lib/python3.8/site-packages/airflow/example_dags/example_complex.py
[2025-04-04T08:53:29.533+0000] {processor.py:830} INFO - Processing file /home/airflow/.local/lib/python3.8/site-packages/airflow/example_dags/example_complex.py for tasks to queue
[2025-04-04T08:53:29.534+0000] {logging_mixin.py:188} INFO - [2025-04-04T08:53:29.533+0000] {dagbag.py:538} INFO - Filling up the DagBag from /home/airflow/.local/lib/python3.8/site-packages/airflow/example_dags/example_complex.py
[2025-04-04T08:53:29.544+0000] {processor.py:840} INFO - DAG(s) 'example_complex' retrieved from /home/airflow/.local/lib/python3.8/site-packages/airflow/example_dags/example_complex.py
[2025-04-04T08:53:29.573+0000] {logging_mixin.py:188} INFO - [2025-04-04T08:53:29.573+0000] {dag.py:3036} INFO - Sync 1 DAGs
[2025-04-04T08:53:29.587+0000] {logging_mixin.py:188} INFO - [2025-04-04T08:53:29.586+0000] {dag.py:3823} INFO - Setting next_dagrun for example_complex to None, run_after=None
[2025-04-04T08:53:29.609+0000] {processor.py:183} INFO - Processing /home/airflow/.local/lib/python3.8/site-packages/airflow/example_dags/example_complex.py took 0.080 seconds
[2025-04-04T08:53:59.874+0000] {processor.py:161} INFO - Started process (PID=2044) to work on /home/airflow/.local/lib/python3.8/site-packages/airflow/example_dags/example_complex.py
[2025-04-04T08:53:59.876+0000] {processor.py:830} INFO - Processing file /home/airflow/.local/lib/python3.8/site-packages/airflow/example_dags/example_complex.py for tasks to queue
[2025-04-04T08:53:59.877+0000] {logging_mixin.py:188} INFO - [2025-04-04T08:53:59.877+0000] {dagbag.py:538} INFO - Filling up the DagBag from /home/airflow/.local/lib/python3.8/site-packages/airflow/example_dags/example_complex.py
[2025-04-04T08:53:59.888+0000] {processor.py:840} INFO - DAG(s) 'example_complex' retrieved from /home/airflow/.local/lib/python3.8/site-packages/airflow/example_dags/example_complex.py
[2025-04-04T08:53:59.921+0000] {logging_mixin.py:188} INFO - [2025-04-04T08:53:59.921+0000] {dag.py:3036} INFO - Sync 1 DAGs
[2025-04-04T08:53:59.933+0000] {logging_mixin.py:188} INFO - [2025-04-04T08:53:59.933+0000] {dag.py:3823} INFO - Setting next_dagrun for example_complex to None, run_after=None
[2025-04-04T08:53:59.953+0000] {processor.py:183} INFO - Processing /home/airflow/.local/lib/python3.8/site-packages/airflow/example_dags/example_complex.py took 0.082 seconds
[2025-04-04T08:54:32.708+0000] {processor.py:161} INFO - Started process (PID=2291) to work on /home/airflow/.local/lib/python3.8/site-packages/airflow/example_dags/example_complex.py
[2025-04-04T08:54:32.710+0000] {processor.py:830} INFO - Processing file /home/airflow/.local/lib/python3.8/site-packages/airflow/example_dags/example_complex.py for tasks to queue
[2025-04-04T08:54:32.712+0000] {logging_mixin.py:188} INFO - [2025-04-04T08:54:32.711+0000] {dagbag.py:538} INFO - Filling up the DagBag from /home/airflow/.local/lib/python3.8/site-packages/airflow/example_dags/example_complex.py
[2025-04-04T08:54:32.725+0000] {processor.py:840} INFO - DAG(s) 'example_complex' retrieved from /home/airflow/.local/lib/python3.8/site-packages/airflow/example_dags/example_complex.py
[2025-04-04T08:54:32.765+0000] {logging_mixin.py:188} INFO - [2025-04-04T08:54:32.765+0000] {dag.py:3036} INFO - Sync 1 DAGs
[2025-04-04T08:54:32.779+0000] {logging_mixin.py:188} INFO - [2025-04-04T08:54:32.778+0000] {dag.py:3823} INFO - Setting next_dagrun for example_complex to None, run_after=None
[2025-04-04T08:54:32.825+0000] {processor.py:183} INFO - Processing /home/airflow/.local/lib/python3.8/site-packages/airflow/example_dags/example_complex.py took 0.120 seconds
[2025-04-04T08:55:03.290+0000] {processor.py:161} INFO - Started process (PID=2538) to work on /home/airflow/.local/lib/python3.8/site-packages/airflow/example_dags/example_complex.py
[2025-04-04T08:55:03.292+0000] {processor.py:830} INFO - Processing file /home/airflow/.local/lib/python3.8/site-packages/airflow/example_dags/example_complex.py for tasks to queue
[2025-04-04T08:55:03.294+0000] {logging_mixin.py:188} INFO - [2025-04-04T08:55:03.293+0000] {dagbag.py:538} INFO - Filling up the DagBag from /home/airflow/.local/lib/python3.8/site-packages/airflow/example_dags/example_complex.py
[2025-04-04T08:55:03.312+0000] {processor.py:840} INFO - DAG(s) 'example_complex' retrieved from /home/airflow/.local/lib/python3.8/site-packages/airflow/example_dags/example_complex.py
[2025-04-04T08:55:03.364+0000] {logging_mixin.py:188} INFO - [2025-04-04T08:55:03.364+0000] {dag.py:3036} INFO - Sync 1 DAGs
[2025-04-04T08:55:03.384+0000] {logging_mixin.py:188} INFO - [2025-04-04T08:55:03.383+0000] {dag.py:3823} INFO - Setting next_dagrun for example_complex to None, run_after=None
[2025-04-04T08:55:03.419+0000] {processor.py:183} INFO - Processing /home/airflow/.local/lib/python3.8/site-packages/airflow/example_dags/example_complex.py took 0.133 seconds
[2025-04-04T08:55:34.057+0000] {processor.py:161} INFO - Started process (PID=2785) to work on /home/airflow/.local/lib/python3.8/site-packages/airflow/example_dags/example_complex.py
[2025-04-04T08:55:34.058+0000] {processor.py:830} INFO - Processing file /home/airflow/.local/lib/python3.8/site-packages/airflow/example_dags/example_complex.py for tasks to queue
[2025-04-04T08:55:34.060+0000] {logging_mixin.py:188} INFO - [2025-04-04T08:55:34.059+0000] {dagbag.py:538} INFO - Filling up the DagBag from /home/airflow/.local/lib/python3.8/site-packages/airflow/example_dags/example_complex.py
[2025-04-04T08:55:34.073+0000] {processor.py:840} INFO - DAG(s) 'example_complex' retrieved from /home/airflow/.local/lib/python3.8/site-packages/airflow/example_dags/example_complex.py
[2025-04-04T08:55:34.109+0000] {logging_mixin.py:188} INFO - [2025-04-04T08:55:34.109+0000] {dag.py:3036} INFO - Sync 1 DAGs
[2025-04-04T08:55:34.122+0000] {logging_mixin.py:188} INFO - [2025-04-04T08:55:34.122+0000] {dag.py:3823} INFO - Setting next_dagrun for example_complex to None, run_after=None
[2025-04-04T08:55:34.146+0000] {processor.py:183} INFO - Processing /home/airflow/.local/lib/python3.8/site-packages/airflow/example_dags/example_complex.py took 0.094 seconds
[2025-04-04T09:14:14.958+0000] {processor.py:161} INFO - Started process (PID=335) to work on /home/airflow/.local/lib/python3.8/site-packages/airflow/example_dags/example_complex.py
[2025-04-04T09:14:14.960+0000] {processor.py:830} INFO - Processing file /home/airflow/.local/lib/python3.8/site-packages/airflow/example_dags/example_complex.py for tasks to queue
[2025-04-04T09:14:14.961+0000] {logging_mixin.py:188} INFO - [2025-04-04T09:14:14.961+0000] {dagbag.py:538} INFO - Filling up the DagBag from /home/airflow/.local/lib/python3.8/site-packages/airflow/example_dags/example_complex.py
[2025-04-04T09:14:14.986+0000] {processor.py:840} INFO - DAG(s) 'example_complex' retrieved from /home/airflow/.local/lib/python3.8/site-packages/airflow/example_dags/example_complex.py
[2025-04-04T09:14:15.218+0000] {logging_mixin.py:188} INFO - [2025-04-04T09:14:15.218+0000] {dag.py:3036} INFO - Sync 1 DAGs
[2025-04-04T09:14:15.235+0000] {logging_mixin.py:188} INFO - [2025-04-04T09:14:15.235+0000] {dag.py:3823} INFO - Setting next_dagrun for example_complex to None, run_after=None
[2025-04-04T09:14:15.268+0000] {processor.py:183} INFO - Processing /home/airflow/.local/lib/python3.8/site-packages/airflow/example_dags/example_complex.py took 0.316 seconds
[2025-04-04T09:14:45.936+0000] {processor.py:161} INFO - Started process (PID=584) to work on /home/airflow/.local/lib/python3.8/site-packages/airflow/example_dags/example_complex.py
[2025-04-04T09:14:45.972+0000] {processor.py:830} INFO - Processing file /home/airflow/.local/lib/python3.8/site-packages/airflow/example_dags/example_complex.py for tasks to queue
[2025-04-04T09:14:45.974+0000] {logging_mixin.py:188} INFO - [2025-04-04T09:14:45.974+0000] {dagbag.py:538} INFO - Filling up the DagBag from /home/airflow/.local/lib/python3.8/site-packages/airflow/example_dags/example_complex.py
[2025-04-04T09:14:46.022+0000] {processor.py:840} INFO - DAG(s) 'example_complex' retrieved from /home/airflow/.local/lib/python3.8/site-packages/airflow/example_dags/example_complex.py
[2025-04-04T09:14:46.099+0000] {logging_mixin.py:188} INFO - [2025-04-04T09:14:46.098+0000] {dag.py:3036} INFO - Sync 1 DAGs
[2025-04-04T09:14:46.131+0000] {logging_mixin.py:188} INFO - [2025-04-04T09:14:46.131+0000] {dag.py:3823} INFO - Setting next_dagrun for example_complex to None, run_after=None
[2025-04-04T09:14:46.208+0000] {processor.py:183} INFO - Processing /home/airflow/.local/lib/python3.8/site-packages/airflow/example_dags/example_complex.py took 0.285 seconds
[2025-04-04T09:15:18.351+0000] {processor.py:161} INFO - Started process (PID=829) to work on /home/airflow/.local/lib/python3.8/site-packages/airflow/example_dags/example_complex.py
[2025-04-04T09:15:18.353+0000] {processor.py:830} INFO - Processing file /home/airflow/.local/lib/python3.8/site-packages/airflow/example_dags/example_complex.py for tasks to queue
[2025-04-04T09:15:18.354+0000] {logging_mixin.py:188} INFO - [2025-04-04T09:15:18.354+0000] {dagbag.py:538} INFO - Filling up the DagBag from /home/airflow/.local/lib/python3.8/site-packages/airflow/example_dags/example_complex.py
[2025-04-04T09:15:18.367+0000] {processor.py:840} INFO - DAG(s) 'example_complex' retrieved from /home/airflow/.local/lib/python3.8/site-packages/airflow/example_dags/example_complex.py
[2025-04-04T09:15:18.407+0000] {logging_mixin.py:188} INFO - [2025-04-04T09:15:18.406+0000] {dag.py:3036} INFO - Sync 1 DAGs
[2025-04-04T09:15:18.422+0000] {logging_mixin.py:188} INFO - [2025-04-04T09:15:18.422+0000] {dag.py:3823} INFO - Setting next_dagrun for example_complex to None, run_after=None
[2025-04-04T09:15:18.445+0000] {processor.py:183} INFO - Processing /home/airflow/.local/lib/python3.8/site-packages/airflow/example_dags/example_complex.py took 0.098 seconds
[2025-04-04T09:15:49.350+0000] {processor.py:161} INFO - Started process (PID=1076) to work on /home/airflow/.local/lib/python3.8/site-packages/airflow/example_dags/example_complex.py
[2025-04-04T09:15:49.352+0000] {processor.py:830} INFO - Processing file /home/airflow/.local/lib/python3.8/site-packages/airflow/example_dags/example_complex.py for tasks to queue
[2025-04-04T09:15:49.353+0000] {logging_mixin.py:188} INFO - [2025-04-04T09:15:49.353+0000] {dagbag.py:538} INFO - Filling up the DagBag from /home/airflow/.local/lib/python3.8/site-packages/airflow/example_dags/example_complex.py
[2025-04-04T09:15:49.365+0000] {processor.py:840} INFO - DAG(s) 'example_complex' retrieved from /home/airflow/.local/lib/python3.8/site-packages/airflow/example_dags/example_complex.py
[2025-04-04T09:15:49.398+0000] {logging_mixin.py:188} INFO - [2025-04-04T09:15:49.398+0000] {dag.py:3036} INFO - Sync 1 DAGs
[2025-04-04T09:15:49.411+0000] {logging_mixin.py:188} INFO - [2025-04-04T09:15:49.411+0000] {dag.py:3823} INFO - Setting next_dagrun for example_complex to None, run_after=None
[2025-04-04T09:15:49.434+0000] {processor.py:183} INFO - Processing /home/airflow/.local/lib/python3.8/site-packages/airflow/example_dags/example_complex.py took 0.087 seconds
