[2025-04-04T08:35:48.948+0000] {processor.py:161} INFO - Started process (PID=315) to work on /home/airflow/.local/lib/python3.8/site-packages/airflow/example_dags/example_bash_operator.py
[2025-04-04T08:35:48.950+0000] {processor.py:830} INFO - Processing file /home/airflow/.local/lib/python3.8/site-packages/airflow/example_dags/example_bash_operator.py for tasks to queue
[2025-04-04T08:35:48.952+0000] {logging_mixin.py:188} INFO - [2025-04-04T08:35:48.952+0000] {dagbag.py:538} INFO - Filling up the DagBag from /home/airflow/.local/lib/python3.8/site-packages/airflow/example_dags/example_bash_operator.py
[2025-04-04T08:35:48.980+0000] {processor.py:840} INFO - DAG(s) 'example_bash_operator' retrieved from /home/airflow/.local/lib/python3.8/site-packages/airflow/example_dags/example_bash_operator.py
[2025-04-04T08:35:49.232+0000] {logging_mixin.py:188} INFO - [2025-04-04T08:35:49.231+0000] {override.py:1769} INFO - Created Permission View: can edit on DAG:example_bash_operator
[2025-04-04T08:35:49.251+0000] {logging_mixin.py:188} INFO - [2025-04-04T08:35:49.250+0000] {override.py:1769} INFO - Created Permission View: can read on DAG:example_bash_operator
[2025-04-04T08:35:49.263+0000] {logging_mixin.py:188} INFO - [2025-04-04T08:35:49.262+0000] {override.py:1769} INFO - Created Permission View: can delete on DAG:example_bash_operator
[2025-04-04T08:35:49.264+0000] {logging_mixin.py:188} INFO - [2025-04-04T08:35:49.264+0000] {dag.py:3036} INFO - Sync 1 DAGs
[2025-04-04T08:35:49.284+0000] {logging_mixin.py:188} INFO - [2025-04-04T08:35:49.284+0000] {dag.py:3058} INFO - Creating ORM DAG for example_bash_operator
[2025-04-04T08:35:49.307+0000] {logging_mixin.py:188} INFO - [2025-04-04T08:35:49.306+0000] {dag.py:3823} INFO - Setting next_dagrun for example_bash_operator to 2025-04-03 00:00:00+00:00, run_after=2025-04-04 00:00:00+00:00
[2025-04-04T08:35:49.342+0000] {processor.py:183} INFO - Processing /home/airflow/.local/lib/python3.8/site-packages/airflow/example_dags/example_bash_operator.py took 0.399 seconds
[2025-04-04T08:36:20.240+0000] {processor.py:161} INFO - Started process (PID=564) to work on /home/airflow/.local/lib/python3.8/site-packages/airflow/example_dags/example_bash_operator.py
[2025-04-04T08:36:20.241+0000] {processor.py:830} INFO - Processing file /home/airflow/.local/lib/python3.8/site-packages/airflow/example_dags/example_bash_operator.py for tasks to queue
[2025-04-04T08:36:20.243+0000] {logging_mixin.py:188} INFO - [2025-04-04T08:36:20.242+0000] {dagbag.py:538} INFO - Filling up the DagBag from /home/airflow/.local/lib/python3.8/site-packages/airflow/example_dags/example_bash_operator.py
[2025-04-04T08:36:20.280+0000] {processor.py:840} INFO - DAG(s) 'example_bash_operator' retrieved from /home/airflow/.local/lib/python3.8/site-packages/airflow/example_dags/example_bash_operator.py
[2025-04-04T08:36:20.340+0000] {logging_mixin.py:188} INFO - [2025-04-04T08:36:20.340+0000] {dag.py:3036} INFO - Sync 1 DAGs
[2025-04-04T08:36:20.427+0000] {logging_mixin.py:188} INFO - [2025-04-04T08:36:20.427+0000] {dag.py:3823} INFO - Setting next_dagrun for example_bash_operator to 2025-04-03 00:00:00+00:00, run_after=2025-04-04 00:00:00+00:00
[2025-04-04T08:36:20.470+0000] {processor.py:183} INFO - Processing /home/airflow/.local/lib/python3.8/site-packages/airflow/example_dags/example_bash_operator.py took 0.235 seconds
[2025-04-04T08:36:50.809+0000] {processor.py:161} INFO - Started process (PID=811) to work on /home/airflow/.local/lib/python3.8/site-packages/airflow/example_dags/example_bash_operator.py
[2025-04-04T08:36:50.810+0000] {processor.py:830} INFO - Processing file /home/airflow/.local/lib/python3.8/site-packages/airflow/example_dags/example_bash_operator.py for tasks to queue
[2025-04-04T08:36:50.811+0000] {logging_mixin.py:188} INFO - [2025-04-04T08:36:50.811+0000] {dagbag.py:538} INFO - Filling up the DagBag from /home/airflow/.local/lib/python3.8/site-packages/airflow/example_dags/example_bash_operator.py
[2025-04-04T08:36:50.822+0000] {processor.py:840} INFO - DAG(s) 'example_bash_operator' retrieved from /home/airflow/.local/lib/python3.8/site-packages/airflow/example_dags/example_bash_operator.py
[2025-04-04T08:36:50.852+0000] {logging_mixin.py:188} INFO - [2025-04-04T08:36:50.852+0000] {dag.py:3036} INFO - Sync 1 DAGs
[2025-04-04T08:36:50.875+0000] {logging_mixin.py:188} INFO - [2025-04-04T08:36:50.875+0000] {dag.py:3823} INFO - Setting next_dagrun for example_bash_operator to 2025-04-03 00:00:00+00:00, run_after=2025-04-04 00:00:00+00:00
[2025-04-04T08:36:50.898+0000] {processor.py:183} INFO - Processing /home/airflow/.local/lib/python3.8/site-packages/airflow/example_dags/example_bash_operator.py took 0.092 seconds
[2025-04-04T08:37:21.796+0000] {processor.py:161} INFO - Started process (PID=1058) to work on /home/airflow/.local/lib/python3.8/site-packages/airflow/example_dags/example_bash_operator.py
[2025-04-04T08:37:21.797+0000] {processor.py:830} INFO - Processing file /home/airflow/.local/lib/python3.8/site-packages/airflow/example_dags/example_bash_operator.py for tasks to queue
[2025-04-04T08:37:21.799+0000] {logging_mixin.py:188} INFO - [2025-04-04T08:37:21.798+0000] {dagbag.py:538} INFO - Filling up the DagBag from /home/airflow/.local/lib/python3.8/site-packages/airflow/example_dags/example_bash_operator.py
[2025-04-04T08:37:21.811+0000] {processor.py:840} INFO - DAG(s) 'example_bash_operator' retrieved from /home/airflow/.local/lib/python3.8/site-packages/airflow/example_dags/example_bash_operator.py
[2025-04-04T08:37:21.852+0000] {logging_mixin.py:188} INFO - [2025-04-04T08:37:21.851+0000] {dag.py:3036} INFO - Sync 1 DAGs
[2025-04-04T08:37:21.878+0000] {logging_mixin.py:188} INFO - [2025-04-04T08:37:21.878+0000] {dag.py:3823} INFO - Setting next_dagrun for example_bash_operator to 2025-04-03 00:00:00+00:00, run_after=2025-04-04 00:00:00+00:00
[2025-04-04T08:37:21.897+0000] {processor.py:183} INFO - Processing /home/airflow/.local/lib/python3.8/site-packages/airflow/example_dags/example_bash_operator.py took 0.105 seconds
[2025-04-04T08:37:52.027+0000] {processor.py:161} INFO - Started process (PID=1305) to work on /home/airflow/.local/lib/python3.8/site-packages/airflow/example_dags/example_bash_operator.py
[2025-04-04T08:37:52.028+0000] {processor.py:830} INFO - Processing file /home/airflow/.local/lib/python3.8/site-packages/airflow/example_dags/example_bash_operator.py for tasks to queue
[2025-04-04T08:37:52.029+0000] {logging_mixin.py:188} INFO - [2025-04-04T08:37:52.029+0000] {dagbag.py:538} INFO - Filling up the DagBag from /home/airflow/.local/lib/python3.8/site-packages/airflow/example_dags/example_bash_operator.py
[2025-04-04T08:37:52.039+0000] {processor.py:840} INFO - DAG(s) 'example_bash_operator' retrieved from /home/airflow/.local/lib/python3.8/site-packages/airflow/example_dags/example_bash_operator.py
[2025-04-04T08:37:52.071+0000] {logging_mixin.py:188} INFO - [2025-04-04T08:37:52.071+0000] {dag.py:3036} INFO - Sync 1 DAGs
[2025-04-04T08:37:52.093+0000] {logging_mixin.py:188} INFO - [2025-04-04T08:37:52.092+0000] {dag.py:3823} INFO - Setting next_dagrun for example_bash_operator to 2025-04-03 00:00:00+00:00, run_after=2025-04-04 00:00:00+00:00
[2025-04-04T08:37:52.116+0000] {processor.py:183} INFO - Processing /home/airflow/.local/lib/python3.8/site-packages/airflow/example_dags/example_bash_operator.py took 0.091 seconds
[2025-04-04T08:38:22.299+0000] {processor.py:161} INFO - Started process (PID=1552) to work on /home/airflow/.local/lib/python3.8/site-packages/airflow/example_dags/example_bash_operator.py
[2025-04-04T08:38:22.301+0000] {processor.py:830} INFO - Processing file /home/airflow/.local/lib/python3.8/site-packages/airflow/example_dags/example_bash_operator.py for tasks to queue
[2025-04-04T08:38:22.302+0000] {logging_mixin.py:188} INFO - [2025-04-04T08:38:22.301+0000] {dagbag.py:538} INFO - Filling up the DagBag from /home/airflow/.local/lib/python3.8/site-packages/airflow/example_dags/example_bash_operator.py
[2025-04-04T08:38:22.314+0000] {processor.py:840} INFO - DAG(s) 'example_bash_operator' retrieved from /home/airflow/.local/lib/python3.8/site-packages/airflow/example_dags/example_bash_operator.py
[2025-04-04T08:38:22.407+0000] {logging_mixin.py:188} INFO - [2025-04-04T08:38:22.407+0000] {dag.py:3036} INFO - Sync 1 DAGs
[2025-04-04T08:38:22.458+0000] {logging_mixin.py:188} INFO - [2025-04-04T08:38:22.457+0000] {dag.py:3823} INFO - Setting next_dagrun for example_bash_operator to 2025-04-03 00:00:00+00:00, run_after=2025-04-04 00:00:00+00:00
[2025-04-04T08:38:22.479+0000] {processor.py:183} INFO - Processing /home/airflow/.local/lib/python3.8/site-packages/airflow/example_dags/example_bash_operator.py took 0.184 seconds
[2025-04-04T08:38:52.816+0000] {processor.py:161} INFO - Started process (PID=1799) to work on /home/airflow/.local/lib/python3.8/site-packages/airflow/example_dags/example_bash_operator.py
[2025-04-04T08:38:52.817+0000] {processor.py:830} INFO - Processing file /home/airflow/.local/lib/python3.8/site-packages/airflow/example_dags/example_bash_operator.py for tasks to queue
[2025-04-04T08:38:52.817+0000] {logging_mixin.py:188} INFO - [2025-04-04T08:38:52.817+0000] {dagbag.py:538} INFO - Filling up the DagBag from /home/airflow/.local/lib/python3.8/site-packages/airflow/example_dags/example_bash_operator.py
[2025-04-04T08:38:52.828+0000] {processor.py:840} INFO - DAG(s) 'example_bash_operator' retrieved from /home/airflow/.local/lib/python3.8/site-packages/airflow/example_dags/example_bash_operator.py
[2025-04-04T08:38:52.859+0000] {logging_mixin.py:188} INFO - [2025-04-04T08:38:52.859+0000] {dag.py:3036} INFO - Sync 1 DAGs
[2025-04-04T08:38:52.883+0000] {logging_mixin.py:188} INFO - [2025-04-04T08:38:52.883+0000] {dag.py:3823} INFO - Setting next_dagrun for example_bash_operator to 2025-04-03 00:00:00+00:00, run_after=2025-04-04 00:00:00+00:00
[2025-04-04T08:38:52.989+0000] {processor.py:183} INFO - Processing /home/airflow/.local/lib/python3.8/site-packages/airflow/example_dags/example_bash_operator.py took 0.177 seconds
[2025-04-04T08:39:23.759+0000] {processor.py:161} INFO - Started process (PID=2046) to work on /home/airflow/.local/lib/python3.8/site-packages/airflow/example_dags/example_bash_operator.py
[2025-04-04T08:39:23.760+0000] {processor.py:830} INFO - Processing file /home/airflow/.local/lib/python3.8/site-packages/airflow/example_dags/example_bash_operator.py for tasks to queue
[2025-04-04T08:39:23.761+0000] {logging_mixin.py:188} INFO - [2025-04-04T08:39:23.760+0000] {dagbag.py:538} INFO - Filling up the DagBag from /home/airflow/.local/lib/python3.8/site-packages/airflow/example_dags/example_bash_operator.py
[2025-04-04T08:39:23.772+0000] {processor.py:840} INFO - DAG(s) 'example_bash_operator' retrieved from /home/airflow/.local/lib/python3.8/site-packages/airflow/example_dags/example_bash_operator.py
[2025-04-04T08:39:23.799+0000] {logging_mixin.py:188} INFO - [2025-04-04T08:39:23.799+0000] {dag.py:3036} INFO - Sync 1 DAGs
[2025-04-04T08:39:23.821+0000] {logging_mixin.py:188} INFO - [2025-04-04T08:39:23.821+0000] {dag.py:3823} INFO - Setting next_dagrun for example_bash_operator to 2025-04-03 00:00:00+00:00, run_after=2025-04-04 00:00:00+00:00
[2025-04-04T08:39:23.843+0000] {processor.py:183} INFO - Processing /home/airflow/.local/lib/python3.8/site-packages/airflow/example_dags/example_bash_operator.py took 0.088 seconds
[2025-04-04T08:39:54.134+0000] {processor.py:161} INFO - Started process (PID=2293) to work on /home/airflow/.local/lib/python3.8/site-packages/airflow/example_dags/example_bash_operator.py
[2025-04-04T08:39:54.135+0000] {processor.py:830} INFO - Processing file /home/airflow/.local/lib/python3.8/site-packages/airflow/example_dags/example_bash_operator.py for tasks to queue
[2025-04-04T08:39:54.136+0000] {logging_mixin.py:188} INFO - [2025-04-04T08:39:54.136+0000] {dagbag.py:538} INFO - Filling up the DagBag from /home/airflow/.local/lib/python3.8/site-packages/airflow/example_dags/example_bash_operator.py
[2025-04-04T08:39:54.146+0000] {processor.py:840} INFO - DAG(s) 'example_bash_operator' retrieved from /home/airflow/.local/lib/python3.8/site-packages/airflow/example_dags/example_bash_operator.py
[2025-04-04T08:39:54.177+0000] {logging_mixin.py:188} INFO - [2025-04-04T08:39:54.176+0000] {dag.py:3036} INFO - Sync 1 DAGs
[2025-04-04T08:39:54.201+0000] {logging_mixin.py:188} INFO - [2025-04-04T08:39:54.200+0000] {dag.py:3823} INFO - Setting next_dagrun for example_bash_operator to 2025-04-03 00:00:00+00:00, run_after=2025-04-04 00:00:00+00:00
[2025-04-04T08:39:54.223+0000] {processor.py:183} INFO - Processing /home/airflow/.local/lib/python3.8/site-packages/airflow/example_dags/example_bash_operator.py took 0.092 seconds
[2025-04-04T08:40:24.839+0000] {processor.py:161} INFO - Started process (PID=2540) to work on /home/airflow/.local/lib/python3.8/site-packages/airflow/example_dags/example_bash_operator.py
[2025-04-04T08:40:24.841+0000] {processor.py:830} INFO - Processing file /home/airflow/.local/lib/python3.8/site-packages/airflow/example_dags/example_bash_operator.py for tasks to queue
[2025-04-04T08:40:24.842+0000] {logging_mixin.py:188} INFO - [2025-04-04T08:40:24.841+0000] {dagbag.py:538} INFO - Filling up the DagBag from /home/airflow/.local/lib/python3.8/site-packages/airflow/example_dags/example_bash_operator.py
[2025-04-04T08:40:24.852+0000] {processor.py:840} INFO - DAG(s) 'example_bash_operator' retrieved from /home/airflow/.local/lib/python3.8/site-packages/airflow/example_dags/example_bash_operator.py
[2025-04-04T08:40:24.880+0000] {logging_mixin.py:188} INFO - [2025-04-04T08:40:24.880+0000] {dag.py:3036} INFO - Sync 1 DAGs
[2025-04-04T08:40:24.901+0000] {logging_mixin.py:188} INFO - [2025-04-04T08:40:24.900+0000] {dag.py:3823} INFO - Setting next_dagrun for example_bash_operator to 2025-04-03 00:00:00+00:00, run_after=2025-04-04 00:00:00+00:00
[2025-04-04T08:40:24.922+0000] {processor.py:183} INFO - Processing /home/airflow/.local/lib/python3.8/site-packages/airflow/example_dags/example_bash_operator.py took 0.086 seconds
[2025-04-04T08:40:55.205+0000] {processor.py:161} INFO - Started process (PID=2787) to work on /home/airflow/.local/lib/python3.8/site-packages/airflow/example_dags/example_bash_operator.py
[2025-04-04T08:40:55.207+0000] {processor.py:830} INFO - Processing file /home/airflow/.local/lib/python3.8/site-packages/airflow/example_dags/example_bash_operator.py for tasks to queue
[2025-04-04T08:40:55.209+0000] {logging_mixin.py:188} INFO - [2025-04-04T08:40:55.208+0000] {dagbag.py:538} INFO - Filling up the DagBag from /home/airflow/.local/lib/python3.8/site-packages/airflow/example_dags/example_bash_operator.py
[2025-04-04T08:40:55.230+0000] {processor.py:840} INFO - DAG(s) 'example_bash_operator' retrieved from /home/airflow/.local/lib/python3.8/site-packages/airflow/example_dags/example_bash_operator.py
[2025-04-04T08:40:55.286+0000] {logging_mixin.py:188} INFO - [2025-04-04T08:40:55.286+0000] {dag.py:3036} INFO - Sync 1 DAGs
[2025-04-04T08:40:55.326+0000] {logging_mixin.py:188} INFO - [2025-04-04T08:40:55.325+0000] {dag.py:3823} INFO - Setting next_dagrun for example_bash_operator to 2025-04-03 00:00:00+00:00, run_after=2025-04-04 00:00:00+00:00
[2025-04-04T08:40:55.350+0000] {processor.py:183} INFO - Processing /home/airflow/.local/lib/python3.8/site-packages/airflow/example_dags/example_bash_operator.py took 0.150 seconds
[2025-04-04T08:43:03.325+0000] {processor.py:161} INFO - Started process (PID=303) to work on /home/airflow/.local/lib/python3.8/site-packages/airflow/example_dags/example_bash_operator.py
[2025-04-04T08:43:03.327+0000] {processor.py:830} INFO - Processing file /home/airflow/.local/lib/python3.8/site-packages/airflow/example_dags/example_bash_operator.py for tasks to queue
[2025-04-04T08:43:03.329+0000] {logging_mixin.py:188} INFO - [2025-04-04T08:43:03.329+0000] {dagbag.py:538} INFO - Filling up the DagBag from /home/airflow/.local/lib/python3.8/site-packages/airflow/example_dags/example_bash_operator.py
[2025-04-04T08:43:03.353+0000] {processor.py:840} INFO - DAG(s) 'example_bash_operator' retrieved from /home/airflow/.local/lib/python3.8/site-packages/airflow/example_dags/example_bash_operator.py
[2025-04-04T08:43:03.377+0000] {logging_mixin.py:188} INFO - [2025-04-04T08:43:03.376+0000] {dag.py:3036} INFO - Sync 1 DAGs
[2025-04-04T08:43:03.441+0000] {logging_mixin.py:188} INFO - [2025-04-04T08:43:03.440+0000] {dag.py:3823} INFO - Setting next_dagrun for example_bash_operator to 2025-04-03 00:00:00+00:00, run_after=2025-04-04 00:00:00+00:00
[2025-04-04T08:43:03.465+0000] {processor.py:183} INFO - Processing /home/airflow/.local/lib/python3.8/site-packages/airflow/example_dags/example_bash_operator.py took 0.145 seconds
[2025-04-04T08:43:34.996+0000] {processor.py:161} INFO - Started process (PID=552) to work on /home/airflow/.local/lib/python3.8/site-packages/airflow/example_dags/example_bash_operator.py
[2025-04-04T08:43:34.997+0000] {processor.py:830} INFO - Processing file /home/airflow/.local/lib/python3.8/site-packages/airflow/example_dags/example_bash_operator.py for tasks to queue
[2025-04-04T08:43:34.998+0000] {logging_mixin.py:188} INFO - [2025-04-04T08:43:34.998+0000] {dagbag.py:538} INFO - Filling up the DagBag from /home/airflow/.local/lib/python3.8/site-packages/airflow/example_dags/example_bash_operator.py
[2025-04-04T08:43:35.008+0000] {processor.py:840} INFO - DAG(s) 'example_bash_operator' retrieved from /home/airflow/.local/lib/python3.8/site-packages/airflow/example_dags/example_bash_operator.py
[2025-04-04T08:43:35.105+0000] {logging_mixin.py:188} INFO - [2025-04-04T08:43:35.105+0000] {dag.py:3036} INFO - Sync 1 DAGs
[2025-04-04T08:43:35.124+0000] {logging_mixin.py:188} INFO - [2025-04-04T08:43:35.124+0000] {dag.py:3823} INFO - Setting next_dagrun for example_bash_operator to 2025-04-03 00:00:00+00:00, run_after=2025-04-04 00:00:00+00:00
[2025-04-04T08:43:35.144+0000] {processor.py:183} INFO - Processing /home/airflow/.local/lib/python3.8/site-packages/airflow/example_dags/example_bash_operator.py took 0.151 seconds
[2025-04-04T08:44:05.680+0000] {processor.py:161} INFO - Started process (PID=797) to work on /home/airflow/.local/lib/python3.8/site-packages/airflow/example_dags/example_bash_operator.py
[2025-04-04T08:44:05.681+0000] {processor.py:830} INFO - Processing file /home/airflow/.local/lib/python3.8/site-packages/airflow/example_dags/example_bash_operator.py for tasks to queue
[2025-04-04T08:44:05.683+0000] {logging_mixin.py:188} INFO - [2025-04-04T08:44:05.682+0000] {dagbag.py:538} INFO - Filling up the DagBag from /home/airflow/.local/lib/python3.8/site-packages/airflow/example_dags/example_bash_operator.py
[2025-04-04T08:44:05.695+0000] {processor.py:840} INFO - DAG(s) 'example_bash_operator' retrieved from /home/airflow/.local/lib/python3.8/site-packages/airflow/example_dags/example_bash_operator.py
[2025-04-04T08:44:05.733+0000] {logging_mixin.py:188} INFO - [2025-04-04T08:44:05.732+0000] {dag.py:3036} INFO - Sync 1 DAGs
[2025-04-04T08:44:05.756+0000] {logging_mixin.py:188} INFO - [2025-04-04T08:44:05.755+0000] {dag.py:3823} INFO - Setting next_dagrun for example_bash_operator to 2025-04-03 00:00:00+00:00, run_after=2025-04-04 00:00:00+00:00
[2025-04-04T08:44:05.778+0000] {processor.py:183} INFO - Processing /home/airflow/.local/lib/python3.8/site-packages/airflow/example_dags/example_bash_operator.py took 0.101 seconds
[2025-04-04T08:44:36.207+0000] {processor.py:161} INFO - Started process (PID=1046) to work on /home/airflow/.local/lib/python3.8/site-packages/airflow/example_dags/example_bash_operator.py
[2025-04-04T08:44:36.209+0000] {processor.py:830} INFO - Processing file /home/airflow/.local/lib/python3.8/site-packages/airflow/example_dags/example_bash_operator.py for tasks to queue
[2025-04-04T08:44:36.211+0000] {logging_mixin.py:188} INFO - [2025-04-04T08:44:36.210+0000] {dagbag.py:538} INFO - Filling up the DagBag from /home/airflow/.local/lib/python3.8/site-packages/airflow/example_dags/example_bash_operator.py
[2025-04-04T08:44:36.224+0000] {processor.py:840} INFO - DAG(s) 'example_bash_operator' retrieved from /home/airflow/.local/lib/python3.8/site-packages/airflow/example_dags/example_bash_operator.py
[2025-04-04T08:44:36.254+0000] {logging_mixin.py:188} INFO - [2025-04-04T08:44:36.254+0000] {dag.py:3036} INFO - Sync 1 DAGs
[2025-04-04T08:44:36.281+0000] {logging_mixin.py:188} INFO - [2025-04-04T08:44:36.280+0000] {dag.py:3823} INFO - Setting next_dagrun for example_bash_operator to 2025-04-03 00:00:00+00:00, run_after=2025-04-04 00:00:00+00:00
[2025-04-04T08:44:36.299+0000] {processor.py:183} INFO - Processing /home/airflow/.local/lib/python3.8/site-packages/airflow/example_dags/example_bash_operator.py took 0.097 seconds
[2025-04-04T08:45:06.915+0000] {processor.py:161} INFO - Started process (PID=1291) to work on /home/airflow/.local/lib/python3.8/site-packages/airflow/example_dags/example_bash_operator.py
[2025-04-04T08:45:06.917+0000] {processor.py:830} INFO - Processing file /home/airflow/.local/lib/python3.8/site-packages/airflow/example_dags/example_bash_operator.py for tasks to queue
[2025-04-04T08:45:06.918+0000] {logging_mixin.py:188} INFO - [2025-04-04T08:45:06.918+0000] {dagbag.py:538} INFO - Filling up the DagBag from /home/airflow/.local/lib/python3.8/site-packages/airflow/example_dags/example_bash_operator.py
[2025-04-04T08:45:06.933+0000] {processor.py:840} INFO - DAG(s) 'example_bash_operator' retrieved from /home/airflow/.local/lib/python3.8/site-packages/airflow/example_dags/example_bash_operator.py
[2025-04-04T08:45:06.973+0000] {logging_mixin.py:188} INFO - [2025-04-04T08:45:06.973+0000] {dag.py:3036} INFO - Sync 1 DAGs
[2025-04-04T08:45:07.007+0000] {logging_mixin.py:188} INFO - [2025-04-04T08:45:07.007+0000] {dag.py:3823} INFO - Setting next_dagrun for example_bash_operator to 2025-04-03 00:00:00+00:00, run_after=2025-04-04 00:00:00+00:00
[2025-04-04T08:45:07.036+0000] {processor.py:183} INFO - Processing /home/airflow/.local/lib/python3.8/site-packages/airflow/example_dags/example_bash_operator.py took 0.127 seconds
[2025-04-04T08:45:37.334+0000] {processor.py:161} INFO - Started process (PID=1538) to work on /home/airflow/.local/lib/python3.8/site-packages/airflow/example_dags/example_bash_operator.py
[2025-04-04T08:45:37.336+0000] {processor.py:830} INFO - Processing file /home/airflow/.local/lib/python3.8/site-packages/airflow/example_dags/example_bash_operator.py for tasks to queue
[2025-04-04T08:45:37.337+0000] {logging_mixin.py:188} INFO - [2025-04-04T08:45:37.337+0000] {dagbag.py:538} INFO - Filling up the DagBag from /home/airflow/.local/lib/python3.8/site-packages/airflow/example_dags/example_bash_operator.py
[2025-04-04T08:45:37.349+0000] {processor.py:840} INFO - DAG(s) 'example_bash_operator' retrieved from /home/airflow/.local/lib/python3.8/site-packages/airflow/example_dags/example_bash_operator.py
[2025-04-04T08:45:37.379+0000] {logging_mixin.py:188} INFO - [2025-04-04T08:45:37.379+0000] {dag.py:3036} INFO - Sync 1 DAGs
[2025-04-04T08:45:37.404+0000] {logging_mixin.py:188} INFO - [2025-04-04T08:45:37.403+0000] {dag.py:3823} INFO - Setting next_dagrun for example_bash_operator to 2025-04-03 00:00:00+00:00, run_after=2025-04-04 00:00:00+00:00
[2025-04-04T08:45:37.471+0000] {processor.py:183} INFO - Processing /home/airflow/.local/lib/python3.8/site-packages/airflow/example_dags/example_bash_operator.py took 0.140 seconds
[2025-04-04T08:46:07.601+0000] {processor.py:161} INFO - Started process (PID=1785) to work on /home/airflow/.local/lib/python3.8/site-packages/airflow/example_dags/example_bash_operator.py
[2025-04-04T08:46:07.603+0000] {processor.py:830} INFO - Processing file /home/airflow/.local/lib/python3.8/site-packages/airflow/example_dags/example_bash_operator.py for tasks to queue
[2025-04-04T08:46:07.604+0000] {logging_mixin.py:188} INFO - [2025-04-04T08:46:07.603+0000] {dagbag.py:538} INFO - Filling up the DagBag from /home/airflow/.local/lib/python3.8/site-packages/airflow/example_dags/example_bash_operator.py
[2025-04-04T08:46:07.615+0000] {processor.py:840} INFO - DAG(s) 'example_bash_operator' retrieved from /home/airflow/.local/lib/python3.8/site-packages/airflow/example_dags/example_bash_operator.py
[2025-04-04T08:46:07.646+0000] {logging_mixin.py:188} INFO - [2025-04-04T08:46:07.646+0000] {dag.py:3036} INFO - Sync 1 DAGs
[2025-04-04T08:46:07.672+0000] {logging_mixin.py:188} INFO - [2025-04-04T08:46:07.672+0000] {dag.py:3823} INFO - Setting next_dagrun for example_bash_operator to 2025-04-03 00:00:00+00:00, run_after=2025-04-04 00:00:00+00:00
[2025-04-04T08:46:07.692+0000] {processor.py:183} INFO - Processing /home/airflow/.local/lib/python3.8/site-packages/airflow/example_dags/example_bash_operator.py took 0.094 seconds
[2025-04-04T08:50:24.787+0000] {processor.py:161} INFO - Started process (PID=310) to work on /home/airflow/.local/lib/python3.8/site-packages/airflow/example_dags/example_bash_operator.py
[2025-04-04T08:50:24.788+0000] {processor.py:830} INFO - Processing file /home/airflow/.local/lib/python3.8/site-packages/airflow/example_dags/example_bash_operator.py for tasks to queue
[2025-04-04T08:50:24.789+0000] {logging_mixin.py:188} INFO - [2025-04-04T08:50:24.789+0000] {dagbag.py:538} INFO - Filling up the DagBag from /home/airflow/.local/lib/python3.8/site-packages/airflow/example_dags/example_bash_operator.py
[2025-04-04T08:50:24.803+0000] {processor.py:840} INFO - DAG(s) 'example_bash_operator' retrieved from /home/airflow/.local/lib/python3.8/site-packages/airflow/example_dags/example_bash_operator.py
[2025-04-04T08:50:24.818+0000] {logging_mixin.py:188} INFO - [2025-04-04T08:50:24.818+0000] {dag.py:3036} INFO - Sync 1 DAGs
[2025-04-04T08:50:24.843+0000] {logging_mixin.py:188} INFO - [2025-04-04T08:50:24.843+0000] {dag.py:3823} INFO - Setting next_dagrun for example_bash_operator to 2025-04-03 00:00:00+00:00, run_after=2025-04-04 00:00:00+00:00
[2025-04-04T08:50:24.866+0000] {processor.py:183} INFO - Processing /home/airflow/.local/lib/python3.8/site-packages/airflow/example_dags/example_bash_operator.py took 0.083 seconds
[2025-04-04T08:50:55.940+0000] {processor.py:161} INFO - Started process (PID=557) to work on /home/airflow/.local/lib/python3.8/site-packages/airflow/example_dags/example_bash_operator.py
[2025-04-04T08:50:56.062+0000] {processor.py:830} INFO - Processing file /home/airflow/.local/lib/python3.8/site-packages/airflow/example_dags/example_bash_operator.py for tasks to queue
[2025-04-04T08:50:56.065+0000] {logging_mixin.py:188} INFO - [2025-04-04T08:50:56.064+0000] {dagbag.py:538} INFO - Filling up the DagBag from /home/airflow/.local/lib/python3.8/site-packages/airflow/example_dags/example_bash_operator.py
[2025-04-04T08:50:56.088+0000] {processor.py:840} INFO - DAG(s) 'example_bash_operator' retrieved from /home/airflow/.local/lib/python3.8/site-packages/airflow/example_dags/example_bash_operator.py
[2025-04-04T08:50:56.256+0000] {logging_mixin.py:188} INFO - [2025-04-04T08:50:56.256+0000] {dag.py:3036} INFO - Sync 1 DAGs
[2025-04-04T08:50:56.292+0000] {logging_mixin.py:188} INFO - [2025-04-04T08:50:56.292+0000] {dag.py:3823} INFO - Setting next_dagrun for example_bash_operator to 2025-04-03 00:00:00+00:00, run_after=2025-04-04 00:00:00+00:00
[2025-04-04T08:50:56.382+0000] {processor.py:183} INFO - Processing /home/airflow/.local/lib/python3.8/site-packages/airflow/example_dags/example_bash_operator.py took 0.447 seconds
[2025-04-04T08:51:26.639+0000] {processor.py:161} INFO - Started process (PID=806) to work on /home/airflow/.local/lib/python3.8/site-packages/airflow/example_dags/example_bash_operator.py
[2025-04-04T08:51:26.640+0000] {processor.py:830} INFO - Processing file /home/airflow/.local/lib/python3.8/site-packages/airflow/example_dags/example_bash_operator.py for tasks to queue
[2025-04-04T08:51:26.641+0000] {logging_mixin.py:188} INFO - [2025-04-04T08:51:26.641+0000] {dagbag.py:538} INFO - Filling up the DagBag from /home/airflow/.local/lib/python3.8/site-packages/airflow/example_dags/example_bash_operator.py
[2025-04-04T08:51:26.651+0000] {processor.py:840} INFO - DAG(s) 'example_bash_operator' retrieved from /home/airflow/.local/lib/python3.8/site-packages/airflow/example_dags/example_bash_operator.py
[2025-04-04T08:51:26.680+0000] {logging_mixin.py:188} INFO - [2025-04-04T08:51:26.680+0000] {dag.py:3036} INFO - Sync 1 DAGs
[2025-04-04T08:51:26.702+0000] {logging_mixin.py:188} INFO - [2025-04-04T08:51:26.702+0000] {dag.py:3823} INFO - Setting next_dagrun for example_bash_operator to 2025-04-03 00:00:00+00:00, run_after=2025-04-04 00:00:00+00:00
[2025-04-04T08:51:26.724+0000] {processor.py:183} INFO - Processing /home/airflow/.local/lib/python3.8/site-packages/airflow/example_dags/example_bash_operator.py took 0.088 seconds
[2025-04-04T08:51:57.423+0000] {processor.py:161} INFO - Started process (PID=1051) to work on /home/airflow/.local/lib/python3.8/site-packages/airflow/example_dags/example_bash_operator.py
[2025-04-04T08:51:57.485+0000] {processor.py:830} INFO - Processing file /home/airflow/.local/lib/python3.8/site-packages/airflow/example_dags/example_bash_operator.py for tasks to queue
[2025-04-04T08:51:57.487+0000] {logging_mixin.py:188} INFO - [2025-04-04T08:51:57.487+0000] {dagbag.py:538} INFO - Filling up the DagBag from /home/airflow/.local/lib/python3.8/site-packages/airflow/example_dags/example_bash_operator.py
[2025-04-04T08:51:57.508+0000] {processor.py:840} INFO - DAG(s) 'example_bash_operator' retrieved from /home/airflow/.local/lib/python3.8/site-packages/airflow/example_dags/example_bash_operator.py
[2025-04-04T08:51:57.540+0000] {logging_mixin.py:188} INFO - [2025-04-04T08:51:57.539+0000] {dag.py:3036} INFO - Sync 1 DAGs
[2025-04-04T08:51:57.564+0000] {logging_mixin.py:188} INFO - [2025-04-04T08:51:57.564+0000] {dag.py:3823} INFO - Setting next_dagrun for example_bash_operator to 2025-04-03 00:00:00+00:00, run_after=2025-04-04 00:00:00+00:00
[2025-04-04T08:51:57.654+0000] {processor.py:183} INFO - Processing /home/airflow/.local/lib/python3.8/site-packages/airflow/example_dags/example_bash_operator.py took 0.234 seconds
[2025-04-04T08:52:27.793+0000] {processor.py:161} INFO - Started process (PID=1300) to work on /home/airflow/.local/lib/python3.8/site-packages/airflow/example_dags/example_bash_operator.py
[2025-04-04T08:52:27.795+0000] {processor.py:830} INFO - Processing file /home/airflow/.local/lib/python3.8/site-packages/airflow/example_dags/example_bash_operator.py for tasks to queue
[2025-04-04T08:52:27.796+0000] {logging_mixin.py:188} INFO - [2025-04-04T08:52:27.796+0000] {dagbag.py:538} INFO - Filling up the DagBag from /home/airflow/.local/lib/python3.8/site-packages/airflow/example_dags/example_bash_operator.py
[2025-04-04T08:52:27.815+0000] {processor.py:840} INFO - DAG(s) 'example_bash_operator' retrieved from /home/airflow/.local/lib/python3.8/site-packages/airflow/example_dags/example_bash_operator.py
[2025-04-04T08:52:27.857+0000] {logging_mixin.py:188} INFO - [2025-04-04T08:52:27.857+0000] {dag.py:3036} INFO - Sync 1 DAGs
[2025-04-04T08:52:27.887+0000] {logging_mixin.py:188} INFO - [2025-04-04T08:52:27.887+0000] {dag.py:3823} INFO - Setting next_dagrun for example_bash_operator to 2025-04-03 00:00:00+00:00, run_after=2025-04-04 00:00:00+00:00
[2025-04-04T08:52:27.913+0000] {processor.py:183} INFO - Processing /home/airflow/.local/lib/python3.8/site-packages/airflow/example_dags/example_bash_operator.py took 0.124 seconds
[2025-04-04T08:52:58.470+0000] {processor.py:161} INFO - Started process (PID=1547) to work on /home/airflow/.local/lib/python3.8/site-packages/airflow/example_dags/example_bash_operator.py
[2025-04-04T08:52:58.471+0000] {processor.py:830} INFO - Processing file /home/airflow/.local/lib/python3.8/site-packages/airflow/example_dags/example_bash_operator.py for tasks to queue
[2025-04-04T08:52:58.472+0000] {logging_mixin.py:188} INFO - [2025-04-04T08:52:58.471+0000] {dagbag.py:538} INFO - Filling up the DagBag from /home/airflow/.local/lib/python3.8/site-packages/airflow/example_dags/example_bash_operator.py
[2025-04-04T08:52:58.483+0000] {processor.py:840} INFO - DAG(s) 'example_bash_operator' retrieved from /home/airflow/.local/lib/python3.8/site-packages/airflow/example_dags/example_bash_operator.py
[2025-04-04T08:52:58.519+0000] {logging_mixin.py:188} INFO - [2025-04-04T08:52:58.518+0000] {dag.py:3036} INFO - Sync 1 DAGs
[2025-04-04T08:52:58.545+0000] {logging_mixin.py:188} INFO - [2025-04-04T08:52:58.545+0000] {dag.py:3823} INFO - Setting next_dagrun for example_bash_operator to 2025-04-03 00:00:00+00:00, run_after=2025-04-04 00:00:00+00:00
[2025-04-04T08:52:58.570+0000] {processor.py:183} INFO - Processing /home/airflow/.local/lib/python3.8/site-packages/airflow/example_dags/example_bash_operator.py took 0.103 seconds
[2025-04-04T08:53:29.427+0000] {processor.py:161} INFO - Started process (PID=1792) to work on /home/airflow/.local/lib/python3.8/site-packages/airflow/example_dags/example_bash_operator.py
[2025-04-04T08:53:29.428+0000] {processor.py:830} INFO - Processing file /home/airflow/.local/lib/python3.8/site-packages/airflow/example_dags/example_bash_operator.py for tasks to queue
[2025-04-04T08:53:29.429+0000] {logging_mixin.py:188} INFO - [2025-04-04T08:53:29.428+0000] {dagbag.py:538} INFO - Filling up the DagBag from /home/airflow/.local/lib/python3.8/site-packages/airflow/example_dags/example_bash_operator.py
[2025-04-04T08:53:29.439+0000] {processor.py:840} INFO - DAG(s) 'example_bash_operator' retrieved from /home/airflow/.local/lib/python3.8/site-packages/airflow/example_dags/example_bash_operator.py
[2025-04-04T08:53:29.469+0000] {logging_mixin.py:188} INFO - [2025-04-04T08:53:29.469+0000] {dag.py:3036} INFO - Sync 1 DAGs
[2025-04-04T08:53:29.491+0000] {logging_mixin.py:188} INFO - [2025-04-04T08:53:29.491+0000] {dag.py:3823} INFO - Setting next_dagrun for example_bash_operator to 2025-04-03 00:00:00+00:00, run_after=2025-04-04 00:00:00+00:00
[2025-04-04T08:53:29.512+0000] {processor.py:183} INFO - Processing /home/airflow/.local/lib/python3.8/site-packages/airflow/example_dags/example_bash_operator.py took 0.088 seconds
[2025-04-04T08:53:59.772+0000] {processor.py:161} INFO - Started process (PID=2039) to work on /home/airflow/.local/lib/python3.8/site-packages/airflow/example_dags/example_bash_operator.py
[2025-04-04T08:53:59.773+0000] {processor.py:830} INFO - Processing file /home/airflow/.local/lib/python3.8/site-packages/airflow/example_dags/example_bash_operator.py for tasks to queue
[2025-04-04T08:53:59.774+0000] {logging_mixin.py:188} INFO - [2025-04-04T08:53:59.774+0000] {dagbag.py:538} INFO - Filling up the DagBag from /home/airflow/.local/lib/python3.8/site-packages/airflow/example_dags/example_bash_operator.py
[2025-04-04T08:53:59.786+0000] {processor.py:840} INFO - DAG(s) 'example_bash_operator' retrieved from /home/airflow/.local/lib/python3.8/site-packages/airflow/example_dags/example_bash_operator.py
[2025-04-04T08:53:59.829+0000] {logging_mixin.py:188} INFO - [2025-04-04T08:53:59.828+0000] {dag.py:3036} INFO - Sync 1 DAGs
[2025-04-04T08:53:59.857+0000] {logging_mixin.py:188} INFO - [2025-04-04T08:53:59.857+0000] {dag.py:3823} INFO - Setting next_dagrun for example_bash_operator to 2025-04-03 00:00:00+00:00, run_after=2025-04-04 00:00:00+00:00
[2025-04-04T08:53:59.879+0000] {processor.py:183} INFO - Processing /home/airflow/.local/lib/python3.8/site-packages/airflow/example_dags/example_bash_operator.py took 0.110 seconds
[2025-04-04T08:54:32.601+0000] {processor.py:161} INFO - Started process (PID=2286) to work on /home/airflow/.local/lib/python3.8/site-packages/airflow/example_dags/example_bash_operator.py
[2025-04-04T08:54:32.603+0000] {processor.py:830} INFO - Processing file /home/airflow/.local/lib/python3.8/site-packages/airflow/example_dags/example_bash_operator.py for tasks to queue
[2025-04-04T08:54:32.605+0000] {logging_mixin.py:188} INFO - [2025-04-04T08:54:32.604+0000] {dagbag.py:538} INFO - Filling up the DagBag from /home/airflow/.local/lib/python3.8/site-packages/airflow/example_dags/example_bash_operator.py
[2025-04-04T08:54:32.618+0000] {processor.py:840} INFO - DAG(s) 'example_bash_operator' retrieved from /home/airflow/.local/lib/python3.8/site-packages/airflow/example_dags/example_bash_operator.py
[2025-04-04T08:54:32.654+0000] {logging_mixin.py:188} INFO - [2025-04-04T08:54:32.654+0000] {dag.py:3036} INFO - Sync 1 DAGs
[2025-04-04T08:54:32.683+0000] {logging_mixin.py:188} INFO - [2025-04-04T08:54:32.683+0000] {dag.py:3823} INFO - Setting next_dagrun for example_bash_operator to 2025-04-03 00:00:00+00:00, run_after=2025-04-04 00:00:00+00:00
[2025-04-04T08:54:32.710+0000] {processor.py:183} INFO - Processing /home/airflow/.local/lib/python3.8/site-packages/airflow/example_dags/example_bash_operator.py took 0.112 seconds
[2025-04-04T08:55:03.259+0000] {processor.py:161} INFO - Started process (PID=2533) to work on /home/airflow/.local/lib/python3.8/site-packages/airflow/example_dags/example_bash_operator.py
[2025-04-04T08:55:03.262+0000] {processor.py:830} INFO - Processing file /home/airflow/.local/lib/python3.8/site-packages/airflow/example_dags/example_bash_operator.py for tasks to queue
[2025-04-04T08:55:03.264+0000] {logging_mixin.py:188} INFO - [2025-04-04T08:55:03.263+0000] {dagbag.py:538} INFO - Filling up the DagBag from /home/airflow/.local/lib/python3.8/site-packages/airflow/example_dags/example_bash_operator.py
[2025-04-04T08:55:03.282+0000] {processor.py:840} INFO - DAG(s) 'example_bash_operator' retrieved from /home/airflow/.local/lib/python3.8/site-packages/airflow/example_dags/example_bash_operator.py
[2025-04-04T08:55:03.328+0000] {logging_mixin.py:188} INFO - [2025-04-04T08:55:03.328+0000] {dag.py:3036} INFO - Sync 1 DAGs
[2025-04-04T08:55:03.366+0000] {logging_mixin.py:188} INFO - [2025-04-04T08:55:03.365+0000] {dag.py:3823} INFO - Setting next_dagrun for example_bash_operator to 2025-04-03 00:00:00+00:00, run_after=2025-04-04 00:00:00+00:00
[2025-04-04T08:55:03.395+0000] {processor.py:183} INFO - Processing /home/airflow/.local/lib/python3.8/site-packages/airflow/example_dags/example_bash_operator.py took 0.142 seconds
[2025-04-04T08:55:34.000+0000] {processor.py:161} INFO - Started process (PID=2780) to work on /home/airflow/.local/lib/python3.8/site-packages/airflow/example_dags/example_bash_operator.py
[2025-04-04T08:55:34.002+0000] {processor.py:830} INFO - Processing file /home/airflow/.local/lib/python3.8/site-packages/airflow/example_dags/example_bash_operator.py for tasks to queue
[2025-04-04T08:55:34.003+0000] {logging_mixin.py:188} INFO - [2025-04-04T08:55:34.003+0000] {dagbag.py:538} INFO - Filling up the DagBag from /home/airflow/.local/lib/python3.8/site-packages/airflow/example_dags/example_bash_operator.py
[2025-04-04T08:55:34.027+0000] {processor.py:840} INFO - DAG(s) 'example_bash_operator' retrieved from /home/airflow/.local/lib/python3.8/site-packages/airflow/example_dags/example_bash_operator.py
[2025-04-04T08:55:34.068+0000] {logging_mixin.py:188} INFO - [2025-04-04T08:55:34.067+0000] {dag.py:3036} INFO - Sync 1 DAGs
[2025-04-04T08:55:34.095+0000] {logging_mixin.py:188} INFO - [2025-04-04T08:55:34.094+0000] {dag.py:3823} INFO - Setting next_dagrun for example_bash_operator to 2025-04-03 00:00:00+00:00, run_after=2025-04-04 00:00:00+00:00
[2025-04-04T08:55:34.115+0000] {processor.py:183} INFO - Processing /home/airflow/.local/lib/python3.8/site-packages/airflow/example_dags/example_bash_operator.py took 0.120 seconds
[2025-04-04T09:14:14.820+0000] {processor.py:161} INFO - Started process (PID=330) to work on /home/airflow/.local/lib/python3.8/site-packages/airflow/example_dags/example_bash_operator.py
[2025-04-04T09:14:14.822+0000] {processor.py:830} INFO - Processing file /home/airflow/.local/lib/python3.8/site-packages/airflow/example_dags/example_bash_operator.py for tasks to queue
[2025-04-04T09:14:14.824+0000] {logging_mixin.py:188} INFO - [2025-04-04T09:14:14.824+0000] {dagbag.py:538} INFO - Filling up the DagBag from /home/airflow/.local/lib/python3.8/site-packages/airflow/example_dags/example_bash_operator.py
[2025-04-04T09:14:14.844+0000] {processor.py:840} INFO - DAG(s) 'example_bash_operator' retrieved from /home/airflow/.local/lib/python3.8/site-packages/airflow/example_dags/example_bash_operator.py
[2025-04-04T09:14:15.070+0000] {logging_mixin.py:188} INFO - [2025-04-04T09:14:15.070+0000] {dag.py:3036} INFO - Sync 1 DAGs
[2025-04-04T09:14:15.106+0000] {logging_mixin.py:188} INFO - [2025-04-04T09:14:15.106+0000] {dag.py:3823} INFO - Setting next_dagrun for example_bash_operator to 2025-04-03 00:00:00+00:00, run_after=2025-04-04 00:00:00+00:00
[2025-04-04T09:14:15.158+0000] {processor.py:183} INFO - Processing /home/airflow/.local/lib/python3.8/site-packages/airflow/example_dags/example_bash_operator.py took 0.343 seconds
[2025-04-04T09:14:45.626+0000] {processor.py:161} INFO - Started process (PID=579) to work on /home/airflow/.local/lib/python3.8/site-packages/airflow/example_dags/example_bash_operator.py
[2025-04-04T09:14:45.628+0000] {processor.py:830} INFO - Processing file /home/airflow/.local/lib/python3.8/site-packages/airflow/example_dags/example_bash_operator.py for tasks to queue
[2025-04-04T09:14:45.633+0000] {logging_mixin.py:188} INFO - [2025-04-04T09:14:45.632+0000] {dagbag.py:538} INFO - Filling up the DagBag from /home/airflow/.local/lib/python3.8/site-packages/airflow/example_dags/example_bash_operator.py
[2025-04-04T09:14:45.669+0000] {processor.py:840} INFO - DAG(s) 'example_bash_operator' retrieved from /home/airflow/.local/lib/python3.8/site-packages/airflow/example_dags/example_bash_operator.py
[2025-04-04T09:14:45.738+0000] {logging_mixin.py:188} INFO - [2025-04-04T09:14:45.738+0000] {dag.py:3036} INFO - Sync 1 DAGs
[2025-04-04T09:14:45.784+0000] {logging_mixin.py:188} INFO - [2025-04-04T09:14:45.783+0000] {dag.py:3823} INFO - Setting next_dagrun for example_bash_operator to 2025-04-03 00:00:00+00:00, run_after=2025-04-04 00:00:00+00:00
[2025-04-04T09:14:45.831+0000] {processor.py:183} INFO - Processing /home/airflow/.local/lib/python3.8/site-packages/airflow/example_dags/example_bash_operator.py took 0.210 seconds
[2025-04-04T09:15:18.265+0000] {processor.py:161} INFO - Started process (PID=824) to work on /home/airflow/.local/lib/python3.8/site-packages/airflow/example_dags/example_bash_operator.py
[2025-04-04T09:15:18.267+0000] {processor.py:830} INFO - Processing file /home/airflow/.local/lib/python3.8/site-packages/airflow/example_dags/example_bash_operator.py for tasks to queue
[2025-04-04T09:15:18.268+0000] {logging_mixin.py:188} INFO - [2025-04-04T09:15:18.268+0000] {dagbag.py:538} INFO - Filling up the DagBag from /home/airflow/.local/lib/python3.8/site-packages/airflow/example_dags/example_bash_operator.py
[2025-04-04T09:15:18.284+0000] {processor.py:840} INFO - DAG(s) 'example_bash_operator' retrieved from /home/airflow/.local/lib/python3.8/site-packages/airflow/example_dags/example_bash_operator.py
[2025-04-04T09:15:18.321+0000] {logging_mixin.py:188} INFO - [2025-04-04T09:15:18.321+0000] {dag.py:3036} INFO - Sync 1 DAGs
[2025-04-04T09:15:18.349+0000] {logging_mixin.py:188} INFO - [2025-04-04T09:15:18.348+0000] {dag.py:3823} INFO - Setting next_dagrun for example_bash_operator to 2025-04-03 00:00:00+00:00, run_after=2025-04-04 00:00:00+00:00
[2025-04-04T09:15:18.371+0000] {processor.py:183} INFO - Processing /home/airflow/.local/lib/python3.8/site-packages/airflow/example_dags/example_bash_operator.py took 0.111 seconds
[2025-04-04T09:15:49.226+0000] {processor.py:161} INFO - Started process (PID=1071) to work on /home/airflow/.local/lib/python3.8/site-packages/airflow/example_dags/example_bash_operator.py
[2025-04-04T09:15:49.228+0000] {processor.py:830} INFO - Processing file /home/airflow/.local/lib/python3.8/site-packages/airflow/example_dags/example_bash_operator.py for tasks to queue
[2025-04-04T09:15:49.229+0000] {logging_mixin.py:188} INFO - [2025-04-04T09:15:49.229+0000] {dagbag.py:538} INFO - Filling up the DagBag from /home/airflow/.local/lib/python3.8/site-packages/airflow/example_dags/example_bash_operator.py
[2025-04-04T09:15:49.250+0000] {processor.py:840} INFO - DAG(s) 'example_bash_operator' retrieved from /home/airflow/.local/lib/python3.8/site-packages/airflow/example_dags/example_bash_operator.py
[2025-04-04T09:15:49.293+0000] {logging_mixin.py:188} INFO - [2025-04-04T09:15:49.293+0000] {dag.py:3036} INFO - Sync 1 DAGs
[2025-04-04T09:15:49.320+0000] {logging_mixin.py:188} INFO - [2025-04-04T09:15:49.319+0000] {dag.py:3823} INFO - Setting next_dagrun for example_bash_operator to 2025-04-03 00:00:00+00:00, run_after=2025-04-04 00:00:00+00:00
[2025-04-04T09:15:49.344+0000] {processor.py:183} INFO - Processing /home/airflow/.local/lib/python3.8/site-packages/airflow/example_dags/example_bash_operator.py took 0.122 seconds
