[2025-04-04T08:35:44.334+0000] {processor.py:161} INFO - Started process (PID=280) to work on /home/airflow/.local/lib/python3.8/site-packages/airflow/example_dags/example_dag_decorator.py
[2025-04-04T08:35:44.337+0000] {processor.py:830} INFO - Processing file /home/airflow/.local/lib/python3.8/site-packages/airflow/example_dags/example_dag_decorator.py for tasks to queue
[2025-04-04T08:35:44.340+0000] {logging_mixin.py:188} INFO - [2025-04-04T08:35:44.339+0000] {dagbag.py:538} INFO - Filling up the DagBag from /home/airflow/.local/lib/python3.8/site-packages/airflow/example_dags/example_dag_decorator.py
[2025-04-04T08:35:45.153+0000] {processor.py:840} INFO - DAG(s) 'example_dag_decorator' retrieved from /home/airflow/.local/lib/python3.8/site-packages/airflow/example_dags/example_dag_decorator.py
[2025-04-04T08:35:45.824+0000] {logging_mixin.py:188} INFO - [2025-04-04T08:35:45.822+0000] {override.py:1769} INFO - Created Permission View: can edit on DAG:example_dag_decorator
[2025-04-04T08:35:45.870+0000] {logging_mixin.py:188} INFO - [2025-04-04T08:35:45.869+0000] {override.py:1769} INFO - Created Permission View: can read on DAG:example_dag_decorator
[2025-04-04T08:35:45.908+0000] {logging_mixin.py:188} INFO - [2025-04-04T08:35:45.907+0000] {override.py:1769} INFO - Created Permission View: can delete on DAG:example_dag_decorator
[2025-04-04T08:35:45.914+0000] {logging_mixin.py:188} INFO - [2025-04-04T08:35:45.914+0000] {dag.py:3036} INFO - Sync 1 DAGs
[2025-04-04T08:35:45.985+0000] {logging_mixin.py:188} INFO - [2025-04-04T08:35:45.984+0000] {dag.py:3058} INFO - Creating ORM DAG for example_dag_decorator
[2025-04-04T08:35:45.997+0000] {logging_mixin.py:188} INFO - [2025-04-04T08:35:45.996+0000] {dag.py:3823} INFO - Setting next_dagrun for example_dag_decorator to None, run_after=None
[2025-04-04T08:35:46.119+0000] {processor.py:183} INFO - Processing /home/airflow/.local/lib/python3.8/site-packages/airflow/example_dags/example_dag_decorator.py took 1.796 seconds
[2025-04-04T08:36:16.651+0000] {processor.py:161} INFO - Started process (PID=529) to work on /home/airflow/.local/lib/python3.8/site-packages/airflow/example_dags/example_dag_decorator.py
[2025-04-04T08:36:16.653+0000] {processor.py:830} INFO - Processing file /home/airflow/.local/lib/python3.8/site-packages/airflow/example_dags/example_dag_decorator.py for tasks to queue
[2025-04-04T08:36:16.654+0000] {logging_mixin.py:188} INFO - [2025-04-04T08:36:16.654+0000] {dagbag.py:538} INFO - Filling up the DagBag from /home/airflow/.local/lib/python3.8/site-packages/airflow/example_dags/example_dag_decorator.py
[2025-04-04T08:36:16.741+0000] {processor.py:840} INFO - DAG(s) 'example_dag_decorator' retrieved from /home/airflow/.local/lib/python3.8/site-packages/airflow/example_dags/example_dag_decorator.py
[2025-04-04T08:36:16.877+0000] {logging_mixin.py:188} INFO - [2025-04-04T08:36:16.877+0000] {dag.py:3036} INFO - Sync 1 DAGs
[2025-04-04T08:36:16.892+0000] {logging_mixin.py:188} INFO - [2025-04-04T08:36:16.892+0000] {dag.py:3823} INFO - Setting next_dagrun for example_dag_decorator to None, run_after=None
[2025-04-04T08:36:16.911+0000] {processor.py:183} INFO - Processing /home/airflow/.local/lib/python3.8/site-packages/airflow/example_dags/example_dag_decorator.py took 0.263 seconds
[2025-04-04T08:36:47.051+0000] {processor.py:161} INFO - Started process (PID=776) to work on /home/airflow/.local/lib/python3.8/site-packages/airflow/example_dags/example_dag_decorator.py
[2025-04-04T08:36:47.053+0000] {processor.py:830} INFO - Processing file /home/airflow/.local/lib/python3.8/site-packages/airflow/example_dags/example_dag_decorator.py for tasks to queue
[2025-04-04T08:36:47.054+0000] {logging_mixin.py:188} INFO - [2025-04-04T08:36:47.054+0000] {dagbag.py:538} INFO - Filling up the DagBag from /home/airflow/.local/lib/python3.8/site-packages/airflow/example_dags/example_dag_decorator.py
[2025-04-04T08:36:47.138+0000] {processor.py:840} INFO - DAG(s) 'example_dag_decorator' retrieved from /home/airflow/.local/lib/python3.8/site-packages/airflow/example_dags/example_dag_decorator.py
[2025-04-04T08:36:47.269+0000] {logging_mixin.py:188} INFO - [2025-04-04T08:36:47.269+0000] {dag.py:3036} INFO - Sync 1 DAGs
[2025-04-04T08:36:47.304+0000] {logging_mixin.py:188} INFO - [2025-04-04T08:36:47.304+0000] {dag.py:3823} INFO - Setting next_dagrun for example_dag_decorator to None, run_after=None
[2025-04-04T08:36:47.506+0000] {processor.py:183} INFO - Processing /home/airflow/.local/lib/python3.8/site-packages/airflow/example_dags/example_dag_decorator.py took 0.457 seconds
[2025-04-04T08:37:18.378+0000] {processor.py:161} INFO - Started process (PID=1028) to work on /home/airflow/.local/lib/python3.8/site-packages/airflow/example_dags/example_dag_decorator.py
[2025-04-04T08:37:18.379+0000] {processor.py:830} INFO - Processing file /home/airflow/.local/lib/python3.8/site-packages/airflow/example_dags/example_dag_decorator.py for tasks to queue
[2025-04-04T08:37:18.380+0000] {logging_mixin.py:188} INFO - [2025-04-04T08:37:18.379+0000] {dagbag.py:538} INFO - Filling up the DagBag from /home/airflow/.local/lib/python3.8/site-packages/airflow/example_dags/example_dag_decorator.py
[2025-04-04T08:37:18.484+0000] {processor.py:840} INFO - DAG(s) 'example_dag_decorator' retrieved from /home/airflow/.local/lib/python3.8/site-packages/airflow/example_dags/example_dag_decorator.py
[2025-04-04T08:37:18.588+0000] {logging_mixin.py:188} INFO - [2025-04-04T08:37:18.588+0000] {dag.py:3036} INFO - Sync 1 DAGs
[2025-04-04T08:37:18.598+0000] {logging_mixin.py:188} INFO - [2025-04-04T08:37:18.598+0000] {dag.py:3823} INFO - Setting next_dagrun for example_dag_decorator to None, run_after=None
[2025-04-04T08:37:18.618+0000] {processor.py:183} INFO - Processing /home/airflow/.local/lib/python3.8/site-packages/airflow/example_dags/example_dag_decorator.py took 0.244 seconds
[2025-04-04T08:37:48.704+0000] {processor.py:161} INFO - Started process (PID=1280) to work on /home/airflow/.local/lib/python3.8/site-packages/airflow/example_dags/example_dag_decorator.py
[2025-04-04T08:37:48.705+0000] {processor.py:830} INFO - Processing file /home/airflow/.local/lib/python3.8/site-packages/airflow/example_dags/example_dag_decorator.py for tasks to queue
[2025-04-04T08:37:48.707+0000] {logging_mixin.py:188} INFO - [2025-04-04T08:37:48.706+0000] {dagbag.py:538} INFO - Filling up the DagBag from /home/airflow/.local/lib/python3.8/site-packages/airflow/example_dags/example_dag_decorator.py
[2025-04-04T08:37:48.791+0000] {processor.py:840} INFO - DAG(s) 'example_dag_decorator' retrieved from /home/airflow/.local/lib/python3.8/site-packages/airflow/example_dags/example_dag_decorator.py
[2025-04-04T08:37:48.882+0000] {logging_mixin.py:188} INFO - [2025-04-04T08:37:48.881+0000] {dag.py:3036} INFO - Sync 1 DAGs
[2025-04-04T08:37:48.892+0000] {logging_mixin.py:188} INFO - [2025-04-04T08:37:48.892+0000] {dag.py:3823} INFO - Setting next_dagrun for example_dag_decorator to None, run_after=None
[2025-04-04T08:37:48.913+0000] {processor.py:183} INFO - Processing /home/airflow/.local/lib/python3.8/site-packages/airflow/example_dags/example_dag_decorator.py took 0.211 seconds
[2025-04-04T08:38:19.873+0000] {processor.py:161} INFO - Started process (PID=1527) to work on /home/airflow/.local/lib/python3.8/site-packages/airflow/example_dags/example_dag_decorator.py
[2025-04-04T08:38:19.874+0000] {processor.py:830} INFO - Processing file /home/airflow/.local/lib/python3.8/site-packages/airflow/example_dags/example_dag_decorator.py for tasks to queue
[2025-04-04T08:38:19.875+0000] {logging_mixin.py:188} INFO - [2025-04-04T08:38:19.875+0000] {dagbag.py:538} INFO - Filling up the DagBag from /home/airflow/.local/lib/python3.8/site-packages/airflow/example_dags/example_dag_decorator.py
[2025-04-04T08:38:19.963+0000] {processor.py:840} INFO - DAG(s) 'example_dag_decorator' retrieved from /home/airflow/.local/lib/python3.8/site-packages/airflow/example_dags/example_dag_decorator.py
[2025-04-04T08:38:20.055+0000] {logging_mixin.py:188} INFO - [2025-04-04T08:38:20.055+0000] {dag.py:3036} INFO - Sync 1 DAGs
[2025-04-04T08:38:20.064+0000] {logging_mixin.py:188} INFO - [2025-04-04T08:38:20.064+0000] {dag.py:3823} INFO - Setting next_dagrun for example_dag_decorator to None, run_after=None
[2025-04-04T08:38:20.170+0000] {processor.py:183} INFO - Processing /home/airflow/.local/lib/python3.8/site-packages/airflow/example_dags/example_dag_decorator.py took 0.302 seconds
[2025-04-04T08:38:51.077+0000] {processor.py:161} INFO - Started process (PID=1774) to work on /home/airflow/.local/lib/python3.8/site-packages/airflow/example_dags/example_dag_decorator.py
[2025-04-04T08:38:51.079+0000] {processor.py:830} INFO - Processing file /home/airflow/.local/lib/python3.8/site-packages/airflow/example_dags/example_dag_decorator.py for tasks to queue
[2025-04-04T08:38:51.080+0000] {logging_mixin.py:188} INFO - [2025-04-04T08:38:51.079+0000] {dagbag.py:538} INFO - Filling up the DagBag from /home/airflow/.local/lib/python3.8/site-packages/airflow/example_dags/example_dag_decorator.py
[2025-04-04T08:38:51.176+0000] {processor.py:840} INFO - DAG(s) 'example_dag_decorator' retrieved from /home/airflow/.local/lib/python3.8/site-packages/airflow/example_dags/example_dag_decorator.py
[2025-04-04T08:38:51.501+0000] {logging_mixin.py:188} INFO - [2025-04-04T08:38:51.501+0000] {dag.py:3036} INFO - Sync 1 DAGs
[2025-04-04T08:38:51.513+0000] {logging_mixin.py:188} INFO - [2025-04-04T08:38:51.513+0000] {dag.py:3823} INFO - Setting next_dagrun for example_dag_decorator to None, run_after=None
[2025-04-04T08:38:51.541+0000] {processor.py:183} INFO - Processing /home/airflow/.local/lib/python3.8/site-packages/airflow/example_dags/example_dag_decorator.py took 0.467 seconds
[2025-04-04T08:39:22.347+0000] {processor.py:161} INFO - Started process (PID=2021) to work on /home/airflow/.local/lib/python3.8/site-packages/airflow/example_dags/example_dag_decorator.py
[2025-04-04T08:39:22.349+0000] {processor.py:830} INFO - Processing file /home/airflow/.local/lib/python3.8/site-packages/airflow/example_dags/example_dag_decorator.py for tasks to queue
[2025-04-04T08:39:22.350+0000] {logging_mixin.py:188} INFO - [2025-04-04T08:39:22.350+0000] {dagbag.py:538} INFO - Filling up the DagBag from /home/airflow/.local/lib/python3.8/site-packages/airflow/example_dags/example_dag_decorator.py
[2025-04-04T08:39:22.443+0000] {processor.py:840} INFO - DAG(s) 'example_dag_decorator' retrieved from /home/airflow/.local/lib/python3.8/site-packages/airflow/example_dags/example_dag_decorator.py
[2025-04-04T08:39:22.543+0000] {logging_mixin.py:188} INFO - [2025-04-04T08:39:22.543+0000] {dag.py:3036} INFO - Sync 1 DAGs
[2025-04-04T08:39:22.554+0000] {logging_mixin.py:188} INFO - [2025-04-04T08:39:22.554+0000] {dag.py:3823} INFO - Setting next_dagrun for example_dag_decorator to None, run_after=None
[2025-04-04T08:39:22.581+0000] {processor.py:183} INFO - Processing /home/airflow/.local/lib/python3.8/site-packages/airflow/example_dags/example_dag_decorator.py took 0.238 seconds
[2025-04-04T08:39:52.810+0000] {processor.py:161} INFO - Started process (PID=2268) to work on /home/airflow/.local/lib/python3.8/site-packages/airflow/example_dags/example_dag_decorator.py
[2025-04-04T08:39:52.812+0000] {processor.py:830} INFO - Processing file /home/airflow/.local/lib/python3.8/site-packages/airflow/example_dags/example_dag_decorator.py for tasks to queue
[2025-04-04T08:39:52.813+0000] {logging_mixin.py:188} INFO - [2025-04-04T08:39:52.812+0000] {dagbag.py:538} INFO - Filling up the DagBag from /home/airflow/.local/lib/python3.8/site-packages/airflow/example_dags/example_dag_decorator.py
[2025-04-04T08:39:52.909+0000] {processor.py:840} INFO - DAG(s) 'example_dag_decorator' retrieved from /home/airflow/.local/lib/python3.8/site-packages/airflow/example_dags/example_dag_decorator.py
[2025-04-04T08:39:53.039+0000] {logging_mixin.py:188} INFO - [2025-04-04T08:39:53.039+0000] {dag.py:3036} INFO - Sync 1 DAGs
[2025-04-04T08:39:53.053+0000] {logging_mixin.py:188} INFO - [2025-04-04T08:39:53.053+0000] {dag.py:3823} INFO - Setting next_dagrun for example_dag_decorator to None, run_after=None
[2025-04-04T08:39:53.078+0000] {processor.py:183} INFO - Processing /home/airflow/.local/lib/python3.8/site-packages/airflow/example_dags/example_dag_decorator.py took 0.272 seconds
[2025-04-04T08:40:23.514+0000] {processor.py:161} INFO - Started process (PID=2515) to work on /home/airflow/.local/lib/python3.8/site-packages/airflow/example_dags/example_dag_decorator.py
[2025-04-04T08:40:23.515+0000] {processor.py:830} INFO - Processing file /home/airflow/.local/lib/python3.8/site-packages/airflow/example_dags/example_dag_decorator.py for tasks to queue
[2025-04-04T08:40:23.516+0000] {logging_mixin.py:188} INFO - [2025-04-04T08:40:23.516+0000] {dagbag.py:538} INFO - Filling up the DagBag from /home/airflow/.local/lib/python3.8/site-packages/airflow/example_dags/example_dag_decorator.py
[2025-04-04T08:40:23.603+0000] {processor.py:840} INFO - DAG(s) 'example_dag_decorator' retrieved from /home/airflow/.local/lib/python3.8/site-packages/airflow/example_dags/example_dag_decorator.py
[2025-04-04T08:40:23.725+0000] {logging_mixin.py:188} INFO - [2025-04-04T08:40:23.725+0000] {dag.py:3036} INFO - Sync 1 DAGs
[2025-04-04T08:40:23.748+0000] {logging_mixin.py:188} INFO - [2025-04-04T08:40:23.748+0000] {dag.py:3823} INFO - Setting next_dagrun for example_dag_decorator to None, run_after=None
[2025-04-04T08:40:23.782+0000] {processor.py:183} INFO - Processing /home/airflow/.local/lib/python3.8/site-packages/airflow/example_dags/example_dag_decorator.py took 0.271 seconds
[2025-04-04T08:40:53.863+0000] {processor.py:161} INFO - Started process (PID=2767) to work on /home/airflow/.local/lib/python3.8/site-packages/airflow/example_dags/example_dag_decorator.py
[2025-04-04T08:40:53.864+0000] {processor.py:830} INFO - Processing file /home/airflow/.local/lib/python3.8/site-packages/airflow/example_dags/example_dag_decorator.py for tasks to queue
[2025-04-04T08:40:53.865+0000] {logging_mixin.py:188} INFO - [2025-04-04T08:40:53.865+0000] {dagbag.py:538} INFO - Filling up the DagBag from /home/airflow/.local/lib/python3.8/site-packages/airflow/example_dags/example_dag_decorator.py
[2025-04-04T08:40:53.963+0000] {processor.py:840} INFO - DAG(s) 'example_dag_decorator' retrieved from /home/airflow/.local/lib/python3.8/site-packages/airflow/example_dags/example_dag_decorator.py
[2025-04-04T08:40:54.079+0000] {logging_mixin.py:188} INFO - [2025-04-04T08:40:54.079+0000] {dag.py:3036} INFO - Sync 1 DAGs
[2025-04-04T08:40:54.090+0000] {logging_mixin.py:188} INFO - [2025-04-04T08:40:54.090+0000] {dag.py:3823} INFO - Setting next_dagrun for example_dag_decorator to None, run_after=None
[2025-04-04T08:40:54.110+0000] {processor.py:183} INFO - Processing /home/airflow/.local/lib/python3.8/site-packages/airflow/example_dags/example_dag_decorator.py took 0.251 seconds
[2025-04-04T08:43:02.706+0000] {processor.py:161} INFO - Started process (PID=268) to work on /home/airflow/.local/lib/python3.8/site-packages/airflow/example_dags/example_dag_decorator.py
[2025-04-04T08:43:02.707+0000] {processor.py:830} INFO - Processing file /home/airflow/.local/lib/python3.8/site-packages/airflow/example_dags/example_dag_decorator.py for tasks to queue
[2025-04-04T08:43:02.708+0000] {logging_mixin.py:188} INFO - [2025-04-04T08:43:02.708+0000] {dagbag.py:538} INFO - Filling up the DagBag from /home/airflow/.local/lib/python3.8/site-packages/airflow/example_dags/example_dag_decorator.py
[2025-04-04T08:43:02.862+0000] {processor.py:840} INFO - DAG(s) 'example_dag_decorator' retrieved from /home/airflow/.local/lib/python3.8/site-packages/airflow/example_dags/example_dag_decorator.py
[2025-04-04T08:43:02.889+0000] {logging_mixin.py:188} INFO - [2025-04-04T08:43:02.889+0000] {dag.py:3036} INFO - Sync 1 DAGs
[2025-04-04T08:43:02.910+0000] {logging_mixin.py:188} INFO - [2025-04-04T08:43:02.910+0000] {dag.py:3823} INFO - Setting next_dagrun for example_dag_decorator to None, run_after=None
[2025-04-04T08:43:02.932+0000] {processor.py:183} INFO - Processing /home/airflow/.local/lib/python3.8/site-packages/airflow/example_dags/example_dag_decorator.py took 0.230 seconds
[2025-04-04T08:43:34.049+0000] {processor.py:161} INFO - Started process (PID=515) to work on /home/airflow/.local/lib/python3.8/site-packages/airflow/example_dags/example_dag_decorator.py
[2025-04-04T08:43:34.050+0000] {processor.py:830} INFO - Processing file /home/airflow/.local/lib/python3.8/site-packages/airflow/example_dags/example_dag_decorator.py for tasks to queue
[2025-04-04T08:43:34.052+0000] {logging_mixin.py:188} INFO - [2025-04-04T08:43:34.051+0000] {dagbag.py:538} INFO - Filling up the DagBag from /home/airflow/.local/lib/python3.8/site-packages/airflow/example_dags/example_dag_decorator.py
[2025-04-04T08:43:34.141+0000] {processor.py:840} INFO - DAG(s) 'example_dag_decorator' retrieved from /home/airflow/.local/lib/python3.8/site-packages/airflow/example_dags/example_dag_decorator.py
[2025-04-04T08:43:34.275+0000] {logging_mixin.py:188} INFO - [2025-04-04T08:43:34.275+0000] {dag.py:3036} INFO - Sync 1 DAGs
[2025-04-04T08:43:34.287+0000] {logging_mixin.py:188} INFO - [2025-04-04T08:43:34.287+0000] {dag.py:3823} INFO - Setting next_dagrun for example_dag_decorator to None, run_after=None
[2025-04-04T08:43:34.309+0000] {processor.py:183} INFO - Processing /home/airflow/.local/lib/python3.8/site-packages/airflow/example_dags/example_dag_decorator.py took 0.263 seconds
[2025-04-04T08:44:05.178+0000] {processor.py:161} INFO - Started process (PID=764) to work on /home/airflow/.local/lib/python3.8/site-packages/airflow/example_dags/example_dag_decorator.py
[2025-04-04T08:44:05.179+0000] {processor.py:830} INFO - Processing file /home/airflow/.local/lib/python3.8/site-packages/airflow/example_dags/example_dag_decorator.py for tasks to queue
[2025-04-04T08:44:05.181+0000] {logging_mixin.py:188} INFO - [2025-04-04T08:44:05.180+0000] {dagbag.py:538} INFO - Filling up the DagBag from /home/airflow/.local/lib/python3.8/site-packages/airflow/example_dags/example_dag_decorator.py
[2025-04-04T08:44:05.270+0000] {processor.py:840} INFO - DAG(s) 'example_dag_decorator' retrieved from /home/airflow/.local/lib/python3.8/site-packages/airflow/example_dags/example_dag_decorator.py
[2025-04-04T08:44:05.391+0000] {logging_mixin.py:188} INFO - [2025-04-04T08:44:05.390+0000] {dag.py:3036} INFO - Sync 1 DAGs
[2025-04-04T08:44:05.410+0000] {logging_mixin.py:188} INFO - [2025-04-04T08:44:05.409+0000] {dag.py:3823} INFO - Setting next_dagrun for example_dag_decorator to None, run_after=None
[2025-04-04T08:44:05.434+0000] {processor.py:183} INFO - Processing /home/airflow/.local/lib/python3.8/site-packages/airflow/example_dags/example_dag_decorator.py took 0.260 seconds
[2025-04-04T08:44:35.553+0000] {processor.py:161} INFO - Started process (PID=1021) to work on /home/airflow/.local/lib/python3.8/site-packages/airflow/example_dags/example_dag_decorator.py
[2025-04-04T08:44:35.554+0000] {processor.py:830} INFO - Processing file /home/airflow/.local/lib/python3.8/site-packages/airflow/example_dags/example_dag_decorator.py for tasks to queue
[2025-04-04T08:44:35.555+0000] {logging_mixin.py:188} INFO - [2025-04-04T08:44:35.555+0000] {dagbag.py:538} INFO - Filling up the DagBag from /home/airflow/.local/lib/python3.8/site-packages/airflow/example_dags/example_dag_decorator.py
[2025-04-04T08:44:35.655+0000] {processor.py:840} INFO - DAG(s) 'example_dag_decorator' retrieved from /home/airflow/.local/lib/python3.8/site-packages/airflow/example_dags/example_dag_decorator.py
[2025-04-04T08:44:35.769+0000] {logging_mixin.py:188} INFO - [2025-04-04T08:44:35.769+0000] {dag.py:3036} INFO - Sync 1 DAGs
[2025-04-04T08:44:35.780+0000] {logging_mixin.py:188} INFO - [2025-04-04T08:44:35.780+0000] {dag.py:3823} INFO - Setting next_dagrun for example_dag_decorator to None, run_after=None
[2025-04-04T08:44:35.802+0000] {processor.py:183} INFO - Processing /home/airflow/.local/lib/python3.8/site-packages/airflow/example_dags/example_dag_decorator.py took 0.253 seconds
[2025-04-04T08:45:06.316+0000] {processor.py:161} INFO - Started process (PID=1258) to work on /home/airflow/.local/lib/python3.8/site-packages/airflow/example_dags/example_dag_decorator.py
[2025-04-04T08:45:06.317+0000] {processor.py:830} INFO - Processing file /home/airflow/.local/lib/python3.8/site-packages/airflow/example_dags/example_dag_decorator.py for tasks to queue
[2025-04-04T08:45:06.318+0000] {logging_mixin.py:188} INFO - [2025-04-04T08:45:06.317+0000] {dagbag.py:538} INFO - Filling up the DagBag from /home/airflow/.local/lib/python3.8/site-packages/airflow/example_dags/example_dag_decorator.py
[2025-04-04T08:45:06.444+0000] {processor.py:840} INFO - DAG(s) 'example_dag_decorator' retrieved from /home/airflow/.local/lib/python3.8/site-packages/airflow/example_dags/example_dag_decorator.py
[2025-04-04T08:45:06.569+0000] {logging_mixin.py:188} INFO - [2025-04-04T08:45:06.569+0000] {dag.py:3036} INFO - Sync 1 DAGs
[2025-04-04T08:45:06.583+0000] {logging_mixin.py:188} INFO - [2025-04-04T08:45:06.583+0000] {dag.py:3823} INFO - Setting next_dagrun for example_dag_decorator to None, run_after=None
[2025-04-04T08:45:06.611+0000] {processor.py:183} INFO - Processing /home/airflow/.local/lib/python3.8/site-packages/airflow/example_dags/example_dag_decorator.py took 0.300 seconds
[2025-04-04T08:45:36.773+0000] {processor.py:161} INFO - Started process (PID=1505) to work on /home/airflow/.local/lib/python3.8/site-packages/airflow/example_dags/example_dag_decorator.py
[2025-04-04T08:45:36.774+0000] {processor.py:830} INFO - Processing file /home/airflow/.local/lib/python3.8/site-packages/airflow/example_dags/example_dag_decorator.py for tasks to queue
[2025-04-04T08:45:36.775+0000] {logging_mixin.py:188} INFO - [2025-04-04T08:45:36.774+0000] {dagbag.py:538} INFO - Filling up the DagBag from /home/airflow/.local/lib/python3.8/site-packages/airflow/example_dags/example_dag_decorator.py
[2025-04-04T08:45:36.857+0000] {processor.py:840} INFO - DAG(s) 'example_dag_decorator' retrieved from /home/airflow/.local/lib/python3.8/site-packages/airflow/example_dags/example_dag_decorator.py
[2025-04-04T08:45:36.958+0000] {logging_mixin.py:188} INFO - [2025-04-04T08:45:36.957+0000] {dag.py:3036} INFO - Sync 1 DAGs
[2025-04-04T08:45:36.968+0000] {logging_mixin.py:188} INFO - [2025-04-04T08:45:36.968+0000] {dag.py:3823} INFO - Setting next_dagrun for example_dag_decorator to None, run_after=None
[2025-04-04T08:45:37.008+0000] {processor.py:183} INFO - Processing /home/airflow/.local/lib/python3.8/site-packages/airflow/example_dags/example_dag_decorator.py took 0.238 seconds
[2025-04-04T08:46:07.107+0000] {processor.py:161} INFO - Started process (PID=1752) to work on /home/airflow/.local/lib/python3.8/site-packages/airflow/example_dags/example_dag_decorator.py
[2025-04-04T08:46:07.108+0000] {processor.py:830} INFO - Processing file /home/airflow/.local/lib/python3.8/site-packages/airflow/example_dags/example_dag_decorator.py for tasks to queue
[2025-04-04T08:46:07.109+0000] {logging_mixin.py:188} INFO - [2025-04-04T08:46:07.109+0000] {dagbag.py:538} INFO - Filling up the DagBag from /home/airflow/.local/lib/python3.8/site-packages/airflow/example_dags/example_dag_decorator.py
[2025-04-04T08:46:07.228+0000] {processor.py:840} INFO - DAG(s) 'example_dag_decorator' retrieved from /home/airflow/.local/lib/python3.8/site-packages/airflow/example_dags/example_dag_decorator.py
[2025-04-04T08:46:07.351+0000] {logging_mixin.py:188} INFO - [2025-04-04T08:46:07.350+0000] {dag.py:3036} INFO - Sync 1 DAGs
[2025-04-04T08:46:07.361+0000] {logging_mixin.py:188} INFO - [2025-04-04T08:46:07.361+0000] {dag.py:3823} INFO - Setting next_dagrun for example_dag_decorator to None, run_after=None
[2025-04-04T08:46:07.384+0000] {processor.py:183} INFO - Processing /home/airflow/.local/lib/python3.8/site-packages/airflow/example_dags/example_dag_decorator.py took 0.280 seconds
[2025-04-04T08:50:23.885+0000] {processor.py:161} INFO - Started process (PID=271) to work on /home/airflow/.local/lib/python3.8/site-packages/airflow/example_dags/example_dag_decorator.py
[2025-04-04T08:50:23.886+0000] {processor.py:830} INFO - Processing file /home/airflow/.local/lib/python3.8/site-packages/airflow/example_dags/example_dag_decorator.py for tasks to queue
[2025-04-04T08:50:23.887+0000] {logging_mixin.py:188} INFO - [2025-04-04T08:50:23.887+0000] {dagbag.py:538} INFO - Filling up the DagBag from /home/airflow/.local/lib/python3.8/site-packages/airflow/example_dags/example_dag_decorator.py
[2025-04-04T08:50:24.192+0000] {processor.py:840} INFO - DAG(s) 'example_dag_decorator' retrieved from /home/airflow/.local/lib/python3.8/site-packages/airflow/example_dags/example_dag_decorator.py
[2025-04-04T08:50:24.211+0000] {logging_mixin.py:188} INFO - [2025-04-04T08:50:24.211+0000] {dag.py:3036} INFO - Sync 1 DAGs
[2025-04-04T08:50:24.227+0000] {logging_mixin.py:188} INFO - [2025-04-04T08:50:24.227+0000] {dag.py:3823} INFO - Setting next_dagrun for example_dag_decorator to None, run_after=None
[2025-04-04T08:50:24.254+0000] {processor.py:183} INFO - Processing /home/airflow/.local/lib/python3.8/site-packages/airflow/example_dags/example_dag_decorator.py took 0.373 seconds
[2025-04-04T08:50:54.639+0000] {processor.py:161} INFO - Started process (PID=522) to work on /home/airflow/.local/lib/python3.8/site-packages/airflow/example_dags/example_dag_decorator.py
[2025-04-04T08:50:54.641+0000] {processor.py:830} INFO - Processing file /home/airflow/.local/lib/python3.8/site-packages/airflow/example_dags/example_dag_decorator.py for tasks to queue
[2025-04-04T08:50:54.642+0000] {logging_mixin.py:188} INFO - [2025-04-04T08:50:54.642+0000] {dagbag.py:538} INFO - Filling up the DagBag from /home/airflow/.local/lib/python3.8/site-packages/airflow/example_dags/example_dag_decorator.py
[2025-04-04T08:50:54.739+0000] {processor.py:840} INFO - DAG(s) 'example_dag_decorator' retrieved from /home/airflow/.local/lib/python3.8/site-packages/airflow/example_dags/example_dag_decorator.py
[2025-04-04T08:50:54.849+0000] {logging_mixin.py:188} INFO - [2025-04-04T08:50:54.848+0000] {dag.py:3036} INFO - Sync 1 DAGs
[2025-04-04T08:50:54.860+0000] {logging_mixin.py:188} INFO - [2025-04-04T08:50:54.860+0000] {dag.py:3823} INFO - Setting next_dagrun for example_dag_decorator to None, run_after=None
[2025-04-04T08:50:54.885+0000] {processor.py:183} INFO - Processing /home/airflow/.local/lib/python3.8/site-packages/airflow/example_dags/example_dag_decorator.py took 0.249 seconds
[2025-04-04T08:51:25.067+0000] {processor.py:161} INFO - Started process (PID=769) to work on /home/airflow/.local/lib/python3.8/site-packages/airflow/example_dags/example_dag_decorator.py
[2025-04-04T08:51:25.068+0000] {processor.py:830} INFO - Processing file /home/airflow/.local/lib/python3.8/site-packages/airflow/example_dags/example_dag_decorator.py for tasks to queue
[2025-04-04T08:51:25.069+0000] {logging_mixin.py:188} INFO - [2025-04-04T08:51:25.069+0000] {dagbag.py:538} INFO - Filling up the DagBag from /home/airflow/.local/lib/python3.8/site-packages/airflow/example_dags/example_dag_decorator.py
[2025-04-04T08:51:25.165+0000] {processor.py:840} INFO - DAG(s) 'example_dag_decorator' retrieved from /home/airflow/.local/lib/python3.8/site-packages/airflow/example_dags/example_dag_decorator.py
[2025-04-04T08:51:25.271+0000] {logging_mixin.py:188} INFO - [2025-04-04T08:51:25.271+0000] {dag.py:3036} INFO - Sync 1 DAGs
[2025-04-04T08:51:25.283+0000] {logging_mixin.py:188} INFO - [2025-04-04T08:51:25.282+0000] {dag.py:3823} INFO - Setting next_dagrun for example_dag_decorator to None, run_after=None
[2025-04-04T08:51:25.304+0000] {processor.py:183} INFO - Processing /home/airflow/.local/lib/python3.8/site-packages/airflow/example_dags/example_dag_decorator.py took 0.240 seconds
[2025-04-04T08:51:56.465+0000] {processor.py:161} INFO - Started process (PID=1016) to work on /home/airflow/.local/lib/python3.8/site-packages/airflow/example_dags/example_dag_decorator.py
[2025-04-04T08:51:56.467+0000] {processor.py:830} INFO - Processing file /home/airflow/.local/lib/python3.8/site-packages/airflow/example_dags/example_dag_decorator.py for tasks to queue
[2025-04-04T08:51:56.468+0000] {logging_mixin.py:188} INFO - [2025-04-04T08:51:56.467+0000] {dagbag.py:538} INFO - Filling up the DagBag from /home/airflow/.local/lib/python3.8/site-packages/airflow/example_dags/example_dag_decorator.py
[2025-04-04T08:51:56.613+0000] {processor.py:840} INFO - DAG(s) 'example_dag_decorator' retrieved from /home/airflow/.local/lib/python3.8/site-packages/airflow/example_dags/example_dag_decorator.py
[2025-04-04T08:51:56.749+0000] {logging_mixin.py:188} INFO - [2025-04-04T08:51:56.749+0000] {dag.py:3036} INFO - Sync 1 DAGs
[2025-04-04T08:51:56.769+0000] {logging_mixin.py:188} INFO - [2025-04-04T08:51:56.769+0000] {dag.py:3823} INFO - Setting next_dagrun for example_dag_decorator to None, run_after=None
[2025-04-04T08:51:56.902+0000] {processor.py:183} INFO - Processing /home/airflow/.local/lib/python3.8/site-packages/airflow/example_dags/example_dag_decorator.py took 0.441 seconds
[2025-04-04T08:52:26.992+0000] {processor.py:161} INFO - Started process (PID=1273) to work on /home/airflow/.local/lib/python3.8/site-packages/airflow/example_dags/example_dag_decorator.py
[2025-04-04T08:52:26.994+0000] {processor.py:830} INFO - Processing file /home/airflow/.local/lib/python3.8/site-packages/airflow/example_dags/example_dag_decorator.py for tasks to queue
[2025-04-04T08:52:26.995+0000] {logging_mixin.py:188} INFO - [2025-04-04T08:52:26.995+0000] {dagbag.py:538} INFO - Filling up the DagBag from /home/airflow/.local/lib/python3.8/site-packages/airflow/example_dags/example_dag_decorator.py
[2025-04-04T08:52:27.093+0000] {processor.py:840} INFO - DAG(s) 'example_dag_decorator' retrieved from /home/airflow/.local/lib/python3.8/site-packages/airflow/example_dags/example_dag_decorator.py
[2025-04-04T08:52:27.188+0000] {logging_mixin.py:188} INFO - [2025-04-04T08:52:27.187+0000] {dag.py:3036} INFO - Sync 1 DAGs
[2025-04-04T08:52:27.197+0000] {logging_mixin.py:188} INFO - [2025-04-04T08:52:27.196+0000] {dag.py:3823} INFO - Setting next_dagrun for example_dag_decorator to None, run_after=None
[2025-04-04T08:52:27.218+0000] {processor.py:183} INFO - Processing /home/airflow/.local/lib/python3.8/site-packages/airflow/example_dags/example_dag_decorator.py took 0.229 seconds
[2025-04-04T08:52:57.976+0000] {processor.py:161} INFO - Started process (PID=1522) to work on /home/airflow/.local/lib/python3.8/site-packages/airflow/example_dags/example_dag_decorator.py
[2025-04-04T08:52:57.977+0000] {processor.py:830} INFO - Processing file /home/airflow/.local/lib/python3.8/site-packages/airflow/example_dags/example_dag_decorator.py for tasks to queue
[2025-04-04T08:52:57.978+0000] {logging_mixin.py:188} INFO - [2025-04-04T08:52:57.978+0000] {dagbag.py:538} INFO - Filling up the DagBag from /home/airflow/.local/lib/python3.8/site-packages/airflow/example_dags/example_dag_decorator.py
[2025-04-04T08:52:58.092+0000] {processor.py:840} INFO - DAG(s) 'example_dag_decorator' retrieved from /home/airflow/.local/lib/python3.8/site-packages/airflow/example_dags/example_dag_decorator.py
[2025-04-04T08:52:58.261+0000] {logging_mixin.py:188} INFO - [2025-04-04T08:52:58.261+0000] {dag.py:3036} INFO - Sync 1 DAGs
[2025-04-04T08:52:58.283+0000] {logging_mixin.py:188} INFO - [2025-04-04T08:52:58.283+0000] {dag.py:3823} INFO - Setting next_dagrun for example_dag_decorator to None, run_after=None
[2025-04-04T08:52:58.310+0000] {processor.py:183} INFO - Processing /home/airflow/.local/lib/python3.8/site-packages/airflow/example_dags/example_dag_decorator.py took 0.338 seconds
[2025-04-04T08:53:29.155+0000] {processor.py:161} INFO - Started process (PID=1774) to work on /home/airflow/.local/lib/python3.8/site-packages/airflow/example_dags/example_dag_decorator.py
[2025-04-04T08:53:29.156+0000] {processor.py:830} INFO - Processing file /home/airflow/.local/lib/python3.8/site-packages/airflow/example_dags/example_dag_decorator.py for tasks to queue
[2025-04-04T08:53:29.157+0000] {logging_mixin.py:188} INFO - [2025-04-04T08:53:29.157+0000] {dagbag.py:538} INFO - Filling up the DagBag from /home/airflow/.local/lib/python3.8/site-packages/airflow/example_dags/example_dag_decorator.py
[2025-04-04T08:53:29.248+0000] {processor.py:840} INFO - DAG(s) 'example_dag_decorator' retrieved from /home/airflow/.local/lib/python3.8/site-packages/airflow/example_dags/example_dag_decorator.py
[2025-04-04T08:53:29.355+0000] {logging_mixin.py:188} INFO - [2025-04-04T08:53:29.355+0000] {dag.py:3036} INFO - Sync 1 DAGs
[2025-04-04T08:53:29.365+0000] {logging_mixin.py:188} INFO - [2025-04-04T08:53:29.364+0000] {dag.py:3823} INFO - Setting next_dagrun for example_dag_decorator to None, run_after=None
[2025-04-04T08:53:29.385+0000] {processor.py:183} INFO - Processing /home/airflow/.local/lib/python3.8/site-packages/airflow/example_dags/example_dag_decorator.py took 0.233 seconds
[2025-04-04T08:53:59.486+0000] {processor.py:161} INFO - Started process (PID=2021) to work on /home/airflow/.local/lib/python3.8/site-packages/airflow/example_dags/example_dag_decorator.py
[2025-04-04T08:53:59.487+0000] {processor.py:830} INFO - Processing file /home/airflow/.local/lib/python3.8/site-packages/airflow/example_dags/example_dag_decorator.py for tasks to queue
[2025-04-04T08:53:59.488+0000] {logging_mixin.py:188} INFO - [2025-04-04T08:53:59.488+0000] {dagbag.py:538} INFO - Filling up the DagBag from /home/airflow/.local/lib/python3.8/site-packages/airflow/example_dags/example_dag_decorator.py
[2025-04-04T08:53:59.570+0000] {processor.py:840} INFO - DAG(s) 'example_dag_decorator' retrieved from /home/airflow/.local/lib/python3.8/site-packages/airflow/example_dags/example_dag_decorator.py
[2025-04-04T08:53:59.663+0000] {logging_mixin.py:188} INFO - [2025-04-04T08:53:59.662+0000] {dag.py:3036} INFO - Sync 1 DAGs
[2025-04-04T08:53:59.674+0000] {logging_mixin.py:188} INFO - [2025-04-04T08:53:59.674+0000] {dag.py:3823} INFO - Setting next_dagrun for example_dag_decorator to None, run_after=None
[2025-04-04T08:53:59.708+0000] {processor.py:183} INFO - Processing /home/airflow/.local/lib/python3.8/site-packages/airflow/example_dags/example_dag_decorator.py took 0.225 seconds
[2025-04-04T08:54:32.269+0000] {processor.py:161} INFO - Started process (PID=2268) to work on /home/airflow/.local/lib/python3.8/site-packages/airflow/example_dags/example_dag_decorator.py
[2025-04-04T08:54:32.270+0000] {processor.py:830} INFO - Processing file /home/airflow/.local/lib/python3.8/site-packages/airflow/example_dags/example_dag_decorator.py for tasks to queue
[2025-04-04T08:54:32.272+0000] {logging_mixin.py:188} INFO - [2025-04-04T08:54:32.272+0000] {dagbag.py:538} INFO - Filling up the DagBag from /home/airflow/.local/lib/python3.8/site-packages/airflow/example_dags/example_dag_decorator.py
[2025-04-04T08:54:32.385+0000] {processor.py:840} INFO - DAG(s) 'example_dag_decorator' retrieved from /home/airflow/.local/lib/python3.8/site-packages/airflow/example_dags/example_dag_decorator.py
[2025-04-04T08:54:32.500+0000] {logging_mixin.py:188} INFO - [2025-04-04T08:54:32.500+0000] {dag.py:3036} INFO - Sync 1 DAGs
[2025-04-04T08:54:32.511+0000] {logging_mixin.py:188} INFO - [2025-04-04T08:54:32.511+0000] {dag.py:3823} INFO - Setting next_dagrun for example_dag_decorator to None, run_after=None
[2025-04-04T08:54:32.546+0000] {processor.py:183} INFO - Processing /home/airflow/.local/lib/python3.8/site-packages/airflow/example_dags/example_dag_decorator.py took 0.280 seconds
[2025-04-04T08:55:02.735+0000] {processor.py:161} INFO - Started process (PID=2498) to work on /home/airflow/.local/lib/python3.8/site-packages/airflow/example_dags/example_dag_decorator.py
[2025-04-04T08:55:02.736+0000] {processor.py:830} INFO - Processing file /home/airflow/.local/lib/python3.8/site-packages/airflow/example_dags/example_dag_decorator.py for tasks to queue
[2025-04-04T08:55:02.737+0000] {logging_mixin.py:188} INFO - [2025-04-04T08:55:02.737+0000] {dagbag.py:538} INFO - Filling up the DagBag from /home/airflow/.local/lib/python3.8/site-packages/airflow/example_dags/example_dag_decorator.py
[2025-04-04T08:55:02.835+0000] {processor.py:840} INFO - DAG(s) 'example_dag_decorator' retrieved from /home/airflow/.local/lib/python3.8/site-packages/airflow/example_dags/example_dag_decorator.py
[2025-04-04T08:55:02.940+0000] {logging_mixin.py:188} INFO - [2025-04-04T08:55:02.940+0000] {dag.py:3036} INFO - Sync 1 DAGs
[2025-04-04T08:55:02.950+0000] {logging_mixin.py:188} INFO - [2025-04-04T08:55:02.950+0000] {dag.py:3823} INFO - Setting next_dagrun for example_dag_decorator to None, run_after=None
[2025-04-04T08:55:02.975+0000] {processor.py:183} INFO - Processing /home/airflow/.local/lib/python3.8/site-packages/airflow/example_dags/example_dag_decorator.py took 0.243 seconds
[2025-04-04T08:55:33.442+0000] {processor.py:161} INFO - Started process (PID=2745) to work on /home/airflow/.local/lib/python3.8/site-packages/airflow/example_dags/example_dag_decorator.py
[2025-04-04T08:55:33.444+0000] {processor.py:830} INFO - Processing file /home/airflow/.local/lib/python3.8/site-packages/airflow/example_dags/example_dag_decorator.py for tasks to queue
[2025-04-04T08:55:33.445+0000] {logging_mixin.py:188} INFO - [2025-04-04T08:55:33.445+0000] {dagbag.py:538} INFO - Filling up the DagBag from /home/airflow/.local/lib/python3.8/site-packages/airflow/example_dags/example_dag_decorator.py
[2025-04-04T08:55:33.549+0000] {processor.py:840} INFO - DAG(s) 'example_dag_decorator' retrieved from /home/airflow/.local/lib/python3.8/site-packages/airflow/example_dags/example_dag_decorator.py
[2025-04-04T08:55:33.660+0000] {logging_mixin.py:188} INFO - [2025-04-04T08:55:33.660+0000] {dag.py:3036} INFO - Sync 1 DAGs
[2025-04-04T08:55:33.672+0000] {logging_mixin.py:188} INFO - [2025-04-04T08:55:33.672+0000] {dag.py:3823} INFO - Setting next_dagrun for example_dag_decorator to None, run_after=None
[2025-04-04T08:55:33.692+0000] {processor.py:183} INFO - Processing /home/airflow/.local/lib/python3.8/site-packages/airflow/example_dags/example_dag_decorator.py took 0.253 seconds
[2025-04-04T09:14:12.990+0000] {processor.py:161} INFO - Started process (PID=295) to work on /home/airflow/.local/lib/python3.8/site-packages/airflow/example_dags/example_dag_decorator.py
[2025-04-04T09:14:12.993+0000] {processor.py:830} INFO - Processing file /home/airflow/.local/lib/python3.8/site-packages/airflow/example_dags/example_dag_decorator.py for tasks to queue
[2025-04-04T09:14:12.996+0000] {logging_mixin.py:188} INFO - [2025-04-04T09:14:12.995+0000] {dagbag.py:538} INFO - Filling up the DagBag from /home/airflow/.local/lib/python3.8/site-packages/airflow/example_dags/example_dag_decorator.py
[2025-04-04T09:14:13.501+0000] {processor.py:840} INFO - DAG(s) 'example_dag_decorator' retrieved from /home/airflow/.local/lib/python3.8/site-packages/airflow/example_dags/example_dag_decorator.py
[2025-04-04T09:14:13.812+0000] {logging_mixin.py:188} INFO - [2025-04-04T09:14:13.811+0000] {dag.py:3036} INFO - Sync 1 DAGs
[2025-04-04T09:14:13.866+0000] {logging_mixin.py:188} INFO - [2025-04-04T09:14:13.866+0000] {dag.py:3823} INFO - Setting next_dagrun for example_dag_decorator to None, run_after=None
[2025-04-04T09:14:13.929+0000] {processor.py:183} INFO - Processing /home/airflow/.local/lib/python3.8/site-packages/airflow/example_dags/example_dag_decorator.py took 0.945 seconds
[2025-04-04T09:14:44.076+0000] {processor.py:161} INFO - Started process (PID=547) to work on /home/airflow/.local/lib/python3.8/site-packages/airflow/example_dags/example_dag_decorator.py
[2025-04-04T09:14:44.078+0000] {processor.py:830} INFO - Processing file /home/airflow/.local/lib/python3.8/site-packages/airflow/example_dags/example_dag_decorator.py for tasks to queue
[2025-04-04T09:14:44.080+0000] {logging_mixin.py:188} INFO - [2025-04-04T09:14:44.079+0000] {dagbag.py:538} INFO - Filling up the DagBag from /home/airflow/.local/lib/python3.8/site-packages/airflow/example_dags/example_dag_decorator.py
[2025-04-04T09:14:44.201+0000] {processor.py:840} INFO - DAG(s) 'example_dag_decorator' retrieved from /home/airflow/.local/lib/python3.8/site-packages/airflow/example_dags/example_dag_decorator.py
[2025-04-04T09:14:44.328+0000] {logging_mixin.py:188} INFO - [2025-04-04T09:14:44.328+0000] {dag.py:3036} INFO - Sync 1 DAGs
[2025-04-04T09:14:44.342+0000] {logging_mixin.py:188} INFO - [2025-04-04T09:14:44.342+0000] {dag.py:3823} INFO - Setting next_dagrun for example_dag_decorator to None, run_after=None
[2025-04-04T09:14:44.367+0000] {processor.py:183} INFO - Processing /home/airflow/.local/lib/python3.8/site-packages/airflow/example_dags/example_dag_decorator.py took 0.295 seconds
[2025-04-04T09:15:17.230+0000] {processor.py:161} INFO - Started process (PID=789) to work on /home/airflow/.local/lib/python3.8/site-packages/airflow/example_dags/example_dag_decorator.py
[2025-04-04T09:15:17.231+0000] {processor.py:830} INFO - Processing file /home/airflow/.local/lib/python3.8/site-packages/airflow/example_dags/example_dag_decorator.py for tasks to queue
[2025-04-04T09:15:17.232+0000] {logging_mixin.py:188} INFO - [2025-04-04T09:15:17.232+0000] {dagbag.py:538} INFO - Filling up the DagBag from /home/airflow/.local/lib/python3.8/site-packages/airflow/example_dags/example_dag_decorator.py
[2025-04-04T09:15:17.540+0000] {processor.py:840} INFO - DAG(s) 'example_dag_decorator' retrieved from /home/airflow/.local/lib/python3.8/site-packages/airflow/example_dags/example_dag_decorator.py
[2025-04-04T09:15:17.765+0000] {logging_mixin.py:188} INFO - [2025-04-04T09:15:17.764+0000] {dag.py:3036} INFO - Sync 1 DAGs
[2025-04-04T09:15:17.802+0000] {logging_mixin.py:188} INFO - [2025-04-04T09:15:17.802+0000] {dag.py:3823} INFO - Setting next_dagrun for example_dag_decorator to None, run_after=None
[2025-04-04T09:15:17.829+0000] {processor.py:183} INFO - Processing /home/airflow/.local/lib/python3.8/site-packages/airflow/example_dags/example_dag_decorator.py took 0.602 seconds
[2025-04-04T09:15:48.674+0000] {processor.py:161} INFO - Started process (PID=1038) to work on /home/airflow/.local/lib/python3.8/site-packages/airflow/example_dags/example_dag_decorator.py
[2025-04-04T09:15:48.676+0000] {processor.py:830} INFO - Processing file /home/airflow/.local/lib/python3.8/site-packages/airflow/example_dags/example_dag_decorator.py for tasks to queue
[2025-04-04T09:15:48.677+0000] {logging_mixin.py:188} INFO - [2025-04-04T09:15:48.676+0000] {dagbag.py:538} INFO - Filling up the DagBag from /home/airflow/.local/lib/python3.8/site-packages/airflow/example_dags/example_dag_decorator.py
[2025-04-04T09:15:48.776+0000] {processor.py:840} INFO - DAG(s) 'example_dag_decorator' retrieved from /home/airflow/.local/lib/python3.8/site-packages/airflow/example_dags/example_dag_decorator.py
[2025-04-04T09:15:48.868+0000] {logging_mixin.py:188} INFO - [2025-04-04T09:15:48.868+0000] {dag.py:3036} INFO - Sync 1 DAGs
[2025-04-04T09:15:48.877+0000] {logging_mixin.py:188} INFO - [2025-04-04T09:15:48.877+0000] {dag.py:3823} INFO - Setting next_dagrun for example_dag_decorator to None, run_after=None
[2025-04-04T09:15:48.898+0000] {processor.py:183} INFO - Processing /home/airflow/.local/lib/python3.8/site-packages/airflow/example_dags/example_dag_decorator.py took 0.227 seconds
