[2025-04-04T08:35:51.829+0000] {processor.py:161} INFO - Started process (PID=360) to work on /home/airflow/.local/lib/python3.8/site-packages/airflow/example_dags/example_branch_operator.py
[2025-04-04T08:35:51.832+0000] {processor.py:830} INFO - Processing file /home/airflow/.local/lib/python3.8/site-packages/airflow/example_dags/example_branch_operator.py for tasks to queue
[2025-04-04T08:35:51.836+0000] {logging_mixin.py:188} INFO - [2025-04-04T08:35:51.835+0000] {dagbag.py:538} INFO - Filling up the DagBag from /home/airflow/.local/lib/python3.8/site-packages/airflow/example_dags/example_branch_operator.py
[2025-04-04T08:35:51.914+0000] {processor.py:840} INFO - DAG(s) 'example_branch_operator' retrieved from /home/airflow/.local/lib/python3.8/site-packages/airflow/example_dags/example_branch_operator.py
[2025-04-04T08:35:52.257+0000] {logging_mixin.py:188} INFO - [2025-04-04T08:35:52.255+0000] {override.py:1769} INFO - Created Permission View: can edit on DAG:example_branch_operator
[2025-04-04T08:35:52.275+0000] {logging_mixin.py:188} INFO - [2025-04-04T08:35:52.274+0000] {override.py:1769} INFO - Created Permission View: can read on DAG:example_branch_operator
[2025-04-04T08:35:52.287+0000] {logging_mixin.py:188} INFO - [2025-04-04T08:35:52.287+0000] {override.py:1769} INFO - Created Permission View: can delete on DAG:example_branch_operator
[2025-04-04T08:35:52.288+0000] {logging_mixin.py:188} INFO - [2025-04-04T08:35:52.288+0000] {dag.py:3036} INFO - Sync 1 DAGs
[2025-04-04T08:35:52.308+0000] {logging_mixin.py:188} INFO - [2025-04-04T08:35:52.308+0000] {dag.py:3058} INFO - Creating ORM DAG for example_branch_operator
[2025-04-04T08:35:52.338+0000] {logging_mixin.py:188} INFO - [2025-04-04T08:35:52.337+0000] {dag.py:3823} INFO - Setting next_dagrun for example_branch_operator to 2025-04-03 00:00:00+00:00, run_after=2025-04-04 00:00:00+00:00
[2025-04-04T08:35:52.386+0000] {processor.py:183} INFO - Processing /home/airflow/.local/lib/python3.8/site-packages/airflow/example_dags/example_branch_operator.py took 0.578 seconds
[2025-04-04T08:36:22.990+0000] {processor.py:161} INFO - Started process (PID=609) to work on /home/airflow/.local/lib/python3.8/site-packages/airflow/example_dags/example_branch_operator.py
[2025-04-04T08:36:22.992+0000] {processor.py:830} INFO - Processing file /home/airflow/.local/lib/python3.8/site-packages/airflow/example_dags/example_branch_operator.py for tasks to queue
[2025-04-04T08:36:22.993+0000] {logging_mixin.py:188} INFO - [2025-04-04T08:36:22.993+0000] {dagbag.py:538} INFO - Filling up the DagBag from /home/airflow/.local/lib/python3.8/site-packages/airflow/example_dags/example_branch_operator.py
[2025-04-04T08:36:23.032+0000] {processor.py:840} INFO - DAG(s) 'example_branch_operator' retrieved from /home/airflow/.local/lib/python3.8/site-packages/airflow/example_dags/example_branch_operator.py
[2025-04-04T08:36:23.067+0000] {logging_mixin.py:188} INFO - [2025-04-04T08:36:23.066+0000] {dag.py:3036} INFO - Sync 1 DAGs
[2025-04-04T08:36:23.099+0000] {logging_mixin.py:188} INFO - [2025-04-04T08:36:23.098+0000] {dag.py:3823} INFO - Setting next_dagrun for example_branch_operator to 2025-04-03 00:00:00+00:00, run_after=2025-04-04 00:00:00+00:00
[2025-04-04T08:36:23.127+0000] {processor.py:183} INFO - Processing /home/airflow/.local/lib/python3.8/site-packages/airflow/example_dags/example_branch_operator.py took 0.141 seconds
[2025-04-04T08:36:53.303+0000] {processor.py:161} INFO - Started process (PID=856) to work on /home/airflow/.local/lib/python3.8/site-packages/airflow/example_dags/example_branch_operator.py
[2025-04-04T08:36:53.304+0000] {processor.py:830} INFO - Processing file /home/airflow/.local/lib/python3.8/site-packages/airflow/example_dags/example_branch_operator.py for tasks to queue
[2025-04-04T08:36:53.305+0000] {logging_mixin.py:188} INFO - [2025-04-04T08:36:53.305+0000] {dagbag.py:538} INFO - Filling up the DagBag from /home/airflow/.local/lib/python3.8/site-packages/airflow/example_dags/example_branch_operator.py
[2025-04-04T08:36:53.324+0000] {processor.py:840} INFO - DAG(s) 'example_branch_operator' retrieved from /home/airflow/.local/lib/python3.8/site-packages/airflow/example_dags/example_branch_operator.py
[2025-04-04T08:36:53.355+0000] {logging_mixin.py:188} INFO - [2025-04-04T08:36:53.354+0000] {dag.py:3036} INFO - Sync 1 DAGs
[2025-04-04T08:36:53.382+0000] {logging_mixin.py:188} INFO - [2025-04-04T08:36:53.382+0000] {dag.py:3823} INFO - Setting next_dagrun for example_branch_operator to 2025-04-03 00:00:00+00:00, run_after=2025-04-04 00:00:00+00:00
[2025-04-04T08:36:53.403+0000] {processor.py:183} INFO - Processing /home/airflow/.local/lib/python3.8/site-packages/airflow/example_dags/example_branch_operator.py took 0.103 seconds
[2025-04-04T08:37:24.289+0000] {processor.py:161} INFO - Started process (PID=1103) to work on /home/airflow/.local/lib/python3.8/site-packages/airflow/example_dags/example_branch_operator.py
[2025-04-04T08:37:24.290+0000] {processor.py:830} INFO - Processing file /home/airflow/.local/lib/python3.8/site-packages/airflow/example_dags/example_branch_operator.py for tasks to queue
[2025-04-04T08:37:24.291+0000] {logging_mixin.py:188} INFO - [2025-04-04T08:37:24.290+0000] {dagbag.py:538} INFO - Filling up the DagBag from /home/airflow/.local/lib/python3.8/site-packages/airflow/example_dags/example_branch_operator.py
[2025-04-04T08:37:24.309+0000] {processor.py:840} INFO - DAG(s) 'example_branch_operator' retrieved from /home/airflow/.local/lib/python3.8/site-packages/airflow/example_dags/example_branch_operator.py
[2025-04-04T08:37:24.338+0000] {logging_mixin.py:188} INFO - [2025-04-04T08:37:24.337+0000] {dag.py:3036} INFO - Sync 1 DAGs
[2025-04-04T08:37:24.367+0000] {logging_mixin.py:188} INFO - [2025-04-04T08:37:24.367+0000] {dag.py:3823} INFO - Setting next_dagrun for example_branch_operator to 2025-04-03 00:00:00+00:00, run_after=2025-04-04 00:00:00+00:00
[2025-04-04T08:37:24.390+0000] {processor.py:183} INFO - Processing /home/airflow/.local/lib/python3.8/site-packages/airflow/example_dags/example_branch_operator.py took 0.104 seconds
[2025-04-04T08:37:54.522+0000] {processor.py:161} INFO - Started process (PID=1350) to work on /home/airflow/.local/lib/python3.8/site-packages/airflow/example_dags/example_branch_operator.py
[2025-04-04T08:37:54.523+0000] {processor.py:830} INFO - Processing file /home/airflow/.local/lib/python3.8/site-packages/airflow/example_dags/example_branch_operator.py for tasks to queue
[2025-04-04T08:37:54.524+0000] {logging_mixin.py:188} INFO - [2025-04-04T08:37:54.524+0000] {dagbag.py:538} INFO - Filling up the DagBag from /home/airflow/.local/lib/python3.8/site-packages/airflow/example_dags/example_branch_operator.py
[2025-04-04T08:37:54.540+0000] {processor.py:840} INFO - DAG(s) 'example_branch_operator' retrieved from /home/airflow/.local/lib/python3.8/site-packages/airflow/example_dags/example_branch_operator.py
[2025-04-04T08:37:54.567+0000] {logging_mixin.py:188} INFO - [2025-04-04T08:37:54.567+0000] {dag.py:3036} INFO - Sync 1 DAGs
[2025-04-04T08:37:54.591+0000] {logging_mixin.py:188} INFO - [2025-04-04T08:37:54.590+0000] {dag.py:3823} INFO - Setting next_dagrun for example_branch_operator to 2025-04-03 00:00:00+00:00, run_after=2025-04-04 00:00:00+00:00
[2025-04-04T08:37:54.613+0000] {processor.py:183} INFO - Processing /home/airflow/.local/lib/python3.8/site-packages/airflow/example_dags/example_branch_operator.py took 0.094 seconds
[2025-04-04T08:38:24.884+0000] {processor.py:161} INFO - Started process (PID=1597) to work on /home/airflow/.local/lib/python3.8/site-packages/airflow/example_dags/example_branch_operator.py
[2025-04-04T08:38:24.885+0000] {processor.py:830} INFO - Processing file /home/airflow/.local/lib/python3.8/site-packages/airflow/example_dags/example_branch_operator.py for tasks to queue
[2025-04-04T08:38:24.886+0000] {logging_mixin.py:188} INFO - [2025-04-04T08:38:24.886+0000] {dagbag.py:538} INFO - Filling up the DagBag from /home/airflow/.local/lib/python3.8/site-packages/airflow/example_dags/example_branch_operator.py
[2025-04-04T08:38:24.904+0000] {processor.py:840} INFO - DAG(s) 'example_branch_operator' retrieved from /home/airflow/.local/lib/python3.8/site-packages/airflow/example_dags/example_branch_operator.py
[2025-04-04T08:38:24.942+0000] {logging_mixin.py:188} INFO - [2025-04-04T08:38:24.942+0000] {dag.py:3036} INFO - Sync 1 DAGs
[2025-04-04T08:38:24.977+0000] {logging_mixin.py:188} INFO - [2025-04-04T08:38:24.976+0000] {dag.py:3823} INFO - Setting next_dagrun for example_branch_operator to 2025-04-03 00:00:00+00:00, run_after=2025-04-04 00:00:00+00:00
[2025-04-04T08:38:25.008+0000] {processor.py:183} INFO - Processing /home/airflow/.local/lib/python3.8/site-packages/airflow/example_dags/example_branch_operator.py took 0.127 seconds
[2025-04-04T08:38:55.525+0000] {processor.py:161} INFO - Started process (PID=1844) to work on /home/airflow/.local/lib/python3.8/site-packages/airflow/example_dags/example_branch_operator.py
[2025-04-04T08:38:55.526+0000] {processor.py:830} INFO - Processing file /home/airflow/.local/lib/python3.8/site-packages/airflow/example_dags/example_branch_operator.py for tasks to queue
[2025-04-04T08:38:55.527+0000] {logging_mixin.py:188} INFO - [2025-04-04T08:38:55.527+0000] {dagbag.py:538} INFO - Filling up the DagBag from /home/airflow/.local/lib/python3.8/site-packages/airflow/example_dags/example_branch_operator.py
[2025-04-04T08:38:55.542+0000] {processor.py:840} INFO - DAG(s) 'example_branch_operator' retrieved from /home/airflow/.local/lib/python3.8/site-packages/airflow/example_dags/example_branch_operator.py
[2025-04-04T08:38:55.570+0000] {logging_mixin.py:188} INFO - [2025-04-04T08:38:55.569+0000] {dag.py:3036} INFO - Sync 1 DAGs
[2025-04-04T08:38:55.597+0000] {logging_mixin.py:188} INFO - [2025-04-04T08:38:55.597+0000] {dag.py:3823} INFO - Setting next_dagrun for example_branch_operator to 2025-04-03 00:00:00+00:00, run_after=2025-04-04 00:00:00+00:00
[2025-04-04T08:38:55.618+0000] {processor.py:183} INFO - Processing /home/airflow/.local/lib/python3.8/site-packages/airflow/example_dags/example_branch_operator.py took 0.096 seconds
[2025-04-04T08:39:26.292+0000] {processor.py:161} INFO - Started process (PID=2091) to work on /home/airflow/.local/lib/python3.8/site-packages/airflow/example_dags/example_branch_operator.py
[2025-04-04T08:39:26.293+0000] {processor.py:830} INFO - Processing file /home/airflow/.local/lib/python3.8/site-packages/airflow/example_dags/example_branch_operator.py for tasks to queue
[2025-04-04T08:39:26.294+0000] {logging_mixin.py:188} INFO - [2025-04-04T08:39:26.294+0000] {dagbag.py:538} INFO - Filling up the DagBag from /home/airflow/.local/lib/python3.8/site-packages/airflow/example_dags/example_branch_operator.py
[2025-04-04T08:39:26.309+0000] {processor.py:840} INFO - DAG(s) 'example_branch_operator' retrieved from /home/airflow/.local/lib/python3.8/site-packages/airflow/example_dags/example_branch_operator.py
[2025-04-04T08:39:26.336+0000] {logging_mixin.py:188} INFO - [2025-04-04T08:39:26.336+0000] {dag.py:3036} INFO - Sync 1 DAGs
[2025-04-04T08:39:26.356+0000] {logging_mixin.py:188} INFO - [2025-04-04T08:39:26.356+0000] {dag.py:3823} INFO - Setting next_dagrun for example_branch_operator to 2025-04-03 00:00:00+00:00, run_after=2025-04-04 00:00:00+00:00
[2025-04-04T08:39:26.377+0000] {processor.py:183} INFO - Processing /home/airflow/.local/lib/python3.8/site-packages/airflow/example_dags/example_branch_operator.py took 0.087 seconds
[2025-04-04T08:39:56.541+0000] {processor.py:161} INFO - Started process (PID=2338) to work on /home/airflow/.local/lib/python3.8/site-packages/airflow/example_dags/example_branch_operator.py
[2025-04-04T08:39:56.543+0000] {processor.py:830} INFO - Processing file /home/airflow/.local/lib/python3.8/site-packages/airflow/example_dags/example_branch_operator.py for tasks to queue
[2025-04-04T08:39:56.544+0000] {logging_mixin.py:188} INFO - [2025-04-04T08:39:56.543+0000] {dagbag.py:538} INFO - Filling up the DagBag from /home/airflow/.local/lib/python3.8/site-packages/airflow/example_dags/example_branch_operator.py
[2025-04-04T08:39:56.559+0000] {processor.py:840} INFO - DAG(s) 'example_branch_operator' retrieved from /home/airflow/.local/lib/python3.8/site-packages/airflow/example_dags/example_branch_operator.py
[2025-04-04T08:39:56.586+0000] {logging_mixin.py:188} INFO - [2025-04-04T08:39:56.586+0000] {dag.py:3036} INFO - Sync 1 DAGs
[2025-04-04T08:39:56.606+0000] {logging_mixin.py:188} INFO - [2025-04-04T08:39:56.606+0000] {dag.py:3823} INFO - Setting next_dagrun for example_branch_operator to 2025-04-03 00:00:00+00:00, run_after=2025-04-04 00:00:00+00:00
[2025-04-04T08:39:56.628+0000] {processor.py:183} INFO - Processing /home/airflow/.local/lib/python3.8/site-packages/airflow/example_dags/example_branch_operator.py took 0.089 seconds
[2025-04-04T08:40:27.490+0000] {processor.py:161} INFO - Started process (PID=2585) to work on /home/airflow/.local/lib/python3.8/site-packages/airflow/example_dags/example_branch_operator.py
[2025-04-04T08:40:27.491+0000] {processor.py:830} INFO - Processing file /home/airflow/.local/lib/python3.8/site-packages/airflow/example_dags/example_branch_operator.py for tasks to queue
[2025-04-04T08:40:27.492+0000] {logging_mixin.py:188} INFO - [2025-04-04T08:40:27.492+0000] {dagbag.py:538} INFO - Filling up the DagBag from /home/airflow/.local/lib/python3.8/site-packages/airflow/example_dags/example_branch_operator.py
[2025-04-04T08:40:27.510+0000] {processor.py:840} INFO - DAG(s) 'example_branch_operator' retrieved from /home/airflow/.local/lib/python3.8/site-packages/airflow/example_dags/example_branch_operator.py
[2025-04-04T08:40:27.536+0000] {logging_mixin.py:188} INFO - [2025-04-04T08:40:27.536+0000] {dag.py:3036} INFO - Sync 1 DAGs
[2025-04-04T08:40:27.556+0000] {logging_mixin.py:188} INFO - [2025-04-04T08:40:27.555+0000] {dag.py:3823} INFO - Setting next_dagrun for example_branch_operator to 2025-04-03 00:00:00+00:00, run_after=2025-04-04 00:00:00+00:00
[2025-04-04T08:40:27.578+0000] {processor.py:183} INFO - Processing /home/airflow/.local/lib/python3.8/site-packages/airflow/example_dags/example_branch_operator.py took 0.091 seconds
[2025-04-04T08:40:57.635+0000] {processor.py:161} INFO - Started process (PID=2832) to work on /home/airflow/.local/lib/python3.8/site-packages/airflow/example_dags/example_branch_operator.py
[2025-04-04T08:40:57.636+0000] {processor.py:830} INFO - Processing file /home/airflow/.local/lib/python3.8/site-packages/airflow/example_dags/example_branch_operator.py for tasks to queue
[2025-04-04T08:40:57.637+0000] {logging_mixin.py:188} INFO - [2025-04-04T08:40:57.637+0000] {dagbag.py:538} INFO - Filling up the DagBag from /home/airflow/.local/lib/python3.8/site-packages/airflow/example_dags/example_branch_operator.py
[2025-04-04T08:40:57.654+0000] {processor.py:840} INFO - DAG(s) 'example_branch_operator' retrieved from /home/airflow/.local/lib/python3.8/site-packages/airflow/example_dags/example_branch_operator.py
[2025-04-04T08:40:57.685+0000] {logging_mixin.py:188} INFO - [2025-04-04T08:40:57.685+0000] {dag.py:3036} INFO - Sync 1 DAGs
[2025-04-04T08:40:57.709+0000] {logging_mixin.py:188} INFO - [2025-04-04T08:40:57.709+0000] {dag.py:3823} INFO - Setting next_dagrun for example_branch_operator to 2025-04-03 00:00:00+00:00, run_after=2025-04-04 00:00:00+00:00
[2025-04-04T08:40:57.734+0000] {processor.py:183} INFO - Processing /home/airflow/.local/lib/python3.8/site-packages/airflow/example_dags/example_branch_operator.py took 0.102 seconds
[2025-04-04T08:43:04.077+0000] {processor.py:161} INFO - Started process (PID=348) to work on /home/airflow/.local/lib/python3.8/site-packages/airflow/example_dags/example_branch_operator.py
[2025-04-04T08:43:04.079+0000] {processor.py:830} INFO - Processing file /home/airflow/.local/lib/python3.8/site-packages/airflow/example_dags/example_branch_operator.py for tasks to queue
[2025-04-04T08:43:04.081+0000] {logging_mixin.py:188} INFO - [2025-04-04T08:43:04.081+0000] {dagbag.py:538} INFO - Filling up the DagBag from /home/airflow/.local/lib/python3.8/site-packages/airflow/example_dags/example_branch_operator.py
[2025-04-04T08:43:04.103+0000] {processor.py:840} INFO - DAG(s) 'example_branch_operator' retrieved from /home/airflow/.local/lib/python3.8/site-packages/airflow/example_dags/example_branch_operator.py
[2025-04-04T08:43:04.116+0000] {logging_mixin.py:188} INFO - [2025-04-04T08:43:04.115+0000] {dag.py:3036} INFO - Sync 1 DAGs
[2025-04-04T08:43:04.139+0000] {logging_mixin.py:188} INFO - [2025-04-04T08:43:04.139+0000] {dag.py:3823} INFO - Setting next_dagrun for example_branch_operator to 2025-04-03 00:00:00+00:00, run_after=2025-04-04 00:00:00+00:00
[2025-04-04T08:43:04.156+0000] {processor.py:183} INFO - Processing /home/airflow/.local/lib/python3.8/site-packages/airflow/example_dags/example_branch_operator.py took 0.084 seconds
[2025-04-04T08:43:36.162+0000] {processor.py:161} INFO - Started process (PID=597) to work on /home/airflow/.local/lib/python3.8/site-packages/airflow/example_dags/example_branch_operator.py
[2025-04-04T08:43:36.164+0000] {processor.py:830} INFO - Processing file /home/airflow/.local/lib/python3.8/site-packages/airflow/example_dags/example_branch_operator.py for tasks to queue
[2025-04-04T08:43:36.165+0000] {logging_mixin.py:188} INFO - [2025-04-04T08:43:36.165+0000] {dagbag.py:538} INFO - Filling up the DagBag from /home/airflow/.local/lib/python3.8/site-packages/airflow/example_dags/example_branch_operator.py
[2025-04-04T08:43:36.182+0000] {processor.py:840} INFO - DAG(s) 'example_branch_operator' retrieved from /home/airflow/.local/lib/python3.8/site-packages/airflow/example_dags/example_branch_operator.py
[2025-04-04T08:43:36.294+0000] {logging_mixin.py:188} INFO - [2025-04-04T08:43:36.293+0000] {dag.py:3036} INFO - Sync 1 DAGs
[2025-04-04T08:43:36.314+0000] {logging_mixin.py:188} INFO - [2025-04-04T08:43:36.314+0000] {dag.py:3823} INFO - Setting next_dagrun for example_branch_operator to 2025-04-03 00:00:00+00:00, run_after=2025-04-04 00:00:00+00:00
[2025-04-04T08:43:36.336+0000] {processor.py:183} INFO - Processing /home/airflow/.local/lib/python3.8/site-packages/airflow/example_dags/example_branch_operator.py took 0.177 seconds
[2025-04-04T08:44:06.417+0000] {processor.py:161} INFO - Started process (PID=844) to work on /home/airflow/.local/lib/python3.8/site-packages/airflow/example_dags/example_branch_operator.py
[2025-04-04T08:44:06.419+0000] {processor.py:830} INFO - Processing file /home/airflow/.local/lib/python3.8/site-packages/airflow/example_dags/example_branch_operator.py for tasks to queue
[2025-04-04T08:44:06.420+0000] {logging_mixin.py:188} INFO - [2025-04-04T08:44:06.420+0000] {dagbag.py:538} INFO - Filling up the DagBag from /home/airflow/.local/lib/python3.8/site-packages/airflow/example_dags/example_branch_operator.py
[2025-04-04T08:44:06.438+0000] {processor.py:840} INFO - DAG(s) 'example_branch_operator' retrieved from /home/airflow/.local/lib/python3.8/site-packages/airflow/example_dags/example_branch_operator.py
[2025-04-04T08:44:06.467+0000] {logging_mixin.py:188} INFO - [2025-04-04T08:44:06.466+0000] {dag.py:3036} INFO - Sync 1 DAGs
[2025-04-04T08:44:06.490+0000] {logging_mixin.py:188} INFO - [2025-04-04T08:44:06.490+0000] {dag.py:3823} INFO - Setting next_dagrun for example_branch_operator to 2025-04-03 00:00:00+00:00, run_after=2025-04-04 00:00:00+00:00
[2025-04-04T08:44:06.513+0000] {processor.py:183} INFO - Processing /home/airflow/.local/lib/python3.8/site-packages/airflow/example_dags/example_branch_operator.py took 0.099 seconds
[2025-04-04T08:44:36.904+0000] {processor.py:161} INFO - Started process (PID=1089) to work on /home/airflow/.local/lib/python3.8/site-packages/airflow/example_dags/example_branch_operator.py
[2025-04-04T08:44:36.905+0000] {processor.py:830} INFO - Processing file /home/airflow/.local/lib/python3.8/site-packages/airflow/example_dags/example_branch_operator.py for tasks to queue
[2025-04-04T08:44:36.907+0000] {logging_mixin.py:188} INFO - [2025-04-04T08:44:36.906+0000] {dagbag.py:538} INFO - Filling up the DagBag from /home/airflow/.local/lib/python3.8/site-packages/airflow/example_dags/example_branch_operator.py
[2025-04-04T08:44:36.929+0000] {processor.py:840} INFO - DAG(s) 'example_branch_operator' retrieved from /home/airflow/.local/lib/python3.8/site-packages/airflow/example_dags/example_branch_operator.py
[2025-04-04T08:44:36.964+0000] {logging_mixin.py:188} INFO - [2025-04-04T08:44:36.963+0000] {dag.py:3036} INFO - Sync 1 DAGs
[2025-04-04T08:44:36.991+0000] {logging_mixin.py:188} INFO - [2025-04-04T08:44:36.991+0000] {dag.py:3823} INFO - Setting next_dagrun for example_branch_operator to 2025-04-03 00:00:00+00:00, run_after=2025-04-04 00:00:00+00:00
[2025-04-04T08:44:37.018+0000] {processor.py:183} INFO - Processing /home/airflow/.local/lib/python3.8/site-packages/airflow/example_dags/example_branch_operator.py took 0.118 seconds
[2025-04-04T08:45:07.661+0000] {processor.py:161} INFO - Started process (PID=1336) to work on /home/airflow/.local/lib/python3.8/site-packages/airflow/example_dags/example_branch_operator.py
[2025-04-04T08:45:07.687+0000] {processor.py:830} INFO - Processing file /home/airflow/.local/lib/python3.8/site-packages/airflow/example_dags/example_branch_operator.py for tasks to queue
[2025-04-04T08:45:07.689+0000] {logging_mixin.py:188} INFO - [2025-04-04T08:45:07.688+0000] {dagbag.py:538} INFO - Filling up the DagBag from /home/airflow/.local/lib/python3.8/site-packages/airflow/example_dags/example_branch_operator.py
[2025-04-04T08:45:07.720+0000] {processor.py:840} INFO - DAG(s) 'example_branch_operator' retrieved from /home/airflow/.local/lib/python3.8/site-packages/airflow/example_dags/example_branch_operator.py
[2025-04-04T08:45:07.769+0000] {logging_mixin.py:188} INFO - [2025-04-04T08:45:07.768+0000] {dag.py:3036} INFO - Sync 1 DAGs
[2025-04-04T08:45:07.826+0000] {logging_mixin.py:188} INFO - [2025-04-04T08:45:07.825+0000] {dag.py:3823} INFO - Setting next_dagrun for example_branch_operator to 2025-04-03 00:00:00+00:00, run_after=2025-04-04 00:00:00+00:00
[2025-04-04T08:45:07.857+0000] {processor.py:183} INFO - Processing /home/airflow/.local/lib/python3.8/site-packages/airflow/example_dags/example_branch_operator.py took 0.205 seconds
[2025-04-04T08:45:37.970+0000] {processor.py:161} INFO - Started process (PID=1583) to work on /home/airflow/.local/lib/python3.8/site-packages/airflow/example_dags/example_branch_operator.py
[2025-04-04T08:45:37.971+0000] {processor.py:830} INFO - Processing file /home/airflow/.local/lib/python3.8/site-packages/airflow/example_dags/example_branch_operator.py for tasks to queue
[2025-04-04T08:45:37.972+0000] {logging_mixin.py:188} INFO - [2025-04-04T08:45:37.972+0000] {dagbag.py:538} INFO - Filling up the DagBag from /home/airflow/.local/lib/python3.8/site-packages/airflow/example_dags/example_branch_operator.py
[2025-04-04T08:45:37.989+0000] {processor.py:840} INFO - DAG(s) 'example_branch_operator' retrieved from /home/airflow/.local/lib/python3.8/site-packages/airflow/example_dags/example_branch_operator.py
[2025-04-04T08:45:38.021+0000] {logging_mixin.py:188} INFO - [2025-04-04T08:45:38.021+0000] {dag.py:3036} INFO - Sync 1 DAGs
[2025-04-04T08:45:38.050+0000] {logging_mixin.py:188} INFO - [2025-04-04T08:45:38.050+0000] {dag.py:3823} INFO - Setting next_dagrun for example_branch_operator to 2025-04-03 00:00:00+00:00, run_after=2025-04-04 00:00:00+00:00
[2025-04-04T08:45:38.076+0000] {processor.py:183} INFO - Processing /home/airflow/.local/lib/python3.8/site-packages/airflow/example_dags/example_branch_operator.py took 0.109 seconds
[2025-04-04T08:46:08.243+0000] {processor.py:161} INFO - Started process (PID=1830) to work on /home/airflow/.local/lib/python3.8/site-packages/airflow/example_dags/example_branch_operator.py
[2025-04-04T08:46:08.244+0000] {processor.py:830} INFO - Processing file /home/airflow/.local/lib/python3.8/site-packages/airflow/example_dags/example_branch_operator.py for tasks to queue
[2025-04-04T08:46:08.245+0000] {logging_mixin.py:188} INFO - [2025-04-04T08:46:08.245+0000] {dagbag.py:538} INFO - Filling up the DagBag from /home/airflow/.local/lib/python3.8/site-packages/airflow/example_dags/example_branch_operator.py
[2025-04-04T08:46:08.265+0000] {processor.py:840} INFO - DAG(s) 'example_branch_operator' retrieved from /home/airflow/.local/lib/python3.8/site-packages/airflow/example_dags/example_branch_operator.py
[2025-04-04T08:46:08.301+0000] {logging_mixin.py:188} INFO - [2025-04-04T08:46:08.300+0000] {dag.py:3036} INFO - Sync 1 DAGs
[2025-04-04T08:46:08.327+0000] {logging_mixin.py:188} INFO - [2025-04-04T08:46:08.327+0000] {dag.py:3823} INFO - Setting next_dagrun for example_branch_operator to 2025-04-03 00:00:00+00:00, run_after=2025-04-04 00:00:00+00:00
[2025-04-04T08:46:08.350+0000] {processor.py:183} INFO - Processing /home/airflow/.local/lib/python3.8/site-packages/airflow/example_dags/example_branch_operator.py took 0.110 seconds
[2025-04-04T08:50:25.506+0000] {processor.py:161} INFO - Started process (PID=355) to work on /home/airflow/.local/lib/python3.8/site-packages/airflow/example_dags/example_branch_operator.py
[2025-04-04T08:50:25.508+0000] {processor.py:830} INFO - Processing file /home/airflow/.local/lib/python3.8/site-packages/airflow/example_dags/example_branch_operator.py for tasks to queue
[2025-04-04T08:50:25.509+0000] {logging_mixin.py:188} INFO - [2025-04-04T08:50:25.509+0000] {dagbag.py:538} INFO - Filling up the DagBag from /home/airflow/.local/lib/python3.8/site-packages/airflow/example_dags/example_branch_operator.py
[2025-04-04T08:50:25.532+0000] {processor.py:840} INFO - DAG(s) 'example_branch_operator' retrieved from /home/airflow/.local/lib/python3.8/site-packages/airflow/example_dags/example_branch_operator.py
[2025-04-04T08:50:25.547+0000] {logging_mixin.py:188} INFO - [2025-04-04T08:50:25.547+0000] {dag.py:3036} INFO - Sync 1 DAGs
[2025-04-04T08:50:25.578+0000] {logging_mixin.py:188} INFO - [2025-04-04T08:50:25.577+0000] {dag.py:3823} INFO - Setting next_dagrun for example_branch_operator to 2025-04-03 00:00:00+00:00, run_after=2025-04-04 00:00:00+00:00
[2025-04-04T08:50:25.604+0000] {processor.py:183} INFO - Processing /home/airflow/.local/lib/python3.8/site-packages/airflow/example_dags/example_branch_operator.py took 0.101 seconds
[2025-04-04T08:50:57.350+0000] {processor.py:161} INFO - Started process (PID=604) to work on /home/airflow/.local/lib/python3.8/site-packages/airflow/example_dags/example_branch_operator.py
[2025-04-04T08:50:57.352+0000] {processor.py:830} INFO - Processing file /home/airflow/.local/lib/python3.8/site-packages/airflow/example_dags/example_branch_operator.py for tasks to queue
[2025-04-04T08:50:57.353+0000] {logging_mixin.py:188} INFO - [2025-04-04T08:50:57.352+0000] {dagbag.py:538} INFO - Filling up the DagBag from /home/airflow/.local/lib/python3.8/site-packages/airflow/example_dags/example_branch_operator.py
[2025-04-04T08:50:57.368+0000] {processor.py:840} INFO - DAG(s) 'example_branch_operator' retrieved from /home/airflow/.local/lib/python3.8/site-packages/airflow/example_dags/example_branch_operator.py
[2025-04-04T08:50:57.489+0000] {logging_mixin.py:188} INFO - [2025-04-04T08:50:57.489+0000] {dag.py:3036} INFO - Sync 1 DAGs
[2025-04-04T08:50:57.513+0000] {logging_mixin.py:188} INFO - [2025-04-04T08:50:57.512+0000] {dag.py:3823} INFO - Setting next_dagrun for example_branch_operator to 2025-04-03 00:00:00+00:00, run_after=2025-04-04 00:00:00+00:00
[2025-04-04T08:50:57.536+0000] {processor.py:183} INFO - Processing /home/airflow/.local/lib/python3.8/site-packages/airflow/example_dags/example_branch_operator.py took 0.189 seconds
[2025-04-04T08:51:28.148+0000] {processor.py:161} INFO - Started process (PID=849) to work on /home/airflow/.local/lib/python3.8/site-packages/airflow/example_dags/example_branch_operator.py
[2025-04-04T08:51:28.150+0000] {processor.py:830} INFO - Processing file /home/airflow/.local/lib/python3.8/site-packages/airflow/example_dags/example_branch_operator.py for tasks to queue
[2025-04-04T08:51:28.151+0000] {logging_mixin.py:188} INFO - [2025-04-04T08:51:28.151+0000] {dagbag.py:538} INFO - Filling up the DagBag from /home/airflow/.local/lib/python3.8/site-packages/airflow/example_dags/example_branch_operator.py
[2025-04-04T08:51:28.176+0000] {processor.py:840} INFO - DAG(s) 'example_branch_operator' retrieved from /home/airflow/.local/lib/python3.8/site-packages/airflow/example_dags/example_branch_operator.py
[2025-04-04T08:51:28.212+0000] {logging_mixin.py:188} INFO - [2025-04-04T08:51:28.211+0000] {dag.py:3036} INFO - Sync 1 DAGs
[2025-04-04T08:51:28.243+0000] {logging_mixin.py:188} INFO - [2025-04-04T08:51:28.242+0000] {dag.py:3823} INFO - Setting next_dagrun for example_branch_operator to 2025-04-03 00:00:00+00:00, run_after=2025-04-04 00:00:00+00:00
[2025-04-04T08:51:28.267+0000] {processor.py:183} INFO - Processing /home/airflow/.local/lib/python3.8/site-packages/airflow/example_dags/example_branch_operator.py took 0.123 seconds
[2025-04-04T08:51:59.402+0000] {processor.py:161} INFO - Started process (PID=1096) to work on /home/airflow/.local/lib/python3.8/site-packages/airflow/example_dags/example_branch_operator.py
[2025-04-04T08:51:59.454+0000] {processor.py:830} INFO - Processing file /home/airflow/.local/lib/python3.8/site-packages/airflow/example_dags/example_branch_operator.py for tasks to queue
[2025-04-04T08:51:59.457+0000] {logging_mixin.py:188} INFO - [2025-04-04T08:51:59.456+0000] {dagbag.py:538} INFO - Filling up the DagBag from /home/airflow/.local/lib/python3.8/site-packages/airflow/example_dags/example_branch_operator.py
[2025-04-04T08:51:59.493+0000] {processor.py:840} INFO - DAG(s) 'example_branch_operator' retrieved from /home/airflow/.local/lib/python3.8/site-packages/airflow/example_dags/example_branch_operator.py
[2025-04-04T08:51:59.520+0000] {logging_mixin.py:188} INFO - [2025-04-04T08:51:59.519+0000] {dag.py:3036} INFO - Sync 1 DAGs
[2025-04-04T08:51:59.541+0000] {logging_mixin.py:188} INFO - [2025-04-04T08:51:59.541+0000] {dag.py:3823} INFO - Setting next_dagrun for example_branch_operator to 2025-04-03 00:00:00+00:00, run_after=2025-04-04 00:00:00+00:00
[2025-04-04T08:51:59.619+0000] {processor.py:183} INFO - Processing /home/airflow/.local/lib/python3.8/site-packages/airflow/example_dags/example_branch_operator.py took 0.219 seconds
[2025-04-04T08:52:30.410+0000] {processor.py:161} INFO - Started process (PID=1345) to work on /home/airflow/.local/lib/python3.8/site-packages/airflow/example_dags/example_branch_operator.py
[2025-04-04T08:52:30.411+0000] {processor.py:830} INFO - Processing file /home/airflow/.local/lib/python3.8/site-packages/airflow/example_dags/example_branch_operator.py for tasks to queue
[2025-04-04T08:52:30.412+0000] {logging_mixin.py:188} INFO - [2025-04-04T08:52:30.412+0000] {dagbag.py:538} INFO - Filling up the DagBag from /home/airflow/.local/lib/python3.8/site-packages/airflow/example_dags/example_branch_operator.py
[2025-04-04T08:52:30.428+0000] {processor.py:840} INFO - DAG(s) 'example_branch_operator' retrieved from /home/airflow/.local/lib/python3.8/site-packages/airflow/example_dags/example_branch_operator.py
[2025-04-04T08:52:30.456+0000] {logging_mixin.py:188} INFO - [2025-04-04T08:52:30.456+0000] {dag.py:3036} INFO - Sync 1 DAGs
[2025-04-04T08:52:30.479+0000] {logging_mixin.py:188} INFO - [2025-04-04T08:52:30.478+0000] {dag.py:3823} INFO - Setting next_dagrun for example_branch_operator to 2025-04-03 00:00:00+00:00, run_after=2025-04-04 00:00:00+00:00
[2025-04-04T08:52:30.500+0000] {processor.py:183} INFO - Processing /home/airflow/.local/lib/python3.8/site-packages/airflow/example_dags/example_branch_operator.py took 0.093 seconds
[2025-04-04T08:53:00.974+0000] {processor.py:161} INFO - Started process (PID=1590) to work on /home/airflow/.local/lib/python3.8/site-packages/airflow/example_dags/example_branch_operator.py
[2025-04-04T08:53:00.975+0000] {processor.py:830} INFO - Processing file /home/airflow/.local/lib/python3.8/site-packages/airflow/example_dags/example_branch_operator.py for tasks to queue
[2025-04-04T08:53:00.976+0000] {logging_mixin.py:188} INFO - [2025-04-04T08:53:00.976+0000] {dagbag.py:538} INFO - Filling up the DagBag from /home/airflow/.local/lib/python3.8/site-packages/airflow/example_dags/example_branch_operator.py
[2025-04-04T08:53:00.993+0000] {processor.py:840} INFO - DAG(s) 'example_branch_operator' retrieved from /home/airflow/.local/lib/python3.8/site-packages/airflow/example_dags/example_branch_operator.py
[2025-04-04T08:53:01.023+0000] {logging_mixin.py:188} INFO - [2025-04-04T08:53:01.022+0000] {dag.py:3036} INFO - Sync 1 DAGs
[2025-04-04T08:53:01.046+0000] {logging_mixin.py:188} INFO - [2025-04-04T08:53:01.045+0000] {dag.py:3823} INFO - Setting next_dagrun for example_branch_operator to 2025-04-03 00:00:00+00:00, run_after=2025-04-04 00:00:00+00:00
[2025-04-04T08:53:01.068+0000] {processor.py:183} INFO - Processing /home/airflow/.local/lib/python3.8/site-packages/airflow/example_dags/example_branch_operator.py took 0.097 seconds
[2025-04-04T08:53:31.939+0000] {processor.py:161} INFO - Started process (PID=1837) to work on /home/airflow/.local/lib/python3.8/site-packages/airflow/example_dags/example_branch_operator.py
[2025-04-04T08:53:31.941+0000] {processor.py:830} INFO - Processing file /home/airflow/.local/lib/python3.8/site-packages/airflow/example_dags/example_branch_operator.py for tasks to queue
[2025-04-04T08:53:31.942+0000] {logging_mixin.py:188} INFO - [2025-04-04T08:53:31.942+0000] {dagbag.py:538} INFO - Filling up the DagBag from /home/airflow/.local/lib/python3.8/site-packages/airflow/example_dags/example_branch_operator.py
[2025-04-04T08:53:31.964+0000] {processor.py:840} INFO - DAG(s) 'example_branch_operator' retrieved from /home/airflow/.local/lib/python3.8/site-packages/airflow/example_dags/example_branch_operator.py
[2025-04-04T08:53:32.010+0000] {logging_mixin.py:188} INFO - [2025-04-04T08:53:32.009+0000] {dag.py:3036} INFO - Sync 1 DAGs
[2025-04-04T08:53:32.040+0000] {logging_mixin.py:188} INFO - [2025-04-04T08:53:32.039+0000] {dag.py:3823} INFO - Setting next_dagrun for example_branch_operator to 2025-04-03 00:00:00+00:00, run_after=2025-04-04 00:00:00+00:00
[2025-04-04T08:53:32.066+0000] {processor.py:183} INFO - Processing /home/airflow/.local/lib/python3.8/site-packages/airflow/example_dags/example_branch_operator.py took 0.131 seconds
[2025-04-04T08:54:02.382+0000] {processor.py:161} INFO - Started process (PID=2086) to work on /home/airflow/.local/lib/python3.8/site-packages/airflow/example_dags/example_branch_operator.py
[2025-04-04T08:54:02.384+0000] {processor.py:830} INFO - Processing file /home/airflow/.local/lib/python3.8/site-packages/airflow/example_dags/example_branch_operator.py for tasks to queue
[2025-04-04T08:54:02.385+0000] {logging_mixin.py:188} INFO - [2025-04-04T08:54:02.384+0000] {dagbag.py:538} INFO - Filling up the DagBag from /home/airflow/.local/lib/python3.8/site-packages/airflow/example_dags/example_branch_operator.py
[2025-04-04T08:54:02.399+0000] {processor.py:840} INFO - DAG(s) 'example_branch_operator' retrieved from /home/airflow/.local/lib/python3.8/site-packages/airflow/example_dags/example_branch_operator.py
[2025-04-04T08:54:02.424+0000] {logging_mixin.py:188} INFO - [2025-04-04T08:54:02.424+0000] {dag.py:3036} INFO - Sync 1 DAGs
[2025-04-04T08:54:02.444+0000] {logging_mixin.py:188} INFO - [2025-04-04T08:54:02.443+0000] {dag.py:3823} INFO - Setting next_dagrun for example_branch_operator to 2025-04-03 00:00:00+00:00, run_after=2025-04-04 00:00:00+00:00
[2025-04-04T08:54:02.463+0000] {processor.py:183} INFO - Processing /home/airflow/.local/lib/python3.8/site-packages/airflow/example_dags/example_branch_operator.py took 0.084 seconds
[2025-04-04T08:54:33.364+0000] {processor.py:161} INFO - Started process (PID=2331) to work on /home/airflow/.local/lib/python3.8/site-packages/airflow/example_dags/example_branch_operator.py
[2025-04-04T08:54:33.366+0000] {processor.py:830} INFO - Processing file /home/airflow/.local/lib/python3.8/site-packages/airflow/example_dags/example_branch_operator.py for tasks to queue
[2025-04-04T08:54:33.368+0000] {logging_mixin.py:188} INFO - [2025-04-04T08:54:33.367+0000] {dagbag.py:538} INFO - Filling up the DagBag from /home/airflow/.local/lib/python3.8/site-packages/airflow/example_dags/example_branch_operator.py
[2025-04-04T08:54:33.406+0000] {processor.py:840} INFO - DAG(s) 'example_branch_operator' retrieved from /home/airflow/.local/lib/python3.8/site-packages/airflow/example_dags/example_branch_operator.py
[2025-04-04T08:54:33.477+0000] {logging_mixin.py:188} INFO - [2025-04-04T08:54:33.477+0000] {dag.py:3036} INFO - Sync 1 DAGs
[2025-04-04T08:54:33.519+0000] {logging_mixin.py:188} INFO - [2025-04-04T08:54:33.518+0000] {dag.py:3823} INFO - Setting next_dagrun for example_branch_operator to 2025-04-03 00:00:00+00:00, run_after=2025-04-04 00:00:00+00:00
[2025-04-04T08:54:33.554+0000] {processor.py:183} INFO - Processing /home/airflow/.local/lib/python3.8/site-packages/airflow/example_dags/example_branch_operator.py took 0.196 seconds
[2025-04-04T08:55:04.132+0000] {processor.py:161} INFO - Started process (PID=2580) to work on /home/airflow/.local/lib/python3.8/site-packages/airflow/example_dags/example_branch_operator.py
[2025-04-04T08:55:04.134+0000] {processor.py:830} INFO - Processing file /home/airflow/.local/lib/python3.8/site-packages/airflow/example_dags/example_branch_operator.py for tasks to queue
[2025-04-04T08:55:04.135+0000] {logging_mixin.py:188} INFO - [2025-04-04T08:55:04.135+0000] {dagbag.py:538} INFO - Filling up the DagBag from /home/airflow/.local/lib/python3.8/site-packages/airflow/example_dags/example_branch_operator.py
[2025-04-04T08:55:04.153+0000] {processor.py:840} INFO - DAG(s) 'example_branch_operator' retrieved from /home/airflow/.local/lib/python3.8/site-packages/airflow/example_dags/example_branch_operator.py
[2025-04-04T08:55:04.182+0000] {logging_mixin.py:188} INFO - [2025-04-04T08:55:04.182+0000] {dag.py:3036} INFO - Sync 1 DAGs
[2025-04-04T08:55:04.206+0000] {logging_mixin.py:188} INFO - [2025-04-04T08:55:04.206+0000] {dag.py:3823} INFO - Setting next_dagrun for example_branch_operator to 2025-04-03 00:00:00+00:00, run_after=2025-04-04 00:00:00+00:00
[2025-04-04T08:55:04.228+0000] {processor.py:183} INFO - Processing /home/airflow/.local/lib/python3.8/site-packages/airflow/example_dags/example_branch_operator.py took 0.099 seconds
[2025-04-04T08:55:34.771+0000] {processor.py:161} INFO - Started process (PID=2825) to work on /home/airflow/.local/lib/python3.8/site-packages/airflow/example_dags/example_branch_operator.py
[2025-04-04T08:55:34.773+0000] {processor.py:830} INFO - Processing file /home/airflow/.local/lib/python3.8/site-packages/airflow/example_dags/example_branch_operator.py for tasks to queue
[2025-04-04T08:55:34.775+0000] {logging_mixin.py:188} INFO - [2025-04-04T08:55:34.775+0000] {dagbag.py:538} INFO - Filling up the DagBag from /home/airflow/.local/lib/python3.8/site-packages/airflow/example_dags/example_branch_operator.py
[2025-04-04T08:55:34.803+0000] {processor.py:840} INFO - DAG(s) 'example_branch_operator' retrieved from /home/airflow/.local/lib/python3.8/site-packages/airflow/example_dags/example_branch_operator.py
[2025-04-04T08:55:34.843+0000] {logging_mixin.py:188} INFO - [2025-04-04T08:55:34.842+0000] {dag.py:3036} INFO - Sync 1 DAGs
[2025-04-04T08:55:34.878+0000] {logging_mixin.py:188} INFO - [2025-04-04T08:55:34.877+0000] {dag.py:3823} INFO - Setting next_dagrun for example_branch_operator to 2025-04-03 00:00:00+00:00, run_after=2025-04-04 00:00:00+00:00
[2025-04-04T08:55:34.907+0000] {processor.py:183} INFO - Processing /home/airflow/.local/lib/python3.8/site-packages/airflow/example_dags/example_branch_operator.py took 0.142 seconds
[2025-04-04T09:14:17.153+0000] {processor.py:161} INFO - Started process (PID=375) to work on /home/airflow/.local/lib/python3.8/site-packages/airflow/example_dags/example_branch_operator.py
[2025-04-04T09:14:17.156+0000] {processor.py:830} INFO - Processing file /home/airflow/.local/lib/python3.8/site-packages/airflow/example_dags/example_branch_operator.py for tasks to queue
[2025-04-04T09:14:17.159+0000] {logging_mixin.py:188} INFO - [2025-04-04T09:14:17.158+0000] {dagbag.py:538} INFO - Filling up the DagBag from /home/airflow/.local/lib/python3.8/site-packages/airflow/example_dags/example_branch_operator.py
[2025-04-04T09:14:17.202+0000] {processor.py:840} INFO - DAG(s) 'example_branch_operator' retrieved from /home/airflow/.local/lib/python3.8/site-packages/airflow/example_dags/example_branch_operator.py
[2025-04-04T09:14:17.501+0000] {logging_mixin.py:188} INFO - [2025-04-04T09:14:17.501+0000] {dag.py:3036} INFO - Sync 1 DAGs
[2025-04-04T09:14:17.539+0000] {logging_mixin.py:188} INFO - [2025-04-04T09:14:17.538+0000] {dag.py:3823} INFO - Setting next_dagrun for example_branch_operator to 2025-04-03 00:00:00+00:00, run_after=2025-04-04 00:00:00+00:00
[2025-04-04T09:14:17.576+0000] {processor.py:183} INFO - Processing /home/airflow/.local/lib/python3.8/site-packages/airflow/example_dags/example_branch_operator.py took 0.432 seconds
[2025-04-04T09:14:47.780+0000] {processor.py:161} INFO - Started process (PID=622) to work on /home/airflow/.local/lib/python3.8/site-packages/airflow/example_dags/example_branch_operator.py
[2025-04-04T09:14:47.782+0000] {processor.py:830} INFO - Processing file /home/airflow/.local/lib/python3.8/site-packages/airflow/example_dags/example_branch_operator.py for tasks to queue
[2025-04-04T09:14:47.783+0000] {logging_mixin.py:188} INFO - [2025-04-04T09:14:47.783+0000] {dagbag.py:538} INFO - Filling up the DagBag from /home/airflow/.local/lib/python3.8/site-packages/airflow/example_dags/example_branch_operator.py
[2025-04-04T09:14:47.816+0000] {processor.py:840} INFO - DAG(s) 'example_branch_operator' retrieved from /home/airflow/.local/lib/python3.8/site-packages/airflow/example_dags/example_branch_operator.py
[2025-04-04T09:14:47.854+0000] {logging_mixin.py:188} INFO - [2025-04-04T09:14:47.854+0000] {dag.py:3036} INFO - Sync 1 DAGs
[2025-04-04T09:14:47.909+0000] {logging_mixin.py:188} INFO - [2025-04-04T09:14:47.909+0000] {dag.py:3823} INFO - Setting next_dagrun for example_branch_operator to 2025-04-03 00:00:00+00:00, run_after=2025-04-04 00:00:00+00:00
[2025-04-04T09:14:47.988+0000] {processor.py:183} INFO - Processing /home/airflow/.local/lib/python3.8/site-packages/airflow/example_dags/example_branch_operator.py took 0.212 seconds
[2025-04-04T09:15:19.146+0000] {processor.py:161} INFO - Started process (PID=869) to work on /home/airflow/.local/lib/python3.8/site-packages/airflow/example_dags/example_branch_operator.py
[2025-04-04T09:15:19.148+0000] {processor.py:830} INFO - Processing file /home/airflow/.local/lib/python3.8/site-packages/airflow/example_dags/example_branch_operator.py for tasks to queue
[2025-04-04T09:15:19.149+0000] {logging_mixin.py:188} INFO - [2025-04-04T09:15:19.149+0000] {dagbag.py:538} INFO - Filling up the DagBag from /home/airflow/.local/lib/python3.8/site-packages/airflow/example_dags/example_branch_operator.py
[2025-04-04T09:15:19.167+0000] {processor.py:840} INFO - DAG(s) 'example_branch_operator' retrieved from /home/airflow/.local/lib/python3.8/site-packages/airflow/example_dags/example_branch_operator.py
[2025-04-04T09:15:19.202+0000] {logging_mixin.py:188} INFO - [2025-04-04T09:15:19.201+0000] {dag.py:3036} INFO - Sync 1 DAGs
[2025-04-04T09:15:19.230+0000] {logging_mixin.py:188} INFO - [2025-04-04T09:15:19.230+0000] {dag.py:3823} INFO - Setting next_dagrun for example_branch_operator to 2025-04-03 00:00:00+00:00, run_after=2025-04-04 00:00:00+00:00
[2025-04-04T09:15:19.255+0000] {processor.py:183} INFO - Processing /home/airflow/.local/lib/python3.8/site-packages/airflow/example_dags/example_branch_operator.py took 0.113 seconds
[2025-04-04T09:15:49.809+0000] {processor.py:161} INFO - Started process (PID=1116) to work on /home/airflow/.local/lib/python3.8/site-packages/airflow/example_dags/example_branch_operator.py
[2025-04-04T09:15:49.810+0000] {processor.py:830} INFO - Processing file /home/airflow/.local/lib/python3.8/site-packages/airflow/example_dags/example_branch_operator.py for tasks to queue
[2025-04-04T09:15:49.811+0000] {logging_mixin.py:188} INFO - [2025-04-04T09:15:49.811+0000] {dagbag.py:538} INFO - Filling up the DagBag from /home/airflow/.local/lib/python3.8/site-packages/airflow/example_dags/example_branch_operator.py
[2025-04-04T09:15:49.832+0000] {processor.py:840} INFO - DAG(s) 'example_branch_operator' retrieved from /home/airflow/.local/lib/python3.8/site-packages/airflow/example_dags/example_branch_operator.py
[2025-04-04T09:15:49.866+0000] {logging_mixin.py:188} INFO - [2025-04-04T09:15:49.866+0000] {dag.py:3036} INFO - Sync 1 DAGs
[2025-04-04T09:15:49.894+0000] {logging_mixin.py:188} INFO - [2025-04-04T09:15:49.894+0000] {dag.py:3823} INFO - Setting next_dagrun for example_branch_operator to 2025-04-03 00:00:00+00:00, run_after=2025-04-04 00:00:00+00:00
[2025-04-04T09:15:49.930+0000] {processor.py:183} INFO - Processing /home/airflow/.local/lib/python3.8/site-packages/airflow/example_dags/example_branch_operator.py took 0.124 seconds
