[2025-04-04T08:35:52.858+0000] {processor.py:161} INFO - Started process (PID=385) to work on /home/airflow/.local/lib/python3.8/site-packages/airflow/example_dags/example_short_circuit_operator.py
[2025-04-04T08:35:52.861+0000] {processor.py:830} INFO - Processing file /home/airflow/.local/lib/python3.8/site-packages/airflow/example_dags/example_short_circuit_operator.py for tasks to queue
[2025-04-04T08:35:52.864+0000] {logging_mixin.py:188} INFO - [2025-04-04T08:35:52.864+0000] {dagbag.py:538} INFO - Filling up the DagBag from /home/airflow/.local/lib/python3.8/site-packages/airflow/example_dags/example_short_circuit_operator.py
[2025-04-04T08:35:52.882+0000] {processor.py:840} INFO - DAG(s) 'example_short_circuit_operator' retrieved from /home/airflow/.local/lib/python3.8/site-packages/airflow/example_dags/example_short_circuit_operator.py
[2025-04-04T08:35:53.125+0000] {logging_mixin.py:188} INFO - [2025-04-04T08:35:53.124+0000] {override.py:1769} INFO - Created Permission View: can edit on DAG:example_short_circuit_operator
[2025-04-04T08:35:53.149+0000] {logging_mixin.py:188} INFO - [2025-04-04T08:35:53.148+0000] {override.py:1769} INFO - Created Permission View: can read on DAG:example_short_circuit_operator
[2025-04-04T08:35:53.165+0000] {logging_mixin.py:188} INFO - [2025-04-04T08:35:53.164+0000] {override.py:1769} INFO - Created Permission View: can delete on DAG:example_short_circuit_operator
[2025-04-04T08:35:53.166+0000] {logging_mixin.py:188} INFO - [2025-04-04T08:35:53.166+0000] {dag.py:3036} INFO - Sync 1 DAGs
[2025-04-04T08:35:53.193+0000] {logging_mixin.py:188} INFO - [2025-04-04T08:35:53.193+0000] {dag.py:3058} INFO - Creating ORM DAG for example_short_circuit_operator
[2025-04-04T08:35:53.214+0000] {logging_mixin.py:188} INFO - [2025-04-04T08:35:53.213+0000] {dag.py:3823} INFO - Setting next_dagrun for example_short_circuit_operator to 2025-04-03 00:00:00+00:00, run_after=2025-04-04 00:00:00+00:00
[2025-04-04T08:35:53.254+0000] {processor.py:183} INFO - Processing /home/airflow/.local/lib/python3.8/site-packages/airflow/example_dags/example_short_circuit_operator.py took 0.402 seconds
[2025-04-04T08:36:23.367+0000] {processor.py:161} INFO - Started process (PID=634) to work on /home/airflow/.local/lib/python3.8/site-packages/airflow/example_dags/example_short_circuit_operator.py
[2025-04-04T08:36:23.368+0000] {processor.py:830} INFO - Processing file /home/airflow/.local/lib/python3.8/site-packages/airflow/example_dags/example_short_circuit_operator.py for tasks to queue
[2025-04-04T08:36:23.369+0000] {logging_mixin.py:188} INFO - [2025-04-04T08:36:23.368+0000] {dagbag.py:538} INFO - Filling up the DagBag from /home/airflow/.local/lib/python3.8/site-packages/airflow/example_dags/example_short_circuit_operator.py
[2025-04-04T08:36:23.376+0000] {processor.py:840} INFO - DAG(s) 'example_short_circuit_operator' retrieved from /home/airflow/.local/lib/python3.8/site-packages/airflow/example_dags/example_short_circuit_operator.py
[2025-04-04T08:36:23.401+0000] {logging_mixin.py:188} INFO - [2025-04-04T08:36:23.401+0000] {dag.py:3036} INFO - Sync 1 DAGs
[2025-04-04T08:36:23.425+0000] {logging_mixin.py:188} INFO - [2025-04-04T08:36:23.425+0000] {dag.py:3823} INFO - Setting next_dagrun for example_short_circuit_operator to 2025-04-03 00:00:00+00:00, run_after=2025-04-04 00:00:00+00:00
[2025-04-04T08:36:23.448+0000] {processor.py:183} INFO - Processing /home/airflow/.local/lib/python3.8/site-packages/airflow/example_dags/example_short_circuit_operator.py took 0.084 seconds
[2025-04-04T08:36:53.552+0000] {processor.py:161} INFO - Started process (PID=879) to work on /home/airflow/.local/lib/python3.8/site-packages/airflow/example_dags/example_short_circuit_operator.py
[2025-04-04T08:36:53.554+0000] {processor.py:830} INFO - Processing file /home/airflow/.local/lib/python3.8/site-packages/airflow/example_dags/example_short_circuit_operator.py for tasks to queue
[2025-04-04T08:36:53.555+0000] {logging_mixin.py:188} INFO - [2025-04-04T08:36:53.554+0000] {dagbag.py:538} INFO - Filling up the DagBag from /home/airflow/.local/lib/python3.8/site-packages/airflow/example_dags/example_short_circuit_operator.py
[2025-04-04T08:36:53.563+0000] {processor.py:840} INFO - DAG(s) 'example_short_circuit_operator' retrieved from /home/airflow/.local/lib/python3.8/site-packages/airflow/example_dags/example_short_circuit_operator.py
[2025-04-04T08:36:53.587+0000] {logging_mixin.py:188} INFO - [2025-04-04T08:36:53.586+0000] {dag.py:3036} INFO - Sync 1 DAGs
[2025-04-04T08:36:53.610+0000] {logging_mixin.py:188} INFO - [2025-04-04T08:36:53.609+0000] {dag.py:3823} INFO - Setting next_dagrun for example_short_circuit_operator to 2025-04-03 00:00:00+00:00, run_after=2025-04-04 00:00:00+00:00
[2025-04-04T08:36:53.631+0000] {processor.py:183} INFO - Processing /home/airflow/.local/lib/python3.8/site-packages/airflow/example_dags/example_short_circuit_operator.py took 0.082 seconds
[2025-04-04T08:37:24.641+0000] {processor.py:161} INFO - Started process (PID=1128) to work on /home/airflow/.local/lib/python3.8/site-packages/airflow/example_dags/example_short_circuit_operator.py
[2025-04-04T08:37:24.642+0000] {processor.py:830} INFO - Processing file /home/airflow/.local/lib/python3.8/site-packages/airflow/example_dags/example_short_circuit_operator.py for tasks to queue
[2025-04-04T08:37:24.643+0000] {logging_mixin.py:188} INFO - [2025-04-04T08:37:24.643+0000] {dagbag.py:538} INFO - Filling up the DagBag from /home/airflow/.local/lib/python3.8/site-packages/airflow/example_dags/example_short_circuit_operator.py
[2025-04-04T08:37:24.650+0000] {processor.py:840} INFO - DAG(s) 'example_short_circuit_operator' retrieved from /home/airflow/.local/lib/python3.8/site-packages/airflow/example_dags/example_short_circuit_operator.py
[2025-04-04T08:37:24.674+0000] {logging_mixin.py:188} INFO - [2025-04-04T08:37:24.673+0000] {dag.py:3036} INFO - Sync 1 DAGs
[2025-04-04T08:37:24.695+0000] {logging_mixin.py:188} INFO - [2025-04-04T08:37:24.695+0000] {dag.py:3823} INFO - Setting next_dagrun for example_short_circuit_operator to 2025-04-03 00:00:00+00:00, run_after=2025-04-04 00:00:00+00:00
[2025-04-04T08:37:24.719+0000] {processor.py:183} INFO - Processing /home/airflow/.local/lib/python3.8/site-packages/airflow/example_dags/example_short_circuit_operator.py took 0.081 seconds
[2025-04-04T08:37:54.876+0000] {processor.py:161} INFO - Started process (PID=1375) to work on /home/airflow/.local/lib/python3.8/site-packages/airflow/example_dags/example_short_circuit_operator.py
[2025-04-04T08:37:54.877+0000] {processor.py:830} INFO - Processing file /home/airflow/.local/lib/python3.8/site-packages/airflow/example_dags/example_short_circuit_operator.py for tasks to queue
[2025-04-04T08:37:54.878+0000] {logging_mixin.py:188} INFO - [2025-04-04T08:37:54.878+0000] {dagbag.py:538} INFO - Filling up the DagBag from /home/airflow/.local/lib/python3.8/site-packages/airflow/example_dags/example_short_circuit_operator.py
[2025-04-04T08:37:54.887+0000] {processor.py:840} INFO - DAG(s) 'example_short_circuit_operator' retrieved from /home/airflow/.local/lib/python3.8/site-packages/airflow/example_dags/example_short_circuit_operator.py
[2025-04-04T08:37:54.920+0000] {logging_mixin.py:188} INFO - [2025-04-04T08:37:54.919+0000] {dag.py:3036} INFO - Sync 1 DAGs
[2025-04-04T08:37:54.952+0000] {logging_mixin.py:188} INFO - [2025-04-04T08:37:54.952+0000] {dag.py:3823} INFO - Setting next_dagrun for example_short_circuit_operator to 2025-04-03 00:00:00+00:00, run_after=2025-04-04 00:00:00+00:00
[2025-04-04T08:37:54.985+0000] {processor.py:183} INFO - Processing /home/airflow/.local/lib/python3.8/site-packages/airflow/example_dags/example_short_circuit_operator.py took 0.113 seconds
[2025-04-04T08:38:25.206+0000] {processor.py:161} INFO - Started process (PID=1620) to work on /home/airflow/.local/lib/python3.8/site-packages/airflow/example_dags/example_short_circuit_operator.py
[2025-04-04T08:38:25.207+0000] {processor.py:830} INFO - Processing file /home/airflow/.local/lib/python3.8/site-packages/airflow/example_dags/example_short_circuit_operator.py for tasks to queue
[2025-04-04T08:38:25.208+0000] {logging_mixin.py:188} INFO - [2025-04-04T08:38:25.208+0000] {dagbag.py:538} INFO - Filling up the DagBag from /home/airflow/.local/lib/python3.8/site-packages/airflow/example_dags/example_short_circuit_operator.py
[2025-04-04T08:38:25.215+0000] {processor.py:840} INFO - DAG(s) 'example_short_circuit_operator' retrieved from /home/airflow/.local/lib/python3.8/site-packages/airflow/example_dags/example_short_circuit_operator.py
[2025-04-04T08:38:25.237+0000] {logging_mixin.py:188} INFO - [2025-04-04T08:38:25.237+0000] {dag.py:3036} INFO - Sync 1 DAGs
[2025-04-04T08:38:25.259+0000] {logging_mixin.py:188} INFO - [2025-04-04T08:38:25.259+0000] {dag.py:3823} INFO - Setting next_dagrun for example_short_circuit_operator to 2025-04-03 00:00:00+00:00, run_after=2025-04-04 00:00:00+00:00
[2025-04-04T08:38:25.279+0000] {processor.py:183} INFO - Processing /home/airflow/.local/lib/python3.8/site-packages/airflow/example_dags/example_short_circuit_operator.py took 0.076 seconds
[2025-04-04T08:38:55.767+0000] {processor.py:161} INFO - Started process (PID=1867) to work on /home/airflow/.local/lib/python3.8/site-packages/airflow/example_dags/example_short_circuit_operator.py
[2025-04-04T08:38:55.768+0000] {processor.py:830} INFO - Processing file /home/airflow/.local/lib/python3.8/site-packages/airflow/example_dags/example_short_circuit_operator.py for tasks to queue
[2025-04-04T08:38:55.769+0000] {logging_mixin.py:188} INFO - [2025-04-04T08:38:55.769+0000] {dagbag.py:538} INFO - Filling up the DagBag from /home/airflow/.local/lib/python3.8/site-packages/airflow/example_dags/example_short_circuit_operator.py
[2025-04-04T08:38:55.777+0000] {processor.py:840} INFO - DAG(s) 'example_short_circuit_operator' retrieved from /home/airflow/.local/lib/python3.8/site-packages/airflow/example_dags/example_short_circuit_operator.py
[2025-04-04T08:38:55.801+0000] {logging_mixin.py:188} INFO - [2025-04-04T08:38:55.801+0000] {dag.py:3036} INFO - Sync 1 DAGs
[2025-04-04T08:38:55.824+0000] {logging_mixin.py:188} INFO - [2025-04-04T08:38:55.824+0000] {dag.py:3823} INFO - Setting next_dagrun for example_short_circuit_operator to 2025-04-03 00:00:00+00:00, run_after=2025-04-04 00:00:00+00:00
[2025-04-04T08:38:55.844+0000] {processor.py:183} INFO - Processing /home/airflow/.local/lib/python3.8/site-packages/airflow/example_dags/example_short_circuit_operator.py took 0.080 seconds
[2025-04-04T08:39:26.629+0000] {processor.py:161} INFO - Started process (PID=2116) to work on /home/airflow/.local/lib/python3.8/site-packages/airflow/example_dags/example_short_circuit_operator.py
[2025-04-04T08:39:26.630+0000] {processor.py:830} INFO - Processing file /home/airflow/.local/lib/python3.8/site-packages/airflow/example_dags/example_short_circuit_operator.py for tasks to queue
[2025-04-04T08:39:26.631+0000] {logging_mixin.py:188} INFO - [2025-04-04T08:39:26.631+0000] {dagbag.py:538} INFO - Filling up the DagBag from /home/airflow/.local/lib/python3.8/site-packages/airflow/example_dags/example_short_circuit_operator.py
[2025-04-04T08:39:26.639+0000] {processor.py:840} INFO - DAG(s) 'example_short_circuit_operator' retrieved from /home/airflow/.local/lib/python3.8/site-packages/airflow/example_dags/example_short_circuit_operator.py
[2025-04-04T08:39:26.661+0000] {logging_mixin.py:188} INFO - [2025-04-04T08:39:26.661+0000] {dag.py:3036} INFO - Sync 1 DAGs
[2025-04-04T08:39:26.682+0000] {logging_mixin.py:188} INFO - [2025-04-04T08:39:26.682+0000] {dag.py:3823} INFO - Setting next_dagrun for example_short_circuit_operator to 2025-04-03 00:00:00+00:00, run_after=2025-04-04 00:00:00+00:00
[2025-04-04T08:39:26.701+0000] {processor.py:183} INFO - Processing /home/airflow/.local/lib/python3.8/site-packages/airflow/example_dags/example_short_circuit_operator.py took 0.075 seconds
[2025-04-04T08:39:56.771+0000] {processor.py:161} INFO - Started process (PID=2361) to work on /home/airflow/.local/lib/python3.8/site-packages/airflow/example_dags/example_short_circuit_operator.py
[2025-04-04T08:39:56.772+0000] {processor.py:830} INFO - Processing file /home/airflow/.local/lib/python3.8/site-packages/airflow/example_dags/example_short_circuit_operator.py for tasks to queue
[2025-04-04T08:39:56.773+0000] {logging_mixin.py:188} INFO - [2025-04-04T08:39:56.773+0000] {dagbag.py:538} INFO - Filling up the DagBag from /home/airflow/.local/lib/python3.8/site-packages/airflow/example_dags/example_short_circuit_operator.py
[2025-04-04T08:39:56.781+0000] {processor.py:840} INFO - DAG(s) 'example_short_circuit_operator' retrieved from /home/airflow/.local/lib/python3.8/site-packages/airflow/example_dags/example_short_circuit_operator.py
[2025-04-04T08:39:56.805+0000] {logging_mixin.py:188} INFO - [2025-04-04T08:39:56.805+0000] {dag.py:3036} INFO - Sync 1 DAGs
[2025-04-04T08:39:56.828+0000] {logging_mixin.py:188} INFO - [2025-04-04T08:39:56.828+0000] {dag.py:3823} INFO - Setting next_dagrun for example_short_circuit_operator to 2025-04-03 00:00:00+00:00, run_after=2025-04-04 00:00:00+00:00
[2025-04-04T08:39:56.853+0000] {processor.py:183} INFO - Processing /home/airflow/.local/lib/python3.8/site-packages/airflow/example_dags/example_short_circuit_operator.py took 0.085 seconds
[2025-04-04T08:40:27.847+0000] {processor.py:161} INFO - Started process (PID=2610) to work on /home/airflow/.local/lib/python3.8/site-packages/airflow/example_dags/example_short_circuit_operator.py
[2025-04-04T08:40:27.848+0000] {processor.py:830} INFO - Processing file /home/airflow/.local/lib/python3.8/site-packages/airflow/example_dags/example_short_circuit_operator.py for tasks to queue
[2025-04-04T08:40:27.850+0000] {logging_mixin.py:188} INFO - [2025-04-04T08:40:27.849+0000] {dagbag.py:538} INFO - Filling up the DagBag from /home/airflow/.local/lib/python3.8/site-packages/airflow/example_dags/example_short_circuit_operator.py
[2025-04-04T08:40:27.858+0000] {processor.py:840} INFO - DAG(s) 'example_short_circuit_operator' retrieved from /home/airflow/.local/lib/python3.8/site-packages/airflow/example_dags/example_short_circuit_operator.py
[2025-04-04T08:40:27.882+0000] {logging_mixin.py:188} INFO - [2025-04-04T08:40:27.881+0000] {dag.py:3036} INFO - Sync 1 DAGs
[2025-04-04T08:40:27.902+0000] {logging_mixin.py:188} INFO - [2025-04-04T08:40:27.901+0000] {dag.py:3823} INFO - Setting next_dagrun for example_short_circuit_operator to 2025-04-03 00:00:00+00:00, run_after=2025-04-04 00:00:00+00:00
[2025-04-04T08:40:27.919+0000] {processor.py:183} INFO - Processing /home/airflow/.local/lib/python3.8/site-packages/airflow/example_dags/example_short_circuit_operator.py took 0.075 seconds
[2025-04-04T08:40:58.079+0000] {processor.py:161} INFO - Started process (PID=2857) to work on /home/airflow/.local/lib/python3.8/site-packages/airflow/example_dags/example_short_circuit_operator.py
[2025-04-04T08:40:58.081+0000] {processor.py:830} INFO - Processing file /home/airflow/.local/lib/python3.8/site-packages/airflow/example_dags/example_short_circuit_operator.py for tasks to queue
[2025-04-04T08:40:58.082+0000] {logging_mixin.py:188} INFO - [2025-04-04T08:40:58.081+0000] {dagbag.py:538} INFO - Filling up the DagBag from /home/airflow/.local/lib/python3.8/site-packages/airflow/example_dags/example_short_circuit_operator.py
[2025-04-04T08:40:58.091+0000] {processor.py:840} INFO - DAG(s) 'example_short_circuit_operator' retrieved from /home/airflow/.local/lib/python3.8/site-packages/airflow/example_dags/example_short_circuit_operator.py
[2025-04-04T08:40:58.118+0000] {logging_mixin.py:188} INFO - [2025-04-04T08:40:58.118+0000] {dag.py:3036} INFO - Sync 1 DAGs
[2025-04-04T08:40:58.143+0000] {logging_mixin.py:188} INFO - [2025-04-04T08:40:58.142+0000] {dag.py:3823} INFO - Setting next_dagrun for example_short_circuit_operator to 2025-04-03 00:00:00+00:00, run_after=2025-04-04 00:00:00+00:00
[2025-04-04T08:40:58.168+0000] {processor.py:183} INFO - Processing /home/airflow/.local/lib/python3.8/site-packages/airflow/example_dags/example_short_circuit_operator.py took 0.093 seconds
[2025-04-04T08:43:04.382+0000] {processor.py:161} INFO - Started process (PID=375) to work on /home/airflow/.local/lib/python3.8/site-packages/airflow/example_dags/example_short_circuit_operator.py
[2025-04-04T08:43:04.383+0000] {processor.py:830} INFO - Processing file /home/airflow/.local/lib/python3.8/site-packages/airflow/example_dags/example_short_circuit_operator.py for tasks to queue
[2025-04-04T08:43:04.384+0000] {logging_mixin.py:188} INFO - [2025-04-04T08:43:04.384+0000] {dagbag.py:538} INFO - Filling up the DagBag from /home/airflow/.local/lib/python3.8/site-packages/airflow/example_dags/example_short_circuit_operator.py
[2025-04-04T08:43:04.392+0000] {processor.py:840} INFO - DAG(s) 'example_short_circuit_operator' retrieved from /home/airflow/.local/lib/python3.8/site-packages/airflow/example_dags/example_short_circuit_operator.py
[2025-04-04T08:43:04.405+0000] {logging_mixin.py:188} INFO - [2025-04-04T08:43:04.404+0000] {dag.py:3036} INFO - Sync 1 DAGs
[2025-04-04T08:43:04.432+0000] {logging_mixin.py:188} INFO - [2025-04-04T08:43:04.432+0000] {dag.py:3823} INFO - Setting next_dagrun for example_short_circuit_operator to 2025-04-03 00:00:00+00:00, run_after=2025-04-04 00:00:00+00:00
[2025-04-04T08:43:04.456+0000] {processor.py:183} INFO - Processing /home/airflow/.local/lib/python3.8/site-packages/airflow/example_dags/example_short_circuit_operator.py took 0.077 seconds
[2025-04-04T08:43:36.874+0000] {processor.py:161} INFO - Started process (PID=622) to work on /home/airflow/.local/lib/python3.8/site-packages/airflow/example_dags/example_short_circuit_operator.py
[2025-04-04T08:43:36.875+0000] {processor.py:830} INFO - Processing file /home/airflow/.local/lib/python3.8/site-packages/airflow/example_dags/example_short_circuit_operator.py for tasks to queue
[2025-04-04T08:43:36.877+0000] {logging_mixin.py:188} INFO - [2025-04-04T08:43:36.876+0000] {dagbag.py:538} INFO - Filling up the DagBag from /home/airflow/.local/lib/python3.8/site-packages/airflow/example_dags/example_short_circuit_operator.py
[2025-04-04T08:43:36.891+0000] {processor.py:840} INFO - DAG(s) 'example_short_circuit_operator' retrieved from /home/airflow/.local/lib/python3.8/site-packages/airflow/example_dags/example_short_circuit_operator.py
[2025-04-04T08:43:37.044+0000] {logging_mixin.py:188} INFO - [2025-04-04T08:43:37.044+0000] {dag.py:3036} INFO - Sync 1 DAGs
[2025-04-04T08:43:37.075+0000] {logging_mixin.py:188} INFO - [2025-04-04T08:43:37.075+0000] {dag.py:3823} INFO - Setting next_dagrun for example_short_circuit_operator to 2025-04-03 00:00:00+00:00, run_after=2025-04-04 00:00:00+00:00
[2025-04-04T08:43:37.103+0000] {processor.py:183} INFO - Processing /home/airflow/.local/lib/python3.8/site-packages/airflow/example_dags/example_short_circuit_operator.py took 0.235 seconds
[2025-04-04T08:44:07.650+0000] {processor.py:161} INFO - Started process (PID=867) to work on /home/airflow/.local/lib/python3.8/site-packages/airflow/example_dags/example_short_circuit_operator.py
[2025-04-04T08:44:07.651+0000] {processor.py:830} INFO - Processing file /home/airflow/.local/lib/python3.8/site-packages/airflow/example_dags/example_short_circuit_operator.py for tasks to queue
[2025-04-04T08:44:07.652+0000] {logging_mixin.py:188} INFO - [2025-04-04T08:44:07.652+0000] {dagbag.py:538} INFO - Filling up the DagBag from /home/airflow/.local/lib/python3.8/site-packages/airflow/example_dags/example_short_circuit_operator.py
[2025-04-04T08:44:07.660+0000] {processor.py:840} INFO - DAG(s) 'example_short_circuit_operator' retrieved from /home/airflow/.local/lib/python3.8/site-packages/airflow/example_dags/example_short_circuit_operator.py
[2025-04-04T08:44:07.687+0000] {logging_mixin.py:188} INFO - [2025-04-04T08:44:07.687+0000] {dag.py:3036} INFO - Sync 1 DAGs
[2025-04-04T08:44:07.715+0000] {logging_mixin.py:188} INFO - [2025-04-04T08:44:07.715+0000] {dag.py:3823} INFO - Setting next_dagrun for example_short_circuit_operator to 2025-04-03 00:00:00+00:00, run_after=2025-04-04 00:00:00+00:00
[2025-04-04T08:44:07.742+0000] {processor.py:183} INFO - Processing /home/airflow/.local/lib/python3.8/site-packages/airflow/example_dags/example_short_circuit_operator.py took 0.095 seconds
[2025-04-04T08:44:38.291+0000] {processor.py:161} INFO - Started process (PID=1114) to work on /home/airflow/.local/lib/python3.8/site-packages/airflow/example_dags/example_short_circuit_operator.py
[2025-04-04T08:44:38.292+0000] {processor.py:830} INFO - Processing file /home/airflow/.local/lib/python3.8/site-packages/airflow/example_dags/example_short_circuit_operator.py for tasks to queue
[2025-04-04T08:44:38.293+0000] {logging_mixin.py:188} INFO - [2025-04-04T08:44:38.293+0000] {dagbag.py:538} INFO - Filling up the DagBag from /home/airflow/.local/lib/python3.8/site-packages/airflow/example_dags/example_short_circuit_operator.py
[2025-04-04T08:44:38.301+0000] {processor.py:840} INFO - DAG(s) 'example_short_circuit_operator' retrieved from /home/airflow/.local/lib/python3.8/site-packages/airflow/example_dags/example_short_circuit_operator.py
[2025-04-04T08:44:38.323+0000] {logging_mixin.py:188} INFO - [2025-04-04T08:44:38.322+0000] {dag.py:3036} INFO - Sync 1 DAGs
[2025-04-04T08:44:38.344+0000] {logging_mixin.py:188} INFO - [2025-04-04T08:44:38.344+0000] {dag.py:3823} INFO - Setting next_dagrun for example_short_circuit_operator to 2025-04-03 00:00:00+00:00, run_after=2025-04-04 00:00:00+00:00
[2025-04-04T08:44:38.367+0000] {processor.py:183} INFO - Processing /home/airflow/.local/lib/python3.8/site-packages/airflow/example_dags/example_short_circuit_operator.py took 0.078 seconds
[2025-04-04T08:45:09.060+0000] {processor.py:161} INFO - Started process (PID=1361) to work on /home/airflow/.local/lib/python3.8/site-packages/airflow/example_dags/example_short_circuit_operator.py
[2025-04-04T08:45:09.062+0000] {processor.py:830} INFO - Processing file /home/airflow/.local/lib/python3.8/site-packages/airflow/example_dags/example_short_circuit_operator.py for tasks to queue
[2025-04-04T08:45:09.063+0000] {logging_mixin.py:188} INFO - [2025-04-04T08:45:09.063+0000] {dagbag.py:538} INFO - Filling up the DagBag from /home/airflow/.local/lib/python3.8/site-packages/airflow/example_dags/example_short_circuit_operator.py
[2025-04-04T08:45:09.076+0000] {processor.py:840} INFO - DAG(s) 'example_short_circuit_operator' retrieved from /home/airflow/.local/lib/python3.8/site-packages/airflow/example_dags/example_short_circuit_operator.py
[2025-04-04T08:45:09.109+0000] {logging_mixin.py:188} INFO - [2025-04-04T08:45:09.109+0000] {dag.py:3036} INFO - Sync 1 DAGs
[2025-04-04T08:45:09.139+0000] {logging_mixin.py:188} INFO - [2025-04-04T08:45:09.139+0000] {dag.py:3823} INFO - Setting next_dagrun for example_short_circuit_operator to 2025-04-03 00:00:00+00:00, run_after=2025-04-04 00:00:00+00:00
[2025-04-04T08:45:09.169+0000] {processor.py:183} INFO - Processing /home/airflow/.local/lib/python3.8/site-packages/airflow/example_dags/example_short_circuit_operator.py took 0.114 seconds
[2025-04-04T08:45:39.277+0000] {processor.py:161} INFO - Started process (PID=1608) to work on /home/airflow/.local/lib/python3.8/site-packages/airflow/example_dags/example_short_circuit_operator.py
[2025-04-04T08:45:39.279+0000] {processor.py:830} INFO - Processing file /home/airflow/.local/lib/python3.8/site-packages/airflow/example_dags/example_short_circuit_operator.py for tasks to queue
[2025-04-04T08:45:39.280+0000] {logging_mixin.py:188} INFO - [2025-04-04T08:45:39.279+0000] {dagbag.py:538} INFO - Filling up the DagBag from /home/airflow/.local/lib/python3.8/site-packages/airflow/example_dags/example_short_circuit_operator.py
[2025-04-04T08:45:39.289+0000] {processor.py:840} INFO - DAG(s) 'example_short_circuit_operator' retrieved from /home/airflow/.local/lib/python3.8/site-packages/airflow/example_dags/example_short_circuit_operator.py
[2025-04-04T08:45:39.311+0000] {logging_mixin.py:188} INFO - [2025-04-04T08:45:39.311+0000] {dag.py:3036} INFO - Sync 1 DAGs
[2025-04-04T08:45:39.331+0000] {logging_mixin.py:188} INFO - [2025-04-04T08:45:39.331+0000] {dag.py:3823} INFO - Setting next_dagrun for example_short_circuit_operator to 2025-04-03 00:00:00+00:00, run_after=2025-04-04 00:00:00+00:00
[2025-04-04T08:45:39.353+0000] {processor.py:183} INFO - Processing /home/airflow/.local/lib/python3.8/site-packages/airflow/example_dags/example_short_circuit_operator.py took 0.080 seconds
[2025-04-04T08:46:09.558+0000] {processor.py:161} INFO - Started process (PID=1855) to work on /home/airflow/.local/lib/python3.8/site-packages/airflow/example_dags/example_short_circuit_operator.py
[2025-04-04T08:46:09.559+0000] {processor.py:830} INFO - Processing file /home/airflow/.local/lib/python3.8/site-packages/airflow/example_dags/example_short_circuit_operator.py for tasks to queue
[2025-04-04T08:46:09.560+0000] {logging_mixin.py:188} INFO - [2025-04-04T08:46:09.560+0000] {dagbag.py:538} INFO - Filling up the DagBag from /home/airflow/.local/lib/python3.8/site-packages/airflow/example_dags/example_short_circuit_operator.py
[2025-04-04T08:46:09.569+0000] {processor.py:840} INFO - DAG(s) 'example_short_circuit_operator' retrieved from /home/airflow/.local/lib/python3.8/site-packages/airflow/example_dags/example_short_circuit_operator.py
[2025-04-04T08:46:09.593+0000] {logging_mixin.py:188} INFO - [2025-04-04T08:46:09.593+0000] {dag.py:3036} INFO - Sync 1 DAGs
[2025-04-04T08:46:09.615+0000] {logging_mixin.py:188} INFO - [2025-04-04T08:46:09.615+0000] {dag.py:3823} INFO - Setting next_dagrun for example_short_circuit_operator to 2025-04-03 00:00:00+00:00, run_after=2025-04-04 00:00:00+00:00
[2025-04-04T08:46:09.636+0000] {processor.py:183} INFO - Processing /home/airflow/.local/lib/python3.8/site-packages/airflow/example_dags/example_short_circuit_operator.py took 0.082 seconds
[2025-04-04T08:50:25.864+0000] {processor.py:161} INFO - Started process (PID=382) to work on /home/airflow/.local/lib/python3.8/site-packages/airflow/example_dags/example_short_circuit_operator.py
[2025-04-04T08:50:25.865+0000] {processor.py:830} INFO - Processing file /home/airflow/.local/lib/python3.8/site-packages/airflow/example_dags/example_short_circuit_operator.py for tasks to queue
[2025-04-04T08:50:25.866+0000] {logging_mixin.py:188} INFO - [2025-04-04T08:50:25.866+0000] {dagbag.py:538} INFO - Filling up the DagBag from /home/airflow/.local/lib/python3.8/site-packages/airflow/example_dags/example_short_circuit_operator.py
[2025-04-04T08:50:25.874+0000] {processor.py:840} INFO - DAG(s) 'example_short_circuit_operator' retrieved from /home/airflow/.local/lib/python3.8/site-packages/airflow/example_dags/example_short_circuit_operator.py
[2025-04-04T08:50:25.887+0000] {logging_mixin.py:188} INFO - [2025-04-04T08:50:25.887+0000] {dag.py:3036} INFO - Sync 1 DAGs
[2025-04-04T08:50:25.913+0000] {logging_mixin.py:188} INFO - [2025-04-04T08:50:25.912+0000] {dag.py:3823} INFO - Setting next_dagrun for example_short_circuit_operator to 2025-04-03 00:00:00+00:00, run_after=2025-04-04 00:00:00+00:00
[2025-04-04T08:50:25.940+0000] {processor.py:183} INFO - Processing /home/airflow/.local/lib/python3.8/site-packages/airflow/example_dags/example_short_circuit_operator.py took 0.080 seconds
[2025-04-04T08:50:57.766+0000] {processor.py:161} INFO - Started process (PID=627) to work on /home/airflow/.local/lib/python3.8/site-packages/airflow/example_dags/example_short_circuit_operator.py
[2025-04-04T08:50:57.767+0000] {processor.py:830} INFO - Processing file /home/airflow/.local/lib/python3.8/site-packages/airflow/example_dags/example_short_circuit_operator.py for tasks to queue
[2025-04-04T08:50:57.769+0000] {logging_mixin.py:188} INFO - [2025-04-04T08:50:57.768+0000] {dagbag.py:538} INFO - Filling up the DagBag from /home/airflow/.local/lib/python3.8/site-packages/airflow/example_dags/example_short_circuit_operator.py
[2025-04-04T08:50:57.777+0000] {processor.py:840} INFO - DAG(s) 'example_short_circuit_operator' retrieved from /home/airflow/.local/lib/python3.8/site-packages/airflow/example_dags/example_short_circuit_operator.py
[2025-04-04T08:50:57.880+0000] {logging_mixin.py:188} INFO - [2025-04-04T08:50:57.879+0000] {dag.py:3036} INFO - Sync 1 DAGs
[2025-04-04T08:50:57.900+0000] {logging_mixin.py:188} INFO - [2025-04-04T08:50:57.899+0000] {dag.py:3823} INFO - Setting next_dagrun for example_short_circuit_operator to 2025-04-03 00:00:00+00:00, run_after=2025-04-04 00:00:00+00:00
[2025-04-04T08:50:57.920+0000] {processor.py:183} INFO - Processing /home/airflow/.local/lib/python3.8/site-packages/airflow/example_dags/example_short_circuit_operator.py took 0.158 seconds
[2025-04-04T08:51:28.620+0000] {processor.py:161} INFO - Started process (PID=874) to work on /home/airflow/.local/lib/python3.8/site-packages/airflow/example_dags/example_short_circuit_operator.py
[2025-04-04T08:51:28.621+0000] {processor.py:830} INFO - Processing file /home/airflow/.local/lib/python3.8/site-packages/airflow/example_dags/example_short_circuit_operator.py for tasks to queue
[2025-04-04T08:51:28.622+0000] {logging_mixin.py:188} INFO - [2025-04-04T08:51:28.622+0000] {dagbag.py:538} INFO - Filling up the DagBag from /home/airflow/.local/lib/python3.8/site-packages/airflow/example_dags/example_short_circuit_operator.py
[2025-04-04T08:51:28.631+0000] {processor.py:840} INFO - DAG(s) 'example_short_circuit_operator' retrieved from /home/airflow/.local/lib/python3.8/site-packages/airflow/example_dags/example_short_circuit_operator.py
[2025-04-04T08:51:28.656+0000] {logging_mixin.py:188} INFO - [2025-04-04T08:51:28.655+0000] {dag.py:3036} INFO - Sync 1 DAGs
[2025-04-04T08:51:28.681+0000] {logging_mixin.py:188} INFO - [2025-04-04T08:51:28.681+0000] {dag.py:3823} INFO - Setting next_dagrun for example_short_circuit_operator to 2025-04-03 00:00:00+00:00, run_after=2025-04-04 00:00:00+00:00
[2025-04-04T08:51:28.703+0000] {processor.py:183} INFO - Processing /home/airflow/.local/lib/python3.8/site-packages/airflow/example_dags/example_short_circuit_operator.py took 0.086 seconds
[2025-04-04T08:52:00.122+0000] {processor.py:161} INFO - Started process (PID=1123) to work on /home/airflow/.local/lib/python3.8/site-packages/airflow/example_dags/example_short_circuit_operator.py
[2025-04-04T08:52:00.123+0000] {processor.py:830} INFO - Processing file /home/airflow/.local/lib/python3.8/site-packages/airflow/example_dags/example_short_circuit_operator.py for tasks to queue
[2025-04-04T08:52:00.124+0000] {logging_mixin.py:188} INFO - [2025-04-04T08:52:00.124+0000] {dagbag.py:538} INFO - Filling up the DagBag from /home/airflow/.local/lib/python3.8/site-packages/airflow/example_dags/example_short_circuit_operator.py
[2025-04-04T08:52:00.132+0000] {processor.py:840} INFO - DAG(s) 'example_short_circuit_operator' retrieved from /home/airflow/.local/lib/python3.8/site-packages/airflow/example_dags/example_short_circuit_operator.py
[2025-04-04T08:52:00.158+0000] {logging_mixin.py:188} INFO - [2025-04-04T08:52:00.158+0000] {dag.py:3036} INFO - Sync 1 DAGs
[2025-04-04T08:52:00.187+0000] {logging_mixin.py:188} INFO - [2025-04-04T08:52:00.186+0000] {dag.py:3823} INFO - Setting next_dagrun for example_short_circuit_operator to 2025-04-03 00:00:00+00:00, run_after=2025-04-04 00:00:00+00:00
[2025-04-04T08:52:00.212+0000] {processor.py:183} INFO - Processing /home/airflow/.local/lib/python3.8/site-packages/airflow/example_dags/example_short_circuit_operator.py took 0.093 seconds
[2025-04-04T08:52:30.644+0000] {processor.py:161} INFO - Started process (PID=1368) to work on /home/airflow/.local/lib/python3.8/site-packages/airflow/example_dags/example_short_circuit_operator.py
[2025-04-04T08:52:30.645+0000] {processor.py:830} INFO - Processing file /home/airflow/.local/lib/python3.8/site-packages/airflow/example_dags/example_short_circuit_operator.py for tasks to queue
[2025-04-04T08:52:30.646+0000] {logging_mixin.py:188} INFO - [2025-04-04T08:52:30.646+0000] {dagbag.py:538} INFO - Filling up the DagBag from /home/airflow/.local/lib/python3.8/site-packages/airflow/example_dags/example_short_circuit_operator.py
[2025-04-04T08:52:30.654+0000] {processor.py:840} INFO - DAG(s) 'example_short_circuit_operator' retrieved from /home/airflow/.local/lib/python3.8/site-packages/airflow/example_dags/example_short_circuit_operator.py
[2025-04-04T08:52:30.678+0000] {logging_mixin.py:188} INFO - [2025-04-04T08:52:30.677+0000] {dag.py:3036} INFO - Sync 1 DAGs
[2025-04-04T08:52:30.701+0000] {logging_mixin.py:188} INFO - [2025-04-04T08:52:30.701+0000] {dag.py:3823} INFO - Setting next_dagrun for example_short_circuit_operator to 2025-04-03 00:00:00+00:00, run_after=2025-04-04 00:00:00+00:00
[2025-04-04T08:52:30.726+0000] {processor.py:183} INFO - Processing /home/airflow/.local/lib/python3.8/site-packages/airflow/example_dags/example_short_circuit_operator.py took 0.085 seconds
[2025-04-04T08:53:01.286+0000] {processor.py:161} INFO - Started process (PID=1615) to work on /home/airflow/.local/lib/python3.8/site-packages/airflow/example_dags/example_short_circuit_operator.py
[2025-04-04T08:53:01.288+0000] {processor.py:830} INFO - Processing file /home/airflow/.local/lib/python3.8/site-packages/airflow/example_dags/example_short_circuit_operator.py for tasks to queue
[2025-04-04T08:53:01.289+0000] {logging_mixin.py:188} INFO - [2025-04-04T08:53:01.289+0000] {dagbag.py:538} INFO - Filling up the DagBag from /home/airflow/.local/lib/python3.8/site-packages/airflow/example_dags/example_short_circuit_operator.py
[2025-04-04T08:53:01.297+0000] {processor.py:840} INFO - DAG(s) 'example_short_circuit_operator' retrieved from /home/airflow/.local/lib/python3.8/site-packages/airflow/example_dags/example_short_circuit_operator.py
[2025-04-04T08:53:01.323+0000] {logging_mixin.py:188} INFO - [2025-04-04T08:53:01.323+0000] {dag.py:3036} INFO - Sync 1 DAGs
[2025-04-04T08:53:01.346+0000] {logging_mixin.py:188} INFO - [2025-04-04T08:53:01.346+0000] {dag.py:3823} INFO - Setting next_dagrun for example_short_circuit_operator to 2025-04-03 00:00:00+00:00, run_after=2025-04-04 00:00:00+00:00
[2025-04-04T08:53:01.367+0000] {processor.py:183} INFO - Processing /home/airflow/.local/lib/python3.8/site-packages/airflow/example_dags/example_short_circuit_operator.py took 0.083 seconds
[2025-04-04T08:53:32.333+0000] {processor.py:161} INFO - Started process (PID=1862) to work on /home/airflow/.local/lib/python3.8/site-packages/airflow/example_dags/example_short_circuit_operator.py
[2025-04-04T08:53:32.334+0000] {processor.py:830} INFO - Processing file /home/airflow/.local/lib/python3.8/site-packages/airflow/example_dags/example_short_circuit_operator.py for tasks to queue
[2025-04-04T08:53:32.336+0000] {logging_mixin.py:188} INFO - [2025-04-04T08:53:32.336+0000] {dagbag.py:538} INFO - Filling up the DagBag from /home/airflow/.local/lib/python3.8/site-packages/airflow/example_dags/example_short_circuit_operator.py
[2025-04-04T08:53:32.346+0000] {processor.py:840} INFO - DAG(s) 'example_short_circuit_operator' retrieved from /home/airflow/.local/lib/python3.8/site-packages/airflow/example_dags/example_short_circuit_operator.py
[2025-04-04T08:53:32.376+0000] {logging_mixin.py:188} INFO - [2025-04-04T08:53:32.375+0000] {dag.py:3036} INFO - Sync 1 DAGs
[2025-04-04T08:53:32.404+0000] {logging_mixin.py:188} INFO - [2025-04-04T08:53:32.403+0000] {dag.py:3823} INFO - Setting next_dagrun for example_short_circuit_operator to 2025-04-03 00:00:00+00:00, run_after=2025-04-04 00:00:00+00:00
[2025-04-04T08:53:32.430+0000] {processor.py:183} INFO - Processing /home/airflow/.local/lib/python3.8/site-packages/airflow/example_dags/example_short_circuit_operator.py took 0.101 seconds
[2025-04-04T08:54:02.713+0000] {processor.py:161} INFO - Started process (PID=2109) to work on /home/airflow/.local/lib/python3.8/site-packages/airflow/example_dags/example_short_circuit_operator.py
[2025-04-04T08:54:02.714+0000] {processor.py:830} INFO - Processing file /home/airflow/.local/lib/python3.8/site-packages/airflow/example_dags/example_short_circuit_operator.py for tasks to queue
[2025-04-04T08:54:02.715+0000] {logging_mixin.py:188} INFO - [2025-04-04T08:54:02.715+0000] {dagbag.py:538} INFO - Filling up the DagBag from /home/airflow/.local/lib/python3.8/site-packages/airflow/example_dags/example_short_circuit_operator.py
[2025-04-04T08:54:02.725+0000] {processor.py:840} INFO - DAG(s) 'example_short_circuit_operator' retrieved from /home/airflow/.local/lib/python3.8/site-packages/airflow/example_dags/example_short_circuit_operator.py
[2025-04-04T08:54:02.748+0000] {logging_mixin.py:188} INFO - [2025-04-04T08:54:02.748+0000] {dag.py:3036} INFO - Sync 1 DAGs
[2025-04-04T08:54:02.768+0000] {logging_mixin.py:188} INFO - [2025-04-04T08:54:02.768+0000] {dag.py:3823} INFO - Setting next_dagrun for example_short_circuit_operator to 2025-04-03 00:00:00+00:00, run_after=2025-04-04 00:00:00+00:00
[2025-04-04T08:54:02.791+0000] {processor.py:183} INFO - Processing /home/airflow/.local/lib/python3.8/site-packages/airflow/example_dags/example_short_circuit_operator.py took 0.082 seconds
[2025-04-04T08:54:33.848+0000] {processor.py:161} INFO - Started process (PID=2356) to work on /home/airflow/.local/lib/python3.8/site-packages/airflow/example_dags/example_short_circuit_operator.py
[2025-04-04T08:54:33.851+0000] {processor.py:830} INFO - Processing file /home/airflow/.local/lib/python3.8/site-packages/airflow/example_dags/example_short_circuit_operator.py for tasks to queue
[2025-04-04T08:54:33.854+0000] {logging_mixin.py:188} INFO - [2025-04-04T08:54:33.852+0000] {dagbag.py:538} INFO - Filling up the DagBag from /home/airflow/.local/lib/python3.8/site-packages/airflow/example_dags/example_short_circuit_operator.py
[2025-04-04T08:54:33.872+0000] {processor.py:840} INFO - DAG(s) 'example_short_circuit_operator' retrieved from /home/airflow/.local/lib/python3.8/site-packages/airflow/example_dags/example_short_circuit_operator.py
[2025-04-04T08:54:33.918+0000] {logging_mixin.py:188} INFO - [2025-04-04T08:54:33.918+0000] {dag.py:3036} INFO - Sync 1 DAGs
[2025-04-04T08:54:33.963+0000] {logging_mixin.py:188} INFO - [2025-04-04T08:54:33.963+0000] {dag.py:3823} INFO - Setting next_dagrun for example_short_circuit_operator to 2025-04-03 00:00:00+00:00, run_after=2025-04-04 00:00:00+00:00
[2025-04-04T08:54:34.003+0000] {processor.py:183} INFO - Processing /home/airflow/.local/lib/python3.8/site-packages/airflow/example_dags/example_short_circuit_operator.py took 0.161 seconds
[2025-04-04T08:55:04.502+0000] {processor.py:161} INFO - Started process (PID=2603) to work on /home/airflow/.local/lib/python3.8/site-packages/airflow/example_dags/example_short_circuit_operator.py
[2025-04-04T08:55:04.504+0000] {processor.py:830} INFO - Processing file /home/airflow/.local/lib/python3.8/site-packages/airflow/example_dags/example_short_circuit_operator.py for tasks to queue
[2025-04-04T08:55:04.507+0000] {logging_mixin.py:188} INFO - [2025-04-04T08:55:04.506+0000] {dagbag.py:538} INFO - Filling up the DagBag from /home/airflow/.local/lib/python3.8/site-packages/airflow/example_dags/example_short_circuit_operator.py
[2025-04-04T08:55:04.519+0000] {processor.py:840} INFO - DAG(s) 'example_short_circuit_operator' retrieved from /home/airflow/.local/lib/python3.8/site-packages/airflow/example_dags/example_short_circuit_operator.py
[2025-04-04T08:55:04.550+0000] {logging_mixin.py:188} INFO - [2025-04-04T08:55:04.550+0000] {dag.py:3036} INFO - Sync 1 DAGs
[2025-04-04T08:55:04.574+0000] {logging_mixin.py:188} INFO - [2025-04-04T08:55:04.574+0000] {dag.py:3823} INFO - Setting next_dagrun for example_short_circuit_operator to 2025-04-03 00:00:00+00:00, run_after=2025-04-04 00:00:00+00:00
[2025-04-04T08:55:04.598+0000] {processor.py:183} INFO - Processing /home/airflow/.local/lib/python3.8/site-packages/airflow/example_dags/example_short_circuit_operator.py took 0.101 seconds
[2025-04-04T08:55:35.159+0000] {processor.py:161} INFO - Started process (PID=2850) to work on /home/airflow/.local/lib/python3.8/site-packages/airflow/example_dags/example_short_circuit_operator.py
[2025-04-04T08:55:35.160+0000] {processor.py:830} INFO - Processing file /home/airflow/.local/lib/python3.8/site-packages/airflow/example_dags/example_short_circuit_operator.py for tasks to queue
[2025-04-04T08:55:35.161+0000] {logging_mixin.py:188} INFO - [2025-04-04T08:55:35.161+0000] {dagbag.py:538} INFO - Filling up the DagBag from /home/airflow/.local/lib/python3.8/site-packages/airflow/example_dags/example_short_circuit_operator.py
[2025-04-04T08:55:35.170+0000] {processor.py:840} INFO - DAG(s) 'example_short_circuit_operator' retrieved from /home/airflow/.local/lib/python3.8/site-packages/airflow/example_dags/example_short_circuit_operator.py
[2025-04-04T08:55:35.196+0000] {logging_mixin.py:188} INFO - [2025-04-04T08:55:35.196+0000] {dag.py:3036} INFO - Sync 1 DAGs
[2025-04-04T08:55:35.219+0000] {logging_mixin.py:188} INFO - [2025-04-04T08:55:35.219+0000] {dag.py:3823} INFO - Setting next_dagrun for example_short_circuit_operator to 2025-04-03 00:00:00+00:00, run_after=2025-04-04 00:00:00+00:00
[2025-04-04T08:55:35.241+0000] {processor.py:183} INFO - Processing /home/airflow/.local/lib/python3.8/site-packages/airflow/example_dags/example_short_circuit_operator.py took 0.085 seconds
[2025-04-04T09:14:18.040+0000] {processor.py:161} INFO - Started process (PID=400) to work on /home/airflow/.local/lib/python3.8/site-packages/airflow/example_dags/example_short_circuit_operator.py
[2025-04-04T09:14:18.042+0000] {processor.py:830} INFO - Processing file /home/airflow/.local/lib/python3.8/site-packages/airflow/example_dags/example_short_circuit_operator.py for tasks to queue
[2025-04-04T09:14:18.043+0000] {logging_mixin.py:188} INFO - [2025-04-04T09:14:18.043+0000] {dagbag.py:538} INFO - Filling up the DagBag from /home/airflow/.local/lib/python3.8/site-packages/airflow/example_dags/example_short_circuit_operator.py
[2025-04-04T09:14:18.057+0000] {processor.py:840} INFO - DAG(s) 'example_short_circuit_operator' retrieved from /home/airflow/.local/lib/python3.8/site-packages/airflow/example_dags/example_short_circuit_operator.py
[2025-04-04T09:14:18.412+0000] {logging_mixin.py:188} INFO - [2025-04-04T09:14:18.412+0000] {dag.py:3036} INFO - Sync 1 DAGs
[2025-04-04T09:14:18.443+0000] {logging_mixin.py:188} INFO - [2025-04-04T09:14:18.443+0000] {dag.py:3823} INFO - Setting next_dagrun for example_short_circuit_operator to 2025-04-03 00:00:00+00:00, run_after=2025-04-04 00:00:00+00:00
[2025-04-04T09:14:18.567+0000] {processor.py:183} INFO - Processing /home/airflow/.local/lib/python3.8/site-packages/airflow/example_dags/example_short_circuit_operator.py took 0.532 seconds
[2025-04-04T09:14:49.345+0000] {processor.py:161} INFO - Started process (PID=649) to work on /home/airflow/.local/lib/python3.8/site-packages/airflow/example_dags/example_short_circuit_operator.py
[2025-04-04T09:14:49.346+0000] {processor.py:830} INFO - Processing file /home/airflow/.local/lib/python3.8/site-packages/airflow/example_dags/example_short_circuit_operator.py for tasks to queue
[2025-04-04T09:14:49.358+0000] {logging_mixin.py:188} INFO - [2025-04-04T09:14:49.358+0000] {dagbag.py:538} INFO - Filling up the DagBag from /home/airflow/.local/lib/python3.8/site-packages/airflow/example_dags/example_short_circuit_operator.py
[2025-04-04T09:14:49.367+0000] {processor.py:840} INFO - DAG(s) 'example_short_circuit_operator' retrieved from /home/airflow/.local/lib/python3.8/site-packages/airflow/example_dags/example_short_circuit_operator.py
[2025-04-04T09:14:49.390+0000] {logging_mixin.py:188} INFO - [2025-04-04T09:14:49.390+0000] {dag.py:3036} INFO - Sync 1 DAGs
[2025-04-04T09:14:49.413+0000] {logging_mixin.py:188} INFO - [2025-04-04T09:14:49.412+0000] {dag.py:3823} INFO - Setting next_dagrun for example_short_circuit_operator to 2025-04-03 00:00:00+00:00, run_after=2025-04-04 00:00:00+00:00
[2025-04-04T09:14:49.450+0000] {processor.py:183} INFO - Processing /home/airflow/.local/lib/python3.8/site-packages/airflow/example_dags/example_short_circuit_operator.py took 0.109 seconds
[2025-04-04T09:15:19.564+0000] {processor.py:161} INFO - Started process (PID=896) to work on /home/airflow/.local/lib/python3.8/site-packages/airflow/example_dags/example_short_circuit_operator.py
[2025-04-04T09:15:19.565+0000] {processor.py:830} INFO - Processing file /home/airflow/.local/lib/python3.8/site-packages/airflow/example_dags/example_short_circuit_operator.py for tasks to queue
[2025-04-04T09:15:19.567+0000] {logging_mixin.py:188} INFO - [2025-04-04T09:15:19.566+0000] {dagbag.py:538} INFO - Filling up the DagBag from /home/airflow/.local/lib/python3.8/site-packages/airflow/example_dags/example_short_circuit_operator.py
[2025-04-04T09:15:19.590+0000] {processor.py:840} INFO - DAG(s) 'example_short_circuit_operator' retrieved from /home/airflow/.local/lib/python3.8/site-packages/airflow/example_dags/example_short_circuit_operator.py
[2025-04-04T09:15:19.619+0000] {logging_mixin.py:188} INFO - [2025-04-04T09:15:19.619+0000] {dag.py:3036} INFO - Sync 1 DAGs
[2025-04-04T09:15:19.661+0000] {logging_mixin.py:188} INFO - [2025-04-04T09:15:19.661+0000] {dag.py:3823} INFO - Setting next_dagrun for example_short_circuit_operator to 2025-04-03 00:00:00+00:00, run_after=2025-04-04 00:00:00+00:00
[2025-04-04T09:15:19.700+0000] {processor.py:183} INFO - Processing /home/airflow/.local/lib/python3.8/site-packages/airflow/example_dags/example_short_circuit_operator.py took 0.140 seconds
[2025-04-04T09:15:50.178+0000] {processor.py:161} INFO - Started process (PID=1141) to work on /home/airflow/.local/lib/python3.8/site-packages/airflow/example_dags/example_short_circuit_operator.py
[2025-04-04T09:15:50.179+0000] {processor.py:830} INFO - Processing file /home/airflow/.local/lib/python3.8/site-packages/airflow/example_dags/example_short_circuit_operator.py for tasks to queue
[2025-04-04T09:15:50.180+0000] {logging_mixin.py:188} INFO - [2025-04-04T09:15:50.180+0000] {dagbag.py:538} INFO - Filling up the DagBag from /home/airflow/.local/lib/python3.8/site-packages/airflow/example_dags/example_short_circuit_operator.py
[2025-04-04T09:15:50.189+0000] {processor.py:840} INFO - DAG(s) 'example_short_circuit_operator' retrieved from /home/airflow/.local/lib/python3.8/site-packages/airflow/example_dags/example_short_circuit_operator.py
[2025-04-04T09:15:50.217+0000] {logging_mixin.py:188} INFO - [2025-04-04T09:15:50.216+0000] {dag.py:3036} INFO - Sync 1 DAGs
[2025-04-04T09:15:50.246+0000] {logging_mixin.py:188} INFO - [2025-04-04T09:15:50.245+0000] {dag.py:3823} INFO - Setting next_dagrun for example_short_circuit_operator to 2025-04-03 00:00:00+00:00, run_after=2025-04-04 00:00:00+00:00
[2025-04-04T09:15:50.269+0000] {processor.py:183} INFO - Processing /home/airflow/.local/lib/python3.8/site-packages/airflow/example_dags/example_short_circuit_operator.py took 0.094 seconds
