[2025-04-04T08:35:44.804+0000] {processor.py:161} INFO - Started process (PID=285) to work on /home/airflow/.local/lib/python3.8/site-packages/airflow/example_dags/example_python_decorator.py
[2025-04-04T08:35:44.808+0000] {processor.py:830} INFO - Processing file /home/airflow/.local/lib/python3.8/site-packages/airflow/example_dags/example_python_decorator.py for tasks to queue
[2025-04-04T08:35:44.812+0000] {logging_mixin.py:188} INFO - [2025-04-04T08:35:44.811+0000] {dagbag.py:538} INFO - Filling up the DagBag from /home/airflow/.local/lib/python3.8/site-packages/airflow/example_dags/example_python_decorator.py
[2025-04-04T08:35:44.884+0000] {processor.py:840} INFO - DAG(s) 'example_python_decorator' retrieved from /home/airflow/.local/lib/python3.8/site-packages/airflow/example_dags/example_python_decorator.py
[2025-04-04T08:35:45.447+0000] {logging_mixin.py:188} INFO - [2025-04-04T08:35:45.445+0000] {override.py:1769} INFO - Created Permission View: can edit on DAG:example_python_decorator
[2025-04-04T08:35:45.500+0000] {logging_mixin.py:188} INFO - [2025-04-04T08:35:45.499+0000] {override.py:1769} INFO - Created Permission View: can read on DAG:example_python_decorator
[2025-04-04T08:35:45.538+0000] {logging_mixin.py:188} INFO - [2025-04-04T08:35:45.537+0000] {override.py:1769} INFO - Created Permission View: can delete on DAG:example_python_decorator
[2025-04-04T08:35:45.545+0000] {logging_mixin.py:188} INFO - [2025-04-04T08:35:45.544+0000] {dag.py:3036} INFO - Sync 1 DAGs
[2025-04-04T08:35:45.633+0000] {logging_mixin.py:188} INFO - [2025-04-04T08:35:45.632+0000] {dag.py:3058} INFO - Creating ORM DAG for example_python_decorator
[2025-04-04T08:35:45.634+0000] {logging_mixin.py:188} INFO - [2025-04-04T08:35:45.634+0000] {dag.py:3823} INFO - Setting next_dagrun for example_python_decorator to None, run_after=None
[2025-04-04T08:35:45.711+0000] {processor.py:183} INFO - Processing /home/airflow/.local/lib/python3.8/site-packages/airflow/example_dags/example_python_decorator.py took 0.918 seconds
[2025-04-04T08:36:16.651+0000] {processor.py:161} INFO - Started process (PID=532) to work on /home/airflow/.local/lib/python3.8/site-packages/airflow/example_dags/example_python_decorator.py
[2025-04-04T08:36:16.653+0000] {processor.py:830} INFO - Processing file /home/airflow/.local/lib/python3.8/site-packages/airflow/example_dags/example_python_decorator.py for tasks to queue
[2025-04-04T08:36:16.654+0000] {logging_mixin.py:188} INFO - [2025-04-04T08:36:16.654+0000] {dagbag.py:538} INFO - Filling up the DagBag from /home/airflow/.local/lib/python3.8/site-packages/airflow/example_dags/example_python_decorator.py
[2025-04-04T08:36:16.666+0000] {processor.py:840} INFO - DAG(s) 'example_python_decorator' retrieved from /home/airflow/.local/lib/python3.8/site-packages/airflow/example_dags/example_python_decorator.py
[2025-04-04T08:36:16.689+0000] {logging_mixin.py:188} INFO - [2025-04-04T08:36:16.688+0000] {dag.py:3036} INFO - Sync 1 DAGs
[2025-04-04T08:36:16.700+0000] {logging_mixin.py:188} INFO - [2025-04-04T08:36:16.700+0000] {dag.py:3823} INFO - Setting next_dagrun for example_python_decorator to None, run_after=None
[2025-04-04T08:36:16.721+0000] {processor.py:183} INFO - Processing /home/airflow/.local/lib/python3.8/site-packages/airflow/example_dags/example_python_decorator.py took 0.072 seconds
[2025-04-04T08:36:47.105+0000] {processor.py:161} INFO - Started process (PID=779) to work on /home/airflow/.local/lib/python3.8/site-packages/airflow/example_dags/example_python_decorator.py
[2025-04-04T08:36:47.106+0000] {processor.py:830} INFO - Processing file /home/airflow/.local/lib/python3.8/site-packages/airflow/example_dags/example_python_decorator.py for tasks to queue
[2025-04-04T08:36:47.107+0000] {logging_mixin.py:188} INFO - [2025-04-04T08:36:47.107+0000] {dagbag.py:538} INFO - Filling up the DagBag from /home/airflow/.local/lib/python3.8/site-packages/airflow/example_dags/example_python_decorator.py
[2025-04-04T08:36:47.120+0000] {processor.py:840} INFO - DAG(s) 'example_python_decorator' retrieved from /home/airflow/.local/lib/python3.8/site-packages/airflow/example_dags/example_python_decorator.py
[2025-04-04T08:36:47.143+0000] {logging_mixin.py:188} INFO - [2025-04-04T08:36:47.143+0000] {dag.py:3036} INFO - Sync 1 DAGs
[2025-04-04T08:36:47.155+0000] {logging_mixin.py:188} INFO - [2025-04-04T08:36:47.155+0000] {dag.py:3823} INFO - Setting next_dagrun for example_python_decorator to None, run_after=None
[2025-04-04T08:36:47.178+0000] {processor.py:183} INFO - Processing /home/airflow/.local/lib/python3.8/site-packages/airflow/example_dags/example_python_decorator.py took 0.077 seconds
[2025-04-04T08:37:17.381+0000] {processor.py:161} INFO - Started process (PID=1023) to work on /home/airflow/.local/lib/python3.8/site-packages/airflow/example_dags/example_python_decorator.py
[2025-04-04T08:37:17.383+0000] {processor.py:830} INFO - Processing file /home/airflow/.local/lib/python3.8/site-packages/airflow/example_dags/example_python_decorator.py for tasks to queue
[2025-04-04T08:37:17.384+0000] {logging_mixin.py:188} INFO - [2025-04-04T08:37:17.384+0000] {dagbag.py:538} INFO - Filling up the DagBag from /home/airflow/.local/lib/python3.8/site-packages/airflow/example_dags/example_python_decorator.py
[2025-04-04T08:37:17.399+0000] {processor.py:840} INFO - DAG(s) 'example_python_decorator' retrieved from /home/airflow/.local/lib/python3.8/site-packages/airflow/example_dags/example_python_decorator.py
[2025-04-04T08:37:17.422+0000] {logging_mixin.py:188} INFO - [2025-04-04T08:37:17.421+0000] {dag.py:3036} INFO - Sync 1 DAGs
[2025-04-04T08:37:17.433+0000] {logging_mixin.py:188} INFO - [2025-04-04T08:37:17.433+0000] {dag.py:3823} INFO - Setting next_dagrun for example_python_decorator to None, run_after=None
[2025-04-04T08:37:17.452+0000] {processor.py:183} INFO - Processing /home/airflow/.local/lib/python3.8/site-packages/airflow/example_dags/example_python_decorator.py took 0.075 seconds
[2025-04-04T08:37:47.581+0000] {processor.py:161} INFO - Started process (PID=1270) to work on /home/airflow/.local/lib/python3.8/site-packages/airflow/example_dags/example_python_decorator.py
[2025-04-04T08:37:47.582+0000] {processor.py:830} INFO - Processing file /home/airflow/.local/lib/python3.8/site-packages/airflow/example_dags/example_python_decorator.py for tasks to queue
[2025-04-04T08:37:47.583+0000] {logging_mixin.py:188} INFO - [2025-04-04T08:37:47.583+0000] {dagbag.py:538} INFO - Filling up the DagBag from /home/airflow/.local/lib/python3.8/site-packages/airflow/example_dags/example_python_decorator.py
[2025-04-04T08:37:47.597+0000] {processor.py:840} INFO - DAG(s) 'example_python_decorator' retrieved from /home/airflow/.local/lib/python3.8/site-packages/airflow/example_dags/example_python_decorator.py
[2025-04-04T08:37:47.624+0000] {logging_mixin.py:188} INFO - [2025-04-04T08:37:47.624+0000] {dag.py:3036} INFO - Sync 1 DAGs
[2025-04-04T08:37:47.637+0000] {logging_mixin.py:188} INFO - [2025-04-04T08:37:47.637+0000] {dag.py:3823} INFO - Setting next_dagrun for example_python_decorator to None, run_after=None
[2025-04-04T08:37:47.659+0000] {processor.py:183} INFO - Processing /home/airflow/.local/lib/python3.8/site-packages/airflow/example_dags/example_python_decorator.py took 0.082 seconds
[2025-04-04T08:38:17.734+0000] {processor.py:161} INFO - Started process (PID=1517) to work on /home/airflow/.local/lib/python3.8/site-packages/airflow/example_dags/example_python_decorator.py
[2025-04-04T08:38:17.735+0000] {processor.py:830} INFO - Processing file /home/airflow/.local/lib/python3.8/site-packages/airflow/example_dags/example_python_decorator.py for tasks to queue
[2025-04-04T08:38:17.736+0000] {logging_mixin.py:188} INFO - [2025-04-04T08:38:17.736+0000] {dagbag.py:538} INFO - Filling up the DagBag from /home/airflow/.local/lib/python3.8/site-packages/airflow/example_dags/example_python_decorator.py
[2025-04-04T08:38:17.753+0000] {processor.py:840} INFO - DAG(s) 'example_python_decorator' retrieved from /home/airflow/.local/lib/python3.8/site-packages/airflow/example_dags/example_python_decorator.py
[2025-04-04T08:38:17.778+0000] {logging_mixin.py:188} INFO - [2025-04-04T08:38:17.778+0000] {dag.py:3036} INFO - Sync 1 DAGs
[2025-04-04T08:38:17.791+0000] {logging_mixin.py:188} INFO - [2025-04-04T08:38:17.791+0000] {dag.py:3823} INFO - Setting next_dagrun for example_python_decorator to None, run_after=None
[2025-04-04T08:38:17.811+0000] {processor.py:183} INFO - Processing /home/airflow/.local/lib/python3.8/site-packages/airflow/example_dags/example_python_decorator.py took 0.081 seconds
[2025-04-04T08:38:47.871+0000] {processor.py:161} INFO - Started process (PID=1764) to work on /home/airflow/.local/lib/python3.8/site-packages/airflow/example_dags/example_python_decorator.py
[2025-04-04T08:38:47.873+0000] {processor.py:830} INFO - Processing file /home/airflow/.local/lib/python3.8/site-packages/airflow/example_dags/example_python_decorator.py for tasks to queue
[2025-04-04T08:38:47.874+0000] {logging_mixin.py:188} INFO - [2025-04-04T08:38:47.874+0000] {dagbag.py:538} INFO - Filling up the DagBag from /home/airflow/.local/lib/python3.8/site-packages/airflow/example_dags/example_python_decorator.py
[2025-04-04T08:38:47.907+0000] {processor.py:840} INFO - DAG(s) 'example_python_decorator' retrieved from /home/airflow/.local/lib/python3.8/site-packages/airflow/example_dags/example_python_decorator.py
[2025-04-04T08:38:47.946+0000] {logging_mixin.py:188} INFO - [2025-04-04T08:38:47.946+0000] {dag.py:3036} INFO - Sync 1 DAGs
[2025-04-04T08:38:47.966+0000] {logging_mixin.py:188} INFO - [2025-04-04T08:38:47.966+0000] {dag.py:3823} INFO - Setting next_dagrun for example_python_decorator to None, run_after=None
[2025-04-04T08:38:47.998+0000] {processor.py:183} INFO - Processing /home/airflow/.local/lib/python3.8/site-packages/airflow/example_dags/example_python_decorator.py took 0.131 seconds
[2025-04-04T08:39:18.203+0000] {processor.py:161} INFO - Started process (PID=2011) to work on /home/airflow/.local/lib/python3.8/site-packages/airflow/example_dags/example_python_decorator.py
[2025-04-04T08:39:18.204+0000] {processor.py:830} INFO - Processing file /home/airflow/.local/lib/python3.8/site-packages/airflow/example_dags/example_python_decorator.py for tasks to queue
[2025-04-04T08:39:18.205+0000] {logging_mixin.py:188} INFO - [2025-04-04T08:39:18.205+0000] {dagbag.py:538} INFO - Filling up the DagBag from /home/airflow/.local/lib/python3.8/site-packages/airflow/example_dags/example_python_decorator.py
[2025-04-04T08:39:18.218+0000] {processor.py:840} INFO - DAG(s) 'example_python_decorator' retrieved from /home/airflow/.local/lib/python3.8/site-packages/airflow/example_dags/example_python_decorator.py
[2025-04-04T08:39:18.242+0000] {logging_mixin.py:188} INFO - [2025-04-04T08:39:18.241+0000] {dag.py:3036} INFO - Sync 1 DAGs
[2025-04-04T08:39:18.255+0000] {logging_mixin.py:188} INFO - [2025-04-04T08:39:18.254+0000] {dag.py:3823} INFO - Setting next_dagrun for example_python_decorator to None, run_after=None
[2025-04-04T08:39:18.277+0000] {processor.py:183} INFO - Processing /home/airflow/.local/lib/python3.8/site-packages/airflow/example_dags/example_python_decorator.py took 0.077 seconds
[2025-04-04T08:39:48.666+0000] {processor.py:161} INFO - Started process (PID=2258) to work on /home/airflow/.local/lib/python3.8/site-packages/airflow/example_dags/example_python_decorator.py
[2025-04-04T08:39:48.667+0000] {processor.py:830} INFO - Processing file /home/airflow/.local/lib/python3.8/site-packages/airflow/example_dags/example_python_decorator.py for tasks to queue
[2025-04-04T08:39:48.668+0000] {logging_mixin.py:188} INFO - [2025-04-04T08:39:48.668+0000] {dagbag.py:538} INFO - Filling up the DagBag from /home/airflow/.local/lib/python3.8/site-packages/airflow/example_dags/example_python_decorator.py
[2025-04-04T08:39:48.680+0000] {processor.py:840} INFO - DAG(s) 'example_python_decorator' retrieved from /home/airflow/.local/lib/python3.8/site-packages/airflow/example_dags/example_python_decorator.py
[2025-04-04T08:39:48.706+0000] {logging_mixin.py:188} INFO - [2025-04-04T08:39:48.706+0000] {dag.py:3036} INFO - Sync 1 DAGs
[2025-04-04T08:39:48.720+0000] {logging_mixin.py:188} INFO - [2025-04-04T08:39:48.720+0000] {dag.py:3823} INFO - Setting next_dagrun for example_python_decorator to None, run_after=None
[2025-04-04T08:39:48.743+0000] {processor.py:183} INFO - Processing /home/airflow/.local/lib/python3.8/site-packages/airflow/example_dags/example_python_decorator.py took 0.081 seconds
[2025-04-04T08:40:19.363+0000] {processor.py:161} INFO - Started process (PID=2505) to work on /home/airflow/.local/lib/python3.8/site-packages/airflow/example_dags/example_python_decorator.py
[2025-04-04T08:40:19.364+0000] {processor.py:830} INFO - Processing file /home/airflow/.local/lib/python3.8/site-packages/airflow/example_dags/example_python_decorator.py for tasks to queue
[2025-04-04T08:40:19.365+0000] {logging_mixin.py:188} INFO - [2025-04-04T08:40:19.365+0000] {dagbag.py:538} INFO - Filling up the DagBag from /home/airflow/.local/lib/python3.8/site-packages/airflow/example_dags/example_python_decorator.py
[2025-04-04T08:40:19.377+0000] {processor.py:840} INFO - DAG(s) 'example_python_decorator' retrieved from /home/airflow/.local/lib/python3.8/site-packages/airflow/example_dags/example_python_decorator.py
[2025-04-04T08:40:19.401+0000] {logging_mixin.py:188} INFO - [2025-04-04T08:40:19.400+0000] {dag.py:3036} INFO - Sync 1 DAGs
[2025-04-04T08:40:19.413+0000] {logging_mixin.py:188} INFO - [2025-04-04T08:40:19.413+0000] {dag.py:3823} INFO - Setting next_dagrun for example_python_decorator to None, run_after=None
[2025-04-04T08:40:19.441+0000] {processor.py:183} INFO - Processing /home/airflow/.local/lib/python3.8/site-packages/airflow/example_dags/example_python_decorator.py took 0.081 seconds
[2025-04-04T08:40:49.594+0000] {processor.py:161} INFO - Started process (PID=2752) to work on /home/airflow/.local/lib/python3.8/site-packages/airflow/example_dags/example_python_decorator.py
[2025-04-04T08:40:49.595+0000] {processor.py:830} INFO - Processing file /home/airflow/.local/lib/python3.8/site-packages/airflow/example_dags/example_python_decorator.py for tasks to queue
[2025-04-04T08:40:49.597+0000] {logging_mixin.py:188} INFO - [2025-04-04T08:40:49.596+0000] {dagbag.py:538} INFO - Filling up the DagBag from /home/airflow/.local/lib/python3.8/site-packages/airflow/example_dags/example_python_decorator.py
[2025-04-04T08:40:49.609+0000] {processor.py:840} INFO - DAG(s) 'example_python_decorator' retrieved from /home/airflow/.local/lib/python3.8/site-packages/airflow/example_dags/example_python_decorator.py
[2025-04-04T08:40:49.631+0000] {logging_mixin.py:188} INFO - [2025-04-04T08:40:49.631+0000] {dag.py:3036} INFO - Sync 1 DAGs
[2025-04-04T08:40:49.644+0000] {logging_mixin.py:188} INFO - [2025-04-04T08:40:49.644+0000] {dag.py:3823} INFO - Setting next_dagrun for example_python_decorator to None, run_after=None
[2025-04-04T08:40:49.665+0000] {processor.py:183} INFO - Processing /home/airflow/.local/lib/python3.8/site-packages/airflow/example_dags/example_python_decorator.py took 0.074 seconds
[2025-04-04T08:43:02.745+0000] {processor.py:161} INFO - Started process (PID=273) to work on /home/airflow/.local/lib/python3.8/site-packages/airflow/example_dags/example_python_decorator.py
[2025-04-04T08:43:02.746+0000] {processor.py:830} INFO - Processing file /home/airflow/.local/lib/python3.8/site-packages/airflow/example_dags/example_python_decorator.py for tasks to queue
[2025-04-04T08:43:02.748+0000] {logging_mixin.py:188} INFO - [2025-04-04T08:43:02.747+0000] {dagbag.py:538} INFO - Filling up the DagBag from /home/airflow/.local/lib/python3.8/site-packages/airflow/example_dags/example_python_decorator.py
[2025-04-04T08:43:02.764+0000] {processor.py:840} INFO - DAG(s) 'example_python_decorator' retrieved from /home/airflow/.local/lib/python3.8/site-packages/airflow/example_dags/example_python_decorator.py
[2025-04-04T08:43:02.787+0000] {logging_mixin.py:188} INFO - [2025-04-04T08:43:02.786+0000] {dag.py:3036} INFO - Sync 1 DAGs
[2025-04-04T08:43:02.837+0000] {logging_mixin.py:188} INFO - [2025-04-04T08:43:02.836+0000] {dag.py:3823} INFO - Setting next_dagrun for example_python_decorator to None, run_after=None
[2025-04-04T08:43:02.876+0000] {processor.py:183} INFO - Processing /home/airflow/.local/lib/python3.8/site-packages/airflow/example_dags/example_python_decorator.py took 0.135 seconds
[2025-04-04T08:43:34.132+0000] {processor.py:161} INFO - Started process (PID=520) to work on /home/airflow/.local/lib/python3.8/site-packages/airflow/example_dags/example_python_decorator.py
[2025-04-04T08:43:34.133+0000] {processor.py:830} INFO - Processing file /home/airflow/.local/lib/python3.8/site-packages/airflow/example_dags/example_python_decorator.py for tasks to queue
[2025-04-04T08:43:34.135+0000] {logging_mixin.py:188} INFO - [2025-04-04T08:43:34.134+0000] {dagbag.py:538} INFO - Filling up the DagBag from /home/airflow/.local/lib/python3.8/site-packages/airflow/example_dags/example_python_decorator.py
[2025-04-04T08:43:34.148+0000] {processor.py:840} INFO - DAG(s) 'example_python_decorator' retrieved from /home/airflow/.local/lib/python3.8/site-packages/airflow/example_dags/example_python_decorator.py
[2025-04-04T08:43:34.279+0000] {logging_mixin.py:188} INFO - [2025-04-04T08:43:34.278+0000] {dag.py:3036} INFO - Sync 1 DAGs
[2025-04-04T08:43:34.289+0000] {logging_mixin.py:188} INFO - [2025-04-04T08:43:34.289+0000] {dag.py:3823} INFO - Setting next_dagrun for example_python_decorator to None, run_after=None
[2025-04-04T08:43:34.311+0000] {processor.py:183} INFO - Processing /home/airflow/.local/lib/python3.8/site-packages/airflow/example_dags/example_python_decorator.py took 0.182 seconds
[2025-04-04T08:44:05.178+0000] {processor.py:161} INFO - Started process (PID=767) to work on /home/airflow/.local/lib/python3.8/site-packages/airflow/example_dags/example_python_decorator.py
[2025-04-04T08:44:05.179+0000] {processor.py:830} INFO - Processing file /home/airflow/.local/lib/python3.8/site-packages/airflow/example_dags/example_python_decorator.py for tasks to queue
[2025-04-04T08:44:05.181+0000] {logging_mixin.py:188} INFO - [2025-04-04T08:44:05.180+0000] {dagbag.py:538} INFO - Filling up the DagBag from /home/airflow/.local/lib/python3.8/site-packages/airflow/example_dags/example_python_decorator.py
[2025-04-04T08:44:05.191+0000] {processor.py:840} INFO - DAG(s) 'example_python_decorator' retrieved from /home/airflow/.local/lib/python3.8/site-packages/airflow/example_dags/example_python_decorator.py
[2025-04-04T08:44:05.215+0000] {logging_mixin.py:188} INFO - [2025-04-04T08:44:05.215+0000] {dag.py:3036} INFO - Sync 1 DAGs
[2025-04-04T08:44:05.226+0000] {logging_mixin.py:188} INFO - [2025-04-04T08:44:05.225+0000] {dag.py:3823} INFO - Setting next_dagrun for example_python_decorator to None, run_after=None
[2025-04-04T08:44:05.258+0000] {processor.py:183} INFO - Processing /home/airflow/.local/lib/python3.8/site-packages/airflow/example_dags/example_python_decorator.py took 0.083 seconds
[2025-04-04T08:44:35.438+0000] {processor.py:161} INFO - Started process (PID=1011) to work on /home/airflow/.local/lib/python3.8/site-packages/airflow/example_dags/example_python_decorator.py
[2025-04-04T08:44:35.439+0000] {processor.py:830} INFO - Processing file /home/airflow/.local/lib/python3.8/site-packages/airflow/example_dags/example_python_decorator.py for tasks to queue
[2025-04-04T08:44:35.440+0000] {logging_mixin.py:188} INFO - [2025-04-04T08:44:35.440+0000] {dagbag.py:538} INFO - Filling up the DagBag from /home/airflow/.local/lib/python3.8/site-packages/airflow/example_dags/example_python_decorator.py
[2025-04-04T08:44:35.457+0000] {processor.py:840} INFO - DAG(s) 'example_python_decorator' retrieved from /home/airflow/.local/lib/python3.8/site-packages/airflow/example_dags/example_python_decorator.py
[2025-04-04T08:44:35.480+0000] {logging_mixin.py:188} INFO - [2025-04-04T08:44:35.480+0000] {dag.py:3036} INFO - Sync 1 DAGs
[2025-04-04T08:44:35.494+0000] {logging_mixin.py:188} INFO - [2025-04-04T08:44:35.494+0000] {dag.py:3823} INFO - Setting next_dagrun for example_python_decorator to None, run_after=None
[2025-04-04T08:44:35.517+0000] {processor.py:183} INFO - Processing /home/airflow/.local/lib/python3.8/site-packages/airflow/example_dags/example_python_decorator.py took 0.082 seconds
[2025-04-04T08:45:06.315+0000] {processor.py:161} INFO - Started process (PID=1261) to work on /home/airflow/.local/lib/python3.8/site-packages/airflow/example_dags/example_python_decorator.py
[2025-04-04T08:45:06.317+0000] {processor.py:830} INFO - Processing file /home/airflow/.local/lib/python3.8/site-packages/airflow/example_dags/example_python_decorator.py for tasks to queue
[2025-04-04T08:45:06.318+0000] {logging_mixin.py:188} INFO - [2025-04-04T08:45:06.317+0000] {dagbag.py:538} INFO - Filling up the DagBag from /home/airflow/.local/lib/python3.8/site-packages/airflow/example_dags/example_python_decorator.py
[2025-04-04T08:45:06.333+0000] {processor.py:840} INFO - DAG(s) 'example_python_decorator' retrieved from /home/airflow/.local/lib/python3.8/site-packages/airflow/example_dags/example_python_decorator.py
[2025-04-04T08:45:06.367+0000] {logging_mixin.py:188} INFO - [2025-04-04T08:45:06.366+0000] {dag.py:3036} INFO - Sync 1 DAGs
[2025-04-04T08:45:06.384+0000] {logging_mixin.py:188} INFO - [2025-04-04T08:45:06.384+0000] {dag.py:3823} INFO - Setting next_dagrun for example_python_decorator to None, run_after=None
[2025-04-04T08:45:06.411+0000] {processor.py:183} INFO - Processing /home/airflow/.local/lib/python3.8/site-packages/airflow/example_dags/example_python_decorator.py took 0.100 seconds
[2025-04-04T08:45:36.773+0000] {processor.py:161} INFO - Started process (PID=1508) to work on /home/airflow/.local/lib/python3.8/site-packages/airflow/example_dags/example_python_decorator.py
[2025-04-04T08:45:36.774+0000] {processor.py:830} INFO - Processing file /home/airflow/.local/lib/python3.8/site-packages/airflow/example_dags/example_python_decorator.py for tasks to queue
[2025-04-04T08:45:36.775+0000] {logging_mixin.py:188} INFO - [2025-04-04T08:45:36.775+0000] {dagbag.py:538} INFO - Filling up the DagBag from /home/airflow/.local/lib/python3.8/site-packages/airflow/example_dags/example_python_decorator.py
[2025-04-04T08:45:36.787+0000] {processor.py:840} INFO - DAG(s) 'example_python_decorator' retrieved from /home/airflow/.local/lib/python3.8/site-packages/airflow/example_dags/example_python_decorator.py
[2025-04-04T08:45:36.808+0000] {logging_mixin.py:188} INFO - [2025-04-04T08:45:36.808+0000] {dag.py:3036} INFO - Sync 1 DAGs
[2025-04-04T08:45:36.819+0000] {logging_mixin.py:188} INFO - [2025-04-04T08:45:36.819+0000] {dag.py:3823} INFO - Setting next_dagrun for example_python_decorator to None, run_after=None
[2025-04-04T08:45:36.854+0000] {processor.py:183} INFO - Processing /home/airflow/.local/lib/python3.8/site-packages/airflow/example_dags/example_python_decorator.py took 0.084 seconds
[2025-04-04T08:46:07.107+0000] {processor.py:161} INFO - Started process (PID=1755) to work on /home/airflow/.local/lib/python3.8/site-packages/airflow/example_dags/example_python_decorator.py
[2025-04-04T08:46:07.108+0000] {processor.py:830} INFO - Processing file /home/airflow/.local/lib/python3.8/site-packages/airflow/example_dags/example_python_decorator.py for tasks to queue
[2025-04-04T08:46:07.109+0000] {logging_mixin.py:188} INFO - [2025-04-04T08:46:07.109+0000] {dagbag.py:538} INFO - Filling up the DagBag from /home/airflow/.local/lib/python3.8/site-packages/airflow/example_dags/example_python_decorator.py
[2025-04-04T08:46:07.123+0000] {processor.py:840} INFO - DAG(s) 'example_python_decorator' retrieved from /home/airflow/.local/lib/python3.8/site-packages/airflow/example_dags/example_python_decorator.py
[2025-04-04T08:46:07.152+0000] {logging_mixin.py:188} INFO - [2025-04-04T08:46:07.152+0000] {dag.py:3036} INFO - Sync 1 DAGs
[2025-04-04T08:46:07.166+0000] {logging_mixin.py:188} INFO - [2025-04-04T08:46:07.166+0000] {dag.py:3823} INFO - Setting next_dagrun for example_python_decorator to None, run_after=None
[2025-04-04T08:46:07.192+0000] {processor.py:183} INFO - Processing /home/airflow/.local/lib/python3.8/site-packages/airflow/example_dags/example_python_decorator.py took 0.088 seconds
[2025-04-04T08:50:24.357+0000] {processor.py:161} INFO - Started process (PID=282) to work on /home/airflow/.local/lib/python3.8/site-packages/airflow/example_dags/example_python_decorator.py
[2025-04-04T08:50:24.359+0000] {processor.py:830} INFO - Processing file /home/airflow/.local/lib/python3.8/site-packages/airflow/example_dags/example_python_decorator.py for tasks to queue
[2025-04-04T08:50:24.362+0000] {logging_mixin.py:188} INFO - [2025-04-04T08:50:24.361+0000] {dagbag.py:538} INFO - Filling up the DagBag from /home/airflow/.local/lib/python3.8/site-packages/airflow/example_dags/example_python_decorator.py
[2025-04-04T08:50:24.395+0000] {processor.py:840} INFO - DAG(s) 'example_python_decorator' retrieved from /home/airflow/.local/lib/python3.8/site-packages/airflow/example_dags/example_python_decorator.py
[2025-04-04T08:50:24.415+0000] {logging_mixin.py:188} INFO - [2025-04-04T08:50:24.414+0000] {dag.py:3036} INFO - Sync 1 DAGs
[2025-04-04T08:50:24.434+0000] {logging_mixin.py:188} INFO - [2025-04-04T08:50:24.434+0000] {dag.py:3823} INFO - Setting next_dagrun for example_python_decorator to None, run_after=None
[2025-04-04T08:50:24.464+0000] {processor.py:183} INFO - Processing /home/airflow/.local/lib/python3.8/site-packages/airflow/example_dags/example_python_decorator.py took 0.115 seconds
[2025-04-04T08:50:54.746+0000] {processor.py:161} INFO - Started process (PID=527) to work on /home/airflow/.local/lib/python3.8/site-packages/airflow/example_dags/example_python_decorator.py
[2025-04-04T08:50:54.748+0000] {processor.py:830} INFO - Processing file /home/airflow/.local/lib/python3.8/site-packages/airflow/example_dags/example_python_decorator.py for tasks to queue
[2025-04-04T08:50:54.750+0000] {logging_mixin.py:188} INFO - [2025-04-04T08:50:54.749+0000] {dagbag.py:538} INFO - Filling up the DagBag from /home/airflow/.local/lib/python3.8/site-packages/airflow/example_dags/example_python_decorator.py
[2025-04-04T08:50:54.764+0000] {processor.py:840} INFO - DAG(s) 'example_python_decorator' retrieved from /home/airflow/.local/lib/python3.8/site-packages/airflow/example_dags/example_python_decorator.py
[2025-04-04T08:50:54.874+0000] {logging_mixin.py:188} INFO - [2025-04-04T08:50:54.874+0000] {dag.py:3036} INFO - Sync 1 DAGs
[2025-04-04T08:50:54.888+0000] {logging_mixin.py:188} INFO - [2025-04-04T08:50:54.888+0000] {dag.py:3823} INFO - Setting next_dagrun for example_python_decorator to None, run_after=None
[2025-04-04T08:50:54.917+0000] {processor.py:183} INFO - Processing /home/airflow/.local/lib/python3.8/site-packages/airflow/example_dags/example_python_decorator.py took 0.175 seconds
[2025-04-04T08:51:25.152+0000] {processor.py:161} INFO - Started process (PID=774) to work on /home/airflow/.local/lib/python3.8/site-packages/airflow/example_dags/example_python_decorator.py
[2025-04-04T08:51:25.153+0000] {processor.py:830} INFO - Processing file /home/airflow/.local/lib/python3.8/site-packages/airflow/example_dags/example_python_decorator.py for tasks to queue
[2025-04-04T08:51:25.154+0000] {logging_mixin.py:188} INFO - [2025-04-04T08:51:25.153+0000] {dagbag.py:538} INFO - Filling up the DagBag from /home/airflow/.local/lib/python3.8/site-packages/airflow/example_dags/example_python_decorator.py
[2025-04-04T08:51:25.167+0000] {processor.py:840} INFO - DAG(s) 'example_python_decorator' retrieved from /home/airflow/.local/lib/python3.8/site-packages/airflow/example_dags/example_python_decorator.py
[2025-04-04T08:51:25.190+0000] {logging_mixin.py:188} INFO - [2025-04-04T08:51:25.190+0000] {dag.py:3036} INFO - Sync 1 DAGs
[2025-04-04T08:51:25.203+0000] {logging_mixin.py:188} INFO - [2025-04-04T08:51:25.202+0000] {dag.py:3823} INFO - Setting next_dagrun for example_python_decorator to None, run_after=None
[2025-04-04T08:51:25.227+0000] {processor.py:183} INFO - Processing /home/airflow/.local/lib/python3.8/site-packages/airflow/example_dags/example_python_decorator.py took 0.079 seconds
[2025-04-04T08:51:56.517+0000] {processor.py:161} INFO - Started process (PID=1021) to work on /home/airflow/.local/lib/python3.8/site-packages/airflow/example_dags/example_python_decorator.py
[2025-04-04T08:51:56.519+0000] {processor.py:830} INFO - Processing file /home/airflow/.local/lib/python3.8/site-packages/airflow/example_dags/example_python_decorator.py for tasks to queue
[2025-04-04T08:51:56.521+0000] {logging_mixin.py:188} INFO - [2025-04-04T08:51:56.520+0000] {dagbag.py:538} INFO - Filling up the DagBag from /home/airflow/.local/lib/python3.8/site-packages/airflow/example_dags/example_python_decorator.py
[2025-04-04T08:51:56.548+0000] {processor.py:840} INFO - DAG(s) 'example_python_decorator' retrieved from /home/airflow/.local/lib/python3.8/site-packages/airflow/example_dags/example_python_decorator.py
[2025-04-04T08:51:56.589+0000] {logging_mixin.py:188} INFO - [2025-04-04T08:51:56.589+0000] {dag.py:3036} INFO - Sync 1 DAGs
[2025-04-04T08:51:56.607+0000] {logging_mixin.py:188} INFO - [2025-04-04T08:51:56.607+0000] {dag.py:3823} INFO - Setting next_dagrun for example_python_decorator to None, run_after=None
[2025-04-04T08:51:56.634+0000] {processor.py:183} INFO - Processing /home/airflow/.local/lib/python3.8/site-packages/airflow/example_dags/example_python_decorator.py took 0.122 seconds
[2025-04-04T08:52:26.877+0000] {processor.py:161} INFO - Started process (PID=1263) to work on /home/airflow/.local/lib/python3.8/site-packages/airflow/example_dags/example_python_decorator.py
[2025-04-04T08:52:26.879+0000] {processor.py:830} INFO - Processing file /home/airflow/.local/lib/python3.8/site-packages/airflow/example_dags/example_python_decorator.py for tasks to queue
[2025-04-04T08:52:26.880+0000] {logging_mixin.py:188} INFO - [2025-04-04T08:52:26.880+0000] {dagbag.py:538} INFO - Filling up the DagBag from /home/airflow/.local/lib/python3.8/site-packages/airflow/example_dags/example_python_decorator.py
[2025-04-04T08:52:26.895+0000] {processor.py:840} INFO - DAG(s) 'example_python_decorator' retrieved from /home/airflow/.local/lib/python3.8/site-packages/airflow/example_dags/example_python_decorator.py
[2025-04-04T08:52:26.922+0000] {logging_mixin.py:188} INFO - [2025-04-04T08:52:26.921+0000] {dag.py:3036} INFO - Sync 1 DAGs
[2025-04-04T08:52:26.935+0000] {logging_mixin.py:188} INFO - [2025-04-04T08:52:26.935+0000] {dag.py:3823} INFO - Setting next_dagrun for example_python_decorator to None, run_after=None
[2025-04-04T08:52:26.956+0000] {processor.py:183} INFO - Processing /home/airflow/.local/lib/python3.8/site-packages/airflow/example_dags/example_python_decorator.py took 0.083 seconds
[2025-04-04T08:52:57.711+0000] {processor.py:161} INFO - Started process (PID=1510) to work on /home/airflow/.local/lib/python3.8/site-packages/airflow/example_dags/example_python_decorator.py
[2025-04-04T08:52:57.713+0000] {processor.py:830} INFO - Processing file /home/airflow/.local/lib/python3.8/site-packages/airflow/example_dags/example_python_decorator.py for tasks to queue
[2025-04-04T08:52:57.715+0000] {logging_mixin.py:188} INFO - [2025-04-04T08:52:57.715+0000] {dagbag.py:538} INFO - Filling up the DagBag from /home/airflow/.local/lib/python3.8/site-packages/airflow/example_dags/example_python_decorator.py
[2025-04-04T08:52:57.742+0000] {processor.py:840} INFO - DAG(s) 'example_python_decorator' retrieved from /home/airflow/.local/lib/python3.8/site-packages/airflow/example_dags/example_python_decorator.py
[2025-04-04T08:52:57.774+0000] {logging_mixin.py:188} INFO - [2025-04-04T08:52:57.774+0000] {dag.py:3036} INFO - Sync 1 DAGs
[2025-04-04T08:52:57.792+0000] {logging_mixin.py:188} INFO - [2025-04-04T08:52:57.792+0000] {dag.py:3823} INFO - Setting next_dagrun for example_python_decorator to None, run_after=None
[2025-04-04T08:52:57.823+0000] {processor.py:183} INFO - Processing /home/airflow/.local/lib/python3.8/site-packages/airflow/example_dags/example_python_decorator.py took 0.116 seconds
[2025-04-04T08:53:27.987+0000] {processor.py:161} INFO - Started process (PID=1757) to work on /home/airflow/.local/lib/python3.8/site-packages/airflow/example_dags/example_python_decorator.py
[2025-04-04T08:53:27.988+0000] {processor.py:830} INFO - Processing file /home/airflow/.local/lib/python3.8/site-packages/airflow/example_dags/example_python_decorator.py for tasks to queue
[2025-04-04T08:53:27.990+0000] {logging_mixin.py:188} INFO - [2025-04-04T08:53:27.989+0000] {dagbag.py:538} INFO - Filling up the DagBag from /home/airflow/.local/lib/python3.8/site-packages/airflow/example_dags/example_python_decorator.py
[2025-04-04T08:53:28.003+0000] {processor.py:840} INFO - DAG(s) 'example_python_decorator' retrieved from /home/airflow/.local/lib/python3.8/site-packages/airflow/example_dags/example_python_decorator.py
[2025-04-04T08:53:28.027+0000] {logging_mixin.py:188} INFO - [2025-04-04T08:53:28.027+0000] {dag.py:3036} INFO - Sync 1 DAGs
[2025-04-04T08:53:28.040+0000] {logging_mixin.py:188} INFO - [2025-04-04T08:53:28.040+0000] {dag.py:3823} INFO - Setting next_dagrun for example_python_decorator to None, run_after=None
[2025-04-04T08:53:28.062+0000] {processor.py:183} INFO - Processing /home/airflow/.local/lib/python3.8/site-packages/airflow/example_dags/example_python_decorator.py took 0.077 seconds
[2025-04-04T08:53:58.329+0000] {processor.py:161} INFO - Started process (PID=2004) to work on /home/airflow/.local/lib/python3.8/site-packages/airflow/example_dags/example_python_decorator.py
[2025-04-04T08:53:58.330+0000] {processor.py:830} INFO - Processing file /home/airflow/.local/lib/python3.8/site-packages/airflow/example_dags/example_python_decorator.py for tasks to queue
[2025-04-04T08:53:58.332+0000] {logging_mixin.py:188} INFO - [2025-04-04T08:53:58.331+0000] {dagbag.py:538} INFO - Filling up the DagBag from /home/airflow/.local/lib/python3.8/site-packages/airflow/example_dags/example_python_decorator.py
[2025-04-04T08:53:58.344+0000] {processor.py:840} INFO - DAG(s) 'example_python_decorator' retrieved from /home/airflow/.local/lib/python3.8/site-packages/airflow/example_dags/example_python_decorator.py
[2025-04-04T08:53:58.366+0000] {logging_mixin.py:188} INFO - [2025-04-04T08:53:58.366+0000] {dag.py:3036} INFO - Sync 1 DAGs
[2025-04-04T08:53:58.377+0000] {logging_mixin.py:188} INFO - [2025-04-04T08:53:58.377+0000] {dag.py:3823} INFO - Setting next_dagrun for example_python_decorator to None, run_after=None
[2025-04-04T08:53:58.397+0000] {processor.py:183} INFO - Processing /home/airflow/.local/lib/python3.8/site-packages/airflow/example_dags/example_python_decorator.py took 0.071 seconds
[2025-04-04T08:54:31.958+0000] {processor.py:161} INFO - Started process (PID=2253) to work on /home/airflow/.local/lib/python3.8/site-packages/airflow/example_dags/example_python_decorator.py
[2025-04-04T08:54:31.961+0000] {processor.py:830} INFO - Processing file /home/airflow/.local/lib/python3.8/site-packages/airflow/example_dags/example_python_decorator.py for tasks to queue
[2025-04-04T08:54:31.970+0000] {logging_mixin.py:188} INFO - [2025-04-04T08:54:31.970+0000] {dagbag.py:538} INFO - Filling up the DagBag from /home/airflow/.local/lib/python3.8/site-packages/airflow/example_dags/example_python_decorator.py
[2025-04-04T08:54:32.008+0000] {processor.py:840} INFO - DAG(s) 'example_python_decorator' retrieved from /home/airflow/.local/lib/python3.8/site-packages/airflow/example_dags/example_python_decorator.py
[2025-04-04T08:54:32.050+0000] {logging_mixin.py:188} INFO - [2025-04-04T08:54:32.049+0000] {dag.py:3036} INFO - Sync 1 DAGs
[2025-04-04T08:54:32.071+0000] {logging_mixin.py:188} INFO - [2025-04-04T08:54:32.070+0000] {dag.py:3823} INFO - Setting next_dagrun for example_python_decorator to None, run_after=None
[2025-04-04T08:54:32.098+0000] {processor.py:183} INFO - Processing /home/airflow/.local/lib/python3.8/site-packages/airflow/example_dags/example_python_decorator.py took 0.145 seconds
[2025-04-04T08:55:02.761+0000] {processor.py:161} INFO - Started process (PID=2503) to work on /home/airflow/.local/lib/python3.8/site-packages/airflow/example_dags/example_python_decorator.py
[2025-04-04T08:55:02.762+0000] {processor.py:830} INFO - Processing file /home/airflow/.local/lib/python3.8/site-packages/airflow/example_dags/example_python_decorator.py for tasks to queue
[2025-04-04T08:55:02.764+0000] {logging_mixin.py:188} INFO - [2025-04-04T08:55:02.764+0000] {dagbag.py:538} INFO - Filling up the DagBag from /home/airflow/.local/lib/python3.8/site-packages/airflow/example_dags/example_python_decorator.py
[2025-04-04T08:55:02.778+0000] {processor.py:840} INFO - DAG(s) 'example_python_decorator' retrieved from /home/airflow/.local/lib/python3.8/site-packages/airflow/example_dags/example_python_decorator.py
[2025-04-04T08:55:02.805+0000] {logging_mixin.py:188} INFO - [2025-04-04T08:55:02.805+0000] {dag.py:3036} INFO - Sync 1 DAGs
[2025-04-04T08:55:02.819+0000] {logging_mixin.py:188} INFO - [2025-04-04T08:55:02.819+0000] {dag.py:3823} INFO - Setting next_dagrun for example_python_decorator to None, run_after=None
[2025-04-04T08:55:02.841+0000] {processor.py:183} INFO - Processing /home/airflow/.local/lib/python3.8/site-packages/airflow/example_dags/example_python_decorator.py took 0.084 seconds
[2025-04-04T08:55:33.461+0000] {processor.py:161} INFO - Started process (PID=2750) to work on /home/airflow/.local/lib/python3.8/site-packages/airflow/example_dags/example_python_decorator.py
[2025-04-04T08:55:33.462+0000] {processor.py:830} INFO - Processing file /home/airflow/.local/lib/python3.8/site-packages/airflow/example_dags/example_python_decorator.py for tasks to queue
[2025-04-04T08:55:33.464+0000] {logging_mixin.py:188} INFO - [2025-04-04T08:55:33.464+0000] {dagbag.py:538} INFO - Filling up the DagBag from /home/airflow/.local/lib/python3.8/site-packages/airflow/example_dags/example_python_decorator.py
[2025-04-04T08:55:33.478+0000] {processor.py:840} INFO - DAG(s) 'example_python_decorator' retrieved from /home/airflow/.local/lib/python3.8/site-packages/airflow/example_dags/example_python_decorator.py
[2025-04-04T08:55:33.506+0000] {logging_mixin.py:188} INFO - [2025-04-04T08:55:33.506+0000] {dag.py:3036} INFO - Sync 1 DAGs
[2025-04-04T08:55:33.520+0000] {logging_mixin.py:188} INFO - [2025-04-04T08:55:33.519+0000] {dag.py:3823} INFO - Setting next_dagrun for example_python_decorator to None, run_after=None
[2025-04-04T08:55:33.542+0000] {processor.py:183} INFO - Processing /home/airflow/.local/lib/python3.8/site-packages/airflow/example_dags/example_python_decorator.py took 0.084 seconds
[2025-04-04T09:14:13.187+0000] {processor.py:161} INFO - Started process (PID=300) to work on /home/airflow/.local/lib/python3.8/site-packages/airflow/example_dags/example_python_decorator.py
[2025-04-04T09:14:13.190+0000] {processor.py:830} INFO - Processing file /home/airflow/.local/lib/python3.8/site-packages/airflow/example_dags/example_python_decorator.py for tasks to queue
[2025-04-04T09:14:13.194+0000] {logging_mixin.py:188} INFO - [2025-04-04T09:14:13.193+0000] {dagbag.py:538} INFO - Filling up the DagBag from /home/airflow/.local/lib/python3.8/site-packages/airflow/example_dags/example_python_decorator.py
[2025-04-04T09:14:13.228+0000] {processor.py:840} INFO - DAG(s) 'example_python_decorator' retrieved from /home/airflow/.local/lib/python3.8/site-packages/airflow/example_dags/example_python_decorator.py
[2025-04-04T09:14:13.551+0000] {logging_mixin.py:188} INFO - [2025-04-04T09:14:13.550+0000] {dag.py:3036} INFO - Sync 1 DAGs
[2025-04-04T09:14:13.597+0000] {logging_mixin.py:188} INFO - [2025-04-04T09:14:13.596+0000] {dag.py:3823} INFO - Setting next_dagrun for example_python_decorator to None, run_after=None
[2025-04-04T09:14:13.640+0000] {processor.py:183} INFO - Processing /home/airflow/.local/lib/python3.8/site-packages/airflow/example_dags/example_python_decorator.py took 0.463 seconds
[2025-04-04T09:14:44.029+0000] {processor.py:161} INFO - Started process (PID=542) to work on /home/airflow/.local/lib/python3.8/site-packages/airflow/example_dags/example_python_decorator.py
[2025-04-04T09:14:44.031+0000] {processor.py:830} INFO - Processing file /home/airflow/.local/lib/python3.8/site-packages/airflow/example_dags/example_python_decorator.py for tasks to queue
[2025-04-04T09:14:44.033+0000] {logging_mixin.py:188} INFO - [2025-04-04T09:14:44.033+0000] {dagbag.py:538} INFO - Filling up the DagBag from /home/airflow/.local/lib/python3.8/site-packages/airflow/example_dags/example_python_decorator.py
[2025-04-04T09:14:44.054+0000] {processor.py:840} INFO - DAG(s) 'example_python_decorator' retrieved from /home/airflow/.local/lib/python3.8/site-packages/airflow/example_dags/example_python_decorator.py
[2025-04-04T09:14:44.092+0000] {logging_mixin.py:188} INFO - [2025-04-04T09:14:44.091+0000] {dag.py:3036} INFO - Sync 1 DAGs
[2025-04-04T09:14:44.108+0000] {logging_mixin.py:188} INFO - [2025-04-04T09:14:44.107+0000] {dag.py:3823} INFO - Setting next_dagrun for example_python_decorator to None, run_after=None
[2025-04-04T09:14:44.131+0000] {processor.py:183} INFO - Processing /home/airflow/.local/lib/python3.8/site-packages/airflow/example_dags/example_python_decorator.py took 0.111 seconds
[2025-04-04T09:15:17.570+0000] {processor.py:161} INFO - Started process (PID=794) to work on /home/airflow/.local/lib/python3.8/site-packages/airflow/example_dags/example_python_decorator.py
[2025-04-04T09:15:17.572+0000] {processor.py:830} INFO - Processing file /home/airflow/.local/lib/python3.8/site-packages/airflow/example_dags/example_python_decorator.py for tasks to queue
[2025-04-04T09:15:17.573+0000] {logging_mixin.py:188} INFO - [2025-04-04T09:15:17.573+0000] {dagbag.py:538} INFO - Filling up the DagBag from /home/airflow/.local/lib/python3.8/site-packages/airflow/example_dags/example_python_decorator.py
[2025-04-04T09:15:17.587+0000] {processor.py:840} INFO - DAG(s) 'example_python_decorator' retrieved from /home/airflow/.local/lib/python3.8/site-packages/airflow/example_dags/example_python_decorator.py
[2025-04-04T09:15:17.638+0000] {logging_mixin.py:188} INFO - [2025-04-04T09:15:17.637+0000] {dag.py:3036} INFO - Sync 1 DAGs
[2025-04-04T09:15:17.671+0000] {logging_mixin.py:188} INFO - [2025-04-04T09:15:17.671+0000] {dag.py:3823} INFO - Setting next_dagrun for example_python_decorator to None, run_after=None
[2025-04-04T09:15:17.795+0000] {processor.py:183} INFO - Processing /home/airflow/.local/lib/python3.8/site-packages/airflow/example_dags/example_python_decorator.py took 0.229 seconds
[2025-04-04T09:15:48.677+0000] {processor.py:161} INFO - Started process (PID=1041) to work on /home/airflow/.local/lib/python3.8/site-packages/airflow/example_dags/example_python_decorator.py
[2025-04-04T09:15:48.678+0000] {processor.py:830} INFO - Processing file /home/airflow/.local/lib/python3.8/site-packages/airflow/example_dags/example_python_decorator.py for tasks to queue
[2025-04-04T09:15:48.678+0000] {logging_mixin.py:188} INFO - [2025-04-04T09:15:48.678+0000] {dagbag.py:538} INFO - Filling up the DagBag from /home/airflow/.local/lib/python3.8/site-packages/airflow/example_dags/example_python_decorator.py
[2025-04-04T09:15:48.691+0000] {processor.py:840} INFO - DAG(s) 'example_python_decorator' retrieved from /home/airflow/.local/lib/python3.8/site-packages/airflow/example_dags/example_python_decorator.py
[2025-04-04T09:15:48.731+0000] {logging_mixin.py:188} INFO - [2025-04-04T09:15:48.730+0000] {dag.py:3036} INFO - Sync 1 DAGs
[2025-04-04T09:15:48.742+0000] {logging_mixin.py:188} INFO - [2025-04-04T09:15:48.742+0000] {dag.py:3823} INFO - Setting next_dagrun for example_python_decorator to None, run_after=None
[2025-04-04T09:15:48.763+0000] {processor.py:183} INFO - Processing /home/airflow/.local/lib/python3.8/site-packages/airflow/example_dags/example_python_decorator.py took 0.090 seconds
