[2025-04-04T08:35:52.460+0000] {processor.py:161} INFO - Started process (PID=372) to work on /home/airflow/.local/lib/python3.8/site-packages/airflow/example_dags/example_task_group_decorator.py
[2025-04-04T08:35:52.462+0000] {processor.py:830} INFO - Processing file /home/airflow/.local/lib/python3.8/site-packages/airflow/example_dags/example_task_group_decorator.py for tasks to queue
[2025-04-04T08:35:52.465+0000] {logging_mixin.py:188} INFO - [2025-04-04T08:35:52.464+0000] {dagbag.py:538} INFO - Filling up the DagBag from /home/airflow/.local/lib/python3.8/site-packages/airflow/example_dags/example_task_group_decorator.py
[2025-04-04T08:35:52.504+0000] {processor.py:840} INFO - DAG(s) 'example_task_group_decorator' retrieved from /home/airflow/.local/lib/python3.8/site-packages/airflow/example_dags/example_task_group_decorator.py
[2025-04-04T08:35:52.682+0000] {logging_mixin.py:188} INFO - [2025-04-04T08:35:52.681+0000] {override.py:1769} INFO - Created Permission View: can edit on DAG:example_task_group_decorator
[2025-04-04T08:35:52.699+0000] {logging_mixin.py:188} INFO - [2025-04-04T08:35:52.698+0000] {override.py:1769} INFO - Created Permission View: can read on DAG:example_task_group_decorator
[2025-04-04T08:35:52.719+0000] {logging_mixin.py:188} INFO - [2025-04-04T08:35:52.718+0000] {override.py:1769} INFO - Created Permission View: can delete on DAG:example_task_group_decorator
[2025-04-04T08:35:52.721+0000] {logging_mixin.py:188} INFO - [2025-04-04T08:35:52.720+0000] {dag.py:3036} INFO - Sync 1 DAGs
[2025-04-04T08:35:52.739+0000] {logging_mixin.py:188} INFO - [2025-04-04T08:35:52.738+0000] {dag.py:3058} INFO - Creating ORM DAG for example_task_group_decorator
[2025-04-04T08:35:52.756+0000] {logging_mixin.py:188} INFO - [2025-04-04T08:35:52.756+0000] {dag.py:3823} INFO - Setting next_dagrun for example_task_group_decorator to 2025-04-03 00:00:00+00:00, run_after=2025-04-04 00:00:00+00:00
[2025-04-04T08:35:52.788+0000] {processor.py:183} INFO - Processing /home/airflow/.local/lib/python3.8/site-packages/airflow/example_dags/example_task_group_decorator.py took 0.334 seconds
[2025-04-04T08:36:23.152+0000] {processor.py:161} INFO - Started process (PID=619) to work on /home/airflow/.local/lib/python3.8/site-packages/airflow/example_dags/example_task_group_decorator.py
[2025-04-04T08:36:23.153+0000] {processor.py:830} INFO - Processing file /home/airflow/.local/lib/python3.8/site-packages/airflow/example_dags/example_task_group_decorator.py for tasks to queue
[2025-04-04T08:36:23.155+0000] {logging_mixin.py:188} INFO - [2025-04-04T08:36:23.154+0000] {dagbag.py:538} INFO - Filling up the DagBag from /home/airflow/.local/lib/python3.8/site-packages/airflow/example_dags/example_task_group_decorator.py
[2025-04-04T08:36:23.170+0000] {processor.py:840} INFO - DAG(s) 'example_task_group_decorator' retrieved from /home/airflow/.local/lib/python3.8/site-packages/airflow/example_dags/example_task_group_decorator.py
[2025-04-04T08:36:23.196+0000] {logging_mixin.py:188} INFO - [2025-04-04T08:36:23.196+0000] {dag.py:3036} INFO - Sync 1 DAGs
[2025-04-04T08:36:23.218+0000] {logging_mixin.py:188} INFO - [2025-04-04T08:36:23.218+0000] {dag.py:3823} INFO - Setting next_dagrun for example_task_group_decorator to 2025-04-03 00:00:00+00:00, run_after=2025-04-04 00:00:00+00:00
[2025-04-04T08:36:23.239+0000] {processor.py:183} INFO - Processing /home/airflow/.local/lib/python3.8/site-packages/airflow/example_dags/example_task_group_decorator.py took 0.090 seconds
[2025-04-04T08:36:53.434+0000] {processor.py:161} INFO - Started process (PID=866) to work on /home/airflow/.local/lib/python3.8/site-packages/airflow/example_dags/example_task_group_decorator.py
[2025-04-04T08:36:53.435+0000] {processor.py:830} INFO - Processing file /home/airflow/.local/lib/python3.8/site-packages/airflow/example_dags/example_task_group_decorator.py for tasks to queue
[2025-04-04T08:36:53.436+0000] {logging_mixin.py:188} INFO - [2025-04-04T08:36:53.435+0000] {dagbag.py:538} INFO - Filling up the DagBag from /home/airflow/.local/lib/python3.8/site-packages/airflow/example_dags/example_task_group_decorator.py
[2025-04-04T08:36:53.450+0000] {processor.py:840} INFO - DAG(s) 'example_task_group_decorator' retrieved from /home/airflow/.local/lib/python3.8/site-packages/airflow/example_dags/example_task_group_decorator.py
[2025-04-04T08:36:53.473+0000] {logging_mixin.py:188} INFO - [2025-04-04T08:36:53.473+0000] {dag.py:3036} INFO - Sync 1 DAGs
[2025-04-04T08:36:53.497+0000] {logging_mixin.py:188} INFO - [2025-04-04T08:36:53.496+0000] {dag.py:3823} INFO - Setting next_dagrun for example_task_group_decorator to 2025-04-03 00:00:00+00:00, run_after=2025-04-04 00:00:00+00:00
[2025-04-04T08:36:53.520+0000] {processor.py:183} INFO - Processing /home/airflow/.local/lib/python3.8/site-packages/airflow/example_dags/example_task_group_decorator.py took 0.089 seconds
[2025-04-04T08:37:24.406+0000] {processor.py:161} INFO - Started process (PID=1111) to work on /home/airflow/.local/lib/python3.8/site-packages/airflow/example_dags/example_task_group_decorator.py
[2025-04-04T08:37:24.407+0000] {processor.py:830} INFO - Processing file /home/airflow/.local/lib/python3.8/site-packages/airflow/example_dags/example_task_group_decorator.py for tasks to queue
[2025-04-04T08:37:24.409+0000] {logging_mixin.py:188} INFO - [2025-04-04T08:37:24.408+0000] {dagbag.py:538} INFO - Filling up the DagBag from /home/airflow/.local/lib/python3.8/site-packages/airflow/example_dags/example_task_group_decorator.py
[2025-04-04T08:37:24.423+0000] {processor.py:840} INFO - DAG(s) 'example_task_group_decorator' retrieved from /home/airflow/.local/lib/python3.8/site-packages/airflow/example_dags/example_task_group_decorator.py
[2025-04-04T08:37:24.453+0000] {logging_mixin.py:188} INFO - [2025-04-04T08:37:24.452+0000] {dag.py:3036} INFO - Sync 1 DAGs
[2025-04-04T08:37:24.477+0000] {logging_mixin.py:188} INFO - [2025-04-04T08:37:24.477+0000] {dag.py:3823} INFO - Setting next_dagrun for example_task_group_decorator to 2025-04-03 00:00:00+00:00, run_after=2025-04-04 00:00:00+00:00
[2025-04-04T08:37:24.501+0000] {processor.py:183} INFO - Processing /home/airflow/.local/lib/python3.8/site-packages/airflow/example_dags/example_task_group_decorator.py took 0.097 seconds
[2025-04-04T08:37:54.652+0000] {processor.py:161} INFO - Started process (PID=1360) to work on /home/airflow/.local/lib/python3.8/site-packages/airflow/example_dags/example_task_group_decorator.py
[2025-04-04T08:37:54.653+0000] {processor.py:830} INFO - Processing file /home/airflow/.local/lib/python3.8/site-packages/airflow/example_dags/example_task_group_decorator.py for tasks to queue
[2025-04-04T08:37:54.654+0000] {logging_mixin.py:188} INFO - [2025-04-04T08:37:54.653+0000] {dagbag.py:538} INFO - Filling up the DagBag from /home/airflow/.local/lib/python3.8/site-packages/airflow/example_dags/example_task_group_decorator.py
[2025-04-04T08:37:54.667+0000] {processor.py:840} INFO - DAG(s) 'example_task_group_decorator' retrieved from /home/airflow/.local/lib/python3.8/site-packages/airflow/example_dags/example_task_group_decorator.py
[2025-04-04T08:37:54.691+0000] {logging_mixin.py:188} INFO - [2025-04-04T08:37:54.691+0000] {dag.py:3036} INFO - Sync 1 DAGs
[2025-04-04T08:37:54.715+0000] {logging_mixin.py:188} INFO - [2025-04-04T08:37:54.715+0000] {dag.py:3823} INFO - Setting next_dagrun for example_task_group_decorator to 2025-04-03 00:00:00+00:00, run_after=2025-04-04 00:00:00+00:00
[2025-04-04T08:37:54.734+0000] {processor.py:183} INFO - Processing /home/airflow/.local/lib/python3.8/site-packages/airflow/example_dags/example_task_group_decorator.py took 0.086 seconds
[2025-04-04T08:38:25.048+0000] {processor.py:161} INFO - Started process (PID=1607) to work on /home/airflow/.local/lib/python3.8/site-packages/airflow/example_dags/example_task_group_decorator.py
[2025-04-04T08:38:25.049+0000] {processor.py:830} INFO - Processing file /home/airflow/.local/lib/python3.8/site-packages/airflow/example_dags/example_task_group_decorator.py for tasks to queue
[2025-04-04T08:38:25.050+0000] {logging_mixin.py:188} INFO - [2025-04-04T08:38:25.050+0000] {dagbag.py:538} INFO - Filling up the DagBag from /home/airflow/.local/lib/python3.8/site-packages/airflow/example_dags/example_task_group_decorator.py
[2025-04-04T08:38:25.072+0000] {processor.py:840} INFO - DAG(s) 'example_task_group_decorator' retrieved from /home/airflow/.local/lib/python3.8/site-packages/airflow/example_dags/example_task_group_decorator.py
[2025-04-04T08:38:25.114+0000] {logging_mixin.py:188} INFO - [2025-04-04T08:38:25.114+0000] {dag.py:3036} INFO - Sync 1 DAGs
[2025-04-04T08:38:25.152+0000] {logging_mixin.py:188} INFO - [2025-04-04T08:38:25.152+0000] {dag.py:3823} INFO - Setting next_dagrun for example_task_group_decorator to 2025-04-03 00:00:00+00:00, run_after=2025-04-04 00:00:00+00:00
[2025-04-04T08:38:25.175+0000] {processor.py:183} INFO - Processing /home/airflow/.local/lib/python3.8/site-packages/airflow/example_dags/example_task_group_decorator.py took 0.131 seconds
[2025-04-04T08:38:55.651+0000] {processor.py:161} INFO - Started process (PID=1854) to work on /home/airflow/.local/lib/python3.8/site-packages/airflow/example_dags/example_task_group_decorator.py
[2025-04-04T08:38:55.652+0000] {processor.py:830} INFO - Processing file /home/airflow/.local/lib/python3.8/site-packages/airflow/example_dags/example_task_group_decorator.py for tasks to queue
[2025-04-04T08:38:55.653+0000] {logging_mixin.py:188} INFO - [2025-04-04T08:38:55.653+0000] {dagbag.py:538} INFO - Filling up the DagBag from /home/airflow/.local/lib/python3.8/site-packages/airflow/example_dags/example_task_group_decorator.py
[2025-04-04T08:38:55.666+0000] {processor.py:840} INFO - DAG(s) 'example_task_group_decorator' retrieved from /home/airflow/.local/lib/python3.8/site-packages/airflow/example_dags/example_task_group_decorator.py
[2025-04-04T08:38:55.692+0000] {logging_mixin.py:188} INFO - [2025-04-04T08:38:55.691+0000] {dag.py:3036} INFO - Sync 1 DAGs
[2025-04-04T08:38:55.713+0000] {logging_mixin.py:188} INFO - [2025-04-04T08:38:55.713+0000] {dag.py:3823} INFO - Setting next_dagrun for example_task_group_decorator to 2025-04-03 00:00:00+00:00, run_after=2025-04-04 00:00:00+00:00
[2025-04-04T08:38:55.734+0000] {processor.py:183} INFO - Processing /home/airflow/.local/lib/python3.8/site-packages/airflow/example_dags/example_task_group_decorator.py took 0.085 seconds
[2025-04-04T08:39:26.409+0000] {processor.py:161} INFO - Started process (PID=2101) to work on /home/airflow/.local/lib/python3.8/site-packages/airflow/example_dags/example_task_group_decorator.py
[2025-04-04T08:39:26.410+0000] {processor.py:830} INFO - Processing file /home/airflow/.local/lib/python3.8/site-packages/airflow/example_dags/example_task_group_decorator.py for tasks to queue
[2025-04-04T08:39:26.411+0000] {logging_mixin.py:188} INFO - [2025-04-04T08:39:26.411+0000] {dagbag.py:538} INFO - Filling up the DagBag from /home/airflow/.local/lib/python3.8/site-packages/airflow/example_dags/example_task_group_decorator.py
[2025-04-04T08:39:26.425+0000] {processor.py:840} INFO - DAG(s) 'example_task_group_decorator' retrieved from /home/airflow/.local/lib/python3.8/site-packages/airflow/example_dags/example_task_group_decorator.py
[2025-04-04T08:39:26.447+0000] {logging_mixin.py:188} INFO - [2025-04-04T08:39:26.447+0000] {dag.py:3036} INFO - Sync 1 DAGs
[2025-04-04T08:39:26.468+0000] {logging_mixin.py:188} INFO - [2025-04-04T08:39:26.467+0000] {dag.py:3823} INFO - Setting next_dagrun for example_task_group_decorator to 2025-04-03 00:00:00+00:00, run_after=2025-04-04 00:00:00+00:00
[2025-04-04T08:39:26.488+0000] {processor.py:183} INFO - Processing /home/airflow/.local/lib/python3.8/site-packages/airflow/example_dags/example_task_group_decorator.py took 0.083 seconds
[2025-04-04T08:39:56.658+0000] {processor.py:161} INFO - Started process (PID=2348) to work on /home/airflow/.local/lib/python3.8/site-packages/airflow/example_dags/example_task_group_decorator.py
[2025-04-04T08:39:56.659+0000] {processor.py:830} INFO - Processing file /home/airflow/.local/lib/python3.8/site-packages/airflow/example_dags/example_task_group_decorator.py for tasks to queue
[2025-04-04T08:39:56.660+0000] {logging_mixin.py:188} INFO - [2025-04-04T08:39:56.660+0000] {dagbag.py:538} INFO - Filling up the DagBag from /home/airflow/.local/lib/python3.8/site-packages/airflow/example_dags/example_task_group_decorator.py
[2025-04-04T08:39:56.673+0000] {processor.py:840} INFO - DAG(s) 'example_task_group_decorator' retrieved from /home/airflow/.local/lib/python3.8/site-packages/airflow/example_dags/example_task_group_decorator.py
[2025-04-04T08:39:56.697+0000] {logging_mixin.py:188} INFO - [2025-04-04T08:39:56.697+0000] {dag.py:3036} INFO - Sync 1 DAGs
[2025-04-04T08:39:56.718+0000] {logging_mixin.py:188} INFO - [2025-04-04T08:39:56.717+0000] {dag.py:3823} INFO - Setting next_dagrun for example_task_group_decorator to 2025-04-03 00:00:00+00:00, run_after=2025-04-04 00:00:00+00:00
[2025-04-04T08:39:56.739+0000] {processor.py:183} INFO - Processing /home/airflow/.local/lib/python3.8/site-packages/airflow/example_dags/example_task_group_decorator.py took 0.083 seconds
[2025-04-04T08:40:27.605+0000] {processor.py:161} INFO - Started process (PID=2595) to work on /home/airflow/.local/lib/python3.8/site-packages/airflow/example_dags/example_task_group_decorator.py
[2025-04-04T08:40:27.606+0000] {processor.py:830} INFO - Processing file /home/airflow/.local/lib/python3.8/site-packages/airflow/example_dags/example_task_group_decorator.py for tasks to queue
[2025-04-04T08:40:27.607+0000] {logging_mixin.py:188} INFO - [2025-04-04T08:40:27.607+0000] {dagbag.py:538} INFO - Filling up the DagBag from /home/airflow/.local/lib/python3.8/site-packages/airflow/example_dags/example_task_group_decorator.py
[2025-04-04T08:40:27.620+0000] {processor.py:840} INFO - DAG(s) 'example_task_group_decorator' retrieved from /home/airflow/.local/lib/python3.8/site-packages/airflow/example_dags/example_task_group_decorator.py
[2025-04-04T08:40:27.642+0000] {logging_mixin.py:188} INFO - [2025-04-04T08:40:27.642+0000] {dag.py:3036} INFO - Sync 1 DAGs
[2025-04-04T08:40:27.661+0000] {logging_mixin.py:188} INFO - [2025-04-04T08:40:27.661+0000] {dag.py:3823} INFO - Setting next_dagrun for example_task_group_decorator to 2025-04-03 00:00:00+00:00, run_after=2025-04-04 00:00:00+00:00
[2025-04-04T08:40:27.680+0000] {processor.py:183} INFO - Processing /home/airflow/.local/lib/python3.8/site-packages/airflow/example_dags/example_task_group_decorator.py took 0.078 seconds
[2025-04-04T08:40:57.767+0000] {processor.py:161} INFO - Started process (PID=2842) to work on /home/airflow/.local/lib/python3.8/site-packages/airflow/example_dags/example_task_group_decorator.py
[2025-04-04T08:40:57.768+0000] {processor.py:830} INFO - Processing file /home/airflow/.local/lib/python3.8/site-packages/airflow/example_dags/example_task_group_decorator.py for tasks to queue
[2025-04-04T08:40:57.769+0000] {logging_mixin.py:188} INFO - [2025-04-04T08:40:57.769+0000] {dagbag.py:538} INFO - Filling up the DagBag from /home/airflow/.local/lib/python3.8/site-packages/airflow/example_dags/example_task_group_decorator.py
[2025-04-04T08:40:57.789+0000] {processor.py:840} INFO - DAG(s) 'example_task_group_decorator' retrieved from /home/airflow/.local/lib/python3.8/site-packages/airflow/example_dags/example_task_group_decorator.py
[2025-04-04T08:40:57.820+0000] {logging_mixin.py:188} INFO - [2025-04-04T08:40:57.820+0000] {dag.py:3036} INFO - Sync 1 DAGs
[2025-04-04T08:40:57.847+0000] {logging_mixin.py:188} INFO - [2025-04-04T08:40:57.847+0000] {dag.py:3823} INFO - Setting next_dagrun for example_task_group_decorator to 2025-04-03 00:00:00+00:00, run_after=2025-04-04 00:00:00+00:00
[2025-04-04T08:40:57.874+0000] {processor.py:183} INFO - Processing /home/airflow/.local/lib/python3.8/site-packages/airflow/example_dags/example_task_group_decorator.py took 0.110 seconds
[2025-04-04T08:43:04.191+0000] {processor.py:161} INFO - Started process (PID=360) to work on /home/airflow/.local/lib/python3.8/site-packages/airflow/example_dags/example_task_group_decorator.py
[2025-04-04T08:43:04.192+0000] {processor.py:830} INFO - Processing file /home/airflow/.local/lib/python3.8/site-packages/airflow/example_dags/example_task_group_decorator.py for tasks to queue
[2025-04-04T08:43:04.193+0000] {logging_mixin.py:188} INFO - [2025-04-04T08:43:04.193+0000] {dagbag.py:538} INFO - Filling up the DagBag from /home/airflow/.local/lib/python3.8/site-packages/airflow/example_dags/example_task_group_decorator.py
[2025-04-04T08:43:04.207+0000] {processor.py:840} INFO - DAG(s) 'example_task_group_decorator' retrieved from /home/airflow/.local/lib/python3.8/site-packages/airflow/example_dags/example_task_group_decorator.py
[2025-04-04T08:43:04.219+0000] {logging_mixin.py:188} INFO - [2025-04-04T08:43:04.219+0000] {dag.py:3036} INFO - Sync 1 DAGs
[2025-04-04T08:43:04.242+0000] {logging_mixin.py:188} INFO - [2025-04-04T08:43:04.241+0000] {dag.py:3823} INFO - Setting next_dagrun for example_task_group_decorator to 2025-04-03 00:00:00+00:00, run_after=2025-04-04 00:00:00+00:00
[2025-04-04T08:43:04.260+0000] {processor.py:183} INFO - Processing /home/airflow/.local/lib/python3.8/site-packages/airflow/example_dags/example_task_group_decorator.py took 0.072 seconds
[2025-04-04T08:43:36.373+0000] {processor.py:161} INFO - Started process (PID=605) to work on /home/airflow/.local/lib/python3.8/site-packages/airflow/example_dags/example_task_group_decorator.py
[2025-04-04T08:43:36.374+0000] {processor.py:830} INFO - Processing file /home/airflow/.local/lib/python3.8/site-packages/airflow/example_dags/example_task_group_decorator.py for tasks to queue
[2025-04-04T08:43:36.375+0000] {logging_mixin.py:188} INFO - [2025-04-04T08:43:36.374+0000] {dagbag.py:538} INFO - Filling up the DagBag from /home/airflow/.local/lib/python3.8/site-packages/airflow/example_dags/example_task_group_decorator.py
[2025-04-04T08:43:36.389+0000] {processor.py:840} INFO - DAG(s) 'example_task_group_decorator' retrieved from /home/airflow/.local/lib/python3.8/site-packages/airflow/example_dags/example_task_group_decorator.py
[2025-04-04T08:43:36.543+0000] {logging_mixin.py:188} INFO - [2025-04-04T08:43:36.542+0000] {dag.py:3036} INFO - Sync 1 DAGs
[2025-04-04T08:43:36.575+0000] {logging_mixin.py:188} INFO - [2025-04-04T08:43:36.575+0000] {dag.py:3823} INFO - Setting next_dagrun for example_task_group_decorator to 2025-04-03 00:00:00+00:00, run_after=2025-04-04 00:00:00+00:00
[2025-04-04T08:43:36.601+0000] {processor.py:183} INFO - Processing /home/airflow/.local/lib/python3.8/site-packages/airflow/example_dags/example_task_group_decorator.py took 0.232 seconds
[2025-04-04T08:44:07.427+0000] {processor.py:161} INFO - Started process (PID=852) to work on /home/airflow/.local/lib/python3.8/site-packages/airflow/example_dags/example_task_group_decorator.py
[2025-04-04T08:44:07.428+0000] {processor.py:830} INFO - Processing file /home/airflow/.local/lib/python3.8/site-packages/airflow/example_dags/example_task_group_decorator.py for tasks to queue
[2025-04-04T08:44:07.429+0000] {logging_mixin.py:188} INFO - [2025-04-04T08:44:07.429+0000] {dagbag.py:538} INFO - Filling up the DagBag from /home/airflow/.local/lib/python3.8/site-packages/airflow/example_dags/example_task_group_decorator.py
[2025-04-04T08:44:07.443+0000] {processor.py:840} INFO - DAG(s) 'example_task_group_decorator' retrieved from /home/airflow/.local/lib/python3.8/site-packages/airflow/example_dags/example_task_group_decorator.py
[2025-04-04T08:44:07.468+0000] {logging_mixin.py:188} INFO - [2025-04-04T08:44:07.467+0000] {dag.py:3036} INFO - Sync 1 DAGs
[2025-04-04T08:44:07.489+0000] {logging_mixin.py:188} INFO - [2025-04-04T08:44:07.489+0000] {dag.py:3823} INFO - Setting next_dagrun for example_task_group_decorator to 2025-04-03 00:00:00+00:00, run_after=2025-04-04 00:00:00+00:00
[2025-04-04T08:44:07.510+0000] {processor.py:183} INFO - Processing /home/airflow/.local/lib/python3.8/site-packages/airflow/example_dags/example_task_group_decorator.py took 0.086 seconds
[2025-04-04T08:44:38.043+0000] {processor.py:161} INFO - Started process (PID=1099) to work on /home/airflow/.local/lib/python3.8/site-packages/airflow/example_dags/example_task_group_decorator.py
[2025-04-04T08:44:38.044+0000] {processor.py:830} INFO - Processing file /home/airflow/.local/lib/python3.8/site-packages/airflow/example_dags/example_task_group_decorator.py for tasks to queue
[2025-04-04T08:44:38.046+0000] {logging_mixin.py:188} INFO - [2025-04-04T08:44:38.045+0000] {dagbag.py:538} INFO - Filling up the DagBag from /home/airflow/.local/lib/python3.8/site-packages/airflow/example_dags/example_task_group_decorator.py
[2025-04-04T08:44:38.060+0000] {processor.py:840} INFO - DAG(s) 'example_task_group_decorator' retrieved from /home/airflow/.local/lib/python3.8/site-packages/airflow/example_dags/example_task_group_decorator.py
[2025-04-04T08:44:38.087+0000] {logging_mixin.py:188} INFO - [2025-04-04T08:44:38.086+0000] {dag.py:3036} INFO - Sync 1 DAGs
[2025-04-04T08:44:38.115+0000] {logging_mixin.py:188} INFO - [2025-04-04T08:44:38.115+0000] {dag.py:3823} INFO - Setting next_dagrun for example_task_group_decorator to 2025-04-03 00:00:00+00:00, run_after=2025-04-04 00:00:00+00:00
[2025-04-04T08:44:38.138+0000] {processor.py:183} INFO - Processing /home/airflow/.local/lib/python3.8/site-packages/airflow/example_dags/example_task_group_decorator.py took 0.100 seconds
[2025-04-04T08:45:08.781+0000] {processor.py:161} INFO - Started process (PID=1346) to work on /home/airflow/.local/lib/python3.8/site-packages/airflow/example_dags/example_task_group_decorator.py
[2025-04-04T08:45:08.783+0000] {processor.py:830} INFO - Processing file /home/airflow/.local/lib/python3.8/site-packages/airflow/example_dags/example_task_group_decorator.py for tasks to queue
[2025-04-04T08:45:08.784+0000] {logging_mixin.py:188} INFO - [2025-04-04T08:45:08.784+0000] {dagbag.py:538} INFO - Filling up the DagBag from /home/airflow/.local/lib/python3.8/site-packages/airflow/example_dags/example_task_group_decorator.py
[2025-04-04T08:45:08.807+0000] {processor.py:840} INFO - DAG(s) 'example_task_group_decorator' retrieved from /home/airflow/.local/lib/python3.8/site-packages/airflow/example_dags/example_task_group_decorator.py
[2025-04-04T08:45:08.839+0000] {logging_mixin.py:188} INFO - [2025-04-04T08:45:08.838+0000] {dag.py:3036} INFO - Sync 1 DAGs
[2025-04-04T08:45:08.865+0000] {logging_mixin.py:188} INFO - [2025-04-04T08:45:08.865+0000] {dag.py:3823} INFO - Setting next_dagrun for example_task_group_decorator to 2025-04-03 00:00:00+00:00, run_after=2025-04-04 00:00:00+00:00
[2025-04-04T08:45:08.889+0000] {processor.py:183} INFO - Processing /home/airflow/.local/lib/python3.8/site-packages/airflow/example_dags/example_task_group_decorator.py took 0.112 seconds
[2025-04-04T08:45:39.060+0000] {processor.py:161} INFO - Started process (PID=1593) to work on /home/airflow/.local/lib/python3.8/site-packages/airflow/example_dags/example_task_group_decorator.py
[2025-04-04T08:45:39.061+0000] {processor.py:830} INFO - Processing file /home/airflow/.local/lib/python3.8/site-packages/airflow/example_dags/example_task_group_decorator.py for tasks to queue
[2025-04-04T08:45:39.062+0000] {logging_mixin.py:188} INFO - [2025-04-04T08:45:39.062+0000] {dagbag.py:538} INFO - Filling up the DagBag from /home/airflow/.local/lib/python3.8/site-packages/airflow/example_dags/example_task_group_decorator.py
[2025-04-04T08:45:39.076+0000] {processor.py:840} INFO - DAG(s) 'example_task_group_decorator' retrieved from /home/airflow/.local/lib/python3.8/site-packages/airflow/example_dags/example_task_group_decorator.py
[2025-04-04T08:45:39.100+0000] {logging_mixin.py:188} INFO - [2025-04-04T08:45:39.100+0000] {dag.py:3036} INFO - Sync 1 DAGs
[2025-04-04T08:45:39.120+0000] {logging_mixin.py:188} INFO - [2025-04-04T08:45:39.120+0000] {dag.py:3823} INFO - Setting next_dagrun for example_task_group_decorator to 2025-04-03 00:00:00+00:00, run_after=2025-04-04 00:00:00+00:00
[2025-04-04T08:45:39.140+0000] {processor.py:183} INFO - Processing /home/airflow/.local/lib/python3.8/site-packages/airflow/example_dags/example_task_group_decorator.py took 0.083 seconds
[2025-04-04T08:46:09.323+0000] {processor.py:161} INFO - Started process (PID=1840) to work on /home/airflow/.local/lib/python3.8/site-packages/airflow/example_dags/example_task_group_decorator.py
[2025-04-04T08:46:09.324+0000] {processor.py:830} INFO - Processing file /home/airflow/.local/lib/python3.8/site-packages/airflow/example_dags/example_task_group_decorator.py for tasks to queue
[2025-04-04T08:46:09.325+0000] {logging_mixin.py:188} INFO - [2025-04-04T08:46:09.325+0000] {dagbag.py:538} INFO - Filling up the DagBag from /home/airflow/.local/lib/python3.8/site-packages/airflow/example_dags/example_task_group_decorator.py
[2025-04-04T08:46:09.339+0000] {processor.py:840} INFO - DAG(s) 'example_task_group_decorator' retrieved from /home/airflow/.local/lib/python3.8/site-packages/airflow/example_dags/example_task_group_decorator.py
[2025-04-04T08:46:09.362+0000] {logging_mixin.py:188} INFO - [2025-04-04T08:46:09.362+0000] {dag.py:3036} INFO - Sync 1 DAGs
[2025-04-04T08:46:09.381+0000] {logging_mixin.py:188} INFO - [2025-04-04T08:46:09.381+0000] {dag.py:3823} INFO - Setting next_dagrun for example_task_group_decorator to 2025-04-03 00:00:00+00:00, run_after=2025-04-04 00:00:00+00:00
[2025-04-04T08:46:09.407+0000] {processor.py:183} INFO - Processing /home/airflow/.local/lib/python3.8/site-packages/airflow/example_dags/example_task_group_decorator.py took 0.087 seconds
[2025-04-04T08:50:25.644+0000] {processor.py:161} INFO - Started process (PID=365) to work on /home/airflow/.local/lib/python3.8/site-packages/airflow/example_dags/example_task_group_decorator.py
[2025-04-04T08:50:25.645+0000] {processor.py:830} INFO - Processing file /home/airflow/.local/lib/python3.8/site-packages/airflow/example_dags/example_task_group_decorator.py for tasks to queue
[2025-04-04T08:50:25.647+0000] {logging_mixin.py:188} INFO - [2025-04-04T08:50:25.646+0000] {dagbag.py:538} INFO - Filling up the DagBag from /home/airflow/.local/lib/python3.8/site-packages/airflow/example_dags/example_task_group_decorator.py
[2025-04-04T08:50:25.667+0000] {processor.py:840} INFO - DAG(s) 'example_task_group_decorator' retrieved from /home/airflow/.local/lib/python3.8/site-packages/airflow/example_dags/example_task_group_decorator.py
[2025-04-04T08:50:25.683+0000] {logging_mixin.py:188} INFO - [2025-04-04T08:50:25.682+0000] {dag.py:3036} INFO - Sync 1 DAGs
[2025-04-04T08:50:25.710+0000] {logging_mixin.py:188} INFO - [2025-04-04T08:50:25.709+0000] {dag.py:3823} INFO - Setting next_dagrun for example_task_group_decorator to 2025-04-03 00:00:00+00:00, run_after=2025-04-04 00:00:00+00:00
[2025-04-04T08:50:25.733+0000] {processor.py:183} INFO - Processing /home/airflow/.local/lib/python3.8/site-packages/airflow/example_dags/example_task_group_decorator.py took 0.092 seconds
[2025-04-04T08:50:57.565+0000] {processor.py:161} INFO - Started process (PID=614) to work on /home/airflow/.local/lib/python3.8/site-packages/airflow/example_dags/example_task_group_decorator.py
[2025-04-04T08:50:57.566+0000] {processor.py:830} INFO - Processing file /home/airflow/.local/lib/python3.8/site-packages/airflow/example_dags/example_task_group_decorator.py for tasks to queue
[2025-04-04T08:50:57.567+0000] {logging_mixin.py:188} INFO - [2025-04-04T08:50:57.567+0000] {dagbag.py:538} INFO - Filling up the DagBag from /home/airflow/.local/lib/python3.8/site-packages/airflow/example_dags/example_task_group_decorator.py
[2025-04-04T08:50:57.580+0000] {processor.py:840} INFO - DAG(s) 'example_task_group_decorator' retrieved from /home/airflow/.local/lib/python3.8/site-packages/airflow/example_dags/example_task_group_decorator.py
[2025-04-04T08:50:57.692+0000] {logging_mixin.py:188} INFO - [2025-04-04T08:50:57.692+0000] {dag.py:3036} INFO - Sync 1 DAGs
[2025-04-04T08:50:57.711+0000] {logging_mixin.py:188} INFO - [2025-04-04T08:50:57.711+0000] {dag.py:3823} INFO - Setting next_dagrun for example_task_group_decorator to 2025-04-03 00:00:00+00:00, run_after=2025-04-04 00:00:00+00:00
[2025-04-04T08:50:57.735+0000] {processor.py:183} INFO - Processing /home/airflow/.local/lib/python3.8/site-packages/airflow/example_dags/example_task_group_decorator.py took 0.173 seconds
[2025-04-04T08:51:28.300+0000] {processor.py:161} INFO - Started process (PID=859) to work on /home/airflow/.local/lib/python3.8/site-packages/airflow/example_dags/example_task_group_decorator.py
[2025-04-04T08:51:28.301+0000] {processor.py:830} INFO - Processing file /home/airflow/.local/lib/python3.8/site-packages/airflow/example_dags/example_task_group_decorator.py for tasks to queue
[2025-04-04T08:51:28.302+0000] {logging_mixin.py:188} INFO - [2025-04-04T08:51:28.302+0000] {dagbag.py:538} INFO - Filling up the DagBag from /home/airflow/.local/lib/python3.8/site-packages/airflow/example_dags/example_task_group_decorator.py
[2025-04-04T08:51:28.320+0000] {processor.py:840} INFO - DAG(s) 'example_task_group_decorator' retrieved from /home/airflow/.local/lib/python3.8/site-packages/airflow/example_dags/example_task_group_decorator.py
[2025-04-04T08:51:28.387+0000] {logging_mixin.py:188} INFO - [2025-04-04T08:51:28.387+0000] {dag.py:3036} INFO - Sync 1 DAGs
[2025-04-04T08:51:28.429+0000] {logging_mixin.py:188} INFO - [2025-04-04T08:51:28.428+0000] {dag.py:3823} INFO - Setting next_dagrun for example_task_group_decorator to 2025-04-03 00:00:00+00:00, run_after=2025-04-04 00:00:00+00:00
[2025-04-04T08:51:28.454+0000] {processor.py:183} INFO - Processing /home/airflow/.local/lib/python3.8/site-packages/airflow/example_dags/example_task_group_decorator.py took 0.158 seconds
[2025-04-04T08:51:59.733+0000] {processor.py:161} INFO - Started process (PID=1106) to work on /home/airflow/.local/lib/python3.8/site-packages/airflow/example_dags/example_task_group_decorator.py
[2025-04-04T08:51:59.753+0000] {processor.py:830} INFO - Processing file /home/airflow/.local/lib/python3.8/site-packages/airflow/example_dags/example_task_group_decorator.py for tasks to queue
[2025-04-04T08:51:59.754+0000] {logging_mixin.py:188} INFO - [2025-04-04T08:51:59.754+0000] {dagbag.py:538} INFO - Filling up the DagBag from /home/airflow/.local/lib/python3.8/site-packages/airflow/example_dags/example_task_group_decorator.py
[2025-04-04T08:51:59.785+0000] {processor.py:840} INFO - DAG(s) 'example_task_group_decorator' retrieved from /home/airflow/.local/lib/python3.8/site-packages/airflow/example_dags/example_task_group_decorator.py
[2025-04-04T08:51:59.813+0000] {logging_mixin.py:188} INFO - [2025-04-04T08:51:59.812+0000] {dag.py:3036} INFO - Sync 1 DAGs
[2025-04-04T08:51:59.834+0000] {logging_mixin.py:188} INFO - [2025-04-04T08:51:59.834+0000] {dag.py:3823} INFO - Setting next_dagrun for example_task_group_decorator to 2025-04-03 00:00:00+00:00, run_after=2025-04-04 00:00:00+00:00
[2025-04-04T08:51:59.890+0000] {processor.py:183} INFO - Processing /home/airflow/.local/lib/python3.8/site-packages/airflow/example_dags/example_task_group_decorator.py took 0.160 seconds
[2025-04-04T08:52:30.525+0000] {processor.py:161} INFO - Started process (PID=1355) to work on /home/airflow/.local/lib/python3.8/site-packages/airflow/example_dags/example_task_group_decorator.py
[2025-04-04T08:52:30.527+0000] {processor.py:830} INFO - Processing file /home/airflow/.local/lib/python3.8/site-packages/airflow/example_dags/example_task_group_decorator.py for tasks to queue
[2025-04-04T08:52:30.527+0000] {logging_mixin.py:188} INFO - [2025-04-04T08:52:30.527+0000] {dagbag.py:538} INFO - Filling up the DagBag from /home/airflow/.local/lib/python3.8/site-packages/airflow/example_dags/example_task_group_decorator.py
[2025-04-04T08:52:30.540+0000] {processor.py:840} INFO - DAG(s) 'example_task_group_decorator' retrieved from /home/airflow/.local/lib/python3.8/site-packages/airflow/example_dags/example_task_group_decorator.py
[2025-04-04T08:52:30.566+0000] {logging_mixin.py:188} INFO - [2025-04-04T08:52:30.565+0000] {dag.py:3036} INFO - Sync 1 DAGs
[2025-04-04T08:52:30.589+0000] {logging_mixin.py:188} INFO - [2025-04-04T08:52:30.589+0000] {dag.py:3823} INFO - Setting next_dagrun for example_task_group_decorator to 2025-04-03 00:00:00+00:00, run_after=2025-04-04 00:00:00+00:00
[2025-04-04T08:52:30.610+0000] {processor.py:183} INFO - Processing /home/airflow/.local/lib/python3.8/site-packages/airflow/example_dags/example_task_group_decorator.py took 0.088 seconds
[2025-04-04T08:53:01.105+0000] {processor.py:161} INFO - Started process (PID=1600) to work on /home/airflow/.local/lib/python3.8/site-packages/airflow/example_dags/example_task_group_decorator.py
[2025-04-04T08:53:01.106+0000] {processor.py:830} INFO - Processing file /home/airflow/.local/lib/python3.8/site-packages/airflow/example_dags/example_task_group_decorator.py for tasks to queue
[2025-04-04T08:53:01.107+0000] {logging_mixin.py:188} INFO - [2025-04-04T08:53:01.107+0000] {dagbag.py:538} INFO - Filling up the DagBag from /home/airflow/.local/lib/python3.8/site-packages/airflow/example_dags/example_task_group_decorator.py
[2025-04-04T08:53:01.124+0000] {processor.py:840} INFO - DAG(s) 'example_task_group_decorator' retrieved from /home/airflow/.local/lib/python3.8/site-packages/airflow/example_dags/example_task_group_decorator.py
[2025-04-04T08:53:01.152+0000] {logging_mixin.py:188} INFO - [2025-04-04T08:53:01.152+0000] {dag.py:3036} INFO - Sync 1 DAGs
[2025-04-04T08:53:01.176+0000] {logging_mixin.py:188} INFO - [2025-04-04T08:53:01.176+0000] {dag.py:3823} INFO - Setting next_dagrun for example_task_group_decorator to 2025-04-03 00:00:00+00:00, run_after=2025-04-04 00:00:00+00:00
[2025-04-04T08:53:01.197+0000] {processor.py:183} INFO - Processing /home/airflow/.local/lib/python3.8/site-packages/airflow/example_dags/example_task_group_decorator.py took 0.096 seconds
[2025-04-04T08:53:32.103+0000] {processor.py:161} INFO - Started process (PID=1847) to work on /home/airflow/.local/lib/python3.8/site-packages/airflow/example_dags/example_task_group_decorator.py
[2025-04-04T08:53:32.104+0000] {processor.py:830} INFO - Processing file /home/airflow/.local/lib/python3.8/site-packages/airflow/example_dags/example_task_group_decorator.py for tasks to queue
[2025-04-04T08:53:32.105+0000] {logging_mixin.py:188} INFO - [2025-04-04T08:53:32.105+0000] {dagbag.py:538} INFO - Filling up the DagBag from /home/airflow/.local/lib/python3.8/site-packages/airflow/example_dags/example_task_group_decorator.py
[2025-04-04T08:53:32.122+0000] {processor.py:840} INFO - DAG(s) 'example_task_group_decorator' retrieved from /home/airflow/.local/lib/python3.8/site-packages/airflow/example_dags/example_task_group_decorator.py
[2025-04-04T08:53:32.152+0000] {logging_mixin.py:188} INFO - [2025-04-04T08:53:32.152+0000] {dag.py:3036} INFO - Sync 1 DAGs
[2025-04-04T08:53:32.180+0000] {logging_mixin.py:188} INFO - [2025-04-04T08:53:32.180+0000] {dag.py:3823} INFO - Setting next_dagrun for example_task_group_decorator to 2025-04-03 00:00:00+00:00, run_after=2025-04-04 00:00:00+00:00
[2025-04-04T08:53:32.207+0000] {processor.py:183} INFO - Processing /home/airflow/.local/lib/python3.8/site-packages/airflow/example_dags/example_task_group_decorator.py took 0.108 seconds
[2025-04-04T08:54:02.500+0000] {processor.py:161} INFO - Started process (PID=2094) to work on /home/airflow/.local/lib/python3.8/site-packages/airflow/example_dags/example_task_group_decorator.py
[2025-04-04T08:54:02.501+0000] {processor.py:830} INFO - Processing file /home/airflow/.local/lib/python3.8/site-packages/airflow/example_dags/example_task_group_decorator.py for tasks to queue
[2025-04-04T08:54:02.502+0000] {logging_mixin.py:188} INFO - [2025-04-04T08:54:02.501+0000] {dagbag.py:538} INFO - Filling up the DagBag from /home/airflow/.local/lib/python3.8/site-packages/airflow/example_dags/example_task_group_decorator.py
[2025-04-04T08:54:02.515+0000] {processor.py:840} INFO - DAG(s) 'example_task_group_decorator' retrieved from /home/airflow/.local/lib/python3.8/site-packages/airflow/example_dags/example_task_group_decorator.py
[2025-04-04T08:54:02.539+0000] {logging_mixin.py:188} INFO - [2025-04-04T08:54:02.538+0000] {dag.py:3036} INFO - Sync 1 DAGs
[2025-04-04T08:54:02.557+0000] {logging_mixin.py:188} INFO - [2025-04-04T08:54:02.557+0000] {dag.py:3823} INFO - Setting next_dagrun for example_task_group_decorator to 2025-04-03 00:00:00+00:00, run_after=2025-04-04 00:00:00+00:00
[2025-04-04T08:54:02.578+0000] {processor.py:183} INFO - Processing /home/airflow/.local/lib/python3.8/site-packages/airflow/example_dags/example_task_group_decorator.py took 0.081 seconds
[2025-04-04T08:54:33.616+0000] {processor.py:161} INFO - Started process (PID=2341) to work on /home/airflow/.local/lib/python3.8/site-packages/airflow/example_dags/example_task_group_decorator.py
[2025-04-04T08:54:33.618+0000] {processor.py:830} INFO - Processing file /home/airflow/.local/lib/python3.8/site-packages/airflow/example_dags/example_task_group_decorator.py for tasks to queue
[2025-04-04T08:54:33.619+0000] {logging_mixin.py:188} INFO - [2025-04-04T08:54:33.619+0000] {dagbag.py:538} INFO - Filling up the DagBag from /home/airflow/.local/lib/python3.8/site-packages/airflow/example_dags/example_task_group_decorator.py
[2025-04-04T08:54:33.650+0000] {processor.py:840} INFO - DAG(s) 'example_task_group_decorator' retrieved from /home/airflow/.local/lib/python3.8/site-packages/airflow/example_dags/example_task_group_decorator.py
[2025-04-04T08:54:33.693+0000] {logging_mixin.py:188} INFO - [2025-04-04T08:54:33.693+0000] {dag.py:3036} INFO - Sync 1 DAGs
[2025-04-04T08:54:33.727+0000] {logging_mixin.py:188} INFO - [2025-04-04T08:54:33.727+0000] {dag.py:3823} INFO - Setting next_dagrun for example_task_group_decorator to 2025-04-03 00:00:00+00:00, run_after=2025-04-04 00:00:00+00:00
[2025-04-04T08:54:33.754+0000] {processor.py:183} INFO - Processing /home/airflow/.local/lib/python3.8/site-packages/airflow/example_dags/example_task_group_decorator.py took 0.144 seconds
[2025-04-04T08:55:04.259+0000] {processor.py:161} INFO - Started process (PID=2590) to work on /home/airflow/.local/lib/python3.8/site-packages/airflow/example_dags/example_task_group_decorator.py
[2025-04-04T08:55:04.261+0000] {processor.py:830} INFO - Processing file /home/airflow/.local/lib/python3.8/site-packages/airflow/example_dags/example_task_group_decorator.py for tasks to queue
[2025-04-04T08:55:04.262+0000] {logging_mixin.py:188} INFO - [2025-04-04T08:55:04.262+0000] {dagbag.py:538} INFO - Filling up the DagBag from /home/airflow/.local/lib/python3.8/site-packages/airflow/example_dags/example_task_group_decorator.py
[2025-04-04T08:55:04.275+0000] {processor.py:840} INFO - DAG(s) 'example_task_group_decorator' retrieved from /home/airflow/.local/lib/python3.8/site-packages/airflow/example_dags/example_task_group_decorator.py
[2025-04-04T08:55:04.300+0000] {logging_mixin.py:188} INFO - [2025-04-04T08:55:04.300+0000] {dag.py:3036} INFO - Sync 1 DAGs
[2025-04-04T08:55:04.319+0000] {logging_mixin.py:188} INFO - [2025-04-04T08:55:04.319+0000] {dag.py:3823} INFO - Setting next_dagrun for example_task_group_decorator to 2025-04-03 00:00:00+00:00, run_after=2025-04-04 00:00:00+00:00
[2025-04-04T08:55:04.338+0000] {processor.py:183} INFO - Processing /home/airflow/.local/lib/python3.8/site-packages/airflow/example_dags/example_task_group_decorator.py took 0.083 seconds
[2025-04-04T08:55:34.944+0000] {processor.py:161} INFO - Started process (PID=2835) to work on /home/airflow/.local/lib/python3.8/site-packages/airflow/example_dags/example_task_group_decorator.py
[2025-04-04T08:55:34.946+0000] {processor.py:830} INFO - Processing file /home/airflow/.local/lib/python3.8/site-packages/airflow/example_dags/example_task_group_decorator.py for tasks to queue
[2025-04-04T08:55:34.948+0000] {logging_mixin.py:188} INFO - [2025-04-04T08:55:34.947+0000] {dagbag.py:538} INFO - Filling up the DagBag from /home/airflow/.local/lib/python3.8/site-packages/airflow/example_dags/example_task_group_decorator.py
[2025-04-04T08:55:34.968+0000] {processor.py:840} INFO - DAG(s) 'example_task_group_decorator' retrieved from /home/airflow/.local/lib/python3.8/site-packages/airflow/example_dags/example_task_group_decorator.py
[2025-04-04T08:55:35.001+0000] {logging_mixin.py:188} INFO - [2025-04-04T08:55:35.001+0000] {dag.py:3036} INFO - Sync 1 DAGs
[2025-04-04T08:55:35.036+0000] {logging_mixin.py:188} INFO - [2025-04-04T08:55:35.036+0000] {dag.py:3823} INFO - Setting next_dagrun for example_task_group_decorator to 2025-04-03 00:00:00+00:00, run_after=2025-04-04 00:00:00+00:00
[2025-04-04T08:55:35.066+0000] {processor.py:183} INFO - Processing /home/airflow/.local/lib/python3.8/site-packages/airflow/example_dags/example_task_group_decorator.py took 0.126 seconds
[2025-04-04T09:14:17.628+0000] {processor.py:161} INFO - Started process (PID=385) to work on /home/airflow/.local/lib/python3.8/site-packages/airflow/example_dags/example_task_group_decorator.py
[2025-04-04T09:14:17.630+0000] {processor.py:830} INFO - Processing file /home/airflow/.local/lib/python3.8/site-packages/airflow/example_dags/example_task_group_decorator.py for tasks to queue
[2025-04-04T09:14:17.631+0000] {logging_mixin.py:188} INFO - [2025-04-04T09:14:17.631+0000] {dagbag.py:538} INFO - Filling up the DagBag from /home/airflow/.local/lib/python3.8/site-packages/airflow/example_dags/example_task_group_decorator.py
[2025-04-04T09:14:17.658+0000] {processor.py:840} INFO - DAG(s) 'example_task_group_decorator' retrieved from /home/airflow/.local/lib/python3.8/site-packages/airflow/example_dags/example_task_group_decorator.py
[2025-04-04T09:14:17.810+0000] {logging_mixin.py:188} INFO - [2025-04-04T09:14:17.809+0000] {dag.py:3036} INFO - Sync 1 DAGs
[2025-04-04T09:14:17.840+0000] {logging_mixin.py:188} INFO - [2025-04-04T09:14:17.839+0000] {dag.py:3823} INFO - Setting next_dagrun for example_task_group_decorator to 2025-04-03 00:00:00+00:00, run_after=2025-04-04 00:00:00+00:00
[2025-04-04T09:14:17.871+0000] {processor.py:183} INFO - Processing /home/airflow/.local/lib/python3.8/site-packages/airflow/example_dags/example_task_group_decorator.py took 0.249 seconds
[2025-04-04T09:14:48.037+0000] {processor.py:161} INFO - Started process (PID=632) to work on /home/airflow/.local/lib/python3.8/site-packages/airflow/example_dags/example_task_group_decorator.py
[2025-04-04T09:14:48.039+0000] {processor.py:830} INFO - Processing file /home/airflow/.local/lib/python3.8/site-packages/airflow/example_dags/example_task_group_decorator.py for tasks to queue
[2025-04-04T09:14:48.041+0000] {logging_mixin.py:188} INFO - [2025-04-04T09:14:48.040+0000] {dagbag.py:538} INFO - Filling up the DagBag from /home/airflow/.local/lib/python3.8/site-packages/airflow/example_dags/example_task_group_decorator.py
[2025-04-04T09:14:48.090+0000] {processor.py:840} INFO - DAG(s) 'example_task_group_decorator' retrieved from /home/airflow/.local/lib/python3.8/site-packages/airflow/example_dags/example_task_group_decorator.py
[2025-04-04T09:14:48.125+0000] {logging_mixin.py:188} INFO - [2025-04-04T09:14:48.125+0000] {dag.py:3036} INFO - Sync 1 DAGs
[2025-04-04T09:14:48.158+0000] {logging_mixin.py:188} INFO - [2025-04-04T09:14:48.157+0000] {dag.py:3823} INFO - Setting next_dagrun for example_task_group_decorator to 2025-04-03 00:00:00+00:00, run_after=2025-04-04 00:00:00+00:00
[2025-04-04T09:14:48.211+0000] {processor.py:183} INFO - Processing /home/airflow/.local/lib/python3.8/site-packages/airflow/example_dags/example_task_group_decorator.py took 0.181 seconds
[2025-04-04T09:15:19.294+0000] {processor.py:161} INFO - Started process (PID=879) to work on /home/airflow/.local/lib/python3.8/site-packages/airflow/example_dags/example_task_group_decorator.py
[2025-04-04T09:15:19.295+0000] {processor.py:830} INFO - Processing file /home/airflow/.local/lib/python3.8/site-packages/airflow/example_dags/example_task_group_decorator.py for tasks to queue
[2025-04-04T09:15:19.297+0000] {logging_mixin.py:188} INFO - [2025-04-04T09:15:19.296+0000] {dagbag.py:538} INFO - Filling up the DagBag from /home/airflow/.local/lib/python3.8/site-packages/airflow/example_dags/example_task_group_decorator.py
[2025-04-04T09:15:19.320+0000] {processor.py:840} INFO - DAG(s) 'example_task_group_decorator' retrieved from /home/airflow/.local/lib/python3.8/site-packages/airflow/example_dags/example_task_group_decorator.py
[2025-04-04T09:15:19.352+0000] {logging_mixin.py:188} INFO - [2025-04-04T09:15:19.352+0000] {dag.py:3036} INFO - Sync 1 DAGs
[2025-04-04T09:15:19.377+0000] {logging_mixin.py:188} INFO - [2025-04-04T09:15:19.377+0000] {dag.py:3823} INFO - Setting next_dagrun for example_task_group_decorator to 2025-04-03 00:00:00+00:00, run_after=2025-04-04 00:00:00+00:00
[2025-04-04T09:15:19.424+0000] {processor.py:183} INFO - Processing /home/airflow/.local/lib/python3.8/site-packages/airflow/example_dags/example_task_group_decorator.py took 0.133 seconds
[2025-04-04T09:15:49.973+0000] {processor.py:161} INFO - Started process (PID=1126) to work on /home/airflow/.local/lib/python3.8/site-packages/airflow/example_dags/example_task_group_decorator.py
[2025-04-04T09:15:49.975+0000] {processor.py:830} INFO - Processing file /home/airflow/.local/lib/python3.8/site-packages/airflow/example_dags/example_task_group_decorator.py for tasks to queue
[2025-04-04T09:15:49.976+0000] {logging_mixin.py:188} INFO - [2025-04-04T09:15:49.976+0000] {dagbag.py:538} INFO - Filling up the DagBag from /home/airflow/.local/lib/python3.8/site-packages/airflow/example_dags/example_task_group_decorator.py
[2025-04-04T09:15:50.029+0000] {processor.py:840} INFO - DAG(s) 'example_task_group_decorator' retrieved from /home/airflow/.local/lib/python3.8/site-packages/airflow/example_dags/example_task_group_decorator.py
[2025-04-04T09:15:50.063+0000] {logging_mixin.py:188} INFO - [2025-04-04T09:15:50.063+0000] {dag.py:3036} INFO - Sync 1 DAGs
[2025-04-04T09:15:50.092+0000] {logging_mixin.py:188} INFO - [2025-04-04T09:15:50.091+0000] {dag.py:3823} INFO - Setting next_dagrun for example_task_group_decorator to 2025-04-03 00:00:00+00:00, run_after=2025-04-04 00:00:00+00:00
[2025-04-04T09:15:50.110+0000] {processor.py:183} INFO - Processing /home/airflow/.local/lib/python3.8/site-packages/airflow/example_dags/example_task_group_decorator.py took 0.141 seconds
