[2025-04-04T08:35:53.880+0000] {processor.py:161} INFO - Started process (PID=405) to work on /home/airflow/.local/lib/python3.8/site-packages/airflow/example_dags/example_python_operator.py
[2025-04-04T08:35:53.882+0000] {processor.py:830} INFO - Processing file /home/airflow/.local/lib/python3.8/site-packages/airflow/example_dags/example_python_operator.py for tasks to queue
[2025-04-04T08:35:53.885+0000] {logging_mixin.py:188} INFO - [2025-04-04T08:35:53.884+0000] {dagbag.py:538} INFO - Filling up the DagBag from /home/airflow/.local/lib/python3.8/site-packages/airflow/example_dags/example_python_operator.py
[2025-04-04T08:35:53.917+0000] {processor.py:840} INFO - DAG(s) 'example_python_operator' retrieved from /home/airflow/.local/lib/python3.8/site-packages/airflow/example_dags/example_python_operator.py
[2025-04-04T08:35:54.222+0000] {logging_mixin.py:188} INFO - [2025-04-04T08:35:54.221+0000] {override.py:1769} INFO - Created Permission View: can edit on DAG:example_python_operator
[2025-04-04T08:35:54.247+0000] {logging_mixin.py:188} INFO - [2025-04-04T08:35:54.246+0000] {override.py:1769} INFO - Created Permission View: can read on DAG:example_python_operator
[2025-04-04T08:35:54.262+0000] {logging_mixin.py:188} INFO - [2025-04-04T08:35:54.261+0000] {override.py:1769} INFO - Created Permission View: can delete on DAG:example_python_operator
[2025-04-04T08:35:54.263+0000] {logging_mixin.py:188} INFO - [2025-04-04T08:35:54.263+0000] {dag.py:3036} INFO - Sync 1 DAGs
[2025-04-04T08:35:54.290+0000] {logging_mixin.py:188} INFO - [2025-04-04T08:35:54.289+0000] {dag.py:3058} INFO - Creating ORM DAG for example_python_operator
[2025-04-04T08:35:54.292+0000] {logging_mixin.py:188} INFO - [2025-04-04T08:35:54.291+0000] {dag.py:3823} INFO - Setting next_dagrun for example_python_operator to None, run_after=None
[2025-04-04T08:35:54.328+0000] {processor.py:183} INFO - Processing /home/airflow/.local/lib/python3.8/site-packages/airflow/example_dags/example_python_operator.py took 0.457 seconds
[2025-04-04T08:36:24.498+0000] {processor.py:161} INFO - Started process (PID=652) to work on /home/airflow/.local/lib/python3.8/site-packages/airflow/example_dags/example_python_operator.py
[2025-04-04T08:36:24.500+0000] {processor.py:830} INFO - Processing file /home/airflow/.local/lib/python3.8/site-packages/airflow/example_dags/example_python_operator.py for tasks to queue
[2025-04-04T08:36:24.501+0000] {logging_mixin.py:188} INFO - [2025-04-04T08:36:24.501+0000] {dagbag.py:538} INFO - Filling up the DagBag from /home/airflow/.local/lib/python3.8/site-packages/airflow/example_dags/example_python_operator.py
[2025-04-04T08:36:24.516+0000] {processor.py:840} INFO - DAG(s) 'example_python_operator' retrieved from /home/airflow/.local/lib/python3.8/site-packages/airflow/example_dags/example_python_operator.py
[2025-04-04T08:36:24.551+0000] {logging_mixin.py:188} INFO - [2025-04-04T08:36:24.550+0000] {dag.py:3036} INFO - Sync 1 DAGs
[2025-04-04T08:36:24.566+0000] {logging_mixin.py:188} INFO - [2025-04-04T08:36:24.566+0000] {dag.py:3823} INFO - Setting next_dagrun for example_python_operator to None, run_after=None
[2025-04-04T08:36:24.598+0000] {processor.py:183} INFO - Processing /home/airflow/.local/lib/python3.8/site-packages/airflow/example_dags/example_python_operator.py took 0.104 seconds
[2025-04-04T08:36:54.871+0000] {processor.py:161} INFO - Started process (PID=901) to work on /home/airflow/.local/lib/python3.8/site-packages/airflow/example_dags/example_python_operator.py
[2025-04-04T08:36:54.872+0000] {processor.py:830} INFO - Processing file /home/airflow/.local/lib/python3.8/site-packages/airflow/example_dags/example_python_operator.py for tasks to queue
[2025-04-04T08:36:54.873+0000] {logging_mixin.py:188} INFO - [2025-04-04T08:36:54.873+0000] {dagbag.py:538} INFO - Filling up the DagBag from /home/airflow/.local/lib/python3.8/site-packages/airflow/example_dags/example_python_operator.py
[2025-04-04T08:36:54.883+0000] {processor.py:840} INFO - DAG(s) 'example_python_operator' retrieved from /home/airflow/.local/lib/python3.8/site-packages/airflow/example_dags/example_python_operator.py
[2025-04-04T08:36:54.906+0000] {logging_mixin.py:188} INFO - [2025-04-04T08:36:54.906+0000] {dag.py:3036} INFO - Sync 1 DAGs
[2025-04-04T08:36:54.918+0000] {logging_mixin.py:188} INFO - [2025-04-04T08:36:54.918+0000] {dag.py:3823} INFO - Setting next_dagrun for example_python_operator to None, run_after=None
[2025-04-04T08:36:54.942+0000] {processor.py:183} INFO - Processing /home/airflow/.local/lib/python3.8/site-packages/airflow/example_dags/example_python_operator.py took 0.074 seconds
[2025-04-04T08:37:25.032+0000] {processor.py:161} INFO - Started process (PID=1148) to work on /home/airflow/.local/lib/python3.8/site-packages/airflow/example_dags/example_python_operator.py
[2025-04-04T08:37:25.033+0000] {processor.py:830} INFO - Processing file /home/airflow/.local/lib/python3.8/site-packages/airflow/example_dags/example_python_operator.py for tasks to queue
[2025-04-04T08:37:25.035+0000] {logging_mixin.py:188} INFO - [2025-04-04T08:37:25.034+0000] {dagbag.py:538} INFO - Filling up the DagBag from /home/airflow/.local/lib/python3.8/site-packages/airflow/example_dags/example_python_operator.py
[2025-04-04T08:37:25.051+0000] {processor.py:840} INFO - DAG(s) 'example_python_operator' retrieved from /home/airflow/.local/lib/python3.8/site-packages/airflow/example_dags/example_python_operator.py
[2025-04-04T08:37:25.089+0000] {logging_mixin.py:188} INFO - [2025-04-04T08:37:25.088+0000] {dag.py:3036} INFO - Sync 1 DAGs
[2025-04-04T08:37:25.115+0000] {logging_mixin.py:188} INFO - [2025-04-04T08:37:25.114+0000] {dag.py:3823} INFO - Setting next_dagrun for example_python_operator to None, run_after=None
[2025-04-04T08:37:25.136+0000] {processor.py:183} INFO - Processing /home/airflow/.local/lib/python3.8/site-packages/airflow/example_dags/example_python_operator.py took 0.110 seconds
[2025-04-04T08:37:55.165+0000] {processor.py:161} INFO - Started process (PID=1393) to work on /home/airflow/.local/lib/python3.8/site-packages/airflow/example_dags/example_python_operator.py
[2025-04-04T08:37:55.167+0000] {processor.py:830} INFO - Processing file /home/airflow/.local/lib/python3.8/site-packages/airflow/example_dags/example_python_operator.py for tasks to queue
[2025-04-04T08:37:55.169+0000] {logging_mixin.py:188} INFO - [2025-04-04T08:37:55.169+0000] {dagbag.py:538} INFO - Filling up the DagBag from /home/airflow/.local/lib/python3.8/site-packages/airflow/example_dags/example_python_operator.py
[2025-04-04T08:37:55.181+0000] {processor.py:840} INFO - DAG(s) 'example_python_operator' retrieved from /home/airflow/.local/lib/python3.8/site-packages/airflow/example_dags/example_python_operator.py
[2025-04-04T08:37:55.202+0000] {logging_mixin.py:188} INFO - [2025-04-04T08:37:55.202+0000] {dag.py:3036} INFO - Sync 1 DAGs
[2025-04-04T08:37:55.215+0000] {logging_mixin.py:188} INFO - [2025-04-04T08:37:55.215+0000] {dag.py:3823} INFO - Setting next_dagrun for example_python_operator to None, run_after=None
[2025-04-04T08:37:55.250+0000] {processor.py:183} INFO - Processing /home/airflow/.local/lib/python3.8/site-packages/airflow/example_dags/example_python_operator.py took 0.088 seconds
[2025-04-04T08:38:25.424+0000] {processor.py:161} INFO - Started process (PID=1640) to work on /home/airflow/.local/lib/python3.8/site-packages/airflow/example_dags/example_python_operator.py
[2025-04-04T08:38:25.426+0000] {processor.py:830} INFO - Processing file /home/airflow/.local/lib/python3.8/site-packages/airflow/example_dags/example_python_operator.py for tasks to queue
[2025-04-04T08:38:25.427+0000] {logging_mixin.py:188} INFO - [2025-04-04T08:38:25.427+0000] {dagbag.py:538} INFO - Filling up the DagBag from /home/airflow/.local/lib/python3.8/site-packages/airflow/example_dags/example_python_operator.py
[2025-04-04T08:38:25.439+0000] {processor.py:840} INFO - DAG(s) 'example_python_operator' retrieved from /home/airflow/.local/lib/python3.8/site-packages/airflow/example_dags/example_python_operator.py
[2025-04-04T08:38:25.475+0000] {logging_mixin.py:188} INFO - [2025-04-04T08:38:25.475+0000] {dag.py:3036} INFO - Sync 1 DAGs
[2025-04-04T08:38:25.500+0000] {logging_mixin.py:188} INFO - [2025-04-04T08:38:25.499+0000] {dag.py:3823} INFO - Setting next_dagrun for example_python_operator to None, run_after=None
[2025-04-04T08:38:25.524+0000] {processor.py:183} INFO - Processing /home/airflow/.local/lib/python3.8/site-packages/airflow/example_dags/example_python_operator.py took 0.103 seconds
[2025-04-04T08:38:56.006+0000] {processor.py:161} INFO - Started process (PID=1887) to work on /home/airflow/.local/lib/python3.8/site-packages/airflow/example_dags/example_python_operator.py
[2025-04-04T08:38:56.007+0000] {processor.py:830} INFO - Processing file /home/airflow/.local/lib/python3.8/site-packages/airflow/example_dags/example_python_operator.py for tasks to queue
[2025-04-04T08:38:56.009+0000] {logging_mixin.py:188} INFO - [2025-04-04T08:38:56.008+0000] {dagbag.py:538} INFO - Filling up the DagBag from /home/airflow/.local/lib/python3.8/site-packages/airflow/example_dags/example_python_operator.py
[2025-04-04T08:38:56.020+0000] {processor.py:840} INFO - DAG(s) 'example_python_operator' retrieved from /home/airflow/.local/lib/python3.8/site-packages/airflow/example_dags/example_python_operator.py
[2025-04-04T08:38:56.046+0000] {logging_mixin.py:188} INFO - [2025-04-04T08:38:56.045+0000] {dag.py:3036} INFO - Sync 1 DAGs
[2025-04-04T08:38:56.059+0000] {logging_mixin.py:188} INFO - [2025-04-04T08:38:56.059+0000] {dag.py:3823} INFO - Setting next_dagrun for example_python_operator to None, run_after=None
[2025-04-04T08:38:56.079+0000] {processor.py:183} INFO - Processing /home/airflow/.local/lib/python3.8/site-packages/airflow/example_dags/example_python_operator.py took 0.077 seconds
[2025-04-04T08:39:26.819+0000] {processor.py:161} INFO - Started process (PID=2134) to work on /home/airflow/.local/lib/python3.8/site-packages/airflow/example_dags/example_python_operator.py
[2025-04-04T08:39:26.820+0000] {processor.py:830} INFO - Processing file /home/airflow/.local/lib/python3.8/site-packages/airflow/example_dags/example_python_operator.py for tasks to queue
[2025-04-04T08:39:26.821+0000] {logging_mixin.py:188} INFO - [2025-04-04T08:39:26.821+0000] {dagbag.py:538} INFO - Filling up the DagBag from /home/airflow/.local/lib/python3.8/site-packages/airflow/example_dags/example_python_operator.py
[2025-04-04T08:39:26.831+0000] {processor.py:840} INFO - DAG(s) 'example_python_operator' retrieved from /home/airflow/.local/lib/python3.8/site-packages/airflow/example_dags/example_python_operator.py
[2025-04-04T08:39:26.853+0000] {logging_mixin.py:188} INFO - [2025-04-04T08:39:26.853+0000] {dag.py:3036} INFO - Sync 1 DAGs
[2025-04-04T08:39:26.867+0000] {logging_mixin.py:188} INFO - [2025-04-04T08:39:26.867+0000] {dag.py:3823} INFO - Setting next_dagrun for example_python_operator to None, run_after=None
[2025-04-04T08:39:26.890+0000] {processor.py:183} INFO - Processing /home/airflow/.local/lib/python3.8/site-packages/airflow/example_dags/example_python_operator.py took 0.075 seconds
[2025-04-04T08:39:57.040+0000] {processor.py:161} INFO - Started process (PID=2381) to work on /home/airflow/.local/lib/python3.8/site-packages/airflow/example_dags/example_python_operator.py
[2025-04-04T08:39:57.042+0000] {processor.py:830} INFO - Processing file /home/airflow/.local/lib/python3.8/site-packages/airflow/example_dags/example_python_operator.py for tasks to queue
[2025-04-04T08:39:57.043+0000] {logging_mixin.py:188} INFO - [2025-04-04T08:39:57.043+0000] {dagbag.py:538} INFO - Filling up the DagBag from /home/airflow/.local/lib/python3.8/site-packages/airflow/example_dags/example_python_operator.py
[2025-04-04T08:39:57.055+0000] {processor.py:840} INFO - DAG(s) 'example_python_operator' retrieved from /home/airflow/.local/lib/python3.8/site-packages/airflow/example_dags/example_python_operator.py
[2025-04-04T08:39:57.082+0000] {logging_mixin.py:188} INFO - [2025-04-04T08:39:57.082+0000] {dag.py:3036} INFO - Sync 1 DAGs
[2025-04-04T08:39:57.100+0000] {logging_mixin.py:188} INFO - [2025-04-04T08:39:57.100+0000] {dag.py:3823} INFO - Setting next_dagrun for example_python_operator to None, run_after=None
[2025-04-04T08:39:57.125+0000] {processor.py:183} INFO - Processing /home/airflow/.local/lib/python3.8/site-packages/airflow/example_dags/example_python_operator.py took 0.088 seconds
[2025-04-04T08:40:28.181+0000] {processor.py:161} INFO - Started process (PID=2630) to work on /home/airflow/.local/lib/python3.8/site-packages/airflow/example_dags/example_python_operator.py
[2025-04-04T08:40:28.182+0000] {processor.py:830} INFO - Processing file /home/airflow/.local/lib/python3.8/site-packages/airflow/example_dags/example_python_operator.py for tasks to queue
[2025-04-04T08:40:28.183+0000] {logging_mixin.py:188} INFO - [2025-04-04T08:40:28.183+0000] {dagbag.py:538} INFO - Filling up the DagBag from /home/airflow/.local/lib/python3.8/site-packages/airflow/example_dags/example_python_operator.py
[2025-04-04T08:40:28.195+0000] {processor.py:840} INFO - DAG(s) 'example_python_operator' retrieved from /home/airflow/.local/lib/python3.8/site-packages/airflow/example_dags/example_python_operator.py
[2025-04-04T08:40:28.218+0000] {logging_mixin.py:188} INFO - [2025-04-04T08:40:28.218+0000] {dag.py:3036} INFO - Sync 1 DAGs
[2025-04-04T08:40:28.230+0000] {logging_mixin.py:188} INFO - [2025-04-04T08:40:28.230+0000] {dag.py:3823} INFO - Setting next_dagrun for example_python_operator to None, run_after=None
[2025-04-04T08:40:28.254+0000] {processor.py:183} INFO - Processing /home/airflow/.local/lib/python3.8/site-packages/airflow/example_dags/example_python_operator.py took 0.076 seconds
[2025-04-04T08:40:58.436+0000] {processor.py:161} INFO - Started process (PID=2877) to work on /home/airflow/.local/lib/python3.8/site-packages/airflow/example_dags/example_python_operator.py
[2025-04-04T08:40:58.437+0000] {processor.py:830} INFO - Processing file /home/airflow/.local/lib/python3.8/site-packages/airflow/example_dags/example_python_operator.py for tasks to queue
[2025-04-04T08:40:58.438+0000] {logging_mixin.py:188} INFO - [2025-04-04T08:40:58.438+0000] {dagbag.py:538} INFO - Filling up the DagBag from /home/airflow/.local/lib/python3.8/site-packages/airflow/example_dags/example_python_operator.py
[2025-04-04T08:40:58.448+0000] {processor.py:840} INFO - DAG(s) 'example_python_operator' retrieved from /home/airflow/.local/lib/python3.8/site-packages/airflow/example_dags/example_python_operator.py
[2025-04-04T08:40:58.472+0000] {logging_mixin.py:188} INFO - [2025-04-04T08:40:58.472+0000] {dag.py:3036} INFO - Sync 1 DAGs
[2025-04-04T08:40:58.485+0000] {logging_mixin.py:188} INFO - [2025-04-04T08:40:58.484+0000] {dag.py:3823} INFO - Setting next_dagrun for example_python_operator to None, run_after=None
[2025-04-04T08:40:58.504+0000] {processor.py:183} INFO - Processing /home/airflow/.local/lib/python3.8/site-packages/airflow/example_dags/example_python_operator.py took 0.071 seconds
[2025-04-04T08:43:04.588+0000] {processor.py:161} INFO - Started process (PID=395) to work on /home/airflow/.local/lib/python3.8/site-packages/airflow/example_dags/example_python_operator.py
[2025-04-04T08:43:04.590+0000] {processor.py:830} INFO - Processing file /home/airflow/.local/lib/python3.8/site-packages/airflow/example_dags/example_python_operator.py for tasks to queue
[2025-04-04T08:43:04.591+0000] {logging_mixin.py:188} INFO - [2025-04-04T08:43:04.591+0000] {dagbag.py:538} INFO - Filling up the DagBag from /home/airflow/.local/lib/python3.8/site-packages/airflow/example_dags/example_python_operator.py
[2025-04-04T08:43:04.601+0000] {processor.py:840} INFO - DAG(s) 'example_python_operator' retrieved from /home/airflow/.local/lib/python3.8/site-packages/airflow/example_dags/example_python_operator.py
[2025-04-04T08:43:04.618+0000] {logging_mixin.py:188} INFO - [2025-04-04T08:43:04.617+0000] {dag.py:3036} INFO - Sync 1 DAGs
[2025-04-04T08:43:04.633+0000] {logging_mixin.py:188} INFO - [2025-04-04T08:43:04.633+0000] {dag.py:3823} INFO - Setting next_dagrun for example_python_operator to None, run_after=None
[2025-04-04T08:43:04.657+0000] {processor.py:183} INFO - Processing /home/airflow/.local/lib/python3.8/site-packages/airflow/example_dags/example_python_operator.py took 0.072 seconds
[2025-04-04T08:43:37.394+0000] {processor.py:161} INFO - Started process (PID=640) to work on /home/airflow/.local/lib/python3.8/site-packages/airflow/example_dags/example_python_operator.py
[2025-04-04T08:43:37.395+0000] {processor.py:830} INFO - Processing file /home/airflow/.local/lib/python3.8/site-packages/airflow/example_dags/example_python_operator.py for tasks to queue
[2025-04-04T08:43:37.397+0000] {logging_mixin.py:188} INFO - [2025-04-04T08:43:37.396+0000] {dagbag.py:538} INFO - Filling up the DagBag from /home/airflow/.local/lib/python3.8/site-packages/airflow/example_dags/example_python_operator.py
[2025-04-04T08:43:37.409+0000] {processor.py:840} INFO - DAG(s) 'example_python_operator' retrieved from /home/airflow/.local/lib/python3.8/site-packages/airflow/example_dags/example_python_operator.py
[2025-04-04T08:43:37.533+0000] {logging_mixin.py:188} INFO - [2025-04-04T08:43:37.533+0000] {dag.py:3036} INFO - Sync 1 DAGs
[2025-04-04T08:43:37.546+0000] {logging_mixin.py:188} INFO - [2025-04-04T08:43:37.546+0000] {dag.py:3823} INFO - Setting next_dagrun for example_python_operator to None, run_after=None
[2025-04-04T08:43:37.571+0000] {processor.py:183} INFO - Processing /home/airflow/.local/lib/python3.8/site-packages/airflow/example_dags/example_python_operator.py took 0.182 seconds
[2025-04-04T08:44:07.899+0000] {processor.py:161} INFO - Started process (PID=887) to work on /home/airflow/.local/lib/python3.8/site-packages/airflow/example_dags/example_python_operator.py
[2025-04-04T08:44:07.900+0000] {processor.py:830} INFO - Processing file /home/airflow/.local/lib/python3.8/site-packages/airflow/example_dags/example_python_operator.py for tasks to queue
[2025-04-04T08:44:07.901+0000] {logging_mixin.py:188} INFO - [2025-04-04T08:44:07.901+0000] {dagbag.py:538} INFO - Filling up the DagBag from /home/airflow/.local/lib/python3.8/site-packages/airflow/example_dags/example_python_operator.py
[2025-04-04T08:44:07.913+0000] {processor.py:840} INFO - DAG(s) 'example_python_operator' retrieved from /home/airflow/.local/lib/python3.8/site-packages/airflow/example_dags/example_python_operator.py
[2025-04-04T08:44:07.940+0000] {logging_mixin.py:188} INFO - [2025-04-04T08:44:07.940+0000] {dag.py:3036} INFO - Sync 1 DAGs
[2025-04-04T08:44:07.955+0000] {logging_mixin.py:188} INFO - [2025-04-04T08:44:07.955+0000] {dag.py:3823} INFO - Setting next_dagrun for example_python_operator to None, run_after=None
[2025-04-04T08:44:07.978+0000] {processor.py:183} INFO - Processing /home/airflow/.local/lib/python3.8/site-packages/airflow/example_dags/example_python_operator.py took 0.083 seconds
[2025-04-04T08:44:38.519+0000] {processor.py:161} INFO - Started process (PID=1134) to work on /home/airflow/.local/lib/python3.8/site-packages/airflow/example_dags/example_python_operator.py
[2025-04-04T08:44:38.520+0000] {processor.py:830} INFO - Processing file /home/airflow/.local/lib/python3.8/site-packages/airflow/example_dags/example_python_operator.py for tasks to queue
[2025-04-04T08:44:38.522+0000] {logging_mixin.py:188} INFO - [2025-04-04T08:44:38.521+0000] {dagbag.py:538} INFO - Filling up the DagBag from /home/airflow/.local/lib/python3.8/site-packages/airflow/example_dags/example_python_operator.py
[2025-04-04T08:44:38.531+0000] {processor.py:840} INFO - DAG(s) 'example_python_operator' retrieved from /home/airflow/.local/lib/python3.8/site-packages/airflow/example_dags/example_python_operator.py
[2025-04-04T08:44:38.555+0000] {logging_mixin.py:188} INFO - [2025-04-04T08:44:38.555+0000] {dag.py:3036} INFO - Sync 1 DAGs
[2025-04-04T08:44:38.568+0000] {logging_mixin.py:188} INFO - [2025-04-04T08:44:38.568+0000] {dag.py:3823} INFO - Setting next_dagrun for example_python_operator to None, run_after=None
[2025-04-04T08:44:38.593+0000] {processor.py:183} INFO - Processing /home/airflow/.local/lib/python3.8/site-packages/airflow/example_dags/example_python_operator.py took 0.077 seconds
[2025-04-04T08:45:09.350+0000] {processor.py:161} INFO - Started process (PID=1381) to work on /home/airflow/.local/lib/python3.8/site-packages/airflow/example_dags/example_python_operator.py
[2025-04-04T08:45:09.351+0000] {processor.py:830} INFO - Processing file /home/airflow/.local/lib/python3.8/site-packages/airflow/example_dags/example_python_operator.py for tasks to queue
[2025-04-04T08:45:09.352+0000] {logging_mixin.py:188} INFO - [2025-04-04T08:45:09.352+0000] {dagbag.py:538} INFO - Filling up the DagBag from /home/airflow/.local/lib/python3.8/site-packages/airflow/example_dags/example_python_operator.py
[2025-04-04T08:45:09.366+0000] {processor.py:840} INFO - DAG(s) 'example_python_operator' retrieved from /home/airflow/.local/lib/python3.8/site-packages/airflow/example_dags/example_python_operator.py
[2025-04-04T08:45:09.393+0000] {logging_mixin.py:188} INFO - [2025-04-04T08:45:09.393+0000] {dag.py:3036} INFO - Sync 1 DAGs
[2025-04-04T08:45:09.408+0000] {logging_mixin.py:188} INFO - [2025-04-04T08:45:09.408+0000] {dag.py:3823} INFO - Setting next_dagrun for example_python_operator to None, run_after=None
[2025-04-04T08:45:09.435+0000] {processor.py:183} INFO - Processing /home/airflow/.local/lib/python3.8/site-packages/airflow/example_dags/example_python_operator.py took 0.090 seconds
[2025-04-04T08:45:39.493+0000] {processor.py:161} INFO - Started process (PID=1628) to work on /home/airflow/.local/lib/python3.8/site-packages/airflow/example_dags/example_python_operator.py
[2025-04-04T08:45:39.494+0000] {processor.py:830} INFO - Processing file /home/airflow/.local/lib/python3.8/site-packages/airflow/example_dags/example_python_operator.py for tasks to queue
[2025-04-04T08:45:39.496+0000] {logging_mixin.py:188} INFO - [2025-04-04T08:45:39.495+0000] {dagbag.py:538} INFO - Filling up the DagBag from /home/airflow/.local/lib/python3.8/site-packages/airflow/example_dags/example_python_operator.py
[2025-04-04T08:45:39.507+0000] {processor.py:840} INFO - DAG(s) 'example_python_operator' retrieved from /home/airflow/.local/lib/python3.8/site-packages/airflow/example_dags/example_python_operator.py
[2025-04-04T08:45:39.531+0000] {logging_mixin.py:188} INFO - [2025-04-04T08:45:39.531+0000] {dag.py:3036} INFO - Sync 1 DAGs
[2025-04-04T08:45:39.544+0000] {logging_mixin.py:188} INFO - [2025-04-04T08:45:39.544+0000] {dag.py:3823} INFO - Setting next_dagrun for example_python_operator to None, run_after=None
[2025-04-04T08:45:39.568+0000] {processor.py:183} INFO - Processing /home/airflow/.local/lib/python3.8/site-packages/airflow/example_dags/example_python_operator.py took 0.078 seconds
[2025-04-04T08:46:09.777+0000] {processor.py:161} INFO - Started process (PID=1875) to work on /home/airflow/.local/lib/python3.8/site-packages/airflow/example_dags/example_python_operator.py
[2025-04-04T08:46:09.779+0000] {processor.py:830} INFO - Processing file /home/airflow/.local/lib/python3.8/site-packages/airflow/example_dags/example_python_operator.py for tasks to queue
[2025-04-04T08:46:09.780+0000] {logging_mixin.py:188} INFO - [2025-04-04T08:46:09.780+0000] {dagbag.py:538} INFO - Filling up the DagBag from /home/airflow/.local/lib/python3.8/site-packages/airflow/example_dags/example_python_operator.py
[2025-04-04T08:46:09.793+0000] {processor.py:840} INFO - DAG(s) 'example_python_operator' retrieved from /home/airflow/.local/lib/python3.8/site-packages/airflow/example_dags/example_python_operator.py
[2025-04-04T08:46:09.822+0000] {logging_mixin.py:188} INFO - [2025-04-04T08:46:09.821+0000] {dag.py:3036} INFO - Sync 1 DAGs
[2025-04-04T08:46:09.836+0000] {logging_mixin.py:188} INFO - [2025-04-04T08:46:09.836+0000] {dag.py:3823} INFO - Setting next_dagrun for example_python_operator to None, run_after=None
[2025-04-04T08:46:09.862+0000] {processor.py:183} INFO - Processing /home/airflow/.local/lib/python3.8/site-packages/airflow/example_dags/example_python_operator.py took 0.089 seconds
[2025-04-04T08:50:26.168+0000] {processor.py:161} INFO - Started process (PID=402) to work on /home/airflow/.local/lib/python3.8/site-packages/airflow/example_dags/example_python_operator.py
[2025-04-04T08:50:26.170+0000] {processor.py:830} INFO - Processing file /home/airflow/.local/lib/python3.8/site-packages/airflow/example_dags/example_python_operator.py for tasks to queue
[2025-04-04T08:50:26.171+0000] {logging_mixin.py:188} INFO - [2025-04-04T08:50:26.171+0000] {dagbag.py:538} INFO - Filling up the DagBag from /home/airflow/.local/lib/python3.8/site-packages/airflow/example_dags/example_python_operator.py
[2025-04-04T08:50:26.191+0000] {processor.py:840} INFO - DAG(s) 'example_python_operator' retrieved from /home/airflow/.local/lib/python3.8/site-packages/airflow/example_dags/example_python_operator.py
[2025-04-04T08:50:26.207+0000] {logging_mixin.py:188} INFO - [2025-04-04T08:50:26.206+0000] {dag.py:3036} INFO - Sync 1 DAGs
[2025-04-04T08:50:26.222+0000] {logging_mixin.py:188} INFO - [2025-04-04T08:50:26.221+0000] {dag.py:3823} INFO - Setting next_dagrun for example_python_operator to None, run_after=None
[2025-04-04T08:50:26.241+0000] {processor.py:183} INFO - Processing /home/airflow/.local/lib/python3.8/site-packages/airflow/example_dags/example_python_operator.py took 0.078 seconds
[2025-04-04T08:50:58.206+0000] {processor.py:161} INFO - Started process (PID=647) to work on /home/airflow/.local/lib/python3.8/site-packages/airflow/example_dags/example_python_operator.py
[2025-04-04T08:50:58.208+0000] {processor.py:830} INFO - Processing file /home/airflow/.local/lib/python3.8/site-packages/airflow/example_dags/example_python_operator.py for tasks to queue
[2025-04-04T08:50:58.210+0000] {logging_mixin.py:188} INFO - [2025-04-04T08:50:58.209+0000] {dagbag.py:538} INFO - Filling up the DagBag from /home/airflow/.local/lib/python3.8/site-packages/airflow/example_dags/example_python_operator.py
[2025-04-04T08:50:58.220+0000] {processor.py:840} INFO - DAG(s) 'example_python_operator' retrieved from /home/airflow/.local/lib/python3.8/site-packages/airflow/example_dags/example_python_operator.py
[2025-04-04T08:50:58.321+0000] {logging_mixin.py:188} INFO - [2025-04-04T08:50:58.321+0000] {dag.py:3036} INFO - Sync 1 DAGs
[2025-04-04T08:50:58.332+0000] {logging_mixin.py:188} INFO - [2025-04-04T08:50:58.332+0000] {dag.py:3823} INFO - Setting next_dagrun for example_python_operator to None, run_after=None
[2025-04-04T08:50:58.352+0000] {processor.py:183} INFO - Processing /home/airflow/.local/lib/python3.8/site-packages/airflow/example_dags/example_python_operator.py took 0.149 seconds
[2025-04-04T08:51:28.851+0000] {processor.py:161} INFO - Started process (PID=894) to work on /home/airflow/.local/lib/python3.8/site-packages/airflow/example_dags/example_python_operator.py
[2025-04-04T08:51:28.852+0000] {processor.py:830} INFO - Processing file /home/airflow/.local/lib/python3.8/site-packages/airflow/example_dags/example_python_operator.py for tasks to queue
[2025-04-04T08:51:28.853+0000] {logging_mixin.py:188} INFO - [2025-04-04T08:51:28.853+0000] {dagbag.py:538} INFO - Filling up the DagBag from /home/airflow/.local/lib/python3.8/site-packages/airflow/example_dags/example_python_operator.py
[2025-04-04T08:51:28.865+0000] {processor.py:840} INFO - DAG(s) 'example_python_operator' retrieved from /home/airflow/.local/lib/python3.8/site-packages/airflow/example_dags/example_python_operator.py
[2025-04-04T08:51:28.891+0000] {logging_mixin.py:188} INFO - [2025-04-04T08:51:28.890+0000] {dag.py:3036} INFO - Sync 1 DAGs
[2025-04-04T08:51:28.908+0000] {logging_mixin.py:188} INFO - [2025-04-04T08:51:28.908+0000] {dag.py:3823} INFO - Setting next_dagrun for example_python_operator to None, run_after=None
[2025-04-04T08:51:28.936+0000] {processor.py:183} INFO - Processing /home/airflow/.local/lib/python3.8/site-packages/airflow/example_dags/example_python_operator.py took 0.089 seconds
[2025-04-04T08:52:00.359+0000] {processor.py:161} INFO - Started process (PID=1141) to work on /home/airflow/.local/lib/python3.8/site-packages/airflow/example_dags/example_python_operator.py
[2025-04-04T08:52:00.362+0000] {processor.py:830} INFO - Processing file /home/airflow/.local/lib/python3.8/site-packages/airflow/example_dags/example_python_operator.py for tasks to queue
[2025-04-04T08:52:00.363+0000] {logging_mixin.py:188} INFO - [2025-04-04T08:52:00.363+0000] {dagbag.py:538} INFO - Filling up the DagBag from /home/airflow/.local/lib/python3.8/site-packages/airflow/example_dags/example_python_operator.py
[2025-04-04T08:52:00.377+0000] {processor.py:840} INFO - DAG(s) 'example_python_operator' retrieved from /home/airflow/.local/lib/python3.8/site-packages/airflow/example_dags/example_python_operator.py
[2025-04-04T08:52:00.403+0000] {logging_mixin.py:188} INFO - [2025-04-04T08:52:00.402+0000] {dag.py:3036} INFO - Sync 1 DAGs
[2025-04-04T08:52:00.419+0000] {logging_mixin.py:188} INFO - [2025-04-04T08:52:00.418+0000] {dag.py:3823} INFO - Setting next_dagrun for example_python_operator to None, run_after=None
[2025-04-04T08:52:00.445+0000] {processor.py:183} INFO - Processing /home/airflow/.local/lib/python3.8/site-packages/airflow/example_dags/example_python_operator.py took 0.091 seconds
[2025-04-04T08:52:30.891+0000] {processor.py:161} INFO - Started process (PID=1388) to work on /home/airflow/.local/lib/python3.8/site-packages/airflow/example_dags/example_python_operator.py
[2025-04-04T08:52:30.892+0000] {processor.py:830} INFO - Processing file /home/airflow/.local/lib/python3.8/site-packages/airflow/example_dags/example_python_operator.py for tasks to queue
[2025-04-04T08:52:30.893+0000] {logging_mixin.py:188} INFO - [2025-04-04T08:52:30.893+0000] {dagbag.py:538} INFO - Filling up the DagBag from /home/airflow/.local/lib/python3.8/site-packages/airflow/example_dags/example_python_operator.py
[2025-04-04T08:52:30.905+0000] {processor.py:840} INFO - DAG(s) 'example_python_operator' retrieved from /home/airflow/.local/lib/python3.8/site-packages/airflow/example_dags/example_python_operator.py
[2025-04-04T08:52:30.930+0000] {logging_mixin.py:188} INFO - [2025-04-04T08:52:30.930+0000] {dag.py:3036} INFO - Sync 1 DAGs
[2025-04-04T08:52:30.944+0000] {logging_mixin.py:188} INFO - [2025-04-04T08:52:30.943+0000] {dag.py:3823} INFO - Setting next_dagrun for example_python_operator to None, run_after=None
[2025-04-04T08:52:30.971+0000] {processor.py:183} INFO - Processing /home/airflow/.local/lib/python3.8/site-packages/airflow/example_dags/example_python_operator.py took 0.083 seconds
[2025-04-04T08:53:01.514+0000] {processor.py:161} INFO - Started process (PID=1635) to work on /home/airflow/.local/lib/python3.8/site-packages/airflow/example_dags/example_python_operator.py
[2025-04-04T08:53:01.515+0000] {processor.py:830} INFO - Processing file /home/airflow/.local/lib/python3.8/site-packages/airflow/example_dags/example_python_operator.py for tasks to queue
[2025-04-04T08:53:01.517+0000] {logging_mixin.py:188} INFO - [2025-04-04T08:53:01.516+0000] {dagbag.py:538} INFO - Filling up the DagBag from /home/airflow/.local/lib/python3.8/site-packages/airflow/example_dags/example_python_operator.py
[2025-04-04T08:53:01.529+0000] {processor.py:840} INFO - DAG(s) 'example_python_operator' retrieved from /home/airflow/.local/lib/python3.8/site-packages/airflow/example_dags/example_python_operator.py
[2025-04-04T08:53:01.552+0000] {logging_mixin.py:188} INFO - [2025-04-04T08:53:01.551+0000] {dag.py:3036} INFO - Sync 1 DAGs
[2025-04-04T08:53:01.563+0000] {logging_mixin.py:188} INFO - [2025-04-04T08:53:01.563+0000] {dag.py:3823} INFO - Setting next_dagrun for example_python_operator to None, run_after=None
[2025-04-04T08:53:01.586+0000] {processor.py:183} INFO - Processing /home/airflow/.local/lib/python3.8/site-packages/airflow/example_dags/example_python_operator.py took 0.076 seconds
[2025-04-04T08:53:32.596+0000] {processor.py:161} INFO - Started process (PID=1882) to work on /home/airflow/.local/lib/python3.8/site-packages/airflow/example_dags/example_python_operator.py
[2025-04-04T08:53:32.599+0000] {processor.py:830} INFO - Processing file /home/airflow/.local/lib/python3.8/site-packages/airflow/example_dags/example_python_operator.py for tasks to queue
[2025-04-04T08:53:32.600+0000] {logging_mixin.py:188} INFO - [2025-04-04T08:53:32.600+0000] {dagbag.py:538} INFO - Filling up the DagBag from /home/airflow/.local/lib/python3.8/site-packages/airflow/example_dags/example_python_operator.py
[2025-04-04T08:53:32.613+0000] {processor.py:840} INFO - DAG(s) 'example_python_operator' retrieved from /home/airflow/.local/lib/python3.8/site-packages/airflow/example_dags/example_python_operator.py
[2025-04-04T08:53:32.640+0000] {logging_mixin.py:188} INFO - [2025-04-04T08:53:32.640+0000] {dag.py:3036} INFO - Sync 1 DAGs
[2025-04-04T08:53:32.654+0000] {logging_mixin.py:188} INFO - [2025-04-04T08:53:32.654+0000] {dag.py:3823} INFO - Setting next_dagrun for example_python_operator to None, run_after=None
[2025-04-04T08:53:32.679+0000] {processor.py:183} INFO - Processing /home/airflow/.local/lib/python3.8/site-packages/airflow/example_dags/example_python_operator.py took 0.087 seconds
[2025-04-04T08:54:02.941+0000] {processor.py:161} INFO - Started process (PID=2129) to work on /home/airflow/.local/lib/python3.8/site-packages/airflow/example_dags/example_python_operator.py
[2025-04-04T08:54:02.943+0000] {processor.py:830} INFO - Processing file /home/airflow/.local/lib/python3.8/site-packages/airflow/example_dags/example_python_operator.py for tasks to queue
[2025-04-04T08:54:02.944+0000] {logging_mixin.py:188} INFO - [2025-04-04T08:54:02.944+0000] {dagbag.py:538} INFO - Filling up the DagBag from /home/airflow/.local/lib/python3.8/site-packages/airflow/example_dags/example_python_operator.py
[2025-04-04T08:54:02.954+0000] {processor.py:840} INFO - DAG(s) 'example_python_operator' retrieved from /home/airflow/.local/lib/python3.8/site-packages/airflow/example_dags/example_python_operator.py
[2025-04-04T08:54:02.977+0000] {logging_mixin.py:188} INFO - [2025-04-04T08:54:02.976+0000] {dag.py:3036} INFO - Sync 1 DAGs
[2025-04-04T08:54:02.990+0000] {logging_mixin.py:188} INFO - [2025-04-04T08:54:02.990+0000] {dag.py:3823} INFO - Setting next_dagrun for example_python_operator to None, run_after=None
[2025-04-04T08:54:03.014+0000] {processor.py:183} INFO - Processing /home/airflow/.local/lib/python3.8/site-packages/airflow/example_dags/example_python_operator.py took 0.076 seconds
[2025-04-04T08:54:34.254+0000] {processor.py:161} INFO - Started process (PID=2376) to work on /home/airflow/.local/lib/python3.8/site-packages/airflow/example_dags/example_python_operator.py
[2025-04-04T08:54:34.255+0000] {processor.py:830} INFO - Processing file /home/airflow/.local/lib/python3.8/site-packages/airflow/example_dags/example_python_operator.py for tasks to queue
[2025-04-04T08:54:34.257+0000] {logging_mixin.py:188} INFO - [2025-04-04T08:54:34.257+0000] {dagbag.py:538} INFO - Filling up the DagBag from /home/airflow/.local/lib/python3.8/site-packages/airflow/example_dags/example_python_operator.py
[2025-04-04T08:54:34.271+0000] {processor.py:840} INFO - DAG(s) 'example_python_operator' retrieved from /home/airflow/.local/lib/python3.8/site-packages/airflow/example_dags/example_python_operator.py
[2025-04-04T08:54:34.308+0000] {logging_mixin.py:188} INFO - [2025-04-04T08:54:34.308+0000] {dag.py:3036} INFO - Sync 1 DAGs
[2025-04-04T08:54:34.327+0000] {logging_mixin.py:188} INFO - [2025-04-04T08:54:34.327+0000] {dag.py:3823} INFO - Setting next_dagrun for example_python_operator to None, run_after=None
[2025-04-04T08:54:34.356+0000] {processor.py:183} INFO - Processing /home/airflow/.local/lib/python3.8/site-packages/airflow/example_dags/example_python_operator.py took 0.106 seconds
[2025-04-04T08:55:04.781+0000] {processor.py:161} INFO - Started process (PID=2623) to work on /home/airflow/.local/lib/python3.8/site-packages/airflow/example_dags/example_python_operator.py
[2025-04-04T08:55:04.783+0000] {processor.py:830} INFO - Processing file /home/airflow/.local/lib/python3.8/site-packages/airflow/example_dags/example_python_operator.py for tasks to queue
[2025-04-04T08:55:04.784+0000] {logging_mixin.py:188} INFO - [2025-04-04T08:55:04.784+0000] {dagbag.py:538} INFO - Filling up the DagBag from /home/airflow/.local/lib/python3.8/site-packages/airflow/example_dags/example_python_operator.py
[2025-04-04T08:55:04.796+0000] {processor.py:840} INFO - DAG(s) 'example_python_operator' retrieved from /home/airflow/.local/lib/python3.8/site-packages/airflow/example_dags/example_python_operator.py
[2025-04-04T08:55:04.820+0000] {logging_mixin.py:188} INFO - [2025-04-04T08:55:04.820+0000] {dag.py:3036} INFO - Sync 1 DAGs
[2025-04-04T08:55:04.834+0000] {logging_mixin.py:188} INFO - [2025-04-04T08:55:04.834+0000] {dag.py:3823} INFO - Setting next_dagrun for example_python_operator to None, run_after=None
[2025-04-04T08:55:04.858+0000] {processor.py:183} INFO - Processing /home/airflow/.local/lib/python3.8/site-packages/airflow/example_dags/example_python_operator.py took 0.082 seconds
[2025-04-04T08:55:35.404+0000] {processor.py:161} INFO - Started process (PID=2870) to work on /home/airflow/.local/lib/python3.8/site-packages/airflow/example_dags/example_python_operator.py
[2025-04-04T08:55:35.406+0000] {processor.py:830} INFO - Processing file /home/airflow/.local/lib/python3.8/site-packages/airflow/example_dags/example_python_operator.py for tasks to queue
[2025-04-04T08:55:35.407+0000] {logging_mixin.py:188} INFO - [2025-04-04T08:55:35.406+0000] {dagbag.py:538} INFO - Filling up the DagBag from /home/airflow/.local/lib/python3.8/site-packages/airflow/example_dags/example_python_operator.py
[2025-04-04T08:55:35.419+0000] {processor.py:840} INFO - DAG(s) 'example_python_operator' retrieved from /home/airflow/.local/lib/python3.8/site-packages/airflow/example_dags/example_python_operator.py
[2025-04-04T08:55:35.444+0000] {logging_mixin.py:188} INFO - [2025-04-04T08:55:35.443+0000] {dag.py:3036} INFO - Sync 1 DAGs
[2025-04-04T08:55:35.458+0000] {logging_mixin.py:188} INFO - [2025-04-04T08:55:35.458+0000] {dag.py:3823} INFO - Setting next_dagrun for example_python_operator to None, run_after=None
[2025-04-04T08:55:35.491+0000] {processor.py:183} INFO - Processing /home/airflow/.local/lib/python3.8/site-packages/airflow/example_dags/example_python_operator.py took 0.091 seconds
[2025-04-04T09:14:19.031+0000] {processor.py:161} INFO - Started process (PID=420) to work on /home/airflow/.local/lib/python3.8/site-packages/airflow/example_dags/example_python_operator.py
[2025-04-04T09:14:19.033+0000] {processor.py:830} INFO - Processing file /home/airflow/.local/lib/python3.8/site-packages/airflow/example_dags/example_python_operator.py for tasks to queue
[2025-04-04T09:14:19.035+0000] {logging_mixin.py:188} INFO - [2025-04-04T09:14:19.034+0000] {dagbag.py:538} INFO - Filling up the DagBag from /home/airflow/.local/lib/python3.8/site-packages/airflow/example_dags/example_python_operator.py
[2025-04-04T09:14:19.054+0000] {processor.py:840} INFO - DAG(s) 'example_python_operator' retrieved from /home/airflow/.local/lib/python3.8/site-packages/airflow/example_dags/example_python_operator.py
[2025-04-04T09:14:19.330+0000] {logging_mixin.py:188} INFO - [2025-04-04T09:14:19.330+0000] {dag.py:3036} INFO - Sync 1 DAGs
[2025-04-04T09:14:19.351+0000] {logging_mixin.py:188} INFO - [2025-04-04T09:14:19.350+0000] {dag.py:3823} INFO - Setting next_dagrun for example_python_operator to None, run_after=None
[2025-04-04T09:14:19.394+0000] {processor.py:183} INFO - Processing /home/airflow/.local/lib/python3.8/site-packages/airflow/example_dags/example_python_operator.py took 0.368 seconds
[2025-04-04T09:14:49.598+0000] {processor.py:161} INFO - Started process (PID=667) to work on /home/airflow/.local/lib/python3.8/site-packages/airflow/example_dags/example_python_operator.py
[2025-04-04T09:14:49.600+0000] {processor.py:830} INFO - Processing file /home/airflow/.local/lib/python3.8/site-packages/airflow/example_dags/example_python_operator.py for tasks to queue
[2025-04-04T09:14:49.601+0000] {logging_mixin.py:188} INFO - [2025-04-04T09:14:49.601+0000] {dagbag.py:538} INFO - Filling up the DagBag from /home/airflow/.local/lib/python3.8/site-packages/airflow/example_dags/example_python_operator.py
[2025-04-04T09:14:49.614+0000] {processor.py:840} INFO - DAG(s) 'example_python_operator' retrieved from /home/airflow/.local/lib/python3.8/site-packages/airflow/example_dags/example_python_operator.py
[2025-04-04T09:14:49.641+0000] {logging_mixin.py:188} INFO - [2025-04-04T09:14:49.640+0000] {dag.py:3036} INFO - Sync 1 DAGs
[2025-04-04T09:14:49.664+0000] {logging_mixin.py:188} INFO - [2025-04-04T09:14:49.664+0000] {dag.py:3823} INFO - Setting next_dagrun for example_python_operator to None, run_after=None
[2025-04-04T09:14:49.700+0000] {processor.py:183} INFO - Processing /home/airflow/.local/lib/python3.8/site-packages/airflow/example_dags/example_python_operator.py took 0.106 seconds
[2025-04-04T09:15:19.955+0000] {processor.py:161} INFO - Started process (PID=919) to work on /home/airflow/.local/lib/python3.8/site-packages/airflow/example_dags/example_python_operator.py
[2025-04-04T09:15:19.957+0000] {processor.py:830} INFO - Processing file /home/airflow/.local/lib/python3.8/site-packages/airflow/example_dags/example_python_operator.py for tasks to queue
[2025-04-04T09:15:19.958+0000] {logging_mixin.py:188} INFO - [2025-04-04T09:15:19.958+0000] {dagbag.py:538} INFO - Filling up the DagBag from /home/airflow/.local/lib/python3.8/site-packages/airflow/example_dags/example_python_operator.py
[2025-04-04T09:15:19.971+0000] {processor.py:840} INFO - DAG(s) 'example_python_operator' retrieved from /home/airflow/.local/lib/python3.8/site-packages/airflow/example_dags/example_python_operator.py
[2025-04-04T09:15:19.997+0000] {logging_mixin.py:188} INFO - [2025-04-04T09:15:19.997+0000] {dag.py:3036} INFO - Sync 1 DAGs
[2025-04-04T09:15:20.013+0000] {logging_mixin.py:188} INFO - [2025-04-04T09:15:20.012+0000] {dag.py:3823} INFO - Setting next_dagrun for example_python_operator to None, run_after=None
[2025-04-04T09:15:20.038+0000] {processor.py:183} INFO - Processing /home/airflow/.local/lib/python3.8/site-packages/airflow/example_dags/example_python_operator.py took 0.085 seconds
[2025-04-04T09:15:50.438+0000] {processor.py:161} INFO - Started process (PID=1161) to work on /home/airflow/.local/lib/python3.8/site-packages/airflow/example_dags/example_python_operator.py
[2025-04-04T09:15:50.439+0000] {processor.py:830} INFO - Processing file /home/airflow/.local/lib/python3.8/site-packages/airflow/example_dags/example_python_operator.py for tasks to queue
[2025-04-04T09:15:50.441+0000] {logging_mixin.py:188} INFO - [2025-04-04T09:15:50.440+0000] {dagbag.py:538} INFO - Filling up the DagBag from /home/airflow/.local/lib/python3.8/site-packages/airflow/example_dags/example_python_operator.py
[2025-04-04T09:15:50.454+0000] {processor.py:840} INFO - DAG(s) 'example_python_operator' retrieved from /home/airflow/.local/lib/python3.8/site-packages/airflow/example_dags/example_python_operator.py
[2025-04-04T09:15:50.483+0000] {logging_mixin.py:188} INFO - [2025-04-04T09:15:50.483+0000] {dag.py:3036} INFO - Sync 1 DAGs
[2025-04-04T09:15:50.498+0000] {logging_mixin.py:188} INFO - [2025-04-04T09:15:50.498+0000] {dag.py:3823} INFO - Setting next_dagrun for example_python_operator to None, run_after=None
[2025-04-04T09:15:50.522+0000] {processor.py:183} INFO - Processing /home/airflow/.local/lib/python3.8/site-packages/airflow/example_dags/example_python_operator.py took 0.089 seconds
