[2025-04-04T08:35:46.321+0000] {processor.py:161} INFO - Started process (PID=295) to work on /home/airflow/.local/lib/python3.8/site-packages/airflow/example_dags/example_task_group.py
[2025-04-04T08:35:46.332+0000] {processor.py:830} INFO - Processing file /home/airflow/.local/lib/python3.8/site-packages/airflow/example_dags/example_task_group.py for tasks to queue
[2025-04-04T08:35:46.336+0000] {logging_mixin.py:188} INFO - [2025-04-04T08:35:46.335+0000] {dagbag.py:538} INFO - Filling up the DagBag from /home/airflow/.local/lib/python3.8/site-packages/airflow/example_dags/example_task_group.py
[2025-04-04T08:35:46.384+0000] {processor.py:840} INFO - DAG(s) 'example_task_group' retrieved from /home/airflow/.local/lib/python3.8/site-packages/airflow/example_dags/example_task_group.py
[2025-04-04T08:35:47.335+0000] {logging_mixin.py:188} INFO - [2025-04-04T08:35:47.333+0000] {override.py:1769} INFO - Created Permission View: can edit on DAG:example_task_group
[2025-04-04T08:35:47.372+0000] {logging_mixin.py:188} INFO - [2025-04-04T08:35:47.371+0000] {override.py:1769} INFO - Created Permission View: can read on DAG:example_task_group
[2025-04-04T08:35:47.403+0000] {logging_mixin.py:188} INFO - [2025-04-04T08:35:47.402+0000] {override.py:1769} INFO - Created Permission View: can delete on DAG:example_task_group
[2025-04-04T08:35:47.405+0000] {logging_mixin.py:188} INFO - [2025-04-04T08:35:47.404+0000] {dag.py:3036} INFO - Sync 1 DAGs
[2025-04-04T08:35:47.459+0000] {logging_mixin.py:188} INFO - [2025-04-04T08:35:47.458+0000] {dag.py:3058} INFO - Creating ORM DAG for example_task_group
[2025-04-04T08:35:47.505+0000] {logging_mixin.py:188} INFO - [2025-04-04T08:35:47.504+0000] {dag.py:3823} INFO - Setting next_dagrun for example_task_group to 2025-04-03 00:00:00+00:00, run_after=2025-04-04 00:00:00+00:00
[2025-04-04T08:35:48.299+0000] {processor.py:183} INFO - Processing /home/airflow/.local/lib/python3.8/site-packages/airflow/example_dags/example_task_group.py took 1.995 seconds
[2025-04-04T08:36:18.933+0000] {processor.py:161} INFO - Started process (PID=544) to work on /home/airflow/.local/lib/python3.8/site-packages/airflow/example_dags/example_task_group.py
[2025-04-04T08:36:18.934+0000] {processor.py:830} INFO - Processing file /home/airflow/.local/lib/python3.8/site-packages/airflow/example_dags/example_task_group.py for tasks to queue
[2025-04-04T08:36:18.935+0000] {logging_mixin.py:188} INFO - [2025-04-04T08:36:18.935+0000] {dagbag.py:538} INFO - Filling up the DagBag from /home/airflow/.local/lib/python3.8/site-packages/airflow/example_dags/example_task_group.py
[2025-04-04T08:36:18.943+0000] {processor.py:840} INFO - DAG(s) 'example_task_group' retrieved from /home/airflow/.local/lib/python3.8/site-packages/airflow/example_dags/example_task_group.py
[2025-04-04T08:36:18.967+0000] {logging_mixin.py:188} INFO - [2025-04-04T08:36:18.967+0000] {dag.py:3036} INFO - Sync 1 DAGs
[2025-04-04T08:36:18.990+0000] {logging_mixin.py:188} INFO - [2025-04-04T08:36:18.990+0000] {dag.py:3823} INFO - Setting next_dagrun for example_task_group to 2025-04-03 00:00:00+00:00, run_after=2025-04-04 00:00:00+00:00
[2025-04-04T08:36:19.013+0000] {processor.py:183} INFO - Processing /home/airflow/.local/lib/python3.8/site-packages/airflow/example_dags/example_task_group.py took 0.083 seconds
[2025-04-04T08:36:49.634+0000] {processor.py:161} INFO - Started process (PID=791) to work on /home/airflow/.local/lib/python3.8/site-packages/airflow/example_dags/example_task_group.py
[2025-04-04T08:36:49.636+0000] {processor.py:830} INFO - Processing file /home/airflow/.local/lib/python3.8/site-packages/airflow/example_dags/example_task_group.py for tasks to queue
[2025-04-04T08:36:49.637+0000] {logging_mixin.py:188} INFO - [2025-04-04T08:36:49.636+0000] {dagbag.py:538} INFO - Filling up the DagBag from /home/airflow/.local/lib/python3.8/site-packages/airflow/example_dags/example_task_group.py
[2025-04-04T08:36:49.656+0000] {processor.py:840} INFO - DAG(s) 'example_task_group' retrieved from /home/airflow/.local/lib/python3.8/site-packages/airflow/example_dags/example_task_group.py
[2025-04-04T08:36:49.679+0000] {logging_mixin.py:188} INFO - [2025-04-04T08:36:49.679+0000] {dag.py:3036} INFO - Sync 1 DAGs
[2025-04-04T08:36:49.703+0000] {logging_mixin.py:188} INFO - [2025-04-04T08:36:49.703+0000] {dag.py:3823} INFO - Setting next_dagrun for example_task_group to 2025-04-03 00:00:00+00:00, run_after=2025-04-04 00:00:00+00:00
[2025-04-04T08:36:49.724+0000] {processor.py:183} INFO - Processing /home/airflow/.local/lib/python3.8/site-packages/airflow/example_dags/example_task_group.py took 0.092 seconds
[2025-04-04T08:37:20.521+0000] {processor.py:161} INFO - Started process (PID=1038) to work on /home/airflow/.local/lib/python3.8/site-packages/airflow/example_dags/example_task_group.py
[2025-04-04T08:37:20.522+0000] {processor.py:830} INFO - Processing file /home/airflow/.local/lib/python3.8/site-packages/airflow/example_dags/example_task_group.py for tasks to queue
[2025-04-04T08:37:20.523+0000] {logging_mixin.py:188} INFO - [2025-04-04T08:37:20.522+0000] {dagbag.py:538} INFO - Filling up the DagBag from /home/airflow/.local/lib/python3.8/site-packages/airflow/example_dags/example_task_group.py
[2025-04-04T08:37:20.530+0000] {processor.py:840} INFO - DAG(s) 'example_task_group' retrieved from /home/airflow/.local/lib/python3.8/site-packages/airflow/example_dags/example_task_group.py
[2025-04-04T08:37:20.552+0000] {logging_mixin.py:188} INFO - [2025-04-04T08:37:20.552+0000] {dag.py:3036} INFO - Sync 1 DAGs
[2025-04-04T08:37:20.577+0000] {logging_mixin.py:188} INFO - [2025-04-04T08:37:20.576+0000] {dag.py:3823} INFO - Setting next_dagrun for example_task_group to 2025-04-03 00:00:00+00:00, run_after=2025-04-04 00:00:00+00:00
[2025-04-04T08:37:20.601+0000] {processor.py:183} INFO - Processing /home/airflow/.local/lib/python3.8/site-packages/airflow/example_dags/example_task_group.py took 0.083 seconds
[2025-04-04T08:37:50.716+0000] {processor.py:161} INFO - Started process (PID=1285) to work on /home/airflow/.local/lib/python3.8/site-packages/airflow/example_dags/example_task_group.py
[2025-04-04T08:37:50.717+0000] {processor.py:830} INFO - Processing file /home/airflow/.local/lib/python3.8/site-packages/airflow/example_dags/example_task_group.py for tasks to queue
[2025-04-04T08:37:50.718+0000] {logging_mixin.py:188} INFO - [2025-04-04T08:37:50.718+0000] {dagbag.py:538} INFO - Filling up the DagBag from /home/airflow/.local/lib/python3.8/site-packages/airflow/example_dags/example_task_group.py
[2025-04-04T08:37:50.725+0000] {processor.py:840} INFO - DAG(s) 'example_task_group' retrieved from /home/airflow/.local/lib/python3.8/site-packages/airflow/example_dags/example_task_group.py
[2025-04-04T08:37:50.747+0000] {logging_mixin.py:188} INFO - [2025-04-04T08:37:50.747+0000] {dag.py:3036} INFO - Sync 1 DAGs
[2025-04-04T08:37:50.767+0000] {logging_mixin.py:188} INFO - [2025-04-04T08:37:50.767+0000] {dag.py:3823} INFO - Setting next_dagrun for example_task_group to 2025-04-03 00:00:00+00:00, run_after=2025-04-04 00:00:00+00:00
[2025-04-04T08:37:50.789+0000] {processor.py:183} INFO - Processing /home/airflow/.local/lib/python3.8/site-packages/airflow/example_dags/example_task_group.py took 0.075 seconds
[2025-04-04T08:38:20.940+0000] {processor.py:161} INFO - Started process (PID=1532) to work on /home/airflow/.local/lib/python3.8/site-packages/airflow/example_dags/example_task_group.py
[2025-04-04T08:38:20.941+0000] {processor.py:830} INFO - Processing file /home/airflow/.local/lib/python3.8/site-packages/airflow/example_dags/example_task_group.py for tasks to queue
[2025-04-04T08:38:20.943+0000] {logging_mixin.py:188} INFO - [2025-04-04T08:38:20.943+0000] {dagbag.py:538} INFO - Filling up the DagBag from /home/airflow/.local/lib/python3.8/site-packages/airflow/example_dags/example_task_group.py
[2025-04-04T08:38:20.953+0000] {processor.py:840} INFO - DAG(s) 'example_task_group' retrieved from /home/airflow/.local/lib/python3.8/site-packages/airflow/example_dags/example_task_group.py
[2025-04-04T08:38:20.988+0000] {logging_mixin.py:188} INFO - [2025-04-04T08:38:20.987+0000] {dag.py:3036} INFO - Sync 1 DAGs
[2025-04-04T08:38:21.020+0000] {logging_mixin.py:188} INFO - [2025-04-04T08:38:21.019+0000] {dag.py:3823} INFO - Setting next_dagrun for example_task_group to 2025-04-03 00:00:00+00:00, run_after=2025-04-04 00:00:00+00:00
[2025-04-04T08:38:21.044+0000] {processor.py:183} INFO - Processing /home/airflow/.local/lib/python3.8/site-packages/airflow/example_dags/example_task_group.py took 0.108 seconds
[2025-04-04T08:38:51.193+0000] {processor.py:161} INFO - Started process (PID=1777) to work on /home/airflow/.local/lib/python3.8/site-packages/airflow/example_dags/example_task_group.py
[2025-04-04T08:38:51.194+0000] {processor.py:830} INFO - Processing file /home/airflow/.local/lib/python3.8/site-packages/airflow/example_dags/example_task_group.py for tasks to queue
[2025-04-04T08:38:51.196+0000] {logging_mixin.py:188} INFO - [2025-04-04T08:38:51.195+0000] {dagbag.py:538} INFO - Filling up the DagBag from /home/airflow/.local/lib/python3.8/site-packages/airflow/example_dags/example_task_group.py
[2025-04-04T08:38:51.210+0000] {processor.py:840} INFO - DAG(s) 'example_task_group' retrieved from /home/airflow/.local/lib/python3.8/site-packages/airflow/example_dags/example_task_group.py
[2025-04-04T08:38:51.295+0000] {logging_mixin.py:188} INFO - [2025-04-04T08:38:51.295+0000] {dag.py:3036} INFO - Sync 1 DAGs
[2025-04-04T08:38:51.395+0000] {logging_mixin.py:188} INFO - [2025-04-04T08:38:51.395+0000] {dag.py:3823} INFO - Setting next_dagrun for example_task_group to 2025-04-03 00:00:00+00:00, run_after=2025-04-04 00:00:00+00:00
[2025-04-04T08:38:51.467+0000] {processor.py:183} INFO - Processing /home/airflow/.local/lib/python3.8/site-packages/airflow/example_dags/example_task_group.py took 0.279 seconds
[2025-04-04T08:39:22.347+0000] {processor.py:161} INFO - Started process (PID=2024) to work on /home/airflow/.local/lib/python3.8/site-packages/airflow/example_dags/example_task_group.py
[2025-04-04T08:39:22.349+0000] {processor.py:830} INFO - Processing file /home/airflow/.local/lib/python3.8/site-packages/airflow/example_dags/example_task_group.py for tasks to queue
[2025-04-04T08:39:22.350+0000] {logging_mixin.py:188} INFO - [2025-04-04T08:39:22.350+0000] {dagbag.py:538} INFO - Filling up the DagBag from /home/airflow/.local/lib/python3.8/site-packages/airflow/example_dags/example_task_group.py
[2025-04-04T08:39:22.357+0000] {processor.py:840} INFO - DAG(s) 'example_task_group' retrieved from /home/airflow/.local/lib/python3.8/site-packages/airflow/example_dags/example_task_group.py
[2025-04-04T08:39:22.383+0000] {logging_mixin.py:188} INFO - [2025-04-04T08:39:22.382+0000] {dag.py:3036} INFO - Sync 1 DAGs
[2025-04-04T08:39:22.406+0000] {logging_mixin.py:188} INFO - [2025-04-04T08:39:22.406+0000] {dag.py:3823} INFO - Setting next_dagrun for example_task_group to 2025-04-03 00:00:00+00:00, run_after=2025-04-04 00:00:00+00:00
[2025-04-04T08:39:22.429+0000] {processor.py:183} INFO - Processing /home/airflow/.local/lib/python3.8/site-packages/airflow/example_dags/example_task_group.py took 0.087 seconds
[2025-04-04T08:39:52.811+0000] {processor.py:161} INFO - Started process (PID=2271) to work on /home/airflow/.local/lib/python3.8/site-packages/airflow/example_dags/example_task_group.py
[2025-04-04T08:39:52.812+0000] {processor.py:830} INFO - Processing file /home/airflow/.local/lib/python3.8/site-packages/airflow/example_dags/example_task_group.py for tasks to queue
[2025-04-04T08:39:52.813+0000] {logging_mixin.py:188} INFO - [2025-04-04T08:39:52.812+0000] {dagbag.py:538} INFO - Filling up the DagBag from /home/airflow/.local/lib/python3.8/site-packages/airflow/example_dags/example_task_group.py
[2025-04-04T08:39:52.821+0000] {processor.py:840} INFO - DAG(s) 'example_task_group' retrieved from /home/airflow/.local/lib/python3.8/site-packages/airflow/example_dags/example_task_group.py
[2025-04-04T08:39:52.846+0000] {logging_mixin.py:188} INFO - [2025-04-04T08:39:52.845+0000] {dag.py:3036} INFO - Sync 1 DAGs
[2025-04-04T08:39:52.868+0000] {logging_mixin.py:188} INFO - [2025-04-04T08:39:52.868+0000] {dag.py:3823} INFO - Setting next_dagrun for example_task_group to 2025-04-03 00:00:00+00:00, run_after=2025-04-04 00:00:00+00:00
[2025-04-04T08:39:52.890+0000] {processor.py:183} INFO - Processing /home/airflow/.local/lib/python3.8/site-packages/airflow/example_dags/example_task_group.py took 0.083 seconds
[2025-04-04T08:40:23.514+0000] {processor.py:161} INFO - Started process (PID=2518) to work on /home/airflow/.local/lib/python3.8/site-packages/airflow/example_dags/example_task_group.py
[2025-04-04T08:40:23.515+0000] {processor.py:830} INFO - Processing file /home/airflow/.local/lib/python3.8/site-packages/airflow/example_dags/example_task_group.py for tasks to queue
[2025-04-04T08:40:23.516+0000] {logging_mixin.py:188} INFO - [2025-04-04T08:40:23.516+0000] {dagbag.py:538} INFO - Filling up the DagBag from /home/airflow/.local/lib/python3.8/site-packages/airflow/example_dags/example_task_group.py
[2025-04-04T08:40:23.523+0000] {processor.py:840} INFO - DAG(s) 'example_task_group' retrieved from /home/airflow/.local/lib/python3.8/site-packages/airflow/example_dags/example_task_group.py
[2025-04-04T08:40:23.545+0000] {logging_mixin.py:188} INFO - [2025-04-04T08:40:23.545+0000] {dag.py:3036} INFO - Sync 1 DAGs
[2025-04-04T08:40:23.565+0000] {logging_mixin.py:188} INFO - [2025-04-04T08:40:23.565+0000] {dag.py:3823} INFO - Setting next_dagrun for example_task_group to 2025-04-03 00:00:00+00:00, run_after=2025-04-04 00:00:00+00:00
[2025-04-04T08:40:23.594+0000] {processor.py:183} INFO - Processing /home/airflow/.local/lib/python3.8/site-packages/airflow/example_dags/example_task_group.py took 0.083 seconds
[2025-04-04T08:40:53.747+0000] {processor.py:161} INFO - Started process (PID=2762) to work on /home/airflow/.local/lib/python3.8/site-packages/airflow/example_dags/example_task_group.py
[2025-04-04T08:40:53.748+0000] {processor.py:830} INFO - Processing file /home/airflow/.local/lib/python3.8/site-packages/airflow/example_dags/example_task_group.py for tasks to queue
[2025-04-04T08:40:53.749+0000] {logging_mixin.py:188} INFO - [2025-04-04T08:40:53.749+0000] {dagbag.py:538} INFO - Filling up the DagBag from /home/airflow/.local/lib/python3.8/site-packages/airflow/example_dags/example_task_group.py
[2025-04-04T08:40:53.757+0000] {processor.py:840} INFO - DAG(s) 'example_task_group' retrieved from /home/airflow/.local/lib/python3.8/site-packages/airflow/example_dags/example_task_group.py
[2025-04-04T08:40:53.779+0000] {logging_mixin.py:188} INFO - [2025-04-04T08:40:53.779+0000] {dag.py:3036} INFO - Sync 1 DAGs
[2025-04-04T08:40:53.802+0000] {logging_mixin.py:188} INFO - [2025-04-04T08:40:53.801+0000] {dag.py:3823} INFO - Setting next_dagrun for example_task_group to 2025-04-03 00:00:00+00:00, run_after=2025-04-04 00:00:00+00:00
[2025-04-04T08:40:53.826+0000] {processor.py:183} INFO - Processing /home/airflow/.local/lib/python3.8/site-packages/airflow/example_dags/example_task_group.py took 0.082 seconds
[2025-04-04T08:43:02.969+0000] {processor.py:161} INFO - Started process (PID=283) to work on /home/airflow/.local/lib/python3.8/site-packages/airflow/example_dags/example_task_group.py
[2025-04-04T08:43:02.971+0000] {processor.py:830} INFO - Processing file /home/airflow/.local/lib/python3.8/site-packages/airflow/example_dags/example_task_group.py for tasks to queue
[2025-04-04T08:43:02.972+0000] {logging_mixin.py:188} INFO - [2025-04-04T08:43:02.972+0000] {dagbag.py:538} INFO - Filling up the DagBag from /home/airflow/.local/lib/python3.8/site-packages/airflow/example_dags/example_task_group.py
[2025-04-04T08:43:02.988+0000] {processor.py:840} INFO - DAG(s) 'example_task_group' retrieved from /home/airflow/.local/lib/python3.8/site-packages/airflow/example_dags/example_task_group.py
[2025-04-04T08:43:03.008+0000] {logging_mixin.py:188} INFO - [2025-04-04T08:43:03.008+0000] {dag.py:3036} INFO - Sync 1 DAGs
[2025-04-04T08:43:03.050+0000] {logging_mixin.py:188} INFO - [2025-04-04T08:43:03.050+0000] {dag.py:3823} INFO - Setting next_dagrun for example_task_group to 2025-04-03 00:00:00+00:00, run_after=2025-04-04 00:00:00+00:00
[2025-04-04T08:43:03.075+0000] {processor.py:183} INFO - Processing /home/airflow/.local/lib/python3.8/site-packages/airflow/example_dags/example_task_group.py took 0.111 seconds
[2025-04-04T08:43:34.540+0000] {processor.py:161} INFO - Started process (PID=532) to work on /home/airflow/.local/lib/python3.8/site-packages/airflow/example_dags/example_task_group.py
[2025-04-04T08:43:34.541+0000] {processor.py:830} INFO - Processing file /home/airflow/.local/lib/python3.8/site-packages/airflow/example_dags/example_task_group.py for tasks to queue
[2025-04-04T08:43:34.542+0000] {logging_mixin.py:188} INFO - [2025-04-04T08:43:34.542+0000] {dagbag.py:538} INFO - Filling up the DagBag from /home/airflow/.local/lib/python3.8/site-packages/airflow/example_dags/example_task_group.py
[2025-04-04T08:43:34.549+0000] {processor.py:840} INFO - DAG(s) 'example_task_group' retrieved from /home/airflow/.local/lib/python3.8/site-packages/airflow/example_dags/example_task_group.py
[2025-04-04T08:43:34.655+0000] {logging_mixin.py:188} INFO - [2025-04-04T08:43:34.655+0000] {dag.py:3036} INFO - Sync 1 DAGs
[2025-04-04T08:43:34.676+0000] {logging_mixin.py:188} INFO - [2025-04-04T08:43:34.676+0000] {dag.py:3823} INFO - Setting next_dagrun for example_task_group to 2025-04-03 00:00:00+00:00, run_after=2025-04-04 00:00:00+00:00
[2025-04-04T08:43:34.698+0000] {processor.py:183} INFO - Processing /home/airflow/.local/lib/python3.8/site-packages/airflow/example_dags/example_task_group.py took 0.161 seconds
[2025-04-04T08:44:05.414+0000] {processor.py:161} INFO - Started process (PID=777) to work on /home/airflow/.local/lib/python3.8/site-packages/airflow/example_dags/example_task_group.py
[2025-04-04T08:44:05.415+0000] {processor.py:830} INFO - Processing file /home/airflow/.local/lib/python3.8/site-packages/airflow/example_dags/example_task_group.py for tasks to queue
[2025-04-04T08:44:05.416+0000] {logging_mixin.py:188} INFO - [2025-04-04T08:44:05.416+0000] {dagbag.py:538} INFO - Filling up the DagBag from /home/airflow/.local/lib/python3.8/site-packages/airflow/example_dags/example_task_group.py
[2025-04-04T08:44:05.424+0000] {processor.py:840} INFO - DAG(s) 'example_task_group' retrieved from /home/airflow/.local/lib/python3.8/site-packages/airflow/example_dags/example_task_group.py
[2025-04-04T08:44:05.451+0000] {logging_mixin.py:188} INFO - [2025-04-04T08:44:05.450+0000] {dag.py:3036} INFO - Sync 1 DAGs
[2025-04-04T08:44:05.474+0000] {logging_mixin.py:188} INFO - [2025-04-04T08:44:05.474+0000] {dag.py:3823} INFO - Setting next_dagrun for example_task_group to 2025-04-03 00:00:00+00:00, run_after=2025-04-04 00:00:00+00:00
[2025-04-04T08:44:05.497+0000] {processor.py:183} INFO - Processing /home/airflow/.local/lib/python3.8/site-packages/airflow/example_dags/example_task_group.py took 0.088 seconds
[2025-04-04T08:44:35.840+0000] {processor.py:161} INFO - Started process (PID=1026) to work on /home/airflow/.local/lib/python3.8/site-packages/airflow/example_dags/example_task_group.py
[2025-04-04T08:44:35.841+0000] {processor.py:830} INFO - Processing file /home/airflow/.local/lib/python3.8/site-packages/airflow/example_dags/example_task_group.py for tasks to queue
[2025-04-04T08:44:35.842+0000] {logging_mixin.py:188} INFO - [2025-04-04T08:44:35.842+0000] {dagbag.py:538} INFO - Filling up the DagBag from /home/airflow/.local/lib/python3.8/site-packages/airflow/example_dags/example_task_group.py
[2025-04-04T08:44:35.850+0000] {processor.py:840} INFO - DAG(s) 'example_task_group' retrieved from /home/airflow/.local/lib/python3.8/site-packages/airflow/example_dags/example_task_group.py
[2025-04-04T08:44:35.875+0000] {logging_mixin.py:188} INFO - [2025-04-04T08:44:35.874+0000] {dag.py:3036} INFO - Sync 1 DAGs
[2025-04-04T08:44:35.898+0000] {logging_mixin.py:188} INFO - [2025-04-04T08:44:35.898+0000] {dag.py:3823} INFO - Setting next_dagrun for example_task_group to 2025-04-03 00:00:00+00:00, run_after=2025-04-04 00:00:00+00:00
[2025-04-04T08:44:35.925+0000] {processor.py:183} INFO - Processing /home/airflow/.local/lib/python3.8/site-packages/airflow/example_dags/example_task_group.py took 0.088 seconds
[2025-04-04T08:45:06.571+0000] {processor.py:161} INFO - Started process (PID=1271) to work on /home/airflow/.local/lib/python3.8/site-packages/airflow/example_dags/example_task_group.py
[2025-04-04T08:45:06.573+0000] {processor.py:830} INFO - Processing file /home/airflow/.local/lib/python3.8/site-packages/airflow/example_dags/example_task_group.py for tasks to queue
[2025-04-04T08:45:06.574+0000] {logging_mixin.py:188} INFO - [2025-04-04T08:45:06.574+0000] {dagbag.py:538} INFO - Filling up the DagBag from /home/airflow/.local/lib/python3.8/site-packages/airflow/example_dags/example_task_group.py
[2025-04-04T08:45:06.586+0000] {processor.py:840} INFO - DAG(s) 'example_task_group' retrieved from /home/airflow/.local/lib/python3.8/site-packages/airflow/example_dags/example_task_group.py
[2025-04-04T08:45:06.618+0000] {logging_mixin.py:188} INFO - [2025-04-04T08:45:06.618+0000] {dag.py:3036} INFO - Sync 1 DAGs
[2025-04-04T08:45:06.658+0000] {logging_mixin.py:188} INFO - [2025-04-04T08:45:06.658+0000] {dag.py:3823} INFO - Setting next_dagrun for example_task_group to 2025-04-03 00:00:00+00:00, run_after=2025-04-04 00:00:00+00:00
[2025-04-04T08:45:06.696+0000] {processor.py:183} INFO - Processing /home/airflow/.local/lib/python3.8/site-packages/airflow/example_dags/example_task_group.py took 0.129 seconds
[2025-04-04T08:45:37.024+0000] {processor.py:161} INFO - Started process (PID=1518) to work on /home/airflow/.local/lib/python3.8/site-packages/airflow/example_dags/example_task_group.py
[2025-04-04T08:45:37.025+0000] {processor.py:830} INFO - Processing file /home/airflow/.local/lib/python3.8/site-packages/airflow/example_dags/example_task_group.py for tasks to queue
[2025-04-04T08:45:37.027+0000] {logging_mixin.py:188} INFO - [2025-04-04T08:45:37.027+0000] {dagbag.py:538} INFO - Filling up the DagBag from /home/airflow/.local/lib/python3.8/site-packages/airflow/example_dags/example_task_group.py
[2025-04-04T08:45:37.035+0000] {processor.py:840} INFO - DAG(s) 'example_task_group' retrieved from /home/airflow/.local/lib/python3.8/site-packages/airflow/example_dags/example_task_group.py
[2025-04-04T08:45:37.058+0000] {logging_mixin.py:188} INFO - [2025-04-04T08:45:37.058+0000] {dag.py:3036} INFO - Sync 1 DAGs
[2025-04-04T08:45:37.079+0000] {logging_mixin.py:188} INFO - [2025-04-04T08:45:37.079+0000] {dag.py:3823} INFO - Setting next_dagrun for example_task_group to 2025-04-03 00:00:00+00:00, run_after=2025-04-04 00:00:00+00:00
[2025-04-04T08:45:37.113+0000] {processor.py:183} INFO - Processing /home/airflow/.local/lib/python3.8/site-packages/airflow/example_dags/example_task_group.py took 0.093 seconds
[2025-04-04T08:46:07.342+0000] {processor.py:161} INFO - Started process (PID=1765) to work on /home/airflow/.local/lib/python3.8/site-packages/airflow/example_dags/example_task_group.py
[2025-04-04T08:46:07.343+0000] {processor.py:830} INFO - Processing file /home/airflow/.local/lib/python3.8/site-packages/airflow/example_dags/example_task_group.py for tasks to queue
[2025-04-04T08:46:07.345+0000] {logging_mixin.py:188} INFO - [2025-04-04T08:46:07.344+0000] {dagbag.py:538} INFO - Filling up the DagBag from /home/airflow/.local/lib/python3.8/site-packages/airflow/example_dags/example_task_group.py
[2025-04-04T08:46:07.353+0000] {processor.py:840} INFO - DAG(s) 'example_task_group' retrieved from /home/airflow/.local/lib/python3.8/site-packages/airflow/example_dags/example_task_group.py
[2025-04-04T08:46:07.375+0000] {logging_mixin.py:188} INFO - [2025-04-04T08:46:07.375+0000] {dag.py:3036} INFO - Sync 1 DAGs
[2025-04-04T08:46:07.397+0000] {logging_mixin.py:188} INFO - [2025-04-04T08:46:07.397+0000] {dag.py:3823} INFO - Setting next_dagrun for example_task_group to 2025-04-03 00:00:00+00:00, run_after=2025-04-04 00:00:00+00:00
[2025-04-04T08:46:07.419+0000] {processor.py:183} INFO - Processing /home/airflow/.local/lib/python3.8/site-packages/airflow/example_dags/example_task_group.py took 0.080 seconds
[2025-04-04T08:50:24.517+0000] {processor.py:161} INFO - Started process (PID=292) to work on /home/airflow/.local/lib/python3.8/site-packages/airflow/example_dags/example_task_group.py
[2025-04-04T08:50:24.526+0000] {processor.py:830} INFO - Processing file /home/airflow/.local/lib/python3.8/site-packages/airflow/example_dags/example_task_group.py for tasks to queue
[2025-04-04T08:50:24.528+0000] {logging_mixin.py:188} INFO - [2025-04-04T08:50:24.528+0000] {dagbag.py:538} INFO - Filling up the DagBag from /home/airflow/.local/lib/python3.8/site-packages/airflow/example_dags/example_task_group.py
[2025-04-04T08:50:24.548+0000] {processor.py:840} INFO - DAG(s) 'example_task_group' retrieved from /home/airflow/.local/lib/python3.8/site-packages/airflow/example_dags/example_task_group.py
[2025-04-04T08:50:24.562+0000] {logging_mixin.py:188} INFO - [2025-04-04T08:50:24.562+0000] {dag.py:3036} INFO - Sync 1 DAGs
[2025-04-04T08:50:24.589+0000] {logging_mixin.py:188} INFO - [2025-04-04T08:50:24.589+0000] {dag.py:3823} INFO - Setting next_dagrun for example_task_group to 2025-04-03 00:00:00+00:00, run_after=2025-04-04 00:00:00+00:00
[2025-04-04T08:50:24.616+0000] {processor.py:183} INFO - Processing /home/airflow/.local/lib/python3.8/site-packages/airflow/example_dags/example_task_group.py took 0.103 seconds
[2025-04-04T08:50:54.951+0000] {processor.py:161} INFO - Started process (PID=537) to work on /home/airflow/.local/lib/python3.8/site-packages/airflow/example_dags/example_task_group.py
[2025-04-04T08:50:54.953+0000] {processor.py:830} INFO - Processing file /home/airflow/.local/lib/python3.8/site-packages/airflow/example_dags/example_task_group.py for tasks to queue
[2025-04-04T08:50:54.955+0000] {logging_mixin.py:188} INFO - [2025-04-04T08:50:54.954+0000] {dagbag.py:538} INFO - Filling up the DagBag from /home/airflow/.local/lib/python3.8/site-packages/airflow/example_dags/example_task_group.py
[2025-04-04T08:50:54.964+0000] {processor.py:840} INFO - DAG(s) 'example_task_group' retrieved from /home/airflow/.local/lib/python3.8/site-packages/airflow/example_dags/example_task_group.py
[2025-04-04T08:50:55.084+0000] {logging_mixin.py:188} INFO - [2025-04-04T08:50:55.083+0000] {dag.py:3036} INFO - Sync 1 DAGs
[2025-04-04T08:50:55.145+0000] {logging_mixin.py:188} INFO - [2025-04-04T08:50:55.145+0000] {dag.py:3823} INFO - Setting next_dagrun for example_task_group to 2025-04-03 00:00:00+00:00, run_after=2025-04-04 00:00:00+00:00
[2025-04-04T08:50:55.173+0000] {processor.py:183} INFO - Processing /home/airflow/.local/lib/python3.8/site-packages/airflow/example_dags/example_task_group.py took 0.225 seconds
[2025-04-04T08:51:25.336+0000] {processor.py:161} INFO - Started process (PID=784) to work on /home/airflow/.local/lib/python3.8/site-packages/airflow/example_dags/example_task_group.py
[2025-04-04T08:51:25.337+0000] {processor.py:830} INFO - Processing file /home/airflow/.local/lib/python3.8/site-packages/airflow/example_dags/example_task_group.py for tasks to queue
[2025-04-04T08:51:25.339+0000] {logging_mixin.py:188} INFO - [2025-04-04T08:51:25.338+0000] {dagbag.py:538} INFO - Filling up the DagBag from /home/airflow/.local/lib/python3.8/site-packages/airflow/example_dags/example_task_group.py
[2025-04-04T08:51:25.348+0000] {processor.py:840} INFO - DAG(s) 'example_task_group' retrieved from /home/airflow/.local/lib/python3.8/site-packages/airflow/example_dags/example_task_group.py
[2025-04-04T08:51:25.370+0000] {logging_mixin.py:188} INFO - [2025-04-04T08:51:25.370+0000] {dag.py:3036} INFO - Sync 1 DAGs
[2025-04-04T08:51:25.391+0000] {logging_mixin.py:188} INFO - [2025-04-04T08:51:25.390+0000] {dag.py:3823} INFO - Setting next_dagrun for example_task_group to 2025-04-03 00:00:00+00:00, run_after=2025-04-04 00:00:00+00:00
[2025-04-04T08:51:25.411+0000] {processor.py:183} INFO - Processing /home/airflow/.local/lib/python3.8/site-packages/airflow/example_dags/example_task_group.py took 0.078 seconds
[2025-04-04T08:51:56.795+0000] {processor.py:161} INFO - Started process (PID=1031) to work on /home/airflow/.local/lib/python3.8/site-packages/airflow/example_dags/example_task_group.py
[2025-04-04T08:51:56.847+0000] {processor.py:830} INFO - Processing file /home/airflow/.local/lib/python3.8/site-packages/airflow/example_dags/example_task_group.py for tasks to queue
[2025-04-04T08:51:56.849+0000] {logging_mixin.py:188} INFO - [2025-04-04T08:51:56.849+0000] {dagbag.py:538} INFO - Filling up the DagBag from /home/airflow/.local/lib/python3.8/site-packages/airflow/example_dags/example_task_group.py
[2025-04-04T08:51:56.861+0000] {processor.py:840} INFO - DAG(s) 'example_task_group' retrieved from /home/airflow/.local/lib/python3.8/site-packages/airflow/example_dags/example_task_group.py
[2025-04-04T08:51:56.892+0000] {logging_mixin.py:188} INFO - [2025-04-04T08:51:56.892+0000] {dag.py:3036} INFO - Sync 1 DAGs
[2025-04-04T08:51:56.925+0000] {logging_mixin.py:188} INFO - [2025-04-04T08:51:56.925+0000] {dag.py:3823} INFO - Setting next_dagrun for example_task_group to 2025-04-03 00:00:00+00:00, run_after=2025-04-04 00:00:00+00:00
[2025-04-04T08:51:57.045+0000] {processor.py:183} INFO - Processing /home/airflow/.local/lib/python3.8/site-packages/airflow/example_dags/example_task_group.py took 0.255 seconds
[2025-04-04T08:52:27.261+0000] {processor.py:161} INFO - Started process (PID=1280) to work on /home/airflow/.local/lib/python3.8/site-packages/airflow/example_dags/example_task_group.py
[2025-04-04T08:52:27.262+0000] {processor.py:830} INFO - Processing file /home/airflow/.local/lib/python3.8/site-packages/airflow/example_dags/example_task_group.py for tasks to queue
[2025-04-04T08:52:27.264+0000] {logging_mixin.py:188} INFO - [2025-04-04T08:52:27.263+0000] {dagbag.py:538} INFO - Filling up the DagBag from /home/airflow/.local/lib/python3.8/site-packages/airflow/example_dags/example_task_group.py
[2025-04-04T08:52:27.272+0000] {processor.py:840} INFO - DAG(s) 'example_task_group' retrieved from /home/airflow/.local/lib/python3.8/site-packages/airflow/example_dags/example_task_group.py
[2025-04-04T08:52:27.294+0000] {logging_mixin.py:188} INFO - [2025-04-04T08:52:27.294+0000] {dag.py:3036} INFO - Sync 1 DAGs
[2025-04-04T08:52:27.314+0000] {logging_mixin.py:188} INFO - [2025-04-04T08:52:27.314+0000] {dag.py:3823} INFO - Setting next_dagrun for example_task_group to 2025-04-03 00:00:00+00:00, run_after=2025-04-04 00:00:00+00:00
[2025-04-04T08:52:27.342+0000] {processor.py:183} INFO - Processing /home/airflow/.local/lib/python3.8/site-packages/airflow/example_dags/example_task_group.py took 0.084 seconds
[2025-04-04T08:52:57.977+0000] {processor.py:161} INFO - Started process (PID=1525) to work on /home/airflow/.local/lib/python3.8/site-packages/airflow/example_dags/example_task_group.py
[2025-04-04T08:52:57.978+0000] {processor.py:830} INFO - Processing file /home/airflow/.local/lib/python3.8/site-packages/airflow/example_dags/example_task_group.py for tasks to queue
[2025-04-04T08:52:57.979+0000] {logging_mixin.py:188} INFO - [2025-04-04T08:52:57.979+0000] {dagbag.py:538} INFO - Filling up the DagBag from /home/airflow/.local/lib/python3.8/site-packages/airflow/example_dags/example_task_group.py
[2025-04-04T08:52:57.989+0000] {processor.py:840} INFO - DAG(s) 'example_task_group' retrieved from /home/airflow/.local/lib/python3.8/site-packages/airflow/example_dags/example_task_group.py
[2025-04-04T08:52:58.018+0000] {logging_mixin.py:188} INFO - [2025-04-04T08:52:58.017+0000] {dag.py:3036} INFO - Sync 1 DAGs
[2025-04-04T08:52:58.049+0000] {logging_mixin.py:188} INFO - [2025-04-04T08:52:58.049+0000] {dag.py:3823} INFO - Setting next_dagrun for example_task_group to 2025-04-03 00:00:00+00:00, run_after=2025-04-04 00:00:00+00:00
[2025-04-04T08:52:58.074+0000] {processor.py:183} INFO - Processing /home/airflow/.local/lib/python3.8/site-packages/airflow/example_dags/example_task_group.py took 0.101 seconds
[2025-04-04T08:53:28.140+0000] {processor.py:161} INFO - Started process (PID=1769) to work on /home/airflow/.local/lib/python3.8/site-packages/airflow/example_dags/example_task_group.py
[2025-04-04T08:53:28.141+0000] {processor.py:830} INFO - Processing file /home/airflow/.local/lib/python3.8/site-packages/airflow/example_dags/example_task_group.py for tasks to queue
[2025-04-04T08:53:28.142+0000] {logging_mixin.py:188} INFO - [2025-04-04T08:53:28.142+0000] {dagbag.py:538} INFO - Filling up the DagBag from /home/airflow/.local/lib/python3.8/site-packages/airflow/example_dags/example_task_group.py
[2025-04-04T08:53:28.150+0000] {processor.py:840} INFO - DAG(s) 'example_task_group' retrieved from /home/airflow/.local/lib/python3.8/site-packages/airflow/example_dags/example_task_group.py
[2025-04-04T08:53:28.172+0000] {logging_mixin.py:188} INFO - [2025-04-04T08:53:28.172+0000] {dag.py:3036} INFO - Sync 1 DAGs
[2025-04-04T08:53:28.195+0000] {logging_mixin.py:188} INFO - [2025-04-04T08:53:28.194+0000] {dag.py:3823} INFO - Setting next_dagrun for example_task_group to 2025-04-03 00:00:00+00:00, run_after=2025-04-04 00:00:00+00:00
[2025-04-04T08:53:28.217+0000] {processor.py:183} INFO - Processing /home/airflow/.local/lib/python3.8/site-packages/airflow/example_dags/example_task_group.py took 0.080 seconds
[2025-04-04T08:53:58.431+0000] {processor.py:161} INFO - Started process (PID=2014) to work on /home/airflow/.local/lib/python3.8/site-packages/airflow/example_dags/example_task_group.py
[2025-04-04T08:53:58.432+0000] {processor.py:830} INFO - Processing file /home/airflow/.local/lib/python3.8/site-packages/airflow/example_dags/example_task_group.py for tasks to queue
[2025-04-04T08:53:58.434+0000] {logging_mixin.py:188} INFO - [2025-04-04T08:53:58.433+0000] {dagbag.py:538} INFO - Filling up the DagBag from /home/airflow/.local/lib/python3.8/site-packages/airflow/example_dags/example_task_group.py
[2025-04-04T08:53:58.441+0000] {processor.py:840} INFO - DAG(s) 'example_task_group' retrieved from /home/airflow/.local/lib/python3.8/site-packages/airflow/example_dags/example_task_group.py
[2025-04-04T08:53:58.465+0000] {logging_mixin.py:188} INFO - [2025-04-04T08:53:58.464+0000] {dag.py:3036} INFO - Sync 1 DAGs
[2025-04-04T08:53:58.486+0000] {logging_mixin.py:188} INFO - [2025-04-04T08:53:58.486+0000] {dag.py:3823} INFO - Setting next_dagrun for example_task_group to 2025-04-03 00:00:00+00:00, run_after=2025-04-04 00:00:00+00:00
[2025-04-04T08:53:58.507+0000] {processor.py:183} INFO - Processing /home/airflow/.local/lib/python3.8/site-packages/airflow/example_dags/example_task_group.py took 0.079 seconds
[2025-04-04T08:54:32.144+0000] {processor.py:161} INFO - Started process (PID=2263) to work on /home/airflow/.local/lib/python3.8/site-packages/airflow/example_dags/example_task_group.py
[2025-04-04T08:54:32.146+0000] {processor.py:830} INFO - Processing file /home/airflow/.local/lib/python3.8/site-packages/airflow/example_dags/example_task_group.py for tasks to queue
[2025-04-04T08:54:32.147+0000] {logging_mixin.py:188} INFO - [2025-04-04T08:54:32.147+0000] {dagbag.py:538} INFO - Filling up the DagBag from /home/airflow/.local/lib/python3.8/site-packages/airflow/example_dags/example_task_group.py
[2025-04-04T08:54:32.156+0000] {processor.py:840} INFO - DAG(s) 'example_task_group' retrieved from /home/airflow/.local/lib/python3.8/site-packages/airflow/example_dags/example_task_group.py
[2025-04-04T08:54:32.184+0000] {logging_mixin.py:188} INFO - [2025-04-04T08:54:32.184+0000] {dag.py:3036} INFO - Sync 1 DAGs
[2025-04-04T08:54:32.210+0000] {logging_mixin.py:188} INFO - [2025-04-04T08:54:32.210+0000] {dag.py:3823} INFO - Setting next_dagrun for example_task_group to 2025-04-03 00:00:00+00:00, run_after=2025-04-04 00:00:00+00:00
[2025-04-04T08:54:32.230+0000] {processor.py:183} INFO - Processing /home/airflow/.local/lib/python3.8/site-packages/airflow/example_dags/example_task_group.py took 0.090 seconds
[2025-04-04T08:55:02.984+0000] {processor.py:161} INFO - Started process (PID=2513) to work on /home/airflow/.local/lib/python3.8/site-packages/airflow/example_dags/example_task_group.py
[2025-04-04T08:55:02.986+0000] {processor.py:830} INFO - Processing file /home/airflow/.local/lib/python3.8/site-packages/airflow/example_dags/example_task_group.py for tasks to queue
[2025-04-04T08:55:02.987+0000] {logging_mixin.py:188} INFO - [2025-04-04T08:55:02.987+0000] {dagbag.py:538} INFO - Filling up the DagBag from /home/airflow/.local/lib/python3.8/site-packages/airflow/example_dags/example_task_group.py
[2025-04-04T08:55:02.994+0000] {processor.py:840} INFO - DAG(s) 'example_task_group' retrieved from /home/airflow/.local/lib/python3.8/site-packages/airflow/example_dags/example_task_group.py
[2025-04-04T08:55:03.016+0000] {logging_mixin.py:188} INFO - [2025-04-04T08:55:03.016+0000] {dag.py:3036} INFO - Sync 1 DAGs
[2025-04-04T08:55:03.038+0000] {logging_mixin.py:188} INFO - [2025-04-04T08:55:03.038+0000] {dag.py:3823} INFO - Setting next_dagrun for example_task_group to 2025-04-03 00:00:00+00:00, run_after=2025-04-04 00:00:00+00:00
[2025-04-04T08:55:03.060+0000] {processor.py:183} INFO - Processing /home/airflow/.local/lib/python3.8/site-packages/airflow/example_dags/example_task_group.py took 0.079 seconds
[2025-04-04T08:55:33.686+0000] {processor.py:161} INFO - Started process (PID=2760) to work on /home/airflow/.local/lib/python3.8/site-packages/airflow/example_dags/example_task_group.py
[2025-04-04T08:55:33.687+0000] {processor.py:830} INFO - Processing file /home/airflow/.local/lib/python3.8/site-packages/airflow/example_dags/example_task_group.py for tasks to queue
[2025-04-04T08:55:33.688+0000] {logging_mixin.py:188} INFO - [2025-04-04T08:55:33.688+0000] {dagbag.py:538} INFO - Filling up the DagBag from /home/airflow/.local/lib/python3.8/site-packages/airflow/example_dags/example_task_group.py
[2025-04-04T08:55:33.696+0000] {processor.py:840} INFO - DAG(s) 'example_task_group' retrieved from /home/airflow/.local/lib/python3.8/site-packages/airflow/example_dags/example_task_group.py
[2025-04-04T08:55:33.731+0000] {logging_mixin.py:188} INFO - [2025-04-04T08:55:33.731+0000] {dag.py:3036} INFO - Sync 1 DAGs
[2025-04-04T08:55:33.757+0000] {logging_mixin.py:188} INFO - [2025-04-04T08:55:33.757+0000] {dag.py:3823} INFO - Setting next_dagrun for example_task_group to 2025-04-03 00:00:00+00:00, run_after=2025-04-04 00:00:00+00:00
[2025-04-04T08:55:33.778+0000] {processor.py:183} INFO - Processing /home/airflow/.local/lib/python3.8/site-packages/airflow/example_dags/example_task_group.py took 0.096 seconds
[2025-04-04T09:14:14.007+0000] {processor.py:161} INFO - Started process (PID=310) to work on /home/airflow/.local/lib/python3.8/site-packages/airflow/example_dags/example_task_group.py
[2025-04-04T09:14:14.014+0000] {processor.py:830} INFO - Processing file /home/airflow/.local/lib/python3.8/site-packages/airflow/example_dags/example_task_group.py for tasks to queue
[2025-04-04T09:14:14.016+0000] {logging_mixin.py:188} INFO - [2025-04-04T09:14:14.016+0000] {dagbag.py:538} INFO - Filling up the DagBag from /home/airflow/.local/lib/python3.8/site-packages/airflow/example_dags/example_task_group.py
[2025-04-04T09:14:14.048+0000] {processor.py:840} INFO - DAG(s) 'example_task_group' retrieved from /home/airflow/.local/lib/python3.8/site-packages/airflow/example_dags/example_task_group.py
[2025-04-04T09:14:14.326+0000] {logging_mixin.py:188} INFO - [2025-04-04T09:14:14.326+0000] {dag.py:3036} INFO - Sync 1 DAGs
[2025-04-04T09:14:14.362+0000] {logging_mixin.py:188} INFO - [2025-04-04T09:14:14.361+0000] {dag.py:3823} INFO - Setting next_dagrun for example_task_group to 2025-04-03 00:00:00+00:00, run_after=2025-04-04 00:00:00+00:00
[2025-04-04T09:14:14.404+0000] {processor.py:183} INFO - Processing /home/airflow/.local/lib/python3.8/site-packages/airflow/example_dags/example_task_group.py took 0.405 seconds
[2025-04-04T09:14:45.293+0000] {processor.py:161} INFO - Started process (PID=559) to work on /home/airflow/.local/lib/python3.8/site-packages/airflow/example_dags/example_task_group.py
[2025-04-04T09:14:45.294+0000] {processor.py:830} INFO - Processing file /home/airflow/.local/lib/python3.8/site-packages/airflow/example_dags/example_task_group.py for tasks to queue
[2025-04-04T09:14:45.295+0000] {logging_mixin.py:188} INFO - [2025-04-04T09:14:45.295+0000] {dagbag.py:538} INFO - Filling up the DagBag from /home/airflow/.local/lib/python3.8/site-packages/airflow/example_dags/example_task_group.py
[2025-04-04T09:14:45.302+0000] {processor.py:840} INFO - DAG(s) 'example_task_group' retrieved from /home/airflow/.local/lib/python3.8/site-packages/airflow/example_dags/example_task_group.py
[2025-04-04T09:14:45.324+0000] {logging_mixin.py:188} INFO - [2025-04-04T09:14:45.324+0000] {dag.py:3036} INFO - Sync 1 DAGs
[2025-04-04T09:14:45.351+0000] {logging_mixin.py:188} INFO - [2025-04-04T09:14:45.351+0000] {dag.py:3823} INFO - Setting next_dagrun for example_task_group to 2025-04-03 00:00:00+00:00, run_after=2025-04-04 00:00:00+00:00
[2025-04-04T09:14:45.388+0000] {processor.py:183} INFO - Processing /home/airflow/.local/lib/python3.8/site-packages/airflow/example_dags/example_task_group.py took 0.099 seconds
[2025-04-04T09:15:17.866+0000] {processor.py:161} INFO - Started process (PID=804) to work on /home/airflow/.local/lib/python3.8/site-packages/airflow/example_dags/example_task_group.py
[2025-04-04T09:15:17.870+0000] {processor.py:830} INFO - Processing file /home/airflow/.local/lib/python3.8/site-packages/airflow/example_dags/example_task_group.py for tasks to queue
[2025-04-04T09:15:17.872+0000] {logging_mixin.py:188} INFO - [2025-04-04T09:15:17.871+0000] {dagbag.py:538} INFO - Filling up the DagBag from /home/airflow/.local/lib/python3.8/site-packages/airflow/example_dags/example_task_group.py
[2025-04-04T09:15:17.891+0000] {processor.py:840} INFO - DAG(s) 'example_task_group' retrieved from /home/airflow/.local/lib/python3.8/site-packages/airflow/example_dags/example_task_group.py
[2025-04-04T09:15:17.916+0000] {logging_mixin.py:188} INFO - [2025-04-04T09:15:17.915+0000] {dag.py:3036} INFO - Sync 1 DAGs
[2025-04-04T09:15:17.969+0000] {logging_mixin.py:188} INFO - [2025-04-04T09:15:17.969+0000] {dag.py:3823} INFO - Setting next_dagrun for example_task_group to 2025-04-03 00:00:00+00:00, run_after=2025-04-04 00:00:00+00:00
[2025-04-04T09:15:18.025+0000] {processor.py:183} INFO - Processing /home/airflow/.local/lib/python3.8/site-packages/airflow/example_dags/example_task_group.py took 0.163 seconds
[2025-04-04T09:15:48.941+0000] {processor.py:161} INFO - Started process (PID=1051) to work on /home/airflow/.local/lib/python3.8/site-packages/airflow/example_dags/example_task_group.py
[2025-04-04T09:15:48.942+0000] {processor.py:830} INFO - Processing file /home/airflow/.local/lib/python3.8/site-packages/airflow/example_dags/example_task_group.py for tasks to queue
[2025-04-04T09:15:48.943+0000] {logging_mixin.py:188} INFO - [2025-04-04T09:15:48.943+0000] {dagbag.py:538} INFO - Filling up the DagBag from /home/airflow/.local/lib/python3.8/site-packages/airflow/example_dags/example_task_group.py
[2025-04-04T09:15:48.951+0000] {processor.py:840} INFO - DAG(s) 'example_task_group' retrieved from /home/airflow/.local/lib/python3.8/site-packages/airflow/example_dags/example_task_group.py
[2025-04-04T09:15:48.973+0000] {logging_mixin.py:188} INFO - [2025-04-04T09:15:48.973+0000] {dag.py:3036} INFO - Sync 1 DAGs
[2025-04-04T09:15:49.005+0000] {logging_mixin.py:188} INFO - [2025-04-04T09:15:49.005+0000] {dag.py:3823} INFO - Setting next_dagrun for example_task_group to 2025-04-03 00:00:00+00:00, run_after=2025-04-04 00:00:00+00:00
[2025-04-04T09:15:49.038+0000] {processor.py:183} INFO - Processing /home/airflow/.local/lib/python3.8/site-packages/airflow/example_dags/example_task_group.py took 0.099 seconds
