[2025-04-04T08:35:42.152+0000] {processor.py:161} INFO - Started process (PID=255) to work on /home/airflow/.local/lib/python3.8/site-packages/airflow/example_dags/example_skip_dag.py
[2025-04-04T08:35:42.155+0000] {processor.py:830} INFO - Processing file /home/airflow/.local/lib/python3.8/site-packages/airflow/example_dags/example_skip_dag.py for tasks to queue
[2025-04-04T08:35:42.157+0000] {logging_mixin.py:188} INFO - [2025-04-04T08:35:42.156+0000] {dagbag.py:538} INFO - Filling up the DagBag from /home/airflow/.local/lib/python3.8/site-packages/airflow/example_dags/example_skip_dag.py
[2025-04-04T08:35:42.184+0000] {processor.py:840} INFO - DAG(s) 'example_skip_dag' retrieved from /home/airflow/.local/lib/python3.8/site-packages/airflow/example_dags/example_skip_dag.py
[2025-04-04T08:35:42.507+0000] {logging_mixin.py:188} INFO - [2025-04-04T08:35:42.506+0000] {override.py:1769} INFO - Created Permission View: can edit on DAG:example_skip_dag
[2025-04-04T08:35:42.530+0000] {logging_mixin.py:188} INFO - [2025-04-04T08:35:42.529+0000] {override.py:1769} INFO - Created Permission View: can read on DAG:example_skip_dag
[2025-04-04T08:35:42.547+0000] {logging_mixin.py:188} INFO - [2025-04-04T08:35:42.547+0000] {override.py:1769} INFO - Created Permission View: can delete on DAG:example_skip_dag
[2025-04-04T08:35:42.549+0000] {logging_mixin.py:188} INFO - [2025-04-04T08:35:42.548+0000] {dag.py:3036} INFO - Sync 1 DAGs
[2025-04-04T08:35:42.574+0000] {logging_mixin.py:188} INFO - [2025-04-04T08:35:42.573+0000] {dag.py:3058} INFO - Creating ORM DAG for example_skip_dag
[2025-04-04T08:35:42.596+0000] {logging_mixin.py:188} INFO - [2025-04-04T08:35:42.595+0000] {dag.py:3823} INFO - Setting next_dagrun for example_skip_dag to 2025-04-03 00:00:00+00:00, run_after=2025-04-04 00:00:00+00:00
[2025-04-04T08:35:42.631+0000] {processor.py:183} INFO - Processing /home/airflow/.local/lib/python3.8/site-packages/airflow/example_dags/example_skip_dag.py took 0.488 seconds
[2025-04-04T08:36:13.110+0000] {processor.py:161} INFO - Started process (PID=499) to work on /home/airflow/.local/lib/python3.8/site-packages/airflow/example_dags/example_skip_dag.py
[2025-04-04T08:36:13.111+0000] {processor.py:830} INFO - Processing file /home/airflow/.local/lib/python3.8/site-packages/airflow/example_dags/example_skip_dag.py for tasks to queue
[2025-04-04T08:36:13.113+0000] {logging_mixin.py:188} INFO - [2025-04-04T08:36:13.112+0000] {dagbag.py:538} INFO - Filling up the DagBag from /home/airflow/.local/lib/python3.8/site-packages/airflow/example_dags/example_skip_dag.py
[2025-04-04T08:36:13.146+0000] {processor.py:840} INFO - DAG(s) 'example_skip_dag' retrieved from /home/airflow/.local/lib/python3.8/site-packages/airflow/example_dags/example_skip_dag.py
[2025-04-04T08:36:13.189+0000] {logging_mixin.py:188} INFO - [2025-04-04T08:36:13.189+0000] {dag.py:3036} INFO - Sync 1 DAGs
[2025-04-04T08:36:13.244+0000] {logging_mixin.py:188} INFO - [2025-04-04T08:36:13.244+0000] {dag.py:3823} INFO - Setting next_dagrun for example_skip_dag to 2025-04-03 00:00:00+00:00, run_after=2025-04-04 00:00:00+00:00
[2025-04-04T08:36:13.270+0000] {processor.py:183} INFO - Processing /home/airflow/.local/lib/python3.8/site-packages/airflow/example_dags/example_skip_dag.py took 0.163 seconds
[2025-04-04T08:36:44.282+0000] {processor.py:161} INFO - Started process (PID=749) to work on /home/airflow/.local/lib/python3.8/site-packages/airflow/example_dags/example_skip_dag.py
[2025-04-04T08:36:44.283+0000] {processor.py:830} INFO - Processing file /home/airflow/.local/lib/python3.8/site-packages/airflow/example_dags/example_skip_dag.py for tasks to queue
[2025-04-04T08:36:44.284+0000] {logging_mixin.py:188} INFO - [2025-04-04T08:36:44.284+0000] {dagbag.py:538} INFO - Filling up the DagBag from /home/airflow/.local/lib/python3.8/site-packages/airflow/example_dags/example_skip_dag.py
[2025-04-04T08:36:44.320+0000] {processor.py:840} INFO - DAG(s) 'example_skip_dag' retrieved from /home/airflow/.local/lib/python3.8/site-packages/airflow/example_dags/example_skip_dag.py
[2025-04-04T08:36:44.388+0000] {logging_mixin.py:188} INFO - [2025-04-04T08:36:44.388+0000] {dag.py:3036} INFO - Sync 1 DAGs
[2025-04-04T08:36:44.430+0000] {logging_mixin.py:188} INFO - [2025-04-04T08:36:44.430+0000] {dag.py:3823} INFO - Setting next_dagrun for example_skip_dag to 2025-04-03 00:00:00+00:00, run_after=2025-04-04 00:00:00+00:00
[2025-04-04T08:36:44.452+0000] {processor.py:183} INFO - Processing /home/airflow/.local/lib/python3.8/site-packages/airflow/example_dags/example_skip_dag.py took 0.172 seconds
[2025-04-04T08:37:14.927+0000] {processor.py:161} INFO - Started process (PID=996) to work on /home/airflow/.local/lib/python3.8/site-packages/airflow/example_dags/example_skip_dag.py
[2025-04-04T08:37:14.928+0000] {processor.py:830} INFO - Processing file /home/airflow/.local/lib/python3.8/site-packages/airflow/example_dags/example_skip_dag.py for tasks to queue
[2025-04-04T08:37:14.930+0000] {logging_mixin.py:188} INFO - [2025-04-04T08:37:14.929+0000] {dagbag.py:538} INFO - Filling up the DagBag from /home/airflow/.local/lib/python3.8/site-packages/airflow/example_dags/example_skip_dag.py
[2025-04-04T08:37:14.937+0000] {processor.py:840} INFO - DAG(s) 'example_skip_dag' retrieved from /home/airflow/.local/lib/python3.8/site-packages/airflow/example_dags/example_skip_dag.py
[2025-04-04T08:37:14.966+0000] {logging_mixin.py:188} INFO - [2025-04-04T08:37:14.966+0000] {dag.py:3036} INFO - Sync 1 DAGs
[2025-04-04T08:37:14.998+0000] {logging_mixin.py:188} INFO - [2025-04-04T08:37:14.998+0000] {dag.py:3823} INFO - Setting next_dagrun for example_skip_dag to 2025-04-03 00:00:00+00:00, run_after=2025-04-04 00:00:00+00:00
[2025-04-04T08:37:15.068+0000] {processor.py:183} INFO - Processing /home/airflow/.local/lib/python3.8/site-packages/airflow/example_dags/example_skip_dag.py took 0.144 seconds
[2025-04-04T08:37:45.127+0000] {processor.py:161} INFO - Started process (PID=1240) to work on /home/airflow/.local/lib/python3.8/site-packages/airflow/example_dags/example_skip_dag.py
[2025-04-04T08:37:45.128+0000] {processor.py:830} INFO - Processing file /home/airflow/.local/lib/python3.8/site-packages/airflow/example_dags/example_skip_dag.py for tasks to queue
[2025-04-04T08:37:45.129+0000] {logging_mixin.py:188} INFO - [2025-04-04T08:37:45.129+0000] {dagbag.py:538} INFO - Filling up the DagBag from /home/airflow/.local/lib/python3.8/site-packages/airflow/example_dags/example_skip_dag.py
[2025-04-04T08:37:45.136+0000] {processor.py:840} INFO - DAG(s) 'example_skip_dag' retrieved from /home/airflow/.local/lib/python3.8/site-packages/airflow/example_dags/example_skip_dag.py
[2025-04-04T08:37:45.158+0000] {logging_mixin.py:188} INFO - [2025-04-04T08:37:45.157+0000] {dag.py:3036} INFO - Sync 1 DAGs
[2025-04-04T08:37:45.181+0000] {logging_mixin.py:188} INFO - [2025-04-04T08:37:45.181+0000] {dag.py:3823} INFO - Setting next_dagrun for example_skip_dag to 2025-04-03 00:00:00+00:00, run_after=2025-04-04 00:00:00+00:00
[2025-04-04T08:37:45.202+0000] {processor.py:183} INFO - Processing /home/airflow/.local/lib/python3.8/site-packages/airflow/example_dags/example_skip_dag.py took 0.078 seconds
[2025-04-04T08:38:15.312+0000] {processor.py:161} INFO - Started process (PID=1487) to work on /home/airflow/.local/lib/python3.8/site-packages/airflow/example_dags/example_skip_dag.py
[2025-04-04T08:38:15.313+0000] {processor.py:830} INFO - Processing file /home/airflow/.local/lib/python3.8/site-packages/airflow/example_dags/example_skip_dag.py for tasks to queue
[2025-04-04T08:38:15.314+0000] {logging_mixin.py:188} INFO - [2025-04-04T08:38:15.314+0000] {dagbag.py:538} INFO - Filling up the DagBag from /home/airflow/.local/lib/python3.8/site-packages/airflow/example_dags/example_skip_dag.py
[2025-04-04T08:38:15.322+0000] {processor.py:840} INFO - DAG(s) 'example_skip_dag' retrieved from /home/airflow/.local/lib/python3.8/site-packages/airflow/example_dags/example_skip_dag.py
[2025-04-04T08:38:15.345+0000] {logging_mixin.py:188} INFO - [2025-04-04T08:38:15.344+0000] {dag.py:3036} INFO - Sync 1 DAGs
[2025-04-04T08:38:15.370+0000] {logging_mixin.py:188} INFO - [2025-04-04T08:38:15.370+0000] {dag.py:3823} INFO - Setting next_dagrun for example_skip_dag to 2025-04-03 00:00:00+00:00, run_after=2025-04-04 00:00:00+00:00
[2025-04-04T08:38:15.389+0000] {processor.py:183} INFO - Processing /home/airflow/.local/lib/python3.8/site-packages/airflow/example_dags/example_skip_dag.py took 0.080 seconds
[2025-04-04T08:38:45.578+0000] {processor.py:161} INFO - Started process (PID=1734) to work on /home/airflow/.local/lib/python3.8/site-packages/airflow/example_dags/example_skip_dag.py
[2025-04-04T08:38:45.579+0000] {processor.py:830} INFO - Processing file /home/airflow/.local/lib/python3.8/site-packages/airflow/example_dags/example_skip_dag.py for tasks to queue
[2025-04-04T08:38:45.580+0000] {logging_mixin.py:188} INFO - [2025-04-04T08:38:45.579+0000] {dagbag.py:538} INFO - Filling up the DagBag from /home/airflow/.local/lib/python3.8/site-packages/airflow/example_dags/example_skip_dag.py
[2025-04-04T08:38:45.586+0000] {processor.py:840} INFO - DAG(s) 'example_skip_dag' retrieved from /home/airflow/.local/lib/python3.8/site-packages/airflow/example_dags/example_skip_dag.py
[2025-04-04T08:38:45.607+0000] {logging_mixin.py:188} INFO - [2025-04-04T08:38:45.606+0000] {dag.py:3036} INFO - Sync 1 DAGs
[2025-04-04T08:38:45.628+0000] {logging_mixin.py:188} INFO - [2025-04-04T08:38:45.627+0000] {dag.py:3823} INFO - Setting next_dagrun for example_skip_dag to 2025-04-03 00:00:00+00:00, run_after=2025-04-04 00:00:00+00:00
[2025-04-04T08:38:45.648+0000] {processor.py:183} INFO - Processing /home/airflow/.local/lib/python3.8/site-packages/airflow/example_dags/example_skip_dag.py took 0.073 seconds
[2025-04-04T08:39:15.892+0000] {processor.py:161} INFO - Started process (PID=1984) to work on /home/airflow/.local/lib/python3.8/site-packages/airflow/example_dags/example_skip_dag.py
[2025-04-04T08:39:15.894+0000] {processor.py:830} INFO - Processing file /home/airflow/.local/lib/python3.8/site-packages/airflow/example_dags/example_skip_dag.py for tasks to queue
[2025-04-04T08:39:15.895+0000] {logging_mixin.py:188} INFO - [2025-04-04T08:39:15.895+0000] {dagbag.py:538} INFO - Filling up the DagBag from /home/airflow/.local/lib/python3.8/site-packages/airflow/example_dags/example_skip_dag.py
[2025-04-04T08:39:15.902+0000] {processor.py:840} INFO - DAG(s) 'example_skip_dag' retrieved from /home/airflow/.local/lib/python3.8/site-packages/airflow/example_dags/example_skip_dag.py
[2025-04-04T08:39:15.923+0000] {logging_mixin.py:188} INFO - [2025-04-04T08:39:15.923+0000] {dag.py:3036} INFO - Sync 1 DAGs
[2025-04-04T08:39:15.947+0000] {logging_mixin.py:188} INFO - [2025-04-04T08:39:15.947+0000] {dag.py:3823} INFO - Setting next_dagrun for example_skip_dag to 2025-04-03 00:00:00+00:00, run_after=2025-04-04 00:00:00+00:00
[2025-04-04T08:39:15.970+0000] {processor.py:183} INFO - Processing /home/airflow/.local/lib/python3.8/site-packages/airflow/example_dags/example_skip_dag.py took 0.080 seconds
[2025-04-04T08:39:46.220+0000] {processor.py:161} INFO - Started process (PID=2231) to work on /home/airflow/.local/lib/python3.8/site-packages/airflow/example_dags/example_skip_dag.py
[2025-04-04T08:39:46.222+0000] {processor.py:830} INFO - Processing file /home/airflow/.local/lib/python3.8/site-packages/airflow/example_dags/example_skip_dag.py for tasks to queue
[2025-04-04T08:39:46.224+0000] {logging_mixin.py:188} INFO - [2025-04-04T08:39:46.223+0000] {dagbag.py:538} INFO - Filling up the DagBag from /home/airflow/.local/lib/python3.8/site-packages/airflow/example_dags/example_skip_dag.py
[2025-04-04T08:39:46.234+0000] {processor.py:840} INFO - DAG(s) 'example_skip_dag' retrieved from /home/airflow/.local/lib/python3.8/site-packages/airflow/example_dags/example_skip_dag.py
[2025-04-04T08:39:46.266+0000] {logging_mixin.py:188} INFO - [2025-04-04T08:39:46.266+0000] {dag.py:3036} INFO - Sync 1 DAGs
[2025-04-04T08:39:46.307+0000] {logging_mixin.py:188} INFO - [2025-04-04T08:39:46.307+0000] {dag.py:3823} INFO - Setting next_dagrun for example_skip_dag to 2025-04-03 00:00:00+00:00, run_after=2025-04-04 00:00:00+00:00
[2025-04-04T08:39:46.341+0000] {processor.py:183} INFO - Processing /home/airflow/.local/lib/python3.8/site-packages/airflow/example_dags/example_skip_dag.py took 0.126 seconds
[2025-04-04T08:40:17.023+0000] {processor.py:161} INFO - Started process (PID=2478) to work on /home/airflow/.local/lib/python3.8/site-packages/airflow/example_dags/example_skip_dag.py
[2025-04-04T08:40:17.024+0000] {processor.py:830} INFO - Processing file /home/airflow/.local/lib/python3.8/site-packages/airflow/example_dags/example_skip_dag.py for tasks to queue
[2025-04-04T08:40:17.026+0000] {logging_mixin.py:188} INFO - [2025-04-04T08:40:17.025+0000] {dagbag.py:538} INFO - Filling up the DagBag from /home/airflow/.local/lib/python3.8/site-packages/airflow/example_dags/example_skip_dag.py
[2025-04-04T08:40:17.032+0000] {processor.py:840} INFO - DAG(s) 'example_skip_dag' retrieved from /home/airflow/.local/lib/python3.8/site-packages/airflow/example_dags/example_skip_dag.py
[2025-04-04T08:40:17.054+0000] {logging_mixin.py:188} INFO - [2025-04-04T08:40:17.054+0000] {dag.py:3036} INFO - Sync 1 DAGs
[2025-04-04T08:40:17.075+0000] {logging_mixin.py:188} INFO - [2025-04-04T08:40:17.075+0000] {dag.py:3823} INFO - Setting next_dagrun for example_skip_dag to 2025-04-03 00:00:00+00:00, run_after=2025-04-04 00:00:00+00:00
[2025-04-04T08:40:17.096+0000] {processor.py:183} INFO - Processing /home/airflow/.local/lib/python3.8/site-packages/airflow/example_dags/example_skip_dag.py took 0.075 seconds
[2025-04-04T08:40:47.305+0000] {processor.py:161} INFO - Started process (PID=2725) to work on /home/airflow/.local/lib/python3.8/site-packages/airflow/example_dags/example_skip_dag.py
[2025-04-04T08:40:47.306+0000] {processor.py:830} INFO - Processing file /home/airflow/.local/lib/python3.8/site-packages/airflow/example_dags/example_skip_dag.py for tasks to queue
[2025-04-04T08:40:47.308+0000] {logging_mixin.py:188} INFO - [2025-04-04T08:40:47.308+0000] {dagbag.py:538} INFO - Filling up the DagBag from /home/airflow/.local/lib/python3.8/site-packages/airflow/example_dags/example_skip_dag.py
[2025-04-04T08:40:47.323+0000] {processor.py:840} INFO - DAG(s) 'example_skip_dag' retrieved from /home/airflow/.local/lib/python3.8/site-packages/airflow/example_dags/example_skip_dag.py
[2025-04-04T08:40:47.345+0000] {logging_mixin.py:188} INFO - [2025-04-04T08:40:47.345+0000] {dag.py:3036} INFO - Sync 1 DAGs
[2025-04-04T08:40:47.367+0000] {logging_mixin.py:188} INFO - [2025-04-04T08:40:47.367+0000] {dag.py:3823} INFO - Setting next_dagrun for example_skip_dag to 2025-04-03 00:00:00+00:00, run_after=2025-04-04 00:00:00+00:00
[2025-04-04T08:40:47.388+0000] {processor.py:183} INFO - Processing /home/airflow/.local/lib/python3.8/site-packages/airflow/example_dags/example_skip_dag.py took 0.086 seconds
[2025-04-04T08:43:02.385+0000] {processor.py:161} INFO - Started process (PID=243) to work on /home/airflow/.local/lib/python3.8/site-packages/airflow/example_dags/example_skip_dag.py
[2025-04-04T08:43:02.387+0000] {processor.py:830} INFO - Processing file /home/airflow/.local/lib/python3.8/site-packages/airflow/example_dags/example_skip_dag.py for tasks to queue
[2025-04-04T08:43:02.388+0000] {logging_mixin.py:188} INFO - [2025-04-04T08:43:02.388+0000] {dagbag.py:538} INFO - Filling up the DagBag from /home/airflow/.local/lib/python3.8/site-packages/airflow/example_dags/example_skip_dag.py
[2025-04-04T08:43:02.399+0000] {processor.py:840} INFO - DAG(s) 'example_skip_dag' retrieved from /home/airflow/.local/lib/python3.8/site-packages/airflow/example_dags/example_skip_dag.py
[2025-04-04T08:43:02.412+0000] {logging_mixin.py:188} INFO - [2025-04-04T08:43:02.412+0000] {dag.py:3036} INFO - Sync 1 DAGs
[2025-04-04T08:43:02.453+0000] {logging_mixin.py:188} INFO - [2025-04-04T08:43:02.453+0000] {dag.py:3823} INFO - Setting next_dagrun for example_skip_dag to 2025-04-03 00:00:00+00:00, run_after=2025-04-04 00:00:00+00:00
[2025-04-04T08:43:02.474+0000] {processor.py:183} INFO - Processing /home/airflow/.local/lib/python3.8/site-packages/airflow/example_dags/example_skip_dag.py took 0.093 seconds
[2025-04-04T08:43:33.446+0000] {processor.py:161} INFO - Started process (PID=490) to work on /home/airflow/.local/lib/python3.8/site-packages/airflow/example_dags/example_skip_dag.py
[2025-04-04T08:43:33.447+0000] {processor.py:830} INFO - Processing file /home/airflow/.local/lib/python3.8/site-packages/airflow/example_dags/example_skip_dag.py for tasks to queue
[2025-04-04T08:43:33.449+0000] {logging_mixin.py:188} INFO - [2025-04-04T08:43:33.448+0000] {dagbag.py:538} INFO - Filling up the DagBag from /home/airflow/.local/lib/python3.8/site-packages/airflow/example_dags/example_skip_dag.py
[2025-04-04T08:43:33.458+0000] {processor.py:840} INFO - DAG(s) 'example_skip_dag' retrieved from /home/airflow/.local/lib/python3.8/site-packages/airflow/example_dags/example_skip_dag.py
[2025-04-04T08:43:33.564+0000] {logging_mixin.py:188} INFO - [2025-04-04T08:43:33.564+0000] {dag.py:3036} INFO - Sync 1 DAGs
[2025-04-04T08:43:33.584+0000] {logging_mixin.py:188} INFO - [2025-04-04T08:43:33.583+0000] {dag.py:3823} INFO - Setting next_dagrun for example_skip_dag to 2025-04-03 00:00:00+00:00, run_after=2025-04-04 00:00:00+00:00
[2025-04-04T08:43:33.605+0000] {processor.py:183} INFO - Processing /home/airflow/.local/lib/python3.8/site-packages/airflow/example_dags/example_skip_dag.py took 0.164 seconds
[2025-04-04T08:44:03.742+0000] {processor.py:161} INFO - Started process (PID=737) to work on /home/airflow/.local/lib/python3.8/site-packages/airflow/example_dags/example_skip_dag.py
[2025-04-04T08:44:03.744+0000] {processor.py:830} INFO - Processing file /home/airflow/.local/lib/python3.8/site-packages/airflow/example_dags/example_skip_dag.py for tasks to queue
[2025-04-04T08:44:03.745+0000] {logging_mixin.py:188} INFO - [2025-04-04T08:44:03.745+0000] {dagbag.py:538} INFO - Filling up the DagBag from /home/airflow/.local/lib/python3.8/site-packages/airflow/example_dags/example_skip_dag.py
[2025-04-04T08:44:03.753+0000] {processor.py:840} INFO - DAG(s) 'example_skip_dag' retrieved from /home/airflow/.local/lib/python3.8/site-packages/airflow/example_dags/example_skip_dag.py
[2025-04-04T08:44:03.776+0000] {logging_mixin.py:188} INFO - [2025-04-04T08:44:03.776+0000] {dag.py:3036} INFO - Sync 1 DAGs
[2025-04-04T08:44:03.800+0000] {logging_mixin.py:188} INFO - [2025-04-04T08:44:03.799+0000] {dag.py:3823} INFO - Setting next_dagrun for example_skip_dag to 2025-04-03 00:00:00+00:00, run_after=2025-04-04 00:00:00+00:00
[2025-04-04T08:44:03.821+0000] {processor.py:183} INFO - Processing /home/airflow/.local/lib/python3.8/site-packages/airflow/example_dags/example_skip_dag.py took 0.082 seconds
[2025-04-04T08:44:34.039+0000] {processor.py:161} INFO - Started process (PID=984) to work on /home/airflow/.local/lib/python3.8/site-packages/airflow/example_dags/example_skip_dag.py
[2025-04-04T08:44:34.041+0000] {processor.py:830} INFO - Processing file /home/airflow/.local/lib/python3.8/site-packages/airflow/example_dags/example_skip_dag.py for tasks to queue
[2025-04-04T08:44:34.043+0000] {logging_mixin.py:188} INFO - [2025-04-04T08:44:34.042+0000] {dagbag.py:538} INFO - Filling up the DagBag from /home/airflow/.local/lib/python3.8/site-packages/airflow/example_dags/example_skip_dag.py
[2025-04-04T08:44:34.057+0000] {processor.py:840} INFO - DAG(s) 'example_skip_dag' retrieved from /home/airflow/.local/lib/python3.8/site-packages/airflow/example_dags/example_skip_dag.py
[2025-04-04T08:44:34.098+0000] {logging_mixin.py:188} INFO - [2025-04-04T08:44:34.097+0000] {dag.py:3036} INFO - Sync 1 DAGs
[2025-04-04T08:44:34.143+0000] {logging_mixin.py:188} INFO - [2025-04-04T08:44:34.142+0000] {dag.py:3823} INFO - Setting next_dagrun for example_skip_dag to 2025-04-03 00:00:00+00:00, run_after=2025-04-04 00:00:00+00:00
[2025-04-04T08:44:34.179+0000] {processor.py:183} INFO - Processing /home/airflow/.local/lib/python3.8/site-packages/airflow/example_dags/example_skip_dag.py took 0.146 seconds
[2025-04-04T08:45:04.772+0000] {processor.py:161} INFO - Started process (PID=1231) to work on /home/airflow/.local/lib/python3.8/site-packages/airflow/example_dags/example_skip_dag.py
[2025-04-04T08:45:04.774+0000] {processor.py:830} INFO - Processing file /home/airflow/.local/lib/python3.8/site-packages/airflow/example_dags/example_skip_dag.py for tasks to queue
[2025-04-04T08:45:04.775+0000] {logging_mixin.py:188} INFO - [2025-04-04T08:45:04.775+0000] {dagbag.py:538} INFO - Filling up the DagBag from /home/airflow/.local/lib/python3.8/site-packages/airflow/example_dags/example_skip_dag.py
[2025-04-04T08:45:04.787+0000] {processor.py:840} INFO - DAG(s) 'example_skip_dag' retrieved from /home/airflow/.local/lib/python3.8/site-packages/airflow/example_dags/example_skip_dag.py
[2025-04-04T08:45:04.814+0000] {logging_mixin.py:188} INFO - [2025-04-04T08:45:04.814+0000] {dag.py:3036} INFO - Sync 1 DAGs
[2025-04-04T08:45:04.844+0000] {logging_mixin.py:188} INFO - [2025-04-04T08:45:04.844+0000] {dag.py:3823} INFO - Setting next_dagrun for example_skip_dag to 2025-04-03 00:00:00+00:00, run_after=2025-04-04 00:00:00+00:00
[2025-04-04T08:45:04.872+0000] {processor.py:183} INFO - Processing /home/airflow/.local/lib/python3.8/site-packages/airflow/example_dags/example_skip_dag.py took 0.105 seconds
[2025-04-04T08:45:35.438+0000] {processor.py:161} INFO - Started process (PID=1478) to work on /home/airflow/.local/lib/python3.8/site-packages/airflow/example_dags/example_skip_dag.py
[2025-04-04T08:45:35.439+0000] {processor.py:830} INFO - Processing file /home/airflow/.local/lib/python3.8/site-packages/airflow/example_dags/example_skip_dag.py for tasks to queue
[2025-04-04T08:45:35.440+0000] {logging_mixin.py:188} INFO - [2025-04-04T08:45:35.440+0000] {dagbag.py:538} INFO - Filling up the DagBag from /home/airflow/.local/lib/python3.8/site-packages/airflow/example_dags/example_skip_dag.py
[2025-04-04T08:45:35.448+0000] {processor.py:840} INFO - DAG(s) 'example_skip_dag' retrieved from /home/airflow/.local/lib/python3.8/site-packages/airflow/example_dags/example_skip_dag.py
[2025-04-04T08:45:35.471+0000] {logging_mixin.py:188} INFO - [2025-04-04T08:45:35.471+0000] {dag.py:3036} INFO - Sync 1 DAGs
[2025-04-04T08:45:35.494+0000] {logging_mixin.py:188} INFO - [2025-04-04T08:45:35.493+0000] {dag.py:3823} INFO - Setting next_dagrun for example_skip_dag to 2025-04-03 00:00:00+00:00, run_after=2025-04-04 00:00:00+00:00
[2025-04-04T08:45:35.515+0000] {processor.py:183} INFO - Processing /home/airflow/.local/lib/python3.8/site-packages/airflow/example_dags/example_skip_dag.py took 0.081 seconds
[2025-04-04T08:46:05.788+0000] {processor.py:161} INFO - Started process (PID=1725) to work on /home/airflow/.local/lib/python3.8/site-packages/airflow/example_dags/example_skip_dag.py
[2025-04-04T08:46:05.789+0000] {processor.py:830} INFO - Processing file /home/airflow/.local/lib/python3.8/site-packages/airflow/example_dags/example_skip_dag.py for tasks to queue
[2025-04-04T08:46:05.790+0000] {logging_mixin.py:188} INFO - [2025-04-04T08:46:05.790+0000] {dagbag.py:538} INFO - Filling up the DagBag from /home/airflow/.local/lib/python3.8/site-packages/airflow/example_dags/example_skip_dag.py
[2025-04-04T08:46:05.797+0000] {processor.py:840} INFO - DAG(s) 'example_skip_dag' retrieved from /home/airflow/.local/lib/python3.8/site-packages/airflow/example_dags/example_skip_dag.py
[2025-04-04T08:46:05.820+0000] {logging_mixin.py:188} INFO - [2025-04-04T08:46:05.820+0000] {dag.py:3036} INFO - Sync 1 DAGs
[2025-04-04T08:46:05.842+0000] {logging_mixin.py:188} INFO - [2025-04-04T08:46:05.842+0000] {dag.py:3823} INFO - Setting next_dagrun for example_skip_dag to 2025-04-03 00:00:00+00:00, run_after=2025-04-04 00:00:00+00:00
[2025-04-04T08:46:05.864+0000] {processor.py:183} INFO - Processing /home/airflow/.local/lib/python3.8/site-packages/airflow/example_dags/example_skip_dag.py took 0.078 seconds
[2025-04-04T08:50:23.498+0000] {processor.py:161} INFO - Started process (PID=246) to work on /home/airflow/.local/lib/python3.8/site-packages/airflow/example_dags/example_skip_dag.py
[2025-04-04T08:50:23.499+0000] {processor.py:830} INFO - Processing file /home/airflow/.local/lib/python3.8/site-packages/airflow/example_dags/example_skip_dag.py for tasks to queue
[2025-04-04T08:50:23.501+0000] {logging_mixin.py:188} INFO - [2025-04-04T08:50:23.500+0000] {dagbag.py:538} INFO - Filling up the DagBag from /home/airflow/.local/lib/python3.8/site-packages/airflow/example_dags/example_skip_dag.py
[2025-04-04T08:50:23.512+0000] {processor.py:840} INFO - DAG(s) 'example_skip_dag' retrieved from /home/airflow/.local/lib/python3.8/site-packages/airflow/example_dags/example_skip_dag.py
[2025-04-04T08:50:23.529+0000] {logging_mixin.py:188} INFO - [2025-04-04T08:50:23.528+0000] {dag.py:3036} INFO - Sync 1 DAGs
[2025-04-04T08:50:23.559+0000] {logging_mixin.py:188} INFO - [2025-04-04T08:50:23.559+0000] {dag.py:3823} INFO - Setting next_dagrun for example_skip_dag to 2025-04-03 00:00:00+00:00, run_after=2025-04-04 00:00:00+00:00
[2025-04-04T08:50:23.582+0000] {processor.py:183} INFO - Processing /home/airflow/.local/lib/python3.8/site-packages/airflow/example_dags/example_skip_dag.py took 0.088 seconds
[2025-04-04T08:50:53.962+0000] {processor.py:161} INFO - Started process (PID=491) to work on /home/airflow/.local/lib/python3.8/site-packages/airflow/example_dags/example_skip_dag.py
[2025-04-04T08:50:53.963+0000] {processor.py:830} INFO - Processing file /home/airflow/.local/lib/python3.8/site-packages/airflow/example_dags/example_skip_dag.py for tasks to queue
[2025-04-04T08:50:53.964+0000] {logging_mixin.py:188} INFO - [2025-04-04T08:50:53.964+0000] {dagbag.py:538} INFO - Filling up the DagBag from /home/airflow/.local/lib/python3.8/site-packages/airflow/example_dags/example_skip_dag.py
[2025-04-04T08:50:53.971+0000] {processor.py:840} INFO - DAG(s) 'example_skip_dag' retrieved from /home/airflow/.local/lib/python3.8/site-packages/airflow/example_dags/example_skip_dag.py
[2025-04-04T08:50:54.119+0000] {logging_mixin.py:188} INFO - [2025-04-04T08:50:54.119+0000] {dag.py:3036} INFO - Sync 1 DAGs
[2025-04-04T08:50:54.154+0000] {logging_mixin.py:188} INFO - [2025-04-04T08:50:54.153+0000] {dag.py:3823} INFO - Setting next_dagrun for example_skip_dag to 2025-04-03 00:00:00+00:00, run_after=2025-04-04 00:00:00+00:00
[2025-04-04T08:50:54.181+0000] {processor.py:183} INFO - Processing /home/airflow/.local/lib/python3.8/site-packages/airflow/example_dags/example_skip_dag.py took 0.223 seconds
[2025-04-04T08:51:24.718+0000] {processor.py:161} INFO - Started process (PID=744) to work on /home/airflow/.local/lib/python3.8/site-packages/airflow/example_dags/example_skip_dag.py
[2025-04-04T08:51:24.719+0000] {processor.py:830} INFO - Processing file /home/airflow/.local/lib/python3.8/site-packages/airflow/example_dags/example_skip_dag.py for tasks to queue
[2025-04-04T08:51:24.720+0000] {logging_mixin.py:188} INFO - [2025-04-04T08:51:24.720+0000] {dagbag.py:538} INFO - Filling up the DagBag from /home/airflow/.local/lib/python3.8/site-packages/airflow/example_dags/example_skip_dag.py
[2025-04-04T08:51:24.726+0000] {processor.py:840} INFO - DAG(s) 'example_skip_dag' retrieved from /home/airflow/.local/lib/python3.8/site-packages/airflow/example_dags/example_skip_dag.py
[2025-04-04T08:51:24.748+0000] {logging_mixin.py:188} INFO - [2025-04-04T08:51:24.747+0000] {dag.py:3036} INFO - Sync 1 DAGs
[2025-04-04T08:51:24.768+0000] {logging_mixin.py:188} INFO - [2025-04-04T08:51:24.768+0000] {dag.py:3823} INFO - Setting next_dagrun for example_skip_dag to 2025-04-03 00:00:00+00:00, run_after=2025-04-04 00:00:00+00:00
[2025-04-04T08:51:24.789+0000] {processor.py:183} INFO - Processing /home/airflow/.local/lib/python3.8/site-packages/airflow/example_dags/example_skip_dag.py took 0.074 seconds
[2025-04-04T08:51:55.859+0000] {processor.py:161} INFO - Started process (PID=991) to work on /home/airflow/.local/lib/python3.8/site-packages/airflow/example_dags/example_skip_dag.py
[2025-04-04T08:51:55.876+0000] {processor.py:830} INFO - Processing file /home/airflow/.local/lib/python3.8/site-packages/airflow/example_dags/example_skip_dag.py for tasks to queue
[2025-04-04T08:51:55.877+0000] {logging_mixin.py:188} INFO - [2025-04-04T08:51:55.877+0000] {dagbag.py:538} INFO - Filling up the DagBag from /home/airflow/.local/lib/python3.8/site-packages/airflow/example_dags/example_skip_dag.py
[2025-04-04T08:51:55.886+0000] {processor.py:840} INFO - DAG(s) 'example_skip_dag' retrieved from /home/airflow/.local/lib/python3.8/site-packages/airflow/example_dags/example_skip_dag.py
[2025-04-04T08:51:55.908+0000] {logging_mixin.py:188} INFO - [2025-04-04T08:51:55.908+0000] {dag.py:3036} INFO - Sync 1 DAGs
[2025-04-04T08:51:55.929+0000] {logging_mixin.py:188} INFO - [2025-04-04T08:51:55.929+0000] {dag.py:3823} INFO - Setting next_dagrun for example_skip_dag to 2025-04-03 00:00:00+00:00, run_after=2025-04-04 00:00:00+00:00
[2025-04-04T08:51:55.996+0000] {processor.py:183} INFO - Processing /home/airflow/.local/lib/python3.8/site-packages/airflow/example_dags/example_skip_dag.py took 0.141 seconds
[2025-04-04T08:52:26.562+0000] {processor.py:161} INFO - Started process (PID=1238) to work on /home/airflow/.local/lib/python3.8/site-packages/airflow/example_dags/example_skip_dag.py
[2025-04-04T08:52:26.564+0000] {processor.py:830} INFO - Processing file /home/airflow/.local/lib/python3.8/site-packages/airflow/example_dags/example_skip_dag.py for tasks to queue
[2025-04-04T08:52:26.565+0000] {logging_mixin.py:188} INFO - [2025-04-04T08:52:26.565+0000] {dagbag.py:538} INFO - Filling up the DagBag from /home/airflow/.local/lib/python3.8/site-packages/airflow/example_dags/example_skip_dag.py
[2025-04-04T08:52:26.571+0000] {processor.py:840} INFO - DAG(s) 'example_skip_dag' retrieved from /home/airflow/.local/lib/python3.8/site-packages/airflow/example_dags/example_skip_dag.py
[2025-04-04T08:52:26.594+0000] {logging_mixin.py:188} INFO - [2025-04-04T08:52:26.594+0000] {dag.py:3036} INFO - Sync 1 DAGs
[2025-04-04T08:52:26.615+0000] {logging_mixin.py:188} INFO - [2025-04-04T08:52:26.614+0000] {dag.py:3823} INFO - Setting next_dagrun for example_skip_dag to 2025-04-03 00:00:00+00:00, run_after=2025-04-04 00:00:00+00:00
[2025-04-04T08:52:26.636+0000] {processor.py:183} INFO - Processing /home/airflow/.local/lib/python3.8/site-packages/airflow/example_dags/example_skip_dag.py took 0.077 seconds
[2025-04-04T08:52:57.345+0000] {processor.py:161} INFO - Started process (PID=1485) to work on /home/airflow/.local/lib/python3.8/site-packages/airflow/example_dags/example_skip_dag.py
[2025-04-04T08:52:57.347+0000] {processor.py:830} INFO - Processing file /home/airflow/.local/lib/python3.8/site-packages/airflow/example_dags/example_skip_dag.py for tasks to queue
[2025-04-04T08:52:57.348+0000] {logging_mixin.py:188} INFO - [2025-04-04T08:52:57.348+0000] {dagbag.py:538} INFO - Filling up the DagBag from /home/airflow/.local/lib/python3.8/site-packages/airflow/example_dags/example_skip_dag.py
[2025-04-04T08:52:57.358+0000] {processor.py:840} INFO - DAG(s) 'example_skip_dag' retrieved from /home/airflow/.local/lib/python3.8/site-packages/airflow/example_dags/example_skip_dag.py
[2025-04-04T08:52:57.386+0000] {logging_mixin.py:188} INFO - [2025-04-04T08:52:57.385+0000] {dag.py:3036} INFO - Sync 1 DAGs
[2025-04-04T08:52:57.412+0000] {logging_mixin.py:188} INFO - [2025-04-04T08:52:57.411+0000] {dag.py:3823} INFO - Setting next_dagrun for example_skip_dag to 2025-04-03 00:00:00+00:00, run_after=2025-04-04 00:00:00+00:00
[2025-04-04T08:52:57.436+0000] {processor.py:183} INFO - Processing /home/airflow/.local/lib/python3.8/site-packages/airflow/example_dags/example_skip_dag.py took 0.093 seconds
[2025-04-04T08:53:27.671+0000] {processor.py:161} INFO - Started process (PID=1732) to work on /home/airflow/.local/lib/python3.8/site-packages/airflow/example_dags/example_skip_dag.py
[2025-04-04T08:53:27.673+0000] {processor.py:830} INFO - Processing file /home/airflow/.local/lib/python3.8/site-packages/airflow/example_dags/example_skip_dag.py for tasks to queue
[2025-04-04T08:53:27.674+0000] {logging_mixin.py:188} INFO - [2025-04-04T08:53:27.674+0000] {dagbag.py:538} INFO - Filling up the DagBag from /home/airflow/.local/lib/python3.8/site-packages/airflow/example_dags/example_skip_dag.py
[2025-04-04T08:53:27.681+0000] {processor.py:840} INFO - DAG(s) 'example_skip_dag' retrieved from /home/airflow/.local/lib/python3.8/site-packages/airflow/example_dags/example_skip_dag.py
[2025-04-04T08:53:27.704+0000] {logging_mixin.py:188} INFO - [2025-04-04T08:53:27.703+0000] {dag.py:3036} INFO - Sync 1 DAGs
[2025-04-04T08:53:27.726+0000] {logging_mixin.py:188} INFO - [2025-04-04T08:53:27.725+0000] {dag.py:3823} INFO - Setting next_dagrun for example_skip_dag to 2025-04-03 00:00:00+00:00, run_after=2025-04-04 00:00:00+00:00
[2025-04-04T08:53:27.746+0000] {processor.py:183} INFO - Processing /home/airflow/.local/lib/python3.8/site-packages/airflow/example_dags/example_skip_dag.py took 0.078 seconds
[2025-04-04T08:53:58.020+0000] {processor.py:161} INFO - Started process (PID=1979) to work on /home/airflow/.local/lib/python3.8/site-packages/airflow/example_dags/example_skip_dag.py
[2025-04-04T08:53:58.022+0000] {processor.py:830} INFO - Processing file /home/airflow/.local/lib/python3.8/site-packages/airflow/example_dags/example_skip_dag.py for tasks to queue
[2025-04-04T08:53:58.023+0000] {logging_mixin.py:188} INFO - [2025-04-04T08:53:58.023+0000] {dagbag.py:538} INFO - Filling up the DagBag from /home/airflow/.local/lib/python3.8/site-packages/airflow/example_dags/example_skip_dag.py
[2025-04-04T08:53:58.031+0000] {processor.py:840} INFO - DAG(s) 'example_skip_dag' retrieved from /home/airflow/.local/lib/python3.8/site-packages/airflow/example_dags/example_skip_dag.py
[2025-04-04T08:53:58.054+0000] {logging_mixin.py:188} INFO - [2025-04-04T08:53:58.053+0000] {dag.py:3036} INFO - Sync 1 DAGs
[2025-04-04T08:53:58.075+0000] {logging_mixin.py:188} INFO - [2025-04-04T08:53:58.075+0000] {dag.py:3823} INFO - Setting next_dagrun for example_skip_dag to 2025-04-03 00:00:00+00:00, run_after=2025-04-04 00:00:00+00:00
[2025-04-04T08:53:58.097+0000] {processor.py:183} INFO - Processing /home/airflow/.local/lib/python3.8/site-packages/airflow/example_dags/example_skip_dag.py took 0.080 seconds
[2025-04-04T08:54:30.562+0000] {processor.py:161} INFO - Started process (PID=2226) to work on /home/airflow/.local/lib/python3.8/site-packages/airflow/example_dags/example_skip_dag.py
[2025-04-04T08:54:30.565+0000] {processor.py:830} INFO - Processing file /home/airflow/.local/lib/python3.8/site-packages/airflow/example_dags/example_skip_dag.py for tasks to queue
[2025-04-04T08:54:30.576+0000] {logging_mixin.py:188} INFO - [2025-04-04T08:54:30.567+0000] {dagbag.py:538} INFO - Filling up the DagBag from /home/airflow/.local/lib/python3.8/site-packages/airflow/example_dags/example_skip_dag.py
[2025-04-04T08:54:30.600+0000] {processor.py:840} INFO - DAG(s) 'example_skip_dag' retrieved from /home/airflow/.local/lib/python3.8/site-packages/airflow/example_dags/example_skip_dag.py
[2025-04-04T08:54:30.698+0000] {logging_mixin.py:188} INFO - [2025-04-04T08:54:30.697+0000] {dag.py:3036} INFO - Sync 1 DAGs
[2025-04-04T08:54:30.821+0000] {logging_mixin.py:188} INFO - [2025-04-04T08:54:30.820+0000] {dag.py:3823} INFO - Setting next_dagrun for example_skip_dag to 2025-04-03 00:00:00+00:00, run_after=2025-04-04 00:00:00+00:00
[2025-04-04T08:54:30.909+0000] {processor.py:183} INFO - Processing /home/airflow/.local/lib/python3.8/site-packages/airflow/example_dags/example_skip_dag.py took 0.354 seconds
[2025-04-04T08:55:01.419+0000] {processor.py:161} INFO - Started process (PID=2473) to work on /home/airflow/.local/lib/python3.8/site-packages/airflow/example_dags/example_skip_dag.py
[2025-04-04T08:55:01.421+0000] {processor.py:830} INFO - Processing file /home/airflow/.local/lib/python3.8/site-packages/airflow/example_dags/example_skip_dag.py for tasks to queue
[2025-04-04T08:55:01.422+0000] {logging_mixin.py:188} INFO - [2025-04-04T08:55:01.422+0000] {dagbag.py:538} INFO - Filling up the DagBag from /home/airflow/.local/lib/python3.8/site-packages/airflow/example_dags/example_skip_dag.py
[2025-04-04T08:55:01.431+0000] {processor.py:840} INFO - DAG(s) 'example_skip_dag' retrieved from /home/airflow/.local/lib/python3.8/site-packages/airflow/example_dags/example_skip_dag.py
[2025-04-04T08:55:01.459+0000] {logging_mixin.py:188} INFO - [2025-04-04T08:55:01.459+0000] {dag.py:3036} INFO - Sync 1 DAGs
[2025-04-04T08:55:01.492+0000] {logging_mixin.py:188} INFO - [2025-04-04T08:55:01.491+0000] {dag.py:3823} INFO - Setting next_dagrun for example_skip_dag to 2025-04-03 00:00:00+00:00, run_after=2025-04-04 00:00:00+00:00
[2025-04-04T08:55:01.520+0000] {processor.py:183} INFO - Processing /home/airflow/.local/lib/python3.8/site-packages/airflow/example_dags/example_skip_dag.py took 0.105 seconds
[2025-04-04T08:55:32.166+0000] {processor.py:161} INFO - Started process (PID=2720) to work on /home/airflow/.local/lib/python3.8/site-packages/airflow/example_dags/example_skip_dag.py
[2025-04-04T08:55:32.167+0000] {processor.py:830} INFO - Processing file /home/airflow/.local/lib/python3.8/site-packages/airflow/example_dags/example_skip_dag.py for tasks to queue
[2025-04-04T08:55:32.169+0000] {logging_mixin.py:188} INFO - [2025-04-04T08:55:32.168+0000] {dagbag.py:538} INFO - Filling up the DagBag from /home/airflow/.local/lib/python3.8/site-packages/airflow/example_dags/example_skip_dag.py
[2025-04-04T08:55:32.175+0000] {processor.py:840} INFO - DAG(s) 'example_skip_dag' retrieved from /home/airflow/.local/lib/python3.8/site-packages/airflow/example_dags/example_skip_dag.py
[2025-04-04T08:55:32.197+0000] {logging_mixin.py:188} INFO - [2025-04-04T08:55:32.197+0000] {dag.py:3036} INFO - Sync 1 DAGs
[2025-04-04T08:55:32.221+0000] {logging_mixin.py:188} INFO - [2025-04-04T08:55:32.221+0000] {dag.py:3823} INFO - Setting next_dagrun for example_skip_dag to 2025-04-03 00:00:00+00:00, run_after=2025-04-04 00:00:00+00:00
[2025-04-04T08:55:32.242+0000] {processor.py:183} INFO - Processing /home/airflow/.local/lib/python3.8/site-packages/airflow/example_dags/example_skip_dag.py took 0.079 seconds
[2025-04-04T08:56:02.492+0000] {processor.py:161} INFO - Started process (PID=2967) to work on /home/airflow/.local/lib/python3.8/site-packages/airflow/example_dags/example_skip_dag.py
[2025-04-04T08:56:02.494+0000] {processor.py:830} INFO - Processing file /home/airflow/.local/lib/python3.8/site-packages/airflow/example_dags/example_skip_dag.py for tasks to queue
[2025-04-04T08:56:02.496+0000] {logging_mixin.py:188} INFO - [2025-04-04T08:56:02.495+0000] {dagbag.py:538} INFO - Filling up the DagBag from /home/airflow/.local/lib/python3.8/site-packages/airflow/example_dags/example_skip_dag.py
[2025-04-04T08:56:02.506+0000] {processor.py:840} INFO - DAG(s) 'example_skip_dag' retrieved from /home/airflow/.local/lib/python3.8/site-packages/airflow/example_dags/example_skip_dag.py
[2025-04-04T08:56:02.541+0000] {logging_mixin.py:188} INFO - [2025-04-04T08:56:02.541+0000] {dag.py:3036} INFO - Sync 1 DAGs
[2025-04-04T08:56:02.578+0000] {logging_mixin.py:188} INFO - [2025-04-04T08:56:02.578+0000] {dag.py:3823} INFO - Setting next_dagrun for example_skip_dag to 2025-04-03 00:00:00+00:00, run_after=2025-04-04 00:00:00+00:00
[2025-04-04T08:56:02.606+0000] {processor.py:183} INFO - Processing /home/airflow/.local/lib/python3.8/site-packages/airflow/example_dags/example_skip_dag.py took 0.119 seconds
[2025-04-04T09:14:11.477+0000] {processor.py:161} INFO - Started process (PID=270) to work on /home/airflow/.local/lib/python3.8/site-packages/airflow/example_dags/example_skip_dag.py
[2025-04-04T09:14:11.479+0000] {processor.py:830} INFO - Processing file /home/airflow/.local/lib/python3.8/site-packages/airflow/example_dags/example_skip_dag.py for tasks to queue
[2025-04-04T09:14:11.481+0000] {logging_mixin.py:188} INFO - [2025-04-04T09:14:11.481+0000] {dagbag.py:538} INFO - Filling up the DagBag from /home/airflow/.local/lib/python3.8/site-packages/airflow/example_dags/example_skip_dag.py
[2025-04-04T09:14:11.528+0000] {processor.py:840} INFO - DAG(s) 'example_skip_dag' retrieved from /home/airflow/.local/lib/python3.8/site-packages/airflow/example_dags/example_skip_dag.py
[2025-04-04T09:14:12.033+0000] {logging_mixin.py:188} INFO - [2025-04-04T09:14:12.032+0000] {dag.py:3036} INFO - Sync 1 DAGs
[2025-04-04T09:14:12.068+0000] {logging_mixin.py:188} INFO - [2025-04-04T09:14:12.067+0000] {dag.py:3823} INFO - Setting next_dagrun for example_skip_dag to 2025-04-03 00:00:00+00:00, run_after=2025-04-04 00:00:00+00:00
[2025-04-04T09:14:12.098+0000] {processor.py:183} INFO - Processing /home/airflow/.local/lib/python3.8/site-packages/airflow/example_dags/example_skip_dag.py took 0.627 seconds
[2025-04-04T09:14:42.593+0000] {processor.py:161} INFO - Started process (PID=517) to work on /home/airflow/.local/lib/python3.8/site-packages/airflow/example_dags/example_skip_dag.py
[2025-04-04T09:14:42.594+0000] {processor.py:830} INFO - Processing file /home/airflow/.local/lib/python3.8/site-packages/airflow/example_dags/example_skip_dag.py for tasks to queue
[2025-04-04T09:14:42.595+0000] {logging_mixin.py:188} INFO - [2025-04-04T09:14:42.595+0000] {dagbag.py:538} INFO - Filling up the DagBag from /home/airflow/.local/lib/python3.8/site-packages/airflow/example_dags/example_skip_dag.py
[2025-04-04T09:14:42.634+0000] {processor.py:840} INFO - DAG(s) 'example_skip_dag' retrieved from /home/airflow/.local/lib/python3.8/site-packages/airflow/example_dags/example_skip_dag.py
[2025-04-04T09:14:42.670+0000] {logging_mixin.py:188} INFO - [2025-04-04T09:14:42.669+0000] {dag.py:3036} INFO - Sync 1 DAGs
[2025-04-04T09:14:42.690+0000] {logging_mixin.py:188} INFO - [2025-04-04T09:14:42.690+0000] {dag.py:3823} INFO - Setting next_dagrun for example_skip_dag to 2025-04-03 00:00:00+00:00, run_after=2025-04-04 00:00:00+00:00
[2025-04-04T09:14:42.712+0000] {processor.py:183} INFO - Processing /home/airflow/.local/lib/python3.8/site-packages/airflow/example_dags/example_skip_dag.py took 0.123 seconds
[2025-04-04T09:15:16.091+0000] {processor.py:161} INFO - Started process (PID=766) to work on /home/airflow/.local/lib/python3.8/site-packages/airflow/example_dags/example_skip_dag.py
[2025-04-04T09:15:16.093+0000] {processor.py:830} INFO - Processing file /home/airflow/.local/lib/python3.8/site-packages/airflow/example_dags/example_skip_dag.py for tasks to queue
[2025-04-04T09:15:16.094+0000] {logging_mixin.py:188} INFO - [2025-04-04T09:15:16.094+0000] {dagbag.py:538} INFO - Filling up the DagBag from /home/airflow/.local/lib/python3.8/site-packages/airflow/example_dags/example_skip_dag.py
[2025-04-04T09:15:16.105+0000] {processor.py:840} INFO - DAG(s) 'example_skip_dag' retrieved from /home/airflow/.local/lib/python3.8/site-packages/airflow/example_dags/example_skip_dag.py
[2025-04-04T09:15:16.135+0000] {logging_mixin.py:188} INFO - [2025-04-04T09:15:16.134+0000] {dag.py:3036} INFO - Sync 1 DAGs
[2025-04-04T09:15:16.165+0000] {logging_mixin.py:188} INFO - [2025-04-04T09:15:16.165+0000] {dag.py:3823} INFO - Setting next_dagrun for example_skip_dag to 2025-04-03 00:00:00+00:00, run_after=2025-04-04 00:00:00+00:00
[2025-04-04T09:15:16.196+0000] {processor.py:183} INFO - Processing /home/airflow/.local/lib/python3.8/site-packages/airflow/example_dags/example_skip_dag.py took 0.110 seconds
[2025-04-04T09:15:46.249+0000] {processor.py:161} INFO - Started process (PID=1011) to work on /home/airflow/.local/lib/python3.8/site-packages/airflow/example_dags/example_skip_dag.py
[2025-04-04T09:15:46.251+0000] {processor.py:830} INFO - Processing file /home/airflow/.local/lib/python3.8/site-packages/airflow/example_dags/example_skip_dag.py for tasks to queue
[2025-04-04T09:15:46.253+0000] {logging_mixin.py:188} INFO - [2025-04-04T09:15:46.252+0000] {dagbag.py:538} INFO - Filling up the DagBag from /home/airflow/.local/lib/python3.8/site-packages/airflow/example_dags/example_skip_dag.py
[2025-04-04T09:15:46.267+0000] {processor.py:840} INFO - DAG(s) 'example_skip_dag' retrieved from /home/airflow/.local/lib/python3.8/site-packages/airflow/example_dags/example_skip_dag.py
[2025-04-04T09:15:46.297+0000] {logging_mixin.py:188} INFO - [2025-04-04T09:15:46.296+0000] {dag.py:3036} INFO - Sync 1 DAGs
[2025-04-04T09:15:46.323+0000] {logging_mixin.py:188} INFO - [2025-04-04T09:15:46.323+0000] {dag.py:3823} INFO - Setting next_dagrun for example_skip_dag to 2025-04-03 00:00:00+00:00, run_after=2025-04-04 00:00:00+00:00
[2025-04-04T09:15:46.343+0000] {processor.py:183} INFO - Processing /home/airflow/.local/lib/python3.8/site-packages/airflow/example_dags/example_skip_dag.py took 0.101 seconds
