[2025-04-04T08:35:36.533+0000] {processor.py:161} INFO - Started process (PID=189) to work on /home/airflow/.local/lib/python3.8/site-packages/airflow/example_dags/example_branch_datetime_operator.py
[2025-04-04T08:35:36.537+0000] {processor.py:830} INFO - Processing file /home/airflow/.local/lib/python3.8/site-packages/airflow/example_dags/example_branch_datetime_operator.py for tasks to queue
[2025-04-04T08:35:36.540+0000] {logging_mixin.py:188} INFO - [2025-04-04T08:35:36.539+0000] {dagbag.py:538} INFO - Filling up the DagBag from /home/airflow/.local/lib/python3.8/site-packages/airflow/example_dags/example_branch_datetime_operator.py
[2025-04-04T08:35:36.746+0000] {processor.py:840} INFO - DAG(s) 'example_branch_datetime_operator', 'example_branch_datetime_operator_3', 'example_branch_datetime_operator_2' retrieved from /home/airflow/.local/lib/python3.8/site-packages/airflow/example_dags/example_branch_datetime_operator.py
[2025-04-04T08:35:37.839+0000] {logging_mixin.py:188} INFO - [2025-04-04T08:35:37.838+0000] {override.py:1769} INFO - Created Permission View: can edit on DAG:example_branch_datetime_operator
[2025-04-04T08:35:37.960+0000] {logging_mixin.py:188} INFO - [2025-04-04T08:35:37.959+0000] {override.py:1769} INFO - Created Permission View: can read on DAG:example_branch_datetime_operator
[2025-04-04T08:35:38.082+0000] {logging_mixin.py:188} INFO - [2025-04-04T08:35:38.082+0000] {override.py:1769} INFO - Created Permission View: can delete on DAG:example_branch_datetime_operator
[2025-04-04T08:35:38.215+0000] {logging_mixin.py:188} INFO - [2025-04-04T08:35:38.214+0000] {override.py:1769} INFO - Created Permission View: can edit on DAG:example_branch_datetime_operator_3
[2025-04-04T08:35:38.275+0000] {logging_mixin.py:188} INFO - [2025-04-04T08:35:38.274+0000] {override.py:1769} INFO - Created Permission View: can read on DAG:example_branch_datetime_operator_3
[2025-04-04T08:35:38.321+0000] {logging_mixin.py:188} INFO - [2025-04-04T08:35:38.321+0000] {override.py:1769} INFO - Created Permission View: can delete on DAG:example_branch_datetime_operator_3
[2025-04-04T08:35:38.429+0000] {logging_mixin.py:188} INFO - [2025-04-04T08:35:38.428+0000] {override.py:1769} INFO - Created Permission View: can edit on DAG:example_branch_datetime_operator_2
[2025-04-04T08:35:38.460+0000] {logging_mixin.py:188} INFO - [2025-04-04T08:35:38.459+0000] {override.py:1769} INFO - Created Permission View: can read on DAG:example_branch_datetime_operator_2
[2025-04-04T08:35:38.526+0000] {logging_mixin.py:188} INFO - [2025-04-04T08:35:38.525+0000] {override.py:1769} INFO - Created Permission View: can delete on DAG:example_branch_datetime_operator_2
[2025-04-04T08:35:38.527+0000] {logging_mixin.py:188} INFO - [2025-04-04T08:35:38.526+0000] {dag.py:3036} INFO - Sync 3 DAGs
[2025-04-04T08:35:38.540+0000] {logging_mixin.py:188} INFO - [2025-04-04T08:35:38.540+0000] {dag.py:3058} INFO - Creating ORM DAG for example_branch_datetime_operator_2
[2025-04-04T08:35:38.541+0000] {logging_mixin.py:188} INFO - [2025-04-04T08:35:38.541+0000] {dag.py:3058} INFO - Creating ORM DAG for example_branch_datetime_operator_3
[2025-04-04T08:35:38.542+0000] {logging_mixin.py:188} INFO - [2025-04-04T08:35:38.542+0000] {dag.py:3058} INFO - Creating ORM DAG for example_branch_datetime_operator
[2025-04-04T08:35:38.554+0000] {logging_mixin.py:188} INFO - [2025-04-04T08:35:38.553+0000] {dag.py:3823} INFO - Setting next_dagrun for example_branch_datetime_operator to 2025-04-03 00:00:00+00:00, run_after=2025-04-04 00:00:00+00:00
[2025-04-04T08:35:38.556+0000] {logging_mixin.py:188} INFO - [2025-04-04T08:35:38.556+0000] {dag.py:3823} INFO - Setting next_dagrun for example_branch_datetime_operator_2 to 2025-04-03 00:00:00+00:00, run_after=2025-04-04 00:00:00+00:00
[2025-04-04T08:35:38.558+0000] {logging_mixin.py:188} INFO - [2025-04-04T08:35:38.558+0000] {dag.py:3823} INFO - Setting next_dagrun for example_branch_datetime_operator_3 to 2025-04-03 00:00:00+00:00, run_after=2025-04-04 00:00:00+00:00
[2025-04-04T08:35:38.667+0000] {processor.py:183} INFO - Processing /home/airflow/.local/lib/python3.8/site-packages/airflow/example_dags/example_branch_datetime_operator.py took 2.148 seconds
[2025-04-04T08:36:09.545+0000] {processor.py:161} INFO - Started process (PID=438) to work on /home/airflow/.local/lib/python3.8/site-packages/airflow/example_dags/example_branch_datetime_operator.py
[2025-04-04T08:36:09.555+0000] {processor.py:830} INFO - Processing file /home/airflow/.local/lib/python3.8/site-packages/airflow/example_dags/example_branch_datetime_operator.py for tasks to queue
[2025-04-04T08:36:09.560+0000] {logging_mixin.py:188} INFO - [2025-04-04T08:36:09.558+0000] {dagbag.py:538} INFO - Filling up the DagBag from /home/airflow/.local/lib/python3.8/site-packages/airflow/example_dags/example_branch_datetime_operator.py
[2025-04-04T08:36:09.622+0000] {processor.py:840} INFO - DAG(s) 'example_branch_datetime_operator_2', 'example_branch_datetime_operator_3', 'example_branch_datetime_operator' retrieved from /home/airflow/.local/lib/python3.8/site-packages/airflow/example_dags/example_branch_datetime_operator.py
[2025-04-04T08:36:09.831+0000] {logging_mixin.py:188} INFO - [2025-04-04T08:36:09.831+0000] {dag.py:3036} INFO - Sync 3 DAGs
[2025-04-04T08:36:09.876+0000] {logging_mixin.py:188} INFO - [2025-04-04T08:36:09.875+0000] {dag.py:3823} INFO - Setting next_dagrun for example_branch_datetime_operator to 2025-04-03 00:00:00+00:00, run_after=2025-04-04 00:00:00+00:00
[2025-04-04T08:36:09.885+0000] {logging_mixin.py:188} INFO - [2025-04-04T08:36:09.885+0000] {dag.py:3823} INFO - Setting next_dagrun for example_branch_datetime_operator_2 to 2025-04-03 00:00:00+00:00, run_after=2025-04-04 00:00:00+00:00
[2025-04-04T08:36:09.891+0000] {logging_mixin.py:188} INFO - [2025-04-04T08:36:09.890+0000] {dag.py:3823} INFO - Setting next_dagrun for example_branch_datetime_operator_3 to 2025-04-03 00:00:00+00:00, run_after=2025-04-04 00:00:00+00:00
[2025-04-04T08:36:09.929+0000] {processor.py:183} INFO - Processing /home/airflow/.local/lib/python3.8/site-packages/airflow/example_dags/example_branch_datetime_operator.py took 0.412 seconds
[2025-04-04T08:36:40.140+0000] {processor.py:161} INFO - Started process (PID=685) to work on /home/airflow/.local/lib/python3.8/site-packages/airflow/example_dags/example_branch_datetime_operator.py
[2025-04-04T08:36:40.142+0000] {processor.py:830} INFO - Processing file /home/airflow/.local/lib/python3.8/site-packages/airflow/example_dags/example_branch_datetime_operator.py for tasks to queue
[2025-04-04T08:36:40.143+0000] {logging_mixin.py:188} INFO - [2025-04-04T08:36:40.142+0000] {dagbag.py:538} INFO - Filling up the DagBag from /home/airflow/.local/lib/python3.8/site-packages/airflow/example_dags/example_branch_datetime_operator.py
[2025-04-04T08:36:40.170+0000] {processor.py:840} INFO - DAG(s) 'example_branch_datetime_operator_3', 'example_branch_datetime_operator', 'example_branch_datetime_operator_2' retrieved from /home/airflow/.local/lib/python3.8/site-packages/airflow/example_dags/example_branch_datetime_operator.py
[2025-04-04T08:36:40.336+0000] {logging_mixin.py:188} INFO - [2025-04-04T08:36:40.335+0000] {dag.py:3036} INFO - Sync 3 DAGs
[2025-04-04T08:36:40.451+0000] {logging_mixin.py:188} INFO - [2025-04-04T08:36:40.450+0000] {dag.py:3823} INFO - Setting next_dagrun for example_branch_datetime_operator to 2025-04-03 00:00:00+00:00, run_after=2025-04-04 00:00:00+00:00
[2025-04-04T08:36:40.463+0000] {logging_mixin.py:188} INFO - [2025-04-04T08:36:40.462+0000] {dag.py:3823} INFO - Setting next_dagrun for example_branch_datetime_operator_2 to 2025-04-03 00:00:00+00:00, run_after=2025-04-04 00:00:00+00:00
[2025-04-04T08:36:40.470+0000] {logging_mixin.py:188} INFO - [2025-04-04T08:36:40.469+0000] {dag.py:3823} INFO - Setting next_dagrun for example_branch_datetime_operator_3 to 2025-04-03 00:00:00+00:00, run_after=2025-04-04 00:00:00+00:00
[2025-04-04T08:36:40.502+0000] {processor.py:183} INFO - Processing /home/airflow/.local/lib/python3.8/site-packages/airflow/example_dags/example_branch_datetime_operator.py took 0.385 seconds
[2025-04-04T08:37:11.242+0000] {processor.py:161} INFO - Started process (PID=938) to work on /home/airflow/.local/lib/python3.8/site-packages/airflow/example_dags/example_branch_datetime_operator.py
[2025-04-04T08:37:11.243+0000] {processor.py:830} INFO - Processing file /home/airflow/.local/lib/python3.8/site-packages/airflow/example_dags/example_branch_datetime_operator.py for tasks to queue
[2025-04-04T08:37:11.244+0000] {logging_mixin.py:188} INFO - [2025-04-04T08:37:11.244+0000] {dagbag.py:538} INFO - Filling up the DagBag from /home/airflow/.local/lib/python3.8/site-packages/airflow/example_dags/example_branch_datetime_operator.py
[2025-04-04T08:37:11.256+0000] {processor.py:840} INFO - DAG(s) 'example_branch_datetime_operator_2', 'example_branch_datetime_operator', 'example_branch_datetime_operator_3' retrieved from /home/airflow/.local/lib/python3.8/site-packages/airflow/example_dags/example_branch_datetime_operator.py
[2025-04-04T08:37:11.293+0000] {logging_mixin.py:188} INFO - [2025-04-04T08:37:11.293+0000] {dag.py:3036} INFO - Sync 3 DAGs
[2025-04-04T08:37:11.321+0000] {logging_mixin.py:188} INFO - [2025-04-04T08:37:11.321+0000] {dag.py:3823} INFO - Setting next_dagrun for example_branch_datetime_operator to 2025-04-03 00:00:00+00:00, run_after=2025-04-04 00:00:00+00:00
[2025-04-04T08:37:11.326+0000] {logging_mixin.py:188} INFO - [2025-04-04T08:37:11.326+0000] {dag.py:3823} INFO - Setting next_dagrun for example_branch_datetime_operator_2 to 2025-04-03 00:00:00+00:00, run_after=2025-04-04 00:00:00+00:00
[2025-04-04T08:37:11.330+0000] {logging_mixin.py:188} INFO - [2025-04-04T08:37:11.329+0000] {dag.py:3823} INFO - Setting next_dagrun for example_branch_datetime_operator_3 to 2025-04-03 00:00:00+00:00, run_after=2025-04-04 00:00:00+00:00
[2025-04-04T08:37:11.349+0000] {processor.py:183} INFO - Processing /home/airflow/.local/lib/python3.8/site-packages/airflow/example_dags/example_branch_datetime_operator.py took 0.111 seconds
[2025-04-04T08:37:41.410+0000] {processor.py:161} INFO - Started process (PID=1185) to work on /home/airflow/.local/lib/python3.8/site-packages/airflow/example_dags/example_branch_datetime_operator.py
[2025-04-04T08:37:41.412+0000] {processor.py:830} INFO - Processing file /home/airflow/.local/lib/python3.8/site-packages/airflow/example_dags/example_branch_datetime_operator.py for tasks to queue
[2025-04-04T08:37:41.413+0000] {logging_mixin.py:188} INFO - [2025-04-04T08:37:41.412+0000] {dagbag.py:538} INFO - Filling up the DagBag from /home/airflow/.local/lib/python3.8/site-packages/airflow/example_dags/example_branch_datetime_operator.py
[2025-04-04T08:37:41.421+0000] {processor.py:840} INFO - DAG(s) 'example_branch_datetime_operator', 'example_branch_datetime_operator_3', 'example_branch_datetime_operator_2' retrieved from /home/airflow/.local/lib/python3.8/site-packages/airflow/example_dags/example_branch_datetime_operator.py
[2025-04-04T08:37:41.449+0000] {logging_mixin.py:188} INFO - [2025-04-04T08:37:41.449+0000] {dag.py:3036} INFO - Sync 3 DAGs
[2025-04-04T08:37:41.470+0000] {logging_mixin.py:188} INFO - [2025-04-04T08:37:41.470+0000] {dag.py:3823} INFO - Setting next_dagrun for example_branch_datetime_operator to 2025-04-03 00:00:00+00:00, run_after=2025-04-04 00:00:00+00:00
[2025-04-04T08:37:41.475+0000] {logging_mixin.py:188} INFO - [2025-04-04T08:37:41.475+0000] {dag.py:3823} INFO - Setting next_dagrun for example_branch_datetime_operator_2 to 2025-04-03 00:00:00+00:00, run_after=2025-04-04 00:00:00+00:00
[2025-04-04T08:37:41.478+0000] {logging_mixin.py:188} INFO - [2025-04-04T08:37:41.478+0000] {dag.py:3823} INFO - Setting next_dagrun for example_branch_datetime_operator_3 to 2025-04-03 00:00:00+00:00, run_after=2025-04-04 00:00:00+00:00
[2025-04-04T08:37:41.498+0000] {processor.py:183} INFO - Processing /home/airflow/.local/lib/python3.8/site-packages/airflow/example_dags/example_branch_datetime_operator.py took 0.090 seconds
[2025-04-04T08:38:11.577+0000] {processor.py:161} INFO - Started process (PID=1432) to work on /home/airflow/.local/lib/python3.8/site-packages/airflow/example_dags/example_branch_datetime_operator.py
[2025-04-04T08:38:11.579+0000] {processor.py:830} INFO - Processing file /home/airflow/.local/lib/python3.8/site-packages/airflow/example_dags/example_branch_datetime_operator.py for tasks to queue
[2025-04-04T08:38:11.579+0000] {logging_mixin.py:188} INFO - [2025-04-04T08:38:11.579+0000] {dagbag.py:538} INFO - Filling up the DagBag from /home/airflow/.local/lib/python3.8/site-packages/airflow/example_dags/example_branch_datetime_operator.py
[2025-04-04T08:38:11.589+0000] {processor.py:840} INFO - DAG(s) 'example_branch_datetime_operator_2', 'example_branch_datetime_operator', 'example_branch_datetime_operator_3' retrieved from /home/airflow/.local/lib/python3.8/site-packages/airflow/example_dags/example_branch_datetime_operator.py
[2025-04-04T08:38:11.615+0000] {logging_mixin.py:188} INFO - [2025-04-04T08:38:11.615+0000] {dag.py:3036} INFO - Sync 3 DAGs
[2025-04-04T08:38:11.636+0000] {logging_mixin.py:188} INFO - [2025-04-04T08:38:11.636+0000] {dag.py:3823} INFO - Setting next_dagrun for example_branch_datetime_operator to 2025-04-03 00:00:00+00:00, run_after=2025-04-04 00:00:00+00:00
[2025-04-04T08:38:11.641+0000] {logging_mixin.py:188} INFO - [2025-04-04T08:38:11.641+0000] {dag.py:3823} INFO - Setting next_dagrun for example_branch_datetime_operator_2 to 2025-04-03 00:00:00+00:00, run_after=2025-04-04 00:00:00+00:00
[2025-04-04T08:38:11.644+0000] {logging_mixin.py:188} INFO - [2025-04-04T08:38:11.644+0000] {dag.py:3823} INFO - Setting next_dagrun for example_branch_datetime_operator_3 to 2025-04-03 00:00:00+00:00, run_after=2025-04-04 00:00:00+00:00
[2025-04-04T08:38:11.666+0000] {processor.py:183} INFO - Processing /home/airflow/.local/lib/python3.8/site-packages/airflow/example_dags/example_branch_datetime_operator.py took 0.092 seconds
[2025-04-04T08:38:41.777+0000] {processor.py:161} INFO - Started process (PID=1679) to work on /home/airflow/.local/lib/python3.8/site-packages/airflow/example_dags/example_branch_datetime_operator.py
[2025-04-04T08:38:41.778+0000] {processor.py:830} INFO - Processing file /home/airflow/.local/lib/python3.8/site-packages/airflow/example_dags/example_branch_datetime_operator.py for tasks to queue
[2025-04-04T08:38:41.779+0000] {logging_mixin.py:188} INFO - [2025-04-04T08:38:41.779+0000] {dagbag.py:538} INFO - Filling up the DagBag from /home/airflow/.local/lib/python3.8/site-packages/airflow/example_dags/example_branch_datetime_operator.py
[2025-04-04T08:38:41.790+0000] {processor.py:840} INFO - DAG(s) 'example_branch_datetime_operator_2', 'example_branch_datetime_operator', 'example_branch_datetime_operator_3' retrieved from /home/airflow/.local/lib/python3.8/site-packages/airflow/example_dags/example_branch_datetime_operator.py
[2025-04-04T08:38:41.831+0000] {logging_mixin.py:188} INFO - [2025-04-04T08:38:41.830+0000] {dag.py:3036} INFO - Sync 3 DAGs
[2025-04-04T08:38:41.874+0000] {logging_mixin.py:188} INFO - [2025-04-04T08:38:41.873+0000] {dag.py:3823} INFO - Setting next_dagrun for example_branch_datetime_operator to 2025-04-03 00:00:00+00:00, run_after=2025-04-04 00:00:00+00:00
[2025-04-04T08:38:41.884+0000] {logging_mixin.py:188} INFO - [2025-04-04T08:38:41.884+0000] {dag.py:3823} INFO - Setting next_dagrun for example_branch_datetime_operator_2 to 2025-04-03 00:00:00+00:00, run_after=2025-04-04 00:00:00+00:00
[2025-04-04T08:38:41.891+0000] {logging_mixin.py:188} INFO - [2025-04-04T08:38:41.890+0000] {dag.py:3823} INFO - Setting next_dagrun for example_branch_datetime_operator_3 to 2025-04-03 00:00:00+00:00, run_after=2025-04-04 00:00:00+00:00
[2025-04-04T08:38:41.957+0000] {processor.py:183} INFO - Processing /home/airflow/.local/lib/python3.8/site-packages/airflow/example_dags/example_branch_datetime_operator.py took 0.183 seconds
[2025-04-04T08:39:12.333+0000] {processor.py:161} INFO - Started process (PID=1926) to work on /home/airflow/.local/lib/python3.8/site-packages/airflow/example_dags/example_branch_datetime_operator.py
[2025-04-04T08:39:12.334+0000] {processor.py:830} INFO - Processing file /home/airflow/.local/lib/python3.8/site-packages/airflow/example_dags/example_branch_datetime_operator.py for tasks to queue
[2025-04-04T08:39:12.335+0000] {logging_mixin.py:188} INFO - [2025-04-04T08:39:12.334+0000] {dagbag.py:538} INFO - Filling up the DagBag from /home/airflow/.local/lib/python3.8/site-packages/airflow/example_dags/example_branch_datetime_operator.py
[2025-04-04T08:39:12.345+0000] {processor.py:840} INFO - DAG(s) 'example_branch_datetime_operator_2', 'example_branch_datetime_operator', 'example_branch_datetime_operator_3' retrieved from /home/airflow/.local/lib/python3.8/site-packages/airflow/example_dags/example_branch_datetime_operator.py
[2025-04-04T08:39:12.374+0000] {logging_mixin.py:188} INFO - [2025-04-04T08:39:12.374+0000] {dag.py:3036} INFO - Sync 3 DAGs
[2025-04-04T08:39:12.397+0000] {logging_mixin.py:188} INFO - [2025-04-04T08:39:12.397+0000] {dag.py:3823} INFO - Setting next_dagrun for example_branch_datetime_operator to 2025-04-03 00:00:00+00:00, run_after=2025-04-04 00:00:00+00:00
[2025-04-04T08:39:12.402+0000] {logging_mixin.py:188} INFO - [2025-04-04T08:39:12.402+0000] {dag.py:3823} INFO - Setting next_dagrun for example_branch_datetime_operator_2 to 2025-04-03 00:00:00+00:00, run_after=2025-04-04 00:00:00+00:00
[2025-04-04T08:39:12.405+0000] {logging_mixin.py:188} INFO - [2025-04-04T08:39:12.405+0000] {dag.py:3823} INFO - Setting next_dagrun for example_branch_datetime_operator_3 to 2025-04-03 00:00:00+00:00, run_after=2025-04-04 00:00:00+00:00
[2025-04-04T08:39:12.426+0000] {processor.py:183} INFO - Processing /home/airflow/.local/lib/python3.8/site-packages/airflow/example_dags/example_branch_datetime_operator.py took 0.096 seconds
[2025-04-04T08:39:42.476+0000] {processor.py:161} INFO - Started process (PID=2173) to work on /home/airflow/.local/lib/python3.8/site-packages/airflow/example_dags/example_branch_datetime_operator.py
[2025-04-04T08:39:42.501+0000] {processor.py:830} INFO - Processing file /home/airflow/.local/lib/python3.8/site-packages/airflow/example_dags/example_branch_datetime_operator.py for tasks to queue
[2025-04-04T08:39:42.503+0000] {logging_mixin.py:188} INFO - [2025-04-04T08:39:42.502+0000] {dagbag.py:538} INFO - Filling up the DagBag from /home/airflow/.local/lib/python3.8/site-packages/airflow/example_dags/example_branch_datetime_operator.py
[2025-04-04T08:39:42.514+0000] {processor.py:840} INFO - DAG(s) 'example_branch_datetime_operator', 'example_branch_datetime_operator_3', 'example_branch_datetime_operator_2' retrieved from /home/airflow/.local/lib/python3.8/site-packages/airflow/example_dags/example_branch_datetime_operator.py
[2025-04-04T08:39:43.021+0000] {logging_mixin.py:188} INFO - [2025-04-04T08:39:43.021+0000] {dag.py:3036} INFO - Sync 3 DAGs
[2025-04-04T08:39:43.115+0000] {logging_mixin.py:188} INFO - [2025-04-04T08:39:43.115+0000] {dag.py:3823} INFO - Setting next_dagrun for example_branch_datetime_operator to 2025-04-03 00:00:00+00:00, run_after=2025-04-04 00:00:00+00:00
[2025-04-04T08:39:43.122+0000] {logging_mixin.py:188} INFO - [2025-04-04T08:39:43.122+0000] {dag.py:3823} INFO - Setting next_dagrun for example_branch_datetime_operator_2 to 2025-04-03 00:00:00+00:00, run_after=2025-04-04 00:00:00+00:00
[2025-04-04T08:39:43.126+0000] {logging_mixin.py:188} INFO - [2025-04-04T08:39:43.126+0000] {dag.py:3823} INFO - Setting next_dagrun for example_branch_datetime_operator_3 to 2025-04-03 00:00:00+00:00, run_after=2025-04-04 00:00:00+00:00
[2025-04-04T08:39:43.174+0000] {processor.py:183} INFO - Processing /home/airflow/.local/lib/python3.8/site-packages/airflow/example_dags/example_branch_datetime_operator.py took 0.702 seconds
[2025-04-04T08:40:13.361+0000] {processor.py:161} INFO - Started process (PID=2420) to work on /home/airflow/.local/lib/python3.8/site-packages/airflow/example_dags/example_branch_datetime_operator.py
[2025-04-04T08:40:13.362+0000] {processor.py:830} INFO - Processing file /home/airflow/.local/lib/python3.8/site-packages/airflow/example_dags/example_branch_datetime_operator.py for tasks to queue
[2025-04-04T08:40:13.363+0000] {logging_mixin.py:188} INFO - [2025-04-04T08:40:13.362+0000] {dagbag.py:538} INFO - Filling up the DagBag from /home/airflow/.local/lib/python3.8/site-packages/airflow/example_dags/example_branch_datetime_operator.py
[2025-04-04T08:40:13.372+0000] {processor.py:840} INFO - DAG(s) 'example_branch_datetime_operator_2', 'example_branch_datetime_operator', 'example_branch_datetime_operator_3' retrieved from /home/airflow/.local/lib/python3.8/site-packages/airflow/example_dags/example_branch_datetime_operator.py
[2025-04-04T08:40:13.401+0000] {logging_mixin.py:188} INFO - [2025-04-04T08:40:13.400+0000] {dag.py:3036} INFO - Sync 3 DAGs
[2025-04-04T08:40:13.423+0000] {logging_mixin.py:188} INFO - [2025-04-04T08:40:13.422+0000] {dag.py:3823} INFO - Setting next_dagrun for example_branch_datetime_operator to 2025-04-03 00:00:00+00:00, run_after=2025-04-04 00:00:00+00:00
[2025-04-04T08:40:13.428+0000] {logging_mixin.py:188} INFO - [2025-04-04T08:40:13.428+0000] {dag.py:3823} INFO - Setting next_dagrun for example_branch_datetime_operator_2 to 2025-04-03 00:00:00+00:00, run_after=2025-04-04 00:00:00+00:00
[2025-04-04T08:40:13.432+0000] {logging_mixin.py:188} INFO - [2025-04-04T08:40:13.432+0000] {dag.py:3823} INFO - Setting next_dagrun for example_branch_datetime_operator_3 to 2025-04-03 00:00:00+00:00, run_after=2025-04-04 00:00:00+00:00
[2025-04-04T08:40:13.453+0000] {processor.py:183} INFO - Processing /home/airflow/.local/lib/python3.8/site-packages/airflow/example_dags/example_branch_datetime_operator.py took 0.095 seconds
[2025-04-04T08:40:43.502+0000] {processor.py:161} INFO - Started process (PID=2667) to work on /home/airflow/.local/lib/python3.8/site-packages/airflow/example_dags/example_branch_datetime_operator.py
[2025-04-04T08:40:43.503+0000] {processor.py:830} INFO - Processing file /home/airflow/.local/lib/python3.8/site-packages/airflow/example_dags/example_branch_datetime_operator.py for tasks to queue
[2025-04-04T08:40:43.504+0000] {logging_mixin.py:188} INFO - [2025-04-04T08:40:43.504+0000] {dagbag.py:538} INFO - Filling up the DagBag from /home/airflow/.local/lib/python3.8/site-packages/airflow/example_dags/example_branch_datetime_operator.py
[2025-04-04T08:40:43.514+0000] {processor.py:840} INFO - DAG(s) 'example_branch_datetime_operator_2', 'example_branch_datetime_operator', 'example_branch_datetime_operator_3' retrieved from /home/airflow/.local/lib/python3.8/site-packages/airflow/example_dags/example_branch_datetime_operator.py
[2025-04-04T08:40:43.545+0000] {logging_mixin.py:188} INFO - [2025-04-04T08:40:43.545+0000] {dag.py:3036} INFO - Sync 3 DAGs
[2025-04-04T08:40:43.566+0000] {logging_mixin.py:188} INFO - [2025-04-04T08:40:43.566+0000] {dag.py:3823} INFO - Setting next_dagrun for example_branch_datetime_operator to 2025-04-03 00:00:00+00:00, run_after=2025-04-04 00:00:00+00:00
[2025-04-04T08:40:43.571+0000] {logging_mixin.py:188} INFO - [2025-04-04T08:40:43.571+0000] {dag.py:3823} INFO - Setting next_dagrun for example_branch_datetime_operator_2 to 2025-04-03 00:00:00+00:00, run_after=2025-04-04 00:00:00+00:00
[2025-04-04T08:40:43.575+0000] {logging_mixin.py:188} INFO - [2025-04-04T08:40:43.574+0000] {dag.py:3823} INFO - Setting next_dagrun for example_branch_datetime_operator_3 to 2025-04-03 00:00:00+00:00, run_after=2025-04-04 00:00:00+00:00
[2025-04-04T08:40:43.595+0000] {processor.py:183} INFO - Processing /home/airflow/.local/lib/python3.8/site-packages/airflow/example_dags/example_branch_datetime_operator.py took 0.095 seconds
[2025-04-04T08:43:01.161+0000] {processor.py:161} INFO - Started process (PID=177) to work on /home/airflow/.local/lib/python3.8/site-packages/airflow/example_dags/example_branch_datetime_operator.py
[2025-04-04T08:43:01.164+0000] {processor.py:830} INFO - Processing file /home/airflow/.local/lib/python3.8/site-packages/airflow/example_dags/example_branch_datetime_operator.py for tasks to queue
[2025-04-04T08:43:01.166+0000] {logging_mixin.py:188} INFO - [2025-04-04T08:43:01.165+0000] {dagbag.py:538} INFO - Filling up the DagBag from /home/airflow/.local/lib/python3.8/site-packages/airflow/example_dags/example_branch_datetime_operator.py
[2025-04-04T08:43:01.202+0000] {processor.py:840} INFO - DAG(s) 'example_branch_datetime_operator', 'example_branch_datetime_operator_2', 'example_branch_datetime_operator_3' retrieved from /home/airflow/.local/lib/python3.8/site-packages/airflow/example_dags/example_branch_datetime_operator.py
[2025-04-04T08:43:01.262+0000] {logging_mixin.py:188} INFO - [2025-04-04T08:43:01.262+0000] {dag.py:3036} INFO - Sync 3 DAGs
[2025-04-04T08:43:01.309+0000] {logging_mixin.py:188} INFO - [2025-04-04T08:43:01.309+0000] {dag.py:3823} INFO - Setting next_dagrun for example_branch_datetime_operator to 2025-04-03 00:00:00+00:00, run_after=2025-04-04 00:00:00+00:00
[2025-04-04T08:43:01.315+0000] {logging_mixin.py:188} INFO - [2025-04-04T08:43:01.315+0000] {dag.py:3823} INFO - Setting next_dagrun for example_branch_datetime_operator_2 to 2025-04-03 00:00:00+00:00, run_after=2025-04-04 00:00:00+00:00
[2025-04-04T08:43:01.318+0000] {logging_mixin.py:188} INFO - [2025-04-04T08:43:01.318+0000] {dag.py:3823} INFO - Setting next_dagrun for example_branch_datetime_operator_3 to 2025-04-03 00:00:00+00:00, run_after=2025-04-04 00:00:00+00:00
[2025-04-04T08:43:01.343+0000] {processor.py:183} INFO - Processing /home/airflow/.local/lib/python3.8/site-packages/airflow/example_dags/example_branch_datetime_operator.py took 0.191 seconds
[2025-04-04T08:43:32.012+0000] {processor.py:161} INFO - Started process (PID=430) to work on /home/airflow/.local/lib/python3.8/site-packages/airflow/example_dags/example_branch_datetime_operator.py
[2025-04-04T08:43:32.014+0000] {processor.py:830} INFO - Processing file /home/airflow/.local/lib/python3.8/site-packages/airflow/example_dags/example_branch_datetime_operator.py for tasks to queue
[2025-04-04T08:43:32.015+0000] {logging_mixin.py:188} INFO - [2025-04-04T08:43:32.014+0000] {dagbag.py:538} INFO - Filling up the DagBag from /home/airflow/.local/lib/python3.8/site-packages/airflow/example_dags/example_branch_datetime_operator.py
[2025-04-04T08:43:32.023+0000] {processor.py:840} INFO - DAG(s) 'example_branch_datetime_operator', 'example_branch_datetime_operator_3', 'example_branch_datetime_operator_2' retrieved from /home/airflow/.local/lib/python3.8/site-packages/airflow/example_dags/example_branch_datetime_operator.py
[2025-04-04T08:43:32.159+0000] {logging_mixin.py:188} INFO - [2025-04-04T08:43:32.159+0000] {dag.py:3036} INFO - Sync 3 DAGs
[2025-04-04T08:43:32.181+0000] {logging_mixin.py:188} INFO - [2025-04-04T08:43:32.181+0000] {dag.py:3823} INFO - Setting next_dagrun for example_branch_datetime_operator to 2025-04-03 00:00:00+00:00, run_after=2025-04-04 00:00:00+00:00
[2025-04-04T08:43:32.186+0000] {logging_mixin.py:188} INFO - [2025-04-04T08:43:32.186+0000] {dag.py:3823} INFO - Setting next_dagrun for example_branch_datetime_operator_2 to 2025-04-03 00:00:00+00:00, run_after=2025-04-04 00:00:00+00:00
[2025-04-04T08:43:32.190+0000] {logging_mixin.py:188} INFO - [2025-04-04T08:43:32.189+0000] {dag.py:3823} INFO - Setting next_dagrun for example_branch_datetime_operator_3 to 2025-04-03 00:00:00+00:00, run_after=2025-04-04 00:00:00+00:00
[2025-04-04T08:43:32.210+0000] {processor.py:183} INFO - Processing /home/airflow/.local/lib/python3.8/site-packages/airflow/example_dags/example_branch_datetime_operator.py took 0.200 seconds
[2025-04-04T08:44:02.951+0000] {processor.py:161} INFO - Started process (PID=677) to work on /home/airflow/.local/lib/python3.8/site-packages/airflow/example_dags/example_branch_datetime_operator.py
[2025-04-04T08:44:02.951+0000] {processor.py:830} INFO - Processing file /home/airflow/.local/lib/python3.8/site-packages/airflow/example_dags/example_branch_datetime_operator.py for tasks to queue
[2025-04-04T08:44:02.953+0000] {logging_mixin.py:188} INFO - [2025-04-04T08:44:02.953+0000] {dagbag.py:538} INFO - Filling up the DagBag from /home/airflow/.local/lib/python3.8/site-packages/airflow/example_dags/example_branch_datetime_operator.py
[2025-04-04T08:44:02.962+0000] {processor.py:840} INFO - DAG(s) 'example_branch_datetime_operator', 'example_branch_datetime_operator_2', 'example_branch_datetime_operator_3' retrieved from /home/airflow/.local/lib/python3.8/site-packages/airflow/example_dags/example_branch_datetime_operator.py
[2025-04-04T08:44:02.991+0000] {logging_mixin.py:188} INFO - [2025-04-04T08:44:02.990+0000] {dag.py:3036} INFO - Sync 3 DAGs
[2025-04-04T08:44:03.011+0000] {logging_mixin.py:188} INFO - [2025-04-04T08:44:03.010+0000] {dag.py:3823} INFO - Setting next_dagrun for example_branch_datetime_operator to 2025-04-03 00:00:00+00:00, run_after=2025-04-04 00:00:00+00:00
[2025-04-04T08:44:03.016+0000] {logging_mixin.py:188} INFO - [2025-04-04T08:44:03.015+0000] {dag.py:3823} INFO - Setting next_dagrun for example_branch_datetime_operator_2 to 2025-04-03 00:00:00+00:00, run_after=2025-04-04 00:00:00+00:00
[2025-04-04T08:44:03.019+0000] {logging_mixin.py:188} INFO - [2025-04-04T08:44:03.018+0000] {dag.py:3823} INFO - Setting next_dagrun for example_branch_datetime_operator_3 to 2025-04-03 00:00:00+00:00, run_after=2025-04-04 00:00:00+00:00
[2025-04-04T08:44:03.039+0000] {processor.py:183} INFO - Processing /home/airflow/.local/lib/python3.8/site-packages/airflow/example_dags/example_branch_datetime_operator.py took 0.091 seconds
[2025-04-04T08:44:33.270+0000] {processor.py:161} INFO - Started process (PID=924) to work on /home/airflow/.local/lib/python3.8/site-packages/airflow/example_dags/example_branch_datetime_operator.py
[2025-04-04T08:44:33.271+0000] {processor.py:830} INFO - Processing file /home/airflow/.local/lib/python3.8/site-packages/airflow/example_dags/example_branch_datetime_operator.py for tasks to queue
[2025-04-04T08:44:33.273+0000] {logging_mixin.py:188} INFO - [2025-04-04T08:44:33.272+0000] {dagbag.py:538} INFO - Filling up the DagBag from /home/airflow/.local/lib/python3.8/site-packages/airflow/example_dags/example_branch_datetime_operator.py
[2025-04-04T08:44:33.289+0000] {processor.py:840} INFO - DAG(s) 'example_branch_datetime_operator', 'example_branch_datetime_operator_3', 'example_branch_datetime_operator_2' retrieved from /home/airflow/.local/lib/python3.8/site-packages/airflow/example_dags/example_branch_datetime_operator.py
[2025-04-04T08:44:33.330+0000] {logging_mixin.py:188} INFO - [2025-04-04T08:44:33.329+0000] {dag.py:3036} INFO - Sync 3 DAGs
[2025-04-04T08:44:33.366+0000] {logging_mixin.py:188} INFO - [2025-04-04T08:44:33.366+0000] {dag.py:3823} INFO - Setting next_dagrun for example_branch_datetime_operator to 2025-04-03 00:00:00+00:00, run_after=2025-04-04 00:00:00+00:00
[2025-04-04T08:44:33.373+0000] {logging_mixin.py:188} INFO - [2025-04-04T08:44:33.373+0000] {dag.py:3823} INFO - Setting next_dagrun for example_branch_datetime_operator_2 to 2025-04-03 00:00:00+00:00, run_after=2025-04-04 00:00:00+00:00
[2025-04-04T08:44:33.378+0000] {logging_mixin.py:188} INFO - [2025-04-04T08:44:33.378+0000] {dag.py:3823} INFO - Setting next_dagrun for example_branch_datetime_operator_3 to 2025-04-03 00:00:00+00:00, run_after=2025-04-04 00:00:00+00:00
[2025-04-04T08:44:33.416+0000] {processor.py:183} INFO - Processing /home/airflow/.local/lib/python3.8/site-packages/airflow/example_dags/example_branch_datetime_operator.py took 0.150 seconds
[2025-04-04T08:45:03.942+0000] {processor.py:161} INFO - Started process (PID=1171) to work on /home/airflow/.local/lib/python3.8/site-packages/airflow/example_dags/example_branch_datetime_operator.py
[2025-04-04T08:45:03.943+0000] {processor.py:830} INFO - Processing file /home/airflow/.local/lib/python3.8/site-packages/airflow/example_dags/example_branch_datetime_operator.py for tasks to queue
[2025-04-04T08:45:03.944+0000] {logging_mixin.py:188} INFO - [2025-04-04T08:45:03.944+0000] {dagbag.py:538} INFO - Filling up the DagBag from /home/airflow/.local/lib/python3.8/site-packages/airflow/example_dags/example_branch_datetime_operator.py
[2025-04-04T08:45:03.955+0000] {processor.py:840} INFO - DAG(s) 'example_branch_datetime_operator_2', 'example_branch_datetime_operator_3', 'example_branch_datetime_operator' retrieved from /home/airflow/.local/lib/python3.8/site-packages/airflow/example_dags/example_branch_datetime_operator.py
[2025-04-04T08:45:03.992+0000] {logging_mixin.py:188} INFO - [2025-04-04T08:45:03.992+0000] {dag.py:3036} INFO - Sync 3 DAGs
[2025-04-04T08:45:04.019+0000] {logging_mixin.py:188} INFO - [2025-04-04T08:45:04.019+0000] {dag.py:3823} INFO - Setting next_dagrun for example_branch_datetime_operator to 2025-04-03 00:00:00+00:00, run_after=2025-04-04 00:00:00+00:00
[2025-04-04T08:45:04.028+0000] {logging_mixin.py:188} INFO - [2025-04-04T08:45:04.027+0000] {dag.py:3823} INFO - Setting next_dagrun for example_branch_datetime_operator_2 to 2025-04-03 00:00:00+00:00, run_after=2025-04-04 00:00:00+00:00
[2025-04-04T08:45:04.032+0000] {logging_mixin.py:188} INFO - [2025-04-04T08:45:04.032+0000] {dag.py:3823} INFO - Setting next_dagrun for example_branch_datetime_operator_3 to 2025-04-03 00:00:00+00:00, run_after=2025-04-04 00:00:00+00:00
[2025-04-04T08:45:04.060+0000] {processor.py:183} INFO - Processing /home/airflow/.local/lib/python3.8/site-packages/airflow/example_dags/example_branch_datetime_operator.py took 0.122 seconds
[2025-04-04T08:45:34.724+0000] {processor.py:161} INFO - Started process (PID=1418) to work on /home/airflow/.local/lib/python3.8/site-packages/airflow/example_dags/example_branch_datetime_operator.py
[2025-04-04T08:45:34.725+0000] {processor.py:830} INFO - Processing file /home/airflow/.local/lib/python3.8/site-packages/airflow/example_dags/example_branch_datetime_operator.py for tasks to queue
[2025-04-04T08:45:34.726+0000] {logging_mixin.py:188} INFO - [2025-04-04T08:45:34.726+0000] {dagbag.py:538} INFO - Filling up the DagBag from /home/airflow/.local/lib/python3.8/site-packages/airflow/example_dags/example_branch_datetime_operator.py
[2025-04-04T08:45:34.735+0000] {processor.py:840} INFO - DAG(s) 'example_branch_datetime_operator_3', 'example_branch_datetime_operator', 'example_branch_datetime_operator_2' retrieved from /home/airflow/.local/lib/python3.8/site-packages/airflow/example_dags/example_branch_datetime_operator.py
[2025-04-04T08:45:34.763+0000] {logging_mixin.py:188} INFO - [2025-04-04T08:45:34.763+0000] {dag.py:3036} INFO - Sync 3 DAGs
[2025-04-04T08:45:34.783+0000] {logging_mixin.py:188} INFO - [2025-04-04T08:45:34.783+0000] {dag.py:3823} INFO - Setting next_dagrun for example_branch_datetime_operator to 2025-04-03 00:00:00+00:00, run_after=2025-04-04 00:00:00+00:00
[2025-04-04T08:45:34.788+0000] {logging_mixin.py:188} INFO - [2025-04-04T08:45:34.788+0000] {dag.py:3823} INFO - Setting next_dagrun for example_branch_datetime_operator_2 to 2025-04-03 00:00:00+00:00, run_after=2025-04-04 00:00:00+00:00
[2025-04-04T08:45:34.791+0000] {logging_mixin.py:188} INFO - [2025-04-04T08:45:34.791+0000] {dag.py:3823} INFO - Setting next_dagrun for example_branch_datetime_operator_3 to 2025-04-03 00:00:00+00:00, run_after=2025-04-04 00:00:00+00:00
[2025-04-04T08:45:34.811+0000] {processor.py:183} INFO - Processing /home/airflow/.local/lib/python3.8/site-packages/airflow/example_dags/example_branch_datetime_operator.py took 0.090 seconds
[2025-04-04T08:46:04.954+0000] {processor.py:161} INFO - Started process (PID=1667) to work on /home/airflow/.local/lib/python3.8/site-packages/airflow/example_dags/example_branch_datetime_operator.py
[2025-04-04T08:46:04.955+0000] {processor.py:830} INFO - Processing file /home/airflow/.local/lib/python3.8/site-packages/airflow/example_dags/example_branch_datetime_operator.py for tasks to queue
[2025-04-04T08:46:04.956+0000] {logging_mixin.py:188} INFO - [2025-04-04T08:46:04.956+0000] {dagbag.py:538} INFO - Filling up the DagBag from /home/airflow/.local/lib/python3.8/site-packages/airflow/example_dags/example_branch_datetime_operator.py
[2025-04-04T08:46:04.969+0000] {processor.py:840} INFO - DAG(s) 'example_branch_datetime_operator_2', 'example_branch_datetime_operator', 'example_branch_datetime_operator_3' retrieved from /home/airflow/.local/lib/python3.8/site-packages/airflow/example_dags/example_branch_datetime_operator.py
[2025-04-04T08:46:05.001+0000] {logging_mixin.py:188} INFO - [2025-04-04T08:46:05.001+0000] {dag.py:3036} INFO - Sync 3 DAGs
[2025-04-04T08:46:05.030+0000] {logging_mixin.py:188} INFO - [2025-04-04T08:46:05.030+0000] {dag.py:3823} INFO - Setting next_dagrun for example_branch_datetime_operator to 2025-04-03 00:00:00+00:00, run_after=2025-04-04 00:00:00+00:00
[2025-04-04T08:46:05.037+0000] {logging_mixin.py:188} INFO - [2025-04-04T08:46:05.037+0000] {dag.py:3823} INFO - Setting next_dagrun for example_branch_datetime_operator_2 to 2025-04-03 00:00:00+00:00, run_after=2025-04-04 00:00:00+00:00
[2025-04-04T08:46:05.042+0000] {logging_mixin.py:188} INFO - [2025-04-04T08:46:05.042+0000] {dag.py:3823} INFO - Setting next_dagrun for example_branch_datetime_operator_3 to 2025-04-03 00:00:00+00:00, run_after=2025-04-04 00:00:00+00:00
[2025-04-04T08:46:05.066+0000] {processor.py:183} INFO - Processing /home/airflow/.local/lib/python3.8/site-packages/airflow/example_dags/example_branch_datetime_operator.py took 0.114 seconds
[2025-04-04T08:50:22.372+0000] {processor.py:161} INFO - Started process (PID=184) to work on /home/airflow/.local/lib/python3.8/site-packages/airflow/example_dags/example_branch_datetime_operator.py
[2025-04-04T08:50:22.374+0000] {processor.py:830} INFO - Processing file /home/airflow/.local/lib/python3.8/site-packages/airflow/example_dags/example_branch_datetime_operator.py for tasks to queue
[2025-04-04T08:50:22.375+0000] {logging_mixin.py:188} INFO - [2025-04-04T08:50:22.374+0000] {dagbag.py:538} INFO - Filling up the DagBag from /home/airflow/.local/lib/python3.8/site-packages/airflow/example_dags/example_branch_datetime_operator.py
[2025-04-04T08:50:22.402+0000] {processor.py:840} INFO - DAG(s) 'example_branch_datetime_operator_3', 'example_branch_datetime_operator', 'example_branch_datetime_operator_2' retrieved from /home/airflow/.local/lib/python3.8/site-packages/airflow/example_dags/example_branch_datetime_operator.py
[2025-04-04T08:50:22.439+0000] {logging_mixin.py:188} INFO - [2025-04-04T08:50:22.438+0000] {dag.py:3036} INFO - Sync 3 DAGs
[2025-04-04T08:50:22.473+0000] {logging_mixin.py:188} INFO - [2025-04-04T08:50:22.472+0000] {dag.py:3823} INFO - Setting next_dagrun for example_branch_datetime_operator to 2025-04-03 00:00:00+00:00, run_after=2025-04-04 00:00:00+00:00
[2025-04-04T08:50:22.478+0000] {logging_mixin.py:188} INFO - [2025-04-04T08:50:22.478+0000] {dag.py:3823} INFO - Setting next_dagrun for example_branch_datetime_operator_2 to 2025-04-03 00:00:00+00:00, run_after=2025-04-04 00:00:00+00:00
[2025-04-04T08:50:22.482+0000] {logging_mixin.py:188} INFO - [2025-04-04T08:50:22.482+0000] {dag.py:3823} INFO - Setting next_dagrun for example_branch_datetime_operator_3 to 2025-04-03 00:00:00+00:00, run_after=2025-04-04 00:00:00+00:00
[2025-04-04T08:50:22.503+0000] {processor.py:183} INFO - Processing /home/airflow/.local/lib/python3.8/site-packages/airflow/example_dags/example_branch_datetime_operator.py took 0.135 seconds
[2025-04-04T08:50:52.540+0000] {processor.py:161} INFO - Started process (PID=431) to work on /home/airflow/.local/lib/python3.8/site-packages/airflow/example_dags/example_branch_datetime_operator.py
[2025-04-04T08:50:52.541+0000] {processor.py:830} INFO - Processing file /home/airflow/.local/lib/python3.8/site-packages/airflow/example_dags/example_branch_datetime_operator.py for tasks to queue
[2025-04-04T08:50:52.542+0000] {logging_mixin.py:188} INFO - [2025-04-04T08:50:52.542+0000] {dagbag.py:538} INFO - Filling up the DagBag from /home/airflow/.local/lib/python3.8/site-packages/airflow/example_dags/example_branch_datetime_operator.py
[2025-04-04T08:50:52.553+0000] {processor.py:840} INFO - DAG(s) 'example_branch_datetime_operator_3', 'example_branch_datetime_operator', 'example_branch_datetime_operator_2' retrieved from /home/airflow/.local/lib/python3.8/site-packages/airflow/example_dags/example_branch_datetime_operator.py
[2025-04-04T08:50:52.768+0000] {logging_mixin.py:188} INFO - [2025-04-04T08:50:52.767+0000] {dag.py:3036} INFO - Sync 3 DAGs
[2025-04-04T08:50:52.789+0000] {logging_mixin.py:188} INFO - [2025-04-04T08:50:52.789+0000] {dag.py:3823} INFO - Setting next_dagrun for example_branch_datetime_operator to 2025-04-03 00:00:00+00:00, run_after=2025-04-04 00:00:00+00:00
[2025-04-04T08:50:52.795+0000] {logging_mixin.py:188} INFO - [2025-04-04T08:50:52.794+0000] {dag.py:3823} INFO - Setting next_dagrun for example_branch_datetime_operator_2 to 2025-04-03 00:00:00+00:00, run_after=2025-04-04 00:00:00+00:00
[2025-04-04T08:50:52.798+0000] {logging_mixin.py:188} INFO - [2025-04-04T08:50:52.798+0000] {dag.py:3823} INFO - Setting next_dagrun for example_branch_datetime_operator_3 to 2025-04-03 00:00:00+00:00, run_after=2025-04-04 00:00:00+00:00
[2025-04-04T08:50:52.818+0000] {processor.py:183} INFO - Processing /home/airflow/.local/lib/python3.8/site-packages/airflow/example_dags/example_branch_datetime_operator.py took 0.282 seconds
[2025-04-04T08:51:22.928+0000] {processor.py:161} INFO - Started process (PID=678) to work on /home/airflow/.local/lib/python3.8/site-packages/airflow/example_dags/example_branch_datetime_operator.py
[2025-04-04T08:51:22.929+0000] {processor.py:830} INFO - Processing file /home/airflow/.local/lib/python3.8/site-packages/airflow/example_dags/example_branch_datetime_operator.py for tasks to queue
[2025-04-04T08:51:22.930+0000] {logging_mixin.py:188} INFO - [2025-04-04T08:51:22.930+0000] {dagbag.py:538} INFO - Filling up the DagBag from /home/airflow/.local/lib/python3.8/site-packages/airflow/example_dags/example_branch_datetime_operator.py
[2025-04-04T08:51:22.938+0000] {processor.py:840} INFO - DAG(s) 'example_branch_datetime_operator', 'example_branch_datetime_operator_2', 'example_branch_datetime_operator_3' retrieved from /home/airflow/.local/lib/python3.8/site-packages/airflow/example_dags/example_branch_datetime_operator.py
[2025-04-04T08:51:22.968+0000] {logging_mixin.py:188} INFO - [2025-04-04T08:51:22.968+0000] {dag.py:3036} INFO - Sync 3 DAGs
[2025-04-04T08:51:22.989+0000] {logging_mixin.py:188} INFO - [2025-04-04T08:51:22.988+0000] {dag.py:3823} INFO - Setting next_dagrun for example_branch_datetime_operator to 2025-04-03 00:00:00+00:00, run_after=2025-04-04 00:00:00+00:00
[2025-04-04T08:51:22.994+0000] {logging_mixin.py:188} INFO - [2025-04-04T08:51:22.994+0000] {dag.py:3823} INFO - Setting next_dagrun for example_branch_datetime_operator_2 to 2025-04-03 00:00:00+00:00, run_after=2025-04-04 00:00:00+00:00
[2025-04-04T08:51:22.997+0000] {logging_mixin.py:188} INFO - [2025-04-04T08:51:22.997+0000] {dag.py:3823} INFO - Setting next_dagrun for example_branch_datetime_operator_3 to 2025-04-03 00:00:00+00:00, run_after=2025-04-04 00:00:00+00:00
[2025-04-04T08:51:23.020+0000] {processor.py:183} INFO - Processing /home/airflow/.local/lib/python3.8/site-packages/airflow/example_dags/example_branch_datetime_operator.py took 0.094 seconds
[2025-04-04T08:51:53.286+0000] {processor.py:161} INFO - Started process (PID=925) to work on /home/airflow/.local/lib/python3.8/site-packages/airflow/example_dags/example_branch_datetime_operator.py
[2025-04-04T08:51:53.383+0000] {processor.py:830} INFO - Processing file /home/airflow/.local/lib/python3.8/site-packages/airflow/example_dags/example_branch_datetime_operator.py for tasks to queue
[2025-04-04T08:51:53.385+0000] {logging_mixin.py:188} INFO - [2025-04-04T08:51:53.384+0000] {dagbag.py:538} INFO - Filling up the DagBag from /home/airflow/.local/lib/python3.8/site-packages/airflow/example_dags/example_branch_datetime_operator.py
[2025-04-04T08:51:53.419+0000] {processor.py:840} INFO - DAG(s) 'example_branch_datetime_operator', 'example_branch_datetime_operator_3', 'example_branch_datetime_operator_2' retrieved from /home/airflow/.local/lib/python3.8/site-packages/airflow/example_dags/example_branch_datetime_operator.py
[2025-04-04T08:51:53.494+0000] {logging_mixin.py:188} INFO - [2025-04-04T08:51:53.494+0000] {dag.py:3036} INFO - Sync 3 DAGs
[2025-04-04T08:51:53.637+0000] {logging_mixin.py:188} INFO - [2025-04-04T08:51:53.636+0000] {dag.py:3823} INFO - Setting next_dagrun for example_branch_datetime_operator to 2025-04-03 00:00:00+00:00, run_after=2025-04-04 00:00:00+00:00
[2025-04-04T08:51:53.651+0000] {logging_mixin.py:188} INFO - [2025-04-04T08:51:53.650+0000] {dag.py:3823} INFO - Setting next_dagrun for example_branch_datetime_operator_2 to 2025-04-03 00:00:00+00:00, run_after=2025-04-04 00:00:00+00:00
[2025-04-04T08:51:53.657+0000] {logging_mixin.py:188} INFO - [2025-04-04T08:51:53.656+0000] {dag.py:3823} INFO - Setting next_dagrun for example_branch_datetime_operator_3 to 2025-04-03 00:00:00+00:00, run_after=2025-04-04 00:00:00+00:00
[2025-04-04T08:51:53.706+0000] {processor.py:183} INFO - Processing /home/airflow/.local/lib/python3.8/site-packages/airflow/example_dags/example_branch_datetime_operator.py took 0.442 seconds
[2025-04-04T08:52:23.838+0000] {processor.py:161} INFO - Started process (PID=1174) to work on /home/airflow/.local/lib/python3.8/site-packages/airflow/example_dags/example_branch_datetime_operator.py
[2025-04-04T08:52:23.840+0000] {processor.py:830} INFO - Processing file /home/airflow/.local/lib/python3.8/site-packages/airflow/example_dags/example_branch_datetime_operator.py for tasks to queue
[2025-04-04T08:52:23.841+0000] {logging_mixin.py:188} INFO - [2025-04-04T08:52:23.840+0000] {dagbag.py:538} INFO - Filling up the DagBag from /home/airflow/.local/lib/python3.8/site-packages/airflow/example_dags/example_branch_datetime_operator.py
[2025-04-04T08:52:23.849+0000] {processor.py:840} INFO - DAG(s) 'example_branch_datetime_operator_3', 'example_branch_datetime_operator_2', 'example_branch_datetime_operator' retrieved from /home/airflow/.local/lib/python3.8/site-packages/airflow/example_dags/example_branch_datetime_operator.py
[2025-04-04T08:52:23.874+0000] {logging_mixin.py:188} INFO - [2025-04-04T08:52:23.874+0000] {dag.py:3036} INFO - Sync 3 DAGs
[2025-04-04T08:52:23.899+0000] {logging_mixin.py:188} INFO - [2025-04-04T08:52:23.899+0000] {dag.py:3823} INFO - Setting next_dagrun for example_branch_datetime_operator to 2025-04-03 00:00:00+00:00, run_after=2025-04-04 00:00:00+00:00
[2025-04-04T08:52:23.904+0000] {logging_mixin.py:188} INFO - [2025-04-04T08:52:23.904+0000] {dag.py:3823} INFO - Setting next_dagrun for example_branch_datetime_operator_2 to 2025-04-03 00:00:00+00:00, run_after=2025-04-04 00:00:00+00:00
[2025-04-04T08:52:23.907+0000] {logging_mixin.py:188} INFO - [2025-04-04T08:52:23.907+0000] {dag.py:3823} INFO - Setting next_dagrun for example_branch_datetime_operator_3 to 2025-04-03 00:00:00+00:00, run_after=2025-04-04 00:00:00+00:00
[2025-04-04T08:52:23.923+0000] {processor.py:183} INFO - Processing /home/airflow/.local/lib/python3.8/site-packages/airflow/example_dags/example_branch_datetime_operator.py took 0.088 seconds
[2025-04-04T08:52:54.229+0000] {processor.py:161} INFO - Started process (PID=1419) to work on /home/airflow/.local/lib/python3.8/site-packages/airflow/example_dags/example_branch_datetime_operator.py
[2025-04-04T08:52:54.230+0000] {processor.py:830} INFO - Processing file /home/airflow/.local/lib/python3.8/site-packages/airflow/example_dags/example_branch_datetime_operator.py for tasks to queue
[2025-04-04T08:52:54.231+0000] {logging_mixin.py:188} INFO - [2025-04-04T08:52:54.231+0000] {dagbag.py:538} INFO - Filling up the DagBag from /home/airflow/.local/lib/python3.8/site-packages/airflow/example_dags/example_branch_datetime_operator.py
[2025-04-04T08:52:54.240+0000] {processor.py:840} INFO - DAG(s) 'example_branch_datetime_operator_2', 'example_branch_datetime_operator', 'example_branch_datetime_operator_3' retrieved from /home/airflow/.local/lib/python3.8/site-packages/airflow/example_dags/example_branch_datetime_operator.py
[2025-04-04T08:52:54.270+0000] {logging_mixin.py:188} INFO - [2025-04-04T08:52:54.270+0000] {dag.py:3036} INFO - Sync 3 DAGs
[2025-04-04T08:52:54.294+0000] {logging_mixin.py:188} INFO - [2025-04-04T08:52:54.294+0000] {dag.py:3823} INFO - Setting next_dagrun for example_branch_datetime_operator to 2025-04-03 00:00:00+00:00, run_after=2025-04-04 00:00:00+00:00
[2025-04-04T08:52:54.299+0000] {logging_mixin.py:188} INFO - [2025-04-04T08:52:54.299+0000] {dag.py:3823} INFO - Setting next_dagrun for example_branch_datetime_operator_2 to 2025-04-03 00:00:00+00:00, run_after=2025-04-04 00:00:00+00:00
[2025-04-04T08:52:54.302+0000] {logging_mixin.py:188} INFO - [2025-04-04T08:52:54.302+0000] {dag.py:3823} INFO - Setting next_dagrun for example_branch_datetime_operator_3 to 2025-04-03 00:00:00+00:00, run_after=2025-04-04 00:00:00+00:00
[2025-04-04T08:52:54.321+0000] {processor.py:183} INFO - Processing /home/airflow/.local/lib/python3.8/site-packages/airflow/example_dags/example_branch_datetime_operator.py took 0.095 seconds
[2025-04-04T08:53:24.869+0000] {processor.py:161} INFO - Started process (PID=1672) to work on /home/airflow/.local/lib/python3.8/site-packages/airflow/example_dags/example_branch_datetime_operator.py
[2025-04-04T08:53:24.870+0000] {processor.py:830} INFO - Processing file /home/airflow/.local/lib/python3.8/site-packages/airflow/example_dags/example_branch_datetime_operator.py for tasks to queue
[2025-04-04T08:53:24.872+0000] {logging_mixin.py:188} INFO - [2025-04-04T08:53:24.871+0000] {dagbag.py:538} INFO - Filling up the DagBag from /home/airflow/.local/lib/python3.8/site-packages/airflow/example_dags/example_branch_datetime_operator.py
[2025-04-04T08:53:24.883+0000] {processor.py:840} INFO - DAG(s) 'example_branch_datetime_operator', 'example_branch_datetime_operator_3', 'example_branch_datetime_operator_2' retrieved from /home/airflow/.local/lib/python3.8/site-packages/airflow/example_dags/example_branch_datetime_operator.py
[2025-04-04T08:53:24.913+0000] {logging_mixin.py:188} INFO - [2025-04-04T08:53:24.913+0000] {dag.py:3036} INFO - Sync 3 DAGs
[2025-04-04T08:53:24.934+0000] {logging_mixin.py:188} INFO - [2025-04-04T08:53:24.934+0000] {dag.py:3823} INFO - Setting next_dagrun for example_branch_datetime_operator to 2025-04-03 00:00:00+00:00, run_after=2025-04-04 00:00:00+00:00
[2025-04-04T08:53:24.939+0000] {logging_mixin.py:188} INFO - [2025-04-04T08:53:24.939+0000] {dag.py:3823} INFO - Setting next_dagrun for example_branch_datetime_operator_2 to 2025-04-03 00:00:00+00:00, run_after=2025-04-04 00:00:00+00:00
[2025-04-04T08:53:24.942+0000] {logging_mixin.py:188} INFO - [2025-04-04T08:53:24.942+0000] {dag.py:3823} INFO - Setting next_dagrun for example_branch_datetime_operator_3 to 2025-04-03 00:00:00+00:00, run_after=2025-04-04 00:00:00+00:00
[2025-04-04T08:53:24.963+0000] {processor.py:183} INFO - Processing /home/airflow/.local/lib/python3.8/site-packages/airflow/example_dags/example_branch_datetime_operator.py took 0.098 seconds
[2025-04-04T08:53:55.247+0000] {processor.py:161} INFO - Started process (PID=1919) to work on /home/airflow/.local/lib/python3.8/site-packages/airflow/example_dags/example_branch_datetime_operator.py
[2025-04-04T08:53:55.248+0000] {processor.py:830} INFO - Processing file /home/airflow/.local/lib/python3.8/site-packages/airflow/example_dags/example_branch_datetime_operator.py for tasks to queue
[2025-04-04T08:53:55.249+0000] {logging_mixin.py:188} INFO - [2025-04-04T08:53:55.249+0000] {dagbag.py:538} INFO - Filling up the DagBag from /home/airflow/.local/lib/python3.8/site-packages/airflow/example_dags/example_branch_datetime_operator.py
[2025-04-04T08:53:55.259+0000] {processor.py:840} INFO - DAG(s) 'example_branch_datetime_operator_3', 'example_branch_datetime_operator_2', 'example_branch_datetime_operator' retrieved from /home/airflow/.local/lib/python3.8/site-packages/airflow/example_dags/example_branch_datetime_operator.py
[2025-04-04T08:53:55.287+0000] {logging_mixin.py:188} INFO - [2025-04-04T08:53:55.286+0000] {dag.py:3036} INFO - Sync 3 DAGs
[2025-04-04T08:53:55.313+0000] {logging_mixin.py:188} INFO - [2025-04-04T08:53:55.312+0000] {dag.py:3823} INFO - Setting next_dagrun for example_branch_datetime_operator to 2025-04-03 00:00:00+00:00, run_after=2025-04-04 00:00:00+00:00
[2025-04-04T08:53:55.317+0000] {logging_mixin.py:188} INFO - [2025-04-04T08:53:55.317+0000] {dag.py:3823} INFO - Setting next_dagrun for example_branch_datetime_operator_2 to 2025-04-03 00:00:00+00:00, run_after=2025-04-04 00:00:00+00:00
[2025-04-04T08:53:55.320+0000] {logging_mixin.py:188} INFO - [2025-04-04T08:53:55.320+0000] {dag.py:3823} INFO - Setting next_dagrun for example_branch_datetime_operator_3 to 2025-04-03 00:00:00+00:00, run_after=2025-04-04 00:00:00+00:00
[2025-04-04T08:53:55.340+0000] {processor.py:183} INFO - Processing /home/airflow/.local/lib/python3.8/site-packages/airflow/example_dags/example_branch_datetime_operator.py took 0.096 seconds
[2025-04-04T08:54:25.493+0000] {processor.py:161} INFO - Started process (PID=2166) to work on /home/airflow/.local/lib/python3.8/site-packages/airflow/example_dags/example_branch_datetime_operator.py
[2025-04-04T08:54:25.550+0000] {processor.py:830} INFO - Processing file /home/airflow/.local/lib/python3.8/site-packages/airflow/example_dags/example_branch_datetime_operator.py for tasks to queue
[2025-04-04T08:54:25.632+0000] {logging_mixin.py:188} INFO - [2025-04-04T08:54:25.631+0000] {dagbag.py:538} INFO - Filling up the DagBag from /home/airflow/.local/lib/python3.8/site-packages/airflow/example_dags/example_branch_datetime_operator.py
[2025-04-04T08:54:25.672+0000] {processor.py:840} INFO - DAG(s) 'example_branch_datetime_operator_3', 'example_branch_datetime_operator', 'example_branch_datetime_operator_2' retrieved from /home/airflow/.local/lib/python3.8/site-packages/airflow/example_dags/example_branch_datetime_operator.py
[2025-04-04T08:54:25.793+0000] {logging_mixin.py:188} INFO - [2025-04-04T08:54:25.792+0000] {dag.py:3036} INFO - Sync 3 DAGs
[2025-04-04T08:54:25.889+0000] {logging_mixin.py:188} INFO - [2025-04-04T08:54:25.888+0000] {dag.py:3823} INFO - Setting next_dagrun for example_branch_datetime_operator to 2025-04-03 00:00:00+00:00, run_after=2025-04-04 00:00:00+00:00
[2025-04-04T08:54:25.910+0000] {logging_mixin.py:188} INFO - [2025-04-04T08:54:25.910+0000] {dag.py:3823} INFO - Setting next_dagrun for example_branch_datetime_operator_2 to 2025-04-03 00:00:00+00:00, run_after=2025-04-04 00:00:00+00:00
[2025-04-04T08:54:25.925+0000] {logging_mixin.py:188} INFO - [2025-04-04T08:54:25.925+0000] {dag.py:3823} INFO - Setting next_dagrun for example_branch_datetime_operator_3 to 2025-04-03 00:00:00+00:00, run_after=2025-04-04 00:00:00+00:00
[2025-04-04T08:54:26.003+0000] {processor.py:183} INFO - Processing /home/airflow/.local/lib/python3.8/site-packages/airflow/example_dags/example_branch_datetime_operator.py took 0.516 seconds
[2025-04-04T08:54:56.104+0000] {processor.py:161} INFO - Started process (PID=2413) to work on /home/airflow/.local/lib/python3.8/site-packages/airflow/example_dags/example_branch_datetime_operator.py
[2025-04-04T08:54:56.115+0000] {processor.py:830} INFO - Processing file /home/airflow/.local/lib/python3.8/site-packages/airflow/example_dags/example_branch_datetime_operator.py for tasks to queue
[2025-04-04T08:54:56.122+0000] {logging_mixin.py:188} INFO - [2025-04-04T08:54:56.122+0000] {dagbag.py:538} INFO - Filling up the DagBag from /home/airflow/.local/lib/python3.8/site-packages/airflow/example_dags/example_branch_datetime_operator.py
[2025-04-04T08:54:56.154+0000] {processor.py:840} INFO - DAG(s) 'example_branch_datetime_operator_3', 'example_branch_datetime_operator_2', 'example_branch_datetime_operator' retrieved from /home/airflow/.local/lib/python3.8/site-packages/airflow/example_dags/example_branch_datetime_operator.py
[2025-04-04T08:54:56.241+0000] {logging_mixin.py:188} INFO - [2025-04-04T08:54:56.241+0000] {dag.py:3036} INFO - Sync 3 DAGs
[2025-04-04T08:54:56.280+0000] {logging_mixin.py:188} INFO - [2025-04-04T08:54:56.279+0000] {dag.py:3823} INFO - Setting next_dagrun for example_branch_datetime_operator to 2025-04-03 00:00:00+00:00, run_after=2025-04-04 00:00:00+00:00
[2025-04-04T08:54:56.287+0000] {logging_mixin.py:188} INFO - [2025-04-04T08:54:56.287+0000] {dag.py:3823} INFO - Setting next_dagrun for example_branch_datetime_operator_2 to 2025-04-03 00:00:00+00:00, run_after=2025-04-04 00:00:00+00:00
[2025-04-04T08:54:56.291+0000] {logging_mixin.py:188} INFO - [2025-04-04T08:54:56.291+0000] {dag.py:3823} INFO - Setting next_dagrun for example_branch_datetime_operator_3 to 2025-04-03 00:00:00+00:00, run_after=2025-04-04 00:00:00+00:00
[2025-04-04T08:54:56.321+0000] {processor.py:183} INFO - Processing /home/airflow/.local/lib/python3.8/site-packages/airflow/example_dags/example_branch_datetime_operator.py took 0.223 seconds
[2025-04-04T08:55:26.474+0000] {processor.py:161} INFO - Started process (PID=2660) to work on /home/airflow/.local/lib/python3.8/site-packages/airflow/example_dags/example_branch_datetime_operator.py
[2025-04-04T08:55:26.476+0000] {processor.py:830} INFO - Processing file /home/airflow/.local/lib/python3.8/site-packages/airflow/example_dags/example_branch_datetime_operator.py for tasks to queue
[2025-04-04T08:55:26.479+0000] {logging_mixin.py:188} INFO - [2025-04-04T08:55:26.478+0000] {dagbag.py:538} INFO - Filling up the DagBag from /home/airflow/.local/lib/python3.8/site-packages/airflow/example_dags/example_branch_datetime_operator.py
[2025-04-04T08:55:26.492+0000] {processor.py:840} INFO - DAG(s) 'example_branch_datetime_operator_2', 'example_branch_datetime_operator', 'example_branch_datetime_operator_3' retrieved from /home/airflow/.local/lib/python3.8/site-packages/airflow/example_dags/example_branch_datetime_operator.py
[2025-04-04T08:55:26.527+0000] {logging_mixin.py:188} INFO - [2025-04-04T08:55:26.526+0000] {dag.py:3036} INFO - Sync 3 DAGs
[2025-04-04T08:55:26.557+0000] {logging_mixin.py:188} INFO - [2025-04-04T08:55:26.556+0000] {dag.py:3823} INFO - Setting next_dagrun for example_branch_datetime_operator to 2025-04-03 00:00:00+00:00, run_after=2025-04-04 00:00:00+00:00
[2025-04-04T08:55:26.564+0000] {logging_mixin.py:188} INFO - [2025-04-04T08:55:26.564+0000] {dag.py:3823} INFO - Setting next_dagrun for example_branch_datetime_operator_2 to 2025-04-03 00:00:00+00:00, run_after=2025-04-04 00:00:00+00:00
[2025-04-04T08:55:26.568+0000] {logging_mixin.py:188} INFO - [2025-04-04T08:55:26.568+0000] {dag.py:3823} INFO - Setting next_dagrun for example_branch_datetime_operator_3 to 2025-04-03 00:00:00+00:00, run_after=2025-04-04 00:00:00+00:00
[2025-04-04T08:55:26.588+0000] {processor.py:183} INFO - Processing /home/airflow/.local/lib/python3.8/site-packages/airflow/example_dags/example_branch_datetime_operator.py took 0.128 seconds
[2025-04-04T08:55:56.718+0000] {processor.py:161} INFO - Started process (PID=2907) to work on /home/airflow/.local/lib/python3.8/site-packages/airflow/example_dags/example_branch_datetime_operator.py
[2025-04-04T08:55:56.719+0000] {processor.py:830} INFO - Processing file /home/airflow/.local/lib/python3.8/site-packages/airflow/example_dags/example_branch_datetime_operator.py for tasks to queue
[2025-04-04T08:55:56.720+0000] {logging_mixin.py:188} INFO - [2025-04-04T08:55:56.720+0000] {dagbag.py:538} INFO - Filling up the DagBag from /home/airflow/.local/lib/python3.8/site-packages/airflow/example_dags/example_branch_datetime_operator.py
[2025-04-04T08:55:56.768+0000] {processor.py:840} INFO - DAG(s) 'example_branch_datetime_operator', 'example_branch_datetime_operator_3', 'example_branch_datetime_operator_2' retrieved from /home/airflow/.local/lib/python3.8/site-packages/airflow/example_dags/example_branch_datetime_operator.py
[2025-04-04T08:55:56.810+0000] {logging_mixin.py:188} INFO - [2025-04-04T08:55:56.810+0000] {dag.py:3036} INFO - Sync 3 DAGs
[2025-04-04T08:55:56.841+0000] {logging_mixin.py:188} INFO - [2025-04-04T08:55:56.841+0000] {dag.py:3823} INFO - Setting next_dagrun for example_branch_datetime_operator to 2025-04-03 00:00:00+00:00, run_after=2025-04-04 00:00:00+00:00
[2025-04-04T08:55:56.847+0000] {logging_mixin.py:188} INFO - [2025-04-04T08:55:56.847+0000] {dag.py:3823} INFO - Setting next_dagrun for example_branch_datetime_operator_2 to 2025-04-03 00:00:00+00:00, run_after=2025-04-04 00:00:00+00:00
[2025-04-04T08:55:56.851+0000] {logging_mixin.py:188} INFO - [2025-04-04T08:55:56.851+0000] {dag.py:3823} INFO - Setting next_dagrun for example_branch_datetime_operator_3 to 2025-04-03 00:00:00+00:00, run_after=2025-04-04 00:00:00+00:00
[2025-04-04T08:55:56.871+0000] {processor.py:183} INFO - Processing /home/airflow/.local/lib/python3.8/site-packages/airflow/example_dags/example_branch_datetime_operator.py took 0.157 seconds
[2025-04-04T09:14:06.017+0000] {processor.py:161} INFO - Started process (PID=203) to work on /home/airflow/.local/lib/python3.8/site-packages/airflow/example_dags/example_branch_datetime_operator.py
[2025-04-04T09:14:06.032+0000] {processor.py:830} INFO - Processing file /home/airflow/.local/lib/python3.8/site-packages/airflow/example_dags/example_branch_datetime_operator.py for tasks to queue
[2025-04-04T09:14:06.035+0000] {logging_mixin.py:188} INFO - [2025-04-04T09:14:06.034+0000] {dagbag.py:538} INFO - Filling up the DagBag from /home/airflow/.local/lib/python3.8/site-packages/airflow/example_dags/example_branch_datetime_operator.py
[2025-04-04T09:14:06.196+0000] {processor.py:840} INFO - DAG(s) 'example_branch_datetime_operator', 'example_branch_datetime_operator_2', 'example_branch_datetime_operator_3' retrieved from /home/airflow/.local/lib/python3.8/site-packages/airflow/example_dags/example_branch_datetime_operator.py
[2025-04-04T09:14:07.760+0000] {logging_mixin.py:188} INFO - [2025-04-04T09:14:07.759+0000] {dag.py:3036} INFO - Sync 3 DAGs
[2025-04-04T09:14:07.838+0000] {logging_mixin.py:188} INFO - [2025-04-04T09:14:07.837+0000] {dag.py:3823} INFO - Setting next_dagrun for example_branch_datetime_operator to 2025-04-03 00:00:00+00:00, run_after=2025-04-04 00:00:00+00:00
[2025-04-04T09:14:07.849+0000] {logging_mixin.py:188} INFO - [2025-04-04T09:14:07.849+0000] {dag.py:3823} INFO - Setting next_dagrun for example_branch_datetime_operator_2 to 2025-04-03 00:00:00+00:00, run_after=2025-04-04 00:00:00+00:00
[2025-04-04T09:14:07.855+0000] {logging_mixin.py:188} INFO - [2025-04-04T09:14:07.855+0000] {dag.py:3823} INFO - Setting next_dagrun for example_branch_datetime_operator_3 to 2025-04-03 00:00:00+00:00, run_after=2025-04-04 00:00:00+00:00
[2025-04-04T09:14:07.912+0000] {processor.py:183} INFO - Processing /home/airflow/.local/lib/python3.8/site-packages/airflow/example_dags/example_branch_datetime_operator.py took 1.927 seconds
[2025-04-04T09:14:38.674+0000] {processor.py:161} INFO - Started process (PID=457) to work on /home/airflow/.local/lib/python3.8/site-packages/airflow/example_dags/example_branch_datetime_operator.py
[2025-04-04T09:14:38.681+0000] {processor.py:830} INFO - Processing file /home/airflow/.local/lib/python3.8/site-packages/airflow/example_dags/example_branch_datetime_operator.py for tasks to queue
[2025-04-04T09:14:38.686+0000] {logging_mixin.py:188} INFO - [2025-04-04T09:14:38.685+0000] {dagbag.py:538} INFO - Filling up the DagBag from /home/airflow/.local/lib/python3.8/site-packages/airflow/example_dags/example_branch_datetime_operator.py
[2025-04-04T09:14:38.731+0000] {processor.py:840} INFO - DAG(s) 'example_branch_datetime_operator', 'example_branch_datetime_operator_3', 'example_branch_datetime_operator_2' retrieved from /home/airflow/.local/lib/python3.8/site-packages/airflow/example_dags/example_branch_datetime_operator.py
[2025-04-04T09:14:38.837+0000] {logging_mixin.py:188} INFO - [2025-04-04T09:14:38.836+0000] {dag.py:3036} INFO - Sync 3 DAGs
[2025-04-04T09:14:38.928+0000] {logging_mixin.py:188} INFO - [2025-04-04T09:14:38.927+0000] {dag.py:3823} INFO - Setting next_dagrun for example_branch_datetime_operator to 2025-04-03 00:00:00+00:00, run_after=2025-04-04 00:00:00+00:00
[2025-04-04T09:14:38.938+0000] {logging_mixin.py:188} INFO - [2025-04-04T09:14:38.938+0000] {dag.py:3823} INFO - Setting next_dagrun for example_branch_datetime_operator_2 to 2025-04-03 00:00:00+00:00, run_after=2025-04-04 00:00:00+00:00
[2025-04-04T09:14:38.941+0000] {logging_mixin.py:188} INFO - [2025-04-04T09:14:38.941+0000] {dag.py:3823} INFO - Setting next_dagrun for example_branch_datetime_operator_3 to 2025-04-03 00:00:00+00:00, run_after=2025-04-04 00:00:00+00:00
[2025-04-04T09:14:38.966+0000] {processor.py:183} INFO - Processing /home/airflow/.local/lib/python3.8/site-packages/airflow/example_dags/example_branch_datetime_operator.py took 0.302 seconds
[2025-04-04T09:15:09.382+0000] {processor.py:161} INFO - Started process (PID=704) to work on /home/airflow/.local/lib/python3.8/site-packages/airflow/example_dags/example_branch_datetime_operator.py
[2025-04-04T09:15:09.399+0000] {processor.py:830} INFO - Processing file /home/airflow/.local/lib/python3.8/site-packages/airflow/example_dags/example_branch_datetime_operator.py for tasks to queue
[2025-04-04T09:15:09.407+0000] {logging_mixin.py:188} INFO - [2025-04-04T09:15:09.404+0000] {dagbag.py:538} INFO - Filling up the DagBag from /home/airflow/.local/lib/python3.8/site-packages/airflow/example_dags/example_branch_datetime_operator.py
[2025-04-04T09:15:09.447+0000] {processor.py:840} INFO - DAG(s) 'example_branch_datetime_operator_3', 'example_branch_datetime_operator', 'example_branch_datetime_operator_2' retrieved from /home/airflow/.local/lib/python3.8/site-packages/airflow/example_dags/example_branch_datetime_operator.py
[2025-04-04T09:15:09.555+0000] {logging_mixin.py:188} INFO - [2025-04-04T09:15:09.554+0000] {dag.py:3036} INFO - Sync 3 DAGs
[2025-04-04T09:15:09.605+0000] {logging_mixin.py:188} INFO - [2025-04-04T09:15:09.605+0000] {dag.py:3823} INFO - Setting next_dagrun for example_branch_datetime_operator to 2025-04-03 00:00:00+00:00, run_after=2025-04-04 00:00:00+00:00
[2025-04-04T09:15:09.610+0000] {logging_mixin.py:188} INFO - [2025-04-04T09:15:09.610+0000] {dag.py:3823} INFO - Setting next_dagrun for example_branch_datetime_operator_2 to 2025-04-03 00:00:00+00:00, run_after=2025-04-04 00:00:00+00:00
[2025-04-04T09:15:09.614+0000] {logging_mixin.py:188} INFO - [2025-04-04T09:15:09.613+0000] {dag.py:3823} INFO - Setting next_dagrun for example_branch_datetime_operator_3 to 2025-04-03 00:00:00+00:00, run_after=2025-04-04 00:00:00+00:00
[2025-04-04T09:15:09.632+0000] {processor.py:183} INFO - Processing /home/airflow/.local/lib/python3.8/site-packages/airflow/example_dags/example_branch_datetime_operator.py took 0.285 seconds
[2025-04-04T09:15:40.258+0000] {processor.py:161} INFO - Started process (PID=951) to work on /home/airflow/.local/lib/python3.8/site-packages/airflow/example_dags/example_branch_datetime_operator.py
[2025-04-04T09:15:40.260+0000] {processor.py:830} INFO - Processing file /home/airflow/.local/lib/python3.8/site-packages/airflow/example_dags/example_branch_datetime_operator.py for tasks to queue
[2025-04-04T09:15:40.261+0000] {logging_mixin.py:188} INFO - [2025-04-04T09:15:40.260+0000] {dagbag.py:538} INFO - Filling up the DagBag from /home/airflow/.local/lib/python3.8/site-packages/airflow/example_dags/example_branch_datetime_operator.py
[2025-04-04T09:15:40.273+0000] {processor.py:840} INFO - DAG(s) 'example_branch_datetime_operator', 'example_branch_datetime_operator_2', 'example_branch_datetime_operator_3' retrieved from /home/airflow/.local/lib/python3.8/site-packages/airflow/example_dags/example_branch_datetime_operator.py
[2025-04-04T09:15:40.401+0000] {logging_mixin.py:188} INFO - [2025-04-04T09:15:40.401+0000] {dag.py:3036} INFO - Sync 3 DAGs
[2025-04-04T09:15:40.466+0000] {logging_mixin.py:188} INFO - [2025-04-04T09:15:40.466+0000] {dag.py:3823} INFO - Setting next_dagrun for example_branch_datetime_operator to 2025-04-03 00:00:00+00:00, run_after=2025-04-04 00:00:00+00:00
[2025-04-04T09:15:40.473+0000] {logging_mixin.py:188} INFO - [2025-04-04T09:15:40.473+0000] {dag.py:3823} INFO - Setting next_dagrun for example_branch_datetime_operator_2 to 2025-04-03 00:00:00+00:00, run_after=2025-04-04 00:00:00+00:00
[2025-04-04T09:15:40.476+0000] {logging_mixin.py:188} INFO - [2025-04-04T09:15:40.476+0000] {dag.py:3823} INFO - Setting next_dagrun for example_branch_datetime_operator_3 to 2025-04-03 00:00:00+00:00, run_after=2025-04-04 00:00:00+00:00
[2025-04-04T09:15:40.503+0000] {processor.py:183} INFO - Processing /home/airflow/.local/lib/python3.8/site-packages/airflow/example_dags/example_branch_datetime_operator.py took 0.266 seconds
[2025-04-04T09:16:10.840+0000] {processor.py:161} INFO - Started process (PID=1198) to work on /home/airflow/.local/lib/python3.8/site-packages/airflow/example_dags/example_branch_datetime_operator.py
[2025-04-04T09:16:10.841+0000] {processor.py:830} INFO - Processing file /home/airflow/.local/lib/python3.8/site-packages/airflow/example_dags/example_branch_datetime_operator.py for tasks to queue
[2025-04-04T09:16:10.842+0000] {logging_mixin.py:188} INFO - [2025-04-04T09:16:10.841+0000] {dagbag.py:538} INFO - Filling up the DagBag from /home/airflow/.local/lib/python3.8/site-packages/airflow/example_dags/example_branch_datetime_operator.py
[2025-04-04T09:16:10.853+0000] {processor.py:840} INFO - DAG(s) 'example_branch_datetime_operator_2', 'example_branch_datetime_operator', 'example_branch_datetime_operator_3' retrieved from /home/airflow/.local/lib/python3.8/site-packages/airflow/example_dags/example_branch_datetime_operator.py
[2025-04-04T09:16:10.896+0000] {logging_mixin.py:188} INFO - [2025-04-04T09:16:10.895+0000] {dag.py:3036} INFO - Sync 3 DAGs
[2025-04-04T09:16:10.927+0000] {logging_mixin.py:188} INFO - [2025-04-04T09:16:10.927+0000] {dag.py:3823} INFO - Setting next_dagrun for example_branch_datetime_operator to 2025-04-03 00:00:00+00:00, run_after=2025-04-04 00:00:00+00:00
[2025-04-04T09:16:10.933+0000] {logging_mixin.py:188} INFO - [2025-04-04T09:16:10.932+0000] {dag.py:3823} INFO - Setting next_dagrun for example_branch_datetime_operator_2 to 2025-04-03 00:00:00+00:00, run_after=2025-04-04 00:00:00+00:00
[2025-04-04T09:16:10.937+0000] {logging_mixin.py:188} INFO - [2025-04-04T09:16:10.937+0000] {dag.py:3823} INFO - Setting next_dagrun for example_branch_datetime_operator_3 to 2025-04-03 00:00:00+00:00, run_after=2025-04-04 00:00:00+00:00
[2025-04-04T09:16:10.958+0000] {processor.py:183} INFO - Processing /home/airflow/.local/lib/python3.8/site-packages/airflow/example_dags/example_branch_datetime_operator.py took 0.121 seconds
