[2025-04-04T08:35:39.222+0000] {processor.py:161} INFO - Started process (PID=201) to work on /home/airflow/.local/lib/python3.8/site-packages/airflow/example_dags/example_branch_python_dop_operator_3.py
[2025-04-04T08:35:39.223+0000] {processor.py:830} INFO - Processing file /home/airflow/.local/lib/python3.8/site-packages/airflow/example_dags/example_branch_python_dop_operator_3.py for tasks to queue
[2025-04-04T08:35:39.224+0000] {logging_mixin.py:188} INFO - [2025-04-04T08:35:39.224+0000] {dagbag.py:538} INFO - Filling up the DagBag from /home/airflow/.local/lib/python3.8/site-packages/airflow/example_dags/example_branch_python_dop_operator_3.py
[2025-04-04T08:35:39.253+0000] {processor.py:840} INFO - DAG(s) 'example_branch_dop_operator_v3' retrieved from /home/airflow/.local/lib/python3.8/site-packages/airflow/example_dags/example_branch_python_dop_operator_3.py
[2025-04-04T08:35:39.503+0000] {logging_mixin.py:188} INFO - [2025-04-04T08:35:39.502+0000] {override.py:1769} INFO - Created Permission View: can edit on DAG:example_branch_dop_operator_v3
[2025-04-04T08:35:39.608+0000] {logging_mixin.py:188} INFO - [2025-04-04T08:35:39.608+0000] {override.py:1769} INFO - Created Permission View: can read on DAG:example_branch_dop_operator_v3
[2025-04-04T08:35:39.690+0000] {logging_mixin.py:188} INFO - [2025-04-04T08:35:39.690+0000] {override.py:1769} INFO - Created Permission View: can delete on DAG:example_branch_dop_operator_v3
[2025-04-04T08:35:39.691+0000] {logging_mixin.py:188} INFO - [2025-04-04T08:35:39.691+0000] {dag.py:3036} INFO - Sync 1 DAGs
[2025-04-04T08:35:39.704+0000] {logging_mixin.py:188} INFO - [2025-04-04T08:35:39.704+0000] {dag.py:3058} INFO - Creating ORM DAG for example_branch_dop_operator_v3
[2025-04-04T08:35:39.721+0000] {logging_mixin.py:188} INFO - [2025-04-04T08:35:39.721+0000] {dag.py:3823} INFO - Setting next_dagrun for example_branch_dop_operator_v3 to 2025-04-04 08:34:00+00:00, run_after=2025-04-04 08:35:00+00:00
[2025-04-04T08:35:39.803+0000] {processor.py:183} INFO - Processing /home/airflow/.local/lib/python3.8/site-packages/airflow/example_dags/example_branch_python_dop_operator_3.py took 0.585 seconds
[2025-04-04T08:36:09.993+0000] {processor.py:161} INFO - Started process (PID=448) to work on /home/airflow/.local/lib/python3.8/site-packages/airflow/example_dags/example_branch_python_dop_operator_3.py
[2025-04-04T08:36:09.996+0000] {processor.py:830} INFO - Processing file /home/airflow/.local/lib/python3.8/site-packages/airflow/example_dags/example_branch_python_dop_operator_3.py for tasks to queue
[2025-04-04T08:36:09.998+0000] {logging_mixin.py:188} INFO - [2025-04-04T08:36:09.997+0000] {dagbag.py:538} INFO - Filling up the DagBag from /home/airflow/.local/lib/python3.8/site-packages/airflow/example_dags/example_branch_python_dop_operator_3.py
[2025-04-04T08:36:10.015+0000] {processor.py:840} INFO - DAG(s) 'example_branch_dop_operator_v3' retrieved from /home/airflow/.local/lib/python3.8/site-packages/airflow/example_dags/example_branch_python_dop_operator_3.py
[2025-04-04T08:36:10.053+0000] {logging_mixin.py:188} INFO - [2025-04-04T08:36:10.052+0000] {dag.py:3036} INFO - Sync 1 DAGs
[2025-04-04T08:36:10.116+0000] {logging_mixin.py:188} INFO - [2025-04-04T08:36:10.115+0000] {dag.py:3823} INFO - Setting next_dagrun for example_branch_dop_operator_v3 to 2025-04-04 08:35:00+00:00, run_after=2025-04-04 08:36:00+00:00
[2025-04-04T08:36:10.153+0000] {processor.py:183} INFO - Processing /home/airflow/.local/lib/python3.8/site-packages/airflow/example_dags/example_branch_python_dop_operator_3.py took 0.167 seconds
[2025-04-04T08:36:40.510+0000] {processor.py:161} INFO - Started process (PID=699) to work on /home/airflow/.local/lib/python3.8/site-packages/airflow/example_dags/example_branch_python_dop_operator_3.py
[2025-04-04T08:36:40.512+0000] {processor.py:830} INFO - Processing file /home/airflow/.local/lib/python3.8/site-packages/airflow/example_dags/example_branch_python_dop_operator_3.py for tasks to queue
[2025-04-04T08:36:40.513+0000] {logging_mixin.py:188} INFO - [2025-04-04T08:36:40.513+0000] {dagbag.py:538} INFO - Filling up the DagBag from /home/airflow/.local/lib/python3.8/site-packages/airflow/example_dags/example_branch_python_dop_operator_3.py
[2025-04-04T08:36:40.524+0000] {processor.py:840} INFO - DAG(s) 'example_branch_dop_operator_v3' retrieved from /home/airflow/.local/lib/python3.8/site-packages/airflow/example_dags/example_branch_python_dop_operator_3.py
[2025-04-04T08:36:40.545+0000] {logging_mixin.py:188} INFO - [2025-04-04T08:36:40.545+0000] {dag.py:3036} INFO - Sync 1 DAGs
[2025-04-04T08:36:40.576+0000] {logging_mixin.py:188} INFO - [2025-04-04T08:36:40.575+0000] {dag.py:3823} INFO - Setting next_dagrun for example_branch_dop_operator_v3 to 2025-04-04 08:35:00+00:00, run_after=2025-04-04 08:36:00+00:00
[2025-04-04T08:36:40.595+0000] {processor.py:183} INFO - Processing /home/airflow/.local/lib/python3.8/site-packages/airflow/example_dags/example_branch_python_dop_operator_3.py took 0.089 seconds
[2025-04-04T08:37:11.381+0000] {processor.py:161} INFO - Started process (PID=948) to work on /home/airflow/.local/lib/python3.8/site-packages/airflow/example_dags/example_branch_python_dop_operator_3.py
[2025-04-04T08:37:11.382+0000] {processor.py:830} INFO - Processing file /home/airflow/.local/lib/python3.8/site-packages/airflow/example_dags/example_branch_python_dop_operator_3.py for tasks to queue
[2025-04-04T08:37:11.383+0000] {logging_mixin.py:188} INFO - [2025-04-04T08:37:11.383+0000] {dagbag.py:538} INFO - Filling up the DagBag from /home/airflow/.local/lib/python3.8/site-packages/airflow/example_dags/example_branch_python_dop_operator_3.py
[2025-04-04T08:37:11.392+0000] {processor.py:840} INFO - DAG(s) 'example_branch_dop_operator_v3' retrieved from /home/airflow/.local/lib/python3.8/site-packages/airflow/example_dags/example_branch_python_dop_operator_3.py
[2025-04-04T08:37:11.415+0000] {logging_mixin.py:188} INFO - [2025-04-04T08:37:11.415+0000] {dag.py:3036} INFO - Sync 1 DAGs
[2025-04-04T08:37:11.438+0000] {logging_mixin.py:188} INFO - [2025-04-04T08:37:11.438+0000] {dag.py:3823} INFO - Setting next_dagrun for example_branch_dop_operator_v3 to 2025-04-04 08:36:00+00:00, run_after=2025-04-04 08:37:00+00:00
[2025-04-04T08:37:11.458+0000] {processor.py:183} INFO - Processing /home/airflow/.local/lib/python3.8/site-packages/airflow/example_dags/example_branch_python_dop_operator_3.py took 0.081 seconds
[2025-04-04T08:37:41.531+0000] {processor.py:161} INFO - Started process (PID=1195) to work on /home/airflow/.local/lib/python3.8/site-packages/airflow/example_dags/example_branch_python_dop_operator_3.py
[2025-04-04T08:37:41.532+0000] {processor.py:830} INFO - Processing file /home/airflow/.local/lib/python3.8/site-packages/airflow/example_dags/example_branch_python_dop_operator_3.py for tasks to queue
[2025-04-04T08:37:41.533+0000] {logging_mixin.py:188} INFO - [2025-04-04T08:37:41.533+0000] {dagbag.py:538} INFO - Filling up the DagBag from /home/airflow/.local/lib/python3.8/site-packages/airflow/example_dags/example_branch_python_dop_operator_3.py
[2025-04-04T08:37:41.541+0000] {processor.py:840} INFO - DAG(s) 'example_branch_dop_operator_v3' retrieved from /home/airflow/.local/lib/python3.8/site-packages/airflow/example_dags/example_branch_python_dop_operator_3.py
[2025-04-04T08:37:41.561+0000] {logging_mixin.py:188} INFO - [2025-04-04T08:37:41.561+0000] {dag.py:3036} INFO - Sync 1 DAGs
[2025-04-04T08:37:41.582+0000] {logging_mixin.py:188} INFO - [2025-04-04T08:37:41.582+0000] {dag.py:3823} INFO - Setting next_dagrun for example_branch_dop_operator_v3 to 2025-04-04 08:36:00+00:00, run_after=2025-04-04 08:37:00+00:00
[2025-04-04T08:37:41.601+0000] {processor.py:183} INFO - Processing /home/airflow/.local/lib/python3.8/site-packages/airflow/example_dags/example_branch_python_dop_operator_3.py took 0.073 seconds
[2025-04-04T08:38:11.683+0000] {processor.py:161} INFO - Started process (PID=1440) to work on /home/airflow/.local/lib/python3.8/site-packages/airflow/example_dags/example_branch_python_dop_operator_3.py
[2025-04-04T08:38:11.684+0000] {processor.py:830} INFO - Processing file /home/airflow/.local/lib/python3.8/site-packages/airflow/example_dags/example_branch_python_dop_operator_3.py for tasks to queue
[2025-04-04T08:38:11.685+0000] {logging_mixin.py:188} INFO - [2025-04-04T08:38:11.685+0000] {dagbag.py:538} INFO - Filling up the DagBag from /home/airflow/.local/lib/python3.8/site-packages/airflow/example_dags/example_branch_python_dop_operator_3.py
[2025-04-04T08:38:11.694+0000] {processor.py:840} INFO - DAG(s) 'example_branch_dop_operator_v3' retrieved from /home/airflow/.local/lib/python3.8/site-packages/airflow/example_dags/example_branch_python_dop_operator_3.py
[2025-04-04T08:38:11.714+0000] {logging_mixin.py:188} INFO - [2025-04-04T08:38:11.714+0000] {dag.py:3036} INFO - Sync 1 DAGs
[2025-04-04T08:38:11.737+0000] {logging_mixin.py:188} INFO - [2025-04-04T08:38:11.736+0000] {dag.py:3823} INFO - Setting next_dagrun for example_branch_dop_operator_v3 to 2025-04-04 08:37:00+00:00, run_after=2025-04-04 08:38:00+00:00
[2025-04-04T08:38:11.761+0000] {processor.py:183} INFO - Processing /home/airflow/.local/lib/python3.8/site-packages/airflow/example_dags/example_branch_python_dop_operator_3.py took 0.081 seconds
[2025-04-04T08:38:41.999+0000] {processor.py:161} INFO - Started process (PID=1687) to work on /home/airflow/.local/lib/python3.8/site-packages/airflow/example_dags/example_branch_python_dop_operator_3.py
[2025-04-04T08:38:42.000+0000] {processor.py:830} INFO - Processing file /home/airflow/.local/lib/python3.8/site-packages/airflow/example_dags/example_branch_python_dop_operator_3.py for tasks to queue
[2025-04-04T08:38:42.001+0000] {logging_mixin.py:188} INFO - [2025-04-04T08:38:42.001+0000] {dagbag.py:538} INFO - Filling up the DagBag from /home/airflow/.local/lib/python3.8/site-packages/airflow/example_dags/example_branch_python_dop_operator_3.py
[2025-04-04T08:38:42.015+0000] {processor.py:840} INFO - DAG(s) 'example_branch_dop_operator_v3' retrieved from /home/airflow/.local/lib/python3.8/site-packages/airflow/example_dags/example_branch_python_dop_operator_3.py
[2025-04-04T08:38:42.065+0000] {logging_mixin.py:188} INFO - [2025-04-04T08:38:42.065+0000] {dag.py:3036} INFO - Sync 1 DAGs
[2025-04-04T08:38:42.101+0000] {logging_mixin.py:188} INFO - [2025-04-04T08:38:42.101+0000] {dag.py:3823} INFO - Setting next_dagrun for example_branch_dop_operator_v3 to 2025-04-04 08:37:00+00:00, run_after=2025-04-04 08:38:00+00:00
[2025-04-04T08:38:42.125+0000] {processor.py:183} INFO - Processing /home/airflow/.local/lib/python3.8/site-packages/airflow/example_dags/example_branch_python_dop_operator_3.py took 0.131 seconds
[2025-04-04T08:39:12.457+0000] {processor.py:161} INFO - Started process (PID=1936) to work on /home/airflow/.local/lib/python3.8/site-packages/airflow/example_dags/example_branch_python_dop_operator_3.py
[2025-04-04T08:39:12.458+0000] {processor.py:830} INFO - Processing file /home/airflow/.local/lib/python3.8/site-packages/airflow/example_dags/example_branch_python_dop_operator_3.py for tasks to queue
[2025-04-04T08:39:12.459+0000] {logging_mixin.py:188} INFO - [2025-04-04T08:39:12.459+0000] {dagbag.py:538} INFO - Filling up the DagBag from /home/airflow/.local/lib/python3.8/site-packages/airflow/example_dags/example_branch_python_dop_operator_3.py
[2025-04-04T08:39:12.471+0000] {processor.py:840} INFO - DAG(s) 'example_branch_dop_operator_v3' retrieved from /home/airflow/.local/lib/python3.8/site-packages/airflow/example_dags/example_branch_python_dop_operator_3.py
[2025-04-04T08:39:12.492+0000] {logging_mixin.py:188} INFO - [2025-04-04T08:39:12.492+0000] {dag.py:3036} INFO - Sync 1 DAGs
[2025-04-04T08:39:12.519+0000] {logging_mixin.py:188} INFO - [2025-04-04T08:39:12.519+0000] {dag.py:3823} INFO - Setting next_dagrun for example_branch_dop_operator_v3 to 2025-04-04 08:38:00+00:00, run_after=2025-04-04 08:39:00+00:00
[2025-04-04T08:39:12.543+0000] {processor.py:183} INFO - Processing /home/airflow/.local/lib/python3.8/site-packages/airflow/example_dags/example_branch_python_dop_operator_3.py took 0.091 seconds
[2025-04-04T08:39:43.174+0000] {processor.py:161} INFO - Started process (PID=2181) to work on /home/airflow/.local/lib/python3.8/site-packages/airflow/example_dags/example_branch_python_dop_operator_3.py
[2025-04-04T08:39:43.175+0000] {processor.py:830} INFO - Processing file /home/airflow/.local/lib/python3.8/site-packages/airflow/example_dags/example_branch_python_dop_operator_3.py for tasks to queue
[2025-04-04T08:39:43.177+0000] {logging_mixin.py:188} INFO - [2025-04-04T08:39:43.176+0000] {dagbag.py:538} INFO - Filling up the DagBag from /home/airflow/.local/lib/python3.8/site-packages/airflow/example_dags/example_branch_python_dop_operator_3.py
[2025-04-04T08:39:43.188+0000] {processor.py:840} INFO - DAG(s) 'example_branch_dop_operator_v3' retrieved from /home/airflow/.local/lib/python3.8/site-packages/airflow/example_dags/example_branch_python_dop_operator_3.py
[2025-04-04T08:39:43.252+0000] {logging_mixin.py:188} INFO - [2025-04-04T08:39:43.251+0000] {dag.py:3036} INFO - Sync 1 DAGs
[2025-04-04T08:39:43.412+0000] {logging_mixin.py:188} INFO - [2025-04-04T08:39:43.412+0000] {dag.py:3823} INFO - Setting next_dagrun for example_branch_dop_operator_v3 to 2025-04-04 08:38:00+00:00, run_after=2025-04-04 08:39:00+00:00
[2025-04-04T08:39:43.662+0000] {processor.py:183} INFO - Processing /home/airflow/.local/lib/python3.8/site-packages/airflow/example_dags/example_branch_python_dop_operator_3.py took 0.491 seconds
[2025-04-04T08:40:14.480+0000] {processor.py:161} INFO - Started process (PID=2430) to work on /home/airflow/.local/lib/python3.8/site-packages/airflow/example_dags/example_branch_python_dop_operator_3.py
[2025-04-04T08:40:14.481+0000] {processor.py:830} INFO - Processing file /home/airflow/.local/lib/python3.8/site-packages/airflow/example_dags/example_branch_python_dop_operator_3.py for tasks to queue
[2025-04-04T08:40:14.482+0000] {logging_mixin.py:188} INFO - [2025-04-04T08:40:14.482+0000] {dagbag.py:538} INFO - Filling up the DagBag from /home/airflow/.local/lib/python3.8/site-packages/airflow/example_dags/example_branch_python_dop_operator_3.py
[2025-04-04T08:40:14.491+0000] {processor.py:840} INFO - DAG(s) 'example_branch_dop_operator_v3' retrieved from /home/airflow/.local/lib/python3.8/site-packages/airflow/example_dags/example_branch_python_dop_operator_3.py
[2025-04-04T08:40:14.516+0000] {logging_mixin.py:188} INFO - [2025-04-04T08:40:14.516+0000] {dag.py:3036} INFO - Sync 1 DAGs
[2025-04-04T08:40:14.545+0000] {logging_mixin.py:188} INFO - [2025-04-04T08:40:14.544+0000] {dag.py:3823} INFO - Setting next_dagrun for example_branch_dop_operator_v3 to 2025-04-04 08:39:00+00:00, run_after=2025-04-04 08:40:00+00:00
[2025-04-04T08:40:14.571+0000] {processor.py:183} INFO - Processing /home/airflow/.local/lib/python3.8/site-packages/airflow/example_dags/example_branch_python_dop_operator_3.py took 0.094 seconds
[2025-04-04T08:40:44.628+0000] {processor.py:161} INFO - Started process (PID=2677) to work on /home/airflow/.local/lib/python3.8/site-packages/airflow/example_dags/example_branch_python_dop_operator_3.py
[2025-04-04T08:40:44.629+0000] {processor.py:830} INFO - Processing file /home/airflow/.local/lib/python3.8/site-packages/airflow/example_dags/example_branch_python_dop_operator_3.py for tasks to queue
[2025-04-04T08:40:44.630+0000] {logging_mixin.py:188} INFO - [2025-04-04T08:40:44.630+0000] {dagbag.py:538} INFO - Filling up the DagBag from /home/airflow/.local/lib/python3.8/site-packages/airflow/example_dags/example_branch_python_dop_operator_3.py
[2025-04-04T08:40:44.638+0000] {processor.py:840} INFO - DAG(s) 'example_branch_dop_operator_v3' retrieved from /home/airflow/.local/lib/python3.8/site-packages/airflow/example_dags/example_branch_python_dop_operator_3.py
[2025-04-04T08:40:44.659+0000] {logging_mixin.py:188} INFO - [2025-04-04T08:40:44.659+0000] {dag.py:3036} INFO - Sync 1 DAGs
[2025-04-04T08:40:44.682+0000] {logging_mixin.py:188} INFO - [2025-04-04T08:40:44.682+0000] {dag.py:3823} INFO - Setting next_dagrun for example_branch_dop_operator_v3 to 2025-04-04 08:39:00+00:00, run_after=2025-04-04 08:40:00+00:00
[2025-04-04T08:40:44.704+0000] {processor.py:183} INFO - Processing /home/airflow/.local/lib/python3.8/site-packages/airflow/example_dags/example_branch_python_dop_operator_3.py took 0.078 seconds
[2025-04-04T08:43:01.403+0000] {processor.py:161} INFO - Started process (PID=187) to work on /home/airflow/.local/lib/python3.8/site-packages/airflow/example_dags/example_branch_python_dop_operator_3.py
[2025-04-04T08:43:01.405+0000] {processor.py:830} INFO - Processing file /home/airflow/.local/lib/python3.8/site-packages/airflow/example_dags/example_branch_python_dop_operator_3.py for tasks to queue
[2025-04-04T08:43:01.406+0000] {logging_mixin.py:188} INFO - [2025-04-04T08:43:01.406+0000] {dagbag.py:538} INFO - Filling up the DagBag from /home/airflow/.local/lib/python3.8/site-packages/airflow/example_dags/example_branch_python_dop_operator_3.py
[2025-04-04T08:43:01.418+0000] {processor.py:840} INFO - DAG(s) 'example_branch_dop_operator_v3' retrieved from /home/airflow/.local/lib/python3.8/site-packages/airflow/example_dags/example_branch_python_dop_operator_3.py
[2025-04-04T08:43:01.432+0000] {logging_mixin.py:188} INFO - [2025-04-04T08:43:01.432+0000] {dag.py:3036} INFO - Sync 1 DAGs
[2025-04-04T08:43:01.469+0000] {logging_mixin.py:188} INFO - [2025-04-04T08:43:01.469+0000] {dag.py:3823} INFO - Setting next_dagrun for example_branch_dop_operator_v3 to 2025-04-04 08:42:00+00:00, run_after=2025-04-04 08:43:00+00:00
[2025-04-04T08:43:01.516+0000] {processor.py:183} INFO - Processing /home/airflow/.local/lib/python3.8/site-packages/airflow/example_dags/example_branch_python_dop_operator_3.py took 0.116 seconds
[2025-04-04T08:43:32.247+0000] {processor.py:161} INFO - Started process (PID=440) to work on /home/airflow/.local/lib/python3.8/site-packages/airflow/example_dags/example_branch_python_dop_operator_3.py
[2025-04-04T08:43:32.249+0000] {processor.py:830} INFO - Processing file /home/airflow/.local/lib/python3.8/site-packages/airflow/example_dags/example_branch_python_dop_operator_3.py for tasks to queue
[2025-04-04T08:43:32.251+0000] {logging_mixin.py:188} INFO - [2025-04-04T08:43:32.250+0000] {dagbag.py:538} INFO - Filling up the DagBag from /home/airflow/.local/lib/python3.8/site-packages/airflow/example_dags/example_branch_python_dop_operator_3.py
[2025-04-04T08:43:32.259+0000] {processor.py:840} INFO - DAG(s) 'example_branch_dop_operator_v3' retrieved from /home/airflow/.local/lib/python3.8/site-packages/airflow/example_dags/example_branch_python_dop_operator_3.py
[2025-04-04T08:43:32.376+0000] {logging_mixin.py:188} INFO - [2025-04-04T08:43:32.376+0000] {dag.py:3036} INFO - Sync 1 DAGs
[2025-04-04T08:43:32.401+0000] {logging_mixin.py:188} INFO - [2025-04-04T08:43:32.401+0000] {dag.py:3823} INFO - Setting next_dagrun for example_branch_dop_operator_v3 to 2025-04-04 08:42:00+00:00, run_after=2025-04-04 08:43:00+00:00
[2025-04-04T08:43:32.423+0000] {processor.py:183} INFO - Processing /home/airflow/.local/lib/python3.8/site-packages/airflow/example_dags/example_branch_python_dop_operator_3.py took 0.178 seconds
[2025-04-04T08:44:03.072+0000] {processor.py:161} INFO - Started process (PID=687) to work on /home/airflow/.local/lib/python3.8/site-packages/airflow/example_dags/example_branch_python_dop_operator_3.py
[2025-04-04T08:44:03.073+0000] {processor.py:830} INFO - Processing file /home/airflow/.local/lib/python3.8/site-packages/airflow/example_dags/example_branch_python_dop_operator_3.py for tasks to queue
[2025-04-04T08:44:03.074+0000] {logging_mixin.py:188} INFO - [2025-04-04T08:44:03.074+0000] {dagbag.py:538} INFO - Filling up the DagBag from /home/airflow/.local/lib/python3.8/site-packages/airflow/example_dags/example_branch_python_dop_operator_3.py
[2025-04-04T08:44:03.082+0000] {processor.py:840} INFO - DAG(s) 'example_branch_dop_operator_v3' retrieved from /home/airflow/.local/lib/python3.8/site-packages/airflow/example_dags/example_branch_python_dop_operator_3.py
[2025-04-04T08:44:03.103+0000] {logging_mixin.py:188} INFO - [2025-04-04T08:44:03.102+0000] {dag.py:3036} INFO - Sync 1 DAGs
[2025-04-04T08:44:03.125+0000] {logging_mixin.py:188} INFO - [2025-04-04T08:44:03.125+0000] {dag.py:3823} INFO - Setting next_dagrun for example_branch_dop_operator_v3 to 2025-04-04 08:43:00+00:00, run_after=2025-04-04 08:44:00+00:00
[2025-04-04T08:44:03.147+0000] {processor.py:183} INFO - Processing /home/airflow/.local/lib/python3.8/site-packages/airflow/example_dags/example_branch_python_dop_operator_3.py took 0.078 seconds
[2025-04-04T08:44:33.458+0000] {processor.py:161} INFO - Started process (PID=934) to work on /home/airflow/.local/lib/python3.8/site-packages/airflow/example_dags/example_branch_python_dop_operator_3.py
[2025-04-04T08:44:33.460+0000] {processor.py:830} INFO - Processing file /home/airflow/.local/lib/python3.8/site-packages/airflow/example_dags/example_branch_python_dop_operator_3.py for tasks to queue
[2025-04-04T08:44:33.461+0000] {logging_mixin.py:188} INFO - [2025-04-04T08:44:33.461+0000] {dagbag.py:538} INFO - Filling up the DagBag from /home/airflow/.local/lib/python3.8/site-packages/airflow/example_dags/example_branch_python_dop_operator_3.py
[2025-04-04T08:44:33.470+0000] {processor.py:840} INFO - DAG(s) 'example_branch_dop_operator_v3' retrieved from /home/airflow/.local/lib/python3.8/site-packages/airflow/example_dags/example_branch_python_dop_operator_3.py
[2025-04-04T08:44:33.490+0000] {logging_mixin.py:188} INFO - [2025-04-04T08:44:33.489+0000] {dag.py:3036} INFO - Sync 1 DAGs
[2025-04-04T08:44:33.514+0000] {logging_mixin.py:188} INFO - [2025-04-04T08:44:33.514+0000] {dag.py:3823} INFO - Setting next_dagrun for example_branch_dop_operator_v3 to 2025-04-04 08:43:00+00:00, run_after=2025-04-04 08:44:00+00:00
[2025-04-04T08:44:33.532+0000] {processor.py:183} INFO - Processing /home/airflow/.local/lib/python3.8/site-packages/airflow/example_dags/example_branch_python_dop_operator_3.py took 0.077 seconds
[2025-04-04T08:45:04.095+0000] {processor.py:161} INFO - Started process (PID=1181) to work on /home/airflow/.local/lib/python3.8/site-packages/airflow/example_dags/example_branch_python_dop_operator_3.py
[2025-04-04T08:45:04.097+0000] {processor.py:830} INFO - Processing file /home/airflow/.local/lib/python3.8/site-packages/airflow/example_dags/example_branch_python_dop_operator_3.py for tasks to queue
[2025-04-04T08:45:04.098+0000] {logging_mixin.py:188} INFO - [2025-04-04T08:45:04.098+0000] {dagbag.py:538} INFO - Filling up the DagBag from /home/airflow/.local/lib/python3.8/site-packages/airflow/example_dags/example_branch_python_dop_operator_3.py
[2025-04-04T08:45:04.111+0000] {processor.py:840} INFO - DAG(s) 'example_branch_dop_operator_v3' retrieved from /home/airflow/.local/lib/python3.8/site-packages/airflow/example_dags/example_branch_python_dop_operator_3.py
[2025-04-04T08:45:04.147+0000] {logging_mixin.py:188} INFO - [2025-04-04T08:45:04.146+0000] {dag.py:3036} INFO - Sync 1 DAGs
[2025-04-04T08:45:04.173+0000] {logging_mixin.py:188} INFO - [2025-04-04T08:45:04.173+0000] {dag.py:3823} INFO - Setting next_dagrun for example_branch_dop_operator_v3 to 2025-04-04 08:44:00+00:00, run_after=2025-04-04 08:45:00+00:00
[2025-04-04T08:45:04.192+0000] {processor.py:183} INFO - Processing /home/airflow/.local/lib/python3.8/site-packages/airflow/example_dags/example_branch_python_dop_operator_3.py took 0.101 seconds
[2025-04-04T08:45:34.842+0000] {processor.py:161} INFO - Started process (PID=1428) to work on /home/airflow/.local/lib/python3.8/site-packages/airflow/example_dags/example_branch_python_dop_operator_3.py
[2025-04-04T08:45:34.843+0000] {processor.py:830} INFO - Processing file /home/airflow/.local/lib/python3.8/site-packages/airflow/example_dags/example_branch_python_dop_operator_3.py for tasks to queue
[2025-04-04T08:45:34.845+0000] {logging_mixin.py:188} INFO - [2025-04-04T08:45:34.845+0000] {dagbag.py:538} INFO - Filling up the DagBag from /home/airflow/.local/lib/python3.8/site-packages/airflow/example_dags/example_branch_python_dop_operator_3.py
[2025-04-04T08:45:34.853+0000] {processor.py:840} INFO - DAG(s) 'example_branch_dop_operator_v3' retrieved from /home/airflow/.local/lib/python3.8/site-packages/airflow/example_dags/example_branch_python_dop_operator_3.py
[2025-04-04T08:45:34.875+0000] {logging_mixin.py:188} INFO - [2025-04-04T08:45:34.874+0000] {dag.py:3036} INFO - Sync 1 DAGs
[2025-04-04T08:45:34.900+0000] {logging_mixin.py:188} INFO - [2025-04-04T08:45:34.900+0000] {dag.py:3823} INFO - Setting next_dagrun for example_branch_dop_operator_v3 to 2025-04-04 08:44:00+00:00, run_after=2025-04-04 08:45:00+00:00
[2025-04-04T08:45:34.923+0000] {processor.py:183} INFO - Processing /home/airflow/.local/lib/python3.8/site-packages/airflow/example_dags/example_branch_python_dop_operator_3.py took 0.084 seconds
[2025-04-04T08:46:05.086+0000] {processor.py:161} INFO - Started process (PID=1675) to work on /home/airflow/.local/lib/python3.8/site-packages/airflow/example_dags/example_branch_python_dop_operator_3.py
[2025-04-04T08:46:05.087+0000] {processor.py:830} INFO - Processing file /home/airflow/.local/lib/python3.8/site-packages/airflow/example_dags/example_branch_python_dop_operator_3.py for tasks to queue
[2025-04-04T08:46:05.089+0000] {logging_mixin.py:188} INFO - [2025-04-04T08:46:05.089+0000] {dagbag.py:538} INFO - Filling up the DagBag from /home/airflow/.local/lib/python3.8/site-packages/airflow/example_dags/example_branch_python_dop_operator_3.py
[2025-04-04T08:46:05.100+0000] {processor.py:840} INFO - DAG(s) 'example_branch_dop_operator_v3' retrieved from /home/airflow/.local/lib/python3.8/site-packages/airflow/example_dags/example_branch_python_dop_operator_3.py
[2025-04-04T08:46:05.120+0000] {logging_mixin.py:188} INFO - [2025-04-04T08:46:05.120+0000] {dag.py:3036} INFO - Sync 1 DAGs
[2025-04-04T08:46:05.144+0000] {logging_mixin.py:188} INFO - [2025-04-04T08:46:05.143+0000] {dag.py:3823} INFO - Setting next_dagrun for example_branch_dop_operator_v3 to 2025-04-04 08:45:00+00:00, run_after=2025-04-04 08:46:00+00:00
[2025-04-04T08:46:05.163+0000] {processor.py:183} INFO - Processing /home/airflow/.local/lib/python3.8/site-packages/airflow/example_dags/example_branch_python_dop_operator_3.py took 0.081 seconds
[2025-04-04T08:50:22.577+0000] {processor.py:161} INFO - Started process (PID=194) to work on /home/airflow/.local/lib/python3.8/site-packages/airflow/example_dags/example_branch_python_dop_operator_3.py
[2025-04-04T08:50:22.578+0000] {processor.py:830} INFO - Processing file /home/airflow/.local/lib/python3.8/site-packages/airflow/example_dags/example_branch_python_dop_operator_3.py for tasks to queue
[2025-04-04T08:50:22.579+0000] {logging_mixin.py:188} INFO - [2025-04-04T08:50:22.578+0000] {dagbag.py:538} INFO - Filling up the DagBag from /home/airflow/.local/lib/python3.8/site-packages/airflow/example_dags/example_branch_python_dop_operator_3.py
[2025-04-04T08:50:22.592+0000] {processor.py:840} INFO - DAG(s) 'example_branch_dop_operator_v3' retrieved from /home/airflow/.local/lib/python3.8/site-packages/airflow/example_dags/example_branch_python_dop_operator_3.py
[2025-04-04T08:50:22.610+0000] {logging_mixin.py:188} INFO - [2025-04-04T08:50:22.609+0000] {dag.py:3036} INFO - Sync 1 DAGs
[2025-04-04T08:50:22.657+0000] {logging_mixin.py:188} INFO - [2025-04-04T08:50:22.657+0000] {dag.py:3823} INFO - Setting next_dagrun for example_branch_dop_operator_v3 to 2025-04-04 08:49:00+00:00, run_after=2025-04-04 08:50:00+00:00
[2025-04-04T08:50:22.682+0000] {processor.py:183} INFO - Processing /home/airflow/.local/lib/python3.8/site-packages/airflow/example_dags/example_branch_python_dop_operator_3.py took 0.109 seconds
[2025-04-04T08:50:52.851+0000] {processor.py:161} INFO - Started process (PID=441) to work on /home/airflow/.local/lib/python3.8/site-packages/airflow/example_dags/example_branch_python_dop_operator_3.py
[2025-04-04T08:50:52.853+0000] {processor.py:830} INFO - Processing file /home/airflow/.local/lib/python3.8/site-packages/airflow/example_dags/example_branch_python_dop_operator_3.py for tasks to queue
[2025-04-04T08:50:52.854+0000] {logging_mixin.py:188} INFO - [2025-04-04T08:50:52.853+0000] {dagbag.py:538} INFO - Filling up the DagBag from /home/airflow/.local/lib/python3.8/site-packages/airflow/example_dags/example_branch_python_dop_operator_3.py
[2025-04-04T08:50:52.862+0000] {processor.py:840} INFO - DAG(s) 'example_branch_dop_operator_v3' retrieved from /home/airflow/.local/lib/python3.8/site-packages/airflow/example_dags/example_branch_python_dop_operator_3.py
[2025-04-04T08:50:52.955+0000] {logging_mixin.py:188} INFO - [2025-04-04T08:50:52.955+0000] {dag.py:3036} INFO - Sync 1 DAGs
[2025-04-04T08:50:52.978+0000] {logging_mixin.py:188} INFO - [2025-04-04T08:50:52.978+0000] {dag.py:3823} INFO - Setting next_dagrun for example_branch_dop_operator_v3 to 2025-04-04 08:49:00+00:00, run_after=2025-04-04 08:50:00+00:00
[2025-04-04T08:50:53.000+0000] {processor.py:183} INFO - Processing /home/airflow/.local/lib/python3.8/site-packages/airflow/example_dags/example_branch_python_dop_operator_3.py took 0.152 seconds
[2025-04-04T08:51:23.055+0000] {processor.py:161} INFO - Started process (PID=688) to work on /home/airflow/.local/lib/python3.8/site-packages/airflow/example_dags/example_branch_python_dop_operator_3.py
[2025-04-04T08:51:23.056+0000] {processor.py:830} INFO - Processing file /home/airflow/.local/lib/python3.8/site-packages/airflow/example_dags/example_branch_python_dop_operator_3.py for tasks to queue
[2025-04-04T08:51:23.058+0000] {logging_mixin.py:188} INFO - [2025-04-04T08:51:23.057+0000] {dagbag.py:538} INFO - Filling up the DagBag from /home/airflow/.local/lib/python3.8/site-packages/airflow/example_dags/example_branch_python_dop_operator_3.py
[2025-04-04T08:51:23.067+0000] {processor.py:840} INFO - DAG(s) 'example_branch_dop_operator_v3' retrieved from /home/airflow/.local/lib/python3.8/site-packages/airflow/example_dags/example_branch_python_dop_operator_3.py
[2025-04-04T08:51:23.088+0000] {logging_mixin.py:188} INFO - [2025-04-04T08:51:23.088+0000] {dag.py:3036} INFO - Sync 1 DAGs
[2025-04-04T08:51:23.114+0000] {logging_mixin.py:188} INFO - [2025-04-04T08:51:23.114+0000] {dag.py:3823} INFO - Setting next_dagrun for example_branch_dop_operator_v3 to 2025-04-04 08:50:00+00:00, run_after=2025-04-04 08:51:00+00:00
[2025-04-04T08:51:23.134+0000] {processor.py:183} INFO - Processing /home/airflow/.local/lib/python3.8/site-packages/airflow/example_dags/example_branch_python_dop_operator_3.py took 0.082 seconds
[2025-04-04T08:51:53.944+0000] {processor.py:161} INFO - Started process (PID=935) to work on /home/airflow/.local/lib/python3.8/site-packages/airflow/example_dags/example_branch_python_dop_operator_3.py
[2025-04-04T08:51:54.072+0000] {processor.py:830} INFO - Processing file /home/airflow/.local/lib/python3.8/site-packages/airflow/example_dags/example_branch_python_dop_operator_3.py for tasks to queue
[2025-04-04T08:51:54.098+0000] {logging_mixin.py:188} INFO - [2025-04-04T08:51:54.097+0000] {dagbag.py:538} INFO - Filling up the DagBag from /home/airflow/.local/lib/python3.8/site-packages/airflow/example_dags/example_branch_python_dop_operator_3.py
[2025-04-04T08:51:54.128+0000] {processor.py:840} INFO - DAG(s) 'example_branch_dop_operator_v3' retrieved from /home/airflow/.local/lib/python3.8/site-packages/airflow/example_dags/example_branch_python_dop_operator_3.py
[2025-04-04T08:51:54.189+0000] {logging_mixin.py:188} INFO - [2025-04-04T08:51:54.189+0000] {dag.py:3036} INFO - Sync 1 DAGs
[2025-04-04T08:51:54.257+0000] {logging_mixin.py:188} INFO - [2025-04-04T08:51:54.257+0000] {dag.py:3823} INFO - Setting next_dagrun for example_branch_dop_operator_v3 to 2025-04-04 08:50:00+00:00, run_after=2025-04-04 08:51:00+00:00
[2025-04-04T08:51:54.283+0000] {processor.py:183} INFO - Processing /home/airflow/.local/lib/python3.8/site-packages/airflow/example_dags/example_branch_python_dop_operator_3.py took 0.343 seconds
[2025-04-04T08:52:24.853+0000] {processor.py:161} INFO - Started process (PID=1188) to work on /home/airflow/.local/lib/python3.8/site-packages/airflow/example_dags/example_branch_python_dop_operator_3.py
[2025-04-04T08:52:24.855+0000] {processor.py:830} INFO - Processing file /home/airflow/.local/lib/python3.8/site-packages/airflow/example_dags/example_branch_python_dop_operator_3.py for tasks to queue
[2025-04-04T08:52:24.857+0000] {logging_mixin.py:188} INFO - [2025-04-04T08:52:24.856+0000] {dagbag.py:538} INFO - Filling up the DagBag from /home/airflow/.local/lib/python3.8/site-packages/airflow/example_dags/example_branch_python_dop_operator_3.py
[2025-04-04T08:52:24.869+0000] {processor.py:840} INFO - DAG(s) 'example_branch_dop_operator_v3' retrieved from /home/airflow/.local/lib/python3.8/site-packages/airflow/example_dags/example_branch_python_dop_operator_3.py
[2025-04-04T08:52:24.892+0000] {logging_mixin.py:188} INFO - [2025-04-04T08:52:24.892+0000] {dag.py:3036} INFO - Sync 1 DAGs
[2025-04-04T08:52:24.930+0000] {logging_mixin.py:188} INFO - [2025-04-04T08:52:24.930+0000] {dag.py:3823} INFO - Setting next_dagrun for example_branch_dop_operator_v3 to 2025-04-04 08:51:00+00:00, run_after=2025-04-04 08:52:00+00:00
[2025-04-04T08:52:24.956+0000] {processor.py:183} INFO - Processing /home/airflow/.local/lib/python3.8/site-packages/airflow/example_dags/example_branch_python_dop_operator_3.py took 0.107 seconds
[2025-04-04T08:52:55.370+0000] {processor.py:161} INFO - Started process (PID=1435) to work on /home/airflow/.local/lib/python3.8/site-packages/airflow/example_dags/example_branch_python_dop_operator_3.py
[2025-04-04T08:52:55.371+0000] {processor.py:830} INFO - Processing file /home/airflow/.local/lib/python3.8/site-packages/airflow/example_dags/example_branch_python_dop_operator_3.py for tasks to queue
[2025-04-04T08:52:55.372+0000] {logging_mixin.py:188} INFO - [2025-04-04T08:52:55.372+0000] {dagbag.py:538} INFO - Filling up the DagBag from /home/airflow/.local/lib/python3.8/site-packages/airflow/example_dags/example_branch_python_dop_operator_3.py
[2025-04-04T08:52:55.380+0000] {processor.py:840} INFO - DAG(s) 'example_branch_dop_operator_v3' retrieved from /home/airflow/.local/lib/python3.8/site-packages/airflow/example_dags/example_branch_python_dop_operator_3.py
[2025-04-04T08:52:55.400+0000] {logging_mixin.py:188} INFO - [2025-04-04T08:52:55.400+0000] {dag.py:3036} INFO - Sync 1 DAGs
[2025-04-04T08:52:55.423+0000] {logging_mixin.py:188} INFO - [2025-04-04T08:52:55.423+0000] {dag.py:3823} INFO - Setting next_dagrun for example_branch_dop_operator_v3 to 2025-04-04 08:51:00+00:00, run_after=2025-04-04 08:52:00+00:00
[2025-04-04T08:52:55.483+0000] {processor.py:183} INFO - Processing /home/airflow/.local/lib/python3.8/site-packages/airflow/example_dags/example_branch_python_dop_operator_3.py took 0.116 seconds
[2025-04-04T08:53:25.990+0000] {processor.py:161} INFO - Started process (PID=1682) to work on /home/airflow/.local/lib/python3.8/site-packages/airflow/example_dags/example_branch_python_dop_operator_3.py
[2025-04-04T08:53:25.992+0000] {processor.py:830} INFO - Processing file /home/airflow/.local/lib/python3.8/site-packages/airflow/example_dags/example_branch_python_dop_operator_3.py for tasks to queue
[2025-04-04T08:53:25.993+0000] {logging_mixin.py:188} INFO - [2025-04-04T08:53:25.993+0000] {dagbag.py:538} INFO - Filling up the DagBag from /home/airflow/.local/lib/python3.8/site-packages/airflow/example_dags/example_branch_python_dop_operator_3.py
[2025-04-04T08:53:26.003+0000] {processor.py:840} INFO - DAG(s) 'example_branch_dop_operator_v3' retrieved from /home/airflow/.local/lib/python3.8/site-packages/airflow/example_dags/example_branch_python_dop_operator_3.py
[2025-04-04T08:53:26.025+0000] {logging_mixin.py:188} INFO - [2025-04-04T08:53:26.024+0000] {dag.py:3036} INFO - Sync 1 DAGs
[2025-04-04T08:53:26.056+0000] {logging_mixin.py:188} INFO - [2025-04-04T08:53:26.056+0000] {dag.py:3823} INFO - Setting next_dagrun for example_branch_dop_operator_v3 to 2025-04-04 08:52:00+00:00, run_after=2025-04-04 08:53:00+00:00
[2025-04-04T08:53:26.079+0000] {processor.py:183} INFO - Processing /home/airflow/.local/lib/python3.8/site-packages/airflow/example_dags/example_branch_python_dop_operator_3.py took 0.093 seconds
[2025-04-04T08:53:56.371+0000] {processor.py:161} INFO - Started process (PID=1929) to work on /home/airflow/.local/lib/python3.8/site-packages/airflow/example_dags/example_branch_python_dop_operator_3.py
[2025-04-04T08:53:56.373+0000] {processor.py:830} INFO - Processing file /home/airflow/.local/lib/python3.8/site-packages/airflow/example_dags/example_branch_python_dop_operator_3.py for tasks to queue
[2025-04-04T08:53:56.374+0000] {logging_mixin.py:188} INFO - [2025-04-04T08:53:56.373+0000] {dagbag.py:538} INFO - Filling up the DagBag from /home/airflow/.local/lib/python3.8/site-packages/airflow/example_dags/example_branch_python_dop_operator_3.py
[2025-04-04T08:53:56.381+0000] {processor.py:840} INFO - DAG(s) 'example_branch_dop_operator_v3' retrieved from /home/airflow/.local/lib/python3.8/site-packages/airflow/example_dags/example_branch_python_dop_operator_3.py
[2025-04-04T08:53:56.401+0000] {logging_mixin.py:188} INFO - [2025-04-04T08:53:56.401+0000] {dag.py:3036} INFO - Sync 1 DAGs
[2025-04-04T08:53:56.424+0000] {logging_mixin.py:188} INFO - [2025-04-04T08:53:56.424+0000] {dag.py:3823} INFO - Setting next_dagrun for example_branch_dop_operator_v3 to 2025-04-04 08:52:00+00:00, run_after=2025-04-04 08:53:00+00:00
[2025-04-04T08:53:56.444+0000] {processor.py:183} INFO - Processing /home/airflow/.local/lib/python3.8/site-packages/airflow/example_dags/example_branch_python_dop_operator_3.py took 0.075 seconds
[2025-04-04T08:54:27.284+0000] {processor.py:161} INFO - Started process (PID=2176) to work on /home/airflow/.local/lib/python3.8/site-packages/airflow/example_dags/example_branch_python_dop_operator_3.py
[2025-04-04T08:54:27.290+0000] {processor.py:830} INFO - Processing file /home/airflow/.local/lib/python3.8/site-packages/airflow/example_dags/example_branch_python_dop_operator_3.py for tasks to queue
[2025-04-04T08:54:27.329+0000] {logging_mixin.py:188} INFO - [2025-04-04T08:54:27.328+0000] {dagbag.py:538} INFO - Filling up the DagBag from /home/airflow/.local/lib/python3.8/site-packages/airflow/example_dags/example_branch_python_dop_operator_3.py
[2025-04-04T08:54:27.364+0000] {processor.py:840} INFO - DAG(s) 'example_branch_dop_operator_v3' retrieved from /home/airflow/.local/lib/python3.8/site-packages/airflow/example_dags/example_branch_python_dop_operator_3.py
[2025-04-04T08:54:27.430+0000] {logging_mixin.py:188} INFO - [2025-04-04T08:54:27.429+0000] {dag.py:3036} INFO - Sync 1 DAGs
[2025-04-04T08:54:27.554+0000] {logging_mixin.py:188} INFO - [2025-04-04T08:54:27.553+0000] {dag.py:3823} INFO - Setting next_dagrun for example_branch_dop_operator_v3 to 2025-04-04 08:53:00+00:00, run_after=2025-04-04 08:54:00+00:00
[2025-04-04T08:54:27.659+0000] {processor.py:183} INFO - Processing /home/airflow/.local/lib/python3.8/site-packages/airflow/example_dags/example_branch_python_dop_operator_3.py took 0.381 seconds
[2025-04-04T08:54:58.333+0000] {processor.py:161} INFO - Started process (PID=2423) to work on /home/airflow/.local/lib/python3.8/site-packages/airflow/example_dags/example_branch_python_dop_operator_3.py
[2025-04-04T08:54:58.335+0000] {processor.py:830} INFO - Processing file /home/airflow/.local/lib/python3.8/site-packages/airflow/example_dags/example_branch_python_dop_operator_3.py for tasks to queue
[2025-04-04T08:54:58.337+0000] {logging_mixin.py:188} INFO - [2025-04-04T08:54:58.336+0000] {dagbag.py:538} INFO - Filling up the DagBag from /home/airflow/.local/lib/python3.8/site-packages/airflow/example_dags/example_branch_python_dop_operator_3.py
[2025-04-04T08:54:58.353+0000] {processor.py:840} INFO - DAG(s) 'example_branch_dop_operator_v3' retrieved from /home/airflow/.local/lib/python3.8/site-packages/airflow/example_dags/example_branch_python_dop_operator_3.py
[2025-04-04T08:54:58.389+0000] {logging_mixin.py:188} INFO - [2025-04-04T08:54:58.389+0000] {dag.py:3036} INFO - Sync 1 DAGs
[2025-04-04T08:54:58.469+0000] {logging_mixin.py:188} INFO - [2025-04-04T08:54:58.467+0000] {dag.py:3823} INFO - Setting next_dagrun for example_branch_dop_operator_v3 to 2025-04-04 08:53:00+00:00, run_after=2025-04-04 08:54:00+00:00
[2025-04-04T08:54:58.517+0000] {processor.py:183} INFO - Processing /home/airflow/.local/lib/python3.8/site-packages/airflow/example_dags/example_branch_python_dop_operator_3.py took 0.188 seconds
[2025-04-04T08:55:28.601+0000] {processor.py:161} INFO - Started process (PID=2670) to work on /home/airflow/.local/lib/python3.8/site-packages/airflow/example_dags/example_branch_python_dop_operator_3.py
[2025-04-04T08:55:28.602+0000] {processor.py:830} INFO - Processing file /home/airflow/.local/lib/python3.8/site-packages/airflow/example_dags/example_branch_python_dop_operator_3.py for tasks to queue
[2025-04-04T08:55:28.603+0000] {logging_mixin.py:188} INFO - [2025-04-04T08:55:28.603+0000] {dagbag.py:538} INFO - Filling up the DagBag from /home/airflow/.local/lib/python3.8/site-packages/airflow/example_dags/example_branch_python_dop_operator_3.py
[2025-04-04T08:55:28.612+0000] {processor.py:840} INFO - DAG(s) 'example_branch_dop_operator_v3' retrieved from /home/airflow/.local/lib/python3.8/site-packages/airflow/example_dags/example_branch_python_dop_operator_3.py
[2025-04-04T08:55:28.635+0000] {logging_mixin.py:188} INFO - [2025-04-04T08:55:28.635+0000] {dag.py:3036} INFO - Sync 1 DAGs
[2025-04-04T08:55:28.661+0000] {logging_mixin.py:188} INFO - [2025-04-04T08:55:28.661+0000] {dag.py:3823} INFO - Setting next_dagrun for example_branch_dop_operator_v3 to 2025-04-04 08:54:00+00:00, run_after=2025-04-04 08:55:00+00:00
[2025-04-04T08:55:28.686+0000] {processor.py:183} INFO - Processing /home/airflow/.local/lib/python3.8/site-packages/airflow/example_dags/example_branch_python_dop_operator_3.py took 0.089 seconds
[2025-04-04T08:55:58.893+0000] {processor.py:161} INFO - Started process (PID=2917) to work on /home/airflow/.local/lib/python3.8/site-packages/airflow/example_dags/example_branch_python_dop_operator_3.py
[2025-04-04T08:55:58.894+0000] {processor.py:830} INFO - Processing file /home/airflow/.local/lib/python3.8/site-packages/airflow/example_dags/example_branch_python_dop_operator_3.py for tasks to queue
[2025-04-04T08:55:58.895+0000] {logging_mixin.py:188} INFO - [2025-04-04T08:55:58.895+0000] {dagbag.py:538} INFO - Filling up the DagBag from /home/airflow/.local/lib/python3.8/site-packages/airflow/example_dags/example_branch_python_dop_operator_3.py
[2025-04-04T08:55:58.903+0000] {processor.py:840} INFO - DAG(s) 'example_branch_dop_operator_v3' retrieved from /home/airflow/.local/lib/python3.8/site-packages/airflow/example_dags/example_branch_python_dop_operator_3.py
[2025-04-04T08:55:58.926+0000] {logging_mixin.py:188} INFO - [2025-04-04T08:55:58.926+0000] {dag.py:3036} INFO - Sync 1 DAGs
[2025-04-04T08:55:58.951+0000] {logging_mixin.py:188} INFO - [2025-04-04T08:55:58.951+0000] {dag.py:3823} INFO - Setting next_dagrun for example_branch_dop_operator_v3 to 2025-04-04 08:54:00+00:00, run_after=2025-04-04 08:55:00+00:00
[2025-04-04T08:55:58.973+0000] {processor.py:183} INFO - Processing /home/airflow/.local/lib/python3.8/site-packages/airflow/example_dags/example_branch_python_dop_operator_3.py took 0.082 seconds
[2025-04-04T09:14:08.112+0000] {processor.py:161} INFO - Started process (PID=220) to work on /home/airflow/.local/lib/python3.8/site-packages/airflow/example_dags/example_branch_python_dop_operator_3.py
[2025-04-04T09:14:08.116+0000] {processor.py:830} INFO - Processing file /home/airflow/.local/lib/python3.8/site-packages/airflow/example_dags/example_branch_python_dop_operator_3.py for tasks to queue
[2025-04-04T09:14:08.120+0000] {logging_mixin.py:188} INFO - [2025-04-04T09:14:08.119+0000] {dagbag.py:538} INFO - Filling up the DagBag from /home/airflow/.local/lib/python3.8/site-packages/airflow/example_dags/example_branch_python_dop_operator_3.py
[2025-04-04T09:14:08.156+0000] {processor.py:840} INFO - DAG(s) 'example_branch_dop_operator_v3' retrieved from /home/airflow/.local/lib/python3.8/site-packages/airflow/example_dags/example_branch_python_dop_operator_3.py
[2025-04-04T09:14:08.476+0000] {logging_mixin.py:188} INFO - [2025-04-04T09:14:08.475+0000] {dag.py:3036} INFO - Sync 1 DAGs
[2025-04-04T09:14:08.554+0000] {logging_mixin.py:188} INFO - [2025-04-04T09:14:08.553+0000] {dag.py:3823} INFO - Setting next_dagrun for example_branch_dop_operator_v3 to 2025-04-04 09:13:00+00:00, run_after=2025-04-04 09:14:00+00:00
[2025-04-04T09:14:08.606+0000] {processor.py:183} INFO - Processing /home/airflow/.local/lib/python3.8/site-packages/airflow/example_dags/example_branch_python_dop_operator_3.py took 0.504 seconds
[2025-04-04T09:14:39.010+0000] {processor.py:161} INFO - Started process (PID=467) to work on /home/airflow/.local/lib/python3.8/site-packages/airflow/example_dags/example_branch_python_dop_operator_3.py
[2025-04-04T09:14:39.012+0000] {processor.py:830} INFO - Processing file /home/airflow/.local/lib/python3.8/site-packages/airflow/example_dags/example_branch_python_dop_operator_3.py for tasks to queue
[2025-04-04T09:14:39.013+0000] {logging_mixin.py:188} INFO - [2025-04-04T09:14:39.013+0000] {dagbag.py:538} INFO - Filling up the DagBag from /home/airflow/.local/lib/python3.8/site-packages/airflow/example_dags/example_branch_python_dop_operator_3.py
[2025-04-04T09:14:39.024+0000] {processor.py:840} INFO - DAG(s) 'example_branch_dop_operator_v3' retrieved from /home/airflow/.local/lib/python3.8/site-packages/airflow/example_dags/example_branch_python_dop_operator_3.py
[2025-04-04T09:14:39.052+0000] {logging_mixin.py:188} INFO - [2025-04-04T09:14:39.052+0000] {dag.py:3036} INFO - Sync 1 DAGs
[2025-04-04T09:14:39.103+0000] {logging_mixin.py:188} INFO - [2025-04-04T09:14:39.102+0000] {dag.py:3823} INFO - Setting next_dagrun for example_branch_dop_operator_v3 to 2025-04-04 09:13:00+00:00, run_after=2025-04-04 09:14:00+00:00
[2025-04-04T09:14:39.125+0000] {processor.py:183} INFO - Processing /home/airflow/.local/lib/python3.8/site-packages/airflow/example_dags/example_branch_python_dop_operator_3.py took 0.118 seconds
[2025-04-04T09:15:09.678+0000] {processor.py:161} INFO - Started process (PID=714) to work on /home/airflow/.local/lib/python3.8/site-packages/airflow/example_dags/example_branch_python_dop_operator_3.py
[2025-04-04T09:15:09.680+0000] {processor.py:830} INFO - Processing file /home/airflow/.local/lib/python3.8/site-packages/airflow/example_dags/example_branch_python_dop_operator_3.py for tasks to queue
[2025-04-04T09:15:09.681+0000] {logging_mixin.py:188} INFO - [2025-04-04T09:15:09.681+0000] {dagbag.py:538} INFO - Filling up the DagBag from /home/airflow/.local/lib/python3.8/site-packages/airflow/example_dags/example_branch_python_dop_operator_3.py
[2025-04-04T09:15:09.695+0000] {processor.py:840} INFO - DAG(s) 'example_branch_dop_operator_v3' retrieved from /home/airflow/.local/lib/python3.8/site-packages/airflow/example_dags/example_branch_python_dop_operator_3.py
[2025-04-04T09:15:09.739+0000] {logging_mixin.py:188} INFO - [2025-04-04T09:15:09.739+0000] {dag.py:3036} INFO - Sync 1 DAGs
[2025-04-04T09:15:09.764+0000] {logging_mixin.py:188} INFO - [2025-04-04T09:15:09.763+0000] {dag.py:3823} INFO - Setting next_dagrun for example_branch_dop_operator_v3 to 2025-04-04 09:14:00+00:00, run_after=2025-04-04 09:15:00+00:00
[2025-04-04T09:15:09.785+0000] {processor.py:183} INFO - Processing /home/airflow/.local/lib/python3.8/site-packages/airflow/example_dags/example_branch_python_dop_operator_3.py took 0.112 seconds
[2025-04-04T09:15:40.543+0000] {processor.py:161} INFO - Started process (PID=961) to work on /home/airflow/.local/lib/python3.8/site-packages/airflow/example_dags/example_branch_python_dop_operator_3.py
[2025-04-04T09:15:40.544+0000] {processor.py:830} INFO - Processing file /home/airflow/.local/lib/python3.8/site-packages/airflow/example_dags/example_branch_python_dop_operator_3.py for tasks to queue
[2025-04-04T09:15:40.545+0000] {logging_mixin.py:188} INFO - [2025-04-04T09:15:40.545+0000] {dagbag.py:538} INFO - Filling up the DagBag from /home/airflow/.local/lib/python3.8/site-packages/airflow/example_dags/example_branch_python_dop_operator_3.py
[2025-04-04T09:15:40.556+0000] {processor.py:840} INFO - DAG(s) 'example_branch_dop_operator_v3' retrieved from /home/airflow/.local/lib/python3.8/site-packages/airflow/example_dags/example_branch_python_dop_operator_3.py
[2025-04-04T09:15:40.598+0000] {logging_mixin.py:188} INFO - [2025-04-04T09:15:40.598+0000] {dag.py:3036} INFO - Sync 1 DAGs
[2025-04-04T09:15:40.626+0000] {logging_mixin.py:188} INFO - [2025-04-04T09:15:40.626+0000] {dag.py:3823} INFO - Setting next_dagrun for example_branch_dop_operator_v3 to 2025-04-04 09:14:00+00:00, run_after=2025-04-04 09:15:00+00:00
[2025-04-04T09:15:40.647+0000] {processor.py:183} INFO - Processing /home/airflow/.local/lib/python3.8/site-packages/airflow/example_dags/example_branch_python_dop_operator_3.py took 0.107 seconds
[2025-04-04T09:16:10.993+0000] {processor.py:161} INFO - Started process (PID=1208) to work on /home/airflow/.local/lib/python3.8/site-packages/airflow/example_dags/example_branch_python_dop_operator_3.py
[2025-04-04T09:16:10.994+0000] {processor.py:830} INFO - Processing file /home/airflow/.local/lib/python3.8/site-packages/airflow/example_dags/example_branch_python_dop_operator_3.py for tasks to queue
[2025-04-04T09:16:10.995+0000] {logging_mixin.py:188} INFO - [2025-04-04T09:16:10.995+0000] {dagbag.py:538} INFO - Filling up the DagBag from /home/airflow/.local/lib/python3.8/site-packages/airflow/example_dags/example_branch_python_dop_operator_3.py
[2025-04-04T09:16:11.004+0000] {processor.py:840} INFO - DAG(s) 'example_branch_dop_operator_v3' retrieved from /home/airflow/.local/lib/python3.8/site-packages/airflow/example_dags/example_branch_python_dop_operator_3.py
[2025-04-04T09:16:11.024+0000] {logging_mixin.py:188} INFO - [2025-04-04T09:16:11.024+0000] {dag.py:3036} INFO - Sync 1 DAGs
[2025-04-04T09:16:11.049+0000] {logging_mixin.py:188} INFO - [2025-04-04T09:16:11.048+0000] {dag.py:3823} INFO - Setting next_dagrun for example_branch_dop_operator_v3 to 2025-04-04 09:15:00+00:00, run_after=2025-04-04 09:16:00+00:00
[2025-04-04T09:16:11.070+0000] {processor.py:183} INFO - Processing /home/airflow/.local/lib/python3.8/site-packages/airflow/example_dags/example_branch_python_dop_operator_3.py took 0.080 seconds
