[2025-04-04T08:35:51.367+0000] {processor.py:161} INFO - Started process (PID=350) to work on /home/airflow/.local/lib/python3.8/site-packages/airflow/example_dags/example_short_circuit_decorator.py
[2025-04-04T08:35:51.370+0000] {processor.py:830} INFO - Processing file /home/airflow/.local/lib/python3.8/site-packages/airflow/example_dags/example_short_circuit_decorator.py for tasks to queue
[2025-04-04T08:35:51.372+0000] {logging_mixin.py:188} INFO - [2025-04-04T08:35:51.371+0000] {dagbag.py:538} INFO - Filling up the DagBag from /home/airflow/.local/lib/python3.8/site-packages/airflow/example_dags/example_short_circuit_decorator.py
[2025-04-04T08:35:51.399+0000] {processor.py:840} INFO - DAG(s) 'example_short_circuit_decorator' retrieved from /home/airflow/.local/lib/python3.8/site-packages/airflow/example_dags/example_short_circuit_decorator.py
[2025-04-04T08:35:51.569+0000] {logging_mixin.py:188} INFO - [2025-04-04T08:35:51.568+0000] {override.py:1769} INFO - Created Permission View: can edit on DAG:example_short_circuit_decorator
[2025-04-04T08:35:51.583+0000] {logging_mixin.py:188} INFO - [2025-04-04T08:35:51.582+0000] {override.py:1769} INFO - Created Permission View: can read on DAG:example_short_circuit_decorator
[2025-04-04T08:35:51.593+0000] {logging_mixin.py:188} INFO - [2025-04-04T08:35:51.593+0000] {override.py:1769} INFO - Created Permission View: can delete on DAG:example_short_circuit_decorator
[2025-04-04T08:35:51.595+0000] {logging_mixin.py:188} INFO - [2025-04-04T08:35:51.594+0000] {dag.py:3036} INFO - Sync 1 DAGs
[2025-04-04T08:35:51.633+0000] {logging_mixin.py:188} INFO - [2025-04-04T08:35:51.633+0000] {dag.py:3058} INFO - Creating ORM DAG for example_short_circuit_decorator
[2025-04-04T08:35:51.664+0000] {logging_mixin.py:188} INFO - [2025-04-04T08:35:51.663+0000] {dag.py:3823} INFO - Setting next_dagrun for example_short_circuit_decorator to 2025-04-03 00:00:00+00:00, run_after=2025-04-04 00:00:00+00:00
[2025-04-04T08:35:51.711+0000] {processor.py:183} INFO - Processing /home/airflow/.local/lib/python3.8/site-packages/airflow/example_dags/example_short_circuit_decorator.py took 0.350 seconds
[2025-04-04T08:36:21.858+0000] {processor.py:161} INFO - Started process (PID=597) to work on /home/airflow/.local/lib/python3.8/site-packages/airflow/example_dags/example_short_circuit_decorator.py
[2025-04-04T08:36:21.859+0000] {processor.py:830} INFO - Processing file /home/airflow/.local/lib/python3.8/site-packages/airflow/example_dags/example_short_circuit_decorator.py for tasks to queue
[2025-04-04T08:36:21.860+0000] {logging_mixin.py:188} INFO - [2025-04-04T08:36:21.860+0000] {dagbag.py:538} INFO - Filling up the DagBag from /home/airflow/.local/lib/python3.8/site-packages/airflow/example_dags/example_short_circuit_decorator.py
[2025-04-04T08:36:21.871+0000] {processor.py:840} INFO - DAG(s) 'example_short_circuit_decorator' retrieved from /home/airflow/.local/lib/python3.8/site-packages/airflow/example_dags/example_short_circuit_decorator.py
[2025-04-04T08:36:21.895+0000] {logging_mixin.py:188} INFO - [2025-04-04T08:36:21.895+0000] {dag.py:3036} INFO - Sync 1 DAGs
[2025-04-04T08:36:21.916+0000] {logging_mixin.py:188} INFO - [2025-04-04T08:36:21.916+0000] {dag.py:3823} INFO - Setting next_dagrun for example_short_circuit_decorator to 2025-04-03 00:00:00+00:00, run_after=2025-04-04 00:00:00+00:00
[2025-04-04T08:36:21.947+0000] {processor.py:183} INFO - Processing /home/airflow/.local/lib/python3.8/site-packages/airflow/example_dags/example_short_circuit_decorator.py took 0.092 seconds
[2025-04-04T08:36:52.166+0000] {processor.py:161} INFO - Started process (PID=844) to work on /home/airflow/.local/lib/python3.8/site-packages/airflow/example_dags/example_short_circuit_decorator.py
[2025-04-04T08:36:52.167+0000] {processor.py:830} INFO - Processing file /home/airflow/.local/lib/python3.8/site-packages/airflow/example_dags/example_short_circuit_decorator.py for tasks to queue
[2025-04-04T08:36:52.168+0000] {logging_mixin.py:188} INFO - [2025-04-04T08:36:52.168+0000] {dagbag.py:538} INFO - Filling up the DagBag from /home/airflow/.local/lib/python3.8/site-packages/airflow/example_dags/example_short_circuit_decorator.py
[2025-04-04T08:36:52.179+0000] {processor.py:840} INFO - DAG(s) 'example_short_circuit_decorator' retrieved from /home/airflow/.local/lib/python3.8/site-packages/airflow/example_dags/example_short_circuit_decorator.py
[2025-04-04T08:36:52.201+0000] {logging_mixin.py:188} INFO - [2025-04-04T08:36:52.200+0000] {dag.py:3036} INFO - Sync 1 DAGs
[2025-04-04T08:36:52.231+0000] {logging_mixin.py:188} INFO - [2025-04-04T08:36:52.230+0000] {dag.py:3823} INFO - Setting next_dagrun for example_short_circuit_decorator to 2025-04-03 00:00:00+00:00, run_after=2025-04-04 00:00:00+00:00
[2025-04-04T08:36:52.256+0000] {processor.py:183} INFO - Processing /home/airflow/.local/lib/python3.8/site-packages/airflow/example_dags/example_short_circuit_decorator.py took 0.093 seconds
[2025-04-04T08:37:23.159+0000] {processor.py:161} INFO - Started process (PID=1093) to work on /home/airflow/.local/lib/python3.8/site-packages/airflow/example_dags/example_short_circuit_decorator.py
[2025-04-04T08:37:23.160+0000] {processor.py:830} INFO - Processing file /home/airflow/.local/lib/python3.8/site-packages/airflow/example_dags/example_short_circuit_decorator.py for tasks to queue
[2025-04-04T08:37:23.161+0000] {logging_mixin.py:188} INFO - [2025-04-04T08:37:23.160+0000] {dagbag.py:538} INFO - Filling up the DagBag from /home/airflow/.local/lib/python3.8/site-packages/airflow/example_dags/example_short_circuit_decorator.py
[2025-04-04T08:37:23.170+0000] {processor.py:840} INFO - DAG(s) 'example_short_circuit_decorator' retrieved from /home/airflow/.local/lib/python3.8/site-packages/airflow/example_dags/example_short_circuit_decorator.py
[2025-04-04T08:37:23.191+0000] {logging_mixin.py:188} INFO - [2025-04-04T08:37:23.191+0000] {dag.py:3036} INFO - Sync 1 DAGs
[2025-04-04T08:37:23.213+0000] {logging_mixin.py:188} INFO - [2025-04-04T08:37:23.213+0000] {dag.py:3823} INFO - Setting next_dagrun for example_short_circuit_decorator to 2025-04-03 00:00:00+00:00, run_after=2025-04-04 00:00:00+00:00
[2025-04-04T08:37:23.243+0000] {processor.py:183} INFO - Processing /home/airflow/.local/lib/python3.8/site-packages/airflow/example_dags/example_short_circuit_decorator.py took 0.087 seconds
[2025-04-04T08:37:53.397+0000] {processor.py:161} INFO - Started process (PID=1340) to work on /home/airflow/.local/lib/python3.8/site-packages/airflow/example_dags/example_short_circuit_decorator.py
[2025-04-04T08:37:53.398+0000] {processor.py:830} INFO - Processing file /home/airflow/.local/lib/python3.8/site-packages/airflow/example_dags/example_short_circuit_decorator.py for tasks to queue
[2025-04-04T08:37:53.399+0000] {logging_mixin.py:188} INFO - [2025-04-04T08:37:53.399+0000] {dagbag.py:538} INFO - Filling up the DagBag from /home/airflow/.local/lib/python3.8/site-packages/airflow/example_dags/example_short_circuit_decorator.py
[2025-04-04T08:37:53.409+0000] {processor.py:840} INFO - DAG(s) 'example_short_circuit_decorator' retrieved from /home/airflow/.local/lib/python3.8/site-packages/airflow/example_dags/example_short_circuit_decorator.py
[2025-04-04T08:37:53.431+0000] {logging_mixin.py:188} INFO - [2025-04-04T08:37:53.431+0000] {dag.py:3036} INFO - Sync 1 DAGs
[2025-04-04T08:37:53.451+0000] {logging_mixin.py:188} INFO - [2025-04-04T08:37:53.450+0000] {dag.py:3823} INFO - Setting next_dagrun for example_short_circuit_decorator to 2025-04-03 00:00:00+00:00, run_after=2025-04-04 00:00:00+00:00
[2025-04-04T08:37:53.472+0000] {processor.py:183} INFO - Processing /home/airflow/.local/lib/python3.8/site-packages/airflow/example_dags/example_short_circuit_decorator.py took 0.079 seconds
[2025-04-04T08:38:23.732+0000] {processor.py:161} INFO - Started process (PID=1587) to work on /home/airflow/.local/lib/python3.8/site-packages/airflow/example_dags/example_short_circuit_decorator.py
[2025-04-04T08:38:23.733+0000] {processor.py:830} INFO - Processing file /home/airflow/.local/lib/python3.8/site-packages/airflow/example_dags/example_short_circuit_decorator.py for tasks to queue
[2025-04-04T08:38:23.735+0000] {logging_mixin.py:188} INFO - [2025-04-04T08:38:23.734+0000] {dagbag.py:538} INFO - Filling up the DagBag from /home/airflow/.local/lib/python3.8/site-packages/airflow/example_dags/example_short_circuit_decorator.py
[2025-04-04T08:38:23.744+0000] {processor.py:840} INFO - DAG(s) 'example_short_circuit_decorator' retrieved from /home/airflow/.local/lib/python3.8/site-packages/airflow/example_dags/example_short_circuit_decorator.py
[2025-04-04T08:38:23.767+0000] {logging_mixin.py:188} INFO - [2025-04-04T08:38:23.767+0000] {dag.py:3036} INFO - Sync 1 DAGs
[2025-04-04T08:38:23.795+0000] {logging_mixin.py:188} INFO - [2025-04-04T08:38:23.795+0000] {dag.py:3823} INFO - Setting next_dagrun for example_short_circuit_decorator to 2025-04-03 00:00:00+00:00, run_after=2025-04-04 00:00:00+00:00
[2025-04-04T08:38:23.831+0000] {processor.py:183} INFO - Processing /home/airflow/.local/lib/python3.8/site-packages/airflow/example_dags/example_short_circuit_decorator.py took 0.102 seconds
[2025-04-04T08:38:54.326+0000] {processor.py:161} INFO - Started process (PID=1834) to work on /home/airflow/.local/lib/python3.8/site-packages/airflow/example_dags/example_short_circuit_decorator.py
[2025-04-04T08:38:54.328+0000] {processor.py:830} INFO - Processing file /home/airflow/.local/lib/python3.8/site-packages/airflow/example_dags/example_short_circuit_decorator.py for tasks to queue
[2025-04-04T08:38:54.330+0000] {logging_mixin.py:188} INFO - [2025-04-04T08:38:54.329+0000] {dagbag.py:538} INFO - Filling up the DagBag from /home/airflow/.local/lib/python3.8/site-packages/airflow/example_dags/example_short_circuit_decorator.py
[2025-04-04T08:38:54.349+0000] {processor.py:840} INFO - DAG(s) 'example_short_circuit_decorator' retrieved from /home/airflow/.local/lib/python3.8/site-packages/airflow/example_dags/example_short_circuit_decorator.py
[2025-04-04T08:38:54.403+0000] {logging_mixin.py:188} INFO - [2025-04-04T08:38:54.403+0000] {dag.py:3036} INFO - Sync 1 DAGs
[2025-04-04T08:38:54.442+0000] {logging_mixin.py:188} INFO - [2025-04-04T08:38:54.441+0000] {dag.py:3823} INFO - Setting next_dagrun for example_short_circuit_decorator to 2025-04-03 00:00:00+00:00, run_after=2025-04-04 00:00:00+00:00
[2025-04-04T08:38:54.465+0000] {processor.py:183} INFO - Processing /home/airflow/.local/lib/python3.8/site-packages/airflow/example_dags/example_short_circuit_decorator.py took 0.146 seconds
[2025-04-04T08:39:25.128+0000] {processor.py:161} INFO - Started process (PID=2081) to work on /home/airflow/.local/lib/python3.8/site-packages/airflow/example_dags/example_short_circuit_decorator.py
[2025-04-04T08:39:25.131+0000] {processor.py:830} INFO - Processing file /home/airflow/.local/lib/python3.8/site-packages/airflow/example_dags/example_short_circuit_decorator.py for tasks to queue
[2025-04-04T08:39:25.133+0000] {logging_mixin.py:188} INFO - [2025-04-04T08:39:25.132+0000] {dagbag.py:538} INFO - Filling up the DagBag from /home/airflow/.local/lib/python3.8/site-packages/airflow/example_dags/example_short_circuit_decorator.py
[2025-04-04T08:39:25.151+0000] {processor.py:840} INFO - DAG(s) 'example_short_circuit_decorator' retrieved from /home/airflow/.local/lib/python3.8/site-packages/airflow/example_dags/example_short_circuit_decorator.py
[2025-04-04T08:39:25.191+0000] {logging_mixin.py:188} INFO - [2025-04-04T08:39:25.191+0000] {dag.py:3036} INFO - Sync 1 DAGs
[2025-04-04T08:39:25.217+0000] {logging_mixin.py:188} INFO - [2025-04-04T08:39:25.216+0000] {dag.py:3823} INFO - Setting next_dagrun for example_short_circuit_decorator to 2025-04-03 00:00:00+00:00, run_after=2025-04-04 00:00:00+00:00
[2025-04-04T08:39:25.239+0000] {processor.py:183} INFO - Processing /home/airflow/.local/lib/python3.8/site-packages/airflow/example_dags/example_short_circuit_decorator.py took 0.116 seconds
[2025-04-04T08:39:55.511+0000] {processor.py:161} INFO - Started process (PID=2328) to work on /home/airflow/.local/lib/python3.8/site-packages/airflow/example_dags/example_short_circuit_decorator.py
[2025-04-04T08:39:55.513+0000] {processor.py:830} INFO - Processing file /home/airflow/.local/lib/python3.8/site-packages/airflow/example_dags/example_short_circuit_decorator.py for tasks to queue
[2025-04-04T08:39:55.514+0000] {logging_mixin.py:188} INFO - [2025-04-04T08:39:55.514+0000] {dagbag.py:538} INFO - Filling up the DagBag from /home/airflow/.local/lib/python3.8/site-packages/airflow/example_dags/example_short_circuit_decorator.py
[2025-04-04T08:39:55.523+0000] {processor.py:840} INFO - DAG(s) 'example_short_circuit_decorator' retrieved from /home/airflow/.local/lib/python3.8/site-packages/airflow/example_dags/example_short_circuit_decorator.py
[2025-04-04T08:39:55.545+0000] {logging_mixin.py:188} INFO - [2025-04-04T08:39:55.545+0000] {dag.py:3036} INFO - Sync 1 DAGs
[2025-04-04T08:39:55.568+0000] {logging_mixin.py:188} INFO - [2025-04-04T08:39:55.568+0000] {dag.py:3823} INFO - Setting next_dagrun for example_short_circuit_decorator to 2025-04-03 00:00:00+00:00, run_after=2025-04-04 00:00:00+00:00
[2025-04-04T08:39:55.590+0000] {processor.py:183} INFO - Processing /home/airflow/.local/lib/python3.8/site-packages/airflow/example_dags/example_short_circuit_decorator.py took 0.081 seconds
[2025-04-04T08:40:26.365+0000] {processor.py:161} INFO - Started process (PID=2575) to work on /home/airflow/.local/lib/python3.8/site-packages/airflow/example_dags/example_short_circuit_decorator.py
[2025-04-04T08:40:26.366+0000] {processor.py:830} INFO - Processing file /home/airflow/.local/lib/python3.8/site-packages/airflow/example_dags/example_short_circuit_decorator.py for tasks to queue
[2025-04-04T08:40:26.367+0000] {logging_mixin.py:188} INFO - [2025-04-04T08:40:26.367+0000] {dagbag.py:538} INFO - Filling up the DagBag from /home/airflow/.local/lib/python3.8/site-packages/airflow/example_dags/example_short_circuit_decorator.py
[2025-04-04T08:40:26.377+0000] {processor.py:840} INFO - DAG(s) 'example_short_circuit_decorator' retrieved from /home/airflow/.local/lib/python3.8/site-packages/airflow/example_dags/example_short_circuit_decorator.py
[2025-04-04T08:40:26.399+0000] {logging_mixin.py:188} INFO - [2025-04-04T08:40:26.399+0000] {dag.py:3036} INFO - Sync 1 DAGs
[2025-04-04T08:40:26.419+0000] {logging_mixin.py:188} INFO - [2025-04-04T08:40:26.419+0000] {dag.py:3823} INFO - Setting next_dagrun for example_short_circuit_decorator to 2025-04-03 00:00:00+00:00, run_after=2025-04-04 00:00:00+00:00
[2025-04-04T08:40:26.442+0000] {processor.py:183} INFO - Processing /home/airflow/.local/lib/python3.8/site-packages/airflow/example_dags/example_short_circuit_decorator.py took 0.079 seconds
[2025-04-04T08:40:56.609+0000] {processor.py:161} INFO - Started process (PID=2822) to work on /home/airflow/.local/lib/python3.8/site-packages/airflow/example_dags/example_short_circuit_decorator.py
[2025-04-04T08:40:56.610+0000] {processor.py:830} INFO - Processing file /home/airflow/.local/lib/python3.8/site-packages/airflow/example_dags/example_short_circuit_decorator.py for tasks to queue
[2025-04-04T08:40:56.611+0000] {logging_mixin.py:188} INFO - [2025-04-04T08:40:56.611+0000] {dagbag.py:538} INFO - Filling up the DagBag from /home/airflow/.local/lib/python3.8/site-packages/airflow/example_dags/example_short_circuit_decorator.py
[2025-04-04T08:40:56.621+0000] {processor.py:840} INFO - DAG(s) 'example_short_circuit_decorator' retrieved from /home/airflow/.local/lib/python3.8/site-packages/airflow/example_dags/example_short_circuit_decorator.py
[2025-04-04T08:40:56.645+0000] {logging_mixin.py:188} INFO - [2025-04-04T08:40:56.645+0000] {dag.py:3036} INFO - Sync 1 DAGs
[2025-04-04T08:40:56.669+0000] {logging_mixin.py:188} INFO - [2025-04-04T08:40:56.669+0000] {dag.py:3823} INFO - Setting next_dagrun for example_short_circuit_decorator to 2025-04-03 00:00:00+00:00, run_after=2025-04-04 00:00:00+00:00
[2025-04-04T08:40:56.691+0000] {processor.py:183} INFO - Processing /home/airflow/.local/lib/python3.8/site-packages/airflow/example_dags/example_short_circuit_decorator.py took 0.085 seconds
[2025-04-04T08:43:03.906+0000] {processor.py:161} INFO - Started process (PID=340) to work on /home/airflow/.local/lib/python3.8/site-packages/airflow/example_dags/example_short_circuit_decorator.py
[2025-04-04T08:43:03.907+0000] {processor.py:830} INFO - Processing file /home/airflow/.local/lib/python3.8/site-packages/airflow/example_dags/example_short_circuit_decorator.py for tasks to queue
[2025-04-04T08:43:03.909+0000] {logging_mixin.py:188} INFO - [2025-04-04T08:43:03.908+0000] {dagbag.py:538} INFO - Filling up the DagBag from /home/airflow/.local/lib/python3.8/site-packages/airflow/example_dags/example_short_circuit_decorator.py
[2025-04-04T08:43:03.921+0000] {processor.py:840} INFO - DAG(s) 'example_short_circuit_decorator' retrieved from /home/airflow/.local/lib/python3.8/site-packages/airflow/example_dags/example_short_circuit_decorator.py
[2025-04-04T08:43:03.936+0000] {logging_mixin.py:188} INFO - [2025-04-04T08:43:03.936+0000] {dag.py:3036} INFO - Sync 1 DAGs
[2025-04-04T08:43:03.983+0000] {logging_mixin.py:188} INFO - [2025-04-04T08:43:03.983+0000] {dag.py:3823} INFO - Setting next_dagrun for example_short_circuit_decorator to 2025-04-03 00:00:00+00:00, run_after=2025-04-04 00:00:00+00:00
[2025-04-04T08:43:04.015+0000] {processor.py:183} INFO - Processing /home/airflow/.local/lib/python3.8/site-packages/airflow/example_dags/example_short_circuit_decorator.py took 0.114 seconds
[2025-04-04T08:43:35.921+0000] {processor.py:161} INFO - Started process (PID=587) to work on /home/airflow/.local/lib/python3.8/site-packages/airflow/example_dags/example_short_circuit_decorator.py
[2025-04-04T08:43:35.922+0000] {processor.py:830} INFO - Processing file /home/airflow/.local/lib/python3.8/site-packages/airflow/example_dags/example_short_circuit_decorator.py for tasks to queue
[2025-04-04T08:43:35.924+0000] {logging_mixin.py:188} INFO - [2025-04-04T08:43:35.923+0000] {dagbag.py:538} INFO - Filling up the DagBag from /home/airflow/.local/lib/python3.8/site-packages/airflow/example_dags/example_short_circuit_decorator.py
[2025-04-04T08:43:35.937+0000] {processor.py:840} INFO - DAG(s) 'example_short_circuit_decorator' retrieved from /home/airflow/.local/lib/python3.8/site-packages/airflow/example_dags/example_short_circuit_decorator.py
[2025-04-04T08:43:36.081+0000] {logging_mixin.py:188} INFO - [2025-04-04T08:43:36.080+0000] {dag.py:3036} INFO - Sync 1 DAGs
[2025-04-04T08:43:36.104+0000] {logging_mixin.py:188} INFO - [2025-04-04T08:43:36.104+0000] {dag.py:3823} INFO - Setting next_dagrun for example_short_circuit_decorator to 2025-04-03 00:00:00+00:00, run_after=2025-04-04 00:00:00+00:00
[2025-04-04T08:43:36.126+0000] {processor.py:183} INFO - Processing /home/airflow/.local/lib/python3.8/site-packages/airflow/example_dags/example_short_circuit_decorator.py took 0.210 seconds
[2025-04-04T08:44:06.164+0000] {processor.py:161} INFO - Started process (PID=834) to work on /home/airflow/.local/lib/python3.8/site-packages/airflow/example_dags/example_short_circuit_decorator.py
[2025-04-04T08:44:06.165+0000] {processor.py:830} INFO - Processing file /home/airflow/.local/lib/python3.8/site-packages/airflow/example_dags/example_short_circuit_decorator.py for tasks to queue
[2025-04-04T08:44:06.166+0000] {logging_mixin.py:188} INFO - [2025-04-04T08:44:06.166+0000] {dagbag.py:538} INFO - Filling up the DagBag from /home/airflow/.local/lib/python3.8/site-packages/airflow/example_dags/example_short_circuit_decorator.py
[2025-04-04T08:44:06.175+0000] {processor.py:840} INFO - DAG(s) 'example_short_circuit_decorator' retrieved from /home/airflow/.local/lib/python3.8/site-packages/airflow/example_dags/example_short_circuit_decorator.py
[2025-04-04T08:44:06.198+0000] {logging_mixin.py:188} INFO - [2025-04-04T08:44:06.198+0000] {dag.py:3036} INFO - Sync 1 DAGs
[2025-04-04T08:44:06.218+0000] {logging_mixin.py:188} INFO - [2025-04-04T08:44:06.218+0000] {dag.py:3823} INFO - Setting next_dagrun for example_short_circuit_decorator to 2025-04-03 00:00:00+00:00, run_after=2025-04-04 00:00:00+00:00
[2025-04-04T08:44:06.239+0000] {processor.py:183} INFO - Processing /home/airflow/.local/lib/python3.8/site-packages/airflow/example_dags/example_short_circuit_decorator.py took 0.078 seconds
[2025-04-04T08:44:36.773+0000] {processor.py:161} INFO - Started process (PID=1081) to work on /home/airflow/.local/lib/python3.8/site-packages/airflow/example_dags/example_short_circuit_decorator.py
[2025-04-04T08:44:36.774+0000] {processor.py:830} INFO - Processing file /home/airflow/.local/lib/python3.8/site-packages/airflow/example_dags/example_short_circuit_decorator.py for tasks to queue
[2025-04-04T08:44:36.776+0000] {logging_mixin.py:188} INFO - [2025-04-04T08:44:36.775+0000] {dagbag.py:538} INFO - Filling up the DagBag from /home/airflow/.local/lib/python3.8/site-packages/airflow/example_dags/example_short_circuit_decorator.py
[2025-04-04T08:44:36.788+0000] {processor.py:840} INFO - DAG(s) 'example_short_circuit_decorator' retrieved from /home/airflow/.local/lib/python3.8/site-packages/airflow/example_dags/example_short_circuit_decorator.py
[2025-04-04T08:44:36.813+0000] {logging_mixin.py:188} INFO - [2025-04-04T08:44:36.813+0000] {dag.py:3036} INFO - Sync 1 DAGs
[2025-04-04T08:44:36.837+0000] {logging_mixin.py:188} INFO - [2025-04-04T08:44:36.837+0000] {dag.py:3823} INFO - Setting next_dagrun for example_short_circuit_decorator to 2025-04-03 00:00:00+00:00, run_after=2025-04-04 00:00:00+00:00
[2025-04-04T08:44:36.858+0000] {processor.py:183} INFO - Processing /home/airflow/.local/lib/python3.8/site-packages/airflow/example_dags/example_short_circuit_decorator.py took 0.089 seconds
[2025-04-04T08:45:07.485+0000] {processor.py:161} INFO - Started process (PID=1326) to work on /home/airflow/.local/lib/python3.8/site-packages/airflow/example_dags/example_short_circuit_decorator.py
[2025-04-04T08:45:07.486+0000] {processor.py:830} INFO - Processing file /home/airflow/.local/lib/python3.8/site-packages/airflow/example_dags/example_short_circuit_decorator.py for tasks to queue
[2025-04-04T08:45:07.488+0000] {logging_mixin.py:188} INFO - [2025-04-04T08:45:07.487+0000] {dagbag.py:538} INFO - Filling up the DagBag from /home/airflow/.local/lib/python3.8/site-packages/airflow/example_dags/example_short_circuit_decorator.py
[2025-04-04T08:45:07.502+0000] {processor.py:840} INFO - DAG(s) 'example_short_circuit_decorator' retrieved from /home/airflow/.local/lib/python3.8/site-packages/airflow/example_dags/example_short_circuit_decorator.py
[2025-04-04T08:45:07.541+0000] {logging_mixin.py:188} INFO - [2025-04-04T08:45:07.541+0000] {dag.py:3036} INFO - Sync 1 DAGs
[2025-04-04T08:45:07.581+0000] {logging_mixin.py:188} INFO - [2025-04-04T08:45:07.580+0000] {dag.py:3823} INFO - Setting next_dagrun for example_short_circuit_decorator to 2025-04-03 00:00:00+00:00, run_after=2025-04-04 00:00:00+00:00
[2025-04-04T08:45:07.612+0000] {processor.py:183} INFO - Processing /home/airflow/.local/lib/python3.8/site-packages/airflow/example_dags/example_short_circuit_decorator.py took 0.131 seconds
[2025-04-04T08:45:37.844+0000] {processor.py:161} INFO - Started process (PID=1573) to work on /home/airflow/.local/lib/python3.8/site-packages/airflow/example_dags/example_short_circuit_decorator.py
[2025-04-04T08:45:37.845+0000] {processor.py:830} INFO - Processing file /home/airflow/.local/lib/python3.8/site-packages/airflow/example_dags/example_short_circuit_decorator.py for tasks to queue
[2025-04-04T08:45:37.847+0000] {logging_mixin.py:188} INFO - [2025-04-04T08:45:37.847+0000] {dagbag.py:538} INFO - Filling up the DagBag from /home/airflow/.local/lib/python3.8/site-packages/airflow/example_dags/example_short_circuit_decorator.py
[2025-04-04T08:45:37.858+0000] {processor.py:840} INFO - DAG(s) 'example_short_circuit_decorator' retrieved from /home/airflow/.local/lib/python3.8/site-packages/airflow/example_dags/example_short_circuit_decorator.py
[2025-04-04T08:45:37.888+0000] {logging_mixin.py:188} INFO - [2025-04-04T08:45:37.887+0000] {dag.py:3036} INFO - Sync 1 DAGs
[2025-04-04T08:45:37.913+0000] {logging_mixin.py:188} INFO - [2025-04-04T08:45:37.913+0000] {dag.py:3823} INFO - Setting next_dagrun for example_short_circuit_decorator to 2025-04-03 00:00:00+00:00, run_after=2025-04-04 00:00:00+00:00
[2025-04-04T08:45:37.936+0000] {processor.py:183} INFO - Processing /home/airflow/.local/lib/python3.8/site-packages/airflow/example_dags/example_short_circuit_decorator.py took 0.096 seconds
[2025-04-04T08:46:08.087+0000] {processor.py:161} INFO - Started process (PID=1820) to work on /home/airflow/.local/lib/python3.8/site-packages/airflow/example_dags/example_short_circuit_decorator.py
[2025-04-04T08:46:08.089+0000] {processor.py:830} INFO - Processing file /home/airflow/.local/lib/python3.8/site-packages/airflow/example_dags/example_short_circuit_decorator.py for tasks to queue
[2025-04-04T08:46:08.091+0000] {logging_mixin.py:188} INFO - [2025-04-04T08:46:08.090+0000] {dagbag.py:538} INFO - Filling up the DagBag from /home/airflow/.local/lib/python3.8/site-packages/airflow/example_dags/example_short_circuit_decorator.py
[2025-04-04T08:46:08.108+0000] {processor.py:840} INFO - DAG(s) 'example_short_circuit_decorator' retrieved from /home/airflow/.local/lib/python3.8/site-packages/airflow/example_dags/example_short_circuit_decorator.py
[2025-04-04T08:46:08.162+0000] {logging_mixin.py:188} INFO - [2025-04-04T08:46:08.162+0000] {dag.py:3036} INFO - Sync 1 DAGs
[2025-04-04T08:46:08.190+0000] {logging_mixin.py:188} INFO - [2025-04-04T08:46:08.190+0000] {dag.py:3823} INFO - Setting next_dagrun for example_short_circuit_decorator to 2025-04-03 00:00:00+00:00, run_after=2025-04-04 00:00:00+00:00
[2025-04-04T08:46:08.211+0000] {processor.py:183} INFO - Processing /home/airflow/.local/lib/python3.8/site-packages/airflow/example_dags/example_short_circuit_decorator.py took 0.130 seconds
[2025-04-04T08:50:25.383+0000] {processor.py:161} INFO - Started process (PID=345) to work on /home/airflow/.local/lib/python3.8/site-packages/airflow/example_dags/example_short_circuit_decorator.py
[2025-04-04T08:50:25.384+0000] {processor.py:830} INFO - Processing file /home/airflow/.local/lib/python3.8/site-packages/airflow/example_dags/example_short_circuit_decorator.py for tasks to queue
[2025-04-04T08:50:25.386+0000] {logging_mixin.py:188} INFO - [2025-04-04T08:50:25.385+0000] {dagbag.py:538} INFO - Filling up the DagBag from /home/airflow/.local/lib/python3.8/site-packages/airflow/example_dags/example_short_circuit_decorator.py
[2025-04-04T08:50:25.398+0000] {processor.py:840} INFO - DAG(s) 'example_short_circuit_decorator' retrieved from /home/airflow/.local/lib/python3.8/site-packages/airflow/example_dags/example_short_circuit_decorator.py
[2025-04-04T08:50:25.413+0000] {logging_mixin.py:188} INFO - [2025-04-04T08:50:25.413+0000] {dag.py:3036} INFO - Sync 1 DAGs
[2025-04-04T08:50:25.443+0000] {logging_mixin.py:188} INFO - [2025-04-04T08:50:25.443+0000] {dag.py:3823} INFO - Setting next_dagrun for example_short_circuit_decorator to 2025-04-03 00:00:00+00:00, run_after=2025-04-04 00:00:00+00:00
[2025-04-04T08:50:25.467+0000] {processor.py:183} INFO - Processing /home/airflow/.local/lib/python3.8/site-packages/airflow/example_dags/example_short_circuit_decorator.py took 0.089 seconds
[2025-04-04T08:50:56.886+0000] {processor.py:161} INFO - Started process (PID=592) to work on /home/airflow/.local/lib/python3.8/site-packages/airflow/example_dags/example_short_circuit_decorator.py
[2025-04-04T08:50:56.887+0000] {processor.py:830} INFO - Processing file /home/airflow/.local/lib/python3.8/site-packages/airflow/example_dags/example_short_circuit_decorator.py for tasks to queue
[2025-04-04T08:50:56.889+0000] {logging_mixin.py:188} INFO - [2025-04-04T08:50:56.889+0000] {dagbag.py:538} INFO - Filling up the DagBag from /home/airflow/.local/lib/python3.8/site-packages/airflow/example_dags/example_short_circuit_decorator.py
[2025-04-04T08:50:56.899+0000] {processor.py:840} INFO - DAG(s) 'example_short_circuit_decorator' retrieved from /home/airflow/.local/lib/python3.8/site-packages/airflow/example_dags/example_short_circuit_decorator.py
[2025-04-04T08:50:56.998+0000] {logging_mixin.py:188} INFO - [2025-04-04T08:50:56.998+0000] {dag.py:3036} INFO - Sync 1 DAGs
[2025-04-04T08:50:57.026+0000] {logging_mixin.py:188} INFO - [2025-04-04T08:50:57.026+0000] {dag.py:3823} INFO - Setting next_dagrun for example_short_circuit_decorator to 2025-04-03 00:00:00+00:00, run_after=2025-04-04 00:00:00+00:00
[2025-04-04T08:50:57.124+0000] {processor.py:183} INFO - Processing /home/airflow/.local/lib/python3.8/site-packages/airflow/example_dags/example_short_circuit_decorator.py took 0.242 seconds
[2025-04-04T08:51:27.985+0000] {processor.py:161} INFO - Started process (PID=839) to work on /home/airflow/.local/lib/python3.8/site-packages/airflow/example_dags/example_short_circuit_decorator.py
[2025-04-04T08:51:27.987+0000] {processor.py:830} INFO - Processing file /home/airflow/.local/lib/python3.8/site-packages/airflow/example_dags/example_short_circuit_decorator.py for tasks to queue
[2025-04-04T08:51:27.988+0000] {logging_mixin.py:188} INFO - [2025-04-04T08:51:27.988+0000] {dagbag.py:538} INFO - Filling up the DagBag from /home/airflow/.local/lib/python3.8/site-packages/airflow/example_dags/example_short_circuit_decorator.py
[2025-04-04T08:51:28.005+0000] {processor.py:840} INFO - DAG(s) 'example_short_circuit_decorator' retrieved from /home/airflow/.local/lib/python3.8/site-packages/airflow/example_dags/example_short_circuit_decorator.py
[2025-04-04T08:51:28.038+0000] {logging_mixin.py:188} INFO - [2025-04-04T08:51:28.037+0000] {dag.py:3036} INFO - Sync 1 DAGs
[2025-04-04T08:51:28.073+0000] {logging_mixin.py:188} INFO - [2025-04-04T08:51:28.073+0000] {dag.py:3823} INFO - Setting next_dagrun for example_short_circuit_decorator to 2025-04-03 00:00:00+00:00, run_after=2025-04-04 00:00:00+00:00
[2025-04-04T08:51:28.098+0000] {processor.py:183} INFO - Processing /home/airflow/.local/lib/python3.8/site-packages/airflow/example_dags/example_short_circuit_decorator.py took 0.118 seconds
[2025-04-04T08:51:59.135+0000] {processor.py:161} INFO - Started process (PID=1086) to work on /home/airflow/.local/lib/python3.8/site-packages/airflow/example_dags/example_short_circuit_decorator.py
[2025-04-04T08:51:59.151+0000] {processor.py:830} INFO - Processing file /home/airflow/.local/lib/python3.8/site-packages/airflow/example_dags/example_short_circuit_decorator.py for tasks to queue
[2025-04-04T08:51:59.186+0000] {logging_mixin.py:188} INFO - [2025-04-04T08:51:59.186+0000] {dagbag.py:538} INFO - Filling up the DagBag from /home/airflow/.local/lib/python3.8/site-packages/airflow/example_dags/example_short_circuit_decorator.py
[2025-04-04T08:51:59.196+0000] {processor.py:840} INFO - DAG(s) 'example_short_circuit_decorator' retrieved from /home/airflow/.local/lib/python3.8/site-packages/airflow/example_dags/example_short_circuit_decorator.py
[2025-04-04T08:51:59.218+0000] {logging_mixin.py:188} INFO - [2025-04-04T08:51:59.218+0000] {dag.py:3036} INFO - Sync 1 DAGs
[2025-04-04T08:51:59.243+0000] {logging_mixin.py:188} INFO - [2025-04-04T08:51:59.243+0000] {dag.py:3823} INFO - Setting next_dagrun for example_short_circuit_decorator to 2025-04-03 00:00:00+00:00, run_after=2025-04-04 00:00:00+00:00
[2025-04-04T08:51:59.350+0000] {processor.py:183} INFO - Processing /home/airflow/.local/lib/python3.8/site-packages/airflow/example_dags/example_short_circuit_decorator.py took 0.218 seconds
[2025-04-04T08:52:30.183+0000] {processor.py:161} INFO - Started process (PID=1333) to work on /home/airflow/.local/lib/python3.8/site-packages/airflow/example_dags/example_short_circuit_decorator.py
[2025-04-04T08:52:30.184+0000] {processor.py:830} INFO - Processing file /home/airflow/.local/lib/python3.8/site-packages/airflow/example_dags/example_short_circuit_decorator.py for tasks to queue
[2025-04-04T08:52:30.185+0000] {logging_mixin.py:188} INFO - [2025-04-04T08:52:30.185+0000] {dagbag.py:538} INFO - Filling up the DagBag from /home/airflow/.local/lib/python3.8/site-packages/airflow/example_dags/example_short_circuit_decorator.py
[2025-04-04T08:52:30.194+0000] {processor.py:840} INFO - DAG(s) 'example_short_circuit_decorator' retrieved from /home/airflow/.local/lib/python3.8/site-packages/airflow/example_dags/example_short_circuit_decorator.py
[2025-04-04T08:52:30.217+0000] {logging_mixin.py:188} INFO - [2025-04-04T08:52:30.217+0000] {dag.py:3036} INFO - Sync 1 DAGs
[2025-04-04T08:52:30.236+0000] {logging_mixin.py:188} INFO - [2025-04-04T08:52:30.236+0000] {dag.py:3823} INFO - Setting next_dagrun for example_short_circuit_decorator to 2025-04-03 00:00:00+00:00, run_after=2025-04-04 00:00:00+00:00
[2025-04-04T08:52:30.257+0000] {processor.py:183} INFO - Processing /home/airflow/.local/lib/python3.8/site-packages/airflow/example_dags/example_short_circuit_decorator.py took 0.077 seconds
[2025-04-04T08:53:00.841+0000] {processor.py:161} INFO - Started process (PID=1580) to work on /home/airflow/.local/lib/python3.8/site-packages/airflow/example_dags/example_short_circuit_decorator.py
[2025-04-04T08:53:00.843+0000] {processor.py:830} INFO - Processing file /home/airflow/.local/lib/python3.8/site-packages/airflow/example_dags/example_short_circuit_decorator.py for tasks to queue
[2025-04-04T08:53:00.844+0000] {logging_mixin.py:188} INFO - [2025-04-04T08:53:00.843+0000] {dagbag.py:538} INFO - Filling up the DagBag from /home/airflow/.local/lib/python3.8/site-packages/airflow/example_dags/example_short_circuit_decorator.py
[2025-04-04T08:53:00.856+0000] {processor.py:840} INFO - DAG(s) 'example_short_circuit_decorator' retrieved from /home/airflow/.local/lib/python3.8/site-packages/airflow/example_dags/example_short_circuit_decorator.py
[2025-04-04T08:53:00.881+0000] {logging_mixin.py:188} INFO - [2025-04-04T08:53:00.880+0000] {dag.py:3036} INFO - Sync 1 DAGs
[2025-04-04T08:53:00.901+0000] {logging_mixin.py:188} INFO - [2025-04-04T08:53:00.901+0000] {dag.py:3823} INFO - Setting next_dagrun for example_short_circuit_decorator to 2025-04-03 00:00:00+00:00, run_after=2025-04-04 00:00:00+00:00
[2025-04-04T08:53:00.930+0000] {processor.py:183} INFO - Processing /home/airflow/.local/lib/python3.8/site-packages/airflow/example_dags/example_short_circuit_decorator.py took 0.092 seconds
[2025-04-04T08:53:31.788+0000] {processor.py:161} INFO - Started process (PID=1827) to work on /home/airflow/.local/lib/python3.8/site-packages/airflow/example_dags/example_short_circuit_decorator.py
[2025-04-04T08:53:31.790+0000] {processor.py:830} INFO - Processing file /home/airflow/.local/lib/python3.8/site-packages/airflow/example_dags/example_short_circuit_decorator.py for tasks to queue
[2025-04-04T08:53:31.791+0000] {logging_mixin.py:188} INFO - [2025-04-04T08:53:31.791+0000] {dagbag.py:538} INFO - Filling up the DagBag from /home/airflow/.local/lib/python3.8/site-packages/airflow/example_dags/example_short_circuit_decorator.py
[2025-04-04T08:53:31.807+0000] {processor.py:840} INFO - DAG(s) 'example_short_circuit_decorator' retrieved from /home/airflow/.local/lib/python3.8/site-packages/airflow/example_dags/example_short_circuit_decorator.py
[2025-04-04T08:53:31.840+0000] {logging_mixin.py:188} INFO - [2025-04-04T08:53:31.840+0000] {dag.py:3036} INFO - Sync 1 DAGs
[2025-04-04T08:53:31.868+0000] {logging_mixin.py:188} INFO - [2025-04-04T08:53:31.868+0000] {dag.py:3823} INFO - Setting next_dagrun for example_short_circuit_decorator to 2025-04-03 00:00:00+00:00, run_after=2025-04-04 00:00:00+00:00
[2025-04-04T08:53:31.894+0000] {processor.py:183} INFO - Processing /home/airflow/.local/lib/python3.8/site-packages/airflow/example_dags/example_short_circuit_decorator.py took 0.109 seconds
[2025-04-04T08:54:02.169+0000] {processor.py:161} INFO - Started process (PID=2074) to work on /home/airflow/.local/lib/python3.8/site-packages/airflow/example_dags/example_short_circuit_decorator.py
[2025-04-04T08:54:02.171+0000] {processor.py:830} INFO - Processing file /home/airflow/.local/lib/python3.8/site-packages/airflow/example_dags/example_short_circuit_decorator.py for tasks to queue
[2025-04-04T08:54:02.172+0000] {logging_mixin.py:188} INFO - [2025-04-04T08:54:02.171+0000] {dagbag.py:538} INFO - Filling up the DagBag from /home/airflow/.local/lib/python3.8/site-packages/airflow/example_dags/example_short_circuit_decorator.py
[2025-04-04T08:54:02.180+0000] {processor.py:840} INFO - DAG(s) 'example_short_circuit_decorator' retrieved from /home/airflow/.local/lib/python3.8/site-packages/airflow/example_dags/example_short_circuit_decorator.py
[2025-04-04T08:54:02.202+0000] {logging_mixin.py:188} INFO - [2025-04-04T08:54:02.201+0000] {dag.py:3036} INFO - Sync 1 DAGs
[2025-04-04T08:54:02.221+0000] {logging_mixin.py:188} INFO - [2025-04-04T08:54:02.221+0000] {dag.py:3823} INFO - Setting next_dagrun for example_short_circuit_decorator to 2025-04-03 00:00:00+00:00, run_after=2025-04-04 00:00:00+00:00
[2025-04-04T08:54:02.241+0000] {processor.py:183} INFO - Processing /home/airflow/.local/lib/python3.8/site-packages/airflow/example_dags/example_short_circuit_decorator.py took 0.074 seconds
[2025-04-04T08:54:33.159+0000] {processor.py:161} INFO - Started process (PID=2321) to work on /home/airflow/.local/lib/python3.8/site-packages/airflow/example_dags/example_short_circuit_decorator.py
[2025-04-04T08:54:33.161+0000] {processor.py:830} INFO - Processing file /home/airflow/.local/lib/python3.8/site-packages/airflow/example_dags/example_short_circuit_decorator.py for tasks to queue
[2025-04-04T08:54:33.166+0000] {logging_mixin.py:188} INFO - [2025-04-04T08:54:33.165+0000] {dagbag.py:538} INFO - Filling up the DagBag from /home/airflow/.local/lib/python3.8/site-packages/airflow/example_dags/example_short_circuit_decorator.py
[2025-04-04T08:54:33.187+0000] {processor.py:840} INFO - DAG(s) 'example_short_circuit_decorator' retrieved from /home/airflow/.local/lib/python3.8/site-packages/airflow/example_dags/example_short_circuit_decorator.py
[2025-04-04T08:54:33.232+0000] {logging_mixin.py:188} INFO - [2025-04-04T08:54:33.231+0000] {dag.py:3036} INFO - Sync 1 DAGs
[2025-04-04T08:54:33.276+0000] {logging_mixin.py:188} INFO - [2025-04-04T08:54:33.276+0000] {dag.py:3823} INFO - Setting next_dagrun for example_short_circuit_decorator to 2025-04-03 00:00:00+00:00, run_after=2025-04-04 00:00:00+00:00
[2025-04-04T08:54:33.312+0000] {processor.py:183} INFO - Processing /home/airflow/.local/lib/python3.8/site-packages/airflow/example_dags/example_short_circuit_decorator.py took 0.158 seconds
[2025-04-04T08:55:03.853+0000] {processor.py:161} INFO - Started process (PID=2568) to work on /home/airflow/.local/lib/python3.8/site-packages/airflow/example_dags/example_short_circuit_decorator.py
[2025-04-04T08:55:03.855+0000] {processor.py:830} INFO - Processing file /home/airflow/.local/lib/python3.8/site-packages/airflow/example_dags/example_short_circuit_decorator.py for tasks to queue
[2025-04-04T08:55:03.857+0000] {logging_mixin.py:188} INFO - [2025-04-04T08:55:03.857+0000] {dagbag.py:538} INFO - Filling up the DagBag from /home/airflow/.local/lib/python3.8/site-packages/airflow/example_dags/example_short_circuit_decorator.py
[2025-04-04T08:55:03.872+0000] {processor.py:840} INFO - DAG(s) 'example_short_circuit_decorator' retrieved from /home/airflow/.local/lib/python3.8/site-packages/airflow/example_dags/example_short_circuit_decorator.py
[2025-04-04T08:55:03.916+0000] {logging_mixin.py:188} INFO - [2025-04-04T08:55:03.915+0000] {dag.py:3036} INFO - Sync 1 DAGs
[2025-04-04T08:55:03.951+0000] {logging_mixin.py:188} INFO - [2025-04-04T08:55:03.950+0000] {dag.py:3823} INFO - Setting next_dagrun for example_short_circuit_decorator to 2025-04-03 00:00:00+00:00, run_after=2025-04-04 00:00:00+00:00
[2025-04-04T08:55:03.985+0000] {processor.py:183} INFO - Processing /home/airflow/.local/lib/python3.8/site-packages/airflow/example_dags/example_short_circuit_decorator.py took 0.136 seconds
[2025-04-04T08:55:34.586+0000] {processor.py:161} INFO - Started process (PID=2815) to work on /home/airflow/.local/lib/python3.8/site-packages/airflow/example_dags/example_short_circuit_decorator.py
[2025-04-04T08:55:34.588+0000] {processor.py:830} INFO - Processing file /home/airflow/.local/lib/python3.8/site-packages/airflow/example_dags/example_short_circuit_decorator.py for tasks to queue
[2025-04-04T08:55:34.591+0000] {logging_mixin.py:188} INFO - [2025-04-04T08:55:34.590+0000] {dagbag.py:538} INFO - Filling up the DagBag from /home/airflow/.local/lib/python3.8/site-packages/airflow/example_dags/example_short_circuit_decorator.py
[2025-04-04T08:55:34.612+0000] {processor.py:840} INFO - DAG(s) 'example_short_circuit_decorator' retrieved from /home/airflow/.local/lib/python3.8/site-packages/airflow/example_dags/example_short_circuit_decorator.py
[2025-04-04T08:55:34.650+0000] {logging_mixin.py:188} INFO - [2025-04-04T08:55:34.650+0000] {dag.py:3036} INFO - Sync 1 DAGs
[2025-04-04T08:55:34.689+0000] {logging_mixin.py:188} INFO - [2025-04-04T08:55:34.688+0000] {dag.py:3823} INFO - Setting next_dagrun for example_short_circuit_decorator to 2025-04-03 00:00:00+00:00, run_after=2025-04-04 00:00:00+00:00
[2025-04-04T08:55:34.717+0000] {processor.py:183} INFO - Processing /home/airflow/.local/lib/python3.8/site-packages/airflow/example_dags/example_short_circuit_decorator.py took 0.139 seconds
[2025-04-04T09:14:16.666+0000] {processor.py:161} INFO - Started process (PID=365) to work on /home/airflow/.local/lib/python3.8/site-packages/airflow/example_dags/example_short_circuit_decorator.py
[2025-04-04T09:14:16.668+0000] {processor.py:830} INFO - Processing file /home/airflow/.local/lib/python3.8/site-packages/airflow/example_dags/example_short_circuit_decorator.py for tasks to queue
[2025-04-04T09:14:16.670+0000] {logging_mixin.py:188} INFO - [2025-04-04T09:14:16.669+0000] {dagbag.py:538} INFO - Filling up the DagBag from /home/airflow/.local/lib/python3.8/site-packages/airflow/example_dags/example_short_circuit_decorator.py
[2025-04-04T09:14:16.690+0000] {processor.py:840} INFO - DAG(s) 'example_short_circuit_decorator' retrieved from /home/airflow/.local/lib/python3.8/site-packages/airflow/example_dags/example_short_circuit_decorator.py
[2025-04-04T09:14:17.012+0000] {logging_mixin.py:188} INFO - [2025-04-04T09:14:17.011+0000] {dag.py:3036} INFO - Sync 1 DAGs
[2025-04-04T09:14:17.061+0000] {logging_mixin.py:188} INFO - [2025-04-04T09:14:17.061+0000] {dag.py:3823} INFO - Setting next_dagrun for example_short_circuit_decorator to 2025-04-03 00:00:00+00:00, run_after=2025-04-04 00:00:00+00:00
[2025-04-04T09:14:17.096+0000] {processor.py:183} INFO - Processing /home/airflow/.local/lib/python3.8/site-packages/airflow/example_dags/example_short_circuit_decorator.py took 0.435 seconds
[2025-04-04T09:14:47.535+0000] {processor.py:161} INFO - Started process (PID=612) to work on /home/airflow/.local/lib/python3.8/site-packages/airflow/example_dags/example_short_circuit_decorator.py
[2025-04-04T09:14:47.536+0000] {processor.py:830} INFO - Processing file /home/airflow/.local/lib/python3.8/site-packages/airflow/example_dags/example_short_circuit_decorator.py for tasks to queue
[2025-04-04T09:14:47.537+0000] {logging_mixin.py:188} INFO - [2025-04-04T09:14:47.536+0000] {dagbag.py:538} INFO - Filling up the DagBag from /home/airflow/.local/lib/python3.8/site-packages/airflow/example_dags/example_short_circuit_decorator.py
[2025-04-04T09:14:47.550+0000] {processor.py:840} INFO - DAG(s) 'example_short_circuit_decorator' retrieved from /home/airflow/.local/lib/python3.8/site-packages/airflow/example_dags/example_short_circuit_decorator.py
[2025-04-04T09:14:47.598+0000] {logging_mixin.py:188} INFO - [2025-04-04T09:14:47.597+0000] {dag.py:3036} INFO - Sync 1 DAGs
[2025-04-04T09:14:47.622+0000] {logging_mixin.py:188} INFO - [2025-04-04T09:14:47.622+0000] {dag.py:3823} INFO - Setting next_dagrun for example_short_circuit_decorator to 2025-04-03 00:00:00+00:00, run_after=2025-04-04 00:00:00+00:00
[2025-04-04T09:14:47.694+0000] {processor.py:183} INFO - Processing /home/airflow/.local/lib/python3.8/site-packages/airflow/example_dags/example_short_circuit_decorator.py took 0.163 seconds
[2025-04-04T09:15:19.004+0000] {processor.py:161} INFO - Started process (PID=859) to work on /home/airflow/.local/lib/python3.8/site-packages/airflow/example_dags/example_short_circuit_decorator.py
[2025-04-04T09:15:19.006+0000] {processor.py:830} INFO - Processing file /home/airflow/.local/lib/python3.8/site-packages/airflow/example_dags/example_short_circuit_decorator.py for tasks to queue
[2025-04-04T09:15:19.007+0000] {logging_mixin.py:188} INFO - [2025-04-04T09:15:19.007+0000] {dagbag.py:538} INFO - Filling up the DagBag from /home/airflow/.local/lib/python3.8/site-packages/airflow/example_dags/example_short_circuit_decorator.py
[2025-04-04T09:15:19.021+0000] {processor.py:840} INFO - DAG(s) 'example_short_circuit_decorator' retrieved from /home/airflow/.local/lib/python3.8/site-packages/airflow/example_dags/example_short_circuit_decorator.py
[2025-04-04T09:15:19.055+0000] {logging_mixin.py:188} INFO - [2025-04-04T09:15:19.054+0000] {dag.py:3036} INFO - Sync 1 DAGs
[2025-04-04T09:15:19.081+0000] {logging_mixin.py:188} INFO - [2025-04-04T09:15:19.081+0000] {dag.py:3823} INFO - Setting next_dagrun for example_short_circuit_decorator to 2025-04-03 00:00:00+00:00, run_after=2025-04-04 00:00:00+00:00
[2025-04-04T09:15:19.104+0000] {processor.py:183} INFO - Processing /home/airflow/.local/lib/python3.8/site-packages/airflow/example_dags/example_short_circuit_decorator.py took 0.105 seconds
[2025-04-04T09:15:49.686+0000] {processor.py:161} INFO - Started process (PID=1106) to work on /home/airflow/.local/lib/python3.8/site-packages/airflow/example_dags/example_short_circuit_decorator.py
[2025-04-04T09:15:49.687+0000] {processor.py:830} INFO - Processing file /home/airflow/.local/lib/python3.8/site-packages/airflow/example_dags/example_short_circuit_decorator.py for tasks to queue
[2025-04-04T09:15:49.689+0000] {logging_mixin.py:188} INFO - [2025-04-04T09:15:49.688+0000] {dagbag.py:538} INFO - Filling up the DagBag from /home/airflow/.local/lib/python3.8/site-packages/airflow/example_dags/example_short_circuit_decorator.py
[2025-04-04T09:15:49.699+0000] {processor.py:840} INFO - DAG(s) 'example_short_circuit_decorator' retrieved from /home/airflow/.local/lib/python3.8/site-packages/airflow/example_dags/example_short_circuit_decorator.py
[2025-04-04T09:15:49.725+0000] {logging_mixin.py:188} INFO - [2025-04-04T09:15:49.725+0000] {dag.py:3036} INFO - Sync 1 DAGs
[2025-04-04T09:15:49.749+0000] {logging_mixin.py:188} INFO - [2025-04-04T09:15:49.749+0000] {dag.py:3823} INFO - Setting next_dagrun for example_short_circuit_decorator to 2025-04-03 00:00:00+00:00, run_after=2025-04-04 00:00:00+00:00
[2025-04-04T09:15:49.772+0000] {processor.py:183} INFO - Processing /home/airflow/.local/lib/python3.8/site-packages/airflow/example_dags/example_short_circuit_decorator.py took 0.090 seconds
