[2025-04-04T08:35:40.307+0000] {processor.py:161} INFO - Started process (PID=220) to work on /home/airflow/.local/lib/python3.8/site-packages/airflow/example_dags/example_external_task_marker_dag.py
[2025-04-04T08:35:40.324+0000] {processor.py:830} INFO - Processing file /home/airflow/.local/lib/python3.8/site-packages/airflow/example_dags/example_external_task_marker_dag.py for tasks to queue
[2025-04-04T08:35:40.344+0000] {logging_mixin.py:188} INFO - [2025-04-04T08:35:40.342+0000] {dagbag.py:538} INFO - Filling up the DagBag from /home/airflow/.local/lib/python3.8/site-packages/airflow/example_dags/example_external_task_marker_dag.py
[2025-04-04T08:35:40.381+0000] {processor.py:840} INFO - DAG(s) 'example_external_task_marker_parent', 'example_external_task_marker_child' retrieved from /home/airflow/.local/lib/python3.8/site-packages/airflow/example_dags/example_external_task_marker_dag.py
[2025-04-04T08:35:40.688+0000] {logging_mixin.py:188} INFO - [2025-04-04T08:35:40.686+0000] {override.py:1769} INFO - Created Permission View: can edit on DAG:example_external_task_marker_parent
[2025-04-04T08:35:40.725+0000] {logging_mixin.py:188} INFO - [2025-04-04T08:35:40.723+0000] {override.py:1769} INFO - Created Permission View: can read on DAG:example_external_task_marker_parent
[2025-04-04T08:35:40.742+0000] {logging_mixin.py:188} INFO - [2025-04-04T08:35:40.742+0000] {override.py:1769} INFO - Created Permission View: can delete on DAG:example_external_task_marker_parent
[2025-04-04T08:35:40.768+0000] {logging_mixin.py:188} INFO - [2025-04-04T08:35:40.768+0000] {override.py:1769} INFO - Created Permission View: can edit on DAG:example_external_task_marker_child
[2025-04-04T08:35:40.780+0000] {logging_mixin.py:188} INFO - [2025-04-04T08:35:40.779+0000] {override.py:1769} INFO - Created Permission View: can read on DAG:example_external_task_marker_child
[2025-04-04T08:35:40.791+0000] {logging_mixin.py:188} INFO - [2025-04-04T08:35:40.791+0000] {override.py:1769} INFO - Created Permission View: can delete on DAG:example_external_task_marker_child
[2025-04-04T08:35:40.792+0000] {logging_mixin.py:188} INFO - [2025-04-04T08:35:40.792+0000] {dag.py:3036} INFO - Sync 2 DAGs
[2025-04-04T08:35:40.813+0000] {logging_mixin.py:188} INFO - [2025-04-04T08:35:40.813+0000] {dag.py:3058} INFO - Creating ORM DAG for example_external_task_marker_parent
[2025-04-04T08:35:40.816+0000] {logging_mixin.py:188} INFO - [2025-04-04T08:35:40.815+0000] {dag.py:3058} INFO - Creating ORM DAG for example_external_task_marker_child
[2025-04-04T08:35:40.817+0000] {logging_mixin.py:188} INFO - [2025-04-04T08:35:40.817+0000] {dag.py:3823} INFO - Setting next_dagrun for example_external_task_marker_child to None, run_after=None
[2025-04-04T08:35:40.818+0000] {logging_mixin.py:188} INFO - [2025-04-04T08:35:40.818+0000] {dag.py:3823} INFO - Setting next_dagrun for example_external_task_marker_parent to None, run_after=None
[2025-04-04T08:35:40.859+0000] {processor.py:183} INFO - Processing /home/airflow/.local/lib/python3.8/site-packages/airflow/example_dags/example_external_task_marker_dag.py took 0.569 seconds
[2025-04-04T08:36:11.238+0000] {processor.py:161} INFO - Started process (PID=467) to work on /home/airflow/.local/lib/python3.8/site-packages/airflow/example_dags/example_external_task_marker_dag.py
[2025-04-04T08:36:11.240+0000] {processor.py:830} INFO - Processing file /home/airflow/.local/lib/python3.8/site-packages/airflow/example_dags/example_external_task_marker_dag.py for tasks to queue
[2025-04-04T08:36:11.242+0000] {logging_mixin.py:188} INFO - [2025-04-04T08:36:11.241+0000] {dagbag.py:538} INFO - Filling up the DagBag from /home/airflow/.local/lib/python3.8/site-packages/airflow/example_dags/example_external_task_marker_dag.py
[2025-04-04T08:36:11.250+0000] {processor.py:840} INFO - DAG(s) 'example_external_task_marker_child', 'example_external_task_marker_parent' retrieved from /home/airflow/.local/lib/python3.8/site-packages/airflow/example_dags/example_external_task_marker_dag.py
[2025-04-04T08:36:11.288+0000] {logging_mixin.py:188} INFO - [2025-04-04T08:36:11.287+0000] {dag.py:3036} INFO - Sync 2 DAGs
[2025-04-04T08:36:11.325+0000] {logging_mixin.py:188} INFO - [2025-04-04T08:36:11.325+0000] {dag.py:3823} INFO - Setting next_dagrun for example_external_task_marker_child to None, run_after=None
[2025-04-04T08:36:11.343+0000] {logging_mixin.py:188} INFO - [2025-04-04T08:36:11.342+0000] {dag.py:3823} INFO - Setting next_dagrun for example_external_task_marker_parent to None, run_after=None
[2025-04-04T08:36:11.407+0000] {processor.py:183} INFO - Processing /home/airflow/.local/lib/python3.8/site-packages/airflow/example_dags/example_external_task_marker_dag.py took 0.173 seconds
[2025-04-04T08:36:41.638+0000] {processor.py:161} INFO - Started process (PID=714) to work on /home/airflow/.local/lib/python3.8/site-packages/airflow/example_dags/example_external_task_marker_dag.py
[2025-04-04T08:36:41.639+0000] {processor.py:830} INFO - Processing file /home/airflow/.local/lib/python3.8/site-packages/airflow/example_dags/example_external_task_marker_dag.py for tasks to queue
[2025-04-04T08:36:41.640+0000] {logging_mixin.py:188} INFO - [2025-04-04T08:36:41.640+0000] {dagbag.py:538} INFO - Filling up the DagBag from /home/airflow/.local/lib/python3.8/site-packages/airflow/example_dags/example_external_task_marker_dag.py
[2025-04-04T08:36:41.646+0000] {processor.py:840} INFO - DAG(s) 'example_external_task_marker_parent', 'example_external_task_marker_child' retrieved from /home/airflow/.local/lib/python3.8/site-packages/airflow/example_dags/example_external_task_marker_dag.py
[2025-04-04T08:36:41.676+0000] {logging_mixin.py:188} INFO - [2025-04-04T08:36:41.675+0000] {dag.py:3036} INFO - Sync 2 DAGs
[2025-04-04T08:36:41.689+0000] {logging_mixin.py:188} INFO - [2025-04-04T08:36:41.688+0000] {dag.py:3823} INFO - Setting next_dagrun for example_external_task_marker_child to None, run_after=None
[2025-04-04T08:36:41.694+0000] {logging_mixin.py:188} INFO - [2025-04-04T08:36:41.693+0000] {dag.py:3823} INFO - Setting next_dagrun for example_external_task_marker_parent to None, run_after=None
[2025-04-04T08:36:41.725+0000] {processor.py:183} INFO - Processing /home/airflow/.local/lib/python3.8/site-packages/airflow/example_dags/example_external_task_marker_dag.py took 0.090 seconds
[2025-04-04T08:37:12.513+0000] {processor.py:161} INFO - Started process (PID=961) to work on /home/airflow/.local/lib/python3.8/site-packages/airflow/example_dags/example_external_task_marker_dag.py
[2025-04-04T08:37:12.514+0000] {processor.py:830} INFO - Processing file /home/airflow/.local/lib/python3.8/site-packages/airflow/example_dags/example_external_task_marker_dag.py for tasks to queue
[2025-04-04T08:37:12.515+0000] {logging_mixin.py:188} INFO - [2025-04-04T08:37:12.515+0000] {dagbag.py:538} INFO - Filling up the DagBag from /home/airflow/.local/lib/python3.8/site-packages/airflow/example_dags/example_external_task_marker_dag.py
[2025-04-04T08:37:12.521+0000] {processor.py:840} INFO - DAG(s) 'example_external_task_marker_parent', 'example_external_task_marker_child' retrieved from /home/airflow/.local/lib/python3.8/site-packages/airflow/example_dags/example_external_task_marker_dag.py
[2025-04-04T08:37:12.547+0000] {logging_mixin.py:188} INFO - [2025-04-04T08:37:12.546+0000] {dag.py:3036} INFO - Sync 2 DAGs
[2025-04-04T08:37:12.558+0000] {logging_mixin.py:188} INFO - [2025-04-04T08:37:12.557+0000] {dag.py:3823} INFO - Setting next_dagrun for example_external_task_marker_child to None, run_after=None
[2025-04-04T08:37:12.561+0000] {logging_mixin.py:188} INFO - [2025-04-04T08:37:12.561+0000] {dag.py:3823} INFO - Setting next_dagrun for example_external_task_marker_parent to None, run_after=None
[2025-04-04T08:37:12.580+0000] {processor.py:183} INFO - Processing /home/airflow/.local/lib/python3.8/site-packages/airflow/example_dags/example_external_task_marker_dag.py took 0.070 seconds
[2025-04-04T08:37:42.656+0000] {processor.py:161} INFO - Started process (PID=1208) to work on /home/airflow/.local/lib/python3.8/site-packages/airflow/example_dags/example_external_task_marker_dag.py
[2025-04-04T08:37:42.657+0000] {processor.py:830} INFO - Processing file /home/airflow/.local/lib/python3.8/site-packages/airflow/example_dags/example_external_task_marker_dag.py for tasks to queue
[2025-04-04T08:37:42.659+0000] {logging_mixin.py:188} INFO - [2025-04-04T08:37:42.658+0000] {dagbag.py:538} INFO - Filling up the DagBag from /home/airflow/.local/lib/python3.8/site-packages/airflow/example_dags/example_external_task_marker_dag.py
[2025-04-04T08:37:42.664+0000] {processor.py:840} INFO - DAG(s) 'example_external_task_marker_child', 'example_external_task_marker_parent' retrieved from /home/airflow/.local/lib/python3.8/site-packages/airflow/example_dags/example_external_task_marker_dag.py
[2025-04-04T08:37:42.689+0000] {logging_mixin.py:188} INFO - [2025-04-04T08:37:42.689+0000] {dag.py:3036} INFO - Sync 2 DAGs
[2025-04-04T08:37:42.700+0000] {logging_mixin.py:188} INFO - [2025-04-04T08:37:42.700+0000] {dag.py:3823} INFO - Setting next_dagrun for example_external_task_marker_child to None, run_after=None
[2025-04-04T08:37:42.704+0000] {logging_mixin.py:188} INFO - [2025-04-04T08:37:42.704+0000] {dag.py:3823} INFO - Setting next_dagrun for example_external_task_marker_parent to None, run_after=None
[2025-04-04T08:37:42.724+0000] {processor.py:183} INFO - Processing /home/airflow/.local/lib/python3.8/site-packages/airflow/example_dags/example_external_task_marker_dag.py took 0.070 seconds
[2025-04-04T08:38:12.813+0000] {processor.py:161} INFO - Started process (PID=1455) to work on /home/airflow/.local/lib/python3.8/site-packages/airflow/example_dags/example_external_task_marker_dag.py
[2025-04-04T08:38:12.814+0000] {processor.py:830} INFO - Processing file /home/airflow/.local/lib/python3.8/site-packages/airflow/example_dags/example_external_task_marker_dag.py for tasks to queue
[2025-04-04T08:38:12.814+0000] {logging_mixin.py:188} INFO - [2025-04-04T08:38:12.814+0000] {dagbag.py:538} INFO - Filling up the DagBag from /home/airflow/.local/lib/python3.8/site-packages/airflow/example_dags/example_external_task_marker_dag.py
[2025-04-04T08:38:12.820+0000] {processor.py:840} INFO - DAG(s) 'example_external_task_marker_child', 'example_external_task_marker_parent' retrieved from /home/airflow/.local/lib/python3.8/site-packages/airflow/example_dags/example_external_task_marker_dag.py
[2025-04-04T08:38:12.845+0000] {logging_mixin.py:188} INFO - [2025-04-04T08:38:12.844+0000] {dag.py:3036} INFO - Sync 2 DAGs
[2025-04-04T08:38:12.857+0000] {logging_mixin.py:188} INFO - [2025-04-04T08:38:12.857+0000] {dag.py:3823} INFO - Setting next_dagrun for example_external_task_marker_child to None, run_after=None
[2025-04-04T08:38:12.861+0000] {logging_mixin.py:188} INFO - [2025-04-04T08:38:12.861+0000] {dag.py:3823} INFO - Setting next_dagrun for example_external_task_marker_parent to None, run_after=None
[2025-04-04T08:38:12.880+0000] {processor.py:183} INFO - Processing /home/airflow/.local/lib/python3.8/site-packages/airflow/example_dags/example_external_task_marker_dag.py took 0.071 seconds
[2025-04-04T08:38:43.024+0000] {processor.py:161} INFO - Started process (PID=1702) to work on /home/airflow/.local/lib/python3.8/site-packages/airflow/example_dags/example_external_task_marker_dag.py
[2025-04-04T08:38:43.026+0000] {processor.py:830} INFO - Processing file /home/airflow/.local/lib/python3.8/site-packages/airflow/example_dags/example_external_task_marker_dag.py for tasks to queue
[2025-04-04T08:38:43.027+0000] {logging_mixin.py:188} INFO - [2025-04-04T08:38:43.027+0000] {dagbag.py:538} INFO - Filling up the DagBag from /home/airflow/.local/lib/python3.8/site-packages/airflow/example_dags/example_external_task_marker_dag.py
[2025-04-04T08:38:43.035+0000] {processor.py:840} INFO - DAG(s) 'example_external_task_marker_parent', 'example_external_task_marker_child' retrieved from /home/airflow/.local/lib/python3.8/site-packages/airflow/example_dags/example_external_task_marker_dag.py
[2025-04-04T08:38:43.062+0000] {logging_mixin.py:188} INFO - [2025-04-04T08:38:43.062+0000] {dag.py:3036} INFO - Sync 2 DAGs
[2025-04-04T08:38:43.075+0000] {logging_mixin.py:188} INFO - [2025-04-04T08:38:43.075+0000] {dag.py:3823} INFO - Setting next_dagrun for example_external_task_marker_child to None, run_after=None
[2025-04-04T08:38:43.080+0000] {logging_mixin.py:188} INFO - [2025-04-04T08:38:43.079+0000] {dag.py:3823} INFO - Setting next_dagrun for example_external_task_marker_parent to None, run_after=None
[2025-04-04T08:38:43.100+0000] {processor.py:183} INFO - Processing /home/airflow/.local/lib/python3.8/site-packages/airflow/example_dags/example_external_task_marker_dag.py took 0.080 seconds
[2025-04-04T08:39:13.490+0000] {processor.py:161} INFO - Started process (PID=1949) to work on /home/airflow/.local/lib/python3.8/site-packages/airflow/example_dags/example_external_task_marker_dag.py
[2025-04-04T08:39:13.492+0000] {processor.py:830} INFO - Processing file /home/airflow/.local/lib/python3.8/site-packages/airflow/example_dags/example_external_task_marker_dag.py for tasks to queue
[2025-04-04T08:39:13.493+0000] {logging_mixin.py:188} INFO - [2025-04-04T08:39:13.493+0000] {dagbag.py:538} INFO - Filling up the DagBag from /home/airflow/.local/lib/python3.8/site-packages/airflow/example_dags/example_external_task_marker_dag.py
[2025-04-04T08:39:13.499+0000] {processor.py:840} INFO - DAG(s) 'example_external_task_marker_child', 'example_external_task_marker_parent' retrieved from /home/airflow/.local/lib/python3.8/site-packages/airflow/example_dags/example_external_task_marker_dag.py
[2025-04-04T08:39:13.530+0000] {logging_mixin.py:188} INFO - [2025-04-04T08:39:13.530+0000] {dag.py:3036} INFO - Sync 2 DAGs
[2025-04-04T08:39:13.541+0000] {logging_mixin.py:188} INFO - [2025-04-04T08:39:13.541+0000] {dag.py:3823} INFO - Setting next_dagrun for example_external_task_marker_child to None, run_after=None
[2025-04-04T08:39:13.545+0000] {logging_mixin.py:188} INFO - [2025-04-04T08:39:13.545+0000] {dag.py:3823} INFO - Setting next_dagrun for example_external_task_marker_parent to None, run_after=None
[2025-04-04T08:39:13.565+0000] {processor.py:183} INFO - Processing /home/airflow/.local/lib/python3.8/site-packages/airflow/example_dags/example_external_task_marker_dag.py took 0.078 seconds
[2025-04-04T08:39:43.743+0000] {processor.py:161} INFO - Started process (PID=2196) to work on /home/airflow/.local/lib/python3.8/site-packages/airflow/example_dags/example_external_task_marker_dag.py
[2025-04-04T08:39:43.744+0000] {processor.py:830} INFO - Processing file /home/airflow/.local/lib/python3.8/site-packages/airflow/example_dags/example_external_task_marker_dag.py for tasks to queue
[2025-04-04T08:39:43.745+0000] {logging_mixin.py:188} INFO - [2025-04-04T08:39:43.745+0000] {dagbag.py:538} INFO - Filling up the DagBag from /home/airflow/.local/lib/python3.8/site-packages/airflow/example_dags/example_external_task_marker_dag.py
[2025-04-04T08:39:43.752+0000] {processor.py:840} INFO - DAG(s) 'example_external_task_marker_parent', 'example_external_task_marker_child' retrieved from /home/airflow/.local/lib/python3.8/site-packages/airflow/example_dags/example_external_task_marker_dag.py
[2025-04-04T08:39:43.779+0000] {logging_mixin.py:188} INFO - [2025-04-04T08:39:43.778+0000] {dag.py:3036} INFO - Sync 2 DAGs
[2025-04-04T08:39:43.791+0000] {logging_mixin.py:188} INFO - [2025-04-04T08:39:43.791+0000] {dag.py:3823} INFO - Setting next_dagrun for example_external_task_marker_child to None, run_after=None
[2025-04-04T08:39:43.796+0000] {logging_mixin.py:188} INFO - [2025-04-04T08:39:43.795+0000] {dag.py:3823} INFO - Setting next_dagrun for example_external_task_marker_parent to None, run_after=None
[2025-04-04T08:39:43.829+0000] {processor.py:183} INFO - Processing /home/airflow/.local/lib/python3.8/site-packages/airflow/example_dags/example_external_task_marker_dag.py took 0.090 seconds
[2025-04-04T08:40:14.609+0000] {processor.py:161} INFO - Started process (PID=2443) to work on /home/airflow/.local/lib/python3.8/site-packages/airflow/example_dags/example_external_task_marker_dag.py
[2025-04-04T08:40:14.611+0000] {processor.py:830} INFO - Processing file /home/airflow/.local/lib/python3.8/site-packages/airflow/example_dags/example_external_task_marker_dag.py for tasks to queue
[2025-04-04T08:40:14.612+0000] {logging_mixin.py:188} INFO - [2025-04-04T08:40:14.612+0000] {dagbag.py:538} INFO - Filling up the DagBag from /home/airflow/.local/lib/python3.8/site-packages/airflow/example_dags/example_external_task_marker_dag.py
[2025-04-04T08:40:14.620+0000] {processor.py:840} INFO - DAG(s) 'example_external_task_marker_parent', 'example_external_task_marker_child' retrieved from /home/airflow/.local/lib/python3.8/site-packages/airflow/example_dags/example_external_task_marker_dag.py
[2025-04-04T08:40:14.649+0000] {logging_mixin.py:188} INFO - [2025-04-04T08:40:14.649+0000] {dag.py:3036} INFO - Sync 2 DAGs
[2025-04-04T08:40:14.662+0000] {logging_mixin.py:188} INFO - [2025-04-04T08:40:14.662+0000] {dag.py:3823} INFO - Setting next_dagrun for example_external_task_marker_child to None, run_after=None
[2025-04-04T08:40:14.666+0000] {logging_mixin.py:188} INFO - [2025-04-04T08:40:14.666+0000] {dag.py:3823} INFO - Setting next_dagrun for example_external_task_marker_parent to None, run_after=None
[2025-04-04T08:40:14.687+0000] {processor.py:183} INFO - Processing /home/airflow/.local/lib/python3.8/site-packages/airflow/example_dags/example_external_task_marker_dag.py took 0.082 seconds
[2025-04-04T08:40:44.734+0000] {processor.py:161} INFO - Started process (PID=2687) to work on /home/airflow/.local/lib/python3.8/site-packages/airflow/example_dags/example_external_task_marker_dag.py
[2025-04-04T08:40:44.735+0000] {processor.py:830} INFO - Processing file /home/airflow/.local/lib/python3.8/site-packages/airflow/example_dags/example_external_task_marker_dag.py for tasks to queue
[2025-04-04T08:40:44.736+0000] {logging_mixin.py:188} INFO - [2025-04-04T08:40:44.736+0000] {dagbag.py:538} INFO - Filling up the DagBag from /home/airflow/.local/lib/python3.8/site-packages/airflow/example_dags/example_external_task_marker_dag.py
[2025-04-04T08:40:44.742+0000] {processor.py:840} INFO - DAG(s) 'example_external_task_marker_child', 'example_external_task_marker_parent' retrieved from /home/airflow/.local/lib/python3.8/site-packages/airflow/example_dags/example_external_task_marker_dag.py
[2025-04-04T08:40:44.764+0000] {logging_mixin.py:188} INFO - [2025-04-04T08:40:44.764+0000] {dag.py:3036} INFO - Sync 2 DAGs
[2025-04-04T08:40:44.776+0000] {logging_mixin.py:188} INFO - [2025-04-04T08:40:44.775+0000] {dag.py:3823} INFO - Setting next_dagrun for example_external_task_marker_child to None, run_after=None
[2025-04-04T08:40:44.779+0000] {logging_mixin.py:188} INFO - [2025-04-04T08:40:44.779+0000] {dag.py:3823} INFO - Setting next_dagrun for example_external_task_marker_parent to None, run_after=None
[2025-04-04T08:40:44.796+0000] {processor.py:183} INFO - Processing /home/airflow/.local/lib/python3.8/site-packages/airflow/example_dags/example_external_task_marker_dag.py took 0.065 seconds
[2025-04-04T08:43:01.651+0000] {processor.py:161} INFO - Started process (PID=202) to work on /home/airflow/.local/lib/python3.8/site-packages/airflow/example_dags/example_external_task_marker_dag.py
[2025-04-04T08:43:01.655+0000] {processor.py:830} INFO - Processing file /home/airflow/.local/lib/python3.8/site-packages/airflow/example_dags/example_external_task_marker_dag.py for tasks to queue
[2025-04-04T08:43:01.657+0000] {logging_mixin.py:188} INFO - [2025-04-04T08:43:01.657+0000] {dagbag.py:538} INFO - Filling up the DagBag from /home/airflow/.local/lib/python3.8/site-packages/airflow/example_dags/example_external_task_marker_dag.py
[2025-04-04T08:43:01.685+0000] {processor.py:840} INFO - DAG(s) 'example_external_task_marker_parent', 'example_external_task_marker_child' retrieved from /home/airflow/.local/lib/python3.8/site-packages/airflow/example_dags/example_external_task_marker_dag.py
[2025-04-04T08:43:01.712+0000] {logging_mixin.py:188} INFO - [2025-04-04T08:43:01.711+0000] {dag.py:3036} INFO - Sync 2 DAGs
[2025-04-04T08:43:01.734+0000] {logging_mixin.py:188} INFO - [2025-04-04T08:43:01.734+0000] {dag.py:3823} INFO - Setting next_dagrun for example_external_task_marker_child to None, run_after=None
[2025-04-04T08:43:01.740+0000] {logging_mixin.py:188} INFO - [2025-04-04T08:43:01.740+0000] {dag.py:3823} INFO - Setting next_dagrun for example_external_task_marker_parent to None, run_after=None
[2025-04-04T08:43:01.773+0000] {processor.py:183} INFO - Processing /home/airflow/.local/lib/python3.8/site-packages/airflow/example_dags/example_external_task_marker_dag.py took 0.126 seconds
[2025-04-04T08:43:32.612+0000] {processor.py:161} INFO - Started process (PID=455) to work on /home/airflow/.local/lib/python3.8/site-packages/airflow/example_dags/example_external_task_marker_dag.py
[2025-04-04T08:43:32.613+0000] {processor.py:830} INFO - Processing file /home/airflow/.local/lib/python3.8/site-packages/airflow/example_dags/example_external_task_marker_dag.py for tasks to queue
[2025-04-04T08:43:32.615+0000] {logging_mixin.py:188} INFO - [2025-04-04T08:43:32.614+0000] {dagbag.py:538} INFO - Filling up the DagBag from /home/airflow/.local/lib/python3.8/site-packages/airflow/example_dags/example_external_task_marker_dag.py
[2025-04-04T08:43:32.621+0000] {processor.py:840} INFO - DAG(s) 'example_external_task_marker_parent', 'example_external_task_marker_child' retrieved from /home/airflow/.local/lib/python3.8/site-packages/airflow/example_dags/example_external_task_marker_dag.py
[2025-04-04T08:43:32.758+0000] {logging_mixin.py:188} INFO - [2025-04-04T08:43:32.757+0000] {dag.py:3036} INFO - Sync 2 DAGs
[2025-04-04T08:43:32.771+0000] {logging_mixin.py:188} INFO - [2025-04-04T08:43:32.771+0000] {dag.py:3823} INFO - Setting next_dagrun for example_external_task_marker_child to None, run_after=None
[2025-04-04T08:43:32.776+0000] {logging_mixin.py:188} INFO - [2025-04-04T08:43:32.775+0000] {dag.py:3823} INFO - Setting next_dagrun for example_external_task_marker_parent to None, run_after=None
[2025-04-04T08:43:32.816+0000] {processor.py:183} INFO - Processing /home/airflow/.local/lib/python3.8/site-packages/airflow/example_dags/example_external_task_marker_dag.py took 0.207 seconds
[2025-04-04T08:44:03.317+0000] {processor.py:161} INFO - Started process (PID=702) to work on /home/airflow/.local/lib/python3.8/site-packages/airflow/example_dags/example_external_task_marker_dag.py
[2025-04-04T08:44:03.318+0000] {processor.py:830} INFO - Processing file /home/airflow/.local/lib/python3.8/site-packages/airflow/example_dags/example_external_task_marker_dag.py for tasks to queue
[2025-04-04T08:44:03.320+0000] {logging_mixin.py:188} INFO - [2025-04-04T08:44:03.320+0000] {dagbag.py:538} INFO - Filling up the DagBag from /home/airflow/.local/lib/python3.8/site-packages/airflow/example_dags/example_external_task_marker_dag.py
[2025-04-04T08:44:03.329+0000] {processor.py:840} INFO - DAG(s) 'example_external_task_marker_child', 'example_external_task_marker_parent' retrieved from /home/airflow/.local/lib/python3.8/site-packages/airflow/example_dags/example_external_task_marker_dag.py
[2025-04-04T08:44:03.367+0000] {logging_mixin.py:188} INFO - [2025-04-04T08:44:03.366+0000] {dag.py:3036} INFO - Sync 2 DAGs
[2025-04-04T08:44:03.392+0000] {logging_mixin.py:188} INFO - [2025-04-04T08:44:03.392+0000] {dag.py:3823} INFO - Setting next_dagrun for example_external_task_marker_child to None, run_after=None
[2025-04-04T08:44:03.399+0000] {logging_mixin.py:188} INFO - [2025-04-04T08:44:03.399+0000] {dag.py:3823} INFO - Setting next_dagrun for example_external_task_marker_parent to None, run_after=None
[2025-04-04T08:44:03.434+0000] {processor.py:183} INFO - Processing /home/airflow/.local/lib/python3.8/site-packages/airflow/example_dags/example_external_task_marker_dag.py took 0.122 seconds
[2025-04-04T08:44:33.636+0000] {processor.py:161} INFO - Started process (PID=949) to work on /home/airflow/.local/lib/python3.8/site-packages/airflow/example_dags/example_external_task_marker_dag.py
[2025-04-04T08:44:33.638+0000] {processor.py:830} INFO - Processing file /home/airflow/.local/lib/python3.8/site-packages/airflow/example_dags/example_external_task_marker_dag.py for tasks to queue
[2025-04-04T08:44:33.639+0000] {logging_mixin.py:188} INFO - [2025-04-04T08:44:33.639+0000] {dagbag.py:538} INFO - Filling up the DagBag from /home/airflow/.local/lib/python3.8/site-packages/airflow/example_dags/example_external_task_marker_dag.py
[2025-04-04T08:44:33.646+0000] {processor.py:840} INFO - DAG(s) 'example_external_task_marker_parent', 'example_external_task_marker_child' retrieved from /home/airflow/.local/lib/python3.8/site-packages/airflow/example_dags/example_external_task_marker_dag.py
[2025-04-04T08:44:33.672+0000] {logging_mixin.py:188} INFO - [2025-04-04T08:44:33.672+0000] {dag.py:3036} INFO - Sync 2 DAGs
[2025-04-04T08:44:33.684+0000] {logging_mixin.py:188} INFO - [2025-04-04T08:44:33.684+0000] {dag.py:3823} INFO - Setting next_dagrun for example_external_task_marker_child to None, run_after=None
[2025-04-04T08:44:33.688+0000] {logging_mixin.py:188} INFO - [2025-04-04T08:44:33.688+0000] {dag.py:3823} INFO - Setting next_dagrun for example_external_task_marker_parent to None, run_after=None
[2025-04-04T08:44:33.706+0000] {processor.py:183} INFO - Processing /home/airflow/.local/lib/python3.8/site-packages/airflow/example_dags/example_external_task_marker_dag.py took 0.073 seconds
[2025-04-04T08:45:04.307+0000] {processor.py:161} INFO - Started process (PID=1196) to work on /home/airflow/.local/lib/python3.8/site-packages/airflow/example_dags/example_external_task_marker_dag.py
[2025-04-04T08:45:04.308+0000] {processor.py:830} INFO - Processing file /home/airflow/.local/lib/python3.8/site-packages/airflow/example_dags/example_external_task_marker_dag.py for tasks to queue
[2025-04-04T08:45:04.310+0000] {logging_mixin.py:188} INFO - [2025-04-04T08:45:04.309+0000] {dagbag.py:538} INFO - Filling up the DagBag from /home/airflow/.local/lib/python3.8/site-packages/airflow/example_dags/example_external_task_marker_dag.py
[2025-04-04T08:45:04.316+0000] {processor.py:840} INFO - DAG(s) 'example_external_task_marker_parent', 'example_external_task_marker_child' retrieved from /home/airflow/.local/lib/python3.8/site-packages/airflow/example_dags/example_external_task_marker_dag.py
[2025-04-04T08:45:04.346+0000] {logging_mixin.py:188} INFO - [2025-04-04T08:45:04.346+0000] {dag.py:3036} INFO - Sync 2 DAGs
[2025-04-04T08:45:04.361+0000] {logging_mixin.py:188} INFO - [2025-04-04T08:45:04.361+0000] {dag.py:3823} INFO - Setting next_dagrun for example_external_task_marker_child to None, run_after=None
[2025-04-04T08:45:04.365+0000] {logging_mixin.py:188} INFO - [2025-04-04T08:45:04.365+0000] {dag.py:3823} INFO - Setting next_dagrun for example_external_task_marker_parent to None, run_after=None
[2025-04-04T08:45:04.385+0000] {processor.py:183} INFO - Processing /home/airflow/.local/lib/python3.8/site-packages/airflow/example_dags/example_external_task_marker_dag.py took 0.082 seconds
[2025-04-04T08:45:35.052+0000] {processor.py:161} INFO - Started process (PID=1443) to work on /home/airflow/.local/lib/python3.8/site-packages/airflow/example_dags/example_external_task_marker_dag.py
[2025-04-04T08:45:35.054+0000] {processor.py:830} INFO - Processing file /home/airflow/.local/lib/python3.8/site-packages/airflow/example_dags/example_external_task_marker_dag.py for tasks to queue
[2025-04-04T08:45:35.055+0000] {logging_mixin.py:188} INFO - [2025-04-04T08:45:35.055+0000] {dagbag.py:538} INFO - Filling up the DagBag from /home/airflow/.local/lib/python3.8/site-packages/airflow/example_dags/example_external_task_marker_dag.py
[2025-04-04T08:45:35.064+0000] {processor.py:840} INFO - DAG(s) 'example_external_task_marker_parent', 'example_external_task_marker_child' retrieved from /home/airflow/.local/lib/python3.8/site-packages/airflow/example_dags/example_external_task_marker_dag.py
[2025-04-04T08:45:35.098+0000] {logging_mixin.py:188} INFO - [2025-04-04T08:45:35.098+0000] {dag.py:3036} INFO - Sync 2 DAGs
[2025-04-04T08:45:35.113+0000] {logging_mixin.py:188} INFO - [2025-04-04T08:45:35.113+0000] {dag.py:3823} INFO - Setting next_dagrun for example_external_task_marker_child to None, run_after=None
[2025-04-04T08:45:35.117+0000] {logging_mixin.py:188} INFO - [2025-04-04T08:45:35.117+0000] {dag.py:3823} INFO - Setting next_dagrun for example_external_task_marker_parent to None, run_after=None
[2025-04-04T08:45:35.133+0000] {processor.py:183} INFO - Processing /home/airflow/.local/lib/python3.8/site-packages/airflow/example_dags/example_external_task_marker_dag.py took 0.087 seconds
[2025-04-04T08:46:05.212+0000] {processor.py:161} INFO - Started process (PID=1690) to work on /home/airflow/.local/lib/python3.8/site-packages/airflow/example_dags/example_external_task_marker_dag.py
[2025-04-04T08:46:05.213+0000] {processor.py:830} INFO - Processing file /home/airflow/.local/lib/python3.8/site-packages/airflow/example_dags/example_external_task_marker_dag.py for tasks to queue
[2025-04-04T08:46:05.214+0000] {logging_mixin.py:188} INFO - [2025-04-04T08:46:05.214+0000] {dagbag.py:538} INFO - Filling up the DagBag from /home/airflow/.local/lib/python3.8/site-packages/airflow/example_dags/example_external_task_marker_dag.py
[2025-04-04T08:46:05.220+0000] {processor.py:840} INFO - DAG(s) 'example_external_task_marker_parent', 'example_external_task_marker_child' retrieved from /home/airflow/.local/lib/python3.8/site-packages/airflow/example_dags/example_external_task_marker_dag.py
[2025-04-04T08:46:05.245+0000] {logging_mixin.py:188} INFO - [2025-04-04T08:46:05.245+0000] {dag.py:3036} INFO - Sync 2 DAGs
[2025-04-04T08:46:05.258+0000] {logging_mixin.py:188} INFO - [2025-04-04T08:46:05.257+0000] {dag.py:3823} INFO - Setting next_dagrun for example_external_task_marker_child to None, run_after=None
[2025-04-04T08:46:05.262+0000] {logging_mixin.py:188} INFO - [2025-04-04T08:46:05.261+0000] {dag.py:3823} INFO - Setting next_dagrun for example_external_task_marker_parent to None, run_after=None
[2025-04-04T08:46:05.281+0000] {processor.py:183} INFO - Processing /home/airflow/.local/lib/python3.8/site-packages/airflow/example_dags/example_external_task_marker_dag.py took 0.072 seconds
[2025-04-04T08:50:22.779+0000] {processor.py:161} INFO - Started process (PID=209) to work on /home/airflow/.local/lib/python3.8/site-packages/airflow/example_dags/example_external_task_marker_dag.py
[2025-04-04T08:50:22.781+0000] {processor.py:830} INFO - Processing file /home/airflow/.local/lib/python3.8/site-packages/airflow/example_dags/example_external_task_marker_dag.py for tasks to queue
[2025-04-04T08:50:22.783+0000] {logging_mixin.py:188} INFO - [2025-04-04T08:50:22.782+0000] {dagbag.py:538} INFO - Filling up the DagBag from /home/airflow/.local/lib/python3.8/site-packages/airflow/example_dags/example_external_task_marker_dag.py
[2025-04-04T08:50:22.796+0000] {processor.py:840} INFO - DAG(s) 'example_external_task_marker_parent', 'example_external_task_marker_child' retrieved from /home/airflow/.local/lib/python3.8/site-packages/airflow/example_dags/example_external_task_marker_dag.py
[2025-04-04T08:50:22.816+0000] {logging_mixin.py:188} INFO - [2025-04-04T08:50:22.816+0000] {dag.py:3036} INFO - Sync 2 DAGs
[2025-04-04T08:50:22.850+0000] {logging_mixin.py:188} INFO - [2025-04-04T08:50:22.849+0000] {dag.py:3823} INFO - Setting next_dagrun for example_external_task_marker_child to None, run_after=None
[2025-04-04T08:50:22.858+0000] {logging_mixin.py:188} INFO - [2025-04-04T08:50:22.857+0000] {dag.py:3823} INFO - Setting next_dagrun for example_external_task_marker_parent to None, run_after=None
[2025-04-04T08:50:22.891+0000] {processor.py:183} INFO - Processing /home/airflow/.local/lib/python3.8/site-packages/airflow/example_dags/example_external_task_marker_dag.py took 0.117 seconds
[2025-04-04T08:50:53.240+0000] {processor.py:161} INFO - Started process (PID=456) to work on /home/airflow/.local/lib/python3.8/site-packages/airflow/example_dags/example_external_task_marker_dag.py
[2025-04-04T08:50:53.242+0000] {processor.py:830} INFO - Processing file /home/airflow/.local/lib/python3.8/site-packages/airflow/example_dags/example_external_task_marker_dag.py for tasks to queue
[2025-04-04T08:50:53.245+0000] {logging_mixin.py:188} INFO - [2025-04-04T08:50:53.244+0000] {dagbag.py:538} INFO - Filling up the DagBag from /home/airflow/.local/lib/python3.8/site-packages/airflow/example_dags/example_external_task_marker_dag.py
[2025-04-04T08:50:53.252+0000] {processor.py:840} INFO - DAG(s) 'example_external_task_marker_parent', 'example_external_task_marker_child' retrieved from /home/airflow/.local/lib/python3.8/site-packages/airflow/example_dags/example_external_task_marker_dag.py
[2025-04-04T08:50:53.374+0000] {logging_mixin.py:188} INFO - [2025-04-04T08:50:53.374+0000] {dag.py:3036} INFO - Sync 2 DAGs
[2025-04-04T08:50:53.385+0000] {logging_mixin.py:188} INFO - [2025-04-04T08:50:53.385+0000] {dag.py:3823} INFO - Setting next_dagrun for example_external_task_marker_child to None, run_after=None
[2025-04-04T08:50:53.389+0000] {logging_mixin.py:188} INFO - [2025-04-04T08:50:53.388+0000] {dag.py:3823} INFO - Setting next_dagrun for example_external_task_marker_parent to None, run_after=None
[2025-04-04T08:50:53.408+0000] {processor.py:183} INFO - Processing /home/airflow/.local/lib/python3.8/site-packages/airflow/example_dags/example_external_task_marker_dag.py took 0.174 seconds
[2025-04-04T08:51:24.254+0000] {processor.py:161} INFO - Started process (PID=703) to work on /home/airflow/.local/lib/python3.8/site-packages/airflow/example_dags/example_external_task_marker_dag.py
[2025-04-04T08:51:24.256+0000] {processor.py:830} INFO - Processing file /home/airflow/.local/lib/python3.8/site-packages/airflow/example_dags/example_external_task_marker_dag.py for tasks to queue
[2025-04-04T08:51:24.257+0000] {logging_mixin.py:188} INFO - [2025-04-04T08:51:24.257+0000] {dagbag.py:538} INFO - Filling up the DagBag from /home/airflow/.local/lib/python3.8/site-packages/airflow/example_dags/example_external_task_marker_dag.py
[2025-04-04T08:51:24.263+0000] {processor.py:840} INFO - DAG(s) 'example_external_task_marker_child', 'example_external_task_marker_parent' retrieved from /home/airflow/.local/lib/python3.8/site-packages/airflow/example_dags/example_external_task_marker_dag.py
[2025-04-04T08:51:24.293+0000] {logging_mixin.py:188} INFO - [2025-04-04T08:51:24.293+0000] {dag.py:3036} INFO - Sync 2 DAGs
[2025-04-04T08:51:24.308+0000] {logging_mixin.py:188} INFO - [2025-04-04T08:51:24.307+0000] {dag.py:3823} INFO - Setting next_dagrun for example_external_task_marker_child to None, run_after=None
[2025-04-04T08:51:24.312+0000] {logging_mixin.py:188} INFO - [2025-04-04T08:51:24.312+0000] {dag.py:3823} INFO - Setting next_dagrun for example_external_task_marker_parent to None, run_after=None
[2025-04-04T08:51:24.334+0000] {processor.py:183} INFO - Processing /home/airflow/.local/lib/python3.8/site-packages/airflow/example_dags/example_external_task_marker_dag.py took 0.082 seconds
[2025-04-04T08:51:54.563+0000] {processor.py:161} INFO - Started process (PID=956) to work on /home/airflow/.local/lib/python3.8/site-packages/airflow/example_dags/example_external_task_marker_dag.py
[2025-04-04T08:51:54.566+0000] {processor.py:830} INFO - Processing file /home/airflow/.local/lib/python3.8/site-packages/airflow/example_dags/example_external_task_marker_dag.py for tasks to queue
[2025-04-04T08:51:54.569+0000] {logging_mixin.py:188} INFO - [2025-04-04T08:51:54.568+0000] {dagbag.py:538} INFO - Filling up the DagBag from /home/airflow/.local/lib/python3.8/site-packages/airflow/example_dags/example_external_task_marker_dag.py
[2025-04-04T08:51:54.581+0000] {processor.py:840} INFO - DAG(s) 'example_external_task_marker_parent', 'example_external_task_marker_child' retrieved from /home/airflow/.local/lib/python3.8/site-packages/airflow/example_dags/example_external_task_marker_dag.py
[2025-04-04T08:51:54.633+0000] {logging_mixin.py:188} INFO - [2025-04-04T08:51:54.632+0000] {dag.py:3036} INFO - Sync 2 DAGs
[2025-04-04T08:51:54.661+0000] {logging_mixin.py:188} INFO - [2025-04-04T08:51:54.660+0000] {dag.py:3823} INFO - Setting next_dagrun for example_external_task_marker_child to None, run_after=None
[2025-04-04T08:51:54.667+0000] {logging_mixin.py:188} INFO - [2025-04-04T08:51:54.666+0000] {dag.py:3823} INFO - Setting next_dagrun for example_external_task_marker_parent to None, run_after=None
[2025-04-04T08:51:54.696+0000] {processor.py:183} INFO - Processing /home/airflow/.local/lib/python3.8/site-packages/airflow/example_dags/example_external_task_marker_dag.py took 0.139 seconds
[2025-04-04T08:52:25.133+0000] {processor.py:161} INFO - Started process (PID=1203) to work on /home/airflow/.local/lib/python3.8/site-packages/airflow/example_dags/example_external_task_marker_dag.py
[2025-04-04T08:52:25.134+0000] {processor.py:830} INFO - Processing file /home/airflow/.local/lib/python3.8/site-packages/airflow/example_dags/example_external_task_marker_dag.py for tasks to queue
[2025-04-04T08:52:25.135+0000] {logging_mixin.py:188} INFO - [2025-04-04T08:52:25.135+0000] {dagbag.py:538} INFO - Filling up the DagBag from /home/airflow/.local/lib/python3.8/site-packages/airflow/example_dags/example_external_task_marker_dag.py
[2025-04-04T08:52:25.141+0000] {processor.py:840} INFO - DAG(s) 'example_external_task_marker_child', 'example_external_task_marker_parent' retrieved from /home/airflow/.local/lib/python3.8/site-packages/airflow/example_dags/example_external_task_marker_dag.py
[2025-04-04T08:52:25.166+0000] {logging_mixin.py:188} INFO - [2025-04-04T08:52:25.166+0000] {dag.py:3036} INFO - Sync 2 DAGs
[2025-04-04T08:52:25.179+0000] {logging_mixin.py:188} INFO - [2025-04-04T08:52:25.179+0000] {dag.py:3823} INFO - Setting next_dagrun for example_external_task_marker_child to None, run_after=None
[2025-04-04T08:52:25.183+0000] {logging_mixin.py:188} INFO - [2025-04-04T08:52:25.183+0000] {dag.py:3823} INFO - Setting next_dagrun for example_external_task_marker_parent to None, run_after=None
[2025-04-04T08:52:25.202+0000] {processor.py:183} INFO - Processing /home/airflow/.local/lib/python3.8/site-packages/airflow/example_dags/example_external_task_marker_dag.py took 0.073 seconds
[2025-04-04T08:52:55.831+0000] {processor.py:161} INFO - Started process (PID=1448) to work on /home/airflow/.local/lib/python3.8/site-packages/airflow/example_dags/example_external_task_marker_dag.py
[2025-04-04T08:52:55.832+0000] {processor.py:830} INFO - Processing file /home/airflow/.local/lib/python3.8/site-packages/airflow/example_dags/example_external_task_marker_dag.py for tasks to queue
[2025-04-04T08:52:55.834+0000] {logging_mixin.py:188} INFO - [2025-04-04T08:52:55.833+0000] {dagbag.py:538} INFO - Filling up the DagBag from /home/airflow/.local/lib/python3.8/site-packages/airflow/example_dags/example_external_task_marker_dag.py
[2025-04-04T08:52:55.842+0000] {processor.py:840} INFO - DAG(s) 'example_external_task_marker_child', 'example_external_task_marker_parent' retrieved from /home/airflow/.local/lib/python3.8/site-packages/airflow/example_dags/example_external_task_marker_dag.py
[2025-04-04T08:52:55.872+0000] {logging_mixin.py:188} INFO - [2025-04-04T08:52:55.872+0000] {dag.py:3036} INFO - Sync 2 DAGs
[2025-04-04T08:52:55.884+0000] {logging_mixin.py:188} INFO - [2025-04-04T08:52:55.884+0000] {dag.py:3823} INFO - Setting next_dagrun for example_external_task_marker_child to None, run_after=None
[2025-04-04T08:52:55.889+0000] {logging_mixin.py:188} INFO - [2025-04-04T08:52:55.889+0000] {dag.py:3823} INFO - Setting next_dagrun for example_external_task_marker_parent to None, run_after=None
[2025-04-04T08:52:55.961+0000] {processor.py:183} INFO - Processing /home/airflow/.local/lib/python3.8/site-packages/airflow/example_dags/example_external_task_marker_dag.py took 0.134 seconds
[2025-04-04T08:53:26.234+0000] {processor.py:161} INFO - Started process (PID=1697) to work on /home/airflow/.local/lib/python3.8/site-packages/airflow/example_dags/example_external_task_marker_dag.py
[2025-04-04T08:53:26.235+0000] {processor.py:830} INFO - Processing file /home/airflow/.local/lib/python3.8/site-packages/airflow/example_dags/example_external_task_marker_dag.py for tasks to queue
[2025-04-04T08:53:26.236+0000] {logging_mixin.py:188} INFO - [2025-04-04T08:53:26.235+0000] {dagbag.py:538} INFO - Filling up the DagBag from /home/airflow/.local/lib/python3.8/site-packages/airflow/example_dags/example_external_task_marker_dag.py
[2025-04-04T08:53:26.242+0000] {processor.py:840} INFO - DAG(s) 'example_external_task_marker_parent', 'example_external_task_marker_child' retrieved from /home/airflow/.local/lib/python3.8/site-packages/airflow/example_dags/example_external_task_marker_dag.py
[2025-04-04T08:53:26.267+0000] {logging_mixin.py:188} INFO - [2025-04-04T08:53:26.267+0000] {dag.py:3036} INFO - Sync 2 DAGs
[2025-04-04T08:53:26.280+0000] {logging_mixin.py:188} INFO - [2025-04-04T08:53:26.280+0000] {dag.py:3823} INFO - Setting next_dagrun for example_external_task_marker_child to None, run_after=None
[2025-04-04T08:53:26.285+0000] {logging_mixin.py:188} INFO - [2025-04-04T08:53:26.284+0000] {dag.py:3823} INFO - Setting next_dagrun for example_external_task_marker_parent to None, run_after=None
[2025-04-04T08:53:26.304+0000] {processor.py:183} INFO - Processing /home/airflow/.local/lib/python3.8/site-packages/airflow/example_dags/example_external_task_marker_dag.py took 0.073 seconds
[2025-04-04T08:53:56.588+0000] {processor.py:161} INFO - Started process (PID=1944) to work on /home/airflow/.local/lib/python3.8/site-packages/airflow/example_dags/example_external_task_marker_dag.py
[2025-04-04T08:53:56.589+0000] {processor.py:830} INFO - Processing file /home/airflow/.local/lib/python3.8/site-packages/airflow/example_dags/example_external_task_marker_dag.py for tasks to queue
[2025-04-04T08:53:56.590+0000] {logging_mixin.py:188} INFO - [2025-04-04T08:53:56.590+0000] {dagbag.py:538} INFO - Filling up the DagBag from /home/airflow/.local/lib/python3.8/site-packages/airflow/example_dags/example_external_task_marker_dag.py
[2025-04-04T08:53:56.596+0000] {processor.py:840} INFO - DAG(s) 'example_external_task_marker_parent', 'example_external_task_marker_child' retrieved from /home/airflow/.local/lib/python3.8/site-packages/airflow/example_dags/example_external_task_marker_dag.py
[2025-04-04T08:53:56.621+0000] {logging_mixin.py:188} INFO - [2025-04-04T08:53:56.620+0000] {dag.py:3036} INFO - Sync 2 DAGs
[2025-04-04T08:53:56.632+0000] {logging_mixin.py:188} INFO - [2025-04-04T08:53:56.632+0000] {dag.py:3823} INFO - Setting next_dagrun for example_external_task_marker_child to None, run_after=None
[2025-04-04T08:53:56.636+0000] {logging_mixin.py:188} INFO - [2025-04-04T08:53:56.636+0000] {dag.py:3823} INFO - Setting next_dagrun for example_external_task_marker_parent to None, run_after=None
[2025-04-04T08:53:56.654+0000] {processor.py:183} INFO - Processing /home/airflow/.local/lib/python3.8/site-packages/airflow/example_dags/example_external_task_marker_dag.py took 0.070 seconds
[2025-04-04T08:54:28.476+0000] {processor.py:161} INFO - Started process (PID=2191) to work on /home/airflow/.local/lib/python3.8/site-packages/airflow/example_dags/example_external_task_marker_dag.py
[2025-04-04T08:54:28.480+0000] {processor.py:830} INFO - Processing file /home/airflow/.local/lib/python3.8/site-packages/airflow/example_dags/example_external_task_marker_dag.py for tasks to queue
[2025-04-04T08:54:28.484+0000] {logging_mixin.py:188} INFO - [2025-04-04T08:54:28.483+0000] {dagbag.py:538} INFO - Filling up the DagBag from /home/airflow/.local/lib/python3.8/site-packages/airflow/example_dags/example_external_task_marker_dag.py
[2025-04-04T08:54:28.508+0000] {processor.py:840} INFO - DAG(s) 'example_external_task_marker_child', 'example_external_task_marker_parent' retrieved from /home/airflow/.local/lib/python3.8/site-packages/airflow/example_dags/example_external_task_marker_dag.py
[2025-04-04T08:54:28.610+0000] {logging_mixin.py:188} INFO - [2025-04-04T08:54:28.609+0000] {dag.py:3036} INFO - Sync 2 DAGs
[2025-04-04T08:54:28.686+0000] {logging_mixin.py:188} INFO - [2025-04-04T08:54:28.686+0000] {dag.py:3823} INFO - Setting next_dagrun for example_external_task_marker_child to None, run_after=None
[2025-04-04T08:54:28.704+0000] {logging_mixin.py:188} INFO - [2025-04-04T08:54:28.704+0000] {dag.py:3823} INFO - Setting next_dagrun for example_external_task_marker_parent to None, run_after=None
[2025-04-04T08:54:28.787+0000] {processor.py:183} INFO - Processing /home/airflow/.local/lib/python3.8/site-packages/airflow/example_dags/example_external_task_marker_dag.py took 0.317 seconds
[2025-04-04T08:54:58.999+0000] {processor.py:161} INFO - Started process (PID=2440) to work on /home/airflow/.local/lib/python3.8/site-packages/airflow/example_dags/example_external_task_marker_dag.py
[2025-04-04T08:54:59.001+0000] {processor.py:830} INFO - Processing file /home/airflow/.local/lib/python3.8/site-packages/airflow/example_dags/example_external_task_marker_dag.py for tasks to queue
[2025-04-04T08:54:59.003+0000] {logging_mixin.py:188} INFO - [2025-04-04T08:54:59.003+0000] {dagbag.py:538} INFO - Filling up the DagBag from /home/airflow/.local/lib/python3.8/site-packages/airflow/example_dags/example_external_task_marker_dag.py
[2025-04-04T08:54:59.015+0000] {processor.py:840} INFO - DAG(s) 'example_external_task_marker_parent', 'example_external_task_marker_child' retrieved from /home/airflow/.local/lib/python3.8/site-packages/airflow/example_dags/example_external_task_marker_dag.py
[2025-04-04T08:54:59.071+0000] {logging_mixin.py:188} INFO - [2025-04-04T08:54:59.071+0000] {dag.py:3036} INFO - Sync 2 DAGs
[2025-04-04T08:54:59.098+0000] {logging_mixin.py:188} INFO - [2025-04-04T08:54:59.098+0000] {dag.py:3823} INFO - Setting next_dagrun for example_external_task_marker_child to None, run_after=None
[2025-04-04T08:54:59.109+0000] {logging_mixin.py:188} INFO - [2025-04-04T08:54:59.107+0000] {dag.py:3823} INFO - Setting next_dagrun for example_external_task_marker_parent to None, run_after=None
[2025-04-04T08:54:59.149+0000] {processor.py:183} INFO - Processing /home/airflow/.local/lib/python3.8/site-packages/airflow/example_dags/example_external_task_marker_dag.py took 0.156 seconds
[2025-04-04T08:55:29.733+0000] {processor.py:161} INFO - Started process (PID=2685) to work on /home/airflow/.local/lib/python3.8/site-packages/airflow/example_dags/example_external_task_marker_dag.py
[2025-04-04T08:55:29.735+0000] {processor.py:830} INFO - Processing file /home/airflow/.local/lib/python3.8/site-packages/airflow/example_dags/example_external_task_marker_dag.py for tasks to queue
[2025-04-04T08:55:29.736+0000] {logging_mixin.py:188} INFO - [2025-04-04T08:55:29.736+0000] {dagbag.py:538} INFO - Filling up the DagBag from /home/airflow/.local/lib/python3.8/site-packages/airflow/example_dags/example_external_task_marker_dag.py
[2025-04-04T08:55:29.741+0000] {processor.py:840} INFO - DAG(s) 'example_external_task_marker_child', 'example_external_task_marker_parent' retrieved from /home/airflow/.local/lib/python3.8/site-packages/airflow/example_dags/example_external_task_marker_dag.py
[2025-04-04T08:55:29.768+0000] {logging_mixin.py:188} INFO - [2025-04-04T08:55:29.768+0000] {dag.py:3036} INFO - Sync 2 DAGs
[2025-04-04T08:55:29.779+0000] {logging_mixin.py:188} INFO - [2025-04-04T08:55:29.779+0000] {dag.py:3823} INFO - Setting next_dagrun for example_external_task_marker_child to None, run_after=None
[2025-04-04T08:55:29.784+0000] {logging_mixin.py:188} INFO - [2025-04-04T08:55:29.784+0000] {dag.py:3823} INFO - Setting next_dagrun for example_external_task_marker_parent to None, run_after=None
[2025-04-04T08:55:29.802+0000] {processor.py:183} INFO - Processing /home/airflow/.local/lib/python3.8/site-packages/airflow/example_dags/example_external_task_marker_dag.py took 0.073 seconds
[2025-04-04T08:56:00.024+0000] {processor.py:161} INFO - Started process (PID=2932) to work on /home/airflow/.local/lib/python3.8/site-packages/airflow/example_dags/example_external_task_marker_dag.py
[2025-04-04T08:56:00.025+0000] {processor.py:830} INFO - Processing file /home/airflow/.local/lib/python3.8/site-packages/airflow/example_dags/example_external_task_marker_dag.py for tasks to queue
[2025-04-04T08:56:00.026+0000] {logging_mixin.py:188} INFO - [2025-04-04T08:56:00.026+0000] {dagbag.py:538} INFO - Filling up the DagBag from /home/airflow/.local/lib/python3.8/site-packages/airflow/example_dags/example_external_task_marker_dag.py
[2025-04-04T08:56:00.031+0000] {processor.py:840} INFO - DAG(s) 'example_external_task_marker_parent', 'example_external_task_marker_child' retrieved from /home/airflow/.local/lib/python3.8/site-packages/airflow/example_dags/example_external_task_marker_dag.py
[2025-04-04T08:56:00.057+0000] {logging_mixin.py:188} INFO - [2025-04-04T08:56:00.057+0000] {dag.py:3036} INFO - Sync 2 DAGs
[2025-04-04T08:56:00.069+0000] {logging_mixin.py:188} INFO - [2025-04-04T08:56:00.069+0000] {dag.py:3823} INFO - Setting next_dagrun for example_external_task_marker_child to None, run_after=None
[2025-04-04T08:56:00.073+0000] {logging_mixin.py:188} INFO - [2025-04-04T08:56:00.073+0000] {dag.py:3823} INFO - Setting next_dagrun for example_external_task_marker_parent to None, run_after=None
[2025-04-04T08:56:00.094+0000] {processor.py:183} INFO - Processing /home/airflow/.local/lib/python3.8/site-packages/airflow/example_dags/example_external_task_marker_dag.py took 0.073 seconds
[2025-04-04T09:14:09.243+0000] {processor.py:161} INFO - Started process (PID=235) to work on /home/airflow/.local/lib/python3.8/site-packages/airflow/example_dags/example_external_task_marker_dag.py
[2025-04-04T09:14:09.245+0000] {processor.py:830} INFO - Processing file /home/airflow/.local/lib/python3.8/site-packages/airflow/example_dags/example_external_task_marker_dag.py for tasks to queue
[2025-04-04T09:14:09.248+0000] {logging_mixin.py:188} INFO - [2025-04-04T09:14:09.247+0000] {dagbag.py:538} INFO - Filling up the DagBag from /home/airflow/.local/lib/python3.8/site-packages/airflow/example_dags/example_external_task_marker_dag.py
[2025-04-04T09:14:09.268+0000] {processor.py:840} INFO - DAG(s) 'example_external_task_marker_child', 'example_external_task_marker_parent' retrieved from /home/airflow/.local/lib/python3.8/site-packages/airflow/example_dags/example_external_task_marker_dag.py
[2025-04-04T09:14:09.524+0000] {logging_mixin.py:188} INFO - [2025-04-04T09:14:09.523+0000] {dag.py:3036} INFO - Sync 2 DAGs
[2025-04-04T09:14:09.556+0000] {logging_mixin.py:188} INFO - [2025-04-04T09:14:09.555+0000] {dag.py:3823} INFO - Setting next_dagrun for example_external_task_marker_child to None, run_after=None
[2025-04-04T09:14:09.568+0000] {logging_mixin.py:188} INFO - [2025-04-04T09:14:09.567+0000] {dag.py:3823} INFO - Setting next_dagrun for example_external_task_marker_parent to None, run_after=None
[2025-04-04T09:14:09.627+0000] {processor.py:183} INFO - Processing /home/airflow/.local/lib/python3.8/site-packages/airflow/example_dags/example_external_task_marker_dag.py took 0.391 seconds
[2025-04-04T09:14:40.252+0000] {processor.py:161} INFO - Started process (PID=482) to work on /home/airflow/.local/lib/python3.8/site-packages/airflow/example_dags/example_external_task_marker_dag.py
[2025-04-04T09:14:40.253+0000] {processor.py:830} INFO - Processing file /home/airflow/.local/lib/python3.8/site-packages/airflow/example_dags/example_external_task_marker_dag.py for tasks to queue
[2025-04-04T09:14:40.255+0000] {logging_mixin.py:188} INFO - [2025-04-04T09:14:40.254+0000] {dagbag.py:538} INFO - Filling up the DagBag from /home/airflow/.local/lib/python3.8/site-packages/airflow/example_dags/example_external_task_marker_dag.py
[2025-04-04T09:14:40.261+0000] {processor.py:840} INFO - DAG(s) 'example_external_task_marker_parent', 'example_external_task_marker_child' retrieved from /home/airflow/.local/lib/python3.8/site-packages/airflow/example_dags/example_external_task_marker_dag.py
[2025-04-04T09:14:40.292+0000] {logging_mixin.py:188} INFO - [2025-04-04T09:14:40.292+0000] {dag.py:3036} INFO - Sync 2 DAGs
[2025-04-04T09:14:40.315+0000] {logging_mixin.py:188} INFO - [2025-04-04T09:14:40.314+0000] {dag.py:3823} INFO - Setting next_dagrun for example_external_task_marker_child to None, run_after=None
[2025-04-04T09:14:40.320+0000] {logging_mixin.py:188} INFO - [2025-04-04T09:14:40.319+0000] {dag.py:3823} INFO - Setting next_dagrun for example_external_task_marker_parent to None, run_after=None
[2025-04-04T09:14:40.351+0000] {processor.py:183} INFO - Processing /home/airflow/.local/lib/python3.8/site-packages/airflow/example_dags/example_external_task_marker_dag.py took 0.103 seconds
[2025-04-04T09:15:10.902+0000] {processor.py:161} INFO - Started process (PID=729) to work on /home/airflow/.local/lib/python3.8/site-packages/airflow/example_dags/example_external_task_marker_dag.py
[2025-04-04T09:15:10.903+0000] {processor.py:830} INFO - Processing file /home/airflow/.local/lib/python3.8/site-packages/airflow/example_dags/example_external_task_marker_dag.py for tasks to queue
[2025-04-04T09:15:10.904+0000] {logging_mixin.py:188} INFO - [2025-04-04T09:15:10.904+0000] {dagbag.py:538} INFO - Filling up the DagBag from /home/airflow/.local/lib/python3.8/site-packages/airflow/example_dags/example_external_task_marker_dag.py
[2025-04-04T09:15:10.911+0000] {processor.py:840} INFO - DAG(s) 'example_external_task_marker_child', 'example_external_task_marker_parent' retrieved from /home/airflow/.local/lib/python3.8/site-packages/airflow/example_dags/example_external_task_marker_dag.py
[2025-04-04T09:15:10.937+0000] {logging_mixin.py:188} INFO - [2025-04-04T09:15:10.937+0000] {dag.py:3036} INFO - Sync 2 DAGs
[2025-04-04T09:15:10.950+0000] {logging_mixin.py:188} INFO - [2025-04-04T09:15:10.950+0000] {dag.py:3823} INFO - Setting next_dagrun for example_external_task_marker_child to None, run_after=None
[2025-04-04T09:15:10.956+0000] {logging_mixin.py:188} INFO - [2025-04-04T09:15:10.956+0000] {dag.py:3823} INFO - Setting next_dagrun for example_external_task_marker_parent to None, run_after=None
[2025-04-04T09:15:10.983+0000] {processor.py:183} INFO - Processing /home/airflow/.local/lib/python3.8/site-packages/airflow/example_dags/example_external_task_marker_dag.py took 0.085 seconds
[2025-04-04T09:15:41.782+0000] {processor.py:161} INFO - Started process (PID=976) to work on /home/airflow/.local/lib/python3.8/site-packages/airflow/example_dags/example_external_task_marker_dag.py
[2025-04-04T09:15:41.783+0000] {processor.py:830} INFO - Processing file /home/airflow/.local/lib/python3.8/site-packages/airflow/example_dags/example_external_task_marker_dag.py for tasks to queue
[2025-04-04T09:15:41.784+0000] {logging_mixin.py:188} INFO - [2025-04-04T09:15:41.784+0000] {dagbag.py:538} INFO - Filling up the DagBag from /home/airflow/.local/lib/python3.8/site-packages/airflow/example_dags/example_external_task_marker_dag.py
[2025-04-04T09:15:41.790+0000] {processor.py:840} INFO - DAG(s) 'example_external_task_marker_parent', 'example_external_task_marker_child' retrieved from /home/airflow/.local/lib/python3.8/site-packages/airflow/example_dags/example_external_task_marker_dag.py
[2025-04-04T09:15:41.840+0000] {logging_mixin.py:188} INFO - [2025-04-04T09:15:41.839+0000] {dag.py:3036} INFO - Sync 2 DAGs
[2025-04-04T09:15:41.859+0000] {logging_mixin.py:188} INFO - [2025-04-04T09:15:41.859+0000] {dag.py:3823} INFO - Setting next_dagrun for example_external_task_marker_child to None, run_after=None
[2025-04-04T09:15:41.863+0000] {logging_mixin.py:188} INFO - [2025-04-04T09:15:41.862+0000] {dag.py:3823} INFO - Setting next_dagrun for example_external_task_marker_parent to None, run_after=None
[2025-04-04T09:15:41.883+0000] {processor.py:183} INFO - Processing /home/airflow/.local/lib/python3.8/site-packages/airflow/example_dags/example_external_task_marker_dag.py took 0.112 seconds
[2025-04-04T09:16:12.309+0000] {processor.py:161} INFO - Started process (PID=1217) to work on /home/airflow/.local/lib/python3.8/site-packages/airflow/example_dags/example_external_task_marker_dag.py
[2025-04-04T09:16:12.311+0000] {processor.py:830} INFO - Processing file /home/airflow/.local/lib/python3.8/site-packages/airflow/example_dags/example_external_task_marker_dag.py for tasks to queue
[2025-04-04T09:16:12.313+0000] {logging_mixin.py:188} INFO - [2025-04-04T09:16:12.312+0000] {dagbag.py:538} INFO - Filling up the DagBag from /home/airflow/.local/lib/python3.8/site-packages/airflow/example_dags/example_external_task_marker_dag.py
[2025-04-04T09:16:12.325+0000] {processor.py:840} INFO - DAG(s) 'example_external_task_marker_child', 'example_external_task_marker_parent' retrieved from /home/airflow/.local/lib/python3.8/site-packages/airflow/example_dags/example_external_task_marker_dag.py
[2025-04-04T09:16:12.373+0000] {logging_mixin.py:188} INFO - [2025-04-04T09:16:12.372+0000] {dag.py:3036} INFO - Sync 2 DAGs
[2025-04-04T09:16:12.396+0000] {logging_mixin.py:188} INFO - [2025-04-04T09:16:12.395+0000] {dag.py:3823} INFO - Setting next_dagrun for example_external_task_marker_child to None, run_after=None
[2025-04-04T09:16:12.403+0000] {logging_mixin.py:188} INFO - [2025-04-04T09:16:12.403+0000] {dag.py:3823} INFO - Setting next_dagrun for example_external_task_marker_parent to None, run_after=None
[2025-04-04T09:16:12.447+0000] {processor.py:183} INFO - Processing /home/airflow/.local/lib/python3.8/site-packages/airflow/example_dags/example_external_task_marker_dag.py took 0.143 seconds
