[2025-04-04T08:35:42.049+0000] {processor.py:161} INFO - Started process (PID=250) to work on /home/airflow/.local/lib/python3.8/site-packages/airflow/example_dags/example_datasets.py
[2025-04-04T08:35:42.051+0000] {processor.py:830} INFO - Processing file /home/airflow/.local/lib/python3.8/site-packages/airflow/example_dags/example_datasets.py for tasks to queue
[2025-04-04T08:35:42.054+0000] {logging_mixin.py:188} INFO - [2025-04-04T08:35:42.053+0000] {dagbag.py:538} INFO - Filling up the DagBag from /home/airflow/.local/lib/python3.8/site-packages/airflow/example_dags/example_datasets.py
[2025-04-04T08:35:42.079+0000] {processor.py:840} INFO - DAG(s) 'dataset_produces_2', 'dataset_consumes_1_never_scheduled', 'dataset_consumes_1', 'dataset_produces_1', 'dataset_consumes_unknown_never_scheduled', 'dataset_consumes_1_and_2' retrieved from /home/airflow/.local/lib/python3.8/site-packages/airflow/example_dags/example_datasets.py
[2025-04-04T08:35:42.368+0000] {logging_mixin.py:188} INFO - [2025-04-04T08:35:42.366+0000] {override.py:1769} INFO - Created Permission View: can edit on DAG:dataset_produces_2
[2025-04-04T08:35:42.405+0000] {logging_mixin.py:188} INFO - [2025-04-04T08:35:42.404+0000] {override.py:1769} INFO - Created Permission View: can read on DAG:dataset_produces_2
[2025-04-04T08:35:42.422+0000] {logging_mixin.py:188} INFO - [2025-04-04T08:35:42.421+0000] {override.py:1769} INFO - Created Permission View: can delete on DAG:dataset_produces_2
[2025-04-04T08:35:42.468+0000] {logging_mixin.py:188} INFO - [2025-04-04T08:35:42.467+0000] {override.py:1769} INFO - Created Permission View: can edit on DAG:dataset_consumes_1_never_scheduled
[2025-04-04T08:35:42.483+0000] {logging_mixin.py:188} INFO - [2025-04-04T08:35:42.482+0000] {override.py:1769} INFO - Created Permission View: can read on DAG:dataset_consumes_1_never_scheduled
[2025-04-04T08:35:42.498+0000] {logging_mixin.py:188} INFO - [2025-04-04T08:35:42.497+0000] {override.py:1769} INFO - Created Permission View: can delete on DAG:dataset_consumes_1_never_scheduled
[2025-04-04T08:35:42.526+0000] {logging_mixin.py:188} INFO - [2025-04-04T08:35:42.524+0000] {override.py:1769} INFO - Created Permission View: can edit on DAG:dataset_consumes_1
[2025-04-04T08:35:42.544+0000] {logging_mixin.py:188} INFO - [2025-04-04T08:35:42.543+0000] {override.py:1769} INFO - Created Permission View: can read on DAG:dataset_consumes_1
[2025-04-04T08:35:42.558+0000] {logging_mixin.py:188} INFO - [2025-04-04T08:35:42.557+0000] {override.py:1769} INFO - Created Permission View: can delete on DAG:dataset_consumes_1
[2025-04-04T08:35:42.586+0000] {logging_mixin.py:188} INFO - [2025-04-04T08:35:42.585+0000] {override.py:1769} INFO - Created Permission View: can edit on DAG:dataset_produces_1
[2025-04-04T08:35:42.600+0000] {logging_mixin.py:188} INFO - [2025-04-04T08:35:42.599+0000] {override.py:1769} INFO - Created Permission View: can read on DAG:dataset_produces_1
[2025-04-04T08:35:42.615+0000] {logging_mixin.py:188} INFO - [2025-04-04T08:35:42.614+0000] {override.py:1769} INFO - Created Permission View: can delete on DAG:dataset_produces_1
[2025-04-04T08:35:42.641+0000] {logging_mixin.py:188} INFO - [2025-04-04T08:35:42.640+0000] {override.py:1769} INFO - Created Permission View: can edit on DAG:dataset_consumes_unknown_never_scheduled
[2025-04-04T08:35:42.655+0000] {logging_mixin.py:188} INFO - [2025-04-04T08:35:42.655+0000] {override.py:1769} INFO - Created Permission View: can read on DAG:dataset_consumes_unknown_never_scheduled
[2025-04-04T08:35:42.673+0000] {logging_mixin.py:188} INFO - [2025-04-04T08:35:42.672+0000] {override.py:1769} INFO - Created Permission View: can delete on DAG:dataset_consumes_unknown_never_scheduled
[2025-04-04T08:35:42.729+0000] {logging_mixin.py:188} INFO - [2025-04-04T08:35:42.728+0000] {override.py:1769} INFO - Created Permission View: can edit on DAG:dataset_consumes_1_and_2
[2025-04-04T08:35:42.773+0000] {logging_mixin.py:188} INFO - [2025-04-04T08:35:42.772+0000] {override.py:1769} INFO - Created Permission View: can read on DAG:dataset_consumes_1_and_2
[2025-04-04T08:35:42.794+0000] {logging_mixin.py:188} INFO - [2025-04-04T08:35:42.793+0000] {override.py:1769} INFO - Created Permission View: can delete on DAG:dataset_consumes_1_and_2
[2025-04-04T08:35:42.797+0000] {logging_mixin.py:188} INFO - [2025-04-04T08:35:42.796+0000] {dag.py:3036} INFO - Sync 6 DAGs
[2025-04-04T08:35:42.825+0000] {logging_mixin.py:188} INFO - [2025-04-04T08:35:42.825+0000] {dag.py:3058} INFO - Creating ORM DAG for dataset_produces_1
[2025-04-04T08:35:42.829+0000] {logging_mixin.py:188} INFO - [2025-04-04T08:35:42.828+0000] {dag.py:3058} INFO - Creating ORM DAG for dataset_produces_2
[2025-04-04T08:35:42.831+0000] {logging_mixin.py:188} INFO - [2025-04-04T08:35:42.831+0000] {dag.py:3058} INFO - Creating ORM DAG for dataset_consumes_unknown_never_scheduled
[2025-04-04T08:35:42.834+0000] {logging_mixin.py:188} INFO - [2025-04-04T08:35:42.833+0000] {dag.py:3058} INFO - Creating ORM DAG for dataset_consumes_1_and_2
[2025-04-04T08:35:42.837+0000] {logging_mixin.py:188} INFO - [2025-04-04T08:35:42.837+0000] {dag.py:3058} INFO - Creating ORM DAG for dataset_consumes_1_never_scheduled
[2025-04-04T08:35:42.845+0000] {logging_mixin.py:188} INFO - [2025-04-04T08:35:42.844+0000] {dag.py:3058} INFO - Creating ORM DAG for dataset_consumes_1
[2025-04-04T08:35:42.874+0000] {logging_mixin.py:188} INFO - [2025-04-04T08:35:42.874+0000] {dag.py:3823} INFO - Setting next_dagrun for dataset_consumes_1 to None, run_after=None
[2025-04-04T08:35:42.877+0000] {logging_mixin.py:188} INFO - [2025-04-04T08:35:42.876+0000] {dag.py:3823} INFO - Setting next_dagrun for dataset_consumes_1_and_2 to None, run_after=None
[2025-04-04T08:35:42.879+0000] {logging_mixin.py:188} INFO - [2025-04-04T08:35:42.879+0000] {dag.py:3823} INFO - Setting next_dagrun for dataset_consumes_1_never_scheduled to None, run_after=None
[2025-04-04T08:35:42.881+0000] {logging_mixin.py:188} INFO - [2025-04-04T08:35:42.881+0000] {dag.py:3823} INFO - Setting next_dagrun for dataset_consumes_unknown_never_scheduled to None, run_after=None
[2025-04-04T08:35:42.888+0000] {logging_mixin.py:188} INFO - [2025-04-04T08:35:42.888+0000] {dag.py:3823} INFO - Setting next_dagrun for dataset_produces_1 to 2025-04-03 00:00:00+00:00, run_after=2025-04-04 00:00:00+00:00
[2025-04-04T08:35:42.897+0000] {logging_mixin.py:188} INFO - [2025-04-04T08:35:42.896+0000] {dag.py:3823} INFO - Setting next_dagrun for dataset_produces_2 to None, run_after=None
[2025-04-04T08:35:43.011+0000] {processor.py:183} INFO - Processing /home/airflow/.local/lib/python3.8/site-packages/airflow/example_dags/example_datasets.py took 0.971 seconds
[2025-04-04T08:36:13.147+0000] {processor.py:161} INFO - Started process (PID=502) to work on /home/airflow/.local/lib/python3.8/site-packages/airflow/example_dags/example_datasets.py
[2025-04-04T08:36:13.149+0000] {processor.py:830} INFO - Processing file /home/airflow/.local/lib/python3.8/site-packages/airflow/example_dags/example_datasets.py for tasks to queue
[2025-04-04T08:36:13.151+0000] {logging_mixin.py:188} INFO - [2025-04-04T08:36:13.150+0000] {dagbag.py:538} INFO - Filling up the DagBag from /home/airflow/.local/lib/python3.8/site-packages/airflow/example_dags/example_datasets.py
[2025-04-04T08:36:13.181+0000] {processor.py:840} INFO - DAG(s) 'dataset_produces_1', 'dataset_consumes_1_never_scheduled', 'dataset_produces_2', 'dataset_consumes_unknown_never_scheduled', 'dataset_consumes_1', 'dataset_consumes_1_and_2' retrieved from /home/airflow/.local/lib/python3.8/site-packages/airflow/example_dags/example_datasets.py
[2025-04-04T08:36:13.259+0000] {logging_mixin.py:188} INFO - [2025-04-04T08:36:13.258+0000] {dag.py:3036} INFO - Sync 6 DAGs
[2025-04-04T08:36:13.290+0000] {logging_mixin.py:188} INFO - [2025-04-04T08:36:13.289+0000] {dag.py:3823} INFO - Setting next_dagrun for dataset_consumes_1 to None, run_after=None
[2025-04-04T08:36:13.297+0000] {logging_mixin.py:188} INFO - [2025-04-04T08:36:13.296+0000] {dag.py:3823} INFO - Setting next_dagrun for dataset_consumes_1_and_2 to None, run_after=None
[2025-04-04T08:36:13.299+0000] {logging_mixin.py:188} INFO - [2025-04-04T08:36:13.299+0000] {dag.py:3823} INFO - Setting next_dagrun for dataset_consumes_1_never_scheduled to None, run_after=None
[2025-04-04T08:36:13.301+0000] {logging_mixin.py:188} INFO - [2025-04-04T08:36:13.301+0000] {dag.py:3823} INFO - Setting next_dagrun for dataset_consumes_unknown_never_scheduled to None, run_after=None
[2025-04-04T08:36:13.305+0000] {logging_mixin.py:188} INFO - [2025-04-04T08:36:13.305+0000] {dag.py:3823} INFO - Setting next_dagrun for dataset_produces_1 to 2025-04-03 00:00:00+00:00, run_after=2025-04-04 00:00:00+00:00
[2025-04-04T08:36:13.308+0000] {logging_mixin.py:188} INFO - [2025-04-04T08:36:13.308+0000] {dag.py:3823} INFO - Setting next_dagrun for dataset_produces_2 to None, run_after=None
[2025-04-04T08:36:13.348+0000] {processor.py:183} INFO - Processing /home/airflow/.local/lib/python3.8/site-packages/airflow/example_dags/example_datasets.py took 0.231 seconds
[2025-04-04T08:36:44.277+0000] {processor.py:161} INFO - Started process (PID=746) to work on /home/airflow/.local/lib/python3.8/site-packages/airflow/example_dags/example_datasets.py
[2025-04-04T08:36:44.278+0000] {processor.py:830} INFO - Processing file /home/airflow/.local/lib/python3.8/site-packages/airflow/example_dags/example_datasets.py for tasks to queue
[2025-04-04T08:36:44.279+0000] {logging_mixin.py:188} INFO - [2025-04-04T08:36:44.278+0000] {dagbag.py:538} INFO - Filling up the DagBag from /home/airflow/.local/lib/python3.8/site-packages/airflow/example_dags/example_datasets.py
[2025-04-04T08:36:44.290+0000] {processor.py:840} INFO - DAG(s) 'dataset_consumes_1_and_2', 'dataset_produces_1', 'dataset_consumes_unknown_never_scheduled', 'dataset_produces_2', 'dataset_consumes_1_never_scheduled', 'dataset_consumes_1' retrieved from /home/airflow/.local/lib/python3.8/site-packages/airflow/example_dags/example_datasets.py
[2025-04-04T08:36:44.410+0000] {logging_mixin.py:188} INFO - [2025-04-04T08:36:44.410+0000] {dag.py:3036} INFO - Sync 6 DAGs
[2025-04-04T08:36:44.448+0000] {logging_mixin.py:188} INFO - [2025-04-04T08:36:44.448+0000] {dag.py:3823} INFO - Setting next_dagrun for dataset_consumes_1 to None, run_after=None
[2025-04-04T08:36:44.452+0000] {logging_mixin.py:188} INFO - [2025-04-04T08:36:44.451+0000] {dag.py:3823} INFO - Setting next_dagrun for dataset_consumes_1_and_2 to None, run_after=None
[2025-04-04T08:36:44.454+0000] {logging_mixin.py:188} INFO - [2025-04-04T08:36:44.453+0000] {dag.py:3823} INFO - Setting next_dagrun for dataset_consumes_1_never_scheduled to None, run_after=None
[2025-04-04T08:36:44.455+0000] {logging_mixin.py:188} INFO - [2025-04-04T08:36:44.455+0000] {dag.py:3823} INFO - Setting next_dagrun for dataset_consumes_unknown_never_scheduled to None, run_after=None
[2025-04-04T08:36:44.459+0000] {logging_mixin.py:188} INFO - [2025-04-04T08:36:44.459+0000] {dag.py:3823} INFO - Setting next_dagrun for dataset_produces_1 to 2025-04-03 00:00:00+00:00, run_after=2025-04-04 00:00:00+00:00
[2025-04-04T08:36:44.462+0000] {logging_mixin.py:188} INFO - [2025-04-04T08:36:44.462+0000] {dag.py:3823} INFO - Setting next_dagrun for dataset_produces_2 to None, run_after=None
[2025-04-04T08:36:44.500+0000] {processor.py:183} INFO - Processing /home/airflow/.local/lib/python3.8/site-packages/airflow/example_dags/example_datasets.py took 0.228 seconds
[2025-04-04T08:37:14.927+0000] {processor.py:161} INFO - Started process (PID=993) to work on /home/airflow/.local/lib/python3.8/site-packages/airflow/example_dags/example_datasets.py
[2025-04-04T08:37:14.928+0000] {processor.py:830} INFO - Processing file /home/airflow/.local/lib/python3.8/site-packages/airflow/example_dags/example_datasets.py for tasks to queue
[2025-04-04T08:37:14.930+0000] {logging_mixin.py:188} INFO - [2025-04-04T08:37:14.929+0000] {dagbag.py:538} INFO - Filling up the DagBag from /home/airflow/.local/lib/python3.8/site-packages/airflow/example_dags/example_datasets.py
[2025-04-04T08:37:14.940+0000] {processor.py:840} INFO - DAG(s) 'dataset_produces_2', 'dataset_produces_1', 'dataset_consumes_1_never_scheduled', 'dataset_consumes_unknown_never_scheduled', 'dataset_consumes_1', 'dataset_consumes_1_and_2' retrieved from /home/airflow/.local/lib/python3.8/site-packages/airflow/example_dags/example_datasets.py
[2025-04-04T08:37:14.992+0000] {logging_mixin.py:188} INFO - [2025-04-04T08:37:14.991+0000] {dag.py:3036} INFO - Sync 6 DAGs
[2025-04-04T08:37:15.055+0000] {logging_mixin.py:188} INFO - [2025-04-04T08:37:15.055+0000] {dag.py:3823} INFO - Setting next_dagrun for dataset_consumes_1 to None, run_after=None
[2025-04-04T08:37:15.068+0000] {logging_mixin.py:188} INFO - [2025-04-04T08:37:15.068+0000] {dag.py:3823} INFO - Setting next_dagrun for dataset_consumes_1_and_2 to None, run_after=None
[2025-04-04T08:37:15.071+0000] {logging_mixin.py:188} INFO - [2025-04-04T08:37:15.071+0000] {dag.py:3823} INFO - Setting next_dagrun for dataset_consumes_1_never_scheduled to None, run_after=None
[2025-04-04T08:37:15.077+0000] {logging_mixin.py:188} INFO - [2025-04-04T08:37:15.076+0000] {dag.py:3823} INFO - Setting next_dagrun for dataset_consumes_unknown_never_scheduled to None, run_after=None
[2025-04-04T08:37:15.083+0000] {logging_mixin.py:188} INFO - [2025-04-04T08:37:15.082+0000] {dag.py:3823} INFO - Setting next_dagrun for dataset_produces_1 to 2025-04-03 00:00:00+00:00, run_after=2025-04-04 00:00:00+00:00
[2025-04-04T08:37:15.086+0000] {logging_mixin.py:188} INFO - [2025-04-04T08:37:15.085+0000] {dag.py:3823} INFO - Setting next_dagrun for dataset_produces_2 to None, run_after=None
[2025-04-04T08:37:15.153+0000] {processor.py:183} INFO - Processing /home/airflow/.local/lib/python3.8/site-packages/airflow/example_dags/example_datasets.py took 0.230 seconds
[2025-04-04T08:37:45.252+0000] {processor.py:161} INFO - Started process (PID=1245) to work on /home/airflow/.local/lib/python3.8/site-packages/airflow/example_dags/example_datasets.py
[2025-04-04T08:37:45.253+0000] {processor.py:830} INFO - Processing file /home/airflow/.local/lib/python3.8/site-packages/airflow/example_dags/example_datasets.py for tasks to queue
[2025-04-04T08:37:45.255+0000] {logging_mixin.py:188} INFO - [2025-04-04T08:37:45.254+0000] {dagbag.py:538} INFO - Filling up the DagBag from /home/airflow/.local/lib/python3.8/site-packages/airflow/example_dags/example_datasets.py
[2025-04-04T08:37:45.265+0000] {processor.py:840} INFO - DAG(s) 'dataset_consumes_unknown_never_scheduled', 'dataset_produces_1', 'dataset_consumes_1', 'dataset_consumes_1_and_2', 'dataset_consumes_1_never_scheduled', 'dataset_produces_2' retrieved from /home/airflow/.local/lib/python3.8/site-packages/airflow/example_dags/example_datasets.py
[2025-04-04T08:37:45.303+0000] {logging_mixin.py:188} INFO - [2025-04-04T08:37:45.302+0000] {dag.py:3036} INFO - Sync 6 DAGs
[2025-04-04T08:37:45.336+0000] {logging_mixin.py:188} INFO - [2025-04-04T08:37:45.335+0000] {dag.py:3823} INFO - Setting next_dagrun for dataset_consumes_1 to None, run_after=None
[2025-04-04T08:37:45.340+0000] {logging_mixin.py:188} INFO - [2025-04-04T08:37:45.340+0000] {dag.py:3823} INFO - Setting next_dagrun for dataset_consumes_1_and_2 to None, run_after=None
[2025-04-04T08:37:45.342+0000] {logging_mixin.py:188} INFO - [2025-04-04T08:37:45.342+0000] {dag.py:3823} INFO - Setting next_dagrun for dataset_consumes_1_never_scheduled to None, run_after=None
[2025-04-04T08:37:45.344+0000] {logging_mixin.py:188} INFO - [2025-04-04T08:37:45.344+0000] {dag.py:3823} INFO - Setting next_dagrun for dataset_consumes_unknown_never_scheduled to None, run_after=None
[2025-04-04T08:37:45.347+0000] {logging_mixin.py:188} INFO - [2025-04-04T08:37:45.347+0000] {dag.py:3823} INFO - Setting next_dagrun for dataset_produces_1 to 2025-04-03 00:00:00+00:00, run_after=2025-04-04 00:00:00+00:00
[2025-04-04T08:37:45.349+0000] {logging_mixin.py:188} INFO - [2025-04-04T08:37:45.349+0000] {dag.py:3823} INFO - Setting next_dagrun for dataset_produces_2 to None, run_after=None
[2025-04-04T08:37:45.383+0000] {processor.py:183} INFO - Processing /home/airflow/.local/lib/python3.8/site-packages/airflow/example_dags/example_datasets.py took 0.135 seconds
[2025-04-04T08:38:15.430+0000] {processor.py:161} INFO - Started process (PID=1492) to work on /home/airflow/.local/lib/python3.8/site-packages/airflow/example_dags/example_datasets.py
[2025-04-04T08:38:15.431+0000] {processor.py:830} INFO - Processing file /home/airflow/.local/lib/python3.8/site-packages/airflow/example_dags/example_datasets.py for tasks to queue
[2025-04-04T08:38:15.432+0000] {logging_mixin.py:188} INFO - [2025-04-04T08:38:15.432+0000] {dagbag.py:538} INFO - Filling up the DagBag from /home/airflow/.local/lib/python3.8/site-packages/airflow/example_dags/example_datasets.py
[2025-04-04T08:38:15.443+0000] {processor.py:840} INFO - DAG(s) 'dataset_consumes_1_never_scheduled', 'dataset_consumes_1_and_2', 'dataset_produces_2', 'dataset_consumes_unknown_never_scheduled', 'dataset_consumes_1', 'dataset_produces_1' retrieved from /home/airflow/.local/lib/python3.8/site-packages/airflow/example_dags/example_datasets.py
[2025-04-04T08:38:15.482+0000] {logging_mixin.py:188} INFO - [2025-04-04T08:38:15.482+0000] {dag.py:3036} INFO - Sync 6 DAGs
[2025-04-04T08:38:15.506+0000] {logging_mixin.py:188} INFO - [2025-04-04T08:38:15.505+0000] {dag.py:3823} INFO - Setting next_dagrun for dataset_consumes_1 to None, run_after=None
[2025-04-04T08:38:15.509+0000] {logging_mixin.py:188} INFO - [2025-04-04T08:38:15.509+0000] {dag.py:3823} INFO - Setting next_dagrun for dataset_consumes_1_and_2 to None, run_after=None
[2025-04-04T08:38:15.511+0000] {logging_mixin.py:188} INFO - [2025-04-04T08:38:15.511+0000] {dag.py:3823} INFO - Setting next_dagrun for dataset_consumes_1_never_scheduled to None, run_after=None
[2025-04-04T08:38:15.513+0000] {logging_mixin.py:188} INFO - [2025-04-04T08:38:15.513+0000] {dag.py:3823} INFO - Setting next_dagrun for dataset_consumes_unknown_never_scheduled to None, run_after=None
[2025-04-04T08:38:15.516+0000] {logging_mixin.py:188} INFO - [2025-04-04T08:38:15.515+0000] {dag.py:3823} INFO - Setting next_dagrun for dataset_produces_1 to 2025-04-03 00:00:00+00:00, run_after=2025-04-04 00:00:00+00:00
[2025-04-04T08:38:15.517+0000] {logging_mixin.py:188} INFO - [2025-04-04T08:38:15.517+0000] {dag.py:3823} INFO - Setting next_dagrun for dataset_produces_2 to None, run_after=None
[2025-04-04T08:38:15.549+0000] {processor.py:183} INFO - Processing /home/airflow/.local/lib/python3.8/site-packages/airflow/example_dags/example_datasets.py took 0.122 seconds
[2025-04-04T08:38:45.580+0000] {processor.py:161} INFO - Started process (PID=1737) to work on /home/airflow/.local/lib/python3.8/site-packages/airflow/example_dags/example_datasets.py
[2025-04-04T08:38:45.581+0000] {processor.py:830} INFO - Processing file /home/airflow/.local/lib/python3.8/site-packages/airflow/example_dags/example_datasets.py for tasks to queue
[2025-04-04T08:38:45.582+0000] {logging_mixin.py:188} INFO - [2025-04-04T08:38:45.582+0000] {dagbag.py:538} INFO - Filling up the DagBag from /home/airflow/.local/lib/python3.8/site-packages/airflow/example_dags/example_datasets.py
[2025-04-04T08:38:45.591+0000] {processor.py:840} INFO - DAG(s) 'dataset_consumes_unknown_never_scheduled', 'dataset_consumes_1_and_2', 'dataset_consumes_1', 'dataset_produces_2', 'dataset_consumes_1_never_scheduled', 'dataset_produces_1' retrieved from /home/airflow/.local/lib/python3.8/site-packages/airflow/example_dags/example_datasets.py
[2025-04-04T08:38:45.628+0000] {logging_mixin.py:188} INFO - [2025-04-04T08:38:45.628+0000] {dag.py:3036} INFO - Sync 6 DAGs
[2025-04-04T08:38:45.650+0000] {logging_mixin.py:188} INFO - [2025-04-04T08:38:45.649+0000] {dag.py:3823} INFO - Setting next_dagrun for dataset_consumes_1 to None, run_after=None
[2025-04-04T08:38:45.654+0000] {logging_mixin.py:188} INFO - [2025-04-04T08:38:45.654+0000] {dag.py:3823} INFO - Setting next_dagrun for dataset_consumes_1_and_2 to None, run_after=None
[2025-04-04T08:38:45.657+0000] {logging_mixin.py:188} INFO - [2025-04-04T08:38:45.656+0000] {dag.py:3823} INFO - Setting next_dagrun for dataset_consumes_1_never_scheduled to None, run_after=None
[2025-04-04T08:38:45.659+0000] {logging_mixin.py:188} INFO - [2025-04-04T08:38:45.659+0000] {dag.py:3823} INFO - Setting next_dagrun for dataset_consumes_unknown_never_scheduled to None, run_after=None
[2025-04-04T08:38:45.662+0000] {logging_mixin.py:188} INFO - [2025-04-04T08:38:45.662+0000] {dag.py:3823} INFO - Setting next_dagrun for dataset_produces_1 to 2025-04-03 00:00:00+00:00, run_after=2025-04-04 00:00:00+00:00
[2025-04-04T08:38:45.664+0000] {logging_mixin.py:188} INFO - [2025-04-04T08:38:45.664+0000] {dag.py:3823} INFO - Setting next_dagrun for dataset_produces_2 to None, run_after=None
[2025-04-04T08:38:45.697+0000] {processor.py:183} INFO - Processing /home/airflow/.local/lib/python3.8/site-packages/airflow/example_dags/example_datasets.py took 0.119 seconds
[2025-04-04T08:39:15.893+0000] {processor.py:161} INFO - Started process (PID=1981) to work on /home/airflow/.local/lib/python3.8/site-packages/airflow/example_dags/example_datasets.py
[2025-04-04T08:39:15.894+0000] {processor.py:830} INFO - Processing file /home/airflow/.local/lib/python3.8/site-packages/airflow/example_dags/example_datasets.py for tasks to queue
[2025-04-04T08:39:15.895+0000] {logging_mixin.py:188} INFO - [2025-04-04T08:39:15.895+0000] {dagbag.py:538} INFO - Filling up the DagBag from /home/airflow/.local/lib/python3.8/site-packages/airflow/example_dags/example_datasets.py
[2025-04-04T08:39:15.904+0000] {processor.py:840} INFO - DAG(s) 'dataset_consumes_unknown_never_scheduled', 'dataset_consumes_1_never_scheduled', 'dataset_produces_1', 'dataset_produces_2', 'dataset_consumes_1_and_2', 'dataset_consumes_1' retrieved from /home/airflow/.local/lib/python3.8/site-packages/airflow/example_dags/example_datasets.py
[2025-04-04T08:39:15.943+0000] {logging_mixin.py:188} INFO - [2025-04-04T08:39:15.943+0000] {dag.py:3036} INFO - Sync 6 DAGs
[2025-04-04T08:39:15.968+0000] {logging_mixin.py:188} INFO - [2025-04-04T08:39:15.968+0000] {dag.py:3823} INFO - Setting next_dagrun for dataset_consumes_1 to None, run_after=None
[2025-04-04T08:39:15.973+0000] {logging_mixin.py:188} INFO - [2025-04-04T08:39:15.972+0000] {dag.py:3823} INFO - Setting next_dagrun for dataset_consumes_1_and_2 to None, run_after=None
[2025-04-04T08:39:15.975+0000] {logging_mixin.py:188} INFO - [2025-04-04T08:39:15.974+0000] {dag.py:3823} INFO - Setting next_dagrun for dataset_consumes_1_never_scheduled to None, run_after=None
[2025-04-04T08:39:15.978+0000] {logging_mixin.py:188} INFO - [2025-04-04T08:39:15.977+0000] {dag.py:3823} INFO - Setting next_dagrun for dataset_consumes_unknown_never_scheduled to None, run_after=None
[2025-04-04T08:39:15.983+0000] {logging_mixin.py:188} INFO - [2025-04-04T08:39:15.982+0000] {dag.py:3823} INFO - Setting next_dagrun for dataset_produces_1 to 2025-04-03 00:00:00+00:00, run_after=2025-04-04 00:00:00+00:00
[2025-04-04T08:39:15.985+0000] {logging_mixin.py:188} INFO - [2025-04-04T08:39:15.985+0000] {dag.py:3823} INFO - Setting next_dagrun for dataset_produces_2 to None, run_after=None
[2025-04-04T08:39:16.021+0000] {processor.py:183} INFO - Processing /home/airflow/.local/lib/python3.8/site-packages/airflow/example_dags/example_datasets.py took 0.131 seconds
[2025-04-04T08:39:46.220+0000] {processor.py:161} INFO - Started process (PID=2228) to work on /home/airflow/.local/lib/python3.8/site-packages/airflow/example_dags/example_datasets.py
[2025-04-04T08:39:46.222+0000] {processor.py:830} INFO - Processing file /home/airflow/.local/lib/python3.8/site-packages/airflow/example_dags/example_datasets.py for tasks to queue
[2025-04-04T08:39:46.224+0000] {logging_mixin.py:188} INFO - [2025-04-04T08:39:46.223+0000] {dagbag.py:538} INFO - Filling up the DagBag from /home/airflow/.local/lib/python3.8/site-packages/airflow/example_dags/example_datasets.py
[2025-04-04T08:39:46.237+0000] {processor.py:840} INFO - DAG(s) 'dataset_produces_1', 'dataset_consumes_1', 'dataset_consumes_1_and_2', 'dataset_produces_2', 'dataset_consumes_unknown_never_scheduled', 'dataset_consumes_1_never_scheduled' retrieved from /home/airflow/.local/lib/python3.8/site-packages/airflow/example_dags/example_datasets.py
[2025-04-04T08:39:46.301+0000] {logging_mixin.py:188} INFO - [2025-04-04T08:39:46.301+0000] {dag.py:3036} INFO - Sync 6 DAGs
[2025-04-04T08:39:46.343+0000] {logging_mixin.py:188} INFO - [2025-04-04T08:39:46.342+0000] {dag.py:3823} INFO - Setting next_dagrun for dataset_consumes_1 to None, run_after=None
[2025-04-04T08:39:46.352+0000] {logging_mixin.py:188} INFO - [2025-04-04T08:39:46.351+0000] {dag.py:3823} INFO - Setting next_dagrun for dataset_consumes_1_and_2 to None, run_after=None
[2025-04-04T08:39:46.355+0000] {logging_mixin.py:188} INFO - [2025-04-04T08:39:46.354+0000] {dag.py:3823} INFO - Setting next_dagrun for dataset_consumes_1_never_scheduled to None, run_after=None
[2025-04-04T08:39:46.358+0000] {logging_mixin.py:188} INFO - [2025-04-04T08:39:46.357+0000] {dag.py:3823} INFO - Setting next_dagrun for dataset_consumes_unknown_never_scheduled to None, run_after=None
[2025-04-04T08:39:46.364+0000] {logging_mixin.py:188} INFO - [2025-04-04T08:39:46.364+0000] {dag.py:3823} INFO - Setting next_dagrun for dataset_produces_1 to 2025-04-03 00:00:00+00:00, run_after=2025-04-04 00:00:00+00:00
[2025-04-04T08:39:46.369+0000] {logging_mixin.py:188} INFO - [2025-04-04T08:39:46.369+0000] {dag.py:3823} INFO - Setting next_dagrun for dataset_produces_2 to None, run_after=None
[2025-04-04T08:39:46.440+0000] {processor.py:183} INFO - Processing /home/airflow/.local/lib/python3.8/site-packages/airflow/example_dags/example_datasets.py took 0.224 seconds
[2025-04-04T08:40:17.023+0000] {processor.py:161} INFO - Started process (PID=2475) to work on /home/airflow/.local/lib/python3.8/site-packages/airflow/example_dags/example_datasets.py
[2025-04-04T08:40:17.024+0000] {processor.py:830} INFO - Processing file /home/airflow/.local/lib/python3.8/site-packages/airflow/example_dags/example_datasets.py for tasks to queue
[2025-04-04T08:40:17.026+0000] {logging_mixin.py:188} INFO - [2025-04-04T08:40:17.025+0000] {dagbag.py:538} INFO - Filling up the DagBag from /home/airflow/.local/lib/python3.8/site-packages/airflow/example_dags/example_datasets.py
[2025-04-04T08:40:17.034+0000] {processor.py:840} INFO - DAG(s) 'dataset_consumes_1', 'dataset_consumes_1_never_scheduled', 'dataset_consumes_1_and_2', 'dataset_produces_2', 'dataset_produces_1', 'dataset_consumes_unknown_never_scheduled' retrieved from /home/airflow/.local/lib/python3.8/site-packages/airflow/example_dags/example_datasets.py
[2025-04-04T08:40:17.070+0000] {logging_mixin.py:188} INFO - [2025-04-04T08:40:17.070+0000] {dag.py:3036} INFO - Sync 6 DAGs
[2025-04-04T08:40:17.091+0000] {logging_mixin.py:188} INFO - [2025-04-04T08:40:17.091+0000] {dag.py:3823} INFO - Setting next_dagrun for dataset_consumes_1 to None, run_after=None
[2025-04-04T08:40:17.095+0000] {logging_mixin.py:188} INFO - [2025-04-04T08:40:17.095+0000] {dag.py:3823} INFO - Setting next_dagrun for dataset_consumes_1_and_2 to None, run_after=None
[2025-04-04T08:40:17.098+0000] {logging_mixin.py:188} INFO - [2025-04-04T08:40:17.097+0000] {dag.py:3823} INFO - Setting next_dagrun for dataset_consumes_1_never_scheduled to None, run_after=None
[2025-04-04T08:40:17.100+0000] {logging_mixin.py:188} INFO - [2025-04-04T08:40:17.100+0000] {dag.py:3823} INFO - Setting next_dagrun for dataset_consumes_unknown_never_scheduled to None, run_after=None
[2025-04-04T08:40:17.104+0000] {logging_mixin.py:188} INFO - [2025-04-04T08:40:17.104+0000] {dag.py:3823} INFO - Setting next_dagrun for dataset_produces_1 to 2025-04-03 00:00:00+00:00, run_after=2025-04-04 00:00:00+00:00
[2025-04-04T08:40:17.106+0000] {logging_mixin.py:188} INFO - [2025-04-04T08:40:17.106+0000] {dag.py:3823} INFO - Setting next_dagrun for dataset_produces_2 to None, run_after=None
[2025-04-04T08:40:17.142+0000] {processor.py:183} INFO - Processing /home/airflow/.local/lib/python3.8/site-packages/airflow/example_dags/example_datasets.py took 0.122 seconds
[2025-04-04T08:40:47.299+0000] {processor.py:161} INFO - Started process (PID=2722) to work on /home/airflow/.local/lib/python3.8/site-packages/airflow/example_dags/example_datasets.py
[2025-04-04T08:40:47.302+0000] {processor.py:830} INFO - Processing file /home/airflow/.local/lib/python3.8/site-packages/airflow/example_dags/example_datasets.py for tasks to queue
[2025-04-04T08:40:47.303+0000] {logging_mixin.py:188} INFO - [2025-04-04T08:40:47.303+0000] {dagbag.py:538} INFO - Filling up the DagBag from /home/airflow/.local/lib/python3.8/site-packages/airflow/example_dags/example_datasets.py
[2025-04-04T08:40:47.316+0000] {processor.py:840} INFO - DAG(s) 'dataset_consumes_1_never_scheduled', 'dataset_consumes_1', 'dataset_consumes_1_and_2', 'dataset_produces_1', 'dataset_produces_2', 'dataset_consumes_unknown_never_scheduled' retrieved from /home/airflow/.local/lib/python3.8/site-packages/airflow/example_dags/example_datasets.py
[2025-04-04T08:40:47.358+0000] {logging_mixin.py:188} INFO - [2025-04-04T08:40:47.357+0000] {dag.py:3036} INFO - Sync 6 DAGs
[2025-04-04T08:40:47.381+0000] {logging_mixin.py:188} INFO - [2025-04-04T08:40:47.380+0000] {dag.py:3823} INFO - Setting next_dagrun for dataset_consumes_1 to None, run_after=None
[2025-04-04T08:40:47.385+0000] {logging_mixin.py:188} INFO - [2025-04-04T08:40:47.384+0000] {dag.py:3823} INFO - Setting next_dagrun for dataset_consumes_1_and_2 to None, run_after=None
[2025-04-04T08:40:47.387+0000] {logging_mixin.py:188} INFO - [2025-04-04T08:40:47.387+0000] {dag.py:3823} INFO - Setting next_dagrun for dataset_consumes_1_never_scheduled to None, run_after=None
[2025-04-04T08:40:47.389+0000] {logging_mixin.py:188} INFO - [2025-04-04T08:40:47.389+0000] {dag.py:3823} INFO - Setting next_dagrun for dataset_consumes_unknown_never_scheduled to None, run_after=None
[2025-04-04T08:40:47.394+0000] {logging_mixin.py:188} INFO - [2025-04-04T08:40:47.394+0000] {dag.py:3823} INFO - Setting next_dagrun for dataset_produces_1 to 2025-04-03 00:00:00+00:00, run_after=2025-04-04 00:00:00+00:00
[2025-04-04T08:40:47.396+0000] {logging_mixin.py:188} INFO - [2025-04-04T08:40:47.396+0000] {dag.py:3823} INFO - Setting next_dagrun for dataset_produces_2 to None, run_after=None
[2025-04-04T08:40:47.430+0000] {processor.py:183} INFO - Processing /home/airflow/.local/lib/python3.8/site-packages/airflow/example_dags/example_datasets.py took 0.135 seconds
[2025-04-04T08:43:02.324+0000] {processor.py:161} INFO - Started process (PID=238) to work on /home/airflow/.local/lib/python3.8/site-packages/airflow/example_dags/example_datasets.py
[2025-04-04T08:43:02.326+0000] {processor.py:830} INFO - Processing file /home/airflow/.local/lib/python3.8/site-packages/airflow/example_dags/example_datasets.py for tasks to queue
[2025-04-04T08:43:02.327+0000] {logging_mixin.py:188} INFO - [2025-04-04T08:43:02.327+0000] {dagbag.py:538} INFO - Filling up the DagBag from /home/airflow/.local/lib/python3.8/site-packages/airflow/example_dags/example_datasets.py
[2025-04-04T08:43:02.341+0000] {processor.py:840} INFO - DAG(s) 'dataset_produces_1', 'dataset_consumes_1_and_2', 'dataset_consumes_1_never_scheduled', 'dataset_consumes_unknown_never_scheduled', 'dataset_consumes_1', 'dataset_produces_2' retrieved from /home/airflow/.local/lib/python3.8/site-packages/airflow/example_dags/example_datasets.py
[2025-04-04T08:43:02.361+0000] {logging_mixin.py:188} INFO - [2025-04-04T08:43:02.361+0000] {dag.py:3036} INFO - Sync 6 DAGs
[2025-04-04T08:43:02.393+0000] {logging_mixin.py:188} INFO - [2025-04-04T08:43:02.393+0000] {dag.py:3823} INFO - Setting next_dagrun for dataset_consumes_1 to None, run_after=None
[2025-04-04T08:43:02.398+0000] {logging_mixin.py:188} INFO - [2025-04-04T08:43:02.398+0000] {dag.py:3823} INFO - Setting next_dagrun for dataset_consumes_1_and_2 to None, run_after=None
[2025-04-04T08:43:02.400+0000] {logging_mixin.py:188} INFO - [2025-04-04T08:43:02.400+0000] {dag.py:3823} INFO - Setting next_dagrun for dataset_consumes_1_never_scheduled to None, run_after=None
[2025-04-04T08:43:02.402+0000] {logging_mixin.py:188} INFO - [2025-04-04T08:43:02.401+0000] {dag.py:3823} INFO - Setting next_dagrun for dataset_consumes_unknown_never_scheduled to None, run_after=None
[2025-04-04T08:43:02.405+0000] {logging_mixin.py:188} INFO - [2025-04-04T08:43:02.405+0000] {dag.py:3823} INFO - Setting next_dagrun for dataset_produces_1 to 2025-04-03 00:00:00+00:00, run_after=2025-04-04 00:00:00+00:00
[2025-04-04T08:43:02.407+0000] {logging_mixin.py:188} INFO - [2025-04-04T08:43:02.407+0000] {dag.py:3823} INFO - Setting next_dagrun for dataset_produces_2 to None, run_after=None
[2025-04-04T08:43:02.446+0000] {processor.py:183} INFO - Processing /home/airflow/.local/lib/python3.8/site-packages/airflow/example_dags/example_datasets.py took 0.126 seconds
[2025-04-04T08:43:33.386+0000] {processor.py:161} INFO - Started process (PID=485) to work on /home/airflow/.local/lib/python3.8/site-packages/airflow/example_dags/example_datasets.py
[2025-04-04T08:43:33.388+0000] {processor.py:830} INFO - Processing file /home/airflow/.local/lib/python3.8/site-packages/airflow/example_dags/example_datasets.py for tasks to queue
[2025-04-04T08:43:33.390+0000] {logging_mixin.py:188} INFO - [2025-04-04T08:43:33.389+0000] {dagbag.py:538} INFO - Filling up the DagBag from /home/airflow/.local/lib/python3.8/site-packages/airflow/example_dags/example_datasets.py
[2025-04-04T08:43:33.412+0000] {processor.py:840} INFO - DAG(s) 'dataset_produces_2', 'dataset_consumes_unknown_never_scheduled', 'dataset_consumes_1', 'dataset_produces_1', 'dataset_consumes_1_and_2', 'dataset_consumes_1_never_scheduled' retrieved from /home/airflow/.local/lib/python3.8/site-packages/airflow/example_dags/example_datasets.py
[2025-04-04T08:43:33.599+0000] {logging_mixin.py:188} INFO - [2025-04-04T08:43:33.599+0000] {dag.py:3036} INFO - Sync 6 DAGs
[2025-04-04T08:43:33.622+0000] {logging_mixin.py:188} INFO - [2025-04-04T08:43:33.622+0000] {dag.py:3823} INFO - Setting next_dagrun for dataset_consumes_1 to None, run_after=None
[2025-04-04T08:43:33.626+0000] {logging_mixin.py:188} INFO - [2025-04-04T08:43:33.626+0000] {dag.py:3823} INFO - Setting next_dagrun for dataset_consumes_1_and_2 to None, run_after=None
[2025-04-04T08:43:33.629+0000] {logging_mixin.py:188} INFO - [2025-04-04T08:43:33.628+0000] {dag.py:3823} INFO - Setting next_dagrun for dataset_consumes_1_never_scheduled to None, run_after=None
[2025-04-04T08:43:33.630+0000] {logging_mixin.py:188} INFO - [2025-04-04T08:43:33.630+0000] {dag.py:3823} INFO - Setting next_dagrun for dataset_consumes_unknown_never_scheduled to None, run_after=None
[2025-04-04T08:43:33.633+0000] {logging_mixin.py:188} INFO - [2025-04-04T08:43:33.633+0000] {dag.py:3823} INFO - Setting next_dagrun for dataset_produces_1 to 2025-04-03 00:00:00+00:00, run_after=2025-04-04 00:00:00+00:00
[2025-04-04T08:43:33.635+0000] {logging_mixin.py:188} INFO - [2025-04-04T08:43:33.635+0000] {dag.py:3823} INFO - Setting next_dagrun for dataset_produces_2 to None, run_after=None
[2025-04-04T08:43:33.669+0000] {processor.py:183} INFO - Processing /home/airflow/.local/lib/python3.8/site-packages/airflow/example_dags/example_datasets.py took 0.291 seconds
[2025-04-04T08:44:03.713+0000] {processor.py:161} INFO - Started process (PID=732) to work on /home/airflow/.local/lib/python3.8/site-packages/airflow/example_dags/example_datasets.py
[2025-04-04T08:44:03.714+0000] {processor.py:830} INFO - Processing file /home/airflow/.local/lib/python3.8/site-packages/airflow/example_dags/example_datasets.py for tasks to queue
[2025-04-04T08:44:03.715+0000] {logging_mixin.py:188} INFO - [2025-04-04T08:44:03.714+0000] {dagbag.py:538} INFO - Filling up the DagBag from /home/airflow/.local/lib/python3.8/site-packages/airflow/example_dags/example_datasets.py
[2025-04-04T08:44:03.724+0000] {processor.py:840} INFO - DAG(s) 'dataset_produces_1', 'dataset_consumes_unknown_never_scheduled', 'dataset_produces_2', 'dataset_consumes_1', 'dataset_consumes_1_never_scheduled', 'dataset_consumes_1_and_2' retrieved from /home/airflow/.local/lib/python3.8/site-packages/airflow/example_dags/example_datasets.py
[2025-04-04T08:44:03.767+0000] {logging_mixin.py:188} INFO - [2025-04-04T08:44:03.766+0000] {dag.py:3036} INFO - Sync 6 DAGs
[2025-04-04T08:44:03.790+0000] {logging_mixin.py:188} INFO - [2025-04-04T08:44:03.790+0000] {dag.py:3823} INFO - Setting next_dagrun for dataset_consumes_1 to None, run_after=None
[2025-04-04T08:44:03.794+0000] {logging_mixin.py:188} INFO - [2025-04-04T08:44:03.794+0000] {dag.py:3823} INFO - Setting next_dagrun for dataset_consumes_1_and_2 to None, run_after=None
[2025-04-04T08:44:03.797+0000] {logging_mixin.py:188} INFO - [2025-04-04T08:44:03.796+0000] {dag.py:3823} INFO - Setting next_dagrun for dataset_consumes_1_never_scheduled to None, run_after=None
[2025-04-04T08:44:03.799+0000] {logging_mixin.py:188} INFO - [2025-04-04T08:44:03.799+0000] {dag.py:3823} INFO - Setting next_dagrun for dataset_consumes_unknown_never_scheduled to None, run_after=None
[2025-04-04T08:44:03.802+0000] {logging_mixin.py:188} INFO - [2025-04-04T08:44:03.802+0000] {dag.py:3823} INFO - Setting next_dagrun for dataset_produces_1 to 2025-04-03 00:00:00+00:00, run_after=2025-04-04 00:00:00+00:00
[2025-04-04T08:44:03.804+0000] {logging_mixin.py:188} INFO - [2025-04-04T08:44:03.804+0000] {dag.py:3823} INFO - Setting next_dagrun for dataset_produces_2 to None, run_after=None
[2025-04-04T08:44:03.842+0000] {processor.py:183} INFO - Processing /home/airflow/.local/lib/python3.8/site-packages/airflow/example_dags/example_datasets.py took 0.134 seconds
[2025-04-04T08:44:33.990+0000] {processor.py:161} INFO - Started process (PID=979) to work on /home/airflow/.local/lib/python3.8/site-packages/airflow/example_dags/example_datasets.py
[2025-04-04T08:44:33.991+0000] {processor.py:830} INFO - Processing file /home/airflow/.local/lib/python3.8/site-packages/airflow/example_dags/example_datasets.py for tasks to queue
[2025-04-04T08:44:33.993+0000] {logging_mixin.py:188} INFO - [2025-04-04T08:44:33.992+0000] {dagbag.py:538} INFO - Filling up the DagBag from /home/airflow/.local/lib/python3.8/site-packages/airflow/example_dags/example_datasets.py
[2025-04-04T08:44:34.004+0000] {processor.py:840} INFO - DAG(s) 'dataset_consumes_unknown_never_scheduled', 'dataset_produces_1', 'dataset_consumes_1_never_scheduled', 'dataset_produces_2', 'dataset_consumes_1_and_2', 'dataset_consumes_1' retrieved from /home/airflow/.local/lib/python3.8/site-packages/airflow/example_dags/example_datasets.py
[2025-04-04T08:44:34.079+0000] {logging_mixin.py:188} INFO - [2025-04-04T08:44:34.078+0000] {dag.py:3036} INFO - Sync 6 DAGs
[2025-04-04T08:44:34.127+0000] {logging_mixin.py:188} INFO - [2025-04-04T08:44:34.127+0000] {dag.py:3823} INFO - Setting next_dagrun for dataset_consumes_1 to None, run_after=None
[2025-04-04T08:44:34.134+0000] {logging_mixin.py:188} INFO - [2025-04-04T08:44:34.133+0000] {dag.py:3823} INFO - Setting next_dagrun for dataset_consumes_1_and_2 to None, run_after=None
[2025-04-04T08:44:34.139+0000] {logging_mixin.py:188} INFO - [2025-04-04T08:44:34.139+0000] {dag.py:3823} INFO - Setting next_dagrun for dataset_consumes_1_never_scheduled to None, run_after=None
[2025-04-04T08:44:34.141+0000] {logging_mixin.py:188} INFO - [2025-04-04T08:44:34.141+0000] {dag.py:3823} INFO - Setting next_dagrun for dataset_consumes_unknown_never_scheduled to None, run_after=None
[2025-04-04T08:44:34.148+0000] {logging_mixin.py:188} INFO - [2025-04-04T08:44:34.147+0000] {dag.py:3823} INFO - Setting next_dagrun for dataset_produces_1 to 2025-04-03 00:00:00+00:00, run_after=2025-04-04 00:00:00+00:00
[2025-04-04T08:44:34.151+0000] {logging_mixin.py:188} INFO - [2025-04-04T08:44:34.150+0000] {dag.py:3823} INFO - Setting next_dagrun for dataset_produces_2 to None, run_after=None
[2025-04-04T08:44:34.216+0000] {processor.py:183} INFO - Processing /home/airflow/.local/lib/python3.8/site-packages/airflow/example_dags/example_datasets.py took 0.229 seconds
[2025-04-04T08:45:04.716+0000] {processor.py:161} INFO - Started process (PID=1226) to work on /home/airflow/.local/lib/python3.8/site-packages/airflow/example_dags/example_datasets.py
[2025-04-04T08:45:04.718+0000] {processor.py:830} INFO - Processing file /home/airflow/.local/lib/python3.8/site-packages/airflow/example_dags/example_datasets.py for tasks to queue
[2025-04-04T08:45:04.719+0000] {logging_mixin.py:188} INFO - [2025-04-04T08:45:04.718+0000] {dagbag.py:538} INFO - Filling up the DagBag from /home/airflow/.local/lib/python3.8/site-packages/airflow/example_dags/example_datasets.py
[2025-04-04T08:45:04.736+0000] {processor.py:840} INFO - DAG(s) 'dataset_consumes_unknown_never_scheduled', 'dataset_consumes_1_never_scheduled', 'dataset_consumes_1', 'dataset_produces_1', 'dataset_produces_2', 'dataset_consumes_1_and_2' retrieved from /home/airflow/.local/lib/python3.8/site-packages/airflow/example_dags/example_datasets.py
[2025-04-04T08:45:04.795+0000] {logging_mixin.py:188} INFO - [2025-04-04T08:45:04.795+0000] {dag.py:3036} INFO - Sync 6 DAGs
[2025-04-04T08:45:04.828+0000] {logging_mixin.py:188} INFO - [2025-04-04T08:45:04.828+0000] {dag.py:3823} INFO - Setting next_dagrun for dataset_consumes_1 to None, run_after=None
[2025-04-04T08:45:04.833+0000] {logging_mixin.py:188} INFO - [2025-04-04T08:45:04.833+0000] {dag.py:3823} INFO - Setting next_dagrun for dataset_consumes_1_and_2 to None, run_after=None
[2025-04-04T08:45:04.835+0000] {logging_mixin.py:188} INFO - [2025-04-04T08:45:04.835+0000] {dag.py:3823} INFO - Setting next_dagrun for dataset_consumes_1_never_scheduled to None, run_after=None
[2025-04-04T08:45:04.838+0000] {logging_mixin.py:188} INFO - [2025-04-04T08:45:04.837+0000] {dag.py:3823} INFO - Setting next_dagrun for dataset_consumes_unknown_never_scheduled to None, run_after=None
[2025-04-04T08:45:04.842+0000] {logging_mixin.py:188} INFO - [2025-04-04T08:45:04.842+0000] {dag.py:3823} INFO - Setting next_dagrun for dataset_produces_1 to 2025-04-03 00:00:00+00:00, run_after=2025-04-04 00:00:00+00:00
[2025-04-04T08:45:04.844+0000] {logging_mixin.py:188} INFO - [2025-04-04T08:45:04.844+0000] {dag.py:3823} INFO - Setting next_dagrun for dataset_produces_2 to None, run_after=None
[2025-04-04T08:45:04.895+0000] {processor.py:183} INFO - Processing /home/airflow/.local/lib/python3.8/site-packages/airflow/example_dags/example_datasets.py took 0.184 seconds
[2025-04-04T08:45:35.407+0000] {processor.py:161} INFO - Started process (PID=1473) to work on /home/airflow/.local/lib/python3.8/site-packages/airflow/example_dags/example_datasets.py
[2025-04-04T08:45:35.408+0000] {processor.py:830} INFO - Processing file /home/airflow/.local/lib/python3.8/site-packages/airflow/example_dags/example_datasets.py for tasks to queue
[2025-04-04T08:45:35.409+0000] {logging_mixin.py:188} INFO - [2025-04-04T08:45:35.409+0000] {dagbag.py:538} INFO - Filling up the DagBag from /home/airflow/.local/lib/python3.8/site-packages/airflow/example_dags/example_datasets.py
[2025-04-04T08:45:35.419+0000] {processor.py:840} INFO - DAG(s) 'dataset_consumes_1_never_scheduled', 'dataset_produces_2', 'dataset_consumes_1_and_2', 'dataset_produces_1', 'dataset_consumes_unknown_never_scheduled', 'dataset_consumes_1' retrieved from /home/airflow/.local/lib/python3.8/site-packages/airflow/example_dags/example_datasets.py
[2025-04-04T08:45:35.461+0000] {logging_mixin.py:188} INFO - [2025-04-04T08:45:35.460+0000] {dag.py:3036} INFO - Sync 6 DAGs
[2025-04-04T08:45:35.484+0000] {logging_mixin.py:188} INFO - [2025-04-04T08:45:35.484+0000] {dag.py:3823} INFO - Setting next_dagrun for dataset_consumes_1 to None, run_after=None
[2025-04-04T08:45:35.489+0000] {logging_mixin.py:188} INFO - [2025-04-04T08:45:35.488+0000] {dag.py:3823} INFO - Setting next_dagrun for dataset_consumes_1_and_2 to None, run_after=None
[2025-04-04T08:45:35.491+0000] {logging_mixin.py:188} INFO - [2025-04-04T08:45:35.491+0000] {dag.py:3823} INFO - Setting next_dagrun for dataset_consumes_1_never_scheduled to None, run_after=None
[2025-04-04T08:45:35.493+0000] {logging_mixin.py:188} INFO - [2025-04-04T08:45:35.493+0000] {dag.py:3823} INFO - Setting next_dagrun for dataset_consumes_unknown_never_scheduled to None, run_after=None
[2025-04-04T08:45:35.498+0000] {logging_mixin.py:188} INFO - [2025-04-04T08:45:35.497+0000] {dag.py:3823} INFO - Setting next_dagrun for dataset_produces_1 to 2025-04-03 00:00:00+00:00, run_after=2025-04-04 00:00:00+00:00
[2025-04-04T08:45:35.500+0000] {logging_mixin.py:188} INFO - [2025-04-04T08:45:35.500+0000] {dag.py:3823} INFO - Setting next_dagrun for dataset_produces_2 to None, run_after=None
[2025-04-04T08:45:35.537+0000] {processor.py:183} INFO - Processing /home/airflow/.local/lib/python3.8/site-packages/airflow/example_dags/example_datasets.py took 0.133 seconds
[2025-04-04T08:46:05.704+0000] {processor.py:161} INFO - Started process (PID=1720) to work on /home/airflow/.local/lib/python3.8/site-packages/airflow/example_dags/example_datasets.py
[2025-04-04T08:46:05.705+0000] {processor.py:830} INFO - Processing file /home/airflow/.local/lib/python3.8/site-packages/airflow/example_dags/example_datasets.py for tasks to queue
[2025-04-04T08:46:05.706+0000] {logging_mixin.py:188} INFO - [2025-04-04T08:46:05.706+0000] {dagbag.py:538} INFO - Filling up the DagBag from /home/airflow/.local/lib/python3.8/site-packages/airflow/example_dags/example_datasets.py
[2025-04-04T08:46:05.715+0000] {processor.py:840} INFO - DAG(s) 'dataset_consumes_1', 'dataset_consumes_unknown_never_scheduled', 'dataset_consumes_1_and_2', 'dataset_consumes_1_never_scheduled', 'dataset_produces_2', 'dataset_produces_1' retrieved from /home/airflow/.local/lib/python3.8/site-packages/airflow/example_dags/example_datasets.py
[2025-04-04T08:46:05.753+0000] {logging_mixin.py:188} INFO - [2025-04-04T08:46:05.753+0000] {dag.py:3036} INFO - Sync 6 DAGs
[2025-04-04T08:46:05.776+0000] {logging_mixin.py:188} INFO - [2025-04-04T08:46:05.776+0000] {dag.py:3823} INFO - Setting next_dagrun for dataset_consumes_1 to None, run_after=None
[2025-04-04T08:46:05.781+0000] {logging_mixin.py:188} INFO - [2025-04-04T08:46:05.781+0000] {dag.py:3823} INFO - Setting next_dagrun for dataset_consumes_1_and_2 to None, run_after=None
[2025-04-04T08:46:05.783+0000] {logging_mixin.py:188} INFO - [2025-04-04T08:46:05.783+0000] {dag.py:3823} INFO - Setting next_dagrun for dataset_consumes_1_never_scheduled to None, run_after=None
[2025-04-04T08:46:05.785+0000] {logging_mixin.py:188} INFO - [2025-04-04T08:46:05.785+0000] {dag.py:3823} INFO - Setting next_dagrun for dataset_consumes_unknown_never_scheduled to None, run_after=None
[2025-04-04T08:46:05.788+0000] {logging_mixin.py:188} INFO - [2025-04-04T08:46:05.788+0000] {dag.py:3823} INFO - Setting next_dagrun for dataset_produces_1 to 2025-04-03 00:00:00+00:00, run_after=2025-04-04 00:00:00+00:00
[2025-04-04T08:46:05.790+0000] {logging_mixin.py:188} INFO - [2025-04-04T08:46:05.790+0000] {dag.py:3823} INFO - Setting next_dagrun for dataset_produces_2 to None, run_after=None
[2025-04-04T08:46:05.827+0000] {processor.py:183} INFO - Processing /home/airflow/.local/lib/python3.8/site-packages/airflow/example_dags/example_datasets.py took 0.127 seconds
[2025-04-04T08:50:23.333+0000] {processor.py:161} INFO - Started process (PID=241) to work on /home/airflow/.local/lib/python3.8/site-packages/airflow/example_dags/example_datasets.py
[2025-04-04T08:50:23.335+0000] {processor.py:830} INFO - Processing file /home/airflow/.local/lib/python3.8/site-packages/airflow/example_dags/example_datasets.py for tasks to queue
[2025-04-04T08:50:23.336+0000] {logging_mixin.py:188} INFO - [2025-04-04T08:50:23.335+0000] {dagbag.py:538} INFO - Filling up the DagBag from /home/airflow/.local/lib/python3.8/site-packages/airflow/example_dags/example_datasets.py
[2025-04-04T08:50:23.350+0000] {processor.py:840} INFO - DAG(s) 'dataset_produces_1', 'dataset_consumes_1', 'dataset_consumes_unknown_never_scheduled', 'dataset_consumes_1_never_scheduled', 'dataset_produces_2', 'dataset_consumes_1_and_2' retrieved from /home/airflow/.local/lib/python3.8/site-packages/airflow/example_dags/example_datasets.py
[2025-04-04T08:50:23.370+0000] {logging_mixin.py:188} INFO - [2025-04-04T08:50:23.370+0000] {dag.py:3036} INFO - Sync 6 DAGs
[2025-04-04T08:50:23.400+0000] {logging_mixin.py:188} INFO - [2025-04-04T08:50:23.400+0000] {dag.py:3823} INFO - Setting next_dagrun for dataset_consumes_1 to None, run_after=None
[2025-04-04T08:50:23.405+0000] {logging_mixin.py:188} INFO - [2025-04-04T08:50:23.405+0000] {dag.py:3823} INFO - Setting next_dagrun for dataset_consumes_1_and_2 to None, run_after=None
[2025-04-04T08:50:23.407+0000] {logging_mixin.py:188} INFO - [2025-04-04T08:50:23.407+0000] {dag.py:3823} INFO - Setting next_dagrun for dataset_consumes_1_never_scheduled to None, run_after=None
[2025-04-04T08:50:23.409+0000] {logging_mixin.py:188} INFO - [2025-04-04T08:50:23.409+0000] {dag.py:3823} INFO - Setting next_dagrun for dataset_consumes_unknown_never_scheduled to None, run_after=None
[2025-04-04T08:50:23.412+0000] {logging_mixin.py:188} INFO - [2025-04-04T08:50:23.412+0000] {dag.py:3823} INFO - Setting next_dagrun for dataset_produces_1 to 2025-04-03 00:00:00+00:00, run_after=2025-04-04 00:00:00+00:00
[2025-04-04T08:50:23.414+0000] {logging_mixin.py:188} INFO - [2025-04-04T08:50:23.414+0000] {dag.py:3823} INFO - Setting next_dagrun for dataset_produces_2 to None, run_after=None
[2025-04-04T08:50:23.455+0000] {processor.py:183} INFO - Processing /home/airflow/.local/lib/python3.8/site-packages/airflow/example_dags/example_datasets.py took 0.126 seconds
[2025-04-04T08:50:53.944+0000] {processor.py:161} INFO - Started process (PID=486) to work on /home/airflow/.local/lib/python3.8/site-packages/airflow/example_dags/example_datasets.py
[2025-04-04T08:50:53.946+0000] {processor.py:830} INFO - Processing file /home/airflow/.local/lib/python3.8/site-packages/airflow/example_dags/example_datasets.py for tasks to queue
[2025-04-04T08:50:53.948+0000] {logging_mixin.py:188} INFO - [2025-04-04T08:50:53.947+0000] {dagbag.py:538} INFO - Filling up the DagBag from /home/airflow/.local/lib/python3.8/site-packages/airflow/example_dags/example_datasets.py
[2025-04-04T08:50:53.957+0000] {processor.py:840} INFO - DAG(s) 'dataset_consumes_1_and_2', 'dataset_produces_1', 'dataset_consumes_1_never_scheduled', 'dataset_produces_2', 'dataset_consumes_1', 'dataset_consumes_unknown_never_scheduled' retrieved from /home/airflow/.local/lib/python3.8/site-packages/airflow/example_dags/example_datasets.py
[2025-04-04T08:50:54.187+0000] {logging_mixin.py:188} INFO - [2025-04-04T08:50:54.187+0000] {dag.py:3036} INFO - Sync 6 DAGs
[2025-04-04T08:50:54.213+0000] {logging_mixin.py:188} INFO - [2025-04-04T08:50:54.213+0000] {dag.py:3823} INFO - Setting next_dagrun for dataset_consumes_1 to None, run_after=None
[2025-04-04T08:50:54.217+0000] {logging_mixin.py:188} INFO - [2025-04-04T08:50:54.217+0000] {dag.py:3823} INFO - Setting next_dagrun for dataset_consumes_1_and_2 to None, run_after=None
[2025-04-04T08:50:54.219+0000] {logging_mixin.py:188} INFO - [2025-04-04T08:50:54.219+0000] {dag.py:3823} INFO - Setting next_dagrun for dataset_consumes_1_never_scheduled to None, run_after=None
[2025-04-04T08:50:54.221+0000] {logging_mixin.py:188} INFO - [2025-04-04T08:50:54.221+0000] {dag.py:3823} INFO - Setting next_dagrun for dataset_consumes_unknown_never_scheduled to None, run_after=None
[2025-04-04T08:50:54.224+0000] {logging_mixin.py:188} INFO - [2025-04-04T08:50:54.224+0000] {dag.py:3823} INFO - Setting next_dagrun for dataset_produces_1 to 2025-04-03 00:00:00+00:00, run_after=2025-04-04 00:00:00+00:00
[2025-04-04T08:50:54.226+0000] {logging_mixin.py:188} INFO - [2025-04-04T08:50:54.225+0000] {dag.py:3823} INFO - Setting next_dagrun for dataset_produces_2 to None, run_after=None
[2025-04-04T08:50:54.271+0000] {processor.py:183} INFO - Processing /home/airflow/.local/lib/python3.8/site-packages/airflow/example_dags/example_datasets.py took 0.330 seconds
[2025-04-04T08:51:24.718+0000] {processor.py:161} INFO - Started process (PID=741) to work on /home/airflow/.local/lib/python3.8/site-packages/airflow/example_dags/example_datasets.py
[2025-04-04T08:51:24.719+0000] {processor.py:830} INFO - Processing file /home/airflow/.local/lib/python3.8/site-packages/airflow/example_dags/example_datasets.py for tasks to queue
[2025-04-04T08:51:24.720+0000] {logging_mixin.py:188} INFO - [2025-04-04T08:51:24.720+0000] {dagbag.py:538} INFO - Filling up the DagBag from /home/airflow/.local/lib/python3.8/site-packages/airflow/example_dags/example_datasets.py
[2025-04-04T08:51:24.728+0000] {processor.py:840} INFO - DAG(s) 'dataset_produces_1', 'dataset_consumes_1_never_scheduled', 'dataset_consumes_1', 'dataset_produces_2', 'dataset_consumes_unknown_never_scheduled', 'dataset_consumes_1_and_2' retrieved from /home/airflow/.local/lib/python3.8/site-packages/airflow/example_dags/example_datasets.py
[2025-04-04T08:51:24.764+0000] {logging_mixin.py:188} INFO - [2025-04-04T08:51:24.764+0000] {dag.py:3036} INFO - Sync 6 DAGs
[2025-04-04T08:51:24.786+0000] {logging_mixin.py:188} INFO - [2025-04-04T08:51:24.786+0000] {dag.py:3823} INFO - Setting next_dagrun for dataset_consumes_1 to None, run_after=None
[2025-04-04T08:51:24.791+0000] {logging_mixin.py:188} INFO - [2025-04-04T08:51:24.790+0000] {dag.py:3823} INFO - Setting next_dagrun for dataset_consumes_1_and_2 to None, run_after=None
[2025-04-04T08:51:24.793+0000] {logging_mixin.py:188} INFO - [2025-04-04T08:51:24.792+0000] {dag.py:3823} INFO - Setting next_dagrun for dataset_consumes_1_never_scheduled to None, run_after=None
[2025-04-04T08:51:24.795+0000] {logging_mixin.py:188} INFO - [2025-04-04T08:51:24.795+0000] {dag.py:3823} INFO - Setting next_dagrun for dataset_consumes_unknown_never_scheduled to None, run_after=None
[2025-04-04T08:51:24.800+0000] {logging_mixin.py:188} INFO - [2025-04-04T08:51:24.799+0000] {dag.py:3823} INFO - Setting next_dagrun for dataset_produces_1 to 2025-04-03 00:00:00+00:00, run_after=2025-04-04 00:00:00+00:00
[2025-04-04T08:51:24.802+0000] {logging_mixin.py:188} INFO - [2025-04-04T08:51:24.802+0000] {dag.py:3823} INFO - Setting next_dagrun for dataset_produces_2 to None, run_after=None
[2025-04-04T08:51:24.840+0000] {processor.py:183} INFO - Processing /home/airflow/.local/lib/python3.8/site-packages/airflow/example_dags/example_datasets.py took 0.124 seconds
[2025-04-04T08:51:55.731+0000] {processor.py:161} INFO - Started process (PID=986) to work on /home/airflow/.local/lib/python3.8/site-packages/airflow/example_dags/example_datasets.py
[2025-04-04T08:51:55.764+0000] {processor.py:830} INFO - Processing file /home/airflow/.local/lib/python3.8/site-packages/airflow/example_dags/example_datasets.py for tasks to queue
[2025-04-04T08:51:55.765+0000] {logging_mixin.py:188} INFO - [2025-04-04T08:51:55.765+0000] {dagbag.py:538} INFO - Filling up the DagBag from /home/airflow/.local/lib/python3.8/site-packages/airflow/example_dags/example_datasets.py
[2025-04-04T08:51:55.774+0000] {processor.py:840} INFO - DAG(s) 'dataset_consumes_1_never_scheduled', 'dataset_consumes_unknown_never_scheduled', 'dataset_consumes_1', 'dataset_produces_2', 'dataset_consumes_1_and_2', 'dataset_produces_1' retrieved from /home/airflow/.local/lib/python3.8/site-packages/airflow/example_dags/example_datasets.py
[2025-04-04T08:51:55.810+0000] {logging_mixin.py:188} INFO - [2025-04-04T08:51:55.810+0000] {dag.py:3036} INFO - Sync 6 DAGs
[2025-04-04T08:51:55.836+0000] {logging_mixin.py:188} INFO - [2025-04-04T08:51:55.835+0000] {dag.py:3823} INFO - Setting next_dagrun for dataset_consumes_1 to None, run_after=None
[2025-04-04T08:51:55.842+0000] {logging_mixin.py:188} INFO - [2025-04-04T08:51:55.842+0000] {dag.py:3823} INFO - Setting next_dagrun for dataset_consumes_1_and_2 to None, run_after=None
[2025-04-04T08:51:55.844+0000] {logging_mixin.py:188} INFO - [2025-04-04T08:51:55.844+0000] {dag.py:3823} INFO - Setting next_dagrun for dataset_consumes_1_never_scheduled to None, run_after=None
[2025-04-04T08:51:55.846+0000] {logging_mixin.py:188} INFO - [2025-04-04T08:51:55.846+0000] {dag.py:3823} INFO - Setting next_dagrun for dataset_consumes_unknown_never_scheduled to None, run_after=None
[2025-04-04T08:51:55.850+0000] {logging_mixin.py:188} INFO - [2025-04-04T08:51:55.850+0000] {dag.py:3823} INFO - Setting next_dagrun for dataset_produces_1 to 2025-04-03 00:00:00+00:00, run_after=2025-04-04 00:00:00+00:00
[2025-04-04T08:51:55.852+0000] {logging_mixin.py:188} INFO - [2025-04-04T08:51:55.852+0000] {dag.py:3823} INFO - Setting next_dagrun for dataset_produces_2 to None, run_after=None
[2025-04-04T08:51:55.965+0000] {processor.py:183} INFO - Processing /home/airflow/.local/lib/python3.8/site-packages/airflow/example_dags/example_datasets.py took 0.237 seconds
[2025-04-04T08:52:26.500+0000] {processor.py:161} INFO - Started process (PID=1233) to work on /home/airflow/.local/lib/python3.8/site-packages/airflow/example_dags/example_datasets.py
[2025-04-04T08:52:26.501+0000] {processor.py:830} INFO - Processing file /home/airflow/.local/lib/python3.8/site-packages/airflow/example_dags/example_datasets.py for tasks to queue
[2025-04-04T08:52:26.503+0000] {logging_mixin.py:188} INFO - [2025-04-04T08:52:26.502+0000] {dagbag.py:538} INFO - Filling up the DagBag from /home/airflow/.local/lib/python3.8/site-packages/airflow/example_dags/example_datasets.py
[2025-04-04T08:52:26.511+0000] {processor.py:840} INFO - DAG(s) 'dataset_consumes_unknown_never_scheduled', 'dataset_produces_1', 'dataset_consumes_1', 'dataset_produces_2', 'dataset_consumes_1_and_2', 'dataset_consumes_1_never_scheduled' retrieved from /home/airflow/.local/lib/python3.8/site-packages/airflow/example_dags/example_datasets.py
[2025-04-04T08:52:26.551+0000] {logging_mixin.py:188} INFO - [2025-04-04T08:52:26.551+0000] {dag.py:3036} INFO - Sync 6 DAGs
[2025-04-04T08:52:26.573+0000] {logging_mixin.py:188} INFO - [2025-04-04T08:52:26.572+0000] {dag.py:3823} INFO - Setting next_dagrun for dataset_consumes_1 to None, run_after=None
[2025-04-04T08:52:26.576+0000] {logging_mixin.py:188} INFO - [2025-04-04T08:52:26.576+0000] {dag.py:3823} INFO - Setting next_dagrun for dataset_consumes_1_and_2 to None, run_after=None
[2025-04-04T08:52:26.578+0000] {logging_mixin.py:188} INFO - [2025-04-04T08:52:26.578+0000] {dag.py:3823} INFO - Setting next_dagrun for dataset_consumes_1_never_scheduled to None, run_after=None
[2025-04-04T08:52:26.581+0000] {logging_mixin.py:188} INFO - [2025-04-04T08:52:26.580+0000] {dag.py:3823} INFO - Setting next_dagrun for dataset_consumes_unknown_never_scheduled to None, run_after=None
[2025-04-04T08:52:26.584+0000] {logging_mixin.py:188} INFO - [2025-04-04T08:52:26.584+0000] {dag.py:3823} INFO - Setting next_dagrun for dataset_produces_1 to 2025-04-03 00:00:00+00:00, run_after=2025-04-04 00:00:00+00:00
[2025-04-04T08:52:26.586+0000] {logging_mixin.py:188} INFO - [2025-04-04T08:52:26.586+0000] {dag.py:3823} INFO - Setting next_dagrun for dataset_produces_2 to None, run_after=None
[2025-04-04T08:52:26.620+0000] {processor.py:183} INFO - Processing /home/airflow/.local/lib/python3.8/site-packages/airflow/example_dags/example_datasets.py took 0.123 seconds
[2025-04-04T08:52:57.281+0000] {processor.py:161} INFO - Started process (PID=1480) to work on /home/airflow/.local/lib/python3.8/site-packages/airflow/example_dags/example_datasets.py
[2025-04-04T08:52:57.282+0000] {processor.py:830} INFO - Processing file /home/airflow/.local/lib/python3.8/site-packages/airflow/example_dags/example_datasets.py for tasks to queue
[2025-04-04T08:52:57.283+0000] {logging_mixin.py:188} INFO - [2025-04-04T08:52:57.283+0000] {dagbag.py:538} INFO - Filling up the DagBag from /home/airflow/.local/lib/python3.8/site-packages/airflow/example_dags/example_datasets.py
[2025-04-04T08:52:57.292+0000] {processor.py:840} INFO - DAG(s) 'dataset_produces_1', 'dataset_consumes_1_never_scheduled', 'dataset_produces_2', 'dataset_consumes_1_and_2', 'dataset_consumes_1', 'dataset_consumes_unknown_never_scheduled' retrieved from /home/airflow/.local/lib/python3.8/site-packages/airflow/example_dags/example_datasets.py
[2025-04-04T08:52:57.332+0000] {logging_mixin.py:188} INFO - [2025-04-04T08:52:57.332+0000] {dag.py:3036} INFO - Sync 6 DAGs
[2025-04-04T08:52:57.358+0000] {logging_mixin.py:188} INFO - [2025-04-04T08:52:57.358+0000] {dag.py:3823} INFO - Setting next_dagrun for dataset_consumes_1 to None, run_after=None
[2025-04-04T08:52:57.364+0000] {logging_mixin.py:188} INFO - [2025-04-04T08:52:57.364+0000] {dag.py:3823} INFO - Setting next_dagrun for dataset_consumes_1_and_2 to None, run_after=None
[2025-04-04T08:52:57.367+0000] {logging_mixin.py:188} INFO - [2025-04-04T08:52:57.366+0000] {dag.py:3823} INFO - Setting next_dagrun for dataset_consumes_1_never_scheduled to None, run_after=None
[2025-04-04T08:52:57.369+0000] {logging_mixin.py:188} INFO - [2025-04-04T08:52:57.368+0000] {dag.py:3823} INFO - Setting next_dagrun for dataset_consumes_unknown_never_scheduled to None, run_after=None
[2025-04-04T08:52:57.373+0000] {logging_mixin.py:188} INFO - [2025-04-04T08:52:57.373+0000] {dag.py:3823} INFO - Setting next_dagrun for dataset_produces_1 to 2025-04-03 00:00:00+00:00, run_after=2025-04-04 00:00:00+00:00
[2025-04-04T08:52:57.376+0000] {logging_mixin.py:188} INFO - [2025-04-04T08:52:57.375+0000] {dag.py:3823} INFO - Setting next_dagrun for dataset_produces_2 to None, run_after=None
[2025-04-04T08:52:57.422+0000] {processor.py:183} INFO - Processing /home/airflow/.local/lib/python3.8/site-packages/airflow/example_dags/example_datasets.py took 0.144 seconds
[2025-04-04T08:53:27.594+0000] {processor.py:161} INFO - Started process (PID=1727) to work on /home/airflow/.local/lib/python3.8/site-packages/airflow/example_dags/example_datasets.py
[2025-04-04T08:53:27.595+0000] {processor.py:830} INFO - Processing file /home/airflow/.local/lib/python3.8/site-packages/airflow/example_dags/example_datasets.py for tasks to queue
[2025-04-04T08:53:27.596+0000] {logging_mixin.py:188} INFO - [2025-04-04T08:53:27.596+0000] {dagbag.py:538} INFO - Filling up the DagBag from /home/airflow/.local/lib/python3.8/site-packages/airflow/example_dags/example_datasets.py
[2025-04-04T08:53:27.605+0000] {processor.py:840} INFO - DAG(s) 'dataset_produces_1', 'dataset_consumes_1_never_scheduled', 'dataset_consumes_1_and_2', 'dataset_consumes_unknown_never_scheduled', 'dataset_consumes_1', 'dataset_produces_2' retrieved from /home/airflow/.local/lib/python3.8/site-packages/airflow/example_dags/example_datasets.py
[2025-04-04T08:53:27.643+0000] {logging_mixin.py:188} INFO - [2025-04-04T08:53:27.643+0000] {dag.py:3036} INFO - Sync 6 DAGs
[2025-04-04T08:53:27.666+0000] {logging_mixin.py:188} INFO - [2025-04-04T08:53:27.666+0000] {dag.py:3823} INFO - Setting next_dagrun for dataset_consumes_1 to None, run_after=None
[2025-04-04T08:53:27.670+0000] {logging_mixin.py:188} INFO - [2025-04-04T08:53:27.670+0000] {dag.py:3823} INFO - Setting next_dagrun for dataset_consumes_1_and_2 to None, run_after=None
[2025-04-04T08:53:27.672+0000] {logging_mixin.py:188} INFO - [2025-04-04T08:53:27.671+0000] {dag.py:3823} INFO - Setting next_dagrun for dataset_consumes_1_never_scheduled to None, run_after=None
[2025-04-04T08:53:27.674+0000] {logging_mixin.py:188} INFO - [2025-04-04T08:53:27.673+0000] {dag.py:3823} INFO - Setting next_dagrun for dataset_consumes_unknown_never_scheduled to None, run_after=None
[2025-04-04T08:53:27.676+0000] {logging_mixin.py:188} INFO - [2025-04-04T08:53:27.676+0000] {dag.py:3823} INFO - Setting next_dagrun for dataset_produces_1 to 2025-04-03 00:00:00+00:00, run_after=2025-04-04 00:00:00+00:00
[2025-04-04T08:53:27.679+0000] {logging_mixin.py:188} INFO - [2025-04-04T08:53:27.678+0000] {dag.py:3823} INFO - Setting next_dagrun for dataset_produces_2 to None, run_after=None
[2025-04-04T08:53:27.713+0000] {processor.py:183} INFO - Processing /home/airflow/.local/lib/python3.8/site-packages/airflow/example_dags/example_datasets.py took 0.122 seconds
[2025-04-04T08:53:57.957+0000] {processor.py:161} INFO - Started process (PID=1974) to work on /home/airflow/.local/lib/python3.8/site-packages/airflow/example_dags/example_datasets.py
[2025-04-04T08:53:57.959+0000] {processor.py:830} INFO - Processing file /home/airflow/.local/lib/python3.8/site-packages/airflow/example_dags/example_datasets.py for tasks to queue
[2025-04-04T08:53:57.960+0000] {logging_mixin.py:188} INFO - [2025-04-04T08:53:57.960+0000] {dagbag.py:538} INFO - Filling up the DagBag from /home/airflow/.local/lib/python3.8/site-packages/airflow/example_dags/example_datasets.py
[2025-04-04T08:53:57.970+0000] {processor.py:840} INFO - DAG(s) 'dataset_consumes_1_and_2', 'dataset_produces_1', 'dataset_consumes_unknown_never_scheduled', 'dataset_produces_2', 'dataset_consumes_1_never_scheduled', 'dataset_consumes_1' retrieved from /home/airflow/.local/lib/python3.8/site-packages/airflow/example_dags/example_datasets.py
[2025-04-04T08:53:58.011+0000] {logging_mixin.py:188} INFO - [2025-04-04T08:53:58.010+0000] {dag.py:3036} INFO - Sync 6 DAGs
[2025-04-04T08:53:58.033+0000] {logging_mixin.py:188} INFO - [2025-04-04T08:53:58.033+0000] {dag.py:3823} INFO - Setting next_dagrun for dataset_consumes_1 to None, run_after=None
[2025-04-04T08:53:58.037+0000] {logging_mixin.py:188} INFO - [2025-04-04T08:53:58.037+0000] {dag.py:3823} INFO - Setting next_dagrun for dataset_consumes_1_and_2 to None, run_after=None
[2025-04-04T08:53:58.039+0000] {logging_mixin.py:188} INFO - [2025-04-04T08:53:58.039+0000] {dag.py:3823} INFO - Setting next_dagrun for dataset_consumes_1_never_scheduled to None, run_after=None
[2025-04-04T08:53:58.041+0000] {logging_mixin.py:188} INFO - [2025-04-04T08:53:58.041+0000] {dag.py:3823} INFO - Setting next_dagrun for dataset_consumes_unknown_never_scheduled to None, run_after=None
[2025-04-04T08:53:58.044+0000] {logging_mixin.py:188} INFO - [2025-04-04T08:53:58.044+0000] {dag.py:3823} INFO - Setting next_dagrun for dataset_produces_1 to 2025-04-03 00:00:00+00:00, run_after=2025-04-04 00:00:00+00:00
[2025-04-04T08:53:58.046+0000] {logging_mixin.py:188} INFO - [2025-04-04T08:53:58.046+0000] {dag.py:3823} INFO - Setting next_dagrun for dataset_produces_2 to None, run_after=None
[2025-04-04T08:53:58.081+0000] {processor.py:183} INFO - Processing /home/airflow/.local/lib/python3.8/site-packages/airflow/example_dags/example_datasets.py took 0.127 seconds
[2025-04-04T08:54:30.572+0000] {processor.py:161} INFO - Started process (PID=2223) to work on /home/airflow/.local/lib/python3.8/site-packages/airflow/example_dags/example_datasets.py
[2025-04-04T08:54:30.574+0000] {processor.py:830} INFO - Processing file /home/airflow/.local/lib/python3.8/site-packages/airflow/example_dags/example_datasets.py for tasks to queue
[2025-04-04T08:54:30.577+0000] {logging_mixin.py:188} INFO - [2025-04-04T08:54:30.576+0000] {dagbag.py:538} INFO - Filling up the DagBag from /home/airflow/.local/lib/python3.8/site-packages/airflow/example_dags/example_datasets.py
[2025-04-04T08:54:30.623+0000] {processor.py:840} INFO - DAG(s) 'dataset_consumes_unknown_never_scheduled', 'dataset_consumes_1_and_2', 'dataset_consumes_1', 'dataset_produces_2', 'dataset_produces_1', 'dataset_consumes_1_never_scheduled' retrieved from /home/airflow/.local/lib/python3.8/site-packages/airflow/example_dags/example_datasets.py
[2025-04-04T08:54:30.779+0000] {logging_mixin.py:188} INFO - [2025-04-04T08:54:30.779+0000] {dag.py:3036} INFO - Sync 6 DAGs
[2025-04-04T08:54:30.872+0000] {logging_mixin.py:188} INFO - [2025-04-04T08:54:30.868+0000] {dag.py:3823} INFO - Setting next_dagrun for dataset_consumes_1 to None, run_after=None
[2025-04-04T08:54:30.904+0000] {logging_mixin.py:188} INFO - [2025-04-04T08:54:30.903+0000] {dag.py:3823} INFO - Setting next_dagrun for dataset_consumes_1_and_2 to None, run_after=None
[2025-04-04T08:54:30.907+0000] {logging_mixin.py:188} INFO - [2025-04-04T08:54:30.906+0000] {dag.py:3823} INFO - Setting next_dagrun for dataset_consumes_1_never_scheduled to None, run_after=None
[2025-04-04T08:54:30.910+0000] {logging_mixin.py:188} INFO - [2025-04-04T08:54:30.909+0000] {dag.py:3823} INFO - Setting next_dagrun for dataset_consumes_unknown_never_scheduled to None, run_after=None
[2025-04-04T08:54:30.915+0000] {logging_mixin.py:188} INFO - [2025-04-04T08:54:30.915+0000] {dag.py:3823} INFO - Setting next_dagrun for dataset_produces_1 to 2025-04-03 00:00:00+00:00, run_after=2025-04-04 00:00:00+00:00
[2025-04-04T08:54:30.919+0000] {logging_mixin.py:188} INFO - [2025-04-04T08:54:30.919+0000] {dag.py:3823} INFO - Setting next_dagrun for dataset_produces_2 to None, run_after=None
[2025-04-04T08:54:30.994+0000] {processor.py:183} INFO - Processing /home/airflow/.local/lib/python3.8/site-packages/airflow/example_dags/example_datasets.py took 0.429 seconds
[2025-04-04T08:55:01.303+0000] {processor.py:161} INFO - Started process (PID=2468) to work on /home/airflow/.local/lib/python3.8/site-packages/airflow/example_dags/example_datasets.py
[2025-04-04T08:55:01.305+0000] {processor.py:830} INFO - Processing file /home/airflow/.local/lib/python3.8/site-packages/airflow/example_dags/example_datasets.py for tasks to queue
[2025-04-04T08:55:01.306+0000] {logging_mixin.py:188} INFO - [2025-04-04T08:55:01.306+0000] {dagbag.py:538} INFO - Filling up the DagBag from /home/airflow/.local/lib/python3.8/site-packages/airflow/example_dags/example_datasets.py
[2025-04-04T08:55:01.316+0000] {processor.py:840} INFO - DAG(s) 'dataset_consumes_unknown_never_scheduled', 'dataset_produces_1', 'dataset_produces_2', 'dataset_consumes_1_never_scheduled', 'dataset_consumes_1', 'dataset_consumes_1_and_2' retrieved from /home/airflow/.local/lib/python3.8/site-packages/airflow/example_dags/example_datasets.py
[2025-04-04T08:55:01.354+0000] {logging_mixin.py:188} INFO - [2025-04-04T08:55:01.354+0000] {dag.py:3036} INFO - Sync 6 DAGs
[2025-04-04T08:55:01.382+0000] {logging_mixin.py:188} INFO - [2025-04-04T08:55:01.382+0000] {dag.py:3823} INFO - Setting next_dagrun for dataset_consumes_1 to None, run_after=None
[2025-04-04T08:55:01.388+0000] {logging_mixin.py:188} INFO - [2025-04-04T08:55:01.387+0000] {dag.py:3823} INFO - Setting next_dagrun for dataset_consumes_1_and_2 to None, run_after=None
[2025-04-04T08:55:01.391+0000] {logging_mixin.py:188} INFO - [2025-04-04T08:55:01.390+0000] {dag.py:3823} INFO - Setting next_dagrun for dataset_consumes_1_never_scheduled to None, run_after=None
[2025-04-04T08:55:01.393+0000] {logging_mixin.py:188} INFO - [2025-04-04T08:55:01.393+0000] {dag.py:3823} INFO - Setting next_dagrun for dataset_consumes_unknown_never_scheduled to None, run_after=None
[2025-04-04T08:55:01.398+0000] {logging_mixin.py:188} INFO - [2025-04-04T08:55:01.397+0000] {dag.py:3823} INFO - Setting next_dagrun for dataset_produces_1 to 2025-04-03 00:00:00+00:00, run_after=2025-04-04 00:00:00+00:00
[2025-04-04T08:55:01.400+0000] {logging_mixin.py:188} INFO - [2025-04-04T08:55:01.400+0000] {dag.py:3823} INFO - Setting next_dagrun for dataset_produces_2 to None, run_after=None
[2025-04-04T08:55:01.443+0000] {processor.py:183} INFO - Processing /home/airflow/.local/lib/python3.8/site-packages/airflow/example_dags/example_datasets.py took 0.144 seconds
[2025-04-04T08:55:32.066+0000] {processor.py:161} INFO - Started process (PID=2715) to work on /home/airflow/.local/lib/python3.8/site-packages/airflow/example_dags/example_datasets.py
[2025-04-04T08:55:32.067+0000] {processor.py:830} INFO - Processing file /home/airflow/.local/lib/python3.8/site-packages/airflow/example_dags/example_datasets.py for tasks to queue
[2025-04-04T08:55:32.068+0000] {logging_mixin.py:188} INFO - [2025-04-04T08:55:32.068+0000] {dagbag.py:538} INFO - Filling up the DagBag from /home/airflow/.local/lib/python3.8/site-packages/airflow/example_dags/example_datasets.py
[2025-04-04T08:55:32.077+0000] {processor.py:840} INFO - DAG(s) 'dataset_consumes_1_and_2', 'dataset_consumes_1_never_scheduled', 'dataset_consumes_1', 'dataset_produces_1', 'dataset_produces_2', 'dataset_consumes_unknown_never_scheduled' retrieved from /home/airflow/.local/lib/python3.8/site-packages/airflow/example_dags/example_datasets.py
[2025-04-04T08:55:32.112+0000] {logging_mixin.py:188} INFO - [2025-04-04T08:55:32.111+0000] {dag.py:3036} INFO - Sync 6 DAGs
[2025-04-04T08:55:32.134+0000] {logging_mixin.py:188} INFO - [2025-04-04T08:55:32.134+0000] {dag.py:3823} INFO - Setting next_dagrun for dataset_consumes_1 to None, run_after=None
[2025-04-04T08:55:32.138+0000] {logging_mixin.py:188} INFO - [2025-04-04T08:55:32.138+0000] {dag.py:3823} INFO - Setting next_dagrun for dataset_consumes_1_and_2 to None, run_after=None
[2025-04-04T08:55:32.140+0000] {logging_mixin.py:188} INFO - [2025-04-04T08:55:32.140+0000] {dag.py:3823} INFO - Setting next_dagrun for dataset_consumes_1_never_scheduled to None, run_after=None
[2025-04-04T08:55:32.143+0000] {logging_mixin.py:188} INFO - [2025-04-04T08:55:32.142+0000] {dag.py:3823} INFO - Setting next_dagrun for dataset_consumes_unknown_never_scheduled to None, run_after=None
[2025-04-04T08:55:32.147+0000] {logging_mixin.py:188} INFO - [2025-04-04T08:55:32.146+0000] {dag.py:3823} INFO - Setting next_dagrun for dataset_produces_1 to 2025-04-03 00:00:00+00:00, run_after=2025-04-04 00:00:00+00:00
[2025-04-04T08:55:32.149+0000] {logging_mixin.py:188} INFO - [2025-04-04T08:55:32.148+0000] {dag.py:3823} INFO - Setting next_dagrun for dataset_produces_2 to None, run_after=None
[2025-04-04T08:55:32.184+0000] {processor.py:183} INFO - Processing /home/airflow/.local/lib/python3.8/site-packages/airflow/example_dags/example_datasets.py took 0.121 seconds
[2025-04-04T08:56:02.379+0000] {processor.py:161} INFO - Started process (PID=2962) to work on /home/airflow/.local/lib/python3.8/site-packages/airflow/example_dags/example_datasets.py
[2025-04-04T08:56:02.380+0000] {processor.py:830} INFO - Processing file /home/airflow/.local/lib/python3.8/site-packages/airflow/example_dags/example_datasets.py for tasks to queue
[2025-04-04T08:56:02.381+0000] {logging_mixin.py:188} INFO - [2025-04-04T08:56:02.381+0000] {dagbag.py:538} INFO - Filling up the DagBag from /home/airflow/.local/lib/python3.8/site-packages/airflow/example_dags/example_datasets.py
[2025-04-04T08:56:02.391+0000] {processor.py:840} INFO - DAG(s) 'dataset_produces_2', 'dataset_consumes_1', 'dataset_produces_1', 'dataset_consumes_1_and_2', 'dataset_consumes_1_never_scheduled', 'dataset_consumes_unknown_never_scheduled' retrieved from /home/airflow/.local/lib/python3.8/site-packages/airflow/example_dags/example_datasets.py
[2025-04-04T08:56:02.430+0000] {logging_mixin.py:188} INFO - [2025-04-04T08:56:02.430+0000] {dag.py:3036} INFO - Sync 6 DAGs
[2025-04-04T08:56:02.455+0000] {logging_mixin.py:188} INFO - [2025-04-04T08:56:02.455+0000] {dag.py:3823} INFO - Setting next_dagrun for dataset_consumes_1 to None, run_after=None
[2025-04-04T08:56:02.459+0000] {logging_mixin.py:188} INFO - [2025-04-04T08:56:02.459+0000] {dag.py:3823} INFO - Setting next_dagrun for dataset_consumes_1_and_2 to None, run_after=None
[2025-04-04T08:56:02.462+0000] {logging_mixin.py:188} INFO - [2025-04-04T08:56:02.461+0000] {dag.py:3823} INFO - Setting next_dagrun for dataset_consumes_1_never_scheduled to None, run_after=None
[2025-04-04T08:56:02.464+0000] {logging_mixin.py:188} INFO - [2025-04-04T08:56:02.464+0000] {dag.py:3823} INFO - Setting next_dagrun for dataset_consumes_unknown_never_scheduled to None, run_after=None
[2025-04-04T08:56:02.469+0000] {logging_mixin.py:188} INFO - [2025-04-04T08:56:02.469+0000] {dag.py:3823} INFO - Setting next_dagrun for dataset_produces_1 to 2025-04-03 00:00:00+00:00, run_after=2025-04-04 00:00:00+00:00
[2025-04-04T08:56:02.477+0000] {logging_mixin.py:188} INFO - [2025-04-04T08:56:02.477+0000] {dag.py:3823} INFO - Setting next_dagrun for dataset_produces_2 to None, run_after=None
[2025-04-04T08:56:02.531+0000] {processor.py:183} INFO - Processing /home/airflow/.local/lib/python3.8/site-packages/airflow/example_dags/example_datasets.py took 0.154 seconds
[2025-04-04T09:14:11.321+0000] {processor.py:161} INFO - Started process (PID=265) to work on /home/airflow/.local/lib/python3.8/site-packages/airflow/example_dags/example_datasets.py
[2025-04-04T09:14:11.323+0000] {processor.py:830} INFO - Processing file /home/airflow/.local/lib/python3.8/site-packages/airflow/example_dags/example_datasets.py for tasks to queue
[2025-04-04T09:14:11.324+0000] {logging_mixin.py:188} INFO - [2025-04-04T09:14:11.324+0000] {dagbag.py:538} INFO - Filling up the DagBag from /home/airflow/.local/lib/python3.8/site-packages/airflow/example_dags/example_datasets.py
[2025-04-04T09:14:11.343+0000] {processor.py:840} INFO - DAG(s) 'dataset_consumes_unknown_never_scheduled', 'dataset_consumes_1', 'dataset_produces_2', 'dataset_consumes_1_never_scheduled', 'dataset_produces_1', 'dataset_consumes_1_and_2' retrieved from /home/airflow/.local/lib/python3.8/site-packages/airflow/example_dags/example_datasets.py
[2025-04-04T09:14:11.737+0000] {logging_mixin.py:188} INFO - [2025-04-04T09:14:11.737+0000] {dag.py:3036} INFO - Sync 6 DAGs
[2025-04-04T09:14:11.858+0000] {logging_mixin.py:188} INFO - [2025-04-04T09:14:11.858+0000] {dag.py:3823} INFO - Setting next_dagrun for dataset_consumes_1 to None, run_after=None
[2025-04-04T09:14:11.869+0000] {logging_mixin.py:188} INFO - [2025-04-04T09:14:11.868+0000] {dag.py:3823} INFO - Setting next_dagrun for dataset_consumes_1_and_2 to None, run_after=None
[2025-04-04T09:14:11.872+0000] {logging_mixin.py:188} INFO - [2025-04-04T09:14:11.872+0000] {dag.py:3823} INFO - Setting next_dagrun for dataset_consumes_1_never_scheduled to None, run_after=None
[2025-04-04T09:14:11.876+0000] {logging_mixin.py:188} INFO - [2025-04-04T09:14:11.875+0000] {dag.py:3823} INFO - Setting next_dagrun for dataset_consumes_unknown_never_scheduled to None, run_after=None
[2025-04-04T09:14:11.886+0000] {logging_mixin.py:188} INFO - [2025-04-04T09:14:11.885+0000] {dag.py:3823} INFO - Setting next_dagrun for dataset_produces_1 to 2025-04-03 00:00:00+00:00, run_after=2025-04-04 00:00:00+00:00
[2025-04-04T09:14:11.890+0000] {logging_mixin.py:188} INFO - [2025-04-04T09:14:11.890+0000] {dag.py:3823} INFO - Setting next_dagrun for dataset_produces_2 to None, run_after=None
[2025-04-04T09:14:11.994+0000] {processor.py:183} INFO - Processing /home/airflow/.local/lib/python3.8/site-packages/airflow/example_dags/example_datasets.py took 0.678 seconds
[2025-04-04T09:14:42.594+0000] {processor.py:161} INFO - Started process (PID=514) to work on /home/airflow/.local/lib/python3.8/site-packages/airflow/example_dags/example_datasets.py
[2025-04-04T09:14:42.595+0000] {processor.py:830} INFO - Processing file /home/airflow/.local/lib/python3.8/site-packages/airflow/example_dags/example_datasets.py for tasks to queue
[2025-04-04T09:14:42.594+0000] {logging_mixin.py:188} INFO - [2025-04-04T09:14:42.594+0000] {dagbag.py:538} INFO - Filling up the DagBag from /home/airflow/.local/lib/python3.8/site-packages/airflow/example_dags/example_datasets.py
[2025-04-04T09:14:42.636+0000] {processor.py:840} INFO - DAG(s) 'dataset_consumes_unknown_never_scheduled', 'dataset_consumes_1', 'dataset_consumes_1_and_2', 'dataset_consumes_1_never_scheduled', 'dataset_produces_2', 'dataset_produces_1' retrieved from /home/airflow/.local/lib/python3.8/site-packages/airflow/example_dags/example_datasets.py
[2025-04-04T09:14:42.692+0000] {logging_mixin.py:188} INFO - [2025-04-04T09:14:42.692+0000] {dag.py:3036} INFO - Sync 6 DAGs
[2025-04-04T09:14:42.724+0000] {logging_mixin.py:188} INFO - [2025-04-04T09:14:42.724+0000] {dag.py:3823} INFO - Setting next_dagrun for dataset_consumes_1 to None, run_after=None
[2025-04-04T09:14:42.730+0000] {logging_mixin.py:188} INFO - [2025-04-04T09:14:42.730+0000] {dag.py:3823} INFO - Setting next_dagrun for dataset_consumes_1_and_2 to None, run_after=None
[2025-04-04T09:14:42.732+0000] {logging_mixin.py:188} INFO - [2025-04-04T09:14:42.732+0000] {dag.py:3823} INFO - Setting next_dagrun for dataset_consumes_1_never_scheduled to None, run_after=None
[2025-04-04T09:14:42.735+0000] {logging_mixin.py:188} INFO - [2025-04-04T09:14:42.734+0000] {dag.py:3823} INFO - Setting next_dagrun for dataset_consumes_unknown_never_scheduled to None, run_after=None
[2025-04-04T09:14:42.738+0000] {logging_mixin.py:188} INFO - [2025-04-04T09:14:42.738+0000] {dag.py:3823} INFO - Setting next_dagrun for dataset_produces_1 to 2025-04-03 00:00:00+00:00, run_after=2025-04-04 00:00:00+00:00
[2025-04-04T09:14:42.741+0000] {logging_mixin.py:188} INFO - [2025-04-04T09:14:42.741+0000] {dag.py:3823} INFO - Setting next_dagrun for dataset_produces_2 to None, run_after=None
[2025-04-04T09:14:42.778+0000] {processor.py:183} INFO - Processing /home/airflow/.local/lib/python3.8/site-packages/airflow/example_dags/example_datasets.py took 0.189 seconds
[2025-04-04T09:15:13.303+0000] {processor.py:161} INFO - Started process (PID=759) to work on /home/airflow/.local/lib/python3.8/site-packages/airflow/example_dags/example_datasets.py
[2025-04-04T09:15:13.304+0000] {processor.py:830} INFO - Processing file /home/airflow/.local/lib/python3.8/site-packages/airflow/example_dags/example_datasets.py for tasks to queue
[2025-04-04T09:15:13.305+0000] {logging_mixin.py:188} INFO - [2025-04-04T09:15:13.305+0000] {dagbag.py:538} INFO - Filling up the DagBag from /home/airflow/.local/lib/python3.8/site-packages/airflow/example_dags/example_datasets.py
[2025-04-04T09:15:13.351+0000] {processor.py:840} INFO - DAG(s) 'dataset_consumes_1', 'dataset_consumes_1_and_2', 'dataset_produces_1', 'dataset_consumes_1_never_scheduled', 'dataset_produces_2', 'dataset_consumes_unknown_never_scheduled' retrieved from /home/airflow/.local/lib/python3.8/site-packages/airflow/example_dags/example_datasets.py
[2025-04-04T09:15:13.487+0000] {logging_mixin.py:188} INFO - [2025-04-04T09:15:13.487+0000] {dag.py:3036} INFO - Sync 6 DAGs
[2025-04-04T09:15:15.904+0000] {logging_mixin.py:188} INFO - [2025-04-04T09:15:15.902+0000] {dag.py:3823} INFO - Setting next_dagrun for dataset_consumes_1 to None, run_after=None
[2025-04-04T09:15:15.913+0000] {logging_mixin.py:188} INFO - [2025-04-04T09:15:15.913+0000] {dag.py:3823} INFO - Setting next_dagrun for dataset_consumes_1_and_2 to None, run_after=None
[2025-04-04T09:15:15.917+0000] {logging_mixin.py:188} INFO - [2025-04-04T09:15:15.917+0000] {dag.py:3823} INFO - Setting next_dagrun for dataset_consumes_1_never_scheduled to None, run_after=None
[2025-04-04T09:15:15.920+0000] {logging_mixin.py:188} INFO - [2025-04-04T09:15:15.920+0000] {dag.py:3823} INFO - Setting next_dagrun for dataset_consumes_unknown_never_scheduled to None, run_after=None
[2025-04-04T09:15:15.931+0000] {logging_mixin.py:188} INFO - [2025-04-04T09:15:15.930+0000] {dag.py:3823} INFO - Setting next_dagrun for dataset_produces_1 to 2025-04-03 00:00:00+00:00, run_after=2025-04-04 00:00:00+00:00
[2025-04-04T09:15:15.936+0000] {logging_mixin.py:188} INFO - [2025-04-04T09:15:15.935+0000] {dag.py:3823} INFO - Setting next_dagrun for dataset_produces_2 to None, run_after=None
[2025-04-04T09:15:16.034+0000] {processor.py:183} INFO - Processing /home/airflow/.local/lib/python3.8/site-packages/airflow/example_dags/example_datasets.py took 2.735 seconds
[2025-04-04T09:15:46.108+0000] {processor.py:161} INFO - Started process (PID=1006) to work on /home/airflow/.local/lib/python3.8/site-packages/airflow/example_dags/example_datasets.py
[2025-04-04T09:15:46.109+0000] {processor.py:830} INFO - Processing file /home/airflow/.local/lib/python3.8/site-packages/airflow/example_dags/example_datasets.py for tasks to queue
[2025-04-04T09:15:46.110+0000] {logging_mixin.py:188} INFO - [2025-04-04T09:15:46.110+0000] {dagbag.py:538} INFO - Filling up the DagBag from /home/airflow/.local/lib/python3.8/site-packages/airflow/example_dags/example_datasets.py
[2025-04-04T09:15:46.120+0000] {processor.py:840} INFO - DAG(s) 'dataset_produces_1', 'dataset_consumes_1', 'dataset_consumes_unknown_never_scheduled', 'dataset_produces_2', 'dataset_consumes_1_never_scheduled', 'dataset_consumes_1_and_2' retrieved from /home/airflow/.local/lib/python3.8/site-packages/airflow/example_dags/example_datasets.py
[2025-04-04T09:15:46.170+0000] {logging_mixin.py:188} INFO - [2025-04-04T09:15:46.170+0000] {dag.py:3036} INFO - Sync 6 DAGs
[2025-04-04T09:15:46.212+0000] {logging_mixin.py:188} INFO - [2025-04-04T09:15:46.212+0000] {dag.py:3823} INFO - Setting next_dagrun for dataset_consumes_1 to None, run_after=None
[2025-04-04T09:15:46.219+0000] {logging_mixin.py:188} INFO - [2025-04-04T09:15:46.219+0000] {dag.py:3823} INFO - Setting next_dagrun for dataset_consumes_1_and_2 to None, run_after=None
[2025-04-04T09:15:46.222+0000] {logging_mixin.py:188} INFO - [2025-04-04T09:15:46.221+0000] {dag.py:3823} INFO - Setting next_dagrun for dataset_consumes_1_never_scheduled to None, run_after=None
[2025-04-04T09:15:46.225+0000] {logging_mixin.py:188} INFO - [2025-04-04T09:15:46.224+0000] {dag.py:3823} INFO - Setting next_dagrun for dataset_consumes_unknown_never_scheduled to None, run_after=None
[2025-04-04T09:15:46.231+0000] {logging_mixin.py:188} INFO - [2025-04-04T09:15:46.231+0000] {dag.py:3823} INFO - Setting next_dagrun for dataset_produces_1 to 2025-04-03 00:00:00+00:00, run_after=2025-04-04 00:00:00+00:00
[2025-04-04T09:15:46.234+0000] {logging_mixin.py:188} INFO - [2025-04-04T09:15:46.234+0000] {dag.py:3823} INFO - Setting next_dagrun for dataset_produces_2 to None, run_after=None
[2025-04-04T09:15:46.297+0000] {processor.py:183} INFO - Processing /home/airflow/.local/lib/python3.8/site-packages/airflow/example_dags/example_datasets.py took 0.192 seconds
