[2025-04-04T08:35:52.486+0000] {processor.py:161} INFO - Started process (PID=375) to work on /home/airflow/.local/lib/python3.8/site-packages/airflow/example_dags/tutorial_taskflow_api.py
[2025-04-04T08:35:52.488+0000] {processor.py:830} INFO - Processing file /home/airflow/.local/lib/python3.8/site-packages/airflow/example_dags/tutorial_taskflow_api.py for tasks to queue
[2025-04-04T08:35:52.490+0000] {logging_mixin.py:188} INFO - [2025-04-04T08:35:52.490+0000] {dagbag.py:538} INFO - Filling up the DagBag from /home/airflow/.local/lib/python3.8/site-packages/airflow/example_dags/tutorial_taskflow_api.py
[2025-04-04T08:35:52.504+0000] {processor.py:840} INFO - DAG(s) 'tutorial_taskflow_api' retrieved from /home/airflow/.local/lib/python3.8/site-packages/airflow/example_dags/tutorial_taskflow_api.py
[2025-04-04T08:35:52.680+0000] {logging_mixin.py:188} INFO - [2025-04-04T08:35:52.680+0000] {override.py:1769} INFO - Created Permission View: can edit on DAG:tutorial_taskflow_api
[2025-04-04T08:35:52.699+0000] {logging_mixin.py:188} INFO - [2025-04-04T08:35:52.699+0000] {override.py:1769} INFO - Created Permission View: can read on DAG:tutorial_taskflow_api
[2025-04-04T08:35:52.719+0000] {logging_mixin.py:188} INFO - [2025-04-04T08:35:52.718+0000] {override.py:1769} INFO - Created Permission View: can delete on DAG:tutorial_taskflow_api
[2025-04-04T08:35:52.721+0000] {logging_mixin.py:188} INFO - [2025-04-04T08:35:52.720+0000] {dag.py:3036} INFO - Sync 1 DAGs
[2025-04-04T08:35:52.739+0000] {logging_mixin.py:188} INFO - [2025-04-04T08:35:52.739+0000] {dag.py:3058} INFO - Creating ORM DAG for tutorial_taskflow_api
[2025-04-04T08:35:52.740+0000] {logging_mixin.py:188} INFO - [2025-04-04T08:35:52.740+0000] {dag.py:3823} INFO - Setting next_dagrun for tutorial_taskflow_api to None, run_after=None
[2025-04-04T08:35:52.771+0000] {processor.py:183} INFO - Processing /home/airflow/.local/lib/python3.8/site-packages/airflow/example_dags/tutorial_taskflow_api.py took 0.293 seconds
[2025-04-04T08:36:23.165+0000] {processor.py:161} INFO - Started process (PID=622) to work on /home/airflow/.local/lib/python3.8/site-packages/airflow/example_dags/tutorial_taskflow_api.py
[2025-04-04T08:36:23.166+0000] {processor.py:830} INFO - Processing file /home/airflow/.local/lib/python3.8/site-packages/airflow/example_dags/tutorial_taskflow_api.py for tasks to queue
[2025-04-04T08:36:23.167+0000] {logging_mixin.py:188} INFO - [2025-04-04T08:36:23.166+0000] {dagbag.py:538} INFO - Filling up the DagBag from /home/airflow/.local/lib/python3.8/site-packages/airflow/example_dags/tutorial_taskflow_api.py
[2025-04-04T08:36:23.173+0000] {processor.py:840} INFO - DAG(s) 'tutorial_taskflow_api' retrieved from /home/airflow/.local/lib/python3.8/site-packages/airflow/example_dags/tutorial_taskflow_api.py
[2025-04-04T08:36:23.195+0000] {logging_mixin.py:188} INFO - [2025-04-04T08:36:23.195+0000] {dag.py:3036} INFO - Sync 1 DAGs
[2025-04-04T08:36:23.208+0000] {logging_mixin.py:188} INFO - [2025-04-04T08:36:23.208+0000] {dag.py:3823} INFO - Setting next_dagrun for tutorial_taskflow_api to None, run_after=None
[2025-04-04T08:36:23.230+0000] {processor.py:183} INFO - Processing /home/airflow/.local/lib/python3.8/site-packages/airflow/example_dags/tutorial_taskflow_api.py took 0.069 seconds
[2025-04-04T08:36:53.438+0000] {processor.py:161} INFO - Started process (PID=869) to work on /home/airflow/.local/lib/python3.8/site-packages/airflow/example_dags/tutorial_taskflow_api.py
[2025-04-04T08:36:53.439+0000] {processor.py:830} INFO - Processing file /home/airflow/.local/lib/python3.8/site-packages/airflow/example_dags/tutorial_taskflow_api.py for tasks to queue
[2025-04-04T08:36:53.440+0000] {logging_mixin.py:188} INFO - [2025-04-04T08:36:53.440+0000] {dagbag.py:538} INFO - Filling up the DagBag from /home/airflow/.local/lib/python3.8/site-packages/airflow/example_dags/tutorial_taskflow_api.py
[2025-04-04T08:36:53.446+0000] {processor.py:840} INFO - DAG(s) 'tutorial_taskflow_api' retrieved from /home/airflow/.local/lib/python3.8/site-packages/airflow/example_dags/tutorial_taskflow_api.py
[2025-04-04T08:36:53.468+0000] {logging_mixin.py:188} INFO - [2025-04-04T08:36:53.467+0000] {dag.py:3036} INFO - Sync 1 DAGs
[2025-04-04T08:36:53.480+0000] {logging_mixin.py:188} INFO - [2025-04-04T08:36:53.480+0000] {dag.py:3823} INFO - Setting next_dagrun for tutorial_taskflow_api to None, run_after=None
[2025-04-04T08:36:53.502+0000] {processor.py:183} INFO - Processing /home/airflow/.local/lib/python3.8/site-packages/airflow/example_dags/tutorial_taskflow_api.py took 0.067 seconds
[2025-04-04T08:37:24.424+0000] {processor.py:161} INFO - Started process (PID=1116) to work on /home/airflow/.local/lib/python3.8/site-packages/airflow/example_dags/tutorial_taskflow_api.py
[2025-04-04T08:37:24.425+0000] {processor.py:830} INFO - Processing file /home/airflow/.local/lib/python3.8/site-packages/airflow/example_dags/tutorial_taskflow_api.py for tasks to queue
[2025-04-04T08:37:24.426+0000] {logging_mixin.py:188} INFO - [2025-04-04T08:37:24.425+0000] {dagbag.py:538} INFO - Filling up the DagBag from /home/airflow/.local/lib/python3.8/site-packages/airflow/example_dags/tutorial_taskflow_api.py
[2025-04-04T08:37:24.432+0000] {processor.py:840} INFO - DAG(s) 'tutorial_taskflow_api' retrieved from /home/airflow/.local/lib/python3.8/site-packages/airflow/example_dags/tutorial_taskflow_api.py
[2025-04-04T08:37:24.457+0000] {logging_mixin.py:188} INFO - [2025-04-04T08:37:24.456+0000] {dag.py:3036} INFO - Sync 1 DAGs
[2025-04-04T08:37:24.470+0000] {logging_mixin.py:188} INFO - [2025-04-04T08:37:24.469+0000] {dag.py:3823} INFO - Setting next_dagrun for tutorial_taskflow_api to None, run_after=None
[2025-04-04T08:37:24.492+0000] {processor.py:183} INFO - Processing /home/airflow/.local/lib/python3.8/site-packages/airflow/example_dags/tutorial_taskflow_api.py took 0.072 seconds
[2025-04-04T08:37:54.771+0000] {processor.py:161} INFO - Started process (PID=1365) to work on /home/airflow/.local/lib/python3.8/site-packages/airflow/example_dags/tutorial_taskflow_api.py
[2025-04-04T08:37:54.773+0000] {processor.py:830} INFO - Processing file /home/airflow/.local/lib/python3.8/site-packages/airflow/example_dags/tutorial_taskflow_api.py for tasks to queue
[2025-04-04T08:37:54.774+0000] {logging_mixin.py:188} INFO - [2025-04-04T08:37:54.773+0000] {dagbag.py:538} INFO - Filling up the DagBag from /home/airflow/.local/lib/python3.8/site-packages/airflow/example_dags/tutorial_taskflow_api.py
[2025-04-04T08:37:54.781+0000] {processor.py:840} INFO - DAG(s) 'tutorial_taskflow_api' retrieved from /home/airflow/.local/lib/python3.8/site-packages/airflow/example_dags/tutorial_taskflow_api.py
[2025-04-04T08:37:54.801+0000] {logging_mixin.py:188} INFO - [2025-04-04T08:37:54.801+0000] {dag.py:3036} INFO - Sync 1 DAGs
[2025-04-04T08:37:54.812+0000] {logging_mixin.py:188} INFO - [2025-04-04T08:37:54.812+0000] {dag.py:3823} INFO - Setting next_dagrun for tutorial_taskflow_api to None, run_after=None
[2025-04-04T08:37:54.834+0000] {processor.py:183} INFO - Processing /home/airflow/.local/lib/python3.8/site-packages/airflow/example_dags/tutorial_taskflow_api.py took 0.066 seconds
[2025-04-04T08:38:25.057+0000] {processor.py:161} INFO - Started process (PID=1610) to work on /home/airflow/.local/lib/python3.8/site-packages/airflow/example_dags/tutorial_taskflow_api.py
[2025-04-04T08:38:25.059+0000] {processor.py:830} INFO - Processing file /home/airflow/.local/lib/python3.8/site-packages/airflow/example_dags/tutorial_taskflow_api.py for tasks to queue
[2025-04-04T08:38:25.061+0000] {logging_mixin.py:188} INFO - [2025-04-04T08:38:25.061+0000] {dagbag.py:538} INFO - Filling up the DagBag from /home/airflow/.local/lib/python3.8/site-packages/airflow/example_dags/tutorial_taskflow_api.py
[2025-04-04T08:38:25.071+0000] {processor.py:840} INFO - DAG(s) 'tutorial_taskflow_api' retrieved from /home/airflow/.local/lib/python3.8/site-packages/airflow/example_dags/tutorial_taskflow_api.py
[2025-04-04T08:38:25.102+0000] {logging_mixin.py:188} INFO - [2025-04-04T08:38:25.101+0000] {dag.py:3036} INFO - Sync 1 DAGs
[2025-04-04T08:38:25.128+0000] {logging_mixin.py:188} INFO - [2025-04-04T08:38:25.127+0000] {dag.py:3823} INFO - Setting next_dagrun for tutorial_taskflow_api to None, run_after=None
[2025-04-04T08:38:25.154+0000] {processor.py:183} INFO - Processing /home/airflow/.local/lib/python3.8/site-packages/airflow/example_dags/tutorial_taskflow_api.py took 0.102 seconds
[2025-04-04T08:38:55.651+0000] {processor.py:161} INFO - Started process (PID=1857) to work on /home/airflow/.local/lib/python3.8/site-packages/airflow/example_dags/tutorial_taskflow_api.py
[2025-04-04T08:38:55.652+0000] {processor.py:830} INFO - Processing file /home/airflow/.local/lib/python3.8/site-packages/airflow/example_dags/tutorial_taskflow_api.py for tasks to queue
[2025-04-04T08:38:55.653+0000] {logging_mixin.py:188} INFO - [2025-04-04T08:38:55.653+0000] {dagbag.py:538} INFO - Filling up the DagBag from /home/airflow/.local/lib/python3.8/site-packages/airflow/example_dags/tutorial_taskflow_api.py
[2025-04-04T08:38:55.659+0000] {processor.py:840} INFO - DAG(s) 'tutorial_taskflow_api' retrieved from /home/airflow/.local/lib/python3.8/site-packages/airflow/example_dags/tutorial_taskflow_api.py
[2025-04-04T08:38:55.681+0000] {logging_mixin.py:188} INFO - [2025-04-04T08:38:55.680+0000] {dag.py:3036} INFO - Sync 1 DAGs
[2025-04-04T08:38:55.692+0000] {logging_mixin.py:188} INFO - [2025-04-04T08:38:55.691+0000] {dag.py:3823} INFO - Setting next_dagrun for tutorial_taskflow_api to None, run_after=None
[2025-04-04T08:38:55.712+0000] {processor.py:183} INFO - Processing /home/airflow/.local/lib/python3.8/site-packages/airflow/example_dags/tutorial_taskflow_api.py took 0.064 seconds
[2025-04-04T08:39:26.527+0000] {processor.py:161} INFO - Started process (PID=2106) to work on /home/airflow/.local/lib/python3.8/site-packages/airflow/example_dags/tutorial_taskflow_api.py
[2025-04-04T08:39:26.529+0000] {processor.py:830} INFO - Processing file /home/airflow/.local/lib/python3.8/site-packages/airflow/example_dags/tutorial_taskflow_api.py for tasks to queue
[2025-04-04T08:39:26.530+0000] {logging_mixin.py:188} INFO - [2025-04-04T08:39:26.529+0000] {dagbag.py:538} INFO - Filling up the DagBag from /home/airflow/.local/lib/python3.8/site-packages/airflow/example_dags/tutorial_taskflow_api.py
[2025-04-04T08:39:26.536+0000] {processor.py:840} INFO - DAG(s) 'tutorial_taskflow_api' retrieved from /home/airflow/.local/lib/python3.8/site-packages/airflow/example_dags/tutorial_taskflow_api.py
[2025-04-04T08:39:26.555+0000] {logging_mixin.py:188} INFO - [2025-04-04T08:39:26.555+0000] {dag.py:3036} INFO - Sync 1 DAGs
[2025-04-04T08:39:26.568+0000] {logging_mixin.py:188} INFO - [2025-04-04T08:39:26.567+0000] {dag.py:3823} INFO - Setting next_dagrun for tutorial_taskflow_api to None, run_after=None
[2025-04-04T08:39:26.590+0000] {processor.py:183} INFO - Processing /home/airflow/.local/lib/python3.8/site-packages/airflow/example_dags/tutorial_taskflow_api.py took 0.066 seconds
[2025-04-04T08:39:56.665+0000] {processor.py:161} INFO - Started process (PID=2351) to work on /home/airflow/.local/lib/python3.8/site-packages/airflow/example_dags/tutorial_taskflow_api.py
[2025-04-04T08:39:56.666+0000] {processor.py:830} INFO - Processing file /home/airflow/.local/lib/python3.8/site-packages/airflow/example_dags/tutorial_taskflow_api.py for tasks to queue
[2025-04-04T08:39:56.667+0000] {logging_mixin.py:188} INFO - [2025-04-04T08:39:56.667+0000] {dagbag.py:538} INFO - Filling up the DagBag from /home/airflow/.local/lib/python3.8/site-packages/airflow/example_dags/tutorial_taskflow_api.py
[2025-04-04T08:39:56.674+0000] {processor.py:840} INFO - DAG(s) 'tutorial_taskflow_api' retrieved from /home/airflow/.local/lib/python3.8/site-packages/airflow/example_dags/tutorial_taskflow_api.py
[2025-04-04T08:39:56.696+0000] {logging_mixin.py:188} INFO - [2025-04-04T08:39:56.696+0000] {dag.py:3036} INFO - Sync 1 DAGs
[2025-04-04T08:39:56.708+0000] {logging_mixin.py:188} INFO - [2025-04-04T08:39:56.708+0000] {dag.py:3823} INFO - Setting next_dagrun for tutorial_taskflow_api to None, run_after=None
[2025-04-04T08:39:56.728+0000] {processor.py:183} INFO - Processing /home/airflow/.local/lib/python3.8/site-packages/airflow/example_dags/tutorial_taskflow_api.py took 0.067 seconds
[2025-04-04T08:40:27.720+0000] {processor.py:161} INFO - Started process (PID=2600) to work on /home/airflow/.local/lib/python3.8/site-packages/airflow/example_dags/tutorial_taskflow_api.py
[2025-04-04T08:40:27.721+0000] {processor.py:830} INFO - Processing file /home/airflow/.local/lib/python3.8/site-packages/airflow/example_dags/tutorial_taskflow_api.py for tasks to queue
[2025-04-04T08:40:27.722+0000] {logging_mixin.py:188} INFO - [2025-04-04T08:40:27.722+0000] {dagbag.py:538} INFO - Filling up the DagBag from /home/airflow/.local/lib/python3.8/site-packages/airflow/example_dags/tutorial_taskflow_api.py
[2025-04-04T08:40:27.729+0000] {processor.py:840} INFO - DAG(s) 'tutorial_taskflow_api' retrieved from /home/airflow/.local/lib/python3.8/site-packages/airflow/example_dags/tutorial_taskflow_api.py
[2025-04-04T08:40:27.750+0000] {logging_mixin.py:188} INFO - [2025-04-04T08:40:27.749+0000] {dag.py:3036} INFO - Sync 1 DAGs
[2025-04-04T08:40:27.762+0000] {logging_mixin.py:188} INFO - [2025-04-04T08:40:27.762+0000] {dag.py:3823} INFO - Setting next_dagrun for tutorial_taskflow_api to None, run_after=None
[2025-04-04T08:40:27.784+0000] {processor.py:183} INFO - Processing /home/airflow/.local/lib/python3.8/site-packages/airflow/example_dags/tutorial_taskflow_api.py took 0.068 seconds
[2025-04-04T08:40:57.940+0000] {processor.py:161} INFO - Started process (PID=2847) to work on /home/airflow/.local/lib/python3.8/site-packages/airflow/example_dags/tutorial_taskflow_api.py
[2025-04-04T08:40:57.942+0000] {processor.py:830} INFO - Processing file /home/airflow/.local/lib/python3.8/site-packages/airflow/example_dags/tutorial_taskflow_api.py for tasks to queue
[2025-04-04T08:40:57.944+0000] {logging_mixin.py:188} INFO - [2025-04-04T08:40:57.943+0000] {dagbag.py:538} INFO - Filling up the DagBag from /home/airflow/.local/lib/python3.8/site-packages/airflow/example_dags/tutorial_taskflow_api.py
[2025-04-04T08:40:57.965+0000] {processor.py:840} INFO - DAG(s) 'tutorial_taskflow_api' retrieved from /home/airflow/.local/lib/python3.8/site-packages/airflow/example_dags/tutorial_taskflow_api.py
[2025-04-04T08:40:57.999+0000] {logging_mixin.py:188} INFO - [2025-04-04T08:40:57.999+0000] {dag.py:3036} INFO - Sync 1 DAGs
[2025-04-04T08:40:58.016+0000] {logging_mixin.py:188} INFO - [2025-04-04T08:40:58.015+0000] {dag.py:3823} INFO - Setting next_dagrun for tutorial_taskflow_api to None, run_after=None
[2025-04-04T08:40:58.040+0000] {processor.py:183} INFO - Processing /home/airflow/.local/lib/python3.8/site-packages/airflow/example_dags/tutorial_taskflow_api.py took 0.106 seconds
[2025-04-04T08:43:04.201+0000] {processor.py:161} INFO - Started process (PID=363) to work on /home/airflow/.local/lib/python3.8/site-packages/airflow/example_dags/tutorial_taskflow_api.py
[2025-04-04T08:43:04.202+0000] {processor.py:830} INFO - Processing file /home/airflow/.local/lib/python3.8/site-packages/airflow/example_dags/tutorial_taskflow_api.py for tasks to queue
[2025-04-04T08:43:04.204+0000] {logging_mixin.py:188} INFO - [2025-04-04T08:43:04.203+0000] {dagbag.py:538} INFO - Filling up the DagBag from /home/airflow/.local/lib/python3.8/site-packages/airflow/example_dags/tutorial_taskflow_api.py
[2025-04-04T08:43:04.210+0000] {processor.py:840} INFO - DAG(s) 'tutorial_taskflow_api' retrieved from /home/airflow/.local/lib/python3.8/site-packages/airflow/example_dags/tutorial_taskflow_api.py
[2025-04-04T08:43:04.224+0000] {logging_mixin.py:188} INFO - [2025-04-04T08:43:04.223+0000] {dag.py:3036} INFO - Sync 1 DAGs
[2025-04-04T08:43:04.237+0000] {logging_mixin.py:188} INFO - [2025-04-04T08:43:04.237+0000] {dag.py:3823} INFO - Setting next_dagrun for tutorial_taskflow_api to None, run_after=None
[2025-04-04T08:43:04.258+0000] {processor.py:183} INFO - Processing /home/airflow/.local/lib/python3.8/site-packages/airflow/example_dags/tutorial_taskflow_api.py took 0.060 seconds
[2025-04-04T08:43:36.624+0000] {processor.py:161} INFO - Started process (PID=612) to work on /home/airflow/.local/lib/python3.8/site-packages/airflow/example_dags/tutorial_taskflow_api.py
[2025-04-04T08:43:36.626+0000] {processor.py:830} INFO - Processing file /home/airflow/.local/lib/python3.8/site-packages/airflow/example_dags/tutorial_taskflow_api.py for tasks to queue
[2025-04-04T08:43:36.627+0000] {logging_mixin.py:188} INFO - [2025-04-04T08:43:36.626+0000] {dagbag.py:538} INFO - Filling up the DagBag from /home/airflow/.local/lib/python3.8/site-packages/airflow/example_dags/tutorial_taskflow_api.py
[2025-04-04T08:43:36.635+0000] {processor.py:840} INFO - DAG(s) 'tutorial_taskflow_api' retrieved from /home/airflow/.local/lib/python3.8/site-packages/airflow/example_dags/tutorial_taskflow_api.py
[2025-04-04T08:43:36.746+0000] {logging_mixin.py:188} INFO - [2025-04-04T08:43:36.746+0000] {dag.py:3036} INFO - Sync 1 DAGs
[2025-04-04T08:43:36.760+0000] {logging_mixin.py:188} INFO - [2025-04-04T08:43:36.760+0000] {dag.py:3823} INFO - Setting next_dagrun for tutorial_taskflow_api to None, run_after=None
[2025-04-04T08:43:36.817+0000] {processor.py:183} INFO - Processing /home/airflow/.local/lib/python3.8/site-packages/airflow/example_dags/tutorial_taskflow_api.py took 0.195 seconds
[2025-04-04T08:44:07.544+0000] {processor.py:161} INFO - Started process (PID=859) to work on /home/airflow/.local/lib/python3.8/site-packages/airflow/example_dags/tutorial_taskflow_api.py
[2025-04-04T08:44:07.545+0000] {processor.py:830} INFO - Processing file /home/airflow/.local/lib/python3.8/site-packages/airflow/example_dags/tutorial_taskflow_api.py for tasks to queue
[2025-04-04T08:44:07.547+0000] {logging_mixin.py:188} INFO - [2025-04-04T08:44:07.546+0000] {dagbag.py:538} INFO - Filling up the DagBag from /home/airflow/.local/lib/python3.8/site-packages/airflow/example_dags/tutorial_taskflow_api.py
[2025-04-04T08:44:07.553+0000] {processor.py:840} INFO - DAG(s) 'tutorial_taskflow_api' retrieved from /home/airflow/.local/lib/python3.8/site-packages/airflow/example_dags/tutorial_taskflow_api.py
[2025-04-04T08:44:07.576+0000] {logging_mixin.py:188} INFO - [2025-04-04T08:44:07.575+0000] {dag.py:3036} INFO - Sync 1 DAGs
[2025-04-04T08:44:07.588+0000] {logging_mixin.py:188} INFO - [2025-04-04T08:44:07.588+0000] {dag.py:3823} INFO - Setting next_dagrun for tutorial_taskflow_api to None, run_after=None
[2025-04-04T08:44:07.611+0000] {processor.py:183} INFO - Processing /home/airflow/.local/lib/python3.8/site-packages/airflow/example_dags/tutorial_taskflow_api.py took 0.070 seconds
[2025-04-04T08:44:38.189+0000] {processor.py:161} INFO - Started process (PID=1106) to work on /home/airflow/.local/lib/python3.8/site-packages/airflow/example_dags/tutorial_taskflow_api.py
[2025-04-04T08:44:38.191+0000] {processor.py:830} INFO - Processing file /home/airflow/.local/lib/python3.8/site-packages/airflow/example_dags/tutorial_taskflow_api.py for tasks to queue
[2025-04-04T08:44:38.192+0000] {logging_mixin.py:188} INFO - [2025-04-04T08:44:38.191+0000] {dagbag.py:538} INFO - Filling up the DagBag from /home/airflow/.local/lib/python3.8/site-packages/airflow/example_dags/tutorial_taskflow_api.py
[2025-04-04T08:44:38.198+0000] {processor.py:840} INFO - DAG(s) 'tutorial_taskflow_api' retrieved from /home/airflow/.local/lib/python3.8/site-packages/airflow/example_dags/tutorial_taskflow_api.py
[2025-04-04T08:44:38.218+0000] {logging_mixin.py:188} INFO - [2025-04-04T08:44:38.218+0000] {dag.py:3036} INFO - Sync 1 DAGs
[2025-04-04T08:44:38.231+0000] {logging_mixin.py:188} INFO - [2025-04-04T08:44:38.231+0000] {dag.py:3823} INFO - Setting next_dagrun for tutorial_taskflow_api to None, run_after=None
[2025-04-04T08:44:38.251+0000] {processor.py:183} INFO - Processing /home/airflow/.local/lib/python3.8/site-packages/airflow/example_dags/tutorial_taskflow_api.py took 0.065 seconds
[2025-04-04T08:45:08.924+0000] {processor.py:161} INFO - Started process (PID=1353) to work on /home/airflow/.local/lib/python3.8/site-packages/airflow/example_dags/tutorial_taskflow_api.py
[2025-04-04T08:45:08.926+0000] {processor.py:830} INFO - Processing file /home/airflow/.local/lib/python3.8/site-packages/airflow/example_dags/tutorial_taskflow_api.py for tasks to queue
[2025-04-04T08:45:08.927+0000] {logging_mixin.py:188} INFO - [2025-04-04T08:45:08.926+0000] {dagbag.py:538} INFO - Filling up the DagBag from /home/airflow/.local/lib/python3.8/site-packages/airflow/example_dags/tutorial_taskflow_api.py
[2025-04-04T08:45:08.934+0000] {processor.py:840} INFO - DAG(s) 'tutorial_taskflow_api' retrieved from /home/airflow/.local/lib/python3.8/site-packages/airflow/example_dags/tutorial_taskflow_api.py
[2025-04-04T08:45:08.957+0000] {logging_mixin.py:188} INFO - [2025-04-04T08:45:08.957+0000] {dag.py:3036} INFO - Sync 1 DAGs
[2025-04-04T08:45:08.969+0000] {logging_mixin.py:188} INFO - [2025-04-04T08:45:08.969+0000] {dag.py:3823} INFO - Setting next_dagrun for tutorial_taskflow_api to None, run_after=None
[2025-04-04T08:45:09.000+0000] {processor.py:183} INFO - Processing /home/airflow/.local/lib/python3.8/site-packages/airflow/example_dags/tutorial_taskflow_api.py took 0.080 seconds
[2025-04-04T08:45:39.182+0000] {processor.py:161} INFO - Started process (PID=1600) to work on /home/airflow/.local/lib/python3.8/site-packages/airflow/example_dags/tutorial_taskflow_api.py
[2025-04-04T08:45:39.183+0000] {processor.py:830} INFO - Processing file /home/airflow/.local/lib/python3.8/site-packages/airflow/example_dags/tutorial_taskflow_api.py for tasks to queue
[2025-04-04T08:45:39.185+0000] {logging_mixin.py:188} INFO - [2025-04-04T08:45:39.184+0000] {dagbag.py:538} INFO - Filling up the DagBag from /home/airflow/.local/lib/python3.8/site-packages/airflow/example_dags/tutorial_taskflow_api.py
[2025-04-04T08:45:39.191+0000] {processor.py:840} INFO - DAG(s) 'tutorial_taskflow_api' retrieved from /home/airflow/.local/lib/python3.8/site-packages/airflow/example_dags/tutorial_taskflow_api.py
[2025-04-04T08:45:39.212+0000] {logging_mixin.py:188} INFO - [2025-04-04T08:45:39.212+0000] {dag.py:3036} INFO - Sync 1 DAGs
[2025-04-04T08:45:39.222+0000] {logging_mixin.py:188} INFO - [2025-04-04T08:45:39.222+0000] {dag.py:3823} INFO - Setting next_dagrun for tutorial_taskflow_api to None, run_after=None
[2025-04-04T08:45:39.241+0000] {processor.py:183} INFO - Processing /home/airflow/.local/lib/python3.8/site-packages/airflow/example_dags/tutorial_taskflow_api.py took 0.061 seconds
[2025-04-04T08:46:09.445+0000] {processor.py:161} INFO - Started process (PID=1847) to work on /home/airflow/.local/lib/python3.8/site-packages/airflow/example_dags/tutorial_taskflow_api.py
[2025-04-04T08:46:09.446+0000] {processor.py:830} INFO - Processing file /home/airflow/.local/lib/python3.8/site-packages/airflow/example_dags/tutorial_taskflow_api.py for tasks to queue
[2025-04-04T08:46:09.448+0000] {logging_mixin.py:188} INFO - [2025-04-04T08:46:09.447+0000] {dagbag.py:538} INFO - Filling up the DagBag from /home/airflow/.local/lib/python3.8/site-packages/airflow/example_dags/tutorial_taskflow_api.py
[2025-04-04T08:46:09.453+0000] {processor.py:840} INFO - DAG(s) 'tutorial_taskflow_api' retrieved from /home/airflow/.local/lib/python3.8/site-packages/airflow/example_dags/tutorial_taskflow_api.py
[2025-04-04T08:46:09.473+0000] {logging_mixin.py:188} INFO - [2025-04-04T08:46:09.473+0000] {dag.py:3036} INFO - Sync 1 DAGs
[2025-04-04T08:46:09.485+0000] {logging_mixin.py:188} INFO - [2025-04-04T08:46:09.485+0000] {dag.py:3823} INFO - Setting next_dagrun for tutorial_taskflow_api to None, run_after=None
[2025-04-04T08:46:09.507+0000] {processor.py:183} INFO - Processing /home/airflow/.local/lib/python3.8/site-packages/airflow/example_dags/tutorial_taskflow_api.py took 0.065 seconds
[2025-04-04T08:50:25.667+0000] {processor.py:161} INFO - Started process (PID=370) to work on /home/airflow/.local/lib/python3.8/site-packages/airflow/example_dags/tutorial_taskflow_api.py
[2025-04-04T08:50:25.669+0000] {processor.py:830} INFO - Processing file /home/airflow/.local/lib/python3.8/site-packages/airflow/example_dags/tutorial_taskflow_api.py for tasks to queue
[2025-04-04T08:50:25.670+0000] {logging_mixin.py:188} INFO - [2025-04-04T08:50:25.670+0000] {dagbag.py:538} INFO - Filling up the DagBag from /home/airflow/.local/lib/python3.8/site-packages/airflow/example_dags/tutorial_taskflow_api.py
[2025-04-04T08:50:25.679+0000] {processor.py:840} INFO - DAG(s) 'tutorial_taskflow_api' retrieved from /home/airflow/.local/lib/python3.8/site-packages/airflow/example_dags/tutorial_taskflow_api.py
[2025-04-04T08:50:25.694+0000] {logging_mixin.py:188} INFO - [2025-04-04T08:50:25.694+0000] {dag.py:3036} INFO - Sync 1 DAGs
[2025-04-04T08:50:25.714+0000] {logging_mixin.py:188} INFO - [2025-04-04T08:50:25.714+0000] {dag.py:3823} INFO - Setting next_dagrun for tutorial_taskflow_api to None, run_after=None
[2025-04-04T08:50:25.738+0000] {processor.py:183} INFO - Processing /home/airflow/.local/lib/python3.8/site-packages/airflow/example_dags/tutorial_taskflow_api.py took 0.075 seconds
[2025-04-04T08:50:57.567+0000] {processor.py:161} INFO - Started process (PID=617) to work on /home/airflow/.local/lib/python3.8/site-packages/airflow/example_dags/tutorial_taskflow_api.py
[2025-04-04T08:50:57.568+0000] {processor.py:830} INFO - Processing file /home/airflow/.local/lib/python3.8/site-packages/airflow/example_dags/tutorial_taskflow_api.py for tasks to queue
[2025-04-04T08:50:57.569+0000] {logging_mixin.py:188} INFO - [2025-04-04T08:50:57.568+0000] {dagbag.py:538} INFO - Filling up the DagBag from /home/airflow/.local/lib/python3.8/site-packages/airflow/example_dags/tutorial_taskflow_api.py
[2025-04-04T08:50:57.575+0000] {processor.py:840} INFO - DAG(s) 'tutorial_taskflow_api' retrieved from /home/airflow/.local/lib/python3.8/site-packages/airflow/example_dags/tutorial_taskflow_api.py
[2025-04-04T08:50:57.684+0000] {logging_mixin.py:188} INFO - [2025-04-04T08:50:57.683+0000] {dag.py:3036} INFO - Sync 1 DAGs
[2025-04-04T08:50:57.694+0000] {logging_mixin.py:188} INFO - [2025-04-04T08:50:57.694+0000] {dag.py:3823} INFO - Setting next_dagrun for tutorial_taskflow_api to None, run_after=None
[2025-04-04T08:50:57.717+0000] {processor.py:183} INFO - Processing /home/airflow/.local/lib/python3.8/site-packages/airflow/example_dags/tutorial_taskflow_api.py took 0.153 seconds
[2025-04-04T08:51:28.496+0000] {processor.py:161} INFO - Started process (PID=866) to work on /home/airflow/.local/lib/python3.8/site-packages/airflow/example_dags/tutorial_taskflow_api.py
[2025-04-04T08:51:28.497+0000] {processor.py:830} INFO - Processing file /home/airflow/.local/lib/python3.8/site-packages/airflow/example_dags/tutorial_taskflow_api.py for tasks to queue
[2025-04-04T08:51:28.499+0000] {logging_mixin.py:188} INFO - [2025-04-04T08:51:28.498+0000] {dagbag.py:538} INFO - Filling up the DagBag from /home/airflow/.local/lib/python3.8/site-packages/airflow/example_dags/tutorial_taskflow_api.py
[2025-04-04T08:51:28.508+0000] {processor.py:840} INFO - DAG(s) 'tutorial_taskflow_api' retrieved from /home/airflow/.local/lib/python3.8/site-packages/airflow/example_dags/tutorial_taskflow_api.py
[2025-04-04T08:51:28.536+0000] {logging_mixin.py:188} INFO - [2025-04-04T08:51:28.535+0000] {dag.py:3036} INFO - Sync 1 DAGs
[2025-04-04T08:51:28.555+0000] {logging_mixin.py:188} INFO - [2025-04-04T08:51:28.554+0000] {dag.py:3823} INFO - Setting next_dagrun for tutorial_taskflow_api to None, run_after=None
[2025-04-04T08:51:28.585+0000] {processor.py:183} INFO - Processing /home/airflow/.local/lib/python3.8/site-packages/airflow/example_dags/tutorial_taskflow_api.py took 0.094 seconds
[2025-04-04T08:51:59.915+0000] {processor.py:161} INFO - Started process (PID=1111) to work on /home/airflow/.local/lib/python3.8/site-packages/airflow/example_dags/tutorial_taskflow_api.py
[2025-04-04T08:51:59.955+0000] {processor.py:830} INFO - Processing file /home/airflow/.local/lib/python3.8/site-packages/airflow/example_dags/tutorial_taskflow_api.py for tasks to queue
[2025-04-04T08:51:59.956+0000] {logging_mixin.py:188} INFO - [2025-04-04T08:51:59.956+0000] {dagbag.py:538} INFO - Filling up the DagBag from /home/airflow/.local/lib/python3.8/site-packages/airflow/example_dags/tutorial_taskflow_api.py
[2025-04-04T08:51:59.963+0000] {processor.py:840} INFO - DAG(s) 'tutorial_taskflow_api' retrieved from /home/airflow/.local/lib/python3.8/site-packages/airflow/example_dags/tutorial_taskflow_api.py
[2025-04-04T08:51:59.983+0000] {logging_mixin.py:188} INFO - [2025-04-04T08:51:59.983+0000] {dag.py:3036} INFO - Sync 1 DAGs
[2025-04-04T08:51:59.995+0000] {logging_mixin.py:188} INFO - [2025-04-04T08:51:59.995+0000] {dag.py:3823} INFO - Setting next_dagrun for tutorial_taskflow_api to None, run_after=None
[2025-04-04T08:52:00.072+0000] {processor.py:183} INFO - Processing /home/airflow/.local/lib/python3.8/site-packages/airflow/example_dags/tutorial_taskflow_api.py took 0.161 seconds
[2025-04-04T08:52:30.533+0000] {processor.py:161} INFO - Started process (PID=1358) to work on /home/airflow/.local/lib/python3.8/site-packages/airflow/example_dags/tutorial_taskflow_api.py
[2025-04-04T08:52:30.534+0000] {processor.py:830} INFO - Processing file /home/airflow/.local/lib/python3.8/site-packages/airflow/example_dags/tutorial_taskflow_api.py for tasks to queue
[2025-04-04T08:52:30.535+0000] {logging_mixin.py:188} INFO - [2025-04-04T08:52:30.535+0000] {dagbag.py:538} INFO - Filling up the DagBag from /home/airflow/.local/lib/python3.8/site-packages/airflow/example_dags/tutorial_taskflow_api.py
[2025-04-04T08:52:30.541+0000] {processor.py:840} INFO - DAG(s) 'tutorial_taskflow_api' retrieved from /home/airflow/.local/lib/python3.8/site-packages/airflow/example_dags/tutorial_taskflow_api.py
[2025-04-04T08:52:30.561+0000] {logging_mixin.py:188} INFO - [2025-04-04T08:52:30.561+0000] {dag.py:3036} INFO - Sync 1 DAGs
[2025-04-04T08:52:30.574+0000] {logging_mixin.py:188} INFO - [2025-04-04T08:52:30.574+0000] {dag.py:3823} INFO - Setting next_dagrun for tutorial_taskflow_api to None, run_after=None
[2025-04-04T08:52:30.597+0000] {processor.py:183} INFO - Processing /home/airflow/.local/lib/python3.8/site-packages/airflow/example_dags/tutorial_taskflow_api.py took 0.067 seconds
[2025-04-04T08:53:01.185+0000] {processor.py:161} INFO - Started process (PID=1605) to work on /home/airflow/.local/lib/python3.8/site-packages/airflow/example_dags/tutorial_taskflow_api.py
[2025-04-04T08:53:01.186+0000] {processor.py:830} INFO - Processing file /home/airflow/.local/lib/python3.8/site-packages/airflow/example_dags/tutorial_taskflow_api.py for tasks to queue
[2025-04-04T08:53:01.187+0000] {logging_mixin.py:188} INFO - [2025-04-04T08:53:01.187+0000] {dagbag.py:538} INFO - Filling up the DagBag from /home/airflow/.local/lib/python3.8/site-packages/airflow/example_dags/tutorial_taskflow_api.py
[2025-04-04T08:53:01.194+0000] {processor.py:840} INFO - DAG(s) 'tutorial_taskflow_api' retrieved from /home/airflow/.local/lib/python3.8/site-packages/airflow/example_dags/tutorial_taskflow_api.py
[2025-04-04T08:53:01.217+0000] {logging_mixin.py:188} INFO - [2025-04-04T08:53:01.217+0000] {dag.py:3036} INFO - Sync 1 DAGs
[2025-04-04T08:53:01.230+0000] {logging_mixin.py:188} INFO - [2025-04-04T08:53:01.230+0000] {dag.py:3823} INFO - Setting next_dagrun for tutorial_taskflow_api to None, run_after=None
[2025-04-04T08:53:01.252+0000] {processor.py:183} INFO - Processing /home/airflow/.local/lib/python3.8/site-packages/airflow/example_dags/tutorial_taskflow_api.py took 0.070 seconds
[2025-04-04T08:53:32.211+0000] {processor.py:161} INFO - Started process (PID=1852) to work on /home/airflow/.local/lib/python3.8/site-packages/airflow/example_dags/tutorial_taskflow_api.py
[2025-04-04T08:53:32.213+0000] {processor.py:830} INFO - Processing file /home/airflow/.local/lib/python3.8/site-packages/airflow/example_dags/tutorial_taskflow_api.py for tasks to queue
[2025-04-04T08:53:32.215+0000] {logging_mixin.py:188} INFO - [2025-04-04T08:53:32.214+0000] {dagbag.py:538} INFO - Filling up the DagBag from /home/airflow/.local/lib/python3.8/site-packages/airflow/example_dags/tutorial_taskflow_api.py
[2025-04-04T08:53:32.224+0000] {processor.py:840} INFO - DAG(s) 'tutorial_taskflow_api' retrieved from /home/airflow/.local/lib/python3.8/site-packages/airflow/example_dags/tutorial_taskflow_api.py
[2025-04-04T08:53:32.253+0000] {logging_mixin.py:188} INFO - [2025-04-04T08:53:32.253+0000] {dag.py:3036} INFO - Sync 1 DAGs
[2025-04-04T08:53:32.269+0000] {logging_mixin.py:188} INFO - [2025-04-04T08:53:32.268+0000] {dag.py:3823} INFO - Setting next_dagrun for tutorial_taskflow_api to None, run_after=None
[2025-04-04T08:53:32.293+0000] {processor.py:183} INFO - Processing /home/airflow/.local/lib/python3.8/site-packages/airflow/example_dags/tutorial_taskflow_api.py took 0.087 seconds
[2025-04-04T08:54:02.614+0000] {processor.py:161} INFO - Started process (PID=2101) to work on /home/airflow/.local/lib/python3.8/site-packages/airflow/example_dags/tutorial_taskflow_api.py
[2025-04-04T08:54:02.615+0000] {processor.py:830} INFO - Processing file /home/airflow/.local/lib/python3.8/site-packages/airflow/example_dags/tutorial_taskflow_api.py for tasks to queue
[2025-04-04T08:54:02.616+0000] {logging_mixin.py:188} INFO - [2025-04-04T08:54:02.616+0000] {dagbag.py:538} INFO - Filling up the DagBag from /home/airflow/.local/lib/python3.8/site-packages/airflow/example_dags/tutorial_taskflow_api.py
[2025-04-04T08:54:02.622+0000] {processor.py:840} INFO - DAG(s) 'tutorial_taskflow_api' retrieved from /home/airflow/.local/lib/python3.8/site-packages/airflow/example_dags/tutorial_taskflow_api.py
[2025-04-04T08:54:02.642+0000] {logging_mixin.py:188} INFO - [2025-04-04T08:54:02.642+0000] {dag.py:3036} INFO - Sync 1 DAGs
[2025-04-04T08:54:02.653+0000] {logging_mixin.py:188} INFO - [2025-04-04T08:54:02.653+0000] {dag.py:3823} INFO - Setting next_dagrun for tutorial_taskflow_api to None, run_after=None
[2025-04-04T08:54:02.674+0000] {processor.py:183} INFO - Processing /home/airflow/.local/lib/python3.8/site-packages/airflow/example_dags/tutorial_taskflow_api.py took 0.063 seconds
[2025-04-04T08:54:33.689+0000] {processor.py:161} INFO - Started process (PID=2346) to work on /home/airflow/.local/lib/python3.8/site-packages/airflow/example_dags/tutorial_taskflow_api.py
[2025-04-04T08:54:33.690+0000] {processor.py:830} INFO - Processing file /home/airflow/.local/lib/python3.8/site-packages/airflow/example_dags/tutorial_taskflow_api.py for tasks to queue
[2025-04-04T08:54:33.692+0000] {logging_mixin.py:188} INFO - [2025-04-04T08:54:33.692+0000] {dagbag.py:538} INFO - Filling up the DagBag from /home/airflow/.local/lib/python3.8/site-packages/airflow/example_dags/tutorial_taskflow_api.py
[2025-04-04T08:54:33.704+0000] {processor.py:840} INFO - DAG(s) 'tutorial_taskflow_api' retrieved from /home/airflow/.local/lib/python3.8/site-packages/airflow/example_dags/tutorial_taskflow_api.py
[2025-04-04T08:54:33.734+0000] {logging_mixin.py:188} INFO - [2025-04-04T08:54:33.734+0000] {dag.py:3036} INFO - Sync 1 DAGs
[2025-04-04T08:54:33.752+0000] {logging_mixin.py:188} INFO - [2025-04-04T08:54:33.752+0000] {dag.py:3823} INFO - Setting next_dagrun for tutorial_taskflow_api to None, run_after=None
[2025-04-04T08:54:33.787+0000] {processor.py:183} INFO - Processing /home/airflow/.local/lib/python3.8/site-packages/airflow/example_dags/tutorial_taskflow_api.py took 0.103 seconds
[2025-04-04T08:55:04.378+0000] {processor.py:161} INFO - Started process (PID=2595) to work on /home/airflow/.local/lib/python3.8/site-packages/airflow/example_dags/tutorial_taskflow_api.py
[2025-04-04T08:55:04.379+0000] {processor.py:830} INFO - Processing file /home/airflow/.local/lib/python3.8/site-packages/airflow/example_dags/tutorial_taskflow_api.py for tasks to queue
[2025-04-04T08:55:04.380+0000] {logging_mixin.py:188} INFO - [2025-04-04T08:55:04.380+0000] {dagbag.py:538} INFO - Filling up the DagBag from /home/airflow/.local/lib/python3.8/site-packages/airflow/example_dags/tutorial_taskflow_api.py
[2025-04-04T08:55:04.386+0000] {processor.py:840} INFO - DAG(s) 'tutorial_taskflow_api' retrieved from /home/airflow/.local/lib/python3.8/site-packages/airflow/example_dags/tutorial_taskflow_api.py
[2025-04-04T08:55:04.406+0000] {logging_mixin.py:188} INFO - [2025-04-04T08:55:04.406+0000] {dag.py:3036} INFO - Sync 1 DAGs
[2025-04-04T08:55:04.420+0000] {logging_mixin.py:188} INFO - [2025-04-04T08:55:04.420+0000] {dag.py:3823} INFO - Setting next_dagrun for tutorial_taskflow_api to None, run_after=None
[2025-04-04T08:55:04.439+0000] {processor.py:183} INFO - Processing /home/airflow/.local/lib/python3.8/site-packages/airflow/example_dags/tutorial_taskflow_api.py took 0.064 seconds
[2025-04-04T08:55:35.055+0000] {processor.py:161} INFO - Started process (PID=2840) to work on /home/airflow/.local/lib/python3.8/site-packages/airflow/example_dags/tutorial_taskflow_api.py
[2025-04-04T08:55:35.057+0000] {processor.py:830} INFO - Processing file /home/airflow/.local/lib/python3.8/site-packages/airflow/example_dags/tutorial_taskflow_api.py for tasks to queue
[2025-04-04T08:55:35.059+0000] {logging_mixin.py:188} INFO - [2025-04-04T08:55:35.058+0000] {dagbag.py:538} INFO - Filling up the DagBag from /home/airflow/.local/lib/python3.8/site-packages/airflow/example_dags/tutorial_taskflow_api.py
[2025-04-04T08:55:35.068+0000] {processor.py:840} INFO - DAG(s) 'tutorial_taskflow_api' retrieved from /home/airflow/.local/lib/python3.8/site-packages/airflow/example_dags/tutorial_taskflow_api.py
[2025-04-04T08:55:35.093+0000] {logging_mixin.py:188} INFO - [2025-04-04T08:55:35.093+0000] {dag.py:3036} INFO - Sync 1 DAGs
[2025-04-04T08:55:35.106+0000] {logging_mixin.py:188} INFO - [2025-04-04T08:55:35.106+0000] {dag.py:3823} INFO - Setting next_dagrun for tutorial_taskflow_api to None, run_after=None
[2025-04-04T08:55:35.127+0000] {processor.py:183} INFO - Processing /home/airflow/.local/lib/python3.8/site-packages/airflow/example_dags/tutorial_taskflow_api.py took 0.076 seconds
[2025-04-04T09:14:17.770+0000] {processor.py:161} INFO - Started process (PID=390) to work on /home/airflow/.local/lib/python3.8/site-packages/airflow/example_dags/tutorial_taskflow_api.py
[2025-04-04T09:14:17.772+0000] {processor.py:830} INFO - Processing file /home/airflow/.local/lib/python3.8/site-packages/airflow/example_dags/tutorial_taskflow_api.py for tasks to queue
[2025-04-04T09:14:17.774+0000] {logging_mixin.py:188} INFO - [2025-04-04T09:14:17.773+0000] {dagbag.py:538} INFO - Filling up the DagBag from /home/airflow/.local/lib/python3.8/site-packages/airflow/example_dags/tutorial_taskflow_api.py
[2025-04-04T09:14:17.784+0000] {processor.py:840} INFO - DAG(s) 'tutorial_taskflow_api' retrieved from /home/airflow/.local/lib/python3.8/site-packages/airflow/example_dags/tutorial_taskflow_api.py
[2025-04-04T09:14:17.938+0000] {logging_mixin.py:188} INFO - [2025-04-04T09:14:17.938+0000] {dag.py:3036} INFO - Sync 1 DAGs
[2025-04-04T09:14:17.962+0000] {logging_mixin.py:188} INFO - [2025-04-04T09:14:17.961+0000] {dag.py:3823} INFO - Setting next_dagrun for tutorial_taskflow_api to None, run_after=None
[2025-04-04T09:14:17.993+0000] {processor.py:183} INFO - Processing /home/airflow/.local/lib/python3.8/site-packages/airflow/example_dags/tutorial_taskflow_api.py took 0.228 seconds
[2025-04-04T09:14:48.119+0000] {processor.py:161} INFO - Started process (PID=637) to work on /home/airflow/.local/lib/python3.8/site-packages/airflow/example_dags/tutorial_taskflow_api.py
[2025-04-04T09:14:48.120+0000] {processor.py:830} INFO - Processing file /home/airflow/.local/lib/python3.8/site-packages/airflow/example_dags/tutorial_taskflow_api.py for tasks to queue
[2025-04-04T09:14:48.122+0000] {logging_mixin.py:188} INFO - [2025-04-04T09:14:48.121+0000] {dagbag.py:538} INFO - Filling up the DagBag from /home/airflow/.local/lib/python3.8/site-packages/airflow/example_dags/tutorial_taskflow_api.py
[2025-04-04T09:14:48.130+0000] {processor.py:840} INFO - DAG(s) 'tutorial_taskflow_api' retrieved from /home/airflow/.local/lib/python3.8/site-packages/airflow/example_dags/tutorial_taskflow_api.py
[2025-04-04T09:14:48.155+0000] {logging_mixin.py:188} INFO - [2025-04-04T09:14:48.155+0000] {dag.py:3036} INFO - Sync 1 DAGs
[2025-04-04T09:14:48.170+0000] {logging_mixin.py:188} INFO - [2025-04-04T09:14:48.169+0000] {dag.py:3823} INFO - Setting next_dagrun for tutorial_taskflow_api to None, run_after=None
[2025-04-04T09:14:48.252+0000] {processor.py:183} INFO - Processing /home/airflow/.local/lib/python3.8/site-packages/airflow/example_dags/tutorial_taskflow_api.py took 0.137 seconds
[2025-04-04T09:15:19.342+0000] {processor.py:161} INFO - Started process (PID=884) to work on /home/airflow/.local/lib/python3.8/site-packages/airflow/example_dags/tutorial_taskflow_api.py
[2025-04-04T09:15:19.344+0000] {processor.py:830} INFO - Processing file /home/airflow/.local/lib/python3.8/site-packages/airflow/example_dags/tutorial_taskflow_api.py for tasks to queue
[2025-04-04T09:15:19.345+0000] {logging_mixin.py:188} INFO - [2025-04-04T09:15:19.345+0000] {dagbag.py:538} INFO - Filling up the DagBag from /home/airflow/.local/lib/python3.8/site-packages/airflow/example_dags/tutorial_taskflow_api.py
[2025-04-04T09:15:19.355+0000] {processor.py:840} INFO - DAG(s) 'tutorial_taskflow_api' retrieved from /home/airflow/.local/lib/python3.8/site-packages/airflow/example_dags/tutorial_taskflow_api.py
[2025-04-04T09:15:19.379+0000] {logging_mixin.py:188} INFO - [2025-04-04T09:15:19.379+0000] {dag.py:3036} INFO - Sync 1 DAGs
[2025-04-04T09:15:19.396+0000] {logging_mixin.py:188} INFO - [2025-04-04T09:15:19.396+0000] {dag.py:3823} INFO - Setting next_dagrun for tutorial_taskflow_api to None, run_after=None
[2025-04-04T09:15:19.421+0000] {processor.py:183} INFO - Processing /home/airflow/.local/lib/python3.8/site-packages/airflow/example_dags/tutorial_taskflow_api.py took 0.083 seconds
[2025-04-04T09:15:50.068+0000] {processor.py:161} INFO - Started process (PID=1131) to work on /home/airflow/.local/lib/python3.8/site-packages/airflow/example_dags/tutorial_taskflow_api.py
[2025-04-04T09:15:50.069+0000] {processor.py:830} INFO - Processing file /home/airflow/.local/lib/python3.8/site-packages/airflow/example_dags/tutorial_taskflow_api.py for tasks to queue
[2025-04-04T09:15:50.070+0000] {logging_mixin.py:188} INFO - [2025-04-04T09:15:50.070+0000] {dagbag.py:538} INFO - Filling up the DagBag from /home/airflow/.local/lib/python3.8/site-packages/airflow/example_dags/tutorial_taskflow_api.py
[2025-04-04T09:15:50.077+0000] {processor.py:840} INFO - DAG(s) 'tutorial_taskflow_api' retrieved from /home/airflow/.local/lib/python3.8/site-packages/airflow/example_dags/tutorial_taskflow_api.py
[2025-04-04T09:15:50.107+0000] {logging_mixin.py:188} INFO - [2025-04-04T09:15:50.106+0000] {dag.py:3036} INFO - Sync 1 DAGs
[2025-04-04T09:15:50.125+0000] {logging_mixin.py:188} INFO - [2025-04-04T09:15:50.125+0000] {dag.py:3823} INFO - Setting next_dagrun for tutorial_taskflow_api to None, run_after=None
[2025-04-04T09:15:50.145+0000] {processor.py:183} INFO - Processing /home/airflow/.local/lib/python3.8/site-packages/airflow/example_dags/tutorial_taskflow_api.py took 0.084 seconds
