[2025-04-07T14:31:47.037+0000] {taskinstance.py:1956} INFO - Dependencies all met for dep_context=non-requeueable deps ti=<TaskInstance: tutorial.templated scheduled__2025-04-06T00:00:00+00:00 [queued]>
[2025-04-07T14:31:47.071+0000] {taskinstance.py:1956} INFO - Dependencies all met for dep_context=requeueable deps ti=<TaskInstance: tutorial.templated scheduled__2025-04-06T00:00:00+00:00 [queued]>
[2025-04-07T14:31:47.072+0000] {taskinstance.py:2170} INFO - Starting attempt 1 of 2
[2025-04-07T14:31:47.129+0000] {taskinstance.py:2191} INFO - Executing <Task(BashOperator): templated> on 2025-04-06 00:00:00+00:00
[2025-04-07T14:31:47.152+0000] {standard_task_runner.py:60} INFO - Started process 457 to run task
[2025-04-07T14:31:47.168+0000] {standard_task_runner.py:87} INFO - Running: ['***', 'tasks', 'run', 'tutorial', 'templated', 'scheduled__2025-04-06T00:00:00+00:00', '--job-id', '13', '--raw', '--subdir', '/home/***/.local/lib/python3.8/site-packages/***/example_dags/tutorial.py', '--cfg-path', '/tmp/tmpzn8f4q5n']
[2025-04-07T14:31:47.180+0000] {standard_task_runner.py:88} INFO - Job 13: Subtask templated
[2025-04-07T14:31:47.353+0000] {task_command.py:423} INFO - Running <TaskInstance: tutorial.templated scheduled__2025-04-06T00:00:00+00:00 [running]> on host b1999c8cac41
[2025-04-07T14:31:47.611+0000] {taskinstance.py:2480} INFO - Exporting env vars: AIRFLOW_CTX_DAG_EMAIL='***@example.com' AIRFLOW_CTX_DAG_OWNER='***' AIRFLOW_CTX_DAG_ID='tutorial' AIRFLOW_CTX_TASK_ID='templated' AIRFLOW_CTX_EXECUTION_DATE='2025-04-06T00:00:00+00:00' AIRFLOW_CTX_TRY_NUMBER='1' AIRFLOW_CTX_DAG_RUN_ID='scheduled__2025-04-06T00:00:00+00:00'
[2025-04-07T14:31:47.615+0000] {subprocess.py:63} INFO - Tmp dir root location: /tmp
[2025-04-07T14:31:47.639+0000] {subprocess.py:75} INFO - Running command: ['/usr/bin/bash', '-c', '\n\n    echo "2025-04-06"\n    echo "2025-04-13"\n\n    echo "2025-04-06"\n    echo "2025-04-13"\n\n    echo "2025-04-06"\n    echo "2025-04-13"\n\n    echo "2025-04-06"\n    echo "2025-04-13"\n\n    echo "2025-04-06"\n    echo "2025-04-13"\n']
[2025-04-07T14:31:47.653+0000] {subprocess.py:86} INFO - Output:
[2025-04-07T14:31:47.655+0000] {subprocess.py:93} INFO - 2025-04-06
[2025-04-07T14:31:47.656+0000] {subprocess.py:93} INFO - 2025-04-13
[2025-04-07T14:31:47.657+0000] {subprocess.py:93} INFO - 2025-04-06
[2025-04-07T14:31:47.657+0000] {subprocess.py:93} INFO - 2025-04-13
[2025-04-07T14:31:47.658+0000] {subprocess.py:93} INFO - 2025-04-06
[2025-04-07T14:31:47.658+0000] {subprocess.py:93} INFO - 2025-04-13
[2025-04-07T14:31:47.659+0000] {subprocess.py:93} INFO - 2025-04-06
[2025-04-07T14:31:47.659+0000] {subprocess.py:93} INFO - 2025-04-13
[2025-04-07T14:31:47.659+0000] {subprocess.py:93} INFO - 2025-04-06
[2025-04-07T14:31:47.660+0000] {subprocess.py:93} INFO - 2025-04-13
[2025-04-07T14:31:47.661+0000] {subprocess.py:97} INFO - Command exited with return code 0
[2025-04-07T14:31:47.818+0000] {taskinstance.py:1138} INFO - Marking task as SUCCESS. dag_id=tutorial, task_id=templated, execution_date=20250406T000000, start_date=20250407T143147, end_date=20250407T143147
[2025-04-07T14:31:47.909+0000] {local_task_job_runner.py:234} INFO - Task exited with return code 0
[2025-04-07T14:31:47.925+0000] {taskinstance.py:3280} INFO - 0 downstream tasks scheduled from follow-on schedule check
