[2025-04-05T14:18:14.248+0000] {processor.py:161} INFO - Started process (PID=243) to work on /home/airflow/.local/lib/python3.8/site-packages/airflow/example_dags/example_skip_dag.py
[2025-04-05T14:18:14.250+0000] {processor.py:830} INFO - Processing file /home/airflow/.local/lib/python3.8/site-packages/airflow/example_dags/example_skip_dag.py for tasks to queue
[2025-04-05T14:18:14.252+0000] {logging_mixin.py:188} INFO - [2025-04-05T14:18:14.252+0000] {dagbag.py:538} INFO - Filling up the DagBag from /home/airflow/.local/lib/python3.8/site-packages/airflow/example_dags/example_skip_dag.py
[2025-04-05T14:18:14.269+0000] {processor.py:840} INFO - DAG(s) 'example_skip_dag' retrieved from /home/airflow/.local/lib/python3.8/site-packages/airflow/example_dags/example_skip_dag.py
[2025-04-05T14:18:14.289+0000] {logging_mixin.py:188} INFO - [2025-04-05T14:18:14.288+0000] {dag.py:3036} INFO - Sync 1 DAGs
[2025-04-05T14:18:14.330+0000] {logging_mixin.py:188} INFO - [2025-04-05T14:18:14.330+0000] {dag.py:3823} INFO - Setting next_dagrun for example_skip_dag to 2025-04-04 00:00:00+00:00, run_after=2025-04-05 00:00:00+00:00
[2025-04-05T14:18:14.362+0000] {processor.py:183} INFO - Processing /home/airflow/.local/lib/python3.8/site-packages/airflow/example_dags/example_skip_dag.py took 0.120 seconds
[2025-04-05T14:18:45.257+0000] {processor.py:161} INFO - Started process (PID=490) to work on /home/airflow/.local/lib/python3.8/site-packages/airflow/example_dags/example_skip_dag.py
[2025-04-05T14:18:45.259+0000] {processor.py:830} INFO - Processing file /home/airflow/.local/lib/python3.8/site-packages/airflow/example_dags/example_skip_dag.py for tasks to queue
[2025-04-05T14:18:45.260+0000] {logging_mixin.py:188} INFO - [2025-04-05T14:18:45.260+0000] {dagbag.py:538} INFO - Filling up the DagBag from /home/airflow/.local/lib/python3.8/site-packages/airflow/example_dags/example_skip_dag.py
[2025-04-05T14:18:45.268+0000] {processor.py:840} INFO - DAG(s) 'example_skip_dag' retrieved from /home/airflow/.local/lib/python3.8/site-packages/airflow/example_dags/example_skip_dag.py
[2025-04-05T14:18:45.387+0000] {logging_mixin.py:188} INFO - [2025-04-05T14:18:45.387+0000] {dag.py:3036} INFO - Sync 1 DAGs
[2025-04-05T14:18:45.413+0000] {logging_mixin.py:188} INFO - [2025-04-05T14:18:45.413+0000] {dag.py:3823} INFO - Setting next_dagrun for example_skip_dag to 2025-04-04 00:00:00+00:00, run_after=2025-04-05 00:00:00+00:00
[2025-04-05T14:18:45.443+0000] {processor.py:183} INFO - Processing /home/airflow/.local/lib/python3.8/site-packages/airflow/example_dags/example_skip_dag.py took 0.190 seconds
[2025-04-05T14:19:16.022+0000] {processor.py:161} INFO - Started process (PID=737) to work on /home/airflow/.local/lib/python3.8/site-packages/airflow/example_dags/example_skip_dag.py
[2025-04-05T14:19:16.023+0000] {processor.py:830} INFO - Processing file /home/airflow/.local/lib/python3.8/site-packages/airflow/example_dags/example_skip_dag.py for tasks to queue
[2025-04-05T14:19:16.024+0000] {logging_mixin.py:188} INFO - [2025-04-05T14:19:16.024+0000] {dagbag.py:538} INFO - Filling up the DagBag from /home/airflow/.local/lib/python3.8/site-packages/airflow/example_dags/example_skip_dag.py
[2025-04-05T14:19:16.030+0000] {processor.py:840} INFO - DAG(s) 'example_skip_dag' retrieved from /home/airflow/.local/lib/python3.8/site-packages/airflow/example_dags/example_skip_dag.py
[2025-04-05T14:19:16.051+0000] {logging_mixin.py:188} INFO - [2025-04-05T14:19:16.051+0000] {dag.py:3036} INFO - Sync 1 DAGs
[2025-04-05T14:19:16.073+0000] {logging_mixin.py:188} INFO - [2025-04-05T14:19:16.072+0000] {dag.py:3823} INFO - Setting next_dagrun for example_skip_dag to 2025-04-04 00:00:00+00:00, run_after=2025-04-05 00:00:00+00:00
[2025-04-05T14:19:16.092+0000] {processor.py:183} INFO - Processing /home/airflow/.local/lib/python3.8/site-packages/airflow/example_dags/example_skip_dag.py took 0.073 seconds
[2025-04-05T14:19:47.008+0000] {processor.py:161} INFO - Started process (PID=990) to work on /home/airflow/.local/lib/python3.8/site-packages/airflow/example_dags/example_skip_dag.py
[2025-04-05T14:19:47.010+0000] {processor.py:830} INFO - Processing file /home/airflow/.local/lib/python3.8/site-packages/airflow/example_dags/example_skip_dag.py for tasks to queue
[2025-04-05T14:19:47.011+0000] {logging_mixin.py:188} INFO - [2025-04-05T14:19:47.011+0000] {dagbag.py:538} INFO - Filling up the DagBag from /home/airflow/.local/lib/python3.8/site-packages/airflow/example_dags/example_skip_dag.py
[2025-04-05T14:19:47.023+0000] {processor.py:840} INFO - DAG(s) 'example_skip_dag' retrieved from /home/airflow/.local/lib/python3.8/site-packages/airflow/example_dags/example_skip_dag.py
[2025-04-05T14:19:47.051+0000] {logging_mixin.py:188} INFO - [2025-04-05T14:19:47.051+0000] {dag.py:3036} INFO - Sync 1 DAGs
[2025-04-05T14:19:47.080+0000] {logging_mixin.py:188} INFO - [2025-04-05T14:19:47.080+0000] {dag.py:3823} INFO - Setting next_dagrun for example_skip_dag to 2025-04-04 00:00:00+00:00, run_after=2025-04-05 00:00:00+00:00
[2025-04-05T14:19:47.103+0000] {processor.py:183} INFO - Processing /home/airflow/.local/lib/python3.8/site-packages/airflow/example_dags/example_skip_dag.py took 0.100 seconds
[2025-04-05T14:20:17.609+0000] {processor.py:161} INFO - Started process (PID=1237) to work on /home/airflow/.local/lib/python3.8/site-packages/airflow/example_dags/example_skip_dag.py
[2025-04-05T14:20:17.610+0000] {processor.py:830} INFO - Processing file /home/airflow/.local/lib/python3.8/site-packages/airflow/example_dags/example_skip_dag.py for tasks to queue
[2025-04-05T14:20:17.611+0000] {logging_mixin.py:188} INFO - [2025-04-05T14:20:17.611+0000] {dagbag.py:538} INFO - Filling up the DagBag from /home/airflow/.local/lib/python3.8/site-packages/airflow/example_dags/example_skip_dag.py
[2025-04-05T14:20:17.618+0000] {processor.py:840} INFO - DAG(s) 'example_skip_dag' retrieved from /home/airflow/.local/lib/python3.8/site-packages/airflow/example_dags/example_skip_dag.py
[2025-04-05T14:20:17.639+0000] {logging_mixin.py:188} INFO - [2025-04-05T14:20:17.639+0000] {dag.py:3036} INFO - Sync 1 DAGs
[2025-04-05T14:20:17.661+0000] {logging_mixin.py:188} INFO - [2025-04-05T14:20:17.660+0000] {dag.py:3823} INFO - Setting next_dagrun for example_skip_dag to 2025-04-04 00:00:00+00:00, run_after=2025-04-05 00:00:00+00:00
[2025-04-05T14:20:17.730+0000] {processor.py:183} INFO - Processing /home/airflow/.local/lib/python3.8/site-packages/airflow/example_dags/example_skip_dag.py took 0.124 seconds
[2025-04-05T14:20:47.873+0000] {processor.py:161} INFO - Started process (PID=1484) to work on /home/airflow/.local/lib/python3.8/site-packages/airflow/example_dags/example_skip_dag.py
[2025-04-05T14:20:47.875+0000] {processor.py:830} INFO - Processing file /home/airflow/.local/lib/python3.8/site-packages/airflow/example_dags/example_skip_dag.py for tasks to queue
[2025-04-05T14:20:47.876+0000] {logging_mixin.py:188} INFO - [2025-04-05T14:20:47.876+0000] {dagbag.py:538} INFO - Filling up the DagBag from /home/airflow/.local/lib/python3.8/site-packages/airflow/example_dags/example_skip_dag.py
[2025-04-05T14:20:47.887+0000] {processor.py:840} INFO - DAG(s) 'example_skip_dag' retrieved from /home/airflow/.local/lib/python3.8/site-packages/airflow/example_dags/example_skip_dag.py
[2025-04-05T14:20:47.925+0000] {logging_mixin.py:188} INFO - [2025-04-05T14:20:47.925+0000] {dag.py:3036} INFO - Sync 1 DAGs
[2025-04-05T14:20:47.960+0000] {logging_mixin.py:188} INFO - [2025-04-05T14:20:47.959+0000] {dag.py:3823} INFO - Setting next_dagrun for example_skip_dag to 2025-04-04 00:00:00+00:00, run_after=2025-04-05 00:00:00+00:00
[2025-04-05T14:20:48.015+0000] {processor.py:183} INFO - Processing /home/airflow/.local/lib/python3.8/site-packages/airflow/example_dags/example_skip_dag.py took 0.147 seconds
[2025-04-05T14:21:18.902+0000] {processor.py:161} INFO - Started process (PID=1731) to work on /home/airflow/.local/lib/python3.8/site-packages/airflow/example_dags/example_skip_dag.py
[2025-04-05T14:21:18.903+0000] {processor.py:830} INFO - Processing file /home/airflow/.local/lib/python3.8/site-packages/airflow/example_dags/example_skip_dag.py for tasks to queue
[2025-04-05T14:21:18.903+0000] {logging_mixin.py:188} INFO - [2025-04-05T14:21:18.903+0000] {dagbag.py:538} INFO - Filling up the DagBag from /home/airflow/.local/lib/python3.8/site-packages/airflow/example_dags/example_skip_dag.py
[2025-04-05T14:21:18.910+0000] {processor.py:840} INFO - DAG(s) 'example_skip_dag' retrieved from /home/airflow/.local/lib/python3.8/site-packages/airflow/example_dags/example_skip_dag.py
[2025-04-05T14:21:18.930+0000] {logging_mixin.py:188} INFO - [2025-04-05T14:21:18.930+0000] {dag.py:3036} INFO - Sync 1 DAGs
[2025-04-05T14:21:18.949+0000] {logging_mixin.py:188} INFO - [2025-04-05T14:21:18.949+0000] {dag.py:3823} INFO - Setting next_dagrun for example_skip_dag to 2025-04-04 00:00:00+00:00, run_after=2025-04-05 00:00:00+00:00
[2025-04-05T14:21:18.969+0000] {processor.py:183} INFO - Processing /home/airflow/.local/lib/python3.8/site-packages/airflow/example_dags/example_skip_dag.py took 0.071 seconds
[2025-04-05T14:21:49.212+0000] {processor.py:161} INFO - Started process (PID=1979) to work on /home/airflow/.local/lib/python3.8/site-packages/airflow/example_dags/example_skip_dag.py
[2025-04-05T14:21:49.213+0000] {processor.py:830} INFO - Processing file /home/airflow/.local/lib/python3.8/site-packages/airflow/example_dags/example_skip_dag.py for tasks to queue
[2025-04-05T14:21:49.215+0000] {logging_mixin.py:188} INFO - [2025-04-05T14:21:49.214+0000] {dagbag.py:538} INFO - Filling up the DagBag from /home/airflow/.local/lib/python3.8/site-packages/airflow/example_dags/example_skip_dag.py
[2025-04-05T14:21:49.227+0000] {processor.py:840} INFO - DAG(s) 'example_skip_dag' retrieved from /home/airflow/.local/lib/python3.8/site-packages/airflow/example_dags/example_skip_dag.py
[2025-04-05T14:21:49.255+0000] {logging_mixin.py:188} INFO - [2025-04-05T14:21:49.254+0000] {dag.py:3036} INFO - Sync 1 DAGs
[2025-04-05T14:21:49.283+0000] {logging_mixin.py:188} INFO - [2025-04-05T14:21:49.283+0000] {dag.py:3823} INFO - Setting next_dagrun for example_skip_dag to 2025-04-04 00:00:00+00:00, run_after=2025-04-05 00:00:00+00:00
[2025-04-05T14:21:49.308+0000] {processor.py:183} INFO - Processing /home/airflow/.local/lib/python3.8/site-packages/airflow/example_dags/example_skip_dag.py took 0.100 seconds
[2025-04-05T14:22:19.466+0000] {processor.py:161} INFO - Started process (PID=2226) to work on /home/airflow/.local/lib/python3.8/site-packages/airflow/example_dags/example_skip_dag.py
[2025-04-05T14:22:19.468+0000] {processor.py:830} INFO - Processing file /home/airflow/.local/lib/python3.8/site-packages/airflow/example_dags/example_skip_dag.py for tasks to queue
[2025-04-05T14:22:19.469+0000] {logging_mixin.py:188} INFO - [2025-04-05T14:22:19.468+0000] {dagbag.py:538} INFO - Filling up the DagBag from /home/airflow/.local/lib/python3.8/site-packages/airflow/example_dags/example_skip_dag.py
[2025-04-05T14:22:19.477+0000] {processor.py:840} INFO - DAG(s) 'example_skip_dag' retrieved from /home/airflow/.local/lib/python3.8/site-packages/airflow/example_dags/example_skip_dag.py
[2025-04-05T14:22:19.496+0000] {logging_mixin.py:188} INFO - [2025-04-05T14:22:19.496+0000] {dag.py:3036} INFO - Sync 1 DAGs
[2025-04-05T14:22:19.516+0000] {logging_mixin.py:188} INFO - [2025-04-05T14:22:19.516+0000] {dag.py:3823} INFO - Setting next_dagrun for example_skip_dag to 2025-04-04 00:00:00+00:00, run_after=2025-04-05 00:00:00+00:00
[2025-04-05T14:22:19.538+0000] {processor.py:183} INFO - Processing /home/airflow/.local/lib/python3.8/site-packages/airflow/example_dags/example_skip_dag.py took 0.076 seconds
[2025-04-05T14:22:49.909+0000] {processor.py:161} INFO - Started process (PID=2473) to work on /home/airflow/.local/lib/python3.8/site-packages/airflow/example_dags/example_skip_dag.py
[2025-04-05T14:22:49.910+0000] {processor.py:830} INFO - Processing file /home/airflow/.local/lib/python3.8/site-packages/airflow/example_dags/example_skip_dag.py for tasks to queue
[2025-04-05T14:22:49.911+0000] {logging_mixin.py:188} INFO - [2025-04-05T14:22:49.911+0000] {dagbag.py:538} INFO - Filling up the DagBag from /home/airflow/.local/lib/python3.8/site-packages/airflow/example_dags/example_skip_dag.py
[2025-04-05T14:22:49.917+0000] {processor.py:840} INFO - DAG(s) 'example_skip_dag' retrieved from /home/airflow/.local/lib/python3.8/site-packages/airflow/example_dags/example_skip_dag.py
[2025-04-05T14:22:49.938+0000] {logging_mixin.py:188} INFO - [2025-04-05T14:22:49.938+0000] {dag.py:3036} INFO - Sync 1 DAGs
[2025-04-05T14:22:49.961+0000] {logging_mixin.py:188} INFO - [2025-04-05T14:22:49.961+0000] {dag.py:3823} INFO - Setting next_dagrun for example_skip_dag to 2025-04-04 00:00:00+00:00, run_after=2025-04-05 00:00:00+00:00
[2025-04-05T14:22:49.982+0000] {processor.py:183} INFO - Processing /home/airflow/.local/lib/python3.8/site-packages/airflow/example_dags/example_skip_dag.py took 0.076 seconds
[2025-04-05T14:23:20.027+0000] {processor.py:161} INFO - Started process (PID=2717) to work on /home/airflow/.local/lib/python3.8/site-packages/airflow/example_dags/example_skip_dag.py
[2025-04-05T14:23:20.028+0000] {processor.py:830} INFO - Processing file /home/airflow/.local/lib/python3.8/site-packages/airflow/example_dags/example_skip_dag.py for tasks to queue
[2025-04-05T14:23:20.029+0000] {logging_mixin.py:188} INFO - [2025-04-05T14:23:20.028+0000] {dagbag.py:538} INFO - Filling up the DagBag from /home/airflow/.local/lib/python3.8/site-packages/airflow/example_dags/example_skip_dag.py
[2025-04-05T14:23:20.035+0000] {processor.py:840} INFO - DAG(s) 'example_skip_dag' retrieved from /home/airflow/.local/lib/python3.8/site-packages/airflow/example_dags/example_skip_dag.py
[2025-04-05T14:23:20.056+0000] {logging_mixin.py:188} INFO - [2025-04-05T14:23:20.056+0000] {dag.py:3036} INFO - Sync 1 DAGs
[2025-04-05T14:23:20.076+0000] {logging_mixin.py:188} INFO - [2025-04-05T14:23:20.076+0000] {dag.py:3823} INFO - Setting next_dagrun for example_skip_dag to 2025-04-04 00:00:00+00:00, run_after=2025-04-05 00:00:00+00:00
[2025-04-05T14:23:20.098+0000] {processor.py:183} INFO - Processing /home/airflow/.local/lib/python3.8/site-packages/airflow/example_dags/example_skip_dag.py took 0.074 seconds
[2025-04-05T14:23:50.206+0000] {processor.py:161} INFO - Started process (PID=2964) to work on /home/airflow/.local/lib/python3.8/site-packages/airflow/example_dags/example_skip_dag.py
[2025-04-05T14:23:50.207+0000] {processor.py:830} INFO - Processing file /home/airflow/.local/lib/python3.8/site-packages/airflow/example_dags/example_skip_dag.py for tasks to queue
[2025-04-05T14:23:50.208+0000] {logging_mixin.py:188} INFO - [2025-04-05T14:23:50.208+0000] {dagbag.py:538} INFO - Filling up the DagBag from /home/airflow/.local/lib/python3.8/site-packages/airflow/example_dags/example_skip_dag.py
[2025-04-05T14:23:50.214+0000] {processor.py:840} INFO - DAG(s) 'example_skip_dag' retrieved from /home/airflow/.local/lib/python3.8/site-packages/airflow/example_dags/example_skip_dag.py
[2025-04-05T14:23:50.235+0000] {logging_mixin.py:188} INFO - [2025-04-05T14:23:50.235+0000] {dag.py:3036} INFO - Sync 1 DAGs
[2025-04-05T14:23:50.255+0000] {logging_mixin.py:188} INFO - [2025-04-05T14:23:50.255+0000] {dag.py:3823} INFO - Setting next_dagrun for example_skip_dag to 2025-04-04 00:00:00+00:00, run_after=2025-04-05 00:00:00+00:00
[2025-04-05T14:23:50.274+0000] {processor.py:183} INFO - Processing /home/airflow/.local/lib/python3.8/site-packages/airflow/example_dags/example_skip_dag.py took 0.072 seconds
[2025-04-05T14:24:20.529+0000] {processor.py:161} INFO - Started process (PID=3214) to work on /home/airflow/.local/lib/python3.8/site-packages/airflow/example_dags/example_skip_dag.py
[2025-04-05T14:24:20.530+0000] {processor.py:830} INFO - Processing file /home/airflow/.local/lib/python3.8/site-packages/airflow/example_dags/example_skip_dag.py for tasks to queue
[2025-04-05T14:24:20.531+0000] {logging_mixin.py:188} INFO - [2025-04-05T14:24:20.531+0000] {dagbag.py:538} INFO - Filling up the DagBag from /home/airflow/.local/lib/python3.8/site-packages/airflow/example_dags/example_skip_dag.py
[2025-04-05T14:24:20.539+0000] {processor.py:840} INFO - DAG(s) 'example_skip_dag' retrieved from /home/airflow/.local/lib/python3.8/site-packages/airflow/example_dags/example_skip_dag.py
[2025-04-05T14:24:20.578+0000] {logging_mixin.py:188} INFO - [2025-04-05T14:24:20.578+0000] {dag.py:3036} INFO - Sync 1 DAGs
[2025-04-05T14:24:20.629+0000] {logging_mixin.py:188} INFO - [2025-04-05T14:24:20.625+0000] {dag.py:3823} INFO - Setting next_dagrun for example_skip_dag to 2025-04-04 00:00:00+00:00, run_after=2025-04-05 00:00:00+00:00
[2025-04-05T14:24:20.668+0000] {processor.py:183} INFO - Processing /home/airflow/.local/lib/python3.8/site-packages/airflow/example_dags/example_skip_dag.py took 0.143 seconds
[2025-04-05T14:24:50.742+0000] {processor.py:161} INFO - Started process (PID=3458) to work on /home/airflow/.local/lib/python3.8/site-packages/airflow/example_dags/example_skip_dag.py
[2025-04-05T14:24:50.743+0000] {processor.py:830} INFO - Processing file /home/airflow/.local/lib/python3.8/site-packages/airflow/example_dags/example_skip_dag.py for tasks to queue
[2025-04-05T14:24:50.744+0000] {logging_mixin.py:188} INFO - [2025-04-05T14:24:50.743+0000] {dagbag.py:538} INFO - Filling up the DagBag from /home/airflow/.local/lib/python3.8/site-packages/airflow/example_dags/example_skip_dag.py
[2025-04-05T14:24:50.750+0000] {processor.py:840} INFO - DAG(s) 'example_skip_dag' retrieved from /home/airflow/.local/lib/python3.8/site-packages/airflow/example_dags/example_skip_dag.py
[2025-04-05T14:24:50.773+0000] {logging_mixin.py:188} INFO - [2025-04-05T14:24:50.773+0000] {dag.py:3036} INFO - Sync 1 DAGs
[2025-04-05T14:24:50.792+0000] {logging_mixin.py:188} INFO - [2025-04-05T14:24:50.792+0000] {dag.py:3823} INFO - Setting next_dagrun for example_skip_dag to 2025-04-04 00:00:00+00:00, run_after=2025-04-05 00:00:00+00:00
[2025-04-05T14:24:50.811+0000] {processor.py:183} INFO - Processing /home/airflow/.local/lib/python3.8/site-packages/airflow/example_dags/example_skip_dag.py took 0.073 seconds
[2025-04-05T14:25:21.109+0000] {processor.py:161} INFO - Started process (PID=3705) to work on /home/airflow/.local/lib/python3.8/site-packages/airflow/example_dags/example_skip_dag.py
[2025-04-05T14:25:21.111+0000] {processor.py:830} INFO - Processing file /home/airflow/.local/lib/python3.8/site-packages/airflow/example_dags/example_skip_dag.py for tasks to queue
[2025-04-05T14:25:21.112+0000] {logging_mixin.py:188} INFO - [2025-04-05T14:25:21.111+0000] {dagbag.py:538} INFO - Filling up the DagBag from /home/airflow/.local/lib/python3.8/site-packages/airflow/example_dags/example_skip_dag.py
[2025-04-05T14:25:21.117+0000] {processor.py:840} INFO - DAG(s) 'example_skip_dag' retrieved from /home/airflow/.local/lib/python3.8/site-packages/airflow/example_dags/example_skip_dag.py
[2025-04-05T14:25:21.138+0000] {logging_mixin.py:188} INFO - [2025-04-05T14:25:21.138+0000] {dag.py:3036} INFO - Sync 1 DAGs
[2025-04-05T14:25:21.158+0000] {logging_mixin.py:188} INFO - [2025-04-05T14:25:21.158+0000] {dag.py:3823} INFO - Setting next_dagrun for example_skip_dag to 2025-04-04 00:00:00+00:00, run_after=2025-04-05 00:00:00+00:00
[2025-04-05T14:25:21.179+0000] {processor.py:183} INFO - Processing /home/airflow/.local/lib/python3.8/site-packages/airflow/example_dags/example_skip_dag.py took 0.072 seconds
[2025-04-05T14:25:51.424+0000] {processor.py:161} INFO - Started process (PID=3952) to work on /home/airflow/.local/lib/python3.8/site-packages/airflow/example_dags/example_skip_dag.py
[2025-04-05T14:25:51.425+0000] {processor.py:830} INFO - Processing file /home/airflow/.local/lib/python3.8/site-packages/airflow/example_dags/example_skip_dag.py for tasks to queue
[2025-04-05T14:25:51.425+0000] {logging_mixin.py:188} INFO - [2025-04-05T14:25:51.425+0000] {dagbag.py:538} INFO - Filling up the DagBag from /home/airflow/.local/lib/python3.8/site-packages/airflow/example_dags/example_skip_dag.py
[2025-04-05T14:25:51.432+0000] {processor.py:840} INFO - DAG(s) 'example_skip_dag' retrieved from /home/airflow/.local/lib/python3.8/site-packages/airflow/example_dags/example_skip_dag.py
[2025-04-05T14:25:51.450+0000] {logging_mixin.py:188} INFO - [2025-04-05T14:25:51.450+0000] {dag.py:3036} INFO - Sync 1 DAGs
[2025-04-05T14:25:51.468+0000] {logging_mixin.py:188} INFO - [2025-04-05T14:25:51.467+0000] {dag.py:3823} INFO - Setting next_dagrun for example_skip_dag to 2025-04-04 00:00:00+00:00, run_after=2025-04-05 00:00:00+00:00
[2025-04-05T14:25:51.486+0000] {processor.py:183} INFO - Processing /home/airflow/.local/lib/python3.8/site-packages/airflow/example_dags/example_skip_dag.py took 0.065 seconds
[2025-04-05T14:26:22.117+0000] {processor.py:161} INFO - Started process (PID=4199) to work on /home/airflow/.local/lib/python3.8/site-packages/airflow/example_dags/example_skip_dag.py
[2025-04-05T14:26:22.118+0000] {processor.py:830} INFO - Processing file /home/airflow/.local/lib/python3.8/site-packages/airflow/example_dags/example_skip_dag.py for tasks to queue
[2025-04-05T14:26:22.119+0000] {logging_mixin.py:188} INFO - [2025-04-05T14:26:22.119+0000] {dagbag.py:538} INFO - Filling up the DagBag from /home/airflow/.local/lib/python3.8/site-packages/airflow/example_dags/example_skip_dag.py
[2025-04-05T14:26:22.125+0000] {processor.py:840} INFO - DAG(s) 'example_skip_dag' retrieved from /home/airflow/.local/lib/python3.8/site-packages/airflow/example_dags/example_skip_dag.py
[2025-04-05T14:26:22.143+0000] {logging_mixin.py:188} INFO - [2025-04-05T14:26:22.143+0000] {dag.py:3036} INFO - Sync 1 DAGs
[2025-04-05T14:26:22.161+0000] {logging_mixin.py:188} INFO - [2025-04-05T14:26:22.161+0000] {dag.py:3823} INFO - Setting next_dagrun for example_skip_dag to 2025-04-04 00:00:00+00:00, run_after=2025-04-05 00:00:00+00:00
[2025-04-05T14:26:22.179+0000] {processor.py:183} INFO - Processing /home/airflow/.local/lib/python3.8/site-packages/airflow/example_dags/example_skip_dag.py took 0.064 seconds
[2025-04-05T14:26:52.267+0000] {processor.py:161} INFO - Started process (PID=4446) to work on /home/airflow/.local/lib/python3.8/site-packages/airflow/example_dags/example_skip_dag.py
[2025-04-05T14:26:52.268+0000] {processor.py:830} INFO - Processing file /home/airflow/.local/lib/python3.8/site-packages/airflow/example_dags/example_skip_dag.py for tasks to queue
[2025-04-05T14:26:52.269+0000] {logging_mixin.py:188} INFO - [2025-04-05T14:26:52.269+0000] {dagbag.py:538} INFO - Filling up the DagBag from /home/airflow/.local/lib/python3.8/site-packages/airflow/example_dags/example_skip_dag.py
[2025-04-05T14:26:52.276+0000] {processor.py:840} INFO - DAG(s) 'example_skip_dag' retrieved from /home/airflow/.local/lib/python3.8/site-packages/airflow/example_dags/example_skip_dag.py
[2025-04-05T14:26:52.296+0000] {logging_mixin.py:188} INFO - [2025-04-05T14:26:52.296+0000] {dag.py:3036} INFO - Sync 1 DAGs
[2025-04-05T14:26:52.316+0000] {logging_mixin.py:188} INFO - [2025-04-05T14:26:52.316+0000] {dag.py:3823} INFO - Setting next_dagrun for example_skip_dag to 2025-04-04 00:00:00+00:00, run_after=2025-04-05 00:00:00+00:00
[2025-04-05T14:26:52.338+0000] {processor.py:183} INFO - Processing /home/airflow/.local/lib/python3.8/site-packages/airflow/example_dags/example_skip_dag.py took 0.074 seconds
[2025-04-05T14:28:35.017+0000] {processor.py:161} INFO - Started process (PID=237) to work on /home/airflow/.local/lib/python3.8/site-packages/airflow/example_dags/example_skip_dag.py
[2025-04-05T14:28:35.019+0000] {processor.py:830} INFO - Processing file /home/airflow/.local/lib/python3.8/site-packages/airflow/example_dags/example_skip_dag.py for tasks to queue
[2025-04-05T14:28:35.020+0000] {logging_mixin.py:188} INFO - [2025-04-05T14:28:35.020+0000] {dagbag.py:538} INFO - Filling up the DagBag from /home/airflow/.local/lib/python3.8/site-packages/airflow/example_dags/example_skip_dag.py
[2025-04-05T14:28:35.032+0000] {processor.py:840} INFO - DAG(s) 'example_skip_dag' retrieved from /home/airflow/.local/lib/python3.8/site-packages/airflow/example_dags/example_skip_dag.py
[2025-04-05T14:28:35.049+0000] {logging_mixin.py:188} INFO - [2025-04-05T14:28:35.048+0000] {dag.py:3036} INFO - Sync 1 DAGs
[2025-04-05T14:28:35.091+0000] {logging_mixin.py:188} INFO - [2025-04-05T14:28:35.091+0000] {dag.py:3823} INFO - Setting next_dagrun for example_skip_dag to 2025-04-04 00:00:00+00:00, run_after=2025-04-05 00:00:00+00:00
[2025-04-05T14:28:35.115+0000] {processor.py:183} INFO - Processing /home/airflow/.local/lib/python3.8/site-packages/airflow/example_dags/example_skip_dag.py took 0.103 seconds
[2025-04-05T14:29:05.992+0000] {processor.py:161} INFO - Started process (PID=490) to work on /home/airflow/.local/lib/python3.8/site-packages/airflow/example_dags/example_skip_dag.py
[2025-04-05T14:29:05.993+0000] {processor.py:830} INFO - Processing file /home/airflow/.local/lib/python3.8/site-packages/airflow/example_dags/example_skip_dag.py for tasks to queue
[2025-04-05T14:29:05.995+0000] {logging_mixin.py:188} INFO - [2025-04-05T14:29:05.994+0000] {dagbag.py:538} INFO - Filling up the DagBag from /home/airflow/.local/lib/python3.8/site-packages/airflow/example_dags/example_skip_dag.py
[2025-04-05T14:29:06.001+0000] {processor.py:840} INFO - DAG(s) 'example_skip_dag' retrieved from /home/airflow/.local/lib/python3.8/site-packages/airflow/example_dags/example_skip_dag.py
[2025-04-05T14:29:06.091+0000] {logging_mixin.py:188} INFO - [2025-04-05T14:29:06.091+0000] {dag.py:3036} INFO - Sync 1 DAGs
[2025-04-05T14:29:06.109+0000] {logging_mixin.py:188} INFO - [2025-04-05T14:29:06.109+0000] {dag.py:3823} INFO - Setting next_dagrun for example_skip_dag to 2025-04-04 00:00:00+00:00, run_after=2025-04-05 00:00:00+00:00
[2025-04-05T14:29:06.131+0000] {processor.py:183} INFO - Processing /home/airflow/.local/lib/python3.8/site-packages/airflow/example_dags/example_skip_dag.py took 0.141 seconds
[2025-04-05T14:29:36.479+0000] {processor.py:161} INFO - Started process (PID=737) to work on /home/airflow/.local/lib/python3.8/site-packages/airflow/example_dags/example_skip_dag.py
[2025-04-05T14:29:36.480+0000] {processor.py:830} INFO - Processing file /home/airflow/.local/lib/python3.8/site-packages/airflow/example_dags/example_skip_dag.py for tasks to queue
[2025-04-05T14:29:36.482+0000] {logging_mixin.py:188} INFO - [2025-04-05T14:29:36.481+0000] {dagbag.py:538} INFO - Filling up the DagBag from /home/airflow/.local/lib/python3.8/site-packages/airflow/example_dags/example_skip_dag.py
[2025-04-05T14:29:36.492+0000] {processor.py:840} INFO - DAG(s) 'example_skip_dag' retrieved from /home/airflow/.local/lib/python3.8/site-packages/airflow/example_dags/example_skip_dag.py
[2025-04-05T14:29:36.524+0000] {logging_mixin.py:188} INFO - [2025-04-05T14:29:36.524+0000] {dag.py:3036} INFO - Sync 1 DAGs
[2025-04-05T14:29:36.550+0000] {logging_mixin.py:188} INFO - [2025-04-05T14:29:36.550+0000] {dag.py:3823} INFO - Setting next_dagrun for example_skip_dag to 2025-04-04 00:00:00+00:00, run_after=2025-04-05 00:00:00+00:00
[2025-04-05T14:29:36.569+0000] {processor.py:183} INFO - Processing /home/airflow/.local/lib/python3.8/site-packages/airflow/example_dags/example_skip_dag.py took 0.094 seconds
[2025-04-05T14:30:06.955+0000] {processor.py:161} INFO - Started process (PID=984) to work on /home/airflow/.local/lib/python3.8/site-packages/airflow/example_dags/example_skip_dag.py
[2025-04-05T14:30:06.956+0000] {processor.py:830} INFO - Processing file /home/airflow/.local/lib/python3.8/site-packages/airflow/example_dags/example_skip_dag.py for tasks to queue
[2025-04-05T14:30:06.957+0000] {logging_mixin.py:188} INFO - [2025-04-05T14:30:06.957+0000] {dagbag.py:538} INFO - Filling up the DagBag from /home/airflow/.local/lib/python3.8/site-packages/airflow/example_dags/example_skip_dag.py
[2025-04-05T14:30:06.967+0000] {processor.py:840} INFO - DAG(s) 'example_skip_dag' retrieved from /home/airflow/.local/lib/python3.8/site-packages/airflow/example_dags/example_skip_dag.py
[2025-04-05T14:30:06.994+0000] {logging_mixin.py:188} INFO - [2025-04-05T14:30:06.994+0000] {dag.py:3036} INFO - Sync 1 DAGs
[2025-04-05T14:30:07.024+0000] {logging_mixin.py:188} INFO - [2025-04-05T14:30:07.023+0000] {dag.py:3823} INFO - Setting next_dagrun for example_skip_dag to 2025-04-04 00:00:00+00:00, run_after=2025-04-05 00:00:00+00:00
[2025-04-05T14:30:07.048+0000] {processor.py:183} INFO - Processing /home/airflow/.local/lib/python3.8/site-packages/airflow/example_dags/example_skip_dag.py took 0.098 seconds
[2025-04-05T14:30:38.038+0000] {processor.py:161} INFO - Started process (PID=1231) to work on /home/airflow/.local/lib/python3.8/site-packages/airflow/example_dags/example_skip_dag.py
[2025-04-05T14:30:38.039+0000] {processor.py:830} INFO - Processing file /home/airflow/.local/lib/python3.8/site-packages/airflow/example_dags/example_skip_dag.py for tasks to queue
[2025-04-05T14:30:38.040+0000] {logging_mixin.py:188} INFO - [2025-04-05T14:30:38.040+0000] {dagbag.py:538} INFO - Filling up the DagBag from /home/airflow/.local/lib/python3.8/site-packages/airflow/example_dags/example_skip_dag.py
[2025-04-05T14:30:38.047+0000] {processor.py:840} INFO - DAG(s) 'example_skip_dag' retrieved from /home/airflow/.local/lib/python3.8/site-packages/airflow/example_dags/example_skip_dag.py
[2025-04-05T14:30:38.067+0000] {logging_mixin.py:188} INFO - [2025-04-05T14:30:38.067+0000] {dag.py:3036} INFO - Sync 1 DAGs
[2025-04-05T14:30:38.088+0000] {logging_mixin.py:188} INFO - [2025-04-05T14:30:38.088+0000] {dag.py:3823} INFO - Setting next_dagrun for example_skip_dag to 2025-04-04 00:00:00+00:00, run_after=2025-04-05 00:00:00+00:00
[2025-04-05T14:30:38.108+0000] {processor.py:183} INFO - Processing /home/airflow/.local/lib/python3.8/site-packages/airflow/example_dags/example_skip_dag.py took 0.073 seconds
[2025-04-05T14:31:08.788+0000] {processor.py:161} INFO - Started process (PID=1478) to work on /home/airflow/.local/lib/python3.8/site-packages/airflow/example_dags/example_skip_dag.py
[2025-04-05T14:31:08.789+0000] {processor.py:830} INFO - Processing file /home/airflow/.local/lib/python3.8/site-packages/airflow/example_dags/example_skip_dag.py for tasks to queue
[2025-04-05T14:31:08.790+0000] {logging_mixin.py:188} INFO - [2025-04-05T14:31:08.789+0000] {dagbag.py:538} INFO - Filling up the DagBag from /home/airflow/.local/lib/python3.8/site-packages/airflow/example_dags/example_skip_dag.py
[2025-04-05T14:31:08.796+0000] {processor.py:840} INFO - DAG(s) 'example_skip_dag' retrieved from /home/airflow/.local/lib/python3.8/site-packages/airflow/example_dags/example_skip_dag.py
[2025-04-05T14:31:08.818+0000] {logging_mixin.py:188} INFO - [2025-04-05T14:31:08.818+0000] {dag.py:3036} INFO - Sync 1 DAGs
[2025-04-05T14:31:08.837+0000] {logging_mixin.py:188} INFO - [2025-04-05T14:31:08.837+0000] {dag.py:3823} INFO - Setting next_dagrun for example_skip_dag to 2025-04-04 00:00:00+00:00, run_after=2025-04-05 00:00:00+00:00
[2025-04-05T14:31:08.967+0000] {processor.py:183} INFO - Processing /home/airflow/.local/lib/python3.8/site-packages/airflow/example_dags/example_skip_dag.py took 0.182 seconds
[2025-04-05T14:31:39.251+0000] {processor.py:161} INFO - Started process (PID=1725) to work on /home/airflow/.local/lib/python3.8/site-packages/airflow/example_dags/example_skip_dag.py
[2025-04-05T14:31:39.277+0000] {processor.py:830} INFO - Processing file /home/airflow/.local/lib/python3.8/site-packages/airflow/example_dags/example_skip_dag.py for tasks to queue
[2025-04-05T14:31:39.279+0000] {logging_mixin.py:188} INFO - [2025-04-05T14:31:39.278+0000] {dagbag.py:538} INFO - Filling up the DagBag from /home/airflow/.local/lib/python3.8/site-packages/airflow/example_dags/example_skip_dag.py
[2025-04-05T14:31:39.292+0000] {processor.py:840} INFO - DAG(s) 'example_skip_dag' retrieved from /home/airflow/.local/lib/python3.8/site-packages/airflow/example_dags/example_skip_dag.py
[2025-04-05T14:31:39.316+0000] {logging_mixin.py:188} INFO - [2025-04-05T14:31:39.316+0000] {dag.py:3036} INFO - Sync 1 DAGs
[2025-04-05T14:31:39.336+0000] {logging_mixin.py:188} INFO - [2025-04-05T14:31:39.336+0000] {dag.py:3823} INFO - Setting next_dagrun for example_skip_dag to 2025-04-04 00:00:00+00:00, run_after=2025-04-05 00:00:00+00:00
[2025-04-05T14:31:39.357+0000] {processor.py:183} INFO - Processing /home/airflow/.local/lib/python3.8/site-packages/airflow/example_dags/example_skip_dag.py took 0.109 seconds
[2025-04-05T14:32:09.408+0000] {processor.py:161} INFO - Started process (PID=1969) to work on /home/airflow/.local/lib/python3.8/site-packages/airflow/example_dags/example_skip_dag.py
[2025-04-05T14:32:09.409+0000] {processor.py:830} INFO - Processing file /home/airflow/.local/lib/python3.8/site-packages/airflow/example_dags/example_skip_dag.py for tasks to queue
[2025-04-05T14:32:09.410+0000] {logging_mixin.py:188} INFO - [2025-04-05T14:32:09.410+0000] {dagbag.py:538} INFO - Filling up the DagBag from /home/airflow/.local/lib/python3.8/site-packages/airflow/example_dags/example_skip_dag.py
[2025-04-05T14:32:09.417+0000] {processor.py:840} INFO - DAG(s) 'example_skip_dag' retrieved from /home/airflow/.local/lib/python3.8/site-packages/airflow/example_dags/example_skip_dag.py
[2025-04-05T14:32:09.438+0000] {logging_mixin.py:188} INFO - [2025-04-05T14:32:09.437+0000] {dag.py:3036} INFO - Sync 1 DAGs
[2025-04-05T14:32:09.459+0000] {logging_mixin.py:188} INFO - [2025-04-05T14:32:09.459+0000] {dag.py:3823} INFO - Setting next_dagrun for example_skip_dag to 2025-04-04 00:00:00+00:00, run_after=2025-04-05 00:00:00+00:00
[2025-04-05T14:32:09.479+0000] {processor.py:183} INFO - Processing /home/airflow/.local/lib/python3.8/site-packages/airflow/example_dags/example_skip_dag.py took 0.074 seconds
[2025-04-05T14:32:39.669+0000] {processor.py:161} INFO - Started process (PID=2219) to work on /home/airflow/.local/lib/python3.8/site-packages/airflow/example_dags/example_skip_dag.py
[2025-04-05T14:32:39.671+0000] {processor.py:830} INFO - Processing file /home/airflow/.local/lib/python3.8/site-packages/airflow/example_dags/example_skip_dag.py for tasks to queue
[2025-04-05T14:32:39.672+0000] {logging_mixin.py:188} INFO - [2025-04-05T14:32:39.671+0000] {dagbag.py:538} INFO - Filling up the DagBag from /home/airflow/.local/lib/python3.8/site-packages/airflow/example_dags/example_skip_dag.py
[2025-04-05T14:32:39.678+0000] {processor.py:840} INFO - DAG(s) 'example_skip_dag' retrieved from /home/airflow/.local/lib/python3.8/site-packages/airflow/example_dags/example_skip_dag.py
[2025-04-05T14:32:39.698+0000] {logging_mixin.py:188} INFO - [2025-04-05T14:32:39.697+0000] {dag.py:3036} INFO - Sync 1 DAGs
[2025-04-05T14:32:39.717+0000] {logging_mixin.py:188} INFO - [2025-04-05T14:32:39.717+0000] {dag.py:3823} INFO - Setting next_dagrun for example_skip_dag to 2025-04-04 00:00:00+00:00, run_after=2025-04-05 00:00:00+00:00
[2025-04-05T14:32:39.746+0000] {processor.py:183} INFO - Processing /home/airflow/.local/lib/python3.8/site-packages/airflow/example_dags/example_skip_dag.py took 0.080 seconds
[2025-04-05T14:33:10.089+0000] {processor.py:161} INFO - Started process (PID=2466) to work on /home/airflow/.local/lib/python3.8/site-packages/airflow/example_dags/example_skip_dag.py
[2025-04-05T14:33:10.090+0000] {processor.py:830} INFO - Processing file /home/airflow/.local/lib/python3.8/site-packages/airflow/example_dags/example_skip_dag.py for tasks to queue
[2025-04-05T14:33:10.091+0000] {logging_mixin.py:188} INFO - [2025-04-05T14:33:10.091+0000] {dagbag.py:538} INFO - Filling up the DagBag from /home/airflow/.local/lib/python3.8/site-packages/airflow/example_dags/example_skip_dag.py
[2025-04-05T14:33:10.097+0000] {processor.py:840} INFO - DAG(s) 'example_skip_dag' retrieved from /home/airflow/.local/lib/python3.8/site-packages/airflow/example_dags/example_skip_dag.py
[2025-04-05T14:33:10.118+0000] {logging_mixin.py:188} INFO - [2025-04-05T14:33:10.118+0000] {dag.py:3036} INFO - Sync 1 DAGs
[2025-04-05T14:33:10.138+0000] {logging_mixin.py:188} INFO - [2025-04-05T14:33:10.138+0000] {dag.py:3823} INFO - Setting next_dagrun for example_skip_dag to 2025-04-04 00:00:00+00:00, run_after=2025-04-05 00:00:00+00:00
[2025-04-05T14:33:10.158+0000] {processor.py:183} INFO - Processing /home/airflow/.local/lib/python3.8/site-packages/airflow/example_dags/example_skip_dag.py took 0.072 seconds
[2025-04-05T14:33:40.371+0000] {processor.py:161} INFO - Started process (PID=2713) to work on /home/airflow/.local/lib/python3.8/site-packages/airflow/example_dags/example_skip_dag.py
[2025-04-05T14:33:40.372+0000] {processor.py:830} INFO - Processing file /home/airflow/.local/lib/python3.8/site-packages/airflow/example_dags/example_skip_dag.py for tasks to queue
[2025-04-05T14:33:40.373+0000] {logging_mixin.py:188} INFO - [2025-04-05T14:33:40.372+0000] {dagbag.py:538} INFO - Filling up the DagBag from /home/airflow/.local/lib/python3.8/site-packages/airflow/example_dags/example_skip_dag.py
[2025-04-05T14:33:40.379+0000] {processor.py:840} INFO - DAG(s) 'example_skip_dag' retrieved from /home/airflow/.local/lib/python3.8/site-packages/airflow/example_dags/example_skip_dag.py
[2025-04-05T14:33:40.399+0000] {logging_mixin.py:188} INFO - [2025-04-05T14:33:40.398+0000] {dag.py:3036} INFO - Sync 1 DAGs
[2025-04-05T14:33:40.418+0000] {logging_mixin.py:188} INFO - [2025-04-05T14:33:40.418+0000] {dag.py:3823} INFO - Setting next_dagrun for example_skip_dag to 2025-04-04 00:00:00+00:00, run_after=2025-04-05 00:00:00+00:00
[2025-04-05T14:33:40.439+0000] {processor.py:183} INFO - Processing /home/airflow/.local/lib/python3.8/site-packages/airflow/example_dags/example_skip_dag.py took 0.071 seconds
[2025-04-05T14:34:10.610+0000] {processor.py:161} INFO - Started process (PID=2960) to work on /home/airflow/.local/lib/python3.8/site-packages/airflow/example_dags/example_skip_dag.py
[2025-04-05T14:34:10.611+0000] {processor.py:830} INFO - Processing file /home/airflow/.local/lib/python3.8/site-packages/airflow/example_dags/example_skip_dag.py for tasks to queue
[2025-04-05T14:34:10.612+0000] {logging_mixin.py:188} INFO - [2025-04-05T14:34:10.612+0000] {dagbag.py:538} INFO - Filling up the DagBag from /home/airflow/.local/lib/python3.8/site-packages/airflow/example_dags/example_skip_dag.py
[2025-04-05T14:34:10.619+0000] {processor.py:840} INFO - DAG(s) 'example_skip_dag' retrieved from /home/airflow/.local/lib/python3.8/site-packages/airflow/example_dags/example_skip_dag.py
[2025-04-05T14:34:10.640+0000] {logging_mixin.py:188} INFO - [2025-04-05T14:34:10.640+0000] {dag.py:3036} INFO - Sync 1 DAGs
[2025-04-05T14:34:10.663+0000] {logging_mixin.py:188} INFO - [2025-04-05T14:34:10.663+0000] {dag.py:3823} INFO - Setting next_dagrun for example_skip_dag to 2025-04-04 00:00:00+00:00, run_after=2025-04-05 00:00:00+00:00
[2025-04-05T14:34:10.685+0000] {processor.py:183} INFO - Processing /home/airflow/.local/lib/python3.8/site-packages/airflow/example_dags/example_skip_dag.py took 0.077 seconds
[2025-04-05T14:34:40.784+0000] {processor.py:161} INFO - Started process (PID=3207) to work on /home/airflow/.local/lib/python3.8/site-packages/airflow/example_dags/example_skip_dag.py
[2025-04-05T14:34:40.785+0000] {processor.py:830} INFO - Processing file /home/airflow/.local/lib/python3.8/site-packages/airflow/example_dags/example_skip_dag.py for tasks to queue
[2025-04-05T14:34:40.786+0000] {logging_mixin.py:188} INFO - [2025-04-05T14:34:40.786+0000] {dagbag.py:538} INFO - Filling up the DagBag from /home/airflow/.local/lib/python3.8/site-packages/airflow/example_dags/example_skip_dag.py
[2025-04-05T14:34:40.795+0000] {processor.py:840} INFO - DAG(s) 'example_skip_dag' retrieved from /home/airflow/.local/lib/python3.8/site-packages/airflow/example_dags/example_skip_dag.py
[2025-04-05T14:34:40.815+0000] {logging_mixin.py:188} INFO - [2025-04-05T14:34:40.815+0000] {dag.py:3036} INFO - Sync 1 DAGs
[2025-04-05T14:34:40.835+0000] {logging_mixin.py:188} INFO - [2025-04-05T14:34:40.834+0000] {dag.py:3823} INFO - Setting next_dagrun for example_skip_dag to 2025-04-04 00:00:00+00:00, run_after=2025-04-05 00:00:00+00:00
[2025-04-05T14:34:40.855+0000] {processor.py:183} INFO - Processing /home/airflow/.local/lib/python3.8/site-packages/airflow/example_dags/example_skip_dag.py took 0.074 seconds
[2025-04-05T16:41:01.009+0000] {processor.py:161} INFO - Started process (PID=381) to work on /home/airflow/.local/lib/python3.8/site-packages/airflow/example_dags/example_skip_dag.py
[2025-04-05T16:41:01.011+0000] {processor.py:830} INFO - Processing file /home/airflow/.local/lib/python3.8/site-packages/airflow/example_dags/example_skip_dag.py for tasks to queue
[2025-04-05T16:41:01.012+0000] {logging_mixin.py:188} INFO - [2025-04-05T16:41:01.012+0000] {dagbag.py:538} INFO - Filling up the DagBag from /home/airflow/.local/lib/python3.8/site-packages/airflow/example_dags/example_skip_dag.py
[2025-04-05T16:41:01.023+0000] {processor.py:840} INFO - DAG(s) 'example_skip_dag' retrieved from /home/airflow/.local/lib/python3.8/site-packages/airflow/example_dags/example_skip_dag.py
[2025-04-05T16:41:01.183+0000] {logging_mixin.py:188} INFO - [2025-04-05T16:41:01.178+0000] {override.py:1769} INFO - Created Permission View: can edit on DAG:example_skip_dag
[2025-04-05T16:41:01.200+0000] {logging_mixin.py:188} INFO - [2025-04-05T16:41:01.200+0000] {override.py:1769} INFO - Created Permission View: can delete on DAG:example_skip_dag
[2025-04-05T16:41:01.211+0000] {logging_mixin.py:188} INFO - [2025-04-05T16:41:01.211+0000] {override.py:1769} INFO - Created Permission View: can read on DAG:example_skip_dag
[2025-04-05T16:41:01.212+0000] {logging_mixin.py:188} INFO - [2025-04-05T16:41:01.212+0000] {dag.py:3036} INFO - Sync 1 DAGs
[2025-04-05T16:41:01.227+0000] {logging_mixin.py:188} INFO - [2025-04-05T16:41:01.227+0000] {dag.py:3058} INFO - Creating ORM DAG for example_skip_dag
[2025-04-05T16:41:01.243+0000] {logging_mixin.py:188} INFO - [2025-04-05T16:41:01.243+0000] {dag.py:3823} INFO - Setting next_dagrun for example_skip_dag to 2025-04-04 00:00:00+00:00, run_after=2025-04-05 00:00:00+00:00
[2025-04-05T16:41:01.268+0000] {processor.py:183} INFO - Processing /home/airflow/.local/lib/python3.8/site-packages/airflow/example_dags/example_skip_dag.py took 0.264 seconds
[2025-04-05T16:41:31.991+0000] {processor.py:161} INFO - Started process (PID=628) to work on /home/airflow/.local/lib/python3.8/site-packages/airflow/example_dags/example_skip_dag.py
[2025-04-05T16:41:31.994+0000] {processor.py:830} INFO - Processing file /home/airflow/.local/lib/python3.8/site-packages/airflow/example_dags/example_skip_dag.py for tasks to queue
[2025-04-05T16:41:31.995+0000] {logging_mixin.py:188} INFO - [2025-04-05T16:41:31.995+0000] {dagbag.py:538} INFO - Filling up the DagBag from /home/airflow/.local/lib/python3.8/site-packages/airflow/example_dags/example_skip_dag.py
[2025-04-05T16:41:32.007+0000] {processor.py:840} INFO - DAG(s) 'example_skip_dag' retrieved from /home/airflow/.local/lib/python3.8/site-packages/airflow/example_dags/example_skip_dag.py
[2025-04-05T16:41:32.043+0000] {logging_mixin.py:188} INFO - [2025-04-05T16:41:32.042+0000] {dag.py:3036} INFO - Sync 1 DAGs
[2025-04-05T16:41:32.083+0000] {logging_mixin.py:188} INFO - [2025-04-05T16:41:32.082+0000] {dag.py:3823} INFO - Setting next_dagrun for example_skip_dag to 2025-04-04 00:00:00+00:00, run_after=2025-04-05 00:00:00+00:00
[2025-04-05T16:41:32.110+0000] {processor.py:183} INFO - Processing /home/airflow/.local/lib/python3.8/site-packages/airflow/example_dags/example_skip_dag.py took 0.124 seconds
[2025-04-05T16:42:02.469+0000] {processor.py:161} INFO - Started process (PID=875) to work on /home/airflow/.local/lib/python3.8/site-packages/airflow/example_dags/example_skip_dag.py
[2025-04-05T16:42:02.472+0000] {processor.py:830} INFO - Processing file /home/airflow/.local/lib/python3.8/site-packages/airflow/example_dags/example_skip_dag.py for tasks to queue
[2025-04-05T16:42:02.475+0000] {logging_mixin.py:188} INFO - [2025-04-05T16:42:02.473+0000] {dagbag.py:538} INFO - Filling up the DagBag from /home/airflow/.local/lib/python3.8/site-packages/airflow/example_dags/example_skip_dag.py
[2025-04-05T16:42:02.487+0000] {processor.py:840} INFO - DAG(s) 'example_skip_dag' retrieved from /home/airflow/.local/lib/python3.8/site-packages/airflow/example_dags/example_skip_dag.py
[2025-04-05T16:42:02.527+0000] {logging_mixin.py:188} INFO - [2025-04-05T16:42:02.526+0000] {dag.py:3036} INFO - Sync 1 DAGs
[2025-04-05T16:42:02.606+0000] {logging_mixin.py:188} INFO - [2025-04-05T16:42:02.606+0000] {dag.py:3823} INFO - Setting next_dagrun for example_skip_dag to 2025-04-04 00:00:00+00:00, run_after=2025-04-05 00:00:00+00:00
[2025-04-05T16:42:02.653+0000] {processor.py:183} INFO - Processing /home/airflow/.local/lib/python3.8/site-packages/airflow/example_dags/example_skip_dag.py took 0.193 seconds
[2025-04-05T16:42:33.403+0000] {processor.py:161} INFO - Started process (PID=1122) to work on /home/airflow/.local/lib/python3.8/site-packages/airflow/example_dags/example_skip_dag.py
[2025-04-05T16:42:33.404+0000] {processor.py:830} INFO - Processing file /home/airflow/.local/lib/python3.8/site-packages/airflow/example_dags/example_skip_dag.py for tasks to queue
[2025-04-05T16:42:33.406+0000] {logging_mixin.py:188} INFO - [2025-04-05T16:42:33.405+0000] {dagbag.py:538} INFO - Filling up the DagBag from /home/airflow/.local/lib/python3.8/site-packages/airflow/example_dags/example_skip_dag.py
[2025-04-05T16:42:33.413+0000] {processor.py:840} INFO - DAG(s) 'example_skip_dag' retrieved from /home/airflow/.local/lib/python3.8/site-packages/airflow/example_dags/example_skip_dag.py
[2025-04-05T16:42:33.437+0000] {logging_mixin.py:188} INFO - [2025-04-05T16:42:33.436+0000] {dag.py:3036} INFO - Sync 1 DAGs
[2025-04-05T16:42:33.461+0000] {logging_mixin.py:188} INFO - [2025-04-05T16:42:33.461+0000] {dag.py:3823} INFO - Setting next_dagrun for example_skip_dag to 2025-04-04 00:00:00+00:00, run_after=2025-04-05 00:00:00+00:00
[2025-04-05T16:42:33.483+0000] {processor.py:183} INFO - Processing /home/airflow/.local/lib/python3.8/site-packages/airflow/example_dags/example_skip_dag.py took 0.084 seconds
[2025-04-05T16:43:04.284+0000] {processor.py:161} INFO - Started process (PID=1369) to work on /home/airflow/.local/lib/python3.8/site-packages/airflow/example_dags/example_skip_dag.py
[2025-04-05T16:43:04.286+0000] {processor.py:830} INFO - Processing file /home/airflow/.local/lib/python3.8/site-packages/airflow/example_dags/example_skip_dag.py for tasks to queue
[2025-04-05T16:43:04.287+0000] {logging_mixin.py:188} INFO - [2025-04-05T16:43:04.287+0000] {dagbag.py:538} INFO - Filling up the DagBag from /home/airflow/.local/lib/python3.8/site-packages/airflow/example_dags/example_skip_dag.py
[2025-04-05T16:43:04.296+0000] {processor.py:840} INFO - DAG(s) 'example_skip_dag' retrieved from /home/airflow/.local/lib/python3.8/site-packages/airflow/example_dags/example_skip_dag.py
[2025-04-05T16:43:04.319+0000] {logging_mixin.py:188} INFO - [2025-04-05T16:43:04.319+0000] {dag.py:3036} INFO - Sync 1 DAGs
[2025-04-05T16:43:04.346+0000] {logging_mixin.py:188} INFO - [2025-04-05T16:43:04.345+0000] {dag.py:3823} INFO - Setting next_dagrun for example_skip_dag to 2025-04-04 00:00:00+00:00, run_after=2025-04-05 00:00:00+00:00
[2025-04-05T16:43:04.400+0000] {processor.py:183} INFO - Processing /home/airflow/.local/lib/python3.8/site-packages/airflow/example_dags/example_skip_dag.py took 0.119 seconds
[2025-04-05T16:43:34.665+0000] {processor.py:161} INFO - Started process (PID=1616) to work on /home/airflow/.local/lib/python3.8/site-packages/airflow/example_dags/example_skip_dag.py
[2025-04-05T16:43:34.667+0000] {processor.py:830} INFO - Processing file /home/airflow/.local/lib/python3.8/site-packages/airflow/example_dags/example_skip_dag.py for tasks to queue
[2025-04-05T16:43:34.668+0000] {logging_mixin.py:188} INFO - [2025-04-05T16:43:34.668+0000] {dagbag.py:538} INFO - Filling up the DagBag from /home/airflow/.local/lib/python3.8/site-packages/airflow/example_dags/example_skip_dag.py
[2025-04-05T16:43:34.675+0000] {processor.py:840} INFO - DAG(s) 'example_skip_dag' retrieved from /home/airflow/.local/lib/python3.8/site-packages/airflow/example_dags/example_skip_dag.py
[2025-04-05T16:43:34.696+0000] {logging_mixin.py:188} INFO - [2025-04-05T16:43:34.695+0000] {dag.py:3036} INFO - Sync 1 DAGs
[2025-04-05T16:43:34.715+0000] {logging_mixin.py:188} INFO - [2025-04-05T16:43:34.715+0000] {dag.py:3823} INFO - Setting next_dagrun for example_skip_dag to 2025-04-04 00:00:00+00:00, run_after=2025-04-05 00:00:00+00:00
[2025-04-05T16:43:34.760+0000] {processor.py:183} INFO - Processing /home/airflow/.local/lib/python3.8/site-packages/airflow/example_dags/example_skip_dag.py took 0.098 seconds
[2025-04-05T16:44:04.806+0000] {processor.py:161} INFO - Started process (PID=1858) to work on /home/airflow/.local/lib/python3.8/site-packages/airflow/example_dags/example_skip_dag.py
[2025-04-05T16:44:04.807+0000] {processor.py:830} INFO - Processing file /home/airflow/.local/lib/python3.8/site-packages/airflow/example_dags/example_skip_dag.py for tasks to queue
[2025-04-05T16:44:04.809+0000] {logging_mixin.py:188} INFO - [2025-04-05T16:44:04.808+0000] {dagbag.py:538} INFO - Filling up the DagBag from /home/airflow/.local/lib/python3.8/site-packages/airflow/example_dags/example_skip_dag.py
[2025-04-05T16:44:04.816+0000] {processor.py:840} INFO - DAG(s) 'example_skip_dag' retrieved from /home/airflow/.local/lib/python3.8/site-packages/airflow/example_dags/example_skip_dag.py
[2025-04-05T16:44:04.836+0000] {logging_mixin.py:188} INFO - [2025-04-05T16:44:04.836+0000] {dag.py:3036} INFO - Sync 1 DAGs
[2025-04-05T16:44:04.857+0000] {logging_mixin.py:188} INFO - [2025-04-05T16:44:04.857+0000] {dag.py:3823} INFO - Setting next_dagrun for example_skip_dag to 2025-04-04 00:00:00+00:00, run_after=2025-04-05 00:00:00+00:00
[2025-04-05T16:44:04.877+0000] {processor.py:183} INFO - Processing /home/airflow/.local/lib/python3.8/site-packages/airflow/example_dags/example_skip_dag.py took 0.074 seconds
[2025-04-05T16:44:35.097+0000] {processor.py:161} INFO - Started process (PID=2105) to work on /home/airflow/.local/lib/python3.8/site-packages/airflow/example_dags/example_skip_dag.py
[2025-04-05T16:44:35.100+0000] {processor.py:830} INFO - Processing file /home/airflow/.local/lib/python3.8/site-packages/airflow/example_dags/example_skip_dag.py for tasks to queue
[2025-04-05T16:44:35.104+0000] {logging_mixin.py:188} INFO - [2025-04-05T16:44:35.103+0000] {dagbag.py:538} INFO - Filling up the DagBag from /home/airflow/.local/lib/python3.8/site-packages/airflow/example_dags/example_skip_dag.py
[2025-04-05T16:44:35.141+0000] {processor.py:840} INFO - DAG(s) 'example_skip_dag' retrieved from /home/airflow/.local/lib/python3.8/site-packages/airflow/example_dags/example_skip_dag.py
[2025-04-05T16:44:35.308+0000] {logging_mixin.py:188} INFO - [2025-04-05T16:44:35.308+0000] {dag.py:3036} INFO - Sync 1 DAGs
[2025-04-05T16:44:35.331+0000] {logging_mixin.py:188} INFO - [2025-04-05T16:44:35.331+0000] {dag.py:3823} INFO - Setting next_dagrun for example_skip_dag to 2025-04-04 00:00:00+00:00, run_after=2025-04-05 00:00:00+00:00
[2025-04-05T16:44:35.368+0000] {processor.py:183} INFO - Processing /home/airflow/.local/lib/python3.8/site-packages/airflow/example_dags/example_skip_dag.py took 0.291 seconds
[2025-04-05T16:45:05.430+0000] {processor.py:161} INFO - Started process (PID=2352) to work on /home/airflow/.local/lib/python3.8/site-packages/airflow/example_dags/example_skip_dag.py
[2025-04-05T16:45:05.432+0000] {processor.py:830} INFO - Processing file /home/airflow/.local/lib/python3.8/site-packages/airflow/example_dags/example_skip_dag.py for tasks to queue
[2025-04-05T16:45:05.432+0000] {logging_mixin.py:188} INFO - [2025-04-05T16:45:05.432+0000] {dagbag.py:538} INFO - Filling up the DagBag from /home/airflow/.local/lib/python3.8/site-packages/airflow/example_dags/example_skip_dag.py
[2025-04-05T16:45:05.439+0000] {processor.py:840} INFO - DAG(s) 'example_skip_dag' retrieved from /home/airflow/.local/lib/python3.8/site-packages/airflow/example_dags/example_skip_dag.py
[2025-04-05T16:45:05.460+0000] {logging_mixin.py:188} INFO - [2025-04-05T16:45:05.460+0000] {dag.py:3036} INFO - Sync 1 DAGs
[2025-04-05T16:45:05.511+0000] {logging_mixin.py:188} INFO - [2025-04-05T16:45:05.510+0000] {dag.py:3823} INFO - Setting next_dagrun for example_skip_dag to 2025-04-04 00:00:00+00:00, run_after=2025-04-05 00:00:00+00:00
[2025-04-05T16:45:05.573+0000] {processor.py:183} INFO - Processing /home/airflow/.local/lib/python3.8/site-packages/airflow/example_dags/example_skip_dag.py took 0.146 seconds
[2025-04-05T16:45:36.002+0000] {processor.py:161} INFO - Started process (PID=2599) to work on /home/airflow/.local/lib/python3.8/site-packages/airflow/example_dags/example_skip_dag.py
[2025-04-05T16:45:36.003+0000] {processor.py:830} INFO - Processing file /home/airflow/.local/lib/python3.8/site-packages/airflow/example_dags/example_skip_dag.py for tasks to queue
[2025-04-05T16:45:36.004+0000] {logging_mixin.py:188} INFO - [2025-04-05T16:45:36.004+0000] {dagbag.py:538} INFO - Filling up the DagBag from /home/airflow/.local/lib/python3.8/site-packages/airflow/example_dags/example_skip_dag.py
[2025-04-05T16:45:36.010+0000] {processor.py:840} INFO - DAG(s) 'example_skip_dag' retrieved from /home/airflow/.local/lib/python3.8/site-packages/airflow/example_dags/example_skip_dag.py
[2025-04-05T16:45:36.033+0000] {logging_mixin.py:188} INFO - [2025-04-05T16:45:36.033+0000] {dag.py:3036} INFO - Sync 1 DAGs
[2025-04-05T16:45:36.052+0000] {logging_mixin.py:188} INFO - [2025-04-05T16:45:36.052+0000] {dag.py:3823} INFO - Setting next_dagrun for example_skip_dag to 2025-04-04 00:00:00+00:00, run_after=2025-04-05 00:00:00+00:00
[2025-04-05T16:45:36.072+0000] {processor.py:183} INFO - Processing /home/airflow/.local/lib/python3.8/site-packages/airflow/example_dags/example_skip_dag.py took 0.073 seconds
[2025-04-05T16:46:06.994+0000] {processor.py:161} INFO - Started process (PID=2846) to work on /home/airflow/.local/lib/python3.8/site-packages/airflow/example_dags/example_skip_dag.py
[2025-04-05T16:46:07.017+0000] {processor.py:830} INFO - Processing file /home/airflow/.local/lib/python3.8/site-packages/airflow/example_dags/example_skip_dag.py for tasks to queue
[2025-04-05T16:46:07.018+0000] {logging_mixin.py:188} INFO - [2025-04-05T16:46:07.018+0000] {dagbag.py:538} INFO - Filling up the DagBag from /home/airflow/.local/lib/python3.8/site-packages/airflow/example_dags/example_skip_dag.py
[2025-04-05T16:46:07.026+0000] {processor.py:840} INFO - DAG(s) 'example_skip_dag' retrieved from /home/airflow/.local/lib/python3.8/site-packages/airflow/example_dags/example_skip_dag.py
[2025-04-05T16:46:07.050+0000] {logging_mixin.py:188} INFO - [2025-04-05T16:46:07.049+0000] {dag.py:3036} INFO - Sync 1 DAGs
[2025-04-05T16:46:07.077+0000] {logging_mixin.py:188} INFO - [2025-04-05T16:46:07.076+0000] {dag.py:3823} INFO - Setting next_dagrun for example_skip_dag to 2025-04-04 00:00:00+00:00, run_after=2025-04-05 00:00:00+00:00
[2025-04-05T16:46:07.140+0000] {processor.py:183} INFO - Processing /home/airflow/.local/lib/python3.8/site-packages/airflow/example_dags/example_skip_dag.py took 0.152 seconds
[2025-04-05T16:46:37.531+0000] {processor.py:161} INFO - Started process (PID=3093) to work on /home/airflow/.local/lib/python3.8/site-packages/airflow/example_dags/example_skip_dag.py
[2025-04-05T16:46:37.533+0000] {processor.py:830} INFO - Processing file /home/airflow/.local/lib/python3.8/site-packages/airflow/example_dags/example_skip_dag.py for tasks to queue
[2025-04-05T16:46:37.535+0000] {logging_mixin.py:188} INFO - [2025-04-05T16:46:37.534+0000] {dagbag.py:538} INFO - Filling up the DagBag from /home/airflow/.local/lib/python3.8/site-packages/airflow/example_dags/example_skip_dag.py
[2025-04-05T16:46:37.544+0000] {processor.py:840} INFO - DAG(s) 'example_skip_dag' retrieved from /home/airflow/.local/lib/python3.8/site-packages/airflow/example_dags/example_skip_dag.py
[2025-04-05T16:46:37.571+0000] {logging_mixin.py:188} INFO - [2025-04-05T16:46:37.571+0000] {dag.py:3036} INFO - Sync 1 DAGs
[2025-04-05T16:46:37.593+0000] {logging_mixin.py:188} INFO - [2025-04-05T16:46:37.593+0000] {dag.py:3823} INFO - Setting next_dagrun for example_skip_dag to 2025-04-04 00:00:00+00:00, run_after=2025-04-05 00:00:00+00:00
[2025-04-05T16:46:37.610+0000] {processor.py:183} INFO - Processing /home/airflow/.local/lib/python3.8/site-packages/airflow/example_dags/example_skip_dag.py took 0.082 seconds
[2025-04-05T16:47:07.988+0000] {processor.py:161} INFO - Started process (PID=3340) to work on /home/airflow/.local/lib/python3.8/site-packages/airflow/example_dags/example_skip_dag.py
[2025-04-05T16:47:07.989+0000] {processor.py:830} INFO - Processing file /home/airflow/.local/lib/python3.8/site-packages/airflow/example_dags/example_skip_dag.py for tasks to queue
[2025-04-05T16:47:07.990+0000] {logging_mixin.py:188} INFO - [2025-04-05T16:47:07.989+0000] {dagbag.py:538} INFO - Filling up the DagBag from /home/airflow/.local/lib/python3.8/site-packages/airflow/example_dags/example_skip_dag.py
[2025-04-05T16:47:07.996+0000] {processor.py:840} INFO - DAG(s) 'example_skip_dag' retrieved from /home/airflow/.local/lib/python3.8/site-packages/airflow/example_dags/example_skip_dag.py
[2025-04-05T16:47:08.018+0000] {logging_mixin.py:188} INFO - [2025-04-05T16:47:08.018+0000] {dag.py:3036} INFO - Sync 1 DAGs
[2025-04-05T16:47:08.039+0000] {logging_mixin.py:188} INFO - [2025-04-05T16:47:08.039+0000] {dag.py:3823} INFO - Setting next_dagrun for example_skip_dag to 2025-04-04 00:00:00+00:00, run_after=2025-04-05 00:00:00+00:00
[2025-04-05T16:47:08.059+0000] {processor.py:183} INFO - Processing /home/airflow/.local/lib/python3.8/site-packages/airflow/example_dags/example_skip_dag.py took 0.074 seconds
[2025-04-05T16:47:38.478+0000] {processor.py:161} INFO - Started process (PID=3587) to work on /home/airflow/.local/lib/python3.8/site-packages/airflow/example_dags/example_skip_dag.py
[2025-04-05T16:47:38.479+0000] {processor.py:830} INFO - Processing file /home/airflow/.local/lib/python3.8/site-packages/airflow/example_dags/example_skip_dag.py for tasks to queue
[2025-04-05T16:47:38.480+0000] {logging_mixin.py:188} INFO - [2025-04-05T16:47:38.480+0000] {dagbag.py:538} INFO - Filling up the DagBag from /home/airflow/.local/lib/python3.8/site-packages/airflow/example_dags/example_skip_dag.py
[2025-04-05T16:47:38.489+0000] {processor.py:840} INFO - DAG(s) 'example_skip_dag' retrieved from /home/airflow/.local/lib/python3.8/site-packages/airflow/example_dags/example_skip_dag.py
[2025-04-05T16:47:38.515+0000] {logging_mixin.py:188} INFO - [2025-04-05T16:47:38.515+0000] {dag.py:3036} INFO - Sync 1 DAGs
[2025-04-05T16:47:38.540+0000] {logging_mixin.py:188} INFO - [2025-04-05T16:47:38.539+0000] {dag.py:3823} INFO - Setting next_dagrun for example_skip_dag to 2025-04-04 00:00:00+00:00, run_after=2025-04-05 00:00:00+00:00
[2025-04-05T16:47:38.573+0000] {processor.py:183} INFO - Processing /home/airflow/.local/lib/python3.8/site-packages/airflow/example_dags/example_skip_dag.py took 0.100 seconds
[2025-04-05T16:48:09.339+0000] {processor.py:161} INFO - Started process (PID=3835) to work on /home/airflow/.local/lib/python3.8/site-packages/airflow/example_dags/example_skip_dag.py
[2025-04-05T16:48:09.340+0000] {processor.py:830} INFO - Processing file /home/airflow/.local/lib/python3.8/site-packages/airflow/example_dags/example_skip_dag.py for tasks to queue
[2025-04-05T16:48:09.341+0000] {logging_mixin.py:188} INFO - [2025-04-05T16:48:09.341+0000] {dagbag.py:538} INFO - Filling up the DagBag from /home/airflow/.local/lib/python3.8/site-packages/airflow/example_dags/example_skip_dag.py
[2025-04-05T16:48:09.348+0000] {processor.py:840} INFO - DAG(s) 'example_skip_dag' retrieved from /home/airflow/.local/lib/python3.8/site-packages/airflow/example_dags/example_skip_dag.py
[2025-04-05T16:48:09.370+0000] {logging_mixin.py:188} INFO - [2025-04-05T16:48:09.370+0000] {dag.py:3036} INFO - Sync 1 DAGs
[2025-04-05T16:48:09.391+0000] {logging_mixin.py:188} INFO - [2025-04-05T16:48:09.390+0000] {dag.py:3823} INFO - Setting next_dagrun for example_skip_dag to 2025-04-04 00:00:00+00:00, run_after=2025-04-05 00:00:00+00:00
[2025-04-05T16:48:09.412+0000] {processor.py:183} INFO - Processing /home/airflow/.local/lib/python3.8/site-packages/airflow/example_dags/example_skip_dag.py took 0.076 seconds
[2025-04-05T16:48:40.117+0000] {processor.py:161} INFO - Started process (PID=4082) to work on /home/airflow/.local/lib/python3.8/site-packages/airflow/example_dags/example_skip_dag.py
[2025-04-05T16:48:40.118+0000] {processor.py:830} INFO - Processing file /home/airflow/.local/lib/python3.8/site-packages/airflow/example_dags/example_skip_dag.py for tasks to queue
[2025-04-05T16:48:40.119+0000] {logging_mixin.py:188} INFO - [2025-04-05T16:48:40.118+0000] {dagbag.py:538} INFO - Filling up the DagBag from /home/airflow/.local/lib/python3.8/site-packages/airflow/example_dags/example_skip_dag.py
[2025-04-05T16:48:40.125+0000] {processor.py:840} INFO - DAG(s) 'example_skip_dag' retrieved from /home/airflow/.local/lib/python3.8/site-packages/airflow/example_dags/example_skip_dag.py
[2025-04-05T16:48:40.148+0000] {logging_mixin.py:188} INFO - [2025-04-05T16:48:40.147+0000] {dag.py:3036} INFO - Sync 1 DAGs
[2025-04-05T16:48:40.167+0000] {logging_mixin.py:188} INFO - [2025-04-05T16:48:40.167+0000] {dag.py:3823} INFO - Setting next_dagrun for example_skip_dag to 2025-04-04 00:00:00+00:00, run_after=2025-04-05 00:00:00+00:00
[2025-04-05T16:48:40.189+0000] {processor.py:183} INFO - Processing /home/airflow/.local/lib/python3.8/site-packages/airflow/example_dags/example_skip_dag.py took 0.075 seconds
[2025-04-05T16:49:10.601+0000] {processor.py:161} INFO - Started process (PID=4337) to work on /home/airflow/.local/lib/python3.8/site-packages/airflow/example_dags/example_skip_dag.py
[2025-04-05T16:49:10.603+0000] {processor.py:830} INFO - Processing file /home/airflow/.local/lib/python3.8/site-packages/airflow/example_dags/example_skip_dag.py for tasks to queue
[2025-04-05T16:49:10.605+0000] {logging_mixin.py:188} INFO - [2025-04-05T16:49:10.605+0000] {dagbag.py:538} INFO - Filling up the DagBag from /home/airflow/.local/lib/python3.8/site-packages/airflow/example_dags/example_skip_dag.py
[2025-04-05T16:49:10.623+0000] {processor.py:840} INFO - DAG(s) 'example_skip_dag' retrieved from /home/airflow/.local/lib/python3.8/site-packages/airflow/example_dags/example_skip_dag.py
[2025-04-05T16:49:10.694+0000] {logging_mixin.py:188} INFO - [2025-04-05T16:49:10.693+0000] {dag.py:3036} INFO - Sync 1 DAGs
[2025-04-05T16:49:10.786+0000] {logging_mixin.py:188} INFO - [2025-04-05T16:49:10.785+0000] {dag.py:3823} INFO - Setting next_dagrun for example_skip_dag to 2025-04-04 00:00:00+00:00, run_after=2025-04-05 00:00:00+00:00
[2025-04-05T16:49:10.998+0000] {processor.py:183} INFO - Processing /home/airflow/.local/lib/python3.8/site-packages/airflow/example_dags/example_skip_dag.py took 0.407 seconds
[2025-04-05T16:49:41.881+0000] {processor.py:161} INFO - Started process (PID=4601) to work on /home/airflow/.local/lib/python3.8/site-packages/airflow/example_dags/example_skip_dag.py
[2025-04-05T16:49:41.883+0000] {processor.py:830} INFO - Processing file /home/airflow/.local/lib/python3.8/site-packages/airflow/example_dags/example_skip_dag.py for tasks to queue
[2025-04-05T16:49:41.885+0000] {logging_mixin.py:188} INFO - [2025-04-05T16:49:41.884+0000] {dagbag.py:538} INFO - Filling up the DagBag from /home/airflow/.local/lib/python3.8/site-packages/airflow/example_dags/example_skip_dag.py
[2025-04-05T16:49:41.892+0000] {processor.py:840} INFO - DAG(s) 'example_skip_dag' retrieved from /home/airflow/.local/lib/python3.8/site-packages/airflow/example_dags/example_skip_dag.py
[2025-04-05T16:49:41.917+0000] {logging_mixin.py:188} INFO - [2025-04-05T16:49:41.917+0000] {dag.py:3036} INFO - Sync 1 DAGs
[2025-04-05T16:49:41.945+0000] {logging_mixin.py:188} INFO - [2025-04-05T16:49:41.945+0000] {dag.py:3823} INFO - Setting next_dagrun for example_skip_dag to 2025-04-04 00:00:00+00:00, run_after=2025-04-05 00:00:00+00:00
[2025-04-05T16:49:41.967+0000] {processor.py:183} INFO - Processing /home/airflow/.local/lib/python3.8/site-packages/airflow/example_dags/example_skip_dag.py took 0.089 seconds
[2025-04-05T16:50:12.269+0000] {processor.py:161} INFO - Started process (PID=4848) to work on /home/airflow/.local/lib/python3.8/site-packages/airflow/example_dags/example_skip_dag.py
[2025-04-05T16:50:12.271+0000] {processor.py:830} INFO - Processing file /home/airflow/.local/lib/python3.8/site-packages/airflow/example_dags/example_skip_dag.py for tasks to queue
[2025-04-05T16:50:12.272+0000] {logging_mixin.py:188} INFO - [2025-04-05T16:50:12.272+0000] {dagbag.py:538} INFO - Filling up the DagBag from /home/airflow/.local/lib/python3.8/site-packages/airflow/example_dags/example_skip_dag.py
[2025-04-05T16:50:12.281+0000] {processor.py:840} INFO - DAG(s) 'example_skip_dag' retrieved from /home/airflow/.local/lib/python3.8/site-packages/airflow/example_dags/example_skip_dag.py
[2025-04-05T16:50:12.315+0000] {logging_mixin.py:188} INFO - [2025-04-05T16:50:12.315+0000] {dag.py:3036} INFO - Sync 1 DAGs
[2025-04-05T16:50:12.349+0000] {logging_mixin.py:188} INFO - [2025-04-05T16:50:12.349+0000] {dag.py:3823} INFO - Setting next_dagrun for example_skip_dag to 2025-04-04 00:00:00+00:00, run_after=2025-04-05 00:00:00+00:00
[2025-04-05T16:50:12.377+0000] {processor.py:183} INFO - Processing /home/airflow/.local/lib/python3.8/site-packages/airflow/example_dags/example_skip_dag.py took 0.111 seconds
[2025-04-05T16:50:42.426+0000] {processor.py:161} INFO - Started process (PID=5092) to work on /home/airflow/.local/lib/python3.8/site-packages/airflow/example_dags/example_skip_dag.py
[2025-04-05T16:50:42.427+0000] {processor.py:830} INFO - Processing file /home/airflow/.local/lib/python3.8/site-packages/airflow/example_dags/example_skip_dag.py for tasks to queue
[2025-04-05T16:50:42.428+0000] {logging_mixin.py:188} INFO - [2025-04-05T16:50:42.428+0000] {dagbag.py:538} INFO - Filling up the DagBag from /home/airflow/.local/lib/python3.8/site-packages/airflow/example_dags/example_skip_dag.py
[2025-04-05T16:50:42.435+0000] {processor.py:840} INFO - DAG(s) 'example_skip_dag' retrieved from /home/airflow/.local/lib/python3.8/site-packages/airflow/example_dags/example_skip_dag.py
[2025-04-05T16:50:42.455+0000] {logging_mixin.py:188} INFO - [2025-04-05T16:50:42.454+0000] {dag.py:3036} INFO - Sync 1 DAGs
[2025-04-05T16:50:42.473+0000] {logging_mixin.py:188} INFO - [2025-04-05T16:50:42.473+0000] {dag.py:3823} INFO - Setting next_dagrun for example_skip_dag to 2025-04-04 00:00:00+00:00, run_after=2025-04-05 00:00:00+00:00
[2025-04-05T16:50:42.491+0000] {processor.py:183} INFO - Processing /home/airflow/.local/lib/python3.8/site-packages/airflow/example_dags/example_skip_dag.py took 0.068 seconds
[2025-04-05T16:51:12.680+0000] {processor.py:161} INFO - Started process (PID=5352) to work on /home/airflow/.local/lib/python3.8/site-packages/airflow/example_dags/example_skip_dag.py
[2025-04-05T16:51:12.681+0000] {processor.py:830} INFO - Processing file /home/airflow/.local/lib/python3.8/site-packages/airflow/example_dags/example_skip_dag.py for tasks to queue
[2025-04-05T16:51:12.682+0000] {logging_mixin.py:188} INFO - [2025-04-05T16:51:12.682+0000] {dagbag.py:538} INFO - Filling up the DagBag from /home/airflow/.local/lib/python3.8/site-packages/airflow/example_dags/example_skip_dag.py
[2025-04-05T16:51:12.689+0000] {processor.py:840} INFO - DAG(s) 'example_skip_dag' retrieved from /home/airflow/.local/lib/python3.8/site-packages/airflow/example_dags/example_skip_dag.py
[2025-04-05T16:51:12.712+0000] {logging_mixin.py:188} INFO - [2025-04-05T16:51:12.712+0000] {dag.py:3036} INFO - Sync 1 DAGs
[2025-04-05T16:51:12.732+0000] {logging_mixin.py:188} INFO - [2025-04-05T16:51:12.732+0000] {dag.py:3823} INFO - Setting next_dagrun for example_skip_dag to 2025-04-04 00:00:00+00:00, run_after=2025-04-05 00:00:00+00:00
[2025-04-05T16:51:12.760+0000] {processor.py:183} INFO - Processing /home/airflow/.local/lib/python3.8/site-packages/airflow/example_dags/example_skip_dag.py took 0.083 seconds
[2025-04-05T16:51:43.036+0000] {processor.py:161} INFO - Started process (PID=5604) to work on /home/airflow/.local/lib/python3.8/site-packages/airflow/example_dags/example_skip_dag.py
[2025-04-05T16:51:43.037+0000] {processor.py:830} INFO - Processing file /home/airflow/.local/lib/python3.8/site-packages/airflow/example_dags/example_skip_dag.py for tasks to queue
[2025-04-05T16:51:43.038+0000] {logging_mixin.py:188} INFO - [2025-04-05T16:51:43.038+0000] {dagbag.py:538} INFO - Filling up the DagBag from /home/airflow/.local/lib/python3.8/site-packages/airflow/example_dags/example_skip_dag.py
[2025-04-05T16:51:43.045+0000] {processor.py:840} INFO - DAG(s) 'example_skip_dag' retrieved from /home/airflow/.local/lib/python3.8/site-packages/airflow/example_dags/example_skip_dag.py
[2025-04-05T16:51:43.069+0000] {logging_mixin.py:188} INFO - [2025-04-05T16:51:43.069+0000] {dag.py:3036} INFO - Sync 1 DAGs
[2025-04-05T16:51:43.093+0000] {logging_mixin.py:188} INFO - [2025-04-05T16:51:43.093+0000] {dag.py:3823} INFO - Setting next_dagrun for example_skip_dag to 2025-04-04 00:00:00+00:00, run_after=2025-04-05 00:00:00+00:00
[2025-04-05T16:51:43.120+0000] {processor.py:183} INFO - Processing /home/airflow/.local/lib/python3.8/site-packages/airflow/example_dags/example_skip_dag.py took 0.087 seconds
[2025-04-05T16:52:13.520+0000] {processor.py:161} INFO - Started process (PID=5856) to work on /home/airflow/.local/lib/python3.8/site-packages/airflow/example_dags/example_skip_dag.py
[2025-04-05T16:52:13.521+0000] {processor.py:830} INFO - Processing file /home/airflow/.local/lib/python3.8/site-packages/airflow/example_dags/example_skip_dag.py for tasks to queue
[2025-04-05T16:52:13.522+0000] {logging_mixin.py:188} INFO - [2025-04-05T16:52:13.521+0000] {dagbag.py:538} INFO - Filling up the DagBag from /home/airflow/.local/lib/python3.8/site-packages/airflow/example_dags/example_skip_dag.py
[2025-04-05T16:52:13.528+0000] {processor.py:840} INFO - DAG(s) 'example_skip_dag' retrieved from /home/airflow/.local/lib/python3.8/site-packages/airflow/example_dags/example_skip_dag.py
[2025-04-05T16:52:13.551+0000] {logging_mixin.py:188} INFO - [2025-04-05T16:52:13.551+0000] {dag.py:3036} INFO - Sync 1 DAGs
[2025-04-05T16:52:13.571+0000] {logging_mixin.py:188} INFO - [2025-04-05T16:52:13.571+0000] {dag.py:3823} INFO - Setting next_dagrun for example_skip_dag to 2025-04-04 00:00:00+00:00, run_after=2025-04-05 00:00:00+00:00
[2025-04-05T16:52:13.593+0000] {processor.py:183} INFO - Processing /home/airflow/.local/lib/python3.8/site-packages/airflow/example_dags/example_skip_dag.py took 0.077 seconds
[2025-04-05T16:52:43.683+0000] {processor.py:161} INFO - Started process (PID=6108) to work on /home/airflow/.local/lib/python3.8/site-packages/airflow/example_dags/example_skip_dag.py
[2025-04-05T16:52:43.684+0000] {processor.py:830} INFO - Processing file /home/airflow/.local/lib/python3.8/site-packages/airflow/example_dags/example_skip_dag.py for tasks to queue
[2025-04-05T16:52:43.685+0000] {logging_mixin.py:188} INFO - [2025-04-05T16:52:43.685+0000] {dagbag.py:538} INFO - Filling up the DagBag from /home/airflow/.local/lib/python3.8/site-packages/airflow/example_dags/example_skip_dag.py
[2025-04-05T16:52:43.692+0000] {processor.py:840} INFO - DAG(s) 'example_skip_dag' retrieved from /home/airflow/.local/lib/python3.8/site-packages/airflow/example_dags/example_skip_dag.py
[2025-04-05T16:52:43.712+0000] {logging_mixin.py:188} INFO - [2025-04-05T16:52:43.712+0000] {dag.py:3036} INFO - Sync 1 DAGs
[2025-04-05T16:52:43.733+0000] {logging_mixin.py:188} INFO - [2025-04-05T16:52:43.733+0000] {dag.py:3823} INFO - Setting next_dagrun for example_skip_dag to 2025-04-04 00:00:00+00:00, run_after=2025-04-05 00:00:00+00:00
[2025-04-05T16:52:43.754+0000] {processor.py:183} INFO - Processing /home/airflow/.local/lib/python3.8/site-packages/airflow/example_dags/example_skip_dag.py took 0.074 seconds
[2025-04-05T16:53:13.858+0000] {processor.py:161} INFO - Started process (PID=6361) to work on /home/airflow/.local/lib/python3.8/site-packages/airflow/example_dags/example_skip_dag.py
[2025-04-05T16:53:13.859+0000] {processor.py:830} INFO - Processing file /home/airflow/.local/lib/python3.8/site-packages/airflow/example_dags/example_skip_dag.py for tasks to queue
[2025-04-05T16:53:13.860+0000] {logging_mixin.py:188} INFO - [2025-04-05T16:53:13.859+0000] {dagbag.py:538} INFO - Filling up the DagBag from /home/airflow/.local/lib/python3.8/site-packages/airflow/example_dags/example_skip_dag.py
[2025-04-05T16:53:13.866+0000] {processor.py:840} INFO - DAG(s) 'example_skip_dag' retrieved from /home/airflow/.local/lib/python3.8/site-packages/airflow/example_dags/example_skip_dag.py
[2025-04-05T16:53:13.889+0000] {logging_mixin.py:188} INFO - [2025-04-05T16:53:13.889+0000] {dag.py:3036} INFO - Sync 1 DAGs
[2025-04-05T16:53:13.908+0000] {logging_mixin.py:188} INFO - [2025-04-05T16:53:13.908+0000] {dag.py:3823} INFO - Setting next_dagrun for example_skip_dag to 2025-04-04 00:00:00+00:00, run_after=2025-04-05 00:00:00+00:00
[2025-04-05T16:53:13.929+0000] {processor.py:183} INFO - Processing /home/airflow/.local/lib/python3.8/site-packages/airflow/example_dags/example_skip_dag.py took 0.075 seconds
[2025-04-05T16:53:44.229+0000] {processor.py:161} INFO - Started process (PID=6613) to work on /home/airflow/.local/lib/python3.8/site-packages/airflow/example_dags/example_skip_dag.py
[2025-04-05T16:53:44.230+0000] {processor.py:830} INFO - Processing file /home/airflow/.local/lib/python3.8/site-packages/airflow/example_dags/example_skip_dag.py for tasks to queue
[2025-04-05T16:53:44.231+0000] {logging_mixin.py:188} INFO - [2025-04-05T16:53:44.231+0000] {dagbag.py:538} INFO - Filling up the DagBag from /home/airflow/.local/lib/python3.8/site-packages/airflow/example_dags/example_skip_dag.py
[2025-04-05T16:53:44.238+0000] {processor.py:840} INFO - DAG(s) 'example_skip_dag' retrieved from /home/airflow/.local/lib/python3.8/site-packages/airflow/example_dags/example_skip_dag.py
[2025-04-05T16:53:44.260+0000] {logging_mixin.py:188} INFO - [2025-04-05T16:53:44.260+0000] {dag.py:3036} INFO - Sync 1 DAGs
[2025-04-05T16:53:44.287+0000] {logging_mixin.py:188} INFO - [2025-04-05T16:53:44.287+0000] {dag.py:3823} INFO - Setting next_dagrun for example_skip_dag to 2025-04-04 00:00:00+00:00, run_after=2025-04-05 00:00:00+00:00
[2025-04-05T16:53:44.307+0000] {processor.py:183} INFO - Processing /home/airflow/.local/lib/python3.8/site-packages/airflow/example_dags/example_skip_dag.py took 0.081 seconds
[2025-04-05T16:54:14.400+0000] {processor.py:161} INFO - Started process (PID=6865) to work on /home/airflow/.local/lib/python3.8/site-packages/airflow/example_dags/example_skip_dag.py
[2025-04-05T16:54:14.401+0000] {processor.py:830} INFO - Processing file /home/airflow/.local/lib/python3.8/site-packages/airflow/example_dags/example_skip_dag.py for tasks to queue
[2025-04-05T16:54:14.402+0000] {logging_mixin.py:188} INFO - [2025-04-05T16:54:14.402+0000] {dagbag.py:538} INFO - Filling up the DagBag from /home/airflow/.local/lib/python3.8/site-packages/airflow/example_dags/example_skip_dag.py
[2025-04-05T16:54:14.409+0000] {processor.py:840} INFO - DAG(s) 'example_skip_dag' retrieved from /home/airflow/.local/lib/python3.8/site-packages/airflow/example_dags/example_skip_dag.py
[2025-04-05T16:54:14.431+0000] {logging_mixin.py:188} INFO - [2025-04-05T16:54:14.430+0000] {dag.py:3036} INFO - Sync 1 DAGs
[2025-04-05T16:54:14.451+0000] {logging_mixin.py:188} INFO - [2025-04-05T16:54:14.451+0000] {dag.py:3823} INFO - Setting next_dagrun for example_skip_dag to 2025-04-04 00:00:00+00:00, run_after=2025-04-05 00:00:00+00:00
[2025-04-05T16:54:14.479+0000] {processor.py:183} INFO - Processing /home/airflow/.local/lib/python3.8/site-packages/airflow/example_dags/example_skip_dag.py took 0.094 seconds
[2025-04-05T16:54:44.664+0000] {processor.py:161} INFO - Started process (PID=7117) to work on /home/airflow/.local/lib/python3.8/site-packages/airflow/example_dags/example_skip_dag.py
[2025-04-05T16:54:44.665+0000] {processor.py:830} INFO - Processing file /home/airflow/.local/lib/python3.8/site-packages/airflow/example_dags/example_skip_dag.py for tasks to queue
[2025-04-05T16:54:44.666+0000] {logging_mixin.py:188} INFO - [2025-04-05T16:54:44.665+0000] {dagbag.py:538} INFO - Filling up the DagBag from /home/airflow/.local/lib/python3.8/site-packages/airflow/example_dags/example_skip_dag.py
[2025-04-05T16:54:44.672+0000] {processor.py:840} INFO - DAG(s) 'example_skip_dag' retrieved from /home/airflow/.local/lib/python3.8/site-packages/airflow/example_dags/example_skip_dag.py
[2025-04-05T16:54:44.696+0000] {logging_mixin.py:188} INFO - [2025-04-05T16:54:44.696+0000] {dag.py:3036} INFO - Sync 1 DAGs
[2025-04-05T16:54:44.716+0000] {logging_mixin.py:188} INFO - [2025-04-05T16:54:44.716+0000] {dag.py:3823} INFO - Setting next_dagrun for example_skip_dag to 2025-04-04 00:00:00+00:00, run_after=2025-04-05 00:00:00+00:00
[2025-04-05T16:54:44.737+0000] {processor.py:183} INFO - Processing /home/airflow/.local/lib/python3.8/site-packages/airflow/example_dags/example_skip_dag.py took 0.076 seconds
[2025-04-05T16:55:14.986+0000] {processor.py:161} INFO - Started process (PID=7369) to work on /home/airflow/.local/lib/python3.8/site-packages/airflow/example_dags/example_skip_dag.py
[2025-04-05T16:55:14.987+0000] {processor.py:830} INFO - Processing file /home/airflow/.local/lib/python3.8/site-packages/airflow/example_dags/example_skip_dag.py for tasks to queue
[2025-04-05T16:55:14.988+0000] {logging_mixin.py:188} INFO - [2025-04-05T16:55:14.988+0000] {dagbag.py:538} INFO - Filling up the DagBag from /home/airflow/.local/lib/python3.8/site-packages/airflow/example_dags/example_skip_dag.py
[2025-04-05T16:55:14.996+0000] {processor.py:840} INFO - DAG(s) 'example_skip_dag' retrieved from /home/airflow/.local/lib/python3.8/site-packages/airflow/example_dags/example_skip_dag.py
[2025-04-05T16:55:15.021+0000] {logging_mixin.py:188} INFO - [2025-04-05T16:55:15.020+0000] {dag.py:3036} INFO - Sync 1 DAGs
[2025-04-05T16:55:15.060+0000] {logging_mixin.py:188} INFO - [2025-04-05T16:55:15.060+0000] {dag.py:3823} INFO - Setting next_dagrun for example_skip_dag to 2025-04-04 00:00:00+00:00, run_after=2025-04-05 00:00:00+00:00
[2025-04-05T16:55:15.081+0000] {processor.py:183} INFO - Processing /home/airflow/.local/lib/python3.8/site-packages/airflow/example_dags/example_skip_dag.py took 0.099 seconds
[2025-04-05T16:55:45.434+0000] {processor.py:161} INFO - Started process (PID=7621) to work on /home/airflow/.local/lib/python3.8/site-packages/airflow/example_dags/example_skip_dag.py
[2025-04-05T16:55:45.435+0000] {processor.py:830} INFO - Processing file /home/airflow/.local/lib/python3.8/site-packages/airflow/example_dags/example_skip_dag.py for tasks to queue
[2025-04-05T16:55:45.436+0000] {logging_mixin.py:188} INFO - [2025-04-05T16:55:45.435+0000] {dagbag.py:538} INFO - Filling up the DagBag from /home/airflow/.local/lib/python3.8/site-packages/airflow/example_dags/example_skip_dag.py
[2025-04-05T16:55:45.442+0000] {processor.py:840} INFO - DAG(s) 'example_skip_dag' retrieved from /home/airflow/.local/lib/python3.8/site-packages/airflow/example_dags/example_skip_dag.py
[2025-04-05T16:55:45.470+0000] {logging_mixin.py:188} INFO - [2025-04-05T16:55:45.470+0000] {dag.py:3036} INFO - Sync 1 DAGs
[2025-04-05T16:55:45.493+0000] {logging_mixin.py:188} INFO - [2025-04-05T16:55:45.493+0000] {dag.py:3823} INFO - Setting next_dagrun for example_skip_dag to 2025-04-04 00:00:00+00:00, run_after=2025-04-05 00:00:00+00:00
[2025-04-05T16:55:45.518+0000] {processor.py:183} INFO - Processing /home/airflow/.local/lib/python3.8/site-packages/airflow/example_dags/example_skip_dag.py took 0.087 seconds
[2025-04-05T16:56:15.655+0000] {processor.py:161} INFO - Started process (PID=7873) to work on /home/airflow/.local/lib/python3.8/site-packages/airflow/example_dags/example_skip_dag.py
[2025-04-05T16:56:15.656+0000] {processor.py:830} INFO - Processing file /home/airflow/.local/lib/python3.8/site-packages/airflow/example_dags/example_skip_dag.py for tasks to queue
[2025-04-05T16:56:15.657+0000] {logging_mixin.py:188} INFO - [2025-04-05T16:56:15.657+0000] {dagbag.py:538} INFO - Filling up the DagBag from /home/airflow/.local/lib/python3.8/site-packages/airflow/example_dags/example_skip_dag.py
[2025-04-05T16:56:15.664+0000] {processor.py:840} INFO - DAG(s) 'example_skip_dag' retrieved from /home/airflow/.local/lib/python3.8/site-packages/airflow/example_dags/example_skip_dag.py
[2025-04-05T16:56:15.687+0000] {logging_mixin.py:188} INFO - [2025-04-05T16:56:15.686+0000] {dag.py:3036} INFO - Sync 1 DAGs
[2025-04-05T16:56:15.710+0000] {logging_mixin.py:188} INFO - [2025-04-05T16:56:15.709+0000] {dag.py:3823} INFO - Setting next_dagrun for example_skip_dag to 2025-04-04 00:00:00+00:00, run_after=2025-04-05 00:00:00+00:00
[2025-04-05T16:56:15.730+0000] {processor.py:183} INFO - Processing /home/airflow/.local/lib/python3.8/site-packages/airflow/example_dags/example_skip_dag.py took 0.078 seconds
[2025-04-05T16:56:45.864+0000] {processor.py:161} INFO - Started process (PID=8125) to work on /home/airflow/.local/lib/python3.8/site-packages/airflow/example_dags/example_skip_dag.py
[2025-04-05T16:56:45.866+0000] {processor.py:830} INFO - Processing file /home/airflow/.local/lib/python3.8/site-packages/airflow/example_dags/example_skip_dag.py for tasks to queue
[2025-04-05T16:56:45.867+0000] {logging_mixin.py:188} INFO - [2025-04-05T16:56:45.866+0000] {dagbag.py:538} INFO - Filling up the DagBag from /home/airflow/.local/lib/python3.8/site-packages/airflow/example_dags/example_skip_dag.py
[2025-04-05T16:56:45.874+0000] {processor.py:840} INFO - DAG(s) 'example_skip_dag' retrieved from /home/airflow/.local/lib/python3.8/site-packages/airflow/example_dags/example_skip_dag.py
[2025-04-05T16:56:45.897+0000] {logging_mixin.py:188} INFO - [2025-04-05T16:56:45.897+0000] {dag.py:3036} INFO - Sync 1 DAGs
[2025-04-05T16:56:45.930+0000] {logging_mixin.py:188} INFO - [2025-04-05T16:56:45.930+0000] {dag.py:3823} INFO - Setting next_dagrun for example_skip_dag to 2025-04-04 00:00:00+00:00, run_after=2025-04-05 00:00:00+00:00
[2025-04-05T16:56:45.959+0000] {processor.py:183} INFO - Processing /home/airflow/.local/lib/python3.8/site-packages/airflow/example_dags/example_skip_dag.py took 0.098 seconds
