[2025-04-05T14:18:15.750+0000] {processor.py:161} INFO - Started process (PID=313) to work on /home/airflow/.local/lib/python3.8/site-packages/airflow/example_dags/example_nested_branch_dag.py
[2025-04-05T14:18:15.752+0000] {processor.py:830} INFO - Processing file /home/airflow/.local/lib/python3.8/site-packages/airflow/example_dags/example_nested_branch_dag.py for tasks to queue
[2025-04-05T14:18:15.754+0000] {logging_mixin.py:188} INFO - [2025-04-05T14:18:15.753+0000] {dagbag.py:538} INFO - Filling up the DagBag from /home/airflow/.local/lib/python3.8/site-packages/airflow/example_dags/example_nested_branch_dag.py
[2025-04-05T14:18:15.772+0000] {processor.py:840} INFO - DAG(s) 'example_nested_branch_dag' retrieved from /home/airflow/.local/lib/python3.8/site-packages/airflow/example_dags/example_nested_branch_dag.py
[2025-04-05T14:18:15.790+0000] {logging_mixin.py:188} INFO - [2025-04-05T14:18:15.789+0000] {dag.py:3036} INFO - Sync 1 DAGs
[2025-04-05T14:18:15.824+0000] {logging_mixin.py:188} INFO - [2025-04-05T14:18:15.824+0000] {dag.py:3823} INFO - Setting next_dagrun for example_nested_branch_dag to 2025-04-04 00:00:00+00:00, run_after=2025-04-05 00:00:00+00:00
[2025-04-05T14:18:15.850+0000] {processor.py:183} INFO - Processing /home/airflow/.local/lib/python3.8/site-packages/airflow/example_dags/example_nested_branch_dag.py took 0.106 seconds
[2025-04-05T14:18:46.942+0000] {processor.py:161} INFO - Started process (PID=566) to work on /home/airflow/.local/lib/python3.8/site-packages/airflow/example_dags/example_nested_branch_dag.py
[2025-04-05T14:18:46.944+0000] {processor.py:830} INFO - Processing file /home/airflow/.local/lib/python3.8/site-packages/airflow/example_dags/example_nested_branch_dag.py for tasks to queue
[2025-04-05T14:18:46.945+0000] {logging_mixin.py:188} INFO - [2025-04-05T14:18:46.944+0000] {dagbag.py:538} INFO - Filling up the DagBag from /home/airflow/.local/lib/python3.8/site-packages/airflow/example_dags/example_nested_branch_dag.py
[2025-04-05T14:18:46.956+0000] {processor.py:840} INFO - DAG(s) 'example_nested_branch_dag' retrieved from /home/airflow/.local/lib/python3.8/site-packages/airflow/example_dags/example_nested_branch_dag.py
[2025-04-05T14:18:47.073+0000] {logging_mixin.py:188} INFO - [2025-04-05T14:18:47.072+0000] {dag.py:3036} INFO - Sync 1 DAGs
[2025-04-05T14:18:47.098+0000] {logging_mixin.py:188} INFO - [2025-04-05T14:18:47.098+0000] {dag.py:3823} INFO - Setting next_dagrun for example_nested_branch_dag to 2025-04-04 00:00:00+00:00, run_after=2025-04-05 00:00:00+00:00
[2025-04-05T14:18:47.125+0000] {processor.py:183} INFO - Processing /home/airflow/.local/lib/python3.8/site-packages/airflow/example_dags/example_nested_branch_dag.py took 0.186 seconds
[2025-04-05T14:19:18.065+0000] {processor.py:161} INFO - Started process (PID=815) to work on /home/airflow/.local/lib/python3.8/site-packages/airflow/example_dags/example_nested_branch_dag.py
[2025-04-05T14:19:18.067+0000] {processor.py:830} INFO - Processing file /home/airflow/.local/lib/python3.8/site-packages/airflow/example_dags/example_nested_branch_dag.py for tasks to queue
[2025-04-05T14:19:18.067+0000] {logging_mixin.py:188} INFO - [2025-04-05T14:19:18.067+0000] {dagbag.py:538} INFO - Filling up the DagBag from /home/airflow/.local/lib/python3.8/site-packages/airflow/example_dags/example_nested_branch_dag.py
[2025-04-05T14:19:18.077+0000] {processor.py:840} INFO - DAG(s) 'example_nested_branch_dag' retrieved from /home/airflow/.local/lib/python3.8/site-packages/airflow/example_dags/example_nested_branch_dag.py
[2025-04-05T14:19:18.100+0000] {logging_mixin.py:188} INFO - [2025-04-05T14:19:18.100+0000] {dag.py:3036} INFO - Sync 1 DAGs
[2025-04-05T14:19:18.122+0000] {logging_mixin.py:188} INFO - [2025-04-05T14:19:18.122+0000] {dag.py:3823} INFO - Setting next_dagrun for example_nested_branch_dag to 2025-04-04 00:00:00+00:00, run_after=2025-04-05 00:00:00+00:00
[2025-04-05T14:19:18.145+0000] {processor.py:183} INFO - Processing /home/airflow/.local/lib/python3.8/site-packages/airflow/example_dags/example_nested_branch_dag.py took 0.082 seconds
[2025-04-05T14:19:48.259+0000] {processor.py:161} INFO - Started process (PID=1062) to work on /home/airflow/.local/lib/python3.8/site-packages/airflow/example_dags/example_nested_branch_dag.py
[2025-04-05T14:19:48.260+0000] {processor.py:830} INFO - Processing file /home/airflow/.local/lib/python3.8/site-packages/airflow/example_dags/example_nested_branch_dag.py for tasks to queue
[2025-04-05T14:19:48.261+0000] {logging_mixin.py:188} INFO - [2025-04-05T14:19:48.261+0000] {dagbag.py:538} INFO - Filling up the DagBag from /home/airflow/.local/lib/python3.8/site-packages/airflow/example_dags/example_nested_branch_dag.py
[2025-04-05T14:19:48.271+0000] {processor.py:840} INFO - DAG(s) 'example_nested_branch_dag' retrieved from /home/airflow/.local/lib/python3.8/site-packages/airflow/example_dags/example_nested_branch_dag.py
[2025-04-05T14:19:48.292+0000] {logging_mixin.py:188} INFO - [2025-04-05T14:19:48.291+0000] {dag.py:3036} INFO - Sync 1 DAGs
[2025-04-05T14:19:48.314+0000] {logging_mixin.py:188} INFO - [2025-04-05T14:19:48.314+0000] {dag.py:3823} INFO - Setting next_dagrun for example_nested_branch_dag to 2025-04-04 00:00:00+00:00, run_after=2025-04-05 00:00:00+00:00
[2025-04-05T14:19:48.337+0000] {processor.py:183} INFO - Processing /home/airflow/.local/lib/python3.8/site-packages/airflow/example_dags/example_nested_branch_dag.py took 0.081 seconds
[2025-04-05T14:20:18.852+0000] {processor.py:161} INFO - Started process (PID=1309) to work on /home/airflow/.local/lib/python3.8/site-packages/airflow/example_dags/example_nested_branch_dag.py
[2025-04-05T14:20:18.853+0000] {processor.py:830} INFO - Processing file /home/airflow/.local/lib/python3.8/site-packages/airflow/example_dags/example_nested_branch_dag.py for tasks to queue
[2025-04-05T14:20:18.854+0000] {logging_mixin.py:188} INFO - [2025-04-05T14:20:18.854+0000] {dagbag.py:538} INFO - Filling up the DagBag from /home/airflow/.local/lib/python3.8/site-packages/airflow/example_dags/example_nested_branch_dag.py
[2025-04-05T14:20:18.863+0000] {processor.py:840} INFO - DAG(s) 'example_nested_branch_dag' retrieved from /home/airflow/.local/lib/python3.8/site-packages/airflow/example_dags/example_nested_branch_dag.py
[2025-04-05T14:20:18.885+0000] {logging_mixin.py:188} INFO - [2025-04-05T14:20:18.885+0000] {dag.py:3036} INFO - Sync 1 DAGs
[2025-04-05T14:20:18.904+0000] {logging_mixin.py:188} INFO - [2025-04-05T14:20:18.903+0000] {dag.py:3823} INFO - Setting next_dagrun for example_nested_branch_dag to 2025-04-04 00:00:00+00:00, run_after=2025-04-05 00:00:00+00:00
[2025-04-05T14:20:18.923+0000] {processor.py:183} INFO - Processing /home/airflow/.local/lib/python3.8/site-packages/airflow/example_dags/example_nested_branch_dag.py took 0.074 seconds
[2025-04-05T14:20:49.776+0000] {processor.py:161} INFO - Started process (PID=1554) to work on /home/airflow/.local/lib/python3.8/site-packages/airflow/example_dags/example_nested_branch_dag.py
[2025-04-05T14:20:49.778+0000] {processor.py:830} INFO - Processing file /home/airflow/.local/lib/python3.8/site-packages/airflow/example_dags/example_nested_branch_dag.py for tasks to queue
[2025-04-05T14:20:49.782+0000] {logging_mixin.py:188} INFO - [2025-04-05T14:20:49.781+0000] {dagbag.py:538} INFO - Filling up the DagBag from /home/airflow/.local/lib/python3.8/site-packages/airflow/example_dags/example_nested_branch_dag.py
[2025-04-05T14:20:49.811+0000] {processor.py:840} INFO - DAG(s) 'example_nested_branch_dag' retrieved from /home/airflow/.local/lib/python3.8/site-packages/airflow/example_dags/example_nested_branch_dag.py
[2025-04-05T14:20:49.853+0000] {logging_mixin.py:188} INFO - [2025-04-05T14:20:49.853+0000] {dag.py:3036} INFO - Sync 1 DAGs
[2025-04-05T14:20:49.886+0000] {logging_mixin.py:188} INFO - [2025-04-05T14:20:49.886+0000] {dag.py:3823} INFO - Setting next_dagrun for example_nested_branch_dag to 2025-04-04 00:00:00+00:00, run_after=2025-04-05 00:00:00+00:00
[2025-04-05T14:20:49.910+0000] {processor.py:183} INFO - Processing /home/airflow/.local/lib/python3.8/site-packages/airflow/example_dags/example_nested_branch_dag.py took 0.147 seconds
[2025-04-05T14:21:20.028+0000] {processor.py:161} INFO - Started process (PID=1803) to work on /home/airflow/.local/lib/python3.8/site-packages/airflow/example_dags/example_nested_branch_dag.py
[2025-04-05T14:21:20.029+0000] {processor.py:830} INFO - Processing file /home/airflow/.local/lib/python3.8/site-packages/airflow/example_dags/example_nested_branch_dag.py for tasks to queue
[2025-04-05T14:21:20.031+0000] {logging_mixin.py:188} INFO - [2025-04-05T14:21:20.031+0000] {dagbag.py:538} INFO - Filling up the DagBag from /home/airflow/.local/lib/python3.8/site-packages/airflow/example_dags/example_nested_branch_dag.py
[2025-04-05T14:21:20.042+0000] {processor.py:840} INFO - DAG(s) 'example_nested_branch_dag' retrieved from /home/airflow/.local/lib/python3.8/site-packages/airflow/example_dags/example_nested_branch_dag.py
[2025-04-05T14:21:20.067+0000] {logging_mixin.py:188} INFO - [2025-04-05T14:21:20.066+0000] {dag.py:3036} INFO - Sync 1 DAGs
[2025-04-05T14:21:20.091+0000] {logging_mixin.py:188} INFO - [2025-04-05T14:21:20.090+0000] {dag.py:3823} INFO - Setting next_dagrun for example_nested_branch_dag to 2025-04-04 00:00:00+00:00, run_after=2025-04-05 00:00:00+00:00
[2025-04-05T14:21:20.113+0000] {processor.py:183} INFO - Processing /home/airflow/.local/lib/python3.8/site-packages/airflow/example_dags/example_nested_branch_dag.py took 0.089 seconds
[2025-04-05T14:21:50.398+0000] {processor.py:161} INFO - Started process (PID=2049) to work on /home/airflow/.local/lib/python3.8/site-packages/airflow/example_dags/example_nested_branch_dag.py
[2025-04-05T14:21:50.400+0000] {processor.py:830} INFO - Processing file /home/airflow/.local/lib/python3.8/site-packages/airflow/example_dags/example_nested_branch_dag.py for tasks to queue
[2025-04-05T14:21:50.401+0000] {logging_mixin.py:188} INFO - [2025-04-05T14:21:50.400+0000] {dagbag.py:538} INFO - Filling up the DagBag from /home/airflow/.local/lib/python3.8/site-packages/airflow/example_dags/example_nested_branch_dag.py
[2025-04-05T14:21:50.412+0000] {processor.py:840} INFO - DAG(s) 'example_nested_branch_dag' retrieved from /home/airflow/.local/lib/python3.8/site-packages/airflow/example_dags/example_nested_branch_dag.py
[2025-04-05T14:21:50.439+0000] {logging_mixin.py:188} INFO - [2025-04-05T14:21:50.438+0000] {dag.py:3036} INFO - Sync 1 DAGs
[2025-04-05T14:21:50.466+0000] {logging_mixin.py:188} INFO - [2025-04-05T14:21:50.466+0000] {dag.py:3823} INFO - Setting next_dagrun for example_nested_branch_dag to 2025-04-04 00:00:00+00:00, run_after=2025-04-05 00:00:00+00:00
[2025-04-05T14:21:50.497+0000] {processor.py:183} INFO - Processing /home/airflow/.local/lib/python3.8/site-packages/airflow/example_dags/example_nested_branch_dag.py took 0.102 seconds
[2025-04-05T14:22:21.558+0000] {processor.py:161} INFO - Started process (PID=2298) to work on /home/airflow/.local/lib/python3.8/site-packages/airflow/example_dags/example_nested_branch_dag.py
[2025-04-05T14:22:21.559+0000] {processor.py:830} INFO - Processing file /home/airflow/.local/lib/python3.8/site-packages/airflow/example_dags/example_nested_branch_dag.py for tasks to queue
[2025-04-05T14:22:21.560+0000] {logging_mixin.py:188} INFO - [2025-04-05T14:22:21.560+0000] {dagbag.py:538} INFO - Filling up the DagBag from /home/airflow/.local/lib/python3.8/site-packages/airflow/example_dags/example_nested_branch_dag.py
[2025-04-05T14:22:21.570+0000] {processor.py:840} INFO - DAG(s) 'example_nested_branch_dag' retrieved from /home/airflow/.local/lib/python3.8/site-packages/airflow/example_dags/example_nested_branch_dag.py
[2025-04-05T14:22:21.594+0000] {logging_mixin.py:188} INFO - [2025-04-05T14:22:21.594+0000] {dag.py:3036} INFO - Sync 1 DAGs
[2025-04-05T14:22:21.617+0000] {logging_mixin.py:188} INFO - [2025-04-05T14:22:21.616+0000] {dag.py:3823} INFO - Setting next_dagrun for example_nested_branch_dag to 2025-04-04 00:00:00+00:00, run_after=2025-04-05 00:00:00+00:00
[2025-04-05T14:22:21.638+0000] {processor.py:183} INFO - Processing /home/airflow/.local/lib/python3.8/site-packages/airflow/example_dags/example_nested_branch_dag.py took 0.083 seconds
[2025-04-05T14:22:52.019+0000] {processor.py:161} INFO - Started process (PID=2545) to work on /home/airflow/.local/lib/python3.8/site-packages/airflow/example_dags/example_nested_branch_dag.py
[2025-04-05T14:22:52.020+0000] {processor.py:830} INFO - Processing file /home/airflow/.local/lib/python3.8/site-packages/airflow/example_dags/example_nested_branch_dag.py for tasks to queue
[2025-04-05T14:22:52.022+0000] {logging_mixin.py:188} INFO - [2025-04-05T14:22:52.021+0000] {dagbag.py:538} INFO - Filling up the DagBag from /home/airflow/.local/lib/python3.8/site-packages/airflow/example_dags/example_nested_branch_dag.py
[2025-04-05T14:22:52.032+0000] {processor.py:840} INFO - DAG(s) 'example_nested_branch_dag' retrieved from /home/airflow/.local/lib/python3.8/site-packages/airflow/example_dags/example_nested_branch_dag.py
[2025-04-05T14:22:52.057+0000] {logging_mixin.py:188} INFO - [2025-04-05T14:22:52.056+0000] {dag.py:3036} INFO - Sync 1 DAGs
[2025-04-05T14:22:52.083+0000] {logging_mixin.py:188} INFO - [2025-04-05T14:22:52.082+0000] {dag.py:3823} INFO - Setting next_dagrun for example_nested_branch_dag to 2025-04-04 00:00:00+00:00, run_after=2025-04-05 00:00:00+00:00
[2025-04-05T14:22:52.106+0000] {processor.py:183} INFO - Processing /home/airflow/.local/lib/python3.8/site-packages/airflow/example_dags/example_nested_branch_dag.py took 0.090 seconds
[2025-04-05T14:23:22.268+0000] {processor.py:161} INFO - Started process (PID=2797) to work on /home/airflow/.local/lib/python3.8/site-packages/airflow/example_dags/example_nested_branch_dag.py
[2025-04-05T14:23:22.270+0000] {processor.py:830} INFO - Processing file /home/airflow/.local/lib/python3.8/site-packages/airflow/example_dags/example_nested_branch_dag.py for tasks to queue
[2025-04-05T14:23:22.271+0000] {logging_mixin.py:188} INFO - [2025-04-05T14:23:22.270+0000] {dagbag.py:538} INFO - Filling up the DagBag from /home/airflow/.local/lib/python3.8/site-packages/airflow/example_dags/example_nested_branch_dag.py
[2025-04-05T14:23:22.280+0000] {processor.py:840} INFO - DAG(s) 'example_nested_branch_dag' retrieved from /home/airflow/.local/lib/python3.8/site-packages/airflow/example_dags/example_nested_branch_dag.py
[2025-04-05T14:23:22.300+0000] {logging_mixin.py:188} INFO - [2025-04-05T14:23:22.300+0000] {dag.py:3036} INFO - Sync 1 DAGs
[2025-04-05T14:23:22.321+0000] {logging_mixin.py:188} INFO - [2025-04-05T14:23:22.321+0000] {dag.py:3823} INFO - Setting next_dagrun for example_nested_branch_dag to 2025-04-04 00:00:00+00:00, run_after=2025-04-05 00:00:00+00:00
[2025-04-05T14:23:22.343+0000] {processor.py:183} INFO - Processing /home/airflow/.local/lib/python3.8/site-packages/airflow/example_dags/example_nested_branch_dag.py took 0.078 seconds
[2025-04-05T14:23:52.466+0000] {processor.py:161} INFO - Started process (PID=3037) to work on /home/airflow/.local/lib/python3.8/site-packages/airflow/example_dags/example_nested_branch_dag.py
[2025-04-05T14:23:52.467+0000] {processor.py:830} INFO - Processing file /home/airflow/.local/lib/python3.8/site-packages/airflow/example_dags/example_nested_branch_dag.py for tasks to queue
[2025-04-05T14:23:52.468+0000] {logging_mixin.py:188} INFO - [2025-04-05T14:23:52.468+0000] {dagbag.py:538} INFO - Filling up the DagBag from /home/airflow/.local/lib/python3.8/site-packages/airflow/example_dags/example_nested_branch_dag.py
[2025-04-05T14:23:52.477+0000] {processor.py:840} INFO - DAG(s) 'example_nested_branch_dag' retrieved from /home/airflow/.local/lib/python3.8/site-packages/airflow/example_dags/example_nested_branch_dag.py
[2025-04-05T14:23:52.499+0000] {logging_mixin.py:188} INFO - [2025-04-05T14:23:52.499+0000] {dag.py:3036} INFO - Sync 1 DAGs
[2025-04-05T14:23:52.519+0000] {logging_mixin.py:188} INFO - [2025-04-05T14:23:52.519+0000] {dag.py:3823} INFO - Setting next_dagrun for example_nested_branch_dag to 2025-04-04 00:00:00+00:00, run_after=2025-04-05 00:00:00+00:00
[2025-04-05T14:23:52.539+0000] {processor.py:183} INFO - Processing /home/airflow/.local/lib/python3.8/site-packages/airflow/example_dags/example_nested_branch_dag.py took 0.077 seconds
[2025-04-05T14:24:23.407+0000] {processor.py:161} INFO - Started process (PID=3284) to work on /home/airflow/.local/lib/python3.8/site-packages/airflow/example_dags/example_nested_branch_dag.py
[2025-04-05T14:24:23.408+0000] {processor.py:830} INFO - Processing file /home/airflow/.local/lib/python3.8/site-packages/airflow/example_dags/example_nested_branch_dag.py for tasks to queue
[2025-04-05T14:24:23.409+0000] {logging_mixin.py:188} INFO - [2025-04-05T14:24:23.409+0000] {dagbag.py:538} INFO - Filling up the DagBag from /home/airflow/.local/lib/python3.8/site-packages/airflow/example_dags/example_nested_branch_dag.py
[2025-04-05T14:24:23.418+0000] {processor.py:840} INFO - DAG(s) 'example_nested_branch_dag' retrieved from /home/airflow/.local/lib/python3.8/site-packages/airflow/example_dags/example_nested_branch_dag.py
[2025-04-05T14:24:23.441+0000] {logging_mixin.py:188} INFO - [2025-04-05T14:24:23.441+0000] {dag.py:3036} INFO - Sync 1 DAGs
[2025-04-05T14:24:23.464+0000] {logging_mixin.py:188} INFO - [2025-04-05T14:24:23.464+0000] {dag.py:3823} INFO - Setting next_dagrun for example_nested_branch_dag to 2025-04-04 00:00:00+00:00, run_after=2025-04-05 00:00:00+00:00
[2025-04-05T14:24:23.487+0000] {processor.py:183} INFO - Processing /home/airflow/.local/lib/python3.8/site-packages/airflow/example_dags/example_nested_branch_dag.py took 0.083 seconds
[2025-04-05T14:24:53.681+0000] {processor.py:161} INFO - Started process (PID=3531) to work on /home/airflow/.local/lib/python3.8/site-packages/airflow/example_dags/example_nested_branch_dag.py
[2025-04-05T14:24:53.682+0000] {processor.py:830} INFO - Processing file /home/airflow/.local/lib/python3.8/site-packages/airflow/example_dags/example_nested_branch_dag.py for tasks to queue
[2025-04-05T14:24:53.683+0000] {logging_mixin.py:188} INFO - [2025-04-05T14:24:53.682+0000] {dagbag.py:538} INFO - Filling up the DagBag from /home/airflow/.local/lib/python3.8/site-packages/airflow/example_dags/example_nested_branch_dag.py
[2025-04-05T14:24:53.692+0000] {processor.py:840} INFO - DAG(s) 'example_nested_branch_dag' retrieved from /home/airflow/.local/lib/python3.8/site-packages/airflow/example_dags/example_nested_branch_dag.py
[2025-04-05T14:24:53.716+0000] {logging_mixin.py:188} INFO - [2025-04-05T14:24:53.716+0000] {dag.py:3036} INFO - Sync 1 DAGs
[2025-04-05T14:24:53.742+0000] {logging_mixin.py:188} INFO - [2025-04-05T14:24:53.741+0000] {dag.py:3823} INFO - Setting next_dagrun for example_nested_branch_dag to 2025-04-04 00:00:00+00:00, run_after=2025-04-05 00:00:00+00:00
[2025-04-05T14:24:53.765+0000] {processor.py:183} INFO - Processing /home/airflow/.local/lib/python3.8/site-packages/airflow/example_dags/example_nested_branch_dag.py took 0.088 seconds
[2025-04-05T14:25:24.014+0000] {processor.py:161} INFO - Started process (PID=3780) to work on /home/airflow/.local/lib/python3.8/site-packages/airflow/example_dags/example_nested_branch_dag.py
[2025-04-05T14:25:24.015+0000] {processor.py:830} INFO - Processing file /home/airflow/.local/lib/python3.8/site-packages/airflow/example_dags/example_nested_branch_dag.py for tasks to queue
[2025-04-05T14:25:24.016+0000] {logging_mixin.py:188} INFO - [2025-04-05T14:25:24.016+0000] {dagbag.py:538} INFO - Filling up the DagBag from /home/airflow/.local/lib/python3.8/site-packages/airflow/example_dags/example_nested_branch_dag.py
[2025-04-05T14:25:24.026+0000] {processor.py:840} INFO - DAG(s) 'example_nested_branch_dag' retrieved from /home/airflow/.local/lib/python3.8/site-packages/airflow/example_dags/example_nested_branch_dag.py
[2025-04-05T14:25:24.047+0000] {logging_mixin.py:188} INFO - [2025-04-05T14:25:24.047+0000] {dag.py:3036} INFO - Sync 1 DAGs
[2025-04-05T14:25:24.069+0000] {logging_mixin.py:188} INFO - [2025-04-05T14:25:24.069+0000] {dag.py:3823} INFO - Setting next_dagrun for example_nested_branch_dag to 2025-04-04 00:00:00+00:00, run_after=2025-04-05 00:00:00+00:00
[2025-04-05T14:25:24.093+0000] {processor.py:183} INFO - Processing /home/airflow/.local/lib/python3.8/site-packages/airflow/example_dags/example_nested_branch_dag.py took 0.081 seconds
[2025-04-05T14:25:54.272+0000] {processor.py:161} INFO - Started process (PID=4025) to work on /home/airflow/.local/lib/python3.8/site-packages/airflow/example_dags/example_nested_branch_dag.py
[2025-04-05T14:25:54.273+0000] {processor.py:830} INFO - Processing file /home/airflow/.local/lib/python3.8/site-packages/airflow/example_dags/example_nested_branch_dag.py for tasks to queue
[2025-04-05T14:25:54.274+0000] {logging_mixin.py:188} INFO - [2025-04-05T14:25:54.273+0000] {dagbag.py:538} INFO - Filling up the DagBag from /home/airflow/.local/lib/python3.8/site-packages/airflow/example_dags/example_nested_branch_dag.py
[2025-04-05T14:25:54.283+0000] {processor.py:840} INFO - DAG(s) 'example_nested_branch_dag' retrieved from /home/airflow/.local/lib/python3.8/site-packages/airflow/example_dags/example_nested_branch_dag.py
[2025-04-05T14:25:54.306+0000] {logging_mixin.py:188} INFO - [2025-04-05T14:25:54.306+0000] {dag.py:3036} INFO - Sync 1 DAGs
[2025-04-05T14:25:54.326+0000] {logging_mixin.py:188} INFO - [2025-04-05T14:25:54.326+0000] {dag.py:3823} INFO - Setting next_dagrun for example_nested_branch_dag to 2025-04-04 00:00:00+00:00, run_after=2025-04-05 00:00:00+00:00
[2025-04-05T14:25:54.346+0000] {processor.py:183} INFO - Processing /home/airflow/.local/lib/python3.8/site-packages/airflow/example_dags/example_nested_branch_dag.py took 0.078 seconds
[2025-04-05T14:26:24.995+0000] {processor.py:161} INFO - Started process (PID=4274) to work on /home/airflow/.local/lib/python3.8/site-packages/airflow/example_dags/example_nested_branch_dag.py
[2025-04-05T14:26:24.996+0000] {processor.py:830} INFO - Processing file /home/airflow/.local/lib/python3.8/site-packages/airflow/example_dags/example_nested_branch_dag.py for tasks to queue
[2025-04-05T14:26:24.997+0000] {logging_mixin.py:188} INFO - [2025-04-05T14:26:24.997+0000] {dagbag.py:538} INFO - Filling up the DagBag from /home/airflow/.local/lib/python3.8/site-packages/airflow/example_dags/example_nested_branch_dag.py
[2025-04-05T14:26:25.006+0000] {processor.py:840} INFO - DAG(s) 'example_nested_branch_dag' retrieved from /home/airflow/.local/lib/python3.8/site-packages/airflow/example_dags/example_nested_branch_dag.py
[2025-04-05T14:26:25.029+0000] {logging_mixin.py:188} INFO - [2025-04-05T14:26:25.029+0000] {dag.py:3036} INFO - Sync 1 DAGs
[2025-04-05T14:26:25.050+0000] {logging_mixin.py:188} INFO - [2025-04-05T14:26:25.050+0000] {dag.py:3823} INFO - Setting next_dagrun for example_nested_branch_dag to 2025-04-04 00:00:00+00:00, run_after=2025-04-05 00:00:00+00:00
[2025-04-05T14:26:25.071+0000] {processor.py:183} INFO - Processing /home/airflow/.local/lib/python3.8/site-packages/airflow/example_dags/example_nested_branch_dag.py took 0.079 seconds
[2025-04-05T14:26:55.324+0000] {processor.py:161} INFO - Started process (PID=4521) to work on /home/airflow/.local/lib/python3.8/site-packages/airflow/example_dags/example_nested_branch_dag.py
[2025-04-05T14:26:55.325+0000] {processor.py:830} INFO - Processing file /home/airflow/.local/lib/python3.8/site-packages/airflow/example_dags/example_nested_branch_dag.py for tasks to queue
[2025-04-05T14:26:55.326+0000] {logging_mixin.py:188} INFO - [2025-04-05T14:26:55.326+0000] {dagbag.py:538} INFO - Filling up the DagBag from /home/airflow/.local/lib/python3.8/site-packages/airflow/example_dags/example_nested_branch_dag.py
[2025-04-05T14:26:55.334+0000] {processor.py:840} INFO - DAG(s) 'example_nested_branch_dag' retrieved from /home/airflow/.local/lib/python3.8/site-packages/airflow/example_dags/example_nested_branch_dag.py
[2025-04-05T14:26:55.355+0000] {logging_mixin.py:188} INFO - [2025-04-05T14:26:55.354+0000] {dag.py:3036} INFO - Sync 1 DAGs
[2025-04-05T14:26:55.374+0000] {logging_mixin.py:188} INFO - [2025-04-05T14:26:55.374+0000] {dag.py:3823} INFO - Setting next_dagrun for example_nested_branch_dag to 2025-04-04 00:00:00+00:00, run_after=2025-04-05 00:00:00+00:00
[2025-04-05T14:26:55.395+0000] {processor.py:183} INFO - Processing /home/airflow/.local/lib/python3.8/site-packages/airflow/example_dags/example_nested_branch_dag.py took 0.074 seconds
[2025-04-05T14:28:36.051+0000] {processor.py:161} INFO - Started process (PID=313) to work on /home/airflow/.local/lib/python3.8/site-packages/airflow/example_dags/example_nested_branch_dag.py
[2025-04-05T14:28:36.053+0000] {processor.py:830} INFO - Processing file /home/airflow/.local/lib/python3.8/site-packages/airflow/example_dags/example_nested_branch_dag.py for tasks to queue
[2025-04-05T14:28:36.054+0000] {logging_mixin.py:188} INFO - [2025-04-05T14:28:36.054+0000] {dagbag.py:538} INFO - Filling up the DagBag from /home/airflow/.local/lib/python3.8/site-packages/airflow/example_dags/example_nested_branch_dag.py
[2025-04-05T14:28:36.066+0000] {processor.py:840} INFO - DAG(s) 'example_nested_branch_dag' retrieved from /home/airflow/.local/lib/python3.8/site-packages/airflow/example_dags/example_nested_branch_dag.py
[2025-04-05T14:28:36.080+0000] {logging_mixin.py:188} INFO - [2025-04-05T14:28:36.080+0000] {dag.py:3036} INFO - Sync 1 DAGs
[2025-04-05T14:28:36.113+0000] {logging_mixin.py:188} INFO - [2025-04-05T14:28:36.113+0000] {dag.py:3823} INFO - Setting next_dagrun for example_nested_branch_dag to 2025-04-04 00:00:00+00:00, run_after=2025-04-05 00:00:00+00:00
[2025-04-05T14:28:36.137+0000] {processor.py:183} INFO - Processing /home/airflow/.local/lib/python3.8/site-packages/airflow/example_dags/example_nested_branch_dag.py took 0.090 seconds
[2025-04-05T14:29:07.707+0000] {processor.py:161} INFO - Started process (PID=562) to work on /home/airflow/.local/lib/python3.8/site-packages/airflow/example_dags/example_nested_branch_dag.py
[2025-04-05T14:29:07.708+0000] {processor.py:830} INFO - Processing file /home/airflow/.local/lib/python3.8/site-packages/airflow/example_dags/example_nested_branch_dag.py for tasks to queue
[2025-04-05T14:29:07.709+0000] {logging_mixin.py:188} INFO - [2025-04-05T14:29:07.708+0000] {dagbag.py:538} INFO - Filling up the DagBag from /home/airflow/.local/lib/python3.8/site-packages/airflow/example_dags/example_nested_branch_dag.py
[2025-04-05T14:29:07.717+0000] {processor.py:840} INFO - DAG(s) 'example_nested_branch_dag' retrieved from /home/airflow/.local/lib/python3.8/site-packages/airflow/example_dags/example_nested_branch_dag.py
[2025-04-05T14:29:07.805+0000] {logging_mixin.py:188} INFO - [2025-04-05T14:29:07.805+0000] {dag.py:3036} INFO - Sync 1 DAGs
[2025-04-05T14:29:07.825+0000] {logging_mixin.py:188} INFO - [2025-04-05T14:29:07.825+0000] {dag.py:3823} INFO - Setting next_dagrun for example_nested_branch_dag to 2025-04-04 00:00:00+00:00, run_after=2025-04-05 00:00:00+00:00
[2025-04-05T14:29:07.847+0000] {processor.py:183} INFO - Processing /home/airflow/.local/lib/python3.8/site-packages/airflow/example_dags/example_nested_branch_dag.py took 0.143 seconds
[2025-04-05T14:29:38.664+0000] {processor.py:161} INFO - Started process (PID=809) to work on /home/airflow/.local/lib/python3.8/site-packages/airflow/example_dags/example_nested_branch_dag.py
[2025-04-05T14:29:38.665+0000] {processor.py:830} INFO - Processing file /home/airflow/.local/lib/python3.8/site-packages/airflow/example_dags/example_nested_branch_dag.py for tasks to queue
[2025-04-05T14:29:38.666+0000] {logging_mixin.py:188} INFO - [2025-04-05T14:29:38.666+0000] {dagbag.py:538} INFO - Filling up the DagBag from /home/airflow/.local/lib/python3.8/site-packages/airflow/example_dags/example_nested_branch_dag.py
[2025-04-05T14:29:38.675+0000] {processor.py:840} INFO - DAG(s) 'example_nested_branch_dag' retrieved from /home/airflow/.local/lib/python3.8/site-packages/airflow/example_dags/example_nested_branch_dag.py
[2025-04-05T14:29:38.695+0000] {logging_mixin.py:188} INFO - [2025-04-05T14:29:38.695+0000] {dag.py:3036} INFO - Sync 1 DAGs
[2025-04-05T14:29:38.715+0000] {logging_mixin.py:188} INFO - [2025-04-05T14:29:38.715+0000] {dag.py:3823} INFO - Setting next_dagrun for example_nested_branch_dag to 2025-04-04 00:00:00+00:00, run_after=2025-04-05 00:00:00+00:00
[2025-04-05T14:29:38.734+0000] {processor.py:183} INFO - Processing /home/airflow/.local/lib/python3.8/site-packages/airflow/example_dags/example_nested_branch_dag.py took 0.073 seconds
[2025-04-05T14:30:09.020+0000] {processor.py:161} INFO - Started process (PID=1056) to work on /home/airflow/.local/lib/python3.8/site-packages/airflow/example_dags/example_nested_branch_dag.py
[2025-04-05T14:30:09.021+0000] {processor.py:830} INFO - Processing file /home/airflow/.local/lib/python3.8/site-packages/airflow/example_dags/example_nested_branch_dag.py for tasks to queue
[2025-04-05T14:30:09.022+0000] {logging_mixin.py:188} INFO - [2025-04-05T14:30:09.021+0000] {dagbag.py:538} INFO - Filling up the DagBag from /home/airflow/.local/lib/python3.8/site-packages/airflow/example_dags/example_nested_branch_dag.py
[2025-04-05T14:30:09.031+0000] {processor.py:840} INFO - DAG(s) 'example_nested_branch_dag' retrieved from /home/airflow/.local/lib/python3.8/site-packages/airflow/example_dags/example_nested_branch_dag.py
[2025-04-05T14:30:09.054+0000] {logging_mixin.py:188} INFO - [2025-04-05T14:30:09.054+0000] {dag.py:3036} INFO - Sync 1 DAGs
[2025-04-05T14:30:09.075+0000] {logging_mixin.py:188} INFO - [2025-04-05T14:30:09.074+0000] {dag.py:3823} INFO - Setting next_dagrun for example_nested_branch_dag to 2025-04-04 00:00:00+00:00, run_after=2025-04-05 00:00:00+00:00
[2025-04-05T14:30:09.096+0000] {processor.py:183} INFO - Processing /home/airflow/.local/lib/python3.8/site-packages/airflow/example_dags/example_nested_branch_dag.py took 0.079 seconds
[2025-04-05T14:30:39.975+0000] {processor.py:161} INFO - Started process (PID=1303) to work on /home/airflow/.local/lib/python3.8/site-packages/airflow/example_dags/example_nested_branch_dag.py
[2025-04-05T14:30:39.976+0000] {processor.py:830} INFO - Processing file /home/airflow/.local/lib/python3.8/site-packages/airflow/example_dags/example_nested_branch_dag.py for tasks to queue
[2025-04-05T14:30:39.977+0000] {logging_mixin.py:188} INFO - [2025-04-05T14:30:39.977+0000] {dagbag.py:538} INFO - Filling up the DagBag from /home/airflow/.local/lib/python3.8/site-packages/airflow/example_dags/example_nested_branch_dag.py
[2025-04-05T14:30:39.986+0000] {processor.py:840} INFO - DAG(s) 'example_nested_branch_dag' retrieved from /home/airflow/.local/lib/python3.8/site-packages/airflow/example_dags/example_nested_branch_dag.py
[2025-04-05T14:30:40.006+0000] {logging_mixin.py:188} INFO - [2025-04-05T14:30:40.006+0000] {dag.py:3036} INFO - Sync 1 DAGs
[2025-04-05T14:30:40.026+0000] {logging_mixin.py:188} INFO - [2025-04-05T14:30:40.026+0000] {dag.py:3823} INFO - Setting next_dagrun for example_nested_branch_dag to 2025-04-04 00:00:00+00:00, run_after=2025-04-05 00:00:00+00:00
[2025-04-05T14:30:40.048+0000] {processor.py:183} INFO - Processing /home/airflow/.local/lib/python3.8/site-packages/airflow/example_dags/example_nested_branch_dag.py took 0.075 seconds
[2025-04-05T14:31:11.211+0000] {processor.py:161} INFO - Started process (PID=1548) to work on /home/airflow/.local/lib/python3.8/site-packages/airflow/example_dags/example_nested_branch_dag.py
[2025-04-05T14:31:11.227+0000] {processor.py:830} INFO - Processing file /home/airflow/.local/lib/python3.8/site-packages/airflow/example_dags/example_nested_branch_dag.py for tasks to queue
[2025-04-05T14:31:11.229+0000] {logging_mixin.py:188} INFO - [2025-04-05T14:31:11.228+0000] {dagbag.py:538} INFO - Filling up the DagBag from /home/airflow/.local/lib/python3.8/site-packages/airflow/example_dags/example_nested_branch_dag.py
[2025-04-05T14:31:11.246+0000] {processor.py:840} INFO - DAG(s) 'example_nested_branch_dag' retrieved from /home/airflow/.local/lib/python3.8/site-packages/airflow/example_dags/example_nested_branch_dag.py
[2025-04-05T14:31:11.283+0000] {logging_mixin.py:188} INFO - [2025-04-05T14:31:11.282+0000] {dag.py:3036} INFO - Sync 1 DAGs
[2025-04-05T14:31:11.319+0000] {logging_mixin.py:188} INFO - [2025-04-05T14:31:11.318+0000] {dag.py:3823} INFO - Setting next_dagrun for example_nested_branch_dag to 2025-04-04 00:00:00+00:00, run_after=2025-04-05 00:00:00+00:00
[2025-04-05T14:31:11.553+0000] {processor.py:183} INFO - Processing /home/airflow/.local/lib/python3.8/site-packages/airflow/example_dags/example_nested_branch_dag.py took 0.348 seconds
[2025-04-05T14:31:42.192+0000] {processor.py:161} INFO - Started process (PID=1797) to work on /home/airflow/.local/lib/python3.8/site-packages/airflow/example_dags/example_nested_branch_dag.py
[2025-04-05T14:31:42.193+0000] {processor.py:830} INFO - Processing file /home/airflow/.local/lib/python3.8/site-packages/airflow/example_dags/example_nested_branch_dag.py for tasks to queue
[2025-04-05T14:31:42.194+0000] {logging_mixin.py:188} INFO - [2025-04-05T14:31:42.193+0000] {dagbag.py:538} INFO - Filling up the DagBag from /home/airflow/.local/lib/python3.8/site-packages/airflow/example_dags/example_nested_branch_dag.py
[2025-04-05T14:31:42.210+0000] {processor.py:840} INFO - DAG(s) 'example_nested_branch_dag' retrieved from /home/airflow/.local/lib/python3.8/site-packages/airflow/example_dags/example_nested_branch_dag.py
[2025-04-05T14:31:42.235+0000] {logging_mixin.py:188} INFO - [2025-04-05T14:31:42.235+0000] {dag.py:3036} INFO - Sync 1 DAGs
[2025-04-05T14:31:42.267+0000] {logging_mixin.py:188} INFO - [2025-04-05T14:31:42.267+0000] {dag.py:3823} INFO - Setting next_dagrun for example_nested_branch_dag to 2025-04-04 00:00:00+00:00, run_after=2025-04-05 00:00:00+00:00
[2025-04-05T14:31:42.296+0000] {processor.py:183} INFO - Processing /home/airflow/.local/lib/python3.8/site-packages/airflow/example_dags/example_nested_branch_dag.py took 0.108 seconds
[2025-04-05T14:32:12.523+0000] {processor.py:161} INFO - Started process (PID=2044) to work on /home/airflow/.local/lib/python3.8/site-packages/airflow/example_dags/example_nested_branch_dag.py
[2025-04-05T14:32:12.525+0000] {processor.py:830} INFO - Processing file /home/airflow/.local/lib/python3.8/site-packages/airflow/example_dags/example_nested_branch_dag.py for tasks to queue
[2025-04-05T14:32:12.525+0000] {logging_mixin.py:188} INFO - [2025-04-05T14:32:12.525+0000] {dagbag.py:538} INFO - Filling up the DagBag from /home/airflow/.local/lib/python3.8/site-packages/airflow/example_dags/example_nested_branch_dag.py
[2025-04-05T14:32:12.534+0000] {processor.py:840} INFO - DAG(s) 'example_nested_branch_dag' retrieved from /home/airflow/.local/lib/python3.8/site-packages/airflow/example_dags/example_nested_branch_dag.py
[2025-04-05T14:32:12.554+0000] {logging_mixin.py:188} INFO - [2025-04-05T14:32:12.554+0000] {dag.py:3036} INFO - Sync 1 DAGs
[2025-04-05T14:32:12.575+0000] {logging_mixin.py:188} INFO - [2025-04-05T14:32:12.575+0000] {dag.py:3823} INFO - Setting next_dagrun for example_nested_branch_dag to 2025-04-04 00:00:00+00:00, run_after=2025-04-05 00:00:00+00:00
[2025-04-05T14:32:12.596+0000] {processor.py:183} INFO - Processing /home/airflow/.local/lib/python3.8/site-packages/airflow/example_dags/example_nested_branch_dag.py took 0.076 seconds
[2025-04-05T14:32:43.536+0000] {processor.py:161} INFO - Started process (PID=2291) to work on /home/airflow/.local/lib/python3.8/site-packages/airflow/example_dags/example_nested_branch_dag.py
[2025-04-05T14:32:43.537+0000] {processor.py:830} INFO - Processing file /home/airflow/.local/lib/python3.8/site-packages/airflow/example_dags/example_nested_branch_dag.py for tasks to queue
[2025-04-05T14:32:43.537+0000] {logging_mixin.py:188} INFO - [2025-04-05T14:32:43.537+0000] {dagbag.py:538} INFO - Filling up the DagBag from /home/airflow/.local/lib/python3.8/site-packages/airflow/example_dags/example_nested_branch_dag.py
[2025-04-05T14:32:43.547+0000] {processor.py:840} INFO - DAG(s) 'example_nested_branch_dag' retrieved from /home/airflow/.local/lib/python3.8/site-packages/airflow/example_dags/example_nested_branch_dag.py
[2025-04-05T14:32:43.566+0000] {logging_mixin.py:188} INFO - [2025-04-05T14:32:43.566+0000] {dag.py:3036} INFO - Sync 1 DAGs
[2025-04-05T14:32:43.587+0000] {logging_mixin.py:188} INFO - [2025-04-05T14:32:43.586+0000] {dag.py:3823} INFO - Setting next_dagrun for example_nested_branch_dag to 2025-04-04 00:00:00+00:00, run_after=2025-04-05 00:00:00+00:00
[2025-04-05T14:32:43.609+0000] {processor.py:183} INFO - Processing /home/airflow/.local/lib/python3.8/site-packages/airflow/example_dags/example_nested_branch_dag.py took 0.076 seconds
[2025-04-05T14:33:13.975+0000] {processor.py:161} INFO - Started process (PID=2538) to work on /home/airflow/.local/lib/python3.8/site-packages/airflow/example_dags/example_nested_branch_dag.py
[2025-04-05T14:33:13.976+0000] {processor.py:830} INFO - Processing file /home/airflow/.local/lib/python3.8/site-packages/airflow/example_dags/example_nested_branch_dag.py for tasks to queue
[2025-04-05T14:33:13.977+0000] {logging_mixin.py:188} INFO - [2025-04-05T14:33:13.977+0000] {dagbag.py:538} INFO - Filling up the DagBag from /home/airflow/.local/lib/python3.8/site-packages/airflow/example_dags/example_nested_branch_dag.py
[2025-04-05T14:33:13.986+0000] {processor.py:840} INFO - DAG(s) 'example_nested_branch_dag' retrieved from /home/airflow/.local/lib/python3.8/site-packages/airflow/example_dags/example_nested_branch_dag.py
[2025-04-05T14:33:14.007+0000] {logging_mixin.py:188} INFO - [2025-04-05T14:33:14.006+0000] {dag.py:3036} INFO - Sync 1 DAGs
[2025-04-05T14:33:14.026+0000] {logging_mixin.py:188} INFO - [2025-04-05T14:33:14.026+0000] {dag.py:3823} INFO - Setting next_dagrun for example_nested_branch_dag to 2025-04-04 00:00:00+00:00, run_after=2025-04-05 00:00:00+00:00
[2025-04-05T14:33:14.046+0000] {processor.py:183} INFO - Processing /home/airflow/.local/lib/python3.8/site-packages/airflow/example_dags/example_nested_branch_dag.py took 0.074 seconds
[2025-04-05T14:33:44.154+0000] {processor.py:161} INFO - Started process (PID=2785) to work on /home/airflow/.local/lib/python3.8/site-packages/airflow/example_dags/example_nested_branch_dag.py
[2025-04-05T14:33:44.155+0000] {processor.py:830} INFO - Processing file /home/airflow/.local/lib/python3.8/site-packages/airflow/example_dags/example_nested_branch_dag.py for tasks to queue
[2025-04-05T14:33:44.156+0000] {logging_mixin.py:188} INFO - [2025-04-05T14:33:44.155+0000] {dagbag.py:538} INFO - Filling up the DagBag from /home/airflow/.local/lib/python3.8/site-packages/airflow/example_dags/example_nested_branch_dag.py
[2025-04-05T14:33:44.164+0000] {processor.py:840} INFO - DAG(s) 'example_nested_branch_dag' retrieved from /home/airflow/.local/lib/python3.8/site-packages/airflow/example_dags/example_nested_branch_dag.py
[2025-04-05T14:33:44.184+0000] {logging_mixin.py:188} INFO - [2025-04-05T14:33:44.184+0000] {dag.py:3036} INFO - Sync 1 DAGs
[2025-04-05T14:33:44.204+0000] {logging_mixin.py:188} INFO - [2025-04-05T14:33:44.203+0000] {dag.py:3823} INFO - Setting next_dagrun for example_nested_branch_dag to 2025-04-04 00:00:00+00:00, run_after=2025-04-05 00:00:00+00:00
[2025-04-05T14:33:44.224+0000] {processor.py:183} INFO - Processing /home/airflow/.local/lib/python3.8/site-packages/airflow/example_dags/example_nested_branch_dag.py took 0.072 seconds
[2025-04-05T14:34:14.538+0000] {processor.py:161} INFO - Started process (PID=3032) to work on /home/airflow/.local/lib/python3.8/site-packages/airflow/example_dags/example_nested_branch_dag.py
[2025-04-05T14:34:14.538+0000] {processor.py:830} INFO - Processing file /home/airflow/.local/lib/python3.8/site-packages/airflow/example_dags/example_nested_branch_dag.py for tasks to queue
[2025-04-05T14:34:14.539+0000] {logging_mixin.py:188} INFO - [2025-04-05T14:34:14.539+0000] {dagbag.py:538} INFO - Filling up the DagBag from /home/airflow/.local/lib/python3.8/site-packages/airflow/example_dags/example_nested_branch_dag.py
[2025-04-05T14:34:14.549+0000] {processor.py:840} INFO - DAG(s) 'example_nested_branch_dag' retrieved from /home/airflow/.local/lib/python3.8/site-packages/airflow/example_dags/example_nested_branch_dag.py
[2025-04-05T14:34:14.570+0000] {logging_mixin.py:188} INFO - [2025-04-05T14:34:14.570+0000] {dag.py:3036} INFO - Sync 1 DAGs
[2025-04-05T14:34:14.590+0000] {logging_mixin.py:188} INFO - [2025-04-05T14:34:14.590+0000] {dag.py:3823} INFO - Setting next_dagrun for example_nested_branch_dag to 2025-04-04 00:00:00+00:00, run_after=2025-04-05 00:00:00+00:00
[2025-04-05T14:34:14.612+0000] {processor.py:183} INFO - Processing /home/airflow/.local/lib/python3.8/site-packages/airflow/example_dags/example_nested_branch_dag.py took 0.077 seconds
[2025-04-05T14:34:44.820+0000] {processor.py:161} INFO - Started process (PID=3279) to work on /home/airflow/.local/lib/python3.8/site-packages/airflow/example_dags/example_nested_branch_dag.py
[2025-04-05T14:34:44.821+0000] {processor.py:830} INFO - Processing file /home/airflow/.local/lib/python3.8/site-packages/airflow/example_dags/example_nested_branch_dag.py for tasks to queue
[2025-04-05T14:34:44.822+0000] {logging_mixin.py:188} INFO - [2025-04-05T14:34:44.822+0000] {dagbag.py:538} INFO - Filling up the DagBag from /home/airflow/.local/lib/python3.8/site-packages/airflow/example_dags/example_nested_branch_dag.py
[2025-04-05T14:34:44.832+0000] {processor.py:840} INFO - DAG(s) 'example_nested_branch_dag' retrieved from /home/airflow/.local/lib/python3.8/site-packages/airflow/example_dags/example_nested_branch_dag.py
[2025-04-05T14:34:44.853+0000] {logging_mixin.py:188} INFO - [2025-04-05T14:34:44.853+0000] {dag.py:3036} INFO - Sync 1 DAGs
[2025-04-05T14:34:44.873+0000] {logging_mixin.py:188} INFO - [2025-04-05T14:34:44.873+0000] {dag.py:3823} INFO - Setting next_dagrun for example_nested_branch_dag to 2025-04-04 00:00:00+00:00, run_after=2025-04-05 00:00:00+00:00
[2025-04-05T14:34:44.894+0000] {processor.py:183} INFO - Processing /home/airflow/.local/lib/python3.8/site-packages/airflow/example_dags/example_nested_branch_dag.py took 0.077 seconds
[2025-04-05T16:40:53.485+0000] {processor.py:161} INFO - Started process (PID=206) to work on /home/airflow/.local/lib/python3.8/site-packages/airflow/example_dags/example_nested_branch_dag.py
[2025-04-05T16:40:53.487+0000] {processor.py:830} INFO - Processing file /home/airflow/.local/lib/python3.8/site-packages/airflow/example_dags/example_nested_branch_dag.py for tasks to queue
[2025-04-05T16:40:53.490+0000] {logging_mixin.py:188} INFO - [2025-04-05T16:40:53.489+0000] {dagbag.py:538} INFO - Filling up the DagBag from /home/airflow/.local/lib/python3.8/site-packages/airflow/example_dags/example_nested_branch_dag.py
[2025-04-05T16:40:53.509+0000] {processor.py:840} INFO - DAG(s) 'example_nested_branch_dag' retrieved from /home/airflow/.local/lib/python3.8/site-packages/airflow/example_dags/example_nested_branch_dag.py
[2025-04-05T16:40:53.733+0000] {logging_mixin.py:188} INFO - [2025-04-05T16:40:53.731+0000] {override.py:1769} INFO - Created Permission View: can edit on DAG:example_nested_branch_dag
[2025-04-05T16:40:53.756+0000] {logging_mixin.py:188} INFO - [2025-04-05T16:40:53.755+0000] {override.py:1769} INFO - Created Permission View: can delete on DAG:example_nested_branch_dag
[2025-04-05T16:40:53.772+0000] {logging_mixin.py:188} INFO - [2025-04-05T16:40:53.771+0000] {override.py:1769} INFO - Created Permission View: can read on DAG:example_nested_branch_dag
[2025-04-05T16:40:53.773+0000] {logging_mixin.py:188} INFO - [2025-04-05T16:40:53.772+0000] {dag.py:3036} INFO - Sync 1 DAGs
[2025-04-05T16:40:53.792+0000] {logging_mixin.py:188} INFO - [2025-04-05T16:40:53.791+0000] {dag.py:3058} INFO - Creating ORM DAG for example_nested_branch_dag
[2025-04-05T16:40:53.810+0000] {logging_mixin.py:188} INFO - [2025-04-05T16:40:53.810+0000] {dag.py:3823} INFO - Setting next_dagrun for example_nested_branch_dag to 2025-04-04 00:00:00+00:00, run_after=2025-04-05 00:00:00+00:00
[2025-04-05T16:40:53.853+0000] {processor.py:183} INFO - Processing /home/airflow/.local/lib/python3.8/site-packages/airflow/example_dags/example_nested_branch_dag.py took 0.376 seconds
[2025-04-05T16:41:23.939+0000] {processor.py:161} INFO - Started process (PID=450) to work on /home/airflow/.local/lib/python3.8/site-packages/airflow/example_dags/example_nested_branch_dag.py
[2025-04-05T16:41:23.941+0000] {processor.py:830} INFO - Processing file /home/airflow/.local/lib/python3.8/site-packages/airflow/example_dags/example_nested_branch_dag.py for tasks to queue
[2025-04-05T16:41:23.942+0000] {logging_mixin.py:188} INFO - [2025-04-05T16:41:23.941+0000] {dagbag.py:538} INFO - Filling up the DagBag from /home/airflow/.local/lib/python3.8/site-packages/airflow/example_dags/example_nested_branch_dag.py
[2025-04-05T16:41:23.952+0000] {processor.py:840} INFO - DAG(s) 'example_nested_branch_dag' retrieved from /home/airflow/.local/lib/python3.8/site-packages/airflow/example_dags/example_nested_branch_dag.py
[2025-04-05T16:41:23.974+0000] {logging_mixin.py:188} INFO - [2025-04-05T16:41:23.974+0000] {dag.py:3036} INFO - Sync 1 DAGs
[2025-04-05T16:41:23.997+0000] {logging_mixin.py:188} INFO - [2025-04-05T16:41:23.997+0000] {dag.py:3823} INFO - Setting next_dagrun for example_nested_branch_dag to 2025-04-04 00:00:00+00:00, run_after=2025-04-05 00:00:00+00:00
[2025-04-05T16:41:24.021+0000] {processor.py:183} INFO - Processing /home/airflow/.local/lib/python3.8/site-packages/airflow/example_dags/example_nested_branch_dag.py took 0.084 seconds
[2025-04-05T16:41:54.151+0000] {processor.py:161} INFO - Started process (PID=695) to work on /home/airflow/.local/lib/python3.8/site-packages/airflow/example_dags/example_nested_branch_dag.py
[2025-04-05T16:41:54.158+0000] {processor.py:830} INFO - Processing file /home/airflow/.local/lib/python3.8/site-packages/airflow/example_dags/example_nested_branch_dag.py for tasks to queue
[2025-04-05T16:41:54.164+0000] {logging_mixin.py:188} INFO - [2025-04-05T16:41:54.160+0000] {dagbag.py:538} INFO - Filling up the DagBag from /home/airflow/.local/lib/python3.8/site-packages/airflow/example_dags/example_nested_branch_dag.py
[2025-04-05T16:41:54.194+0000] {processor.py:840} INFO - DAG(s) 'example_nested_branch_dag' retrieved from /home/airflow/.local/lib/python3.8/site-packages/airflow/example_dags/example_nested_branch_dag.py
[2025-04-05T16:41:54.756+0000] {logging_mixin.py:188} INFO - [2025-04-05T16:41:54.756+0000] {dag.py:3036} INFO - Sync 1 DAGs
[2025-04-05T16:41:54.836+0000] {logging_mixin.py:188} INFO - [2025-04-05T16:41:54.836+0000] {dag.py:3823} INFO - Setting next_dagrun for example_nested_branch_dag to 2025-04-04 00:00:00+00:00, run_after=2025-04-05 00:00:00+00:00
[2025-04-05T16:41:54.935+0000] {processor.py:183} INFO - Processing /home/airflow/.local/lib/python3.8/site-packages/airflow/example_dags/example_nested_branch_dag.py took 0.791 seconds
[2025-04-05T16:42:25.612+0000] {processor.py:161} INFO - Started process (PID=942) to work on /home/airflow/.local/lib/python3.8/site-packages/airflow/example_dags/example_nested_branch_dag.py
[2025-04-05T16:42:25.613+0000] {processor.py:830} INFO - Processing file /home/airflow/.local/lib/python3.8/site-packages/airflow/example_dags/example_nested_branch_dag.py for tasks to queue
[2025-04-05T16:42:25.614+0000] {logging_mixin.py:188} INFO - [2025-04-05T16:42:25.614+0000] {dagbag.py:538} INFO - Filling up the DagBag from /home/airflow/.local/lib/python3.8/site-packages/airflow/example_dags/example_nested_branch_dag.py
[2025-04-05T16:42:25.623+0000] {processor.py:840} INFO - DAG(s) 'example_nested_branch_dag' retrieved from /home/airflow/.local/lib/python3.8/site-packages/airflow/example_dags/example_nested_branch_dag.py
[2025-04-05T16:42:25.645+0000] {logging_mixin.py:188} INFO - [2025-04-05T16:42:25.645+0000] {dag.py:3036} INFO - Sync 1 DAGs
[2025-04-05T16:42:25.671+0000] {logging_mixin.py:188} INFO - [2025-04-05T16:42:25.670+0000] {dag.py:3823} INFO - Setting next_dagrun for example_nested_branch_dag to 2025-04-04 00:00:00+00:00, run_after=2025-04-05 00:00:00+00:00
[2025-04-05T16:42:25.761+0000] {processor.py:183} INFO - Processing /home/airflow/.local/lib/python3.8/site-packages/airflow/example_dags/example_nested_branch_dag.py took 0.152 seconds
[2025-04-05T16:42:56.043+0000] {processor.py:161} INFO - Started process (PID=1189) to work on /home/airflow/.local/lib/python3.8/site-packages/airflow/example_dags/example_nested_branch_dag.py
[2025-04-05T16:42:56.044+0000] {processor.py:830} INFO - Processing file /home/airflow/.local/lib/python3.8/site-packages/airflow/example_dags/example_nested_branch_dag.py for tasks to queue
[2025-04-05T16:42:56.045+0000] {logging_mixin.py:188} INFO - [2025-04-05T16:42:56.045+0000] {dagbag.py:538} INFO - Filling up the DagBag from /home/airflow/.local/lib/python3.8/site-packages/airflow/example_dags/example_nested_branch_dag.py
[2025-04-05T16:42:56.056+0000] {processor.py:840} INFO - DAG(s) 'example_nested_branch_dag' retrieved from /home/airflow/.local/lib/python3.8/site-packages/airflow/example_dags/example_nested_branch_dag.py
[2025-04-05T16:42:56.079+0000] {logging_mixin.py:188} INFO - [2025-04-05T16:42:56.079+0000] {dag.py:3036} INFO - Sync 1 DAGs
[2025-04-05T16:42:56.100+0000] {logging_mixin.py:188} INFO - [2025-04-05T16:42:56.100+0000] {dag.py:3823} INFO - Setting next_dagrun for example_nested_branch_dag to 2025-04-04 00:00:00+00:00, run_after=2025-04-05 00:00:00+00:00
[2025-04-05T16:42:56.125+0000] {processor.py:183} INFO - Processing /home/airflow/.local/lib/python3.8/site-packages/airflow/example_dags/example_nested_branch_dag.py took 0.085 seconds
[2025-04-05T16:43:26.208+0000] {processor.py:161} INFO - Started process (PID=1436) to work on /home/airflow/.local/lib/python3.8/site-packages/airflow/example_dags/example_nested_branch_dag.py
[2025-04-05T16:43:26.209+0000] {processor.py:830} INFO - Processing file /home/airflow/.local/lib/python3.8/site-packages/airflow/example_dags/example_nested_branch_dag.py for tasks to queue
[2025-04-05T16:43:26.211+0000] {logging_mixin.py:188} INFO - [2025-04-05T16:43:26.210+0000] {dagbag.py:538} INFO - Filling up the DagBag from /home/airflow/.local/lib/python3.8/site-packages/airflow/example_dags/example_nested_branch_dag.py
[2025-04-05T16:43:26.221+0000] {processor.py:840} INFO - DAG(s) 'example_nested_branch_dag' retrieved from /home/airflow/.local/lib/python3.8/site-packages/airflow/example_dags/example_nested_branch_dag.py
[2025-04-05T16:43:26.248+0000] {logging_mixin.py:188} INFO - [2025-04-05T16:43:26.248+0000] {dag.py:3036} INFO - Sync 1 DAGs
[2025-04-05T16:43:26.277+0000] {logging_mixin.py:188} INFO - [2025-04-05T16:43:26.277+0000] {dag.py:3823} INFO - Setting next_dagrun for example_nested_branch_dag to 2025-04-04 00:00:00+00:00, run_after=2025-04-05 00:00:00+00:00
[2025-04-05T16:43:26.296+0000] {processor.py:183} INFO - Processing /home/airflow/.local/lib/python3.8/site-packages/airflow/example_dags/example_nested_branch_dag.py took 0.091 seconds
[2025-04-05T16:43:56.368+0000] {processor.py:161} INFO - Started process (PID=1683) to work on /home/airflow/.local/lib/python3.8/site-packages/airflow/example_dags/example_nested_branch_dag.py
[2025-04-05T16:43:56.369+0000] {processor.py:830} INFO - Processing file /home/airflow/.local/lib/python3.8/site-packages/airflow/example_dags/example_nested_branch_dag.py for tasks to queue
[2025-04-05T16:43:56.370+0000] {logging_mixin.py:188} INFO - [2025-04-05T16:43:56.370+0000] {dagbag.py:538} INFO - Filling up the DagBag from /home/airflow/.local/lib/python3.8/site-packages/airflow/example_dags/example_nested_branch_dag.py
[2025-04-05T16:43:56.379+0000] {processor.py:840} INFO - DAG(s) 'example_nested_branch_dag' retrieved from /home/airflow/.local/lib/python3.8/site-packages/airflow/example_dags/example_nested_branch_dag.py
[2025-04-05T16:43:56.402+0000] {logging_mixin.py:188} INFO - [2025-04-05T16:43:56.401+0000] {dag.py:3036} INFO - Sync 1 DAGs
[2025-04-05T16:43:56.421+0000] {logging_mixin.py:188} INFO - [2025-04-05T16:43:56.421+0000] {dag.py:3823} INFO - Setting next_dagrun for example_nested_branch_dag to 2025-04-04 00:00:00+00:00, run_after=2025-04-05 00:00:00+00:00
[2025-04-05T16:43:56.443+0000] {processor.py:183} INFO - Processing /home/airflow/.local/lib/python3.8/site-packages/airflow/example_dags/example_nested_branch_dag.py took 0.077 seconds
[2025-04-05T16:44:26.621+0000] {processor.py:161} INFO - Started process (PID=1930) to work on /home/airflow/.local/lib/python3.8/site-packages/airflow/example_dags/example_nested_branch_dag.py
[2025-04-05T16:44:26.622+0000] {processor.py:830} INFO - Processing file /home/airflow/.local/lib/python3.8/site-packages/airflow/example_dags/example_nested_branch_dag.py for tasks to queue
[2025-04-05T16:44:26.623+0000] {logging_mixin.py:188} INFO - [2025-04-05T16:44:26.623+0000] {dagbag.py:538} INFO - Filling up the DagBag from /home/airflow/.local/lib/python3.8/site-packages/airflow/example_dags/example_nested_branch_dag.py
[2025-04-05T16:44:26.632+0000] {processor.py:840} INFO - DAG(s) 'example_nested_branch_dag' retrieved from /home/airflow/.local/lib/python3.8/site-packages/airflow/example_dags/example_nested_branch_dag.py
[2025-04-05T16:44:26.660+0000] {logging_mixin.py:188} INFO - [2025-04-05T16:44:26.660+0000] {dag.py:3036} INFO - Sync 1 DAGs
[2025-04-05T16:44:26.687+0000] {logging_mixin.py:188} INFO - [2025-04-05T16:44:26.687+0000] {dag.py:3823} INFO - Setting next_dagrun for example_nested_branch_dag to 2025-04-04 00:00:00+00:00, run_after=2025-04-05 00:00:00+00:00
[2025-04-05T16:44:26.707+0000] {processor.py:183} INFO - Processing /home/airflow/.local/lib/python3.8/site-packages/airflow/example_dags/example_nested_branch_dag.py took 0.089 seconds
[2025-04-05T16:44:56.770+0000] {processor.py:161} INFO - Started process (PID=2177) to work on /home/airflow/.local/lib/python3.8/site-packages/airflow/example_dags/example_nested_branch_dag.py
[2025-04-05T16:44:56.771+0000] {processor.py:830} INFO - Processing file /home/airflow/.local/lib/python3.8/site-packages/airflow/example_dags/example_nested_branch_dag.py for tasks to queue
[2025-04-05T16:44:56.772+0000] {logging_mixin.py:188} INFO - [2025-04-05T16:44:56.772+0000] {dagbag.py:538} INFO - Filling up the DagBag from /home/airflow/.local/lib/python3.8/site-packages/airflow/example_dags/example_nested_branch_dag.py
[2025-04-05T16:44:56.781+0000] {processor.py:840} INFO - DAG(s) 'example_nested_branch_dag' retrieved from /home/airflow/.local/lib/python3.8/site-packages/airflow/example_dags/example_nested_branch_dag.py
[2025-04-05T16:44:56.802+0000] {logging_mixin.py:188} INFO - [2025-04-05T16:44:56.802+0000] {dag.py:3036} INFO - Sync 1 DAGs
[2025-04-05T16:44:56.823+0000] {logging_mixin.py:188} INFO - [2025-04-05T16:44:56.822+0000] {dag.py:3823} INFO - Setting next_dagrun for example_nested_branch_dag to 2025-04-04 00:00:00+00:00, run_after=2025-04-05 00:00:00+00:00
[2025-04-05T16:44:56.843+0000] {processor.py:183} INFO - Processing /home/airflow/.local/lib/python3.8/site-packages/airflow/example_dags/example_nested_branch_dag.py took 0.076 seconds
[2025-04-05T16:45:27.149+0000] {processor.py:161} INFO - Started process (PID=2424) to work on /home/airflow/.local/lib/python3.8/site-packages/airflow/example_dags/example_nested_branch_dag.py
[2025-04-05T16:45:27.150+0000] {processor.py:830} INFO - Processing file /home/airflow/.local/lib/python3.8/site-packages/airflow/example_dags/example_nested_branch_dag.py for tasks to queue
[2025-04-05T16:45:27.151+0000] {logging_mixin.py:188} INFO - [2025-04-05T16:45:27.150+0000] {dagbag.py:538} INFO - Filling up the DagBag from /home/airflow/.local/lib/python3.8/site-packages/airflow/example_dags/example_nested_branch_dag.py
[2025-04-05T16:45:27.160+0000] {processor.py:840} INFO - DAG(s) 'example_nested_branch_dag' retrieved from /home/airflow/.local/lib/python3.8/site-packages/airflow/example_dags/example_nested_branch_dag.py
[2025-04-05T16:45:27.187+0000] {logging_mixin.py:188} INFO - [2025-04-05T16:45:27.187+0000] {dag.py:3036} INFO - Sync 1 DAGs
[2025-04-05T16:45:27.234+0000] {logging_mixin.py:188} INFO - [2025-04-05T16:45:27.233+0000] {dag.py:3823} INFO - Setting next_dagrun for example_nested_branch_dag to 2025-04-04 00:00:00+00:00, run_after=2025-04-05 00:00:00+00:00
[2025-04-05T16:45:27.254+0000] {processor.py:183} INFO - Processing /home/airflow/.local/lib/python3.8/site-packages/airflow/example_dags/example_nested_branch_dag.py took 0.109 seconds
[2025-04-05T16:45:57.806+0000] {processor.py:161} INFO - Started process (PID=2671) to work on /home/airflow/.local/lib/python3.8/site-packages/airflow/example_dags/example_nested_branch_dag.py
[2025-04-05T16:45:57.808+0000] {processor.py:830} INFO - Processing file /home/airflow/.local/lib/python3.8/site-packages/airflow/example_dags/example_nested_branch_dag.py for tasks to queue
[2025-04-05T16:45:57.810+0000] {logging_mixin.py:188} INFO - [2025-04-05T16:45:57.809+0000] {dagbag.py:538} INFO - Filling up the DagBag from /home/airflow/.local/lib/python3.8/site-packages/airflow/example_dags/example_nested_branch_dag.py
[2025-04-05T16:45:57.828+0000] {processor.py:840} INFO - DAG(s) 'example_nested_branch_dag' retrieved from /home/airflow/.local/lib/python3.8/site-packages/airflow/example_dags/example_nested_branch_dag.py
[2025-04-05T16:45:57.873+0000] {logging_mixin.py:188} INFO - [2025-04-05T16:45:57.872+0000] {dag.py:3036} INFO - Sync 1 DAGs
[2025-04-05T16:45:57.911+0000] {logging_mixin.py:188} INFO - [2025-04-05T16:45:57.911+0000] {dag.py:3823} INFO - Setting next_dagrun for example_nested_branch_dag to 2025-04-04 00:00:00+00:00, run_after=2025-04-05 00:00:00+00:00
[2025-04-05T16:45:57.945+0000] {processor.py:183} INFO - Processing /home/airflow/.local/lib/python3.8/site-packages/airflow/example_dags/example_nested_branch_dag.py took 0.143 seconds
[2025-04-05T16:46:28.068+0000] {processor.py:161} INFO - Started process (PID=2918) to work on /home/airflow/.local/lib/python3.8/site-packages/airflow/example_dags/example_nested_branch_dag.py
[2025-04-05T16:46:28.069+0000] {processor.py:830} INFO - Processing file /home/airflow/.local/lib/python3.8/site-packages/airflow/example_dags/example_nested_branch_dag.py for tasks to queue
[2025-04-05T16:46:28.070+0000] {logging_mixin.py:188} INFO - [2025-04-05T16:46:28.069+0000] {dagbag.py:538} INFO - Filling up the DagBag from /home/airflow/.local/lib/python3.8/site-packages/airflow/example_dags/example_nested_branch_dag.py
[2025-04-05T16:46:28.079+0000] {processor.py:840} INFO - DAG(s) 'example_nested_branch_dag' retrieved from /home/airflow/.local/lib/python3.8/site-packages/airflow/example_dags/example_nested_branch_dag.py
[2025-04-05T16:46:28.110+0000] {logging_mixin.py:188} INFO - [2025-04-05T16:46:28.109+0000] {dag.py:3036} INFO - Sync 1 DAGs
[2025-04-05T16:46:28.134+0000] {logging_mixin.py:188} INFO - [2025-04-05T16:46:28.134+0000] {dag.py:3823} INFO - Setting next_dagrun for example_nested_branch_dag to 2025-04-04 00:00:00+00:00, run_after=2025-04-05 00:00:00+00:00
[2025-04-05T16:46:28.156+0000] {processor.py:183} INFO - Processing /home/airflow/.local/lib/python3.8/site-packages/airflow/example_dags/example_nested_branch_dag.py took 0.092 seconds
[2025-04-05T16:46:58.318+0000] {processor.py:161} INFO - Started process (PID=3165) to work on /home/airflow/.local/lib/python3.8/site-packages/airflow/example_dags/example_nested_branch_dag.py
[2025-04-05T16:46:58.319+0000] {processor.py:830} INFO - Processing file /home/airflow/.local/lib/python3.8/site-packages/airflow/example_dags/example_nested_branch_dag.py for tasks to queue
[2025-04-05T16:46:58.320+0000] {logging_mixin.py:188} INFO - [2025-04-05T16:46:58.320+0000] {dagbag.py:538} INFO - Filling up the DagBag from /home/airflow/.local/lib/python3.8/site-packages/airflow/example_dags/example_nested_branch_dag.py
[2025-04-05T16:46:58.329+0000] {processor.py:840} INFO - DAG(s) 'example_nested_branch_dag' retrieved from /home/airflow/.local/lib/python3.8/site-packages/airflow/example_dags/example_nested_branch_dag.py
[2025-04-05T16:46:58.353+0000] {logging_mixin.py:188} INFO - [2025-04-05T16:46:58.353+0000] {dag.py:3036} INFO - Sync 1 DAGs
[2025-04-05T16:46:58.376+0000] {logging_mixin.py:188} INFO - [2025-04-05T16:46:58.375+0000] {dag.py:3823} INFO - Setting next_dagrun for example_nested_branch_dag to 2025-04-04 00:00:00+00:00, run_after=2025-04-05 00:00:00+00:00
[2025-04-05T16:46:58.396+0000] {processor.py:183} INFO - Processing /home/airflow/.local/lib/python3.8/site-packages/airflow/example_dags/example_nested_branch_dag.py took 0.081 seconds
[2025-04-05T16:47:28.488+0000] {processor.py:161} INFO - Started process (PID=3412) to work on /home/airflow/.local/lib/python3.8/site-packages/airflow/example_dags/example_nested_branch_dag.py
[2025-04-05T16:47:28.489+0000] {processor.py:830} INFO - Processing file /home/airflow/.local/lib/python3.8/site-packages/airflow/example_dags/example_nested_branch_dag.py for tasks to queue
[2025-04-05T16:47:28.490+0000] {logging_mixin.py:188} INFO - [2025-04-05T16:47:28.489+0000] {dagbag.py:538} INFO - Filling up the DagBag from /home/airflow/.local/lib/python3.8/site-packages/airflow/example_dags/example_nested_branch_dag.py
[2025-04-05T16:47:28.502+0000] {processor.py:840} INFO - DAG(s) 'example_nested_branch_dag' retrieved from /home/airflow/.local/lib/python3.8/site-packages/airflow/example_dags/example_nested_branch_dag.py
[2025-04-05T16:47:28.525+0000] {logging_mixin.py:188} INFO - [2025-04-05T16:47:28.524+0000] {dag.py:3036} INFO - Sync 1 DAGs
[2025-04-05T16:47:28.548+0000] {logging_mixin.py:188} INFO - [2025-04-05T16:47:28.548+0000] {dag.py:3823} INFO - Setting next_dagrun for example_nested_branch_dag to 2025-04-04 00:00:00+00:00, run_after=2025-04-05 00:00:00+00:00
[2025-04-05T16:47:28.571+0000] {processor.py:183} INFO - Processing /home/airflow/.local/lib/python3.8/site-packages/airflow/example_dags/example_nested_branch_dag.py took 0.086 seconds
[2025-04-05T16:47:59.173+0000] {processor.py:161} INFO - Started process (PID=3660) to work on /home/airflow/.local/lib/python3.8/site-packages/airflow/example_dags/example_nested_branch_dag.py
[2025-04-05T16:47:59.174+0000] {processor.py:830} INFO - Processing file /home/airflow/.local/lib/python3.8/site-packages/airflow/example_dags/example_nested_branch_dag.py for tasks to queue
[2025-04-05T16:47:59.176+0000] {logging_mixin.py:188} INFO - [2025-04-05T16:47:59.175+0000] {dagbag.py:538} INFO - Filling up the DagBag from /home/airflow/.local/lib/python3.8/site-packages/airflow/example_dags/example_nested_branch_dag.py
[2025-04-05T16:47:59.185+0000] {processor.py:840} INFO - DAG(s) 'example_nested_branch_dag' retrieved from /home/airflow/.local/lib/python3.8/site-packages/airflow/example_dags/example_nested_branch_dag.py
[2025-04-05T16:47:59.209+0000] {logging_mixin.py:188} INFO - [2025-04-05T16:47:59.209+0000] {dag.py:3036} INFO - Sync 1 DAGs
[2025-04-05T16:47:59.252+0000] {logging_mixin.py:188} INFO - [2025-04-05T16:47:59.252+0000] {dag.py:3823} INFO - Setting next_dagrun for example_nested_branch_dag to 2025-04-04 00:00:00+00:00, run_after=2025-04-05 00:00:00+00:00
[2025-04-05T16:47:59.275+0000] {processor.py:183} INFO - Processing /home/airflow/.local/lib/python3.8/site-packages/airflow/example_dags/example_nested_branch_dag.py took 0.105 seconds
[2025-04-05T16:48:29.743+0000] {processor.py:161} INFO - Started process (PID=3907) to work on /home/airflow/.local/lib/python3.8/site-packages/airflow/example_dags/example_nested_branch_dag.py
[2025-04-05T16:48:29.744+0000] {processor.py:830} INFO - Processing file /home/airflow/.local/lib/python3.8/site-packages/airflow/example_dags/example_nested_branch_dag.py for tasks to queue
[2025-04-05T16:48:29.745+0000] {logging_mixin.py:188} INFO - [2025-04-05T16:48:29.745+0000] {dagbag.py:538} INFO - Filling up the DagBag from /home/airflow/.local/lib/python3.8/site-packages/airflow/example_dags/example_nested_branch_dag.py
[2025-04-05T16:48:29.757+0000] {processor.py:840} INFO - DAG(s) 'example_nested_branch_dag' retrieved from /home/airflow/.local/lib/python3.8/site-packages/airflow/example_dags/example_nested_branch_dag.py
[2025-04-05T16:48:29.780+0000] {logging_mixin.py:188} INFO - [2025-04-05T16:48:29.780+0000] {dag.py:3036} INFO - Sync 1 DAGs
[2025-04-05T16:48:29.815+0000] {logging_mixin.py:188} INFO - [2025-04-05T16:48:29.814+0000] {dag.py:3823} INFO - Setting next_dagrun for example_nested_branch_dag to 2025-04-04 00:00:00+00:00, run_after=2025-04-05 00:00:00+00:00
[2025-04-05T16:48:29.846+0000] {processor.py:183} INFO - Processing /home/airflow/.local/lib/python3.8/site-packages/airflow/example_dags/example_nested_branch_dag.py took 0.105 seconds
[2025-04-05T16:48:59.987+0000] {processor.py:161} INFO - Started process (PID=4155) to work on /home/airflow/.local/lib/python3.8/site-packages/airflow/example_dags/example_nested_branch_dag.py
[2025-04-05T16:48:59.988+0000] {processor.py:830} INFO - Processing file /home/airflow/.local/lib/python3.8/site-packages/airflow/example_dags/example_nested_branch_dag.py for tasks to queue
[2025-04-05T16:48:59.989+0000] {logging_mixin.py:188} INFO - [2025-04-05T16:48:59.989+0000] {dagbag.py:538} INFO - Filling up the DagBag from /home/airflow/.local/lib/python3.8/site-packages/airflow/example_dags/example_nested_branch_dag.py
[2025-04-05T16:48:59.999+0000] {processor.py:840} INFO - DAG(s) 'example_nested_branch_dag' retrieved from /home/airflow/.local/lib/python3.8/site-packages/airflow/example_dags/example_nested_branch_dag.py
[2025-04-05T16:49:00.025+0000] {logging_mixin.py:188} INFO - [2025-04-05T16:49:00.024+0000] {dag.py:3036} INFO - Sync 1 DAGs
[2025-04-05T16:49:00.049+0000] {logging_mixin.py:188} INFO - [2025-04-05T16:49:00.048+0000] {dag.py:3823} INFO - Setting next_dagrun for example_nested_branch_dag to 2025-04-04 00:00:00+00:00, run_after=2025-04-05 00:00:00+00:00
[2025-04-05T16:49:00.070+0000] {processor.py:183} INFO - Processing /home/airflow/.local/lib/python3.8/site-packages/airflow/example_dags/example_nested_branch_dag.py took 0.085 seconds
[2025-04-05T16:49:30.313+0000] {processor.py:161} INFO - Started process (PID=4426) to work on /home/airflow/.local/lib/python3.8/site-packages/airflow/example_dags/example_nested_branch_dag.py
[2025-04-05T16:49:30.314+0000] {processor.py:830} INFO - Processing file /home/airflow/.local/lib/python3.8/site-packages/airflow/example_dags/example_nested_branch_dag.py for tasks to queue
[2025-04-05T16:49:30.315+0000] {logging_mixin.py:188} INFO - [2025-04-05T16:49:30.315+0000] {dagbag.py:538} INFO - Filling up the DagBag from /home/airflow/.local/lib/python3.8/site-packages/airflow/example_dags/example_nested_branch_dag.py
[2025-04-05T16:49:30.328+0000] {processor.py:840} INFO - DAG(s) 'example_nested_branch_dag' retrieved from /home/airflow/.local/lib/python3.8/site-packages/airflow/example_dags/example_nested_branch_dag.py
[2025-04-05T16:49:30.350+0000] {logging_mixin.py:188} INFO - [2025-04-05T16:49:30.350+0000] {dag.py:3036} INFO - Sync 1 DAGs
[2025-04-05T16:49:30.372+0000] {logging_mixin.py:188} INFO - [2025-04-05T16:49:30.372+0000] {dag.py:3823} INFO - Setting next_dagrun for example_nested_branch_dag to 2025-04-04 00:00:00+00:00, run_after=2025-04-05 00:00:00+00:00
[2025-04-05T16:49:30.394+0000] {processor.py:183} INFO - Processing /home/airflow/.local/lib/python3.8/site-packages/airflow/example_dags/example_nested_branch_dag.py took 0.084 seconds
[2025-04-05T16:50:00.825+0000] {processor.py:161} INFO - Started process (PID=4673) to work on /home/airflow/.local/lib/python3.8/site-packages/airflow/example_dags/example_nested_branch_dag.py
[2025-04-05T16:50:00.826+0000] {processor.py:830} INFO - Processing file /home/airflow/.local/lib/python3.8/site-packages/airflow/example_dags/example_nested_branch_dag.py for tasks to queue
[2025-04-05T16:50:00.827+0000] {logging_mixin.py:188} INFO - [2025-04-05T16:50:00.827+0000] {dagbag.py:538} INFO - Filling up the DagBag from /home/airflow/.local/lib/python3.8/site-packages/airflow/example_dags/example_nested_branch_dag.py
[2025-04-05T16:50:00.837+0000] {processor.py:840} INFO - DAG(s) 'example_nested_branch_dag' retrieved from /home/airflow/.local/lib/python3.8/site-packages/airflow/example_dags/example_nested_branch_dag.py
[2025-04-05T16:50:00.859+0000] {logging_mixin.py:188} INFO - [2025-04-05T16:50:00.858+0000] {dag.py:3036} INFO - Sync 1 DAGs
[2025-04-05T16:50:00.881+0000] {logging_mixin.py:188} INFO - [2025-04-05T16:50:00.880+0000] {dag.py:3823} INFO - Setting next_dagrun for example_nested_branch_dag to 2025-04-04 00:00:00+00:00, run_after=2025-04-05 00:00:00+00:00
[2025-04-05T16:50:00.903+0000] {processor.py:183} INFO - Processing /home/airflow/.local/lib/python3.8/site-packages/airflow/example_dags/example_nested_branch_dag.py took 0.081 seconds
[2025-04-05T16:50:31.054+0000] {processor.py:161} INFO - Started process (PID=4920) to work on /home/airflow/.local/lib/python3.8/site-packages/airflow/example_dags/example_nested_branch_dag.py
[2025-04-05T16:50:31.055+0000] {processor.py:830} INFO - Processing file /home/airflow/.local/lib/python3.8/site-packages/airflow/example_dags/example_nested_branch_dag.py for tasks to queue
[2025-04-05T16:50:31.056+0000] {logging_mixin.py:188} INFO - [2025-04-05T16:50:31.056+0000] {dagbag.py:538} INFO - Filling up the DagBag from /home/airflow/.local/lib/python3.8/site-packages/airflow/example_dags/example_nested_branch_dag.py
[2025-04-05T16:50:31.066+0000] {processor.py:840} INFO - DAG(s) 'example_nested_branch_dag' retrieved from /home/airflow/.local/lib/python3.8/site-packages/airflow/example_dags/example_nested_branch_dag.py
[2025-04-05T16:50:31.092+0000] {logging_mixin.py:188} INFO - [2025-04-05T16:50:31.092+0000] {dag.py:3036} INFO - Sync 1 DAGs
[2025-04-05T16:50:31.113+0000] {logging_mixin.py:188} INFO - [2025-04-05T16:50:31.113+0000] {dag.py:3823} INFO - Setting next_dagrun for example_nested_branch_dag to 2025-04-04 00:00:00+00:00, run_after=2025-04-05 00:00:00+00:00
[2025-04-05T16:50:31.135+0000] {processor.py:183} INFO - Processing /home/airflow/.local/lib/python3.8/site-packages/airflow/example_dags/example_nested_branch_dag.py took 0.084 seconds
[2025-04-05T16:51:01.408+0000] {processor.py:161} INFO - Started process (PID=5172) to work on /home/airflow/.local/lib/python3.8/site-packages/airflow/example_dags/example_nested_branch_dag.py
[2025-04-05T16:51:01.409+0000] {processor.py:830} INFO - Processing file /home/airflow/.local/lib/python3.8/site-packages/airflow/example_dags/example_nested_branch_dag.py for tasks to queue
[2025-04-05T16:51:01.410+0000] {logging_mixin.py:188} INFO - [2025-04-05T16:51:01.410+0000] {dagbag.py:538} INFO - Filling up the DagBag from /home/airflow/.local/lib/python3.8/site-packages/airflow/example_dags/example_nested_branch_dag.py
[2025-04-05T16:51:01.420+0000] {processor.py:840} INFO - DAG(s) 'example_nested_branch_dag' retrieved from /home/airflow/.local/lib/python3.8/site-packages/airflow/example_dags/example_nested_branch_dag.py
[2025-04-05T16:51:01.442+0000] {logging_mixin.py:188} INFO - [2025-04-05T16:51:01.441+0000] {dag.py:3036} INFO - Sync 1 DAGs
[2025-04-05T16:51:01.463+0000] {logging_mixin.py:188} INFO - [2025-04-05T16:51:01.463+0000] {dag.py:3823} INFO - Setting next_dagrun for example_nested_branch_dag to 2025-04-04 00:00:00+00:00, run_after=2025-04-05 00:00:00+00:00
[2025-04-05T16:51:01.484+0000] {processor.py:183} INFO - Processing /home/airflow/.local/lib/python3.8/site-packages/airflow/example_dags/example_nested_branch_dag.py took 0.079 seconds
[2025-04-05T16:51:31.894+0000] {processor.py:161} INFO - Started process (PID=5424) to work on /home/airflow/.local/lib/python3.8/site-packages/airflow/example_dags/example_nested_branch_dag.py
[2025-04-05T16:51:31.895+0000] {processor.py:830} INFO - Processing file /home/airflow/.local/lib/python3.8/site-packages/airflow/example_dags/example_nested_branch_dag.py for tasks to queue
[2025-04-05T16:51:31.896+0000] {logging_mixin.py:188} INFO - [2025-04-05T16:51:31.896+0000] {dagbag.py:538} INFO - Filling up the DagBag from /home/airflow/.local/lib/python3.8/site-packages/airflow/example_dags/example_nested_branch_dag.py
[2025-04-05T16:51:31.905+0000] {processor.py:840} INFO - DAG(s) 'example_nested_branch_dag' retrieved from /home/airflow/.local/lib/python3.8/site-packages/airflow/example_dags/example_nested_branch_dag.py
[2025-04-05T16:51:31.930+0000] {logging_mixin.py:188} INFO - [2025-04-05T16:51:31.929+0000] {dag.py:3036} INFO - Sync 1 DAGs
[2025-04-05T16:51:31.953+0000] {logging_mixin.py:188} INFO - [2025-04-05T16:51:31.953+0000] {dag.py:3823} INFO - Setting next_dagrun for example_nested_branch_dag to 2025-04-04 00:00:00+00:00, run_after=2025-04-05 00:00:00+00:00
[2025-04-05T16:51:31.979+0000] {processor.py:183} INFO - Processing /home/airflow/.local/lib/python3.8/site-packages/airflow/example_dags/example_nested_branch_dag.py took 0.088 seconds
[2025-04-05T16:52:02.161+0000] {processor.py:161} INFO - Started process (PID=5676) to work on /home/airflow/.local/lib/python3.8/site-packages/airflow/example_dags/example_nested_branch_dag.py
[2025-04-05T16:52:02.162+0000] {processor.py:830} INFO - Processing file /home/airflow/.local/lib/python3.8/site-packages/airflow/example_dags/example_nested_branch_dag.py for tasks to queue
[2025-04-05T16:52:02.163+0000] {logging_mixin.py:188} INFO - [2025-04-05T16:52:02.163+0000] {dagbag.py:538} INFO - Filling up the DagBag from /home/airflow/.local/lib/python3.8/site-packages/airflow/example_dags/example_nested_branch_dag.py
[2025-04-05T16:52:02.172+0000] {processor.py:840} INFO - DAG(s) 'example_nested_branch_dag' retrieved from /home/airflow/.local/lib/python3.8/site-packages/airflow/example_dags/example_nested_branch_dag.py
[2025-04-05T16:52:02.194+0000] {logging_mixin.py:188} INFO - [2025-04-05T16:52:02.193+0000] {dag.py:3036} INFO - Sync 1 DAGs
[2025-04-05T16:52:02.214+0000] {logging_mixin.py:188} INFO - [2025-04-05T16:52:02.214+0000] {dag.py:3823} INFO - Setting next_dagrun for example_nested_branch_dag to 2025-04-04 00:00:00+00:00, run_after=2025-04-05 00:00:00+00:00
[2025-04-05T16:52:02.237+0000] {processor.py:183} INFO - Processing /home/airflow/.local/lib/python3.8/site-packages/airflow/example_dags/example_nested_branch_dag.py took 0.079 seconds
[2025-04-05T16:52:32.662+0000] {processor.py:161} INFO - Started process (PID=5928) to work on /home/airflow/.local/lib/python3.8/site-packages/airflow/example_dags/example_nested_branch_dag.py
[2025-04-05T16:52:32.663+0000] {processor.py:830} INFO - Processing file /home/airflow/.local/lib/python3.8/site-packages/airflow/example_dags/example_nested_branch_dag.py for tasks to queue
[2025-04-05T16:52:32.665+0000] {logging_mixin.py:188} INFO - [2025-04-05T16:52:32.665+0000] {dagbag.py:538} INFO - Filling up the DagBag from /home/airflow/.local/lib/python3.8/site-packages/airflow/example_dags/example_nested_branch_dag.py
[2025-04-05T16:52:32.675+0000] {processor.py:840} INFO - DAG(s) 'example_nested_branch_dag' retrieved from /home/airflow/.local/lib/python3.8/site-packages/airflow/example_dags/example_nested_branch_dag.py
[2025-04-05T16:52:32.699+0000] {logging_mixin.py:188} INFO - [2025-04-05T16:52:32.698+0000] {dag.py:3036} INFO - Sync 1 DAGs
[2025-04-05T16:52:32.721+0000] {logging_mixin.py:188} INFO - [2025-04-05T16:52:32.720+0000] {dag.py:3823} INFO - Setting next_dagrun for example_nested_branch_dag to 2025-04-04 00:00:00+00:00, run_after=2025-04-05 00:00:00+00:00
[2025-04-05T16:52:32.743+0000] {processor.py:183} INFO - Processing /home/airflow/.local/lib/python3.8/site-packages/airflow/example_dags/example_nested_branch_dag.py took 0.086 seconds
[2025-04-05T16:53:02.913+0000] {processor.py:161} INFO - Started process (PID=6181) to work on /home/airflow/.local/lib/python3.8/site-packages/airflow/example_dags/example_nested_branch_dag.py
[2025-04-05T16:53:02.914+0000] {processor.py:830} INFO - Processing file /home/airflow/.local/lib/python3.8/site-packages/airflow/example_dags/example_nested_branch_dag.py for tasks to queue
[2025-04-05T16:53:02.915+0000] {logging_mixin.py:188} INFO - [2025-04-05T16:53:02.915+0000] {dagbag.py:538} INFO - Filling up the DagBag from /home/airflow/.local/lib/python3.8/site-packages/airflow/example_dags/example_nested_branch_dag.py
[2025-04-05T16:53:02.924+0000] {processor.py:840} INFO - DAG(s) 'example_nested_branch_dag' retrieved from /home/airflow/.local/lib/python3.8/site-packages/airflow/example_dags/example_nested_branch_dag.py
[2025-04-05T16:53:02.946+0000] {logging_mixin.py:188} INFO - [2025-04-05T16:53:02.946+0000] {dag.py:3036} INFO - Sync 1 DAGs
[2025-04-05T16:53:02.966+0000] {logging_mixin.py:188} INFO - [2025-04-05T16:53:02.966+0000] {dag.py:3823} INFO - Setting next_dagrun for example_nested_branch_dag to 2025-04-04 00:00:00+00:00, run_after=2025-04-05 00:00:00+00:00
[2025-04-05T16:53:02.986+0000] {processor.py:183} INFO - Processing /home/airflow/.local/lib/python3.8/site-packages/airflow/example_dags/example_nested_branch_dag.py took 0.076 seconds
[2025-04-05T16:53:33.764+0000] {processor.py:161} INFO - Started process (PID=6427) to work on /home/airflow/.local/lib/python3.8/site-packages/airflow/example_dags/example_nested_branch_dag.py
[2025-04-05T16:53:33.765+0000] {processor.py:830} INFO - Processing file /home/airflow/.local/lib/python3.8/site-packages/airflow/example_dags/example_nested_branch_dag.py for tasks to queue
[2025-04-05T16:53:33.766+0000] {logging_mixin.py:188} INFO - [2025-04-05T16:53:33.766+0000] {dagbag.py:538} INFO - Filling up the DagBag from /home/airflow/.local/lib/python3.8/site-packages/airflow/example_dags/example_nested_branch_dag.py
[2025-04-05T16:53:33.775+0000] {processor.py:840} INFO - DAG(s) 'example_nested_branch_dag' retrieved from /home/airflow/.local/lib/python3.8/site-packages/airflow/example_dags/example_nested_branch_dag.py
[2025-04-05T16:53:33.797+0000] {logging_mixin.py:188} INFO - [2025-04-05T16:53:33.797+0000] {dag.py:3036} INFO - Sync 1 DAGs
[2025-04-05T16:53:33.817+0000] {logging_mixin.py:188} INFO - [2025-04-05T16:53:33.817+0000] {dag.py:3823} INFO - Setting next_dagrun for example_nested_branch_dag to 2025-04-04 00:00:00+00:00, run_after=2025-04-05 00:00:00+00:00
[2025-04-05T16:53:33.838+0000] {processor.py:183} INFO - Processing /home/airflow/.local/lib/python3.8/site-packages/airflow/example_dags/example_nested_branch_dag.py took 0.077 seconds
[2025-04-05T16:54:03.955+0000] {processor.py:161} INFO - Started process (PID=6679) to work on /home/airflow/.local/lib/python3.8/site-packages/airflow/example_dags/example_nested_branch_dag.py
[2025-04-05T16:54:03.956+0000] {processor.py:830} INFO - Processing file /home/airflow/.local/lib/python3.8/site-packages/airflow/example_dags/example_nested_branch_dag.py for tasks to queue
[2025-04-05T16:54:03.957+0000] {logging_mixin.py:188} INFO - [2025-04-05T16:54:03.957+0000] {dagbag.py:538} INFO - Filling up the DagBag from /home/airflow/.local/lib/python3.8/site-packages/airflow/example_dags/example_nested_branch_dag.py
[2025-04-05T16:54:03.966+0000] {processor.py:840} INFO - DAG(s) 'example_nested_branch_dag' retrieved from /home/airflow/.local/lib/python3.8/site-packages/airflow/example_dags/example_nested_branch_dag.py
[2025-04-05T16:54:03.989+0000] {logging_mixin.py:188} INFO - [2025-04-05T16:54:03.988+0000] {dag.py:3036} INFO - Sync 1 DAGs
[2025-04-05T16:54:04.010+0000] {logging_mixin.py:188} INFO - [2025-04-05T16:54:04.010+0000] {dag.py:3823} INFO - Setting next_dagrun for example_nested_branch_dag to 2025-04-04 00:00:00+00:00, run_after=2025-04-05 00:00:00+00:00
[2025-04-05T16:54:04.037+0000] {processor.py:183} INFO - Processing /home/airflow/.local/lib/python3.8/site-packages/airflow/example_dags/example_nested_branch_dag.py took 0.085 seconds
[2025-04-05T16:54:34.236+0000] {processor.py:161} INFO - Started process (PID=6931) to work on /home/airflow/.local/lib/python3.8/site-packages/airflow/example_dags/example_nested_branch_dag.py
[2025-04-05T16:54:34.237+0000] {processor.py:830} INFO - Processing file /home/airflow/.local/lib/python3.8/site-packages/airflow/example_dags/example_nested_branch_dag.py for tasks to queue
[2025-04-05T16:54:34.237+0000] {logging_mixin.py:188} INFO - [2025-04-05T16:54:34.237+0000] {dagbag.py:538} INFO - Filling up the DagBag from /home/airflow/.local/lib/python3.8/site-packages/airflow/example_dags/example_nested_branch_dag.py
[2025-04-05T16:54:34.247+0000] {processor.py:840} INFO - DAG(s) 'example_nested_branch_dag' retrieved from /home/airflow/.local/lib/python3.8/site-packages/airflow/example_dags/example_nested_branch_dag.py
[2025-04-05T16:54:34.274+0000] {logging_mixin.py:188} INFO - [2025-04-05T16:54:34.274+0000] {dag.py:3036} INFO - Sync 1 DAGs
[2025-04-05T16:54:34.297+0000] {logging_mixin.py:188} INFO - [2025-04-05T16:54:34.297+0000] {dag.py:3823} INFO - Setting next_dagrun for example_nested_branch_dag to 2025-04-04 00:00:00+00:00, run_after=2025-04-05 00:00:00+00:00
[2025-04-05T16:54:34.325+0000] {processor.py:183} INFO - Processing /home/airflow/.local/lib/python3.8/site-packages/airflow/example_dags/example_nested_branch_dag.py took 0.092 seconds
[2025-04-05T16:55:04.438+0000] {processor.py:161} INFO - Started process (PID=7183) to work on /home/airflow/.local/lib/python3.8/site-packages/airflow/example_dags/example_nested_branch_dag.py
[2025-04-05T16:55:04.439+0000] {processor.py:830} INFO - Processing file /home/airflow/.local/lib/python3.8/site-packages/airflow/example_dags/example_nested_branch_dag.py for tasks to queue
[2025-04-05T16:55:04.440+0000] {logging_mixin.py:188} INFO - [2025-04-05T16:55:04.440+0000] {dagbag.py:538} INFO - Filling up the DagBag from /home/airflow/.local/lib/python3.8/site-packages/airflow/example_dags/example_nested_branch_dag.py
[2025-04-05T16:55:04.449+0000] {processor.py:840} INFO - DAG(s) 'example_nested_branch_dag' retrieved from /home/airflow/.local/lib/python3.8/site-packages/airflow/example_dags/example_nested_branch_dag.py
[2025-04-05T16:55:04.471+0000] {logging_mixin.py:188} INFO - [2025-04-05T16:55:04.471+0000] {dag.py:3036} INFO - Sync 1 DAGs
[2025-04-05T16:55:04.494+0000] {logging_mixin.py:188} INFO - [2025-04-05T16:55:04.494+0000] {dag.py:3823} INFO - Setting next_dagrun for example_nested_branch_dag to 2025-04-04 00:00:00+00:00, run_after=2025-04-05 00:00:00+00:00
[2025-04-05T16:55:04.525+0000] {processor.py:183} INFO - Processing /home/airflow/.local/lib/python3.8/site-packages/airflow/example_dags/example_nested_branch_dag.py took 0.091 seconds
[2025-04-05T16:55:34.740+0000] {processor.py:161} INFO - Started process (PID=7440) to work on /home/airflow/.local/lib/python3.8/site-packages/airflow/example_dags/example_nested_branch_dag.py
[2025-04-05T16:55:34.741+0000] {processor.py:830} INFO - Processing file /home/airflow/.local/lib/python3.8/site-packages/airflow/example_dags/example_nested_branch_dag.py for tasks to queue
[2025-04-05T16:55:34.741+0000] {logging_mixin.py:188} INFO - [2025-04-05T16:55:34.741+0000] {dagbag.py:538} INFO - Filling up the DagBag from /home/airflow/.local/lib/python3.8/site-packages/airflow/example_dags/example_nested_branch_dag.py
[2025-04-05T16:55:34.751+0000] {processor.py:840} INFO - DAG(s) 'example_nested_branch_dag' retrieved from /home/airflow/.local/lib/python3.8/site-packages/airflow/example_dags/example_nested_branch_dag.py
[2025-04-05T16:55:34.774+0000] {logging_mixin.py:188} INFO - [2025-04-05T16:55:34.774+0000] {dag.py:3036} INFO - Sync 1 DAGs
[2025-04-05T16:55:34.796+0000] {logging_mixin.py:188} INFO - [2025-04-05T16:55:34.796+0000] {dag.py:3823} INFO - Setting next_dagrun for example_nested_branch_dag to 2025-04-04 00:00:00+00:00, run_after=2025-04-05 00:00:00+00:00
[2025-04-05T16:55:34.825+0000] {processor.py:183} INFO - Processing /home/airflow/.local/lib/python3.8/site-packages/airflow/example_dags/example_nested_branch_dag.py took 0.089 seconds
[2025-04-05T16:56:05.175+0000] {processor.py:161} INFO - Started process (PID=7692) to work on /home/airflow/.local/lib/python3.8/site-packages/airflow/example_dags/example_nested_branch_dag.py
[2025-04-05T16:56:05.176+0000] {processor.py:830} INFO - Processing file /home/airflow/.local/lib/python3.8/site-packages/airflow/example_dags/example_nested_branch_dag.py for tasks to queue
[2025-04-05T16:56:05.177+0000] {logging_mixin.py:188} INFO - [2025-04-05T16:56:05.177+0000] {dagbag.py:538} INFO - Filling up the DagBag from /home/airflow/.local/lib/python3.8/site-packages/airflow/example_dags/example_nested_branch_dag.py
[2025-04-05T16:56:05.186+0000] {processor.py:840} INFO - DAG(s) 'example_nested_branch_dag' retrieved from /home/airflow/.local/lib/python3.8/site-packages/airflow/example_dags/example_nested_branch_dag.py
[2025-04-05T16:56:05.209+0000] {logging_mixin.py:188} INFO - [2025-04-05T16:56:05.209+0000] {dag.py:3036} INFO - Sync 1 DAGs
[2025-04-05T16:56:05.230+0000] {logging_mixin.py:188} INFO - [2025-04-05T16:56:05.229+0000] {dag.py:3823} INFO - Setting next_dagrun for example_nested_branch_dag to 2025-04-04 00:00:00+00:00, run_after=2025-04-05 00:00:00+00:00
[2025-04-05T16:56:05.261+0000] {processor.py:183} INFO - Processing /home/airflow/.local/lib/python3.8/site-packages/airflow/example_dags/example_nested_branch_dag.py took 0.089 seconds
[2025-04-05T16:56:35.362+0000] {processor.py:161} INFO - Started process (PID=7944) to work on /home/airflow/.local/lib/python3.8/site-packages/airflow/example_dags/example_nested_branch_dag.py
[2025-04-05T16:56:35.363+0000] {processor.py:830} INFO - Processing file /home/airflow/.local/lib/python3.8/site-packages/airflow/example_dags/example_nested_branch_dag.py for tasks to queue
[2025-04-05T16:56:35.364+0000] {logging_mixin.py:188} INFO - [2025-04-05T16:56:35.363+0000] {dagbag.py:538} INFO - Filling up the DagBag from /home/airflow/.local/lib/python3.8/site-packages/airflow/example_dags/example_nested_branch_dag.py
[2025-04-05T16:56:35.376+0000] {processor.py:840} INFO - DAG(s) 'example_nested_branch_dag' retrieved from /home/airflow/.local/lib/python3.8/site-packages/airflow/example_dags/example_nested_branch_dag.py
[2025-04-05T16:56:35.413+0000] {logging_mixin.py:188} INFO - [2025-04-05T16:56:35.413+0000] {dag.py:3036} INFO - Sync 1 DAGs
[2025-04-05T16:56:35.450+0000] {logging_mixin.py:188} INFO - [2025-04-05T16:56:35.450+0000] {dag.py:3823} INFO - Setting next_dagrun for example_nested_branch_dag to 2025-04-04 00:00:00+00:00, run_after=2025-04-05 00:00:00+00:00
[2025-04-05T16:56:35.487+0000] {processor.py:183} INFO - Processing /home/airflow/.local/lib/python3.8/site-packages/airflow/example_dags/example_nested_branch_dag.py took 0.128 seconds
