[2025-04-05T14:18:13.922+0000] {processor.py:161} INFO - Started process (PID=223) to work on /home/airflow/.local/lib/python3.8/site-packages/airflow/example_dags/example_branch_day_of_week_operator.py
[2025-04-05T14:18:13.925+0000] {processor.py:830} INFO - Processing file /home/airflow/.local/lib/python3.8/site-packages/airflow/example_dags/example_branch_day_of_week_operator.py for tasks to queue
[2025-04-05T14:18:13.926+0000] {logging_mixin.py:188} INFO - [2025-04-05T14:18:13.926+0000] {dagbag.py:538} INFO - Filling up the DagBag from /home/airflow/.local/lib/python3.8/site-packages/airflow/example_dags/example_branch_day_of_week_operator.py
[2025-04-05T14:18:13.951+0000] {processor.py:840} INFO - DAG(s) 'example_weekday_branch_operator' retrieved from /home/airflow/.local/lib/python3.8/site-packages/airflow/example_dags/example_branch_day_of_week_operator.py
[2025-04-05T14:18:13.973+0000] {logging_mixin.py:188} INFO - [2025-04-05T14:18:13.973+0000] {dag.py:3036} INFO - Sync 1 DAGs
[2025-04-05T14:18:14.012+0000] {logging_mixin.py:188} INFO - [2025-04-05T14:18:14.012+0000] {dag.py:3823} INFO - Setting next_dagrun for example_weekday_branch_operator to 2025-04-04 00:00:00+00:00, run_after=2025-04-05 00:00:00+00:00
[2025-04-05T14:18:14.043+0000] {processor.py:183} INFO - Processing /home/airflow/.local/lib/python3.8/site-packages/airflow/example_dags/example_branch_day_of_week_operator.py took 0.126 seconds
[2025-04-05T14:18:44.602+0000] {processor.py:161} INFO - Started process (PID=470) to work on /home/airflow/.local/lib/python3.8/site-packages/airflow/example_dags/example_branch_day_of_week_operator.py
[2025-04-05T14:18:44.603+0000] {processor.py:830} INFO - Processing file /home/airflow/.local/lib/python3.8/site-packages/airflow/example_dags/example_branch_day_of_week_operator.py for tasks to queue
[2025-04-05T14:18:44.605+0000] {logging_mixin.py:188} INFO - [2025-04-05T14:18:44.604+0000] {dagbag.py:538} INFO - Filling up the DagBag from /home/airflow/.local/lib/python3.8/site-packages/airflow/example_dags/example_branch_day_of_week_operator.py
[2025-04-05T14:18:44.617+0000] {processor.py:840} INFO - DAG(s) 'example_weekday_branch_operator' retrieved from /home/airflow/.local/lib/python3.8/site-packages/airflow/example_dags/example_branch_day_of_week_operator.py
[2025-04-05T14:18:44.788+0000] {logging_mixin.py:188} INFO - [2025-04-05T14:18:44.788+0000] {dag.py:3036} INFO - Sync 1 DAGs
[2025-04-05T14:18:44.809+0000] {logging_mixin.py:188} INFO - [2025-04-05T14:18:44.808+0000] {dag.py:3823} INFO - Setting next_dagrun for example_weekday_branch_operator to 2025-04-04 00:00:00+00:00, run_after=2025-04-05 00:00:00+00:00
[2025-04-05T14:18:44.832+0000] {processor.py:183} INFO - Processing /home/airflow/.local/lib/python3.8/site-packages/airflow/example_dags/example_branch_day_of_week_operator.py took 0.235 seconds
[2025-04-05T14:19:15.792+0000] {processor.py:161} INFO - Started process (PID=717) to work on /home/airflow/.local/lib/python3.8/site-packages/airflow/example_dags/example_branch_day_of_week_operator.py
[2025-04-05T14:19:15.793+0000] {processor.py:830} INFO - Processing file /home/airflow/.local/lib/python3.8/site-packages/airflow/example_dags/example_branch_day_of_week_operator.py for tasks to queue
[2025-04-05T14:19:15.794+0000] {logging_mixin.py:188} INFO - [2025-04-05T14:19:15.793+0000] {dagbag.py:538} INFO - Filling up the DagBag from /home/airflow/.local/lib/python3.8/site-packages/airflow/example_dags/example_branch_day_of_week_operator.py
[2025-04-05T14:19:15.800+0000] {processor.py:840} INFO - DAG(s) 'example_weekday_branch_operator' retrieved from /home/airflow/.local/lib/python3.8/site-packages/airflow/example_dags/example_branch_day_of_week_operator.py
[2025-04-05T14:19:15.822+0000] {logging_mixin.py:188} INFO - [2025-04-05T14:19:15.822+0000] {dag.py:3036} INFO - Sync 1 DAGs
[2025-04-05T14:19:15.841+0000] {logging_mixin.py:188} INFO - [2025-04-05T14:19:15.841+0000] {dag.py:3823} INFO - Setting next_dagrun for example_weekday_branch_operator to 2025-04-04 00:00:00+00:00, run_after=2025-04-05 00:00:00+00:00
[2025-04-05T14:19:15.862+0000] {processor.py:183} INFO - Processing /home/airflow/.local/lib/python3.8/site-packages/airflow/example_dags/example_branch_day_of_week_operator.py took 0.073 seconds
[2025-04-05T14:19:46.718+0000] {processor.py:161} INFO - Started process (PID=964) to work on /home/airflow/.local/lib/python3.8/site-packages/airflow/example_dags/example_branch_day_of_week_operator.py
[2025-04-05T14:19:46.720+0000] {processor.py:830} INFO - Processing file /home/airflow/.local/lib/python3.8/site-packages/airflow/example_dags/example_branch_day_of_week_operator.py for tasks to queue
[2025-04-05T14:19:46.721+0000] {logging_mixin.py:188} INFO - [2025-04-05T14:19:46.721+0000] {dagbag.py:538} INFO - Filling up the DagBag from /home/airflow/.local/lib/python3.8/site-packages/airflow/example_dags/example_branch_day_of_week_operator.py
[2025-04-05T14:19:46.728+0000] {processor.py:840} INFO - DAG(s) 'example_weekday_branch_operator' retrieved from /home/airflow/.local/lib/python3.8/site-packages/airflow/example_dags/example_branch_day_of_week_operator.py
[2025-04-05T14:19:46.750+0000] {logging_mixin.py:188} INFO - [2025-04-05T14:19:46.750+0000] {dag.py:3036} INFO - Sync 1 DAGs
[2025-04-05T14:19:46.775+0000] {logging_mixin.py:188} INFO - [2025-04-05T14:19:46.775+0000] {dag.py:3823} INFO - Setting next_dagrun for example_weekday_branch_operator to 2025-04-04 00:00:00+00:00, run_after=2025-04-05 00:00:00+00:00
[2025-04-05T14:19:46.802+0000] {processor.py:183} INFO - Processing /home/airflow/.local/lib/python3.8/site-packages/airflow/example_dags/example_branch_day_of_week_operator.py took 0.088 seconds
[2025-04-05T14:20:17.218+0000] {processor.py:161} INFO - Started process (PID=1217) to work on /home/airflow/.local/lib/python3.8/site-packages/airflow/example_dags/example_branch_day_of_week_operator.py
[2025-04-05T14:20:17.219+0000] {processor.py:830} INFO - Processing file /home/airflow/.local/lib/python3.8/site-packages/airflow/example_dags/example_branch_day_of_week_operator.py for tasks to queue
[2025-04-05T14:20:17.220+0000] {logging_mixin.py:188} INFO - [2025-04-05T14:20:17.220+0000] {dagbag.py:538} INFO - Filling up the DagBag from /home/airflow/.local/lib/python3.8/site-packages/airflow/example_dags/example_branch_day_of_week_operator.py
[2025-04-05T14:20:17.227+0000] {processor.py:840} INFO - DAG(s) 'example_weekday_branch_operator' retrieved from /home/airflow/.local/lib/python3.8/site-packages/airflow/example_dags/example_branch_day_of_week_operator.py
[2025-04-05T14:20:17.248+0000] {logging_mixin.py:188} INFO - [2025-04-05T14:20:17.248+0000] {dag.py:3036} INFO - Sync 1 DAGs
[2025-04-05T14:20:17.269+0000] {logging_mixin.py:188} INFO - [2025-04-05T14:20:17.269+0000] {dag.py:3823} INFO - Setting next_dagrun for example_weekday_branch_operator to 2025-04-04 00:00:00+00:00, run_after=2025-04-05 00:00:00+00:00
[2025-04-05T14:20:17.332+0000] {processor.py:183} INFO - Processing /home/airflow/.local/lib/python3.8/site-packages/airflow/example_dags/example_branch_day_of_week_operator.py took 0.117 seconds
[2025-04-05T14:20:47.437+0000] {processor.py:161} INFO - Started process (PID=1461) to work on /home/airflow/.local/lib/python3.8/site-packages/airflow/example_dags/example_branch_day_of_week_operator.py
[2025-04-05T14:20:47.439+0000] {processor.py:830} INFO - Processing file /home/airflow/.local/lib/python3.8/site-packages/airflow/example_dags/example_branch_day_of_week_operator.py for tasks to queue
[2025-04-05T14:20:47.440+0000] {logging_mixin.py:188} INFO - [2025-04-05T14:20:47.439+0000] {dagbag.py:538} INFO - Filling up the DagBag from /home/airflow/.local/lib/python3.8/site-packages/airflow/example_dags/example_branch_day_of_week_operator.py
[2025-04-05T14:20:47.448+0000] {processor.py:840} INFO - DAG(s) 'example_weekday_branch_operator' retrieved from /home/airflow/.local/lib/python3.8/site-packages/airflow/example_dags/example_branch_day_of_week_operator.py
[2025-04-05T14:20:47.478+0000] {logging_mixin.py:188} INFO - [2025-04-05T14:20:47.478+0000] {dag.py:3036} INFO - Sync 1 DAGs
[2025-04-05T14:20:47.515+0000] {logging_mixin.py:188} INFO - [2025-04-05T14:20:47.514+0000] {dag.py:3823} INFO - Setting next_dagrun for example_weekday_branch_operator to 2025-04-04 00:00:00+00:00, run_after=2025-04-05 00:00:00+00:00
[2025-04-05T14:20:47.546+0000] {processor.py:183} INFO - Processing /home/airflow/.local/lib/python3.8/site-packages/airflow/example_dags/example_branch_day_of_week_operator.py took 0.112 seconds
[2025-04-05T14:21:17.672+0000] {processor.py:161} INFO - Started process (PID=1708) to work on /home/airflow/.local/lib/python3.8/site-packages/airflow/example_dags/example_branch_day_of_week_operator.py
[2025-04-05T14:21:17.673+0000] {processor.py:830} INFO - Processing file /home/airflow/.local/lib/python3.8/site-packages/airflow/example_dags/example_branch_day_of_week_operator.py for tasks to queue
[2025-04-05T14:21:17.674+0000] {logging_mixin.py:188} INFO - [2025-04-05T14:21:17.674+0000] {dagbag.py:538} INFO - Filling up the DagBag from /home/airflow/.local/lib/python3.8/site-packages/airflow/example_dags/example_branch_day_of_week_operator.py
[2025-04-05T14:21:17.681+0000] {processor.py:840} INFO - DAG(s) 'example_weekday_branch_operator' retrieved from /home/airflow/.local/lib/python3.8/site-packages/airflow/example_dags/example_branch_day_of_week_operator.py
[2025-04-05T14:21:17.703+0000] {logging_mixin.py:188} INFO - [2025-04-05T14:21:17.703+0000] {dag.py:3036} INFO - Sync 1 DAGs
[2025-04-05T14:21:17.726+0000] {logging_mixin.py:188} INFO - [2025-04-05T14:21:17.726+0000] {dag.py:3823} INFO - Setting next_dagrun for example_weekday_branch_operator to 2025-04-04 00:00:00+00:00, run_after=2025-04-05 00:00:00+00:00
[2025-04-05T14:21:17.751+0000] {processor.py:183} INFO - Processing /home/airflow/.local/lib/python3.8/site-packages/airflow/example_dags/example_branch_day_of_week_operator.py took 0.082 seconds
[2025-04-05T14:21:47.985+0000] {processor.py:161} INFO - Started process (PID=1959) to work on /home/airflow/.local/lib/python3.8/site-packages/airflow/example_dags/example_branch_day_of_week_operator.py
[2025-04-05T14:21:47.986+0000] {processor.py:830} INFO - Processing file /home/airflow/.local/lib/python3.8/site-packages/airflow/example_dags/example_branch_day_of_week_operator.py for tasks to queue
[2025-04-05T14:21:47.987+0000] {logging_mixin.py:188} INFO - [2025-04-05T14:21:47.987+0000] {dagbag.py:538} INFO - Filling up the DagBag from /home/airflow/.local/lib/python3.8/site-packages/airflow/example_dags/example_branch_day_of_week_operator.py
[2025-04-05T14:21:47.994+0000] {processor.py:840} INFO - DAG(s) 'example_weekday_branch_operator' retrieved from /home/airflow/.local/lib/python3.8/site-packages/airflow/example_dags/example_branch_day_of_week_operator.py
[2025-04-05T14:21:48.015+0000] {logging_mixin.py:188} INFO - [2025-04-05T14:21:48.015+0000] {dag.py:3036} INFO - Sync 1 DAGs
[2025-04-05T14:21:48.042+0000] {logging_mixin.py:188} INFO - [2025-04-05T14:21:48.042+0000] {dag.py:3823} INFO - Setting next_dagrun for example_weekday_branch_operator to 2025-04-04 00:00:00+00:00, run_after=2025-04-05 00:00:00+00:00
[2025-04-05T14:21:48.065+0000] {processor.py:183} INFO - Processing /home/airflow/.local/lib/python3.8/site-packages/airflow/example_dags/example_branch_day_of_week_operator.py took 0.083 seconds
[2025-04-05T14:22:18.245+0000] {processor.py:161} INFO - Started process (PID=2206) to work on /home/airflow/.local/lib/python3.8/site-packages/airflow/example_dags/example_branch_day_of_week_operator.py
[2025-04-05T14:22:18.246+0000] {processor.py:830} INFO - Processing file /home/airflow/.local/lib/python3.8/site-packages/airflow/example_dags/example_branch_day_of_week_operator.py for tasks to queue
[2025-04-05T14:22:18.247+0000] {logging_mixin.py:188} INFO - [2025-04-05T14:22:18.247+0000] {dagbag.py:538} INFO - Filling up the DagBag from /home/airflow/.local/lib/python3.8/site-packages/airflow/example_dags/example_branch_day_of_week_operator.py
[2025-04-05T14:22:18.254+0000] {processor.py:840} INFO - DAG(s) 'example_weekday_branch_operator' retrieved from /home/airflow/.local/lib/python3.8/site-packages/airflow/example_dags/example_branch_day_of_week_operator.py
[2025-04-05T14:22:18.276+0000] {logging_mixin.py:188} INFO - [2025-04-05T14:22:18.276+0000] {dag.py:3036} INFO - Sync 1 DAGs
[2025-04-05T14:22:18.296+0000] {logging_mixin.py:188} INFO - [2025-04-05T14:22:18.296+0000] {dag.py:3823} INFO - Setting next_dagrun for example_weekday_branch_operator to 2025-04-04 00:00:00+00:00, run_after=2025-04-05 00:00:00+00:00
[2025-04-05T14:22:18.317+0000] {processor.py:183} INFO - Processing /home/airflow/.local/lib/python3.8/site-packages/airflow/example_dags/example_branch_day_of_week_operator.py took 0.075 seconds
[2025-04-05T14:22:48.652+0000] {processor.py:161} INFO - Started process (PID=2453) to work on /home/airflow/.local/lib/python3.8/site-packages/airflow/example_dags/example_branch_day_of_week_operator.py
[2025-04-05T14:22:48.654+0000] {processor.py:830} INFO - Processing file /home/airflow/.local/lib/python3.8/site-packages/airflow/example_dags/example_branch_day_of_week_operator.py for tasks to queue
[2025-04-05T14:22:48.657+0000] {logging_mixin.py:188} INFO - [2025-04-05T14:22:48.656+0000] {dagbag.py:538} INFO - Filling up the DagBag from /home/airflow/.local/lib/python3.8/site-packages/airflow/example_dags/example_branch_day_of_week_operator.py
[2025-04-05T14:22:48.675+0000] {processor.py:840} INFO - DAG(s) 'example_weekday_branch_operator' retrieved from /home/airflow/.local/lib/python3.8/site-packages/airflow/example_dags/example_branch_day_of_week_operator.py
[2025-04-05T14:22:48.709+0000] {logging_mixin.py:188} INFO - [2025-04-05T14:22:48.709+0000] {dag.py:3036} INFO - Sync 1 DAGs
[2025-04-05T14:22:48.738+0000] {logging_mixin.py:188} INFO - [2025-04-05T14:22:48.737+0000] {dag.py:3823} INFO - Setting next_dagrun for example_weekday_branch_operator to 2025-04-04 00:00:00+00:00, run_after=2025-04-05 00:00:00+00:00
[2025-04-05T14:22:48.759+0000] {processor.py:183} INFO - Processing /home/airflow/.local/lib/python3.8/site-packages/airflow/example_dags/example_branch_day_of_week_operator.py took 0.114 seconds
[2025-04-05T14:23:18.811+0000] {processor.py:161} INFO - Started process (PID=2697) to work on /home/airflow/.local/lib/python3.8/site-packages/airflow/example_dags/example_branch_day_of_week_operator.py
[2025-04-05T14:23:18.812+0000] {processor.py:830} INFO - Processing file /home/airflow/.local/lib/python3.8/site-packages/airflow/example_dags/example_branch_day_of_week_operator.py for tasks to queue
[2025-04-05T14:23:18.813+0000] {logging_mixin.py:188} INFO - [2025-04-05T14:23:18.812+0000] {dagbag.py:538} INFO - Filling up the DagBag from /home/airflow/.local/lib/python3.8/site-packages/airflow/example_dags/example_branch_day_of_week_operator.py
[2025-04-05T14:23:18.819+0000] {processor.py:840} INFO - DAG(s) 'example_weekday_branch_operator' retrieved from /home/airflow/.local/lib/python3.8/site-packages/airflow/example_dags/example_branch_day_of_week_operator.py
[2025-04-05T14:23:18.841+0000] {logging_mixin.py:188} INFO - [2025-04-05T14:23:18.840+0000] {dag.py:3036} INFO - Sync 1 DAGs
[2025-04-05T14:23:18.864+0000] {logging_mixin.py:188} INFO - [2025-04-05T14:23:18.864+0000] {dag.py:3823} INFO - Setting next_dagrun for example_weekday_branch_operator to 2025-04-04 00:00:00+00:00, run_after=2025-04-05 00:00:00+00:00
[2025-04-05T14:23:18.883+0000] {processor.py:183} INFO - Processing /home/airflow/.local/lib/python3.8/site-packages/airflow/example_dags/example_branch_day_of_week_operator.py took 0.076 seconds
[2025-04-05T14:23:48.999+0000] {processor.py:161} INFO - Started process (PID=2947) to work on /home/airflow/.local/lib/python3.8/site-packages/airflow/example_dags/example_branch_day_of_week_operator.py
[2025-04-05T14:23:49.000+0000] {processor.py:830} INFO - Processing file /home/airflow/.local/lib/python3.8/site-packages/airflow/example_dags/example_branch_day_of_week_operator.py for tasks to queue
[2025-04-05T14:23:49.000+0000] {logging_mixin.py:188} INFO - [2025-04-05T14:23:49.000+0000] {dagbag.py:538} INFO - Filling up the DagBag from /home/airflow/.local/lib/python3.8/site-packages/airflow/example_dags/example_branch_day_of_week_operator.py
[2025-04-05T14:23:49.007+0000] {processor.py:840} INFO - DAG(s) 'example_weekday_branch_operator' retrieved from /home/airflow/.local/lib/python3.8/site-packages/airflow/example_dags/example_branch_day_of_week_operator.py
[2025-04-05T14:23:49.028+0000] {logging_mixin.py:188} INFO - [2025-04-05T14:23:49.028+0000] {dag.py:3036} INFO - Sync 1 DAGs
[2025-04-05T14:23:49.047+0000] {logging_mixin.py:188} INFO - [2025-04-05T14:23:49.047+0000] {dag.py:3823} INFO - Setting next_dagrun for example_weekday_branch_operator to 2025-04-04 00:00:00+00:00, run_after=2025-04-05 00:00:00+00:00
[2025-04-05T14:23:49.066+0000] {processor.py:183} INFO - Processing /home/airflow/.local/lib/python3.8/site-packages/airflow/example_dags/example_branch_day_of_week_operator.py took 0.071 seconds
[2025-04-05T14:24:19.299+0000] {processor.py:161} INFO - Started process (PID=3194) to work on /home/airflow/.local/lib/python3.8/site-packages/airflow/example_dags/example_branch_day_of_week_operator.py
[2025-04-05T14:24:19.300+0000] {processor.py:830} INFO - Processing file /home/airflow/.local/lib/python3.8/site-packages/airflow/example_dags/example_branch_day_of_week_operator.py for tasks to queue
[2025-04-05T14:24:19.301+0000] {logging_mixin.py:188} INFO - [2025-04-05T14:24:19.301+0000] {dagbag.py:538} INFO - Filling up the DagBag from /home/airflow/.local/lib/python3.8/site-packages/airflow/example_dags/example_branch_day_of_week_operator.py
[2025-04-05T14:24:19.308+0000] {processor.py:840} INFO - DAG(s) 'example_weekday_branch_operator' retrieved from /home/airflow/.local/lib/python3.8/site-packages/airflow/example_dags/example_branch_day_of_week_operator.py
[2025-04-05T14:24:19.330+0000] {logging_mixin.py:188} INFO - [2025-04-05T14:24:19.330+0000] {dag.py:3036} INFO - Sync 1 DAGs
[2025-04-05T14:24:19.352+0000] {logging_mixin.py:188} INFO - [2025-04-05T14:24:19.352+0000] {dag.py:3823} INFO - Setting next_dagrun for example_weekday_branch_operator to 2025-04-04 00:00:00+00:00, run_after=2025-04-05 00:00:00+00:00
[2025-04-05T14:24:19.383+0000] {processor.py:183} INFO - Processing /home/airflow/.local/lib/python3.8/site-packages/airflow/example_dags/example_branch_day_of_week_operator.py took 0.086 seconds
[2025-04-05T14:24:49.493+0000] {processor.py:161} INFO - Started process (PID=3441) to work on /home/airflow/.local/lib/python3.8/site-packages/airflow/example_dags/example_branch_day_of_week_operator.py
[2025-04-05T14:24:49.494+0000] {processor.py:830} INFO - Processing file /home/airflow/.local/lib/python3.8/site-packages/airflow/example_dags/example_branch_day_of_week_operator.py for tasks to queue
[2025-04-05T14:24:49.495+0000] {logging_mixin.py:188} INFO - [2025-04-05T14:24:49.494+0000] {dagbag.py:538} INFO - Filling up the DagBag from /home/airflow/.local/lib/python3.8/site-packages/airflow/example_dags/example_branch_day_of_week_operator.py
[2025-04-05T14:24:49.501+0000] {processor.py:840} INFO - DAG(s) 'example_weekday_branch_operator' retrieved from /home/airflow/.local/lib/python3.8/site-packages/airflow/example_dags/example_branch_day_of_week_operator.py
[2025-04-05T14:24:49.524+0000] {logging_mixin.py:188} INFO - [2025-04-05T14:24:49.524+0000] {dag.py:3036} INFO - Sync 1 DAGs
[2025-04-05T14:24:49.546+0000] {logging_mixin.py:188} INFO - [2025-04-05T14:24:49.546+0000] {dag.py:3823} INFO - Setting next_dagrun for example_weekday_branch_operator to 2025-04-04 00:00:00+00:00, run_after=2025-04-05 00:00:00+00:00
[2025-04-05T14:24:49.568+0000] {processor.py:183} INFO - Processing /home/airflow/.local/lib/python3.8/site-packages/airflow/example_dags/example_branch_day_of_week_operator.py took 0.079 seconds
[2025-04-05T14:25:19.883+0000] {processor.py:161} INFO - Started process (PID=3688) to work on /home/airflow/.local/lib/python3.8/site-packages/airflow/example_dags/example_branch_day_of_week_operator.py
[2025-04-05T14:25:19.884+0000] {processor.py:830} INFO - Processing file /home/airflow/.local/lib/python3.8/site-packages/airflow/example_dags/example_branch_day_of_week_operator.py for tasks to queue
[2025-04-05T14:25:19.885+0000] {logging_mixin.py:188} INFO - [2025-04-05T14:25:19.884+0000] {dagbag.py:538} INFO - Filling up the DagBag from /home/airflow/.local/lib/python3.8/site-packages/airflow/example_dags/example_branch_day_of_week_operator.py
[2025-04-05T14:25:19.892+0000] {processor.py:840} INFO - DAG(s) 'example_weekday_branch_operator' retrieved from /home/airflow/.local/lib/python3.8/site-packages/airflow/example_dags/example_branch_day_of_week_operator.py
[2025-04-05T14:25:19.913+0000] {logging_mixin.py:188} INFO - [2025-04-05T14:25:19.913+0000] {dag.py:3036} INFO - Sync 1 DAGs
[2025-04-05T14:25:19.933+0000] {logging_mixin.py:188} INFO - [2025-04-05T14:25:19.933+0000] {dag.py:3823} INFO - Setting next_dagrun for example_weekday_branch_operator to 2025-04-04 00:00:00+00:00, run_after=2025-04-05 00:00:00+00:00
[2025-04-05T14:25:19.963+0000] {processor.py:183} INFO - Processing /home/airflow/.local/lib/python3.8/site-packages/airflow/example_dags/example_branch_day_of_week_operator.py took 0.083 seconds
[2025-04-05T14:25:50.212+0000] {processor.py:161} INFO - Started process (PID=3935) to work on /home/airflow/.local/lib/python3.8/site-packages/airflow/example_dags/example_branch_day_of_week_operator.py
[2025-04-05T14:25:50.213+0000] {processor.py:830} INFO - Processing file /home/airflow/.local/lib/python3.8/site-packages/airflow/example_dags/example_branch_day_of_week_operator.py for tasks to queue
[2025-04-05T14:25:50.214+0000] {logging_mixin.py:188} INFO - [2025-04-05T14:25:50.214+0000] {dagbag.py:538} INFO - Filling up the DagBag from /home/airflow/.local/lib/python3.8/site-packages/airflow/example_dags/example_branch_day_of_week_operator.py
[2025-04-05T14:25:50.221+0000] {processor.py:840} INFO - DAG(s) 'example_weekday_branch_operator' retrieved from /home/airflow/.local/lib/python3.8/site-packages/airflow/example_dags/example_branch_day_of_week_operator.py
[2025-04-05T14:25:50.242+0000] {logging_mixin.py:188} INFO - [2025-04-05T14:25:50.242+0000] {dag.py:3036} INFO - Sync 1 DAGs
[2025-04-05T14:25:50.261+0000] {logging_mixin.py:188} INFO - [2025-04-05T14:25:50.260+0000] {dag.py:3823} INFO - Setting next_dagrun for example_weekday_branch_operator to 2025-04-04 00:00:00+00:00, run_after=2025-04-05 00:00:00+00:00
[2025-04-05T14:25:50.281+0000] {processor.py:183} INFO - Processing /home/airflow/.local/lib/python3.8/site-packages/airflow/example_dags/example_branch_day_of_week_operator.py took 0.072 seconds
[2025-04-05T14:26:20.863+0000] {processor.py:161} INFO - Started process (PID=4182) to work on /home/airflow/.local/lib/python3.8/site-packages/airflow/example_dags/example_branch_day_of_week_operator.py
[2025-04-05T14:26:20.864+0000] {processor.py:830} INFO - Processing file /home/airflow/.local/lib/python3.8/site-packages/airflow/example_dags/example_branch_day_of_week_operator.py for tasks to queue
[2025-04-05T14:26:20.865+0000] {logging_mixin.py:188} INFO - [2025-04-05T14:26:20.865+0000] {dagbag.py:538} INFO - Filling up the DagBag from /home/airflow/.local/lib/python3.8/site-packages/airflow/example_dags/example_branch_day_of_week_operator.py
[2025-04-05T14:26:20.881+0000] {processor.py:840} INFO - DAG(s) 'example_weekday_branch_operator' retrieved from /home/airflow/.local/lib/python3.8/site-packages/airflow/example_dags/example_branch_day_of_week_operator.py
[2025-04-05T14:26:20.908+0000] {logging_mixin.py:188} INFO - [2025-04-05T14:26:20.908+0000] {dag.py:3036} INFO - Sync 1 DAGs
[2025-04-05T14:26:20.929+0000] {logging_mixin.py:188} INFO - [2025-04-05T14:26:20.929+0000] {dag.py:3823} INFO - Setting next_dagrun for example_weekday_branch_operator to 2025-04-04 00:00:00+00:00, run_after=2025-04-05 00:00:00+00:00
[2025-04-05T14:26:20.950+0000] {processor.py:183} INFO - Processing /home/airflow/.local/lib/python3.8/site-packages/airflow/example_dags/example_branch_day_of_week_operator.py took 0.091 seconds
[2025-04-05T14:26:51.056+0000] {processor.py:161} INFO - Started process (PID=4429) to work on /home/airflow/.local/lib/python3.8/site-packages/airflow/example_dags/example_branch_day_of_week_operator.py
[2025-04-05T14:26:51.057+0000] {processor.py:830} INFO - Processing file /home/airflow/.local/lib/python3.8/site-packages/airflow/example_dags/example_branch_day_of_week_operator.py for tasks to queue
[2025-04-05T14:26:51.058+0000] {logging_mixin.py:188} INFO - [2025-04-05T14:26:51.058+0000] {dagbag.py:538} INFO - Filling up the DagBag from /home/airflow/.local/lib/python3.8/site-packages/airflow/example_dags/example_branch_day_of_week_operator.py
[2025-04-05T14:26:51.065+0000] {processor.py:840} INFO - DAG(s) 'example_weekday_branch_operator' retrieved from /home/airflow/.local/lib/python3.8/site-packages/airflow/example_dags/example_branch_day_of_week_operator.py
[2025-04-05T14:26:51.087+0000] {logging_mixin.py:188} INFO - [2025-04-05T14:26:51.086+0000] {dag.py:3036} INFO - Sync 1 DAGs
[2025-04-05T14:26:51.107+0000] {logging_mixin.py:188} INFO - [2025-04-05T14:26:51.107+0000] {dag.py:3823} INFO - Setting next_dagrun for example_weekday_branch_operator to 2025-04-04 00:00:00+00:00, run_after=2025-04-05 00:00:00+00:00
[2025-04-05T14:26:51.127+0000] {processor.py:183} INFO - Processing /home/airflow/.local/lib/python3.8/site-packages/airflow/example_dags/example_branch_day_of_week_operator.py took 0.074 seconds
[2025-04-05T14:28:34.774+0000] {processor.py:161} INFO - Started process (PID=217) to work on /home/airflow/.local/lib/python3.8/site-packages/airflow/example_dags/example_branch_day_of_week_operator.py
[2025-04-05T14:28:34.776+0000] {processor.py:830} INFO - Processing file /home/airflow/.local/lib/python3.8/site-packages/airflow/example_dags/example_branch_day_of_week_operator.py for tasks to queue
[2025-04-05T14:28:34.777+0000] {logging_mixin.py:188} INFO - [2025-04-05T14:28:34.777+0000] {dagbag.py:538} INFO - Filling up the DagBag from /home/airflow/.local/lib/python3.8/site-packages/airflow/example_dags/example_branch_day_of_week_operator.py
[2025-04-05T14:28:34.791+0000] {processor.py:840} INFO - DAG(s) 'example_weekday_branch_operator' retrieved from /home/airflow/.local/lib/python3.8/site-packages/airflow/example_dags/example_branch_day_of_week_operator.py
[2025-04-05T14:28:34.806+0000] {logging_mixin.py:188} INFO - [2025-04-05T14:28:34.806+0000] {dag.py:3036} INFO - Sync 1 DAGs
[2025-04-05T14:28:34.838+0000] {logging_mixin.py:188} INFO - [2025-04-05T14:28:34.837+0000] {dag.py:3823} INFO - Setting next_dagrun for example_weekday_branch_operator to 2025-04-04 00:00:00+00:00, run_after=2025-04-05 00:00:00+00:00
[2025-04-05T14:28:34.864+0000] {processor.py:183} INFO - Processing /home/airflow/.local/lib/python3.8/site-packages/airflow/example_dags/example_branch_day_of_week_operator.py took 0.094 seconds
[2025-04-05T14:29:05.650+0000] {processor.py:161} INFO - Started process (PID=470) to work on /home/airflow/.local/lib/python3.8/site-packages/airflow/example_dags/example_branch_day_of_week_operator.py
[2025-04-05T14:29:05.651+0000] {processor.py:830} INFO - Processing file /home/airflow/.local/lib/python3.8/site-packages/airflow/example_dags/example_branch_day_of_week_operator.py for tasks to queue
[2025-04-05T14:29:05.652+0000] {logging_mixin.py:188} INFO - [2025-04-05T14:29:05.652+0000] {dagbag.py:538} INFO - Filling up the DagBag from /home/airflow/.local/lib/python3.8/site-packages/airflow/example_dags/example_branch_day_of_week_operator.py
[2025-04-05T14:29:05.660+0000] {processor.py:840} INFO - DAG(s) 'example_weekday_branch_operator' retrieved from /home/airflow/.local/lib/python3.8/site-packages/airflow/example_dags/example_branch_day_of_week_operator.py
[2025-04-05T14:29:05.751+0000] {logging_mixin.py:188} INFO - [2025-04-05T14:29:05.750+0000] {dag.py:3036} INFO - Sync 1 DAGs
[2025-04-05T14:29:05.769+0000] {logging_mixin.py:188} INFO - [2025-04-05T14:29:05.768+0000] {dag.py:3823} INFO - Setting next_dagrun for example_weekday_branch_operator to 2025-04-04 00:00:00+00:00, run_after=2025-04-05 00:00:00+00:00
[2025-04-05T14:29:05.790+0000] {processor.py:183} INFO - Processing /home/airflow/.local/lib/python3.8/site-packages/airflow/example_dags/example_branch_day_of_week_operator.py took 0.143 seconds
[2025-04-05T14:29:36.221+0000] {processor.py:161} INFO - Started process (PID=717) to work on /home/airflow/.local/lib/python3.8/site-packages/airflow/example_dags/example_branch_day_of_week_operator.py
[2025-04-05T14:29:36.222+0000] {processor.py:830} INFO - Processing file /home/airflow/.local/lib/python3.8/site-packages/airflow/example_dags/example_branch_day_of_week_operator.py for tasks to queue
[2025-04-05T14:29:36.223+0000] {logging_mixin.py:188} INFO - [2025-04-05T14:29:36.223+0000] {dagbag.py:538} INFO - Filling up the DagBag from /home/airflow/.local/lib/python3.8/site-packages/airflow/example_dags/example_branch_day_of_week_operator.py
[2025-04-05T14:29:36.230+0000] {processor.py:840} INFO - DAG(s) 'example_weekday_branch_operator' retrieved from /home/airflow/.local/lib/python3.8/site-packages/airflow/example_dags/example_branch_day_of_week_operator.py
[2025-04-05T14:29:36.252+0000] {logging_mixin.py:188} INFO - [2025-04-05T14:29:36.252+0000] {dag.py:3036} INFO - Sync 1 DAGs
[2025-04-05T14:29:36.276+0000] {logging_mixin.py:188} INFO - [2025-04-05T14:29:36.276+0000] {dag.py:3823} INFO - Setting next_dagrun for example_weekday_branch_operator to 2025-04-04 00:00:00+00:00, run_after=2025-04-05 00:00:00+00:00
[2025-04-05T14:29:36.296+0000] {processor.py:183} INFO - Processing /home/airflow/.local/lib/python3.8/site-packages/airflow/example_dags/example_branch_day_of_week_operator.py took 0.078 seconds
[2025-04-05T14:30:06.643+0000] {processor.py:161} INFO - Started process (PID=964) to work on /home/airflow/.local/lib/python3.8/site-packages/airflow/example_dags/example_branch_day_of_week_operator.py
[2025-04-05T14:30:06.645+0000] {processor.py:830} INFO - Processing file /home/airflow/.local/lib/python3.8/site-packages/airflow/example_dags/example_branch_day_of_week_operator.py for tasks to queue
[2025-04-05T14:30:06.647+0000] {logging_mixin.py:188} INFO - [2025-04-05T14:30:06.646+0000] {dagbag.py:538} INFO - Filling up the DagBag from /home/airflow/.local/lib/python3.8/site-packages/airflow/example_dags/example_branch_day_of_week_operator.py
[2025-04-05T14:30:06.657+0000] {processor.py:840} INFO - DAG(s) 'example_weekday_branch_operator' retrieved from /home/airflow/.local/lib/python3.8/site-packages/airflow/example_dags/example_branch_day_of_week_operator.py
[2025-04-05T14:30:06.687+0000] {logging_mixin.py:188} INFO - [2025-04-05T14:30:06.687+0000] {dag.py:3036} INFO - Sync 1 DAGs
[2025-04-05T14:30:06.714+0000] {logging_mixin.py:188} INFO - [2025-04-05T14:30:06.714+0000] {dag.py:3823} INFO - Setting next_dagrun for example_weekday_branch_operator to 2025-04-04 00:00:00+00:00, run_after=2025-04-05 00:00:00+00:00
[2025-04-05T14:30:06.737+0000] {processor.py:183} INFO - Processing /home/airflow/.local/lib/python3.8/site-packages/airflow/example_dags/example_branch_day_of_week_operator.py took 0.098 seconds
[2025-04-05T14:30:36.837+0000] {processor.py:161} INFO - Started process (PID=1211) to work on /home/airflow/.local/lib/python3.8/site-packages/airflow/example_dags/example_branch_day_of_week_operator.py
[2025-04-05T14:30:36.838+0000] {processor.py:830} INFO - Processing file /home/airflow/.local/lib/python3.8/site-packages/airflow/example_dags/example_branch_day_of_week_operator.py for tasks to queue
[2025-04-05T14:30:36.839+0000] {logging_mixin.py:188} INFO - [2025-04-05T14:30:36.839+0000] {dagbag.py:538} INFO - Filling up the DagBag from /home/airflow/.local/lib/python3.8/site-packages/airflow/example_dags/example_branch_day_of_week_operator.py
[2025-04-05T14:30:36.846+0000] {processor.py:840} INFO - DAG(s) 'example_weekday_branch_operator' retrieved from /home/airflow/.local/lib/python3.8/site-packages/airflow/example_dags/example_branch_day_of_week_operator.py
[2025-04-05T14:30:36.868+0000] {logging_mixin.py:188} INFO - [2025-04-05T14:30:36.868+0000] {dag.py:3036} INFO - Sync 1 DAGs
[2025-04-05T14:30:36.891+0000] {logging_mixin.py:188} INFO - [2025-04-05T14:30:36.891+0000] {dag.py:3823} INFO - Setting next_dagrun for example_weekday_branch_operator to 2025-04-04 00:00:00+00:00, run_after=2025-04-05 00:00:00+00:00
[2025-04-05T14:30:36.915+0000] {processor.py:183} INFO - Processing /home/airflow/.local/lib/python3.8/site-packages/airflow/example_dags/example_branch_day_of_week_operator.py took 0.081 seconds
[2025-04-05T14:31:07.602+0000] {processor.py:161} INFO - Started process (PID=1458) to work on /home/airflow/.local/lib/python3.8/site-packages/airflow/example_dags/example_branch_day_of_week_operator.py
[2025-04-05T14:31:07.604+0000] {processor.py:830} INFO - Processing file /home/airflow/.local/lib/python3.8/site-packages/airflow/example_dags/example_branch_day_of_week_operator.py for tasks to queue
[2025-04-05T14:31:07.605+0000] {logging_mixin.py:188} INFO - [2025-04-05T14:31:07.604+0000] {dagbag.py:538} INFO - Filling up the DagBag from /home/airflow/.local/lib/python3.8/site-packages/airflow/example_dags/example_branch_day_of_week_operator.py
[2025-04-05T14:31:07.613+0000] {processor.py:840} INFO - DAG(s) 'example_weekday_branch_operator' retrieved from /home/airflow/.local/lib/python3.8/site-packages/airflow/example_dags/example_branch_day_of_week_operator.py
[2025-04-05T14:31:07.636+0000] {logging_mixin.py:188} INFO - [2025-04-05T14:31:07.636+0000] {dag.py:3036} INFO - Sync 1 DAGs
[2025-04-05T14:31:07.657+0000] {logging_mixin.py:188} INFO - [2025-04-05T14:31:07.657+0000] {dag.py:3823} INFO - Setting next_dagrun for example_weekday_branch_operator to 2025-04-04 00:00:00+00:00, run_after=2025-04-05 00:00:00+00:00
[2025-04-05T14:31:07.678+0000] {processor.py:183} INFO - Processing /home/airflow/.local/lib/python3.8/site-packages/airflow/example_dags/example_branch_day_of_week_operator.py took 0.080 seconds
[2025-04-05T14:31:38.066+0000] {processor.py:161} INFO - Started process (PID=1705) to work on /home/airflow/.local/lib/python3.8/site-packages/airflow/example_dags/example_branch_day_of_week_operator.py
[2025-04-05T14:31:38.067+0000] {processor.py:830} INFO - Processing file /home/airflow/.local/lib/python3.8/site-packages/airflow/example_dags/example_branch_day_of_week_operator.py for tasks to queue
[2025-04-05T14:31:38.069+0000] {logging_mixin.py:188} INFO - [2025-04-05T14:31:38.068+0000] {dagbag.py:538} INFO - Filling up the DagBag from /home/airflow/.local/lib/python3.8/site-packages/airflow/example_dags/example_branch_day_of_week_operator.py
[2025-04-05T14:31:38.075+0000] {processor.py:840} INFO - DAG(s) 'example_weekday_branch_operator' retrieved from /home/airflow/.local/lib/python3.8/site-packages/airflow/example_dags/example_branch_day_of_week_operator.py
[2025-04-05T14:31:38.097+0000] {logging_mixin.py:188} INFO - [2025-04-05T14:31:38.097+0000] {dag.py:3036} INFO - Sync 1 DAGs
[2025-04-05T14:31:38.118+0000] {logging_mixin.py:188} INFO - [2025-04-05T14:31:38.118+0000] {dag.py:3823} INFO - Setting next_dagrun for example_weekday_branch_operator to 2025-04-04 00:00:00+00:00, run_after=2025-04-05 00:00:00+00:00
[2025-04-05T14:31:38.141+0000] {processor.py:183} INFO - Processing /home/airflow/.local/lib/python3.8/site-packages/airflow/example_dags/example_branch_day_of_week_operator.py took 0.078 seconds
[2025-04-05T14:32:08.239+0000] {processor.py:161} INFO - Started process (PID=1952) to work on /home/airflow/.local/lib/python3.8/site-packages/airflow/example_dags/example_branch_day_of_week_operator.py
[2025-04-05T14:32:08.240+0000] {processor.py:830} INFO - Processing file /home/airflow/.local/lib/python3.8/site-packages/airflow/example_dags/example_branch_day_of_week_operator.py for tasks to queue
[2025-04-05T14:32:08.241+0000] {logging_mixin.py:188} INFO - [2025-04-05T14:32:08.241+0000] {dagbag.py:538} INFO - Filling up the DagBag from /home/airflow/.local/lib/python3.8/site-packages/airflow/example_dags/example_branch_day_of_week_operator.py
[2025-04-05T14:32:08.248+0000] {processor.py:840} INFO - DAG(s) 'example_weekday_branch_operator' retrieved from /home/airflow/.local/lib/python3.8/site-packages/airflow/example_dags/example_branch_day_of_week_operator.py
[2025-04-05T14:32:08.275+0000] {logging_mixin.py:188} INFO - [2025-04-05T14:32:08.275+0000] {dag.py:3036} INFO - Sync 1 DAGs
[2025-04-05T14:32:08.297+0000] {logging_mixin.py:188} INFO - [2025-04-05T14:32:08.297+0000] {dag.py:3823} INFO - Setting next_dagrun for example_weekday_branch_operator to 2025-04-04 00:00:00+00:00, run_after=2025-04-05 00:00:00+00:00
[2025-04-05T14:32:08.318+0000] {processor.py:183} INFO - Processing /home/airflow/.local/lib/python3.8/site-packages/airflow/example_dags/example_branch_day_of_week_operator.py took 0.082 seconds
[2025-04-05T14:32:38.527+0000] {processor.py:161} INFO - Started process (PID=2199) to work on /home/airflow/.local/lib/python3.8/site-packages/airflow/example_dags/example_branch_day_of_week_operator.py
[2025-04-05T14:32:38.528+0000] {processor.py:830} INFO - Processing file /home/airflow/.local/lib/python3.8/site-packages/airflow/example_dags/example_branch_day_of_week_operator.py for tasks to queue
[2025-04-05T14:32:38.529+0000] {logging_mixin.py:188} INFO - [2025-04-05T14:32:38.529+0000] {dagbag.py:538} INFO - Filling up the DagBag from /home/airflow/.local/lib/python3.8/site-packages/airflow/example_dags/example_branch_day_of_week_operator.py
[2025-04-05T14:32:38.538+0000] {processor.py:840} INFO - DAG(s) 'example_weekday_branch_operator' retrieved from /home/airflow/.local/lib/python3.8/site-packages/airflow/example_dags/example_branch_day_of_week_operator.py
[2025-04-05T14:32:38.561+0000] {logging_mixin.py:188} INFO - [2025-04-05T14:32:38.561+0000] {dag.py:3036} INFO - Sync 1 DAGs
[2025-04-05T14:32:38.582+0000] {logging_mixin.py:188} INFO - [2025-04-05T14:32:38.582+0000] {dag.py:3823} INFO - Setting next_dagrun for example_weekday_branch_operator to 2025-04-04 00:00:00+00:00, run_after=2025-04-05 00:00:00+00:00
[2025-04-05T14:32:38.601+0000] {processor.py:183} INFO - Processing /home/airflow/.local/lib/python3.8/site-packages/airflow/example_dags/example_branch_day_of_week_operator.py took 0.077 seconds
[2025-04-05T14:33:08.919+0000] {processor.py:161} INFO - Started process (PID=2446) to work on /home/airflow/.local/lib/python3.8/site-packages/airflow/example_dags/example_branch_day_of_week_operator.py
[2025-04-05T14:33:08.921+0000] {processor.py:830} INFO - Processing file /home/airflow/.local/lib/python3.8/site-packages/airflow/example_dags/example_branch_day_of_week_operator.py for tasks to queue
[2025-04-05T14:33:08.922+0000] {logging_mixin.py:188} INFO - [2025-04-05T14:33:08.922+0000] {dagbag.py:538} INFO - Filling up the DagBag from /home/airflow/.local/lib/python3.8/site-packages/airflow/example_dags/example_branch_day_of_week_operator.py
[2025-04-05T14:33:08.929+0000] {processor.py:840} INFO - DAG(s) 'example_weekday_branch_operator' retrieved from /home/airflow/.local/lib/python3.8/site-packages/airflow/example_dags/example_branch_day_of_week_operator.py
[2025-04-05T14:33:08.953+0000] {logging_mixin.py:188} INFO - [2025-04-05T14:33:08.952+0000] {dag.py:3036} INFO - Sync 1 DAGs
[2025-04-05T14:33:08.976+0000] {logging_mixin.py:188} INFO - [2025-04-05T14:33:08.976+0000] {dag.py:3823} INFO - Setting next_dagrun for example_weekday_branch_operator to 2025-04-04 00:00:00+00:00, run_after=2025-04-05 00:00:00+00:00
[2025-04-05T14:33:08.996+0000] {processor.py:183} INFO - Processing /home/airflow/.local/lib/python3.8/site-packages/airflow/example_dags/example_branch_day_of_week_operator.py took 0.080 seconds
[2025-04-05T14:33:39.175+0000] {processor.py:161} INFO - Started process (PID=2693) to work on /home/airflow/.local/lib/python3.8/site-packages/airflow/example_dags/example_branch_day_of_week_operator.py
[2025-04-05T14:33:39.176+0000] {processor.py:830} INFO - Processing file /home/airflow/.local/lib/python3.8/site-packages/airflow/example_dags/example_branch_day_of_week_operator.py for tasks to queue
[2025-04-05T14:33:39.177+0000] {logging_mixin.py:188} INFO - [2025-04-05T14:33:39.177+0000] {dagbag.py:538} INFO - Filling up the DagBag from /home/airflow/.local/lib/python3.8/site-packages/airflow/example_dags/example_branch_day_of_week_operator.py
[2025-04-05T14:33:39.184+0000] {processor.py:840} INFO - DAG(s) 'example_weekday_branch_operator' retrieved from /home/airflow/.local/lib/python3.8/site-packages/airflow/example_dags/example_branch_day_of_week_operator.py
[2025-04-05T14:33:39.208+0000] {logging_mixin.py:188} INFO - [2025-04-05T14:33:39.207+0000] {dag.py:3036} INFO - Sync 1 DAGs
[2025-04-05T14:33:39.233+0000] {logging_mixin.py:188} INFO - [2025-04-05T14:33:39.232+0000] {dag.py:3823} INFO - Setting next_dagrun for example_weekday_branch_operator to 2025-04-04 00:00:00+00:00, run_after=2025-04-05 00:00:00+00:00
[2025-04-05T14:33:39.262+0000] {processor.py:183} INFO - Processing /home/airflow/.local/lib/python3.8/site-packages/airflow/example_dags/example_branch_day_of_week_operator.py took 0.090 seconds
[2025-04-05T14:34:09.394+0000] {processor.py:161} INFO - Started process (PID=2940) to work on /home/airflow/.local/lib/python3.8/site-packages/airflow/example_dags/example_branch_day_of_week_operator.py
[2025-04-05T14:34:09.395+0000] {processor.py:830} INFO - Processing file /home/airflow/.local/lib/python3.8/site-packages/airflow/example_dags/example_branch_day_of_week_operator.py for tasks to queue
[2025-04-05T14:34:09.396+0000] {logging_mixin.py:188} INFO - [2025-04-05T14:34:09.396+0000] {dagbag.py:538} INFO - Filling up the DagBag from /home/airflow/.local/lib/python3.8/site-packages/airflow/example_dags/example_branch_day_of_week_operator.py
[2025-04-05T14:34:09.403+0000] {processor.py:840} INFO - DAG(s) 'example_weekday_branch_operator' retrieved from /home/airflow/.local/lib/python3.8/site-packages/airflow/example_dags/example_branch_day_of_week_operator.py
[2025-04-05T14:34:09.424+0000] {logging_mixin.py:188} INFO - [2025-04-05T14:34:09.424+0000] {dag.py:3036} INFO - Sync 1 DAGs
[2025-04-05T14:34:09.445+0000] {logging_mixin.py:188} INFO - [2025-04-05T14:34:09.445+0000] {dag.py:3823} INFO - Setting next_dagrun for example_weekday_branch_operator to 2025-04-04 00:00:00+00:00, run_after=2025-04-05 00:00:00+00:00
[2025-04-05T14:34:09.464+0000] {processor.py:183} INFO - Processing /home/airflow/.local/lib/python3.8/site-packages/airflow/example_dags/example_branch_day_of_week_operator.py took 0.074 seconds
[2025-04-05T14:34:39.574+0000] {processor.py:161} INFO - Started process (PID=3187) to work on /home/airflow/.local/lib/python3.8/site-packages/airflow/example_dags/example_branch_day_of_week_operator.py
[2025-04-05T14:34:39.576+0000] {processor.py:830} INFO - Processing file /home/airflow/.local/lib/python3.8/site-packages/airflow/example_dags/example_branch_day_of_week_operator.py for tasks to queue
[2025-04-05T14:34:39.577+0000] {logging_mixin.py:188} INFO - [2025-04-05T14:34:39.576+0000] {dagbag.py:538} INFO - Filling up the DagBag from /home/airflow/.local/lib/python3.8/site-packages/airflow/example_dags/example_branch_day_of_week_operator.py
[2025-04-05T14:34:39.585+0000] {processor.py:840} INFO - DAG(s) 'example_weekday_branch_operator' retrieved from /home/airflow/.local/lib/python3.8/site-packages/airflow/example_dags/example_branch_day_of_week_operator.py
[2025-04-05T14:34:39.611+0000] {logging_mixin.py:188} INFO - [2025-04-05T14:34:39.610+0000] {dag.py:3036} INFO - Sync 1 DAGs
[2025-04-05T14:34:39.637+0000] {logging_mixin.py:188} INFO - [2025-04-05T14:34:39.636+0000] {dag.py:3823} INFO - Setting next_dagrun for example_weekday_branch_operator to 2025-04-04 00:00:00+00:00, run_after=2025-04-05 00:00:00+00:00
[2025-04-05T14:34:39.659+0000] {processor.py:183} INFO - Processing /home/airflow/.local/lib/python3.8/site-packages/airflow/example_dags/example_branch_day_of_week_operator.py took 0.089 seconds
[2025-04-05T16:40:55.239+0000] {processor.py:161} INFO - Started process (PID=241) to work on /home/airflow/.local/lib/python3.8/site-packages/airflow/example_dags/example_branch_day_of_week_operator.py
[2025-04-05T16:40:55.241+0000] {processor.py:830} INFO - Processing file /home/airflow/.local/lib/python3.8/site-packages/airflow/example_dags/example_branch_day_of_week_operator.py for tasks to queue
[2025-04-05T16:40:55.243+0000] {logging_mixin.py:188} INFO - [2025-04-05T16:40:55.242+0000] {dagbag.py:538} INFO - Filling up the DagBag from /home/airflow/.local/lib/python3.8/site-packages/airflow/example_dags/example_branch_day_of_week_operator.py
[2025-04-05T16:40:55.261+0000] {processor.py:840} INFO - DAG(s) 'example_weekday_branch_operator' retrieved from /home/airflow/.local/lib/python3.8/site-packages/airflow/example_dags/example_branch_day_of_week_operator.py
[2025-04-05T16:40:55.491+0000] {logging_mixin.py:188} INFO - [2025-04-05T16:40:55.491+0000] {override.py:1769} INFO - Created Permission View: can edit on DAG:example_weekday_branch_operator
[2025-04-05T16:40:55.530+0000] {logging_mixin.py:188} INFO - [2025-04-05T16:40:55.529+0000] {override.py:1769} INFO - Created Permission View: can delete on DAG:example_weekday_branch_operator
[2025-04-05T16:40:55.562+0000] {logging_mixin.py:188} INFO - [2025-04-05T16:40:55.562+0000] {override.py:1769} INFO - Created Permission View: can read on DAG:example_weekday_branch_operator
[2025-04-05T16:40:55.563+0000] {logging_mixin.py:188} INFO - [2025-04-05T16:40:55.563+0000] {dag.py:3036} INFO - Sync 1 DAGs
[2025-04-05T16:40:55.583+0000] {logging_mixin.py:188} INFO - [2025-04-05T16:40:55.583+0000] {dag.py:3058} INFO - Creating ORM DAG for example_weekday_branch_operator
[2025-04-05T16:40:55.705+0000] {logging_mixin.py:188} INFO - [2025-04-05T16:40:55.704+0000] {dag.py:3823} INFO - Setting next_dagrun for example_weekday_branch_operator to 2025-04-04 00:00:00+00:00, run_after=2025-04-05 00:00:00+00:00
[2025-04-05T16:40:55.749+0000] {processor.py:183} INFO - Processing /home/airflow/.local/lib/python3.8/site-packages/airflow/example_dags/example_branch_day_of_week_operator.py took 0.517 seconds
[2025-04-05T16:41:26.534+0000] {processor.py:161} INFO - Started process (PID=490) to work on /home/airflow/.local/lib/python3.8/site-packages/airflow/example_dags/example_branch_day_of_week_operator.py
[2025-04-05T16:41:26.536+0000] {processor.py:830} INFO - Processing file /home/airflow/.local/lib/python3.8/site-packages/airflow/example_dags/example_branch_day_of_week_operator.py for tasks to queue
[2025-04-05T16:41:26.537+0000] {logging_mixin.py:188} INFO - [2025-04-05T16:41:26.536+0000] {dagbag.py:538} INFO - Filling up the DagBag from /home/airflow/.local/lib/python3.8/site-packages/airflow/example_dags/example_branch_day_of_week_operator.py
[2025-04-05T16:41:26.544+0000] {processor.py:840} INFO - DAG(s) 'example_weekday_branch_operator' retrieved from /home/airflow/.local/lib/python3.8/site-packages/airflow/example_dags/example_branch_day_of_week_operator.py
[2025-04-05T16:41:26.564+0000] {logging_mixin.py:188} INFO - [2025-04-05T16:41:26.564+0000] {dag.py:3036} INFO - Sync 1 DAGs
[2025-04-05T16:41:26.600+0000] {logging_mixin.py:188} INFO - [2025-04-05T16:41:26.600+0000] {dag.py:3823} INFO - Setting next_dagrun for example_weekday_branch_operator to 2025-04-04 00:00:00+00:00, run_after=2025-04-05 00:00:00+00:00
[2025-04-05T16:41:26.622+0000] {processor.py:183} INFO - Processing /home/airflow/.local/lib/python3.8/site-packages/airflow/example_dags/example_branch_day_of_week_operator.py took 0.090 seconds
[2025-04-05T16:41:56.993+0000] {processor.py:161} INFO - Started process (PID=737) to work on /home/airflow/.local/lib/python3.8/site-packages/airflow/example_dags/example_branch_day_of_week_operator.py
[2025-04-05T16:41:56.995+0000] {processor.py:830} INFO - Processing file /home/airflow/.local/lib/python3.8/site-packages/airflow/example_dags/example_branch_day_of_week_operator.py for tasks to queue
[2025-04-05T16:41:56.997+0000] {logging_mixin.py:188} INFO - [2025-04-05T16:41:56.996+0000] {dagbag.py:538} INFO - Filling up the DagBag from /home/airflow/.local/lib/python3.8/site-packages/airflow/example_dags/example_branch_day_of_week_operator.py
[2025-04-05T16:41:57.011+0000] {processor.py:840} INFO - DAG(s) 'example_weekday_branch_operator' retrieved from /home/airflow/.local/lib/python3.8/site-packages/airflow/example_dags/example_branch_day_of_week_operator.py
[2025-04-05T16:41:57.048+0000] {logging_mixin.py:188} INFO - [2025-04-05T16:41:57.048+0000] {dag.py:3036} INFO - Sync 1 DAGs
[2025-04-05T16:41:57.077+0000] {logging_mixin.py:188} INFO - [2025-04-05T16:41:57.077+0000] {dag.py:3823} INFO - Setting next_dagrun for example_weekday_branch_operator to 2025-04-04 00:00:00+00:00, run_after=2025-04-05 00:00:00+00:00
[2025-04-05T16:41:57.127+0000] {processor.py:183} INFO - Processing /home/airflow/.local/lib/python3.8/site-packages/airflow/example_dags/example_branch_day_of_week_operator.py took 0.139 seconds
[2025-04-05T16:42:27.300+0000] {processor.py:161} INFO - Started process (PID=982) to work on /home/airflow/.local/lib/python3.8/site-packages/airflow/example_dags/example_branch_day_of_week_operator.py
[2025-04-05T16:42:27.302+0000] {processor.py:830} INFO - Processing file /home/airflow/.local/lib/python3.8/site-packages/airflow/example_dags/example_branch_day_of_week_operator.py for tasks to queue
[2025-04-05T16:42:27.303+0000] {logging_mixin.py:188} INFO - [2025-04-05T16:42:27.302+0000] {dagbag.py:538} INFO - Filling up the DagBag from /home/airflow/.local/lib/python3.8/site-packages/airflow/example_dags/example_branch_day_of_week_operator.py
[2025-04-05T16:42:27.311+0000] {processor.py:840} INFO - DAG(s) 'example_weekday_branch_operator' retrieved from /home/airflow/.local/lib/python3.8/site-packages/airflow/example_dags/example_branch_day_of_week_operator.py
[2025-04-05T16:42:27.334+0000] {logging_mixin.py:188} INFO - [2025-04-05T16:42:27.334+0000] {dag.py:3036} INFO - Sync 1 DAGs
[2025-04-05T16:42:27.358+0000] {logging_mixin.py:188} INFO - [2025-04-05T16:42:27.358+0000] {dag.py:3823} INFO - Setting next_dagrun for example_weekday_branch_operator to 2025-04-04 00:00:00+00:00, run_after=2025-04-05 00:00:00+00:00
[2025-04-05T16:42:27.375+0000] {processor.py:183} INFO - Processing /home/airflow/.local/lib/python3.8/site-packages/airflow/example_dags/example_branch_day_of_week_operator.py took 0.079 seconds
[2025-04-05T16:42:57.533+0000] {processor.py:161} INFO - Started process (PID=1229) to work on /home/airflow/.local/lib/python3.8/site-packages/airflow/example_dags/example_branch_day_of_week_operator.py
[2025-04-05T16:42:57.534+0000] {processor.py:830} INFO - Processing file /home/airflow/.local/lib/python3.8/site-packages/airflow/example_dags/example_branch_day_of_week_operator.py for tasks to queue
[2025-04-05T16:42:57.536+0000] {logging_mixin.py:188} INFO - [2025-04-05T16:42:57.535+0000] {dagbag.py:538} INFO - Filling up the DagBag from /home/airflow/.local/lib/python3.8/site-packages/airflow/example_dags/example_branch_day_of_week_operator.py
[2025-04-05T16:42:57.543+0000] {processor.py:840} INFO - DAG(s) 'example_weekday_branch_operator' retrieved from /home/airflow/.local/lib/python3.8/site-packages/airflow/example_dags/example_branch_day_of_week_operator.py
[2025-04-05T16:42:57.566+0000] {logging_mixin.py:188} INFO - [2025-04-05T16:42:57.566+0000] {dag.py:3036} INFO - Sync 1 DAGs
[2025-04-05T16:42:57.589+0000] {logging_mixin.py:188} INFO - [2025-04-05T16:42:57.589+0000] {dag.py:3823} INFO - Setting next_dagrun for example_weekday_branch_operator to 2025-04-04 00:00:00+00:00, run_after=2025-04-05 00:00:00+00:00
[2025-04-05T16:42:57.609+0000] {processor.py:183} INFO - Processing /home/airflow/.local/lib/python3.8/site-packages/airflow/example_dags/example_branch_day_of_week_operator.py took 0.078 seconds
[2025-04-05T16:43:27.706+0000] {processor.py:161} INFO - Started process (PID=1476) to work on /home/airflow/.local/lib/python3.8/site-packages/airflow/example_dags/example_branch_day_of_week_operator.py
[2025-04-05T16:43:27.707+0000] {processor.py:830} INFO - Processing file /home/airflow/.local/lib/python3.8/site-packages/airflow/example_dags/example_branch_day_of_week_operator.py for tasks to queue
[2025-04-05T16:43:27.709+0000] {logging_mixin.py:188} INFO - [2025-04-05T16:43:27.709+0000] {dagbag.py:538} INFO - Filling up the DagBag from /home/airflow/.local/lib/python3.8/site-packages/airflow/example_dags/example_branch_day_of_week_operator.py
[2025-04-05T16:43:27.719+0000] {processor.py:840} INFO - DAG(s) 'example_weekday_branch_operator' retrieved from /home/airflow/.local/lib/python3.8/site-packages/airflow/example_dags/example_branch_day_of_week_operator.py
[2025-04-05T16:43:27.758+0000] {logging_mixin.py:188} INFO - [2025-04-05T16:43:27.757+0000] {dag.py:3036} INFO - Sync 1 DAGs
[2025-04-05T16:43:27.813+0000] {logging_mixin.py:188} INFO - [2025-04-05T16:43:27.813+0000] {dag.py:3823} INFO - Setting next_dagrun for example_weekday_branch_operator to 2025-04-04 00:00:00+00:00, run_after=2025-04-05 00:00:00+00:00
[2025-04-05T16:43:27.856+0000] {processor.py:183} INFO - Processing /home/airflow/.local/lib/python3.8/site-packages/airflow/example_dags/example_branch_day_of_week_operator.py took 0.154 seconds
[2025-04-05T16:43:57.967+0000] {processor.py:161} INFO - Started process (PID=1725) to work on /home/airflow/.local/lib/python3.8/site-packages/airflow/example_dags/example_branch_day_of_week_operator.py
[2025-04-05T16:43:57.968+0000] {processor.py:830} INFO - Processing file /home/airflow/.local/lib/python3.8/site-packages/airflow/example_dags/example_branch_day_of_week_operator.py for tasks to queue
[2025-04-05T16:43:57.970+0000] {logging_mixin.py:188} INFO - [2025-04-05T16:43:57.969+0000] {dagbag.py:538} INFO - Filling up the DagBag from /home/airflow/.local/lib/python3.8/site-packages/airflow/example_dags/example_branch_day_of_week_operator.py
[2025-04-05T16:43:57.977+0000] {processor.py:840} INFO - DAG(s) 'example_weekday_branch_operator' retrieved from /home/airflow/.local/lib/python3.8/site-packages/airflow/example_dags/example_branch_day_of_week_operator.py
[2025-04-05T16:43:57.997+0000] {logging_mixin.py:188} INFO - [2025-04-05T16:43:57.997+0000] {dag.py:3036} INFO - Sync 1 DAGs
[2025-04-05T16:43:58.016+0000] {logging_mixin.py:188} INFO - [2025-04-05T16:43:58.016+0000] {dag.py:3823} INFO - Setting next_dagrun for example_weekday_branch_operator to 2025-04-04 00:00:00+00:00, run_after=2025-04-05 00:00:00+00:00
[2025-04-05T16:43:58.036+0000] {processor.py:183} INFO - Processing /home/airflow/.local/lib/python3.8/site-packages/airflow/example_dags/example_branch_day_of_week_operator.py took 0.072 seconds
[2025-04-05T16:44:28.106+0000] {processor.py:161} INFO - Started process (PID=1970) to work on /home/airflow/.local/lib/python3.8/site-packages/airflow/example_dags/example_branch_day_of_week_operator.py
[2025-04-05T16:44:28.108+0000] {processor.py:830} INFO - Processing file /home/airflow/.local/lib/python3.8/site-packages/airflow/example_dags/example_branch_day_of_week_operator.py for tasks to queue
[2025-04-05T16:44:28.109+0000] {logging_mixin.py:188} INFO - [2025-04-05T16:44:28.109+0000] {dagbag.py:538} INFO - Filling up the DagBag from /home/airflow/.local/lib/python3.8/site-packages/airflow/example_dags/example_branch_day_of_week_operator.py
[2025-04-05T16:44:28.116+0000] {processor.py:840} INFO - DAG(s) 'example_weekday_branch_operator' retrieved from /home/airflow/.local/lib/python3.8/site-packages/airflow/example_dags/example_branch_day_of_week_operator.py
[2025-04-05T16:44:28.139+0000] {logging_mixin.py:188} INFO - [2025-04-05T16:44:28.138+0000] {dag.py:3036} INFO - Sync 1 DAGs
[2025-04-05T16:44:28.161+0000] {logging_mixin.py:188} INFO - [2025-04-05T16:44:28.160+0000] {dag.py:3823} INFO - Setting next_dagrun for example_weekday_branch_operator to 2025-04-04 00:00:00+00:00, run_after=2025-04-05 00:00:00+00:00
[2025-04-05T16:44:28.184+0000] {processor.py:183} INFO - Processing /home/airflow/.local/lib/python3.8/site-packages/airflow/example_dags/example_branch_day_of_week_operator.py took 0.080 seconds
[2025-04-05T16:44:58.267+0000] {processor.py:161} INFO - Started process (PID=2217) to work on /home/airflow/.local/lib/python3.8/site-packages/airflow/example_dags/example_branch_day_of_week_operator.py
[2025-04-05T16:44:58.268+0000] {processor.py:830} INFO - Processing file /home/airflow/.local/lib/python3.8/site-packages/airflow/example_dags/example_branch_day_of_week_operator.py for tasks to queue
[2025-04-05T16:44:58.269+0000] {logging_mixin.py:188} INFO - [2025-04-05T16:44:58.269+0000] {dagbag.py:538} INFO - Filling up the DagBag from /home/airflow/.local/lib/python3.8/site-packages/airflow/example_dags/example_branch_day_of_week_operator.py
[2025-04-05T16:44:58.277+0000] {processor.py:840} INFO - DAG(s) 'example_weekday_branch_operator' retrieved from /home/airflow/.local/lib/python3.8/site-packages/airflow/example_dags/example_branch_day_of_week_operator.py
[2025-04-05T16:44:58.301+0000] {logging_mixin.py:188} INFO - [2025-04-05T16:44:58.301+0000] {dag.py:3036} INFO - Sync 1 DAGs
[2025-04-05T16:44:58.326+0000] {logging_mixin.py:188} INFO - [2025-04-05T16:44:58.326+0000] {dag.py:3823} INFO - Setting next_dagrun for example_weekday_branch_operator to 2025-04-04 00:00:00+00:00, run_after=2025-04-05 00:00:00+00:00
[2025-04-05T16:44:58.349+0000] {processor.py:183} INFO - Processing /home/airflow/.local/lib/python3.8/site-packages/airflow/example_dags/example_branch_day_of_week_operator.py took 0.085 seconds
[2025-04-05T16:45:28.697+0000] {processor.py:161} INFO - Started process (PID=2464) to work on /home/airflow/.local/lib/python3.8/site-packages/airflow/example_dags/example_branch_day_of_week_operator.py
[2025-04-05T16:45:28.699+0000] {processor.py:830} INFO - Processing file /home/airflow/.local/lib/python3.8/site-packages/airflow/example_dags/example_branch_day_of_week_operator.py for tasks to queue
[2025-04-05T16:45:28.701+0000] {logging_mixin.py:188} INFO - [2025-04-05T16:45:28.701+0000] {dagbag.py:538} INFO - Filling up the DagBag from /home/airflow/.local/lib/python3.8/site-packages/airflow/example_dags/example_branch_day_of_week_operator.py
[2025-04-05T16:45:28.709+0000] {processor.py:840} INFO - DAG(s) 'example_weekday_branch_operator' retrieved from /home/airflow/.local/lib/python3.8/site-packages/airflow/example_dags/example_branch_day_of_week_operator.py
[2025-04-05T16:45:28.743+0000] {logging_mixin.py:188} INFO - [2025-04-05T16:45:28.742+0000] {dag.py:3036} INFO - Sync 1 DAGs
[2025-04-05T16:45:28.767+0000] {logging_mixin.py:188} INFO - [2025-04-05T16:45:28.767+0000] {dag.py:3823} INFO - Setting next_dagrun for example_weekday_branch_operator to 2025-04-04 00:00:00+00:00, run_after=2025-04-05 00:00:00+00:00
[2025-04-05T16:45:28.789+0000] {processor.py:183} INFO - Processing /home/airflow/.local/lib/python3.8/site-packages/airflow/example_dags/example_branch_day_of_week_operator.py took 0.095 seconds
[2025-04-05T16:45:59.481+0000] {processor.py:161} INFO - Started process (PID=2711) to work on /home/airflow/.local/lib/python3.8/site-packages/airflow/example_dags/example_branch_day_of_week_operator.py
[2025-04-05T16:45:59.483+0000] {processor.py:830} INFO - Processing file /home/airflow/.local/lib/python3.8/site-packages/airflow/example_dags/example_branch_day_of_week_operator.py for tasks to queue
[2025-04-05T16:45:59.485+0000] {logging_mixin.py:188} INFO - [2025-04-05T16:45:59.484+0000] {dagbag.py:538} INFO - Filling up the DagBag from /home/airflow/.local/lib/python3.8/site-packages/airflow/example_dags/example_branch_day_of_week_operator.py
[2025-04-05T16:45:59.495+0000] {processor.py:840} INFO - DAG(s) 'example_weekday_branch_operator' retrieved from /home/airflow/.local/lib/python3.8/site-packages/airflow/example_dags/example_branch_day_of_week_operator.py
[2025-04-05T16:45:59.526+0000] {logging_mixin.py:188} INFO - [2025-04-05T16:45:59.526+0000] {dag.py:3036} INFO - Sync 1 DAGs
[2025-04-05T16:45:59.560+0000] {logging_mixin.py:188} INFO - [2025-04-05T16:45:59.559+0000] {dag.py:3823} INFO - Setting next_dagrun for example_weekday_branch_operator to 2025-04-04 00:00:00+00:00, run_after=2025-04-05 00:00:00+00:00
[2025-04-05T16:45:59.588+0000] {processor.py:183} INFO - Processing /home/airflow/.local/lib/python3.8/site-packages/airflow/example_dags/example_branch_day_of_week_operator.py took 0.112 seconds
[2025-04-05T16:46:29.713+0000] {processor.py:161} INFO - Started process (PID=2960) to work on /home/airflow/.local/lib/python3.8/site-packages/airflow/example_dags/example_branch_day_of_week_operator.py
[2025-04-05T16:46:29.714+0000] {processor.py:830} INFO - Processing file /home/airflow/.local/lib/python3.8/site-packages/airflow/example_dags/example_branch_day_of_week_operator.py for tasks to queue
[2025-04-05T16:46:29.715+0000] {logging_mixin.py:188} INFO - [2025-04-05T16:46:29.715+0000] {dagbag.py:538} INFO - Filling up the DagBag from /home/airflow/.local/lib/python3.8/site-packages/airflow/example_dags/example_branch_day_of_week_operator.py
[2025-04-05T16:46:29.724+0000] {processor.py:840} INFO - DAG(s) 'example_weekday_branch_operator' retrieved from /home/airflow/.local/lib/python3.8/site-packages/airflow/example_dags/example_branch_day_of_week_operator.py
[2025-04-05T16:46:29.748+0000] {logging_mixin.py:188} INFO - [2025-04-05T16:46:29.747+0000] {dag.py:3036} INFO - Sync 1 DAGs
[2025-04-05T16:46:29.776+0000] {logging_mixin.py:188} INFO - [2025-04-05T16:46:29.776+0000] {dag.py:3823} INFO - Setting next_dagrun for example_weekday_branch_operator to 2025-04-04 00:00:00+00:00, run_after=2025-04-05 00:00:00+00:00
[2025-04-05T16:46:29.801+0000] {processor.py:183} INFO - Processing /home/airflow/.local/lib/python3.8/site-packages/airflow/example_dags/example_branch_day_of_week_operator.py took 0.091 seconds
[2025-04-05T16:46:59.852+0000] {processor.py:161} INFO - Started process (PID=3205) to work on /home/airflow/.local/lib/python3.8/site-packages/airflow/example_dags/example_branch_day_of_week_operator.py
[2025-04-05T16:46:59.854+0000] {processor.py:830} INFO - Processing file /home/airflow/.local/lib/python3.8/site-packages/airflow/example_dags/example_branch_day_of_week_operator.py for tasks to queue
[2025-04-05T16:46:59.855+0000] {logging_mixin.py:188} INFO - [2025-04-05T16:46:59.855+0000] {dagbag.py:538} INFO - Filling up the DagBag from /home/airflow/.local/lib/python3.8/site-packages/airflow/example_dags/example_branch_day_of_week_operator.py
[2025-04-05T16:46:59.864+0000] {processor.py:840} INFO - DAG(s) 'example_weekday_branch_operator' retrieved from /home/airflow/.local/lib/python3.8/site-packages/airflow/example_dags/example_branch_day_of_week_operator.py
[2025-04-05T16:46:59.890+0000] {logging_mixin.py:188} INFO - [2025-04-05T16:46:59.889+0000] {dag.py:3036} INFO - Sync 1 DAGs
[2025-04-05T16:46:59.914+0000] {logging_mixin.py:188} INFO - [2025-04-05T16:46:59.913+0000] {dag.py:3823} INFO - Setting next_dagrun for example_weekday_branch_operator to 2025-04-04 00:00:00+00:00, run_after=2025-04-05 00:00:00+00:00
[2025-04-05T16:46:59.943+0000] {processor.py:183} INFO - Processing /home/airflow/.local/lib/python3.8/site-packages/airflow/example_dags/example_branch_day_of_week_operator.py took 0.096 seconds
[2025-04-05T16:47:30.034+0000] {processor.py:161} INFO - Started process (PID=3452) to work on /home/airflow/.local/lib/python3.8/site-packages/airflow/example_dags/example_branch_day_of_week_operator.py
[2025-04-05T16:47:30.036+0000] {processor.py:830} INFO - Processing file /home/airflow/.local/lib/python3.8/site-packages/airflow/example_dags/example_branch_day_of_week_operator.py for tasks to queue
[2025-04-05T16:47:30.037+0000] {logging_mixin.py:188} INFO - [2025-04-05T16:47:30.036+0000] {dagbag.py:538} INFO - Filling up the DagBag from /home/airflow/.local/lib/python3.8/site-packages/airflow/example_dags/example_branch_day_of_week_operator.py
[2025-04-05T16:47:30.045+0000] {processor.py:840} INFO - DAG(s) 'example_weekday_branch_operator' retrieved from /home/airflow/.local/lib/python3.8/site-packages/airflow/example_dags/example_branch_day_of_week_operator.py
[2025-04-05T16:47:30.071+0000] {logging_mixin.py:188} INFO - [2025-04-05T16:47:30.070+0000] {dag.py:3036} INFO - Sync 1 DAGs
[2025-04-05T16:47:30.097+0000] {logging_mixin.py:188} INFO - [2025-04-05T16:47:30.097+0000] {dag.py:3823} INFO - Setting next_dagrun for example_weekday_branch_operator to 2025-04-04 00:00:00+00:00, run_after=2025-04-05 00:00:00+00:00
[2025-04-05T16:47:30.122+0000] {processor.py:183} INFO - Processing /home/airflow/.local/lib/python3.8/site-packages/airflow/example_dags/example_branch_day_of_week_operator.py took 0.091 seconds
[2025-04-05T16:48:00.676+0000] {processor.py:161} INFO - Started process (PID=3700) to work on /home/airflow/.local/lib/python3.8/site-packages/airflow/example_dags/example_branch_day_of_week_operator.py
[2025-04-05T16:48:00.677+0000] {processor.py:830} INFO - Processing file /home/airflow/.local/lib/python3.8/site-packages/airflow/example_dags/example_branch_day_of_week_operator.py for tasks to queue
[2025-04-05T16:48:00.678+0000] {logging_mixin.py:188} INFO - [2025-04-05T16:48:00.678+0000] {dagbag.py:538} INFO - Filling up the DagBag from /home/airflow/.local/lib/python3.8/site-packages/airflow/example_dags/example_branch_day_of_week_operator.py
[2025-04-05T16:48:00.686+0000] {processor.py:840} INFO - DAG(s) 'example_weekday_branch_operator' retrieved from /home/airflow/.local/lib/python3.8/site-packages/airflow/example_dags/example_branch_day_of_week_operator.py
[2025-04-05T16:48:00.710+0000] {logging_mixin.py:188} INFO - [2025-04-05T16:48:00.710+0000] {dag.py:3036} INFO - Sync 1 DAGs
[2025-04-05T16:48:00.735+0000] {logging_mixin.py:188} INFO - [2025-04-05T16:48:00.734+0000] {dag.py:3823} INFO - Setting next_dagrun for example_weekday_branch_operator to 2025-04-04 00:00:00+00:00, run_after=2025-04-05 00:00:00+00:00
[2025-04-05T16:48:00.757+0000] {processor.py:183} INFO - Processing /home/airflow/.local/lib/python3.8/site-packages/airflow/example_dags/example_branch_day_of_week_operator.py took 0.085 seconds
[2025-04-05T16:48:31.514+0000] {processor.py:161} INFO - Started process (PID=3947) to work on /home/airflow/.local/lib/python3.8/site-packages/airflow/example_dags/example_branch_day_of_week_operator.py
[2025-04-05T16:48:31.515+0000] {processor.py:830} INFO - Processing file /home/airflow/.local/lib/python3.8/site-packages/airflow/example_dags/example_branch_day_of_week_operator.py for tasks to queue
[2025-04-05T16:48:31.516+0000] {logging_mixin.py:188} INFO - [2025-04-05T16:48:31.516+0000] {dagbag.py:538} INFO - Filling up the DagBag from /home/airflow/.local/lib/python3.8/site-packages/airflow/example_dags/example_branch_day_of_week_operator.py
[2025-04-05T16:48:31.524+0000] {processor.py:840} INFO - DAG(s) 'example_weekday_branch_operator' retrieved from /home/airflow/.local/lib/python3.8/site-packages/airflow/example_dags/example_branch_day_of_week_operator.py
[2025-04-05T16:48:31.545+0000] {logging_mixin.py:188} INFO - [2025-04-05T16:48:31.545+0000] {dag.py:3036} INFO - Sync 1 DAGs
[2025-04-05T16:48:31.569+0000] {logging_mixin.py:188} INFO - [2025-04-05T16:48:31.569+0000] {dag.py:3823} INFO - Setting next_dagrun for example_weekday_branch_operator to 2025-04-04 00:00:00+00:00, run_after=2025-04-05 00:00:00+00:00
[2025-04-05T16:48:31.634+0000] {processor.py:183} INFO - Processing /home/airflow/.local/lib/python3.8/site-packages/airflow/example_dags/example_branch_day_of_week_operator.py took 0.124 seconds
[2025-04-05T16:49:01.755+0000] {processor.py:161} INFO - Started process (PID=4197) to work on /home/airflow/.local/lib/python3.8/site-packages/airflow/example_dags/example_branch_day_of_week_operator.py
[2025-04-05T16:49:01.756+0000] {processor.py:830} INFO - Processing file /home/airflow/.local/lib/python3.8/site-packages/airflow/example_dags/example_branch_day_of_week_operator.py for tasks to queue
[2025-04-05T16:49:01.757+0000] {logging_mixin.py:188} INFO - [2025-04-05T16:49:01.757+0000] {dagbag.py:538} INFO - Filling up the DagBag from /home/airflow/.local/lib/python3.8/site-packages/airflow/example_dags/example_branch_day_of_week_operator.py
[2025-04-05T16:49:01.764+0000] {processor.py:840} INFO - DAG(s) 'example_weekday_branch_operator' retrieved from /home/airflow/.local/lib/python3.8/site-packages/airflow/example_dags/example_branch_day_of_week_operator.py
[2025-04-05T16:49:01.788+0000] {logging_mixin.py:188} INFO - [2025-04-05T16:49:01.788+0000] {dag.py:3036} INFO - Sync 1 DAGs
[2025-04-05T16:49:01.811+0000] {logging_mixin.py:188} INFO - [2025-04-05T16:49:01.810+0000] {dag.py:3823} INFO - Setting next_dagrun for example_weekday_branch_operator to 2025-04-04 00:00:00+00:00, run_after=2025-04-05 00:00:00+00:00
[2025-04-05T16:49:01.834+0000] {processor.py:183} INFO - Processing /home/airflow/.local/lib/python3.8/site-packages/airflow/example_dags/example_branch_day_of_week_operator.py took 0.083 seconds
[2025-04-05T16:49:31.986+0000] {processor.py:161} INFO - Started process (PID=4473) to work on /home/airflow/.local/lib/python3.8/site-packages/airflow/example_dags/example_branch_day_of_week_operator.py
[2025-04-05T16:49:31.988+0000] {processor.py:830} INFO - Processing file /home/airflow/.local/lib/python3.8/site-packages/airflow/example_dags/example_branch_day_of_week_operator.py for tasks to queue
[2025-04-05T16:49:31.989+0000] {logging_mixin.py:188} INFO - [2025-04-05T16:49:31.989+0000] {dagbag.py:538} INFO - Filling up the DagBag from /home/airflow/.local/lib/python3.8/site-packages/airflow/example_dags/example_branch_day_of_week_operator.py
[2025-04-05T16:49:32.000+0000] {processor.py:840} INFO - DAG(s) 'example_weekday_branch_operator' retrieved from /home/airflow/.local/lib/python3.8/site-packages/airflow/example_dags/example_branch_day_of_week_operator.py
[2025-04-05T16:49:32.031+0000] {logging_mixin.py:188} INFO - [2025-04-05T16:49:32.031+0000] {dag.py:3036} INFO - Sync 1 DAGs
[2025-04-05T16:49:32.061+0000] {logging_mixin.py:188} INFO - [2025-04-05T16:49:32.061+0000] {dag.py:3823} INFO - Setting next_dagrun for example_weekday_branch_operator to 2025-04-04 00:00:00+00:00, run_after=2025-04-05 00:00:00+00:00
[2025-04-05T16:49:32.081+0000] {processor.py:183} INFO - Processing /home/airflow/.local/lib/python3.8/site-packages/airflow/example_dags/example_branch_day_of_week_operator.py took 0.100 seconds
[2025-04-05T16:50:02.498+0000] {processor.py:161} INFO - Started process (PID=4713) to work on /home/airflow/.local/lib/python3.8/site-packages/airflow/example_dags/example_branch_day_of_week_operator.py
[2025-04-05T16:50:02.499+0000] {processor.py:830} INFO - Processing file /home/airflow/.local/lib/python3.8/site-packages/airflow/example_dags/example_branch_day_of_week_operator.py for tasks to queue
[2025-04-05T16:50:02.501+0000] {logging_mixin.py:188} INFO - [2025-04-05T16:50:02.500+0000] {dagbag.py:538} INFO - Filling up the DagBag from /home/airflow/.local/lib/python3.8/site-packages/airflow/example_dags/example_branch_day_of_week_operator.py
[2025-04-05T16:50:02.513+0000] {processor.py:840} INFO - DAG(s) 'example_weekday_branch_operator' retrieved from /home/airflow/.local/lib/python3.8/site-packages/airflow/example_dags/example_branch_day_of_week_operator.py
[2025-04-05T16:50:02.543+0000] {logging_mixin.py:188} INFO - [2025-04-05T16:50:02.543+0000] {dag.py:3036} INFO - Sync 1 DAGs
[2025-04-05T16:50:02.571+0000] {logging_mixin.py:188} INFO - [2025-04-05T16:50:02.571+0000] {dag.py:3823} INFO - Setting next_dagrun for example_weekday_branch_operator to 2025-04-04 00:00:00+00:00, run_after=2025-04-05 00:00:00+00:00
[2025-04-05T16:50:02.593+0000] {processor.py:183} INFO - Processing /home/airflow/.local/lib/python3.8/site-packages/airflow/example_dags/example_branch_day_of_week_operator.py took 0.098 seconds
[2025-04-05T16:50:32.641+0000] {processor.py:161} INFO - Started process (PID=4960) to work on /home/airflow/.local/lib/python3.8/site-packages/airflow/example_dags/example_branch_day_of_week_operator.py
[2025-04-05T16:50:32.642+0000] {processor.py:830} INFO - Processing file /home/airflow/.local/lib/python3.8/site-packages/airflow/example_dags/example_branch_day_of_week_operator.py for tasks to queue
[2025-04-05T16:50:32.644+0000] {logging_mixin.py:188} INFO - [2025-04-05T16:50:32.643+0000] {dagbag.py:538} INFO - Filling up the DagBag from /home/airflow/.local/lib/python3.8/site-packages/airflow/example_dags/example_branch_day_of_week_operator.py
[2025-04-05T16:50:32.652+0000] {processor.py:840} INFO - DAG(s) 'example_weekday_branch_operator' retrieved from /home/airflow/.local/lib/python3.8/site-packages/airflow/example_dags/example_branch_day_of_week_operator.py
[2025-04-05T16:50:32.676+0000] {logging_mixin.py:188} INFO - [2025-04-05T16:50:32.676+0000] {dag.py:3036} INFO - Sync 1 DAGs
[2025-04-05T16:50:32.701+0000] {logging_mixin.py:188} INFO - [2025-04-05T16:50:32.701+0000] {dag.py:3823} INFO - Setting next_dagrun for example_weekday_branch_operator to 2025-04-04 00:00:00+00:00, run_after=2025-04-05 00:00:00+00:00
[2025-04-05T16:50:32.721+0000] {processor.py:183} INFO - Processing /home/airflow/.local/lib/python3.8/site-packages/airflow/example_dags/example_branch_day_of_week_operator.py took 0.083 seconds
[2025-04-05T16:51:02.906+0000] {processor.py:161} INFO - Started process (PID=5212) to work on /home/airflow/.local/lib/python3.8/site-packages/airflow/example_dags/example_branch_day_of_week_operator.py
[2025-04-05T16:51:02.908+0000] {processor.py:830} INFO - Processing file /home/airflow/.local/lib/python3.8/site-packages/airflow/example_dags/example_branch_day_of_week_operator.py for tasks to queue
[2025-04-05T16:51:02.909+0000] {logging_mixin.py:188} INFO - [2025-04-05T16:51:02.908+0000] {dagbag.py:538} INFO - Filling up the DagBag from /home/airflow/.local/lib/python3.8/site-packages/airflow/example_dags/example_branch_day_of_week_operator.py
[2025-04-05T16:51:02.917+0000] {processor.py:840} INFO - DAG(s) 'example_weekday_branch_operator' retrieved from /home/airflow/.local/lib/python3.8/site-packages/airflow/example_dags/example_branch_day_of_week_operator.py
[2025-04-05T16:51:02.943+0000] {logging_mixin.py:188} INFO - [2025-04-05T16:51:02.943+0000] {dag.py:3036} INFO - Sync 1 DAGs
[2025-04-05T16:51:02.969+0000] {logging_mixin.py:188} INFO - [2025-04-05T16:51:02.969+0000] {dag.py:3823} INFO - Setting next_dagrun for example_weekday_branch_operator to 2025-04-04 00:00:00+00:00, run_after=2025-04-05 00:00:00+00:00
[2025-04-05T16:51:02.991+0000] {processor.py:183} INFO - Processing /home/airflow/.local/lib/python3.8/site-packages/airflow/example_dags/example_branch_day_of_week_operator.py took 0.089 seconds
[2025-04-05T16:51:33.419+0000] {processor.py:161} INFO - Started process (PID=5464) to work on /home/airflow/.local/lib/python3.8/site-packages/airflow/example_dags/example_branch_day_of_week_operator.py
[2025-04-05T16:51:33.421+0000] {processor.py:830} INFO - Processing file /home/airflow/.local/lib/python3.8/site-packages/airflow/example_dags/example_branch_day_of_week_operator.py for tasks to queue
[2025-04-05T16:51:33.422+0000] {logging_mixin.py:188} INFO - [2025-04-05T16:51:33.422+0000] {dagbag.py:538} INFO - Filling up the DagBag from /home/airflow/.local/lib/python3.8/site-packages/airflow/example_dags/example_branch_day_of_week_operator.py
[2025-04-05T16:51:33.430+0000] {processor.py:840} INFO - DAG(s) 'example_weekday_branch_operator' retrieved from /home/airflow/.local/lib/python3.8/site-packages/airflow/example_dags/example_branch_day_of_week_operator.py
[2025-04-05T16:51:33.454+0000] {logging_mixin.py:188} INFO - [2025-04-05T16:51:33.453+0000] {dag.py:3036} INFO - Sync 1 DAGs
[2025-04-05T16:51:33.477+0000] {logging_mixin.py:188} INFO - [2025-04-05T16:51:33.477+0000] {dag.py:3823} INFO - Setting next_dagrun for example_weekday_branch_operator to 2025-04-04 00:00:00+00:00, run_after=2025-04-05 00:00:00+00:00
[2025-04-05T16:51:33.499+0000] {processor.py:183} INFO - Processing /home/airflow/.local/lib/python3.8/site-packages/airflow/example_dags/example_branch_day_of_week_operator.py took 0.083 seconds
[2025-04-05T16:52:03.651+0000] {processor.py:161} INFO - Started process (PID=5716) to work on /home/airflow/.local/lib/python3.8/site-packages/airflow/example_dags/example_branch_day_of_week_operator.py
[2025-04-05T16:52:03.652+0000] {processor.py:830} INFO - Processing file /home/airflow/.local/lib/python3.8/site-packages/airflow/example_dags/example_branch_day_of_week_operator.py for tasks to queue
[2025-04-05T16:52:03.653+0000] {logging_mixin.py:188} INFO - [2025-04-05T16:52:03.653+0000] {dagbag.py:538} INFO - Filling up the DagBag from /home/airflow/.local/lib/python3.8/site-packages/airflow/example_dags/example_branch_day_of_week_operator.py
[2025-04-05T16:52:03.661+0000] {processor.py:840} INFO - DAG(s) 'example_weekday_branch_operator' retrieved from /home/airflow/.local/lib/python3.8/site-packages/airflow/example_dags/example_branch_day_of_week_operator.py
[2025-04-05T16:52:03.687+0000] {logging_mixin.py:188} INFO - [2025-04-05T16:52:03.687+0000] {dag.py:3036} INFO - Sync 1 DAGs
[2025-04-05T16:52:03.715+0000] {logging_mixin.py:188} INFO - [2025-04-05T16:52:03.715+0000] {dag.py:3823} INFO - Setting next_dagrun for example_weekday_branch_operator to 2025-04-04 00:00:00+00:00, run_after=2025-04-05 00:00:00+00:00
[2025-04-05T16:52:03.736+0000] {processor.py:183} INFO - Processing /home/airflow/.local/lib/python3.8/site-packages/airflow/example_dags/example_branch_day_of_week_operator.py took 0.089 seconds
[2025-04-05T16:52:34.162+0000] {processor.py:161} INFO - Started process (PID=5968) to work on /home/airflow/.local/lib/python3.8/site-packages/airflow/example_dags/example_branch_day_of_week_operator.py
[2025-04-05T16:52:34.163+0000] {processor.py:830} INFO - Processing file /home/airflow/.local/lib/python3.8/site-packages/airflow/example_dags/example_branch_day_of_week_operator.py for tasks to queue
[2025-04-05T16:52:34.164+0000] {logging_mixin.py:188} INFO - [2025-04-05T16:52:34.164+0000] {dagbag.py:538} INFO - Filling up the DagBag from /home/airflow/.local/lib/python3.8/site-packages/airflow/example_dags/example_branch_day_of_week_operator.py
[2025-04-05T16:52:34.173+0000] {processor.py:840} INFO - DAG(s) 'example_weekday_branch_operator' retrieved from /home/airflow/.local/lib/python3.8/site-packages/airflow/example_dags/example_branch_day_of_week_operator.py
[2025-04-05T16:52:34.200+0000] {logging_mixin.py:188} INFO - [2025-04-05T16:52:34.200+0000] {dag.py:3036} INFO - Sync 1 DAGs
[2025-04-05T16:52:34.224+0000] {logging_mixin.py:188} INFO - [2025-04-05T16:52:34.224+0000] {dag.py:3823} INFO - Setting next_dagrun for example_weekday_branch_operator to 2025-04-04 00:00:00+00:00, run_after=2025-04-05 00:00:00+00:00
[2025-04-05T16:52:34.246+0000] {processor.py:183} INFO - Processing /home/airflow/.local/lib/python3.8/site-packages/airflow/example_dags/example_branch_day_of_week_operator.py took 0.087 seconds
[2025-04-05T16:53:04.406+0000] {processor.py:161} INFO - Started process (PID=6221) to work on /home/airflow/.local/lib/python3.8/site-packages/airflow/example_dags/example_branch_day_of_week_operator.py
[2025-04-05T16:53:04.407+0000] {processor.py:830} INFO - Processing file /home/airflow/.local/lib/python3.8/site-packages/airflow/example_dags/example_branch_day_of_week_operator.py for tasks to queue
[2025-04-05T16:53:04.408+0000] {logging_mixin.py:188} INFO - [2025-04-05T16:53:04.408+0000] {dagbag.py:538} INFO - Filling up the DagBag from /home/airflow/.local/lib/python3.8/site-packages/airflow/example_dags/example_branch_day_of_week_operator.py
[2025-04-05T16:53:04.416+0000] {processor.py:840} INFO - DAG(s) 'example_weekday_branch_operator' retrieved from /home/airflow/.local/lib/python3.8/site-packages/airflow/example_dags/example_branch_day_of_week_operator.py
[2025-04-05T16:53:04.438+0000] {logging_mixin.py:188} INFO - [2025-04-05T16:53:04.438+0000] {dag.py:3036} INFO - Sync 1 DAGs
[2025-04-05T16:53:04.462+0000] {logging_mixin.py:188} INFO - [2025-04-05T16:53:04.461+0000] {dag.py:3823} INFO - Setting next_dagrun for example_weekday_branch_operator to 2025-04-04 00:00:00+00:00, run_after=2025-04-05 00:00:00+00:00
[2025-04-05T16:53:04.484+0000] {processor.py:183} INFO - Processing /home/airflow/.local/lib/python3.8/site-packages/airflow/example_dags/example_branch_day_of_week_operator.py took 0.081 seconds
[2025-04-05T16:53:34.639+0000] {processor.py:161} INFO - Started process (PID=6473) to work on /home/airflow/.local/lib/python3.8/site-packages/airflow/example_dags/example_branch_day_of_week_operator.py
[2025-04-05T16:53:34.640+0000] {processor.py:830} INFO - Processing file /home/airflow/.local/lib/python3.8/site-packages/airflow/example_dags/example_branch_day_of_week_operator.py for tasks to queue
[2025-04-05T16:53:34.642+0000] {logging_mixin.py:188} INFO - [2025-04-05T16:53:34.641+0000] {dagbag.py:538} INFO - Filling up the DagBag from /home/airflow/.local/lib/python3.8/site-packages/airflow/example_dags/example_branch_day_of_week_operator.py
[2025-04-05T16:53:34.649+0000] {processor.py:840} INFO - DAG(s) 'example_weekday_branch_operator' retrieved from /home/airflow/.local/lib/python3.8/site-packages/airflow/example_dags/example_branch_day_of_week_operator.py
[2025-04-05T16:53:34.672+0000] {logging_mixin.py:188} INFO - [2025-04-05T16:53:34.672+0000] {dag.py:3036} INFO - Sync 1 DAGs
[2025-04-05T16:53:34.698+0000] {logging_mixin.py:188} INFO - [2025-04-05T16:53:34.698+0000] {dag.py:3823} INFO - Setting next_dagrun for example_weekday_branch_operator to 2025-04-04 00:00:00+00:00, run_after=2025-04-05 00:00:00+00:00
[2025-04-05T16:53:34.723+0000] {processor.py:183} INFO - Processing /home/airflow/.local/lib/python3.8/site-packages/airflow/example_dags/example_branch_day_of_week_operator.py took 0.087 seconds
[2025-04-05T16:54:05.437+0000] {processor.py:161} INFO - Started process (PID=6719) to work on /home/airflow/.local/lib/python3.8/site-packages/airflow/example_dags/example_branch_day_of_week_operator.py
[2025-04-05T16:54:05.439+0000] {processor.py:830} INFO - Processing file /home/airflow/.local/lib/python3.8/site-packages/airflow/example_dags/example_branch_day_of_week_operator.py for tasks to queue
[2025-04-05T16:54:05.440+0000] {logging_mixin.py:188} INFO - [2025-04-05T16:54:05.440+0000] {dagbag.py:538} INFO - Filling up the DagBag from /home/airflow/.local/lib/python3.8/site-packages/airflow/example_dags/example_branch_day_of_week_operator.py
[2025-04-05T16:54:05.447+0000] {processor.py:840} INFO - DAG(s) 'example_weekday_branch_operator' retrieved from /home/airflow/.local/lib/python3.8/site-packages/airflow/example_dags/example_branch_day_of_week_operator.py
[2025-04-05T16:54:05.471+0000] {logging_mixin.py:188} INFO - [2025-04-05T16:54:05.470+0000] {dag.py:3036} INFO - Sync 1 DAGs
[2025-04-05T16:54:05.495+0000] {logging_mixin.py:188} INFO - [2025-04-05T16:54:05.495+0000] {dag.py:3823} INFO - Setting next_dagrun for example_weekday_branch_operator to 2025-04-04 00:00:00+00:00, run_after=2025-04-05 00:00:00+00:00
[2025-04-05T16:54:05.517+0000] {processor.py:183} INFO - Processing /home/airflow/.local/lib/python3.8/site-packages/airflow/example_dags/example_branch_day_of_week_operator.py took 0.084 seconds
[2025-04-05T16:54:35.745+0000] {processor.py:161} INFO - Started process (PID=6971) to work on /home/airflow/.local/lib/python3.8/site-packages/airflow/example_dags/example_branch_day_of_week_operator.py
[2025-04-05T16:54:35.746+0000] {processor.py:830} INFO - Processing file /home/airflow/.local/lib/python3.8/site-packages/airflow/example_dags/example_branch_day_of_week_operator.py for tasks to queue
[2025-04-05T16:54:35.747+0000] {logging_mixin.py:188} INFO - [2025-04-05T16:54:35.747+0000] {dagbag.py:538} INFO - Filling up the DagBag from /home/airflow/.local/lib/python3.8/site-packages/airflow/example_dags/example_branch_day_of_week_operator.py
[2025-04-05T16:54:35.756+0000] {processor.py:840} INFO - DAG(s) 'example_weekday_branch_operator' retrieved from /home/airflow/.local/lib/python3.8/site-packages/airflow/example_dags/example_branch_day_of_week_operator.py
[2025-04-05T16:54:35.782+0000] {logging_mixin.py:188} INFO - [2025-04-05T16:54:35.781+0000] {dag.py:3036} INFO - Sync 1 DAGs
[2025-04-05T16:54:35.809+0000] {logging_mixin.py:188} INFO - [2025-04-05T16:54:35.809+0000] {dag.py:3823} INFO - Setting next_dagrun for example_weekday_branch_operator to 2025-04-04 00:00:00+00:00, run_after=2025-04-05 00:00:00+00:00
[2025-04-05T16:54:35.832+0000] {processor.py:183} INFO - Processing /home/airflow/.local/lib/python3.8/site-packages/airflow/example_dags/example_branch_day_of_week_operator.py took 0.090 seconds
[2025-04-05T16:55:05.965+0000] {processor.py:161} INFO - Started process (PID=7223) to work on /home/airflow/.local/lib/python3.8/site-packages/airflow/example_dags/example_branch_day_of_week_operator.py
[2025-04-05T16:55:05.967+0000] {processor.py:830} INFO - Processing file /home/airflow/.local/lib/python3.8/site-packages/airflow/example_dags/example_branch_day_of_week_operator.py for tasks to queue
[2025-04-05T16:55:05.968+0000] {logging_mixin.py:188} INFO - [2025-04-05T16:55:05.968+0000] {dagbag.py:538} INFO - Filling up the DagBag from /home/airflow/.local/lib/python3.8/site-packages/airflow/example_dags/example_branch_day_of_week_operator.py
[2025-04-05T16:55:05.978+0000] {processor.py:840} INFO - DAG(s) 'example_weekday_branch_operator' retrieved from /home/airflow/.local/lib/python3.8/site-packages/airflow/example_dags/example_branch_day_of_week_operator.py
[2025-04-05T16:55:06.002+0000] {logging_mixin.py:188} INFO - [2025-04-05T16:55:06.002+0000] {dag.py:3036} INFO - Sync 1 DAGs
[2025-04-05T16:55:06.026+0000] {logging_mixin.py:188} INFO - [2025-04-05T16:55:06.026+0000] {dag.py:3823} INFO - Setting next_dagrun for example_weekday_branch_operator to 2025-04-04 00:00:00+00:00, run_after=2025-04-05 00:00:00+00:00
[2025-04-05T16:55:06.048+0000] {processor.py:183} INFO - Processing /home/airflow/.local/lib/python3.8/site-packages/airflow/example_dags/example_branch_day_of_week_operator.py took 0.088 seconds
[2025-04-05T16:55:36.352+0000] {processor.py:161} INFO - Started process (PID=7480) to work on /home/airflow/.local/lib/python3.8/site-packages/airflow/example_dags/example_branch_day_of_week_operator.py
[2025-04-05T16:55:36.354+0000] {processor.py:830} INFO - Processing file /home/airflow/.local/lib/python3.8/site-packages/airflow/example_dags/example_branch_day_of_week_operator.py for tasks to queue
[2025-04-05T16:55:36.355+0000] {logging_mixin.py:188} INFO - [2025-04-05T16:55:36.355+0000] {dagbag.py:538} INFO - Filling up the DagBag from /home/airflow/.local/lib/python3.8/site-packages/airflow/example_dags/example_branch_day_of_week_operator.py
[2025-04-05T16:55:36.366+0000] {processor.py:840} INFO - DAG(s) 'example_weekday_branch_operator' retrieved from /home/airflow/.local/lib/python3.8/site-packages/airflow/example_dags/example_branch_day_of_week_operator.py
[2025-04-05T16:55:36.391+0000] {logging_mixin.py:188} INFO - [2025-04-05T16:55:36.390+0000] {dag.py:3036} INFO - Sync 1 DAGs
[2025-04-05T16:55:36.420+0000] {logging_mixin.py:188} INFO - [2025-04-05T16:55:36.419+0000] {dag.py:3823} INFO - Setting next_dagrun for example_weekday_branch_operator to 2025-04-04 00:00:00+00:00, run_after=2025-04-05 00:00:00+00:00
[2025-04-05T16:55:36.442+0000] {processor.py:183} INFO - Processing /home/airflow/.local/lib/python3.8/site-packages/airflow/example_dags/example_branch_day_of_week_operator.py took 0.094 seconds
[2025-04-05T16:56:06.665+0000] {processor.py:161} INFO - Started process (PID=7732) to work on /home/airflow/.local/lib/python3.8/site-packages/airflow/example_dags/example_branch_day_of_week_operator.py
[2025-04-05T16:56:06.666+0000] {processor.py:830} INFO - Processing file /home/airflow/.local/lib/python3.8/site-packages/airflow/example_dags/example_branch_day_of_week_operator.py for tasks to queue
[2025-04-05T16:56:06.667+0000] {logging_mixin.py:188} INFO - [2025-04-05T16:56:06.666+0000] {dagbag.py:538} INFO - Filling up the DagBag from /home/airflow/.local/lib/python3.8/site-packages/airflow/example_dags/example_branch_day_of_week_operator.py
[2025-04-05T16:56:06.675+0000] {processor.py:840} INFO - DAG(s) 'example_weekday_branch_operator' retrieved from /home/airflow/.local/lib/python3.8/site-packages/airflow/example_dags/example_branch_day_of_week_operator.py
[2025-04-05T16:56:06.697+0000] {logging_mixin.py:188} INFO - [2025-04-05T16:56:06.697+0000] {dag.py:3036} INFO - Sync 1 DAGs
[2025-04-05T16:56:06.722+0000] {logging_mixin.py:188} INFO - [2025-04-05T16:56:06.721+0000] {dag.py:3823} INFO - Setting next_dagrun for example_weekday_branch_operator to 2025-04-04 00:00:00+00:00, run_after=2025-04-05 00:00:00+00:00
[2025-04-05T16:56:06.747+0000] {processor.py:183} INFO - Processing /home/airflow/.local/lib/python3.8/site-packages/airflow/example_dags/example_branch_day_of_week_operator.py took 0.086 seconds
[2025-04-05T16:56:36.917+0000] {processor.py:161} INFO - Started process (PID=7984) to work on /home/airflow/.local/lib/python3.8/site-packages/airflow/example_dags/example_branch_day_of_week_operator.py
[2025-04-05T16:56:36.918+0000] {processor.py:830} INFO - Processing file /home/airflow/.local/lib/python3.8/site-packages/airflow/example_dags/example_branch_day_of_week_operator.py for tasks to queue
[2025-04-05T16:56:36.919+0000] {logging_mixin.py:188} INFO - [2025-04-05T16:56:36.919+0000] {dagbag.py:538} INFO - Filling up the DagBag from /home/airflow/.local/lib/python3.8/site-packages/airflow/example_dags/example_branch_day_of_week_operator.py
[2025-04-05T16:56:36.930+0000] {processor.py:840} INFO - DAG(s) 'example_weekday_branch_operator' retrieved from /home/airflow/.local/lib/python3.8/site-packages/airflow/example_dags/example_branch_day_of_week_operator.py
[2025-04-05T16:56:36.960+0000] {logging_mixin.py:188} INFO - [2025-04-05T16:56:36.960+0000] {dag.py:3036} INFO - Sync 1 DAGs
[2025-04-05T16:56:36.988+0000] {logging_mixin.py:188} INFO - [2025-04-05T16:56:36.988+0000] {dag.py:3823} INFO - Setting next_dagrun for example_weekday_branch_operator to 2025-04-04 00:00:00+00:00, run_after=2025-04-05 00:00:00+00:00
[2025-04-05T16:56:37.010+0000] {processor.py:183} INFO - Processing /home/airflow/.local/lib/python3.8/site-packages/airflow/example_dags/example_branch_day_of_week_operator.py took 0.097 seconds
