[2025-04-05T14:18:16.519+0000] {processor.py:161} INFO - Started process (PID=358) to work on /home/airflow/.local/lib/python3.8/site-packages/airflow/example_dags/example_task_group_decorator.py
[2025-04-05T14:18:16.521+0000] {processor.py:830} INFO - Processing file /home/airflow/.local/lib/python3.8/site-packages/airflow/example_dags/example_task_group_decorator.py for tasks to queue
[2025-04-05T14:18:16.522+0000] {logging_mixin.py:188} INFO - [2025-04-05T14:18:16.522+0000] {dagbag.py:538} INFO - Filling up the DagBag from /home/airflow/.local/lib/python3.8/site-packages/airflow/example_dags/example_task_group_decorator.py
[2025-04-05T14:18:16.544+0000] {processor.py:840} INFO - DAG(s) 'example_task_group_decorator' retrieved from /home/airflow/.local/lib/python3.8/site-packages/airflow/example_dags/example_task_group_decorator.py
[2025-04-05T14:18:16.560+0000] {logging_mixin.py:188} INFO - [2025-04-05T14:18:16.559+0000] {dag.py:3036} INFO - Sync 1 DAGs
[2025-04-05T14:18:16.588+0000] {logging_mixin.py:188} INFO - [2025-04-05T14:18:16.588+0000] {dag.py:3823} INFO - Setting next_dagrun for example_task_group_decorator to 2025-04-04 00:00:00+00:00, run_after=2025-04-05 00:00:00+00:00
[2025-04-05T14:18:16.624+0000] {processor.py:183} INFO - Processing /home/airflow/.local/lib/python3.8/site-packages/airflow/example_dags/example_task_group_decorator.py took 0.108 seconds
[2025-04-05T14:18:48.876+0000] {processor.py:161} INFO - Started process (PID=611) to work on /home/airflow/.local/lib/python3.8/site-packages/airflow/example_dags/example_task_group_decorator.py
[2025-04-05T14:18:48.878+0000] {processor.py:830} INFO - Processing file /home/airflow/.local/lib/python3.8/site-packages/airflow/example_dags/example_task_group_decorator.py for tasks to queue
[2025-04-05T14:18:48.880+0000] {logging_mixin.py:188} INFO - [2025-04-05T14:18:48.880+0000] {dagbag.py:538} INFO - Filling up the DagBag from /home/airflow/.local/lib/python3.8/site-packages/airflow/example_dags/example_task_group_decorator.py
[2025-04-05T14:18:48.908+0000] {processor.py:840} INFO - DAG(s) 'example_task_group_decorator' retrieved from /home/airflow/.local/lib/python3.8/site-packages/airflow/example_dags/example_task_group_decorator.py
[2025-04-05T14:18:49.227+0000] {logging_mixin.py:188} INFO - [2025-04-05T14:18:49.227+0000] {dag.py:3036} INFO - Sync 1 DAGs
[2025-04-05T14:18:49.274+0000] {logging_mixin.py:188} INFO - [2025-04-05T14:18:49.274+0000] {dag.py:3823} INFO - Setting next_dagrun for example_task_group_decorator to 2025-04-04 00:00:00+00:00, run_after=2025-04-05 00:00:00+00:00
[2025-04-05T14:18:49.308+0000] {processor.py:183} INFO - Processing /home/airflow/.local/lib/python3.8/site-packages/airflow/example_dags/example_task_group_decorator.py took 0.440 seconds
[2025-04-05T14:19:19.514+0000] {processor.py:161} INFO - Started process (PID=858) to work on /home/airflow/.local/lib/python3.8/site-packages/airflow/example_dags/example_task_group_decorator.py
[2025-04-05T14:19:19.516+0000] {processor.py:830} INFO - Processing file /home/airflow/.local/lib/python3.8/site-packages/airflow/example_dags/example_task_group_decorator.py for tasks to queue
[2025-04-05T14:19:19.517+0000] {logging_mixin.py:188} INFO - [2025-04-05T14:19:19.516+0000] {dagbag.py:538} INFO - Filling up the DagBag from /home/airflow/.local/lib/python3.8/site-packages/airflow/example_dags/example_task_group_decorator.py
[2025-04-05T14:19:19.531+0000] {processor.py:840} INFO - DAG(s) 'example_task_group_decorator' retrieved from /home/airflow/.local/lib/python3.8/site-packages/airflow/example_dags/example_task_group_decorator.py
[2025-04-05T14:19:19.557+0000] {logging_mixin.py:188} INFO - [2025-04-05T14:19:19.557+0000] {dag.py:3036} INFO - Sync 1 DAGs
[2025-04-05T14:19:19.580+0000] {logging_mixin.py:188} INFO - [2025-04-05T14:19:19.580+0000] {dag.py:3823} INFO - Setting next_dagrun for example_task_group_decorator to 2025-04-04 00:00:00+00:00, run_after=2025-04-05 00:00:00+00:00
[2025-04-05T14:19:19.603+0000] {processor.py:183} INFO - Processing /home/airflow/.local/lib/python3.8/site-packages/airflow/example_dags/example_task_group_decorator.py took 0.092 seconds
[2025-04-05T14:19:49.820+0000] {processor.py:161} INFO - Started process (PID=1105) to work on /home/airflow/.local/lib/python3.8/site-packages/airflow/example_dags/example_task_group_decorator.py
[2025-04-05T14:19:49.822+0000] {processor.py:830} INFO - Processing file /home/airflow/.local/lib/python3.8/site-packages/airflow/example_dags/example_task_group_decorator.py for tasks to queue
[2025-04-05T14:19:49.824+0000] {logging_mixin.py:188} INFO - [2025-04-05T14:19:49.824+0000] {dagbag.py:538} INFO - Filling up the DagBag from /home/airflow/.local/lib/python3.8/site-packages/airflow/example_dags/example_task_group_decorator.py
[2025-04-05T14:19:49.844+0000] {processor.py:840} INFO - DAG(s) 'example_task_group_decorator' retrieved from /home/airflow/.local/lib/python3.8/site-packages/airflow/example_dags/example_task_group_decorator.py
[2025-04-05T14:19:49.878+0000] {logging_mixin.py:188} INFO - [2025-04-05T14:19:49.878+0000] {dag.py:3036} INFO - Sync 1 DAGs
[2025-04-05T14:19:49.903+0000] {logging_mixin.py:188} INFO - [2025-04-05T14:19:49.903+0000] {dag.py:3823} INFO - Setting next_dagrun for example_task_group_decorator to 2025-04-04 00:00:00+00:00, run_after=2025-04-05 00:00:00+00:00
[2025-04-05T14:19:49.926+0000] {processor.py:183} INFO - Processing /home/airflow/.local/lib/python3.8/site-packages/airflow/example_dags/example_task_group_decorator.py took 0.110 seconds
[2025-04-05T14:20:20.290+0000] {processor.py:161} INFO - Started process (PID=1352) to work on /home/airflow/.local/lib/python3.8/site-packages/airflow/example_dags/example_task_group_decorator.py
[2025-04-05T14:20:20.292+0000] {processor.py:830} INFO - Processing file /home/airflow/.local/lib/python3.8/site-packages/airflow/example_dags/example_task_group_decorator.py for tasks to queue
[2025-04-05T14:20:20.293+0000] {logging_mixin.py:188} INFO - [2025-04-05T14:20:20.293+0000] {dagbag.py:538} INFO - Filling up the DagBag from /home/airflow/.local/lib/python3.8/site-packages/airflow/example_dags/example_task_group_decorator.py
[2025-04-05T14:20:20.306+0000] {processor.py:840} INFO - DAG(s) 'example_task_group_decorator' retrieved from /home/airflow/.local/lib/python3.8/site-packages/airflow/example_dags/example_task_group_decorator.py
[2025-04-05T14:20:20.331+0000] {logging_mixin.py:188} INFO - [2025-04-05T14:20:20.331+0000] {dag.py:3036} INFO - Sync 1 DAGs
[2025-04-05T14:20:20.353+0000] {logging_mixin.py:188} INFO - [2025-04-05T14:20:20.353+0000] {dag.py:3823} INFO - Setting next_dagrun for example_task_group_decorator to 2025-04-04 00:00:00+00:00, run_after=2025-04-05 00:00:00+00:00
[2025-04-05T14:20:20.374+0000] {processor.py:183} INFO - Processing /home/airflow/.local/lib/python3.8/site-packages/airflow/example_dags/example_task_group_decorator.py took 0.087 seconds
[2025-04-05T14:20:50.464+0000] {processor.py:161} INFO - Started process (PID=1599) to work on /home/airflow/.local/lib/python3.8/site-packages/airflow/example_dags/example_task_group_decorator.py
[2025-04-05T14:20:50.466+0000] {processor.py:830} INFO - Processing file /home/airflow/.local/lib/python3.8/site-packages/airflow/example_dags/example_task_group_decorator.py for tasks to queue
[2025-04-05T14:20:50.467+0000] {logging_mixin.py:188} INFO - [2025-04-05T14:20:50.466+0000] {dagbag.py:538} INFO - Filling up the DagBag from /home/airflow/.local/lib/python3.8/site-packages/airflow/example_dags/example_task_group_decorator.py
[2025-04-05T14:20:50.483+0000] {processor.py:840} INFO - DAG(s) 'example_task_group_decorator' retrieved from /home/airflow/.local/lib/python3.8/site-packages/airflow/example_dags/example_task_group_decorator.py
[2025-04-05T14:20:50.512+0000] {logging_mixin.py:188} INFO - [2025-04-05T14:20:50.512+0000] {dag.py:3036} INFO - Sync 1 DAGs
[2025-04-05T14:20:50.540+0000] {logging_mixin.py:188} INFO - [2025-04-05T14:20:50.540+0000] {dag.py:3823} INFO - Setting next_dagrun for example_task_group_decorator to 2025-04-04 00:00:00+00:00, run_after=2025-04-05 00:00:00+00:00
[2025-04-05T14:20:50.565+0000] {processor.py:183} INFO - Processing /home/airflow/.local/lib/python3.8/site-packages/airflow/example_dags/example_task_group_decorator.py took 0.104 seconds
[2025-04-05T14:21:20.763+0000] {processor.py:161} INFO - Started process (PID=1848) to work on /home/airflow/.local/lib/python3.8/site-packages/airflow/example_dags/example_task_group_decorator.py
[2025-04-05T14:21:20.764+0000] {processor.py:830} INFO - Processing file /home/airflow/.local/lib/python3.8/site-packages/airflow/example_dags/example_task_group_decorator.py for tasks to queue
[2025-04-05T14:21:20.765+0000] {logging_mixin.py:188} INFO - [2025-04-05T14:21:20.764+0000] {dagbag.py:538} INFO - Filling up the DagBag from /home/airflow/.local/lib/python3.8/site-packages/airflow/example_dags/example_task_group_decorator.py
[2025-04-05T14:21:20.779+0000] {processor.py:840} INFO - DAG(s) 'example_task_group_decorator' retrieved from /home/airflow/.local/lib/python3.8/site-packages/airflow/example_dags/example_task_group_decorator.py
[2025-04-05T14:21:20.805+0000] {logging_mixin.py:188} INFO - [2025-04-05T14:21:20.805+0000] {dag.py:3036} INFO - Sync 1 DAGs
[2025-04-05T14:21:20.826+0000] {logging_mixin.py:188} INFO - [2025-04-05T14:21:20.826+0000] {dag.py:3823} INFO - Setting next_dagrun for example_task_group_decorator to 2025-04-04 00:00:00+00:00, run_after=2025-04-05 00:00:00+00:00
[2025-04-05T14:21:20.846+0000] {processor.py:183} INFO - Processing /home/airflow/.local/lib/python3.8/site-packages/airflow/example_dags/example_task_group_decorator.py took 0.087 seconds
[2025-04-05T14:21:50.985+0000] {processor.py:161} INFO - Started process (PID=2094) to work on /home/airflow/.local/lib/python3.8/site-packages/airflow/example_dags/example_task_group_decorator.py
[2025-04-05T14:21:50.987+0000] {processor.py:830} INFO - Processing file /home/airflow/.local/lib/python3.8/site-packages/airflow/example_dags/example_task_group_decorator.py for tasks to queue
[2025-04-05T14:21:50.988+0000] {logging_mixin.py:188} INFO - [2025-04-05T14:21:50.988+0000] {dagbag.py:538} INFO - Filling up the DagBag from /home/airflow/.local/lib/python3.8/site-packages/airflow/example_dags/example_task_group_decorator.py
[2025-04-05T14:21:51.007+0000] {processor.py:840} INFO - DAG(s) 'example_task_group_decorator' retrieved from /home/airflow/.local/lib/python3.8/site-packages/airflow/example_dags/example_task_group_decorator.py
[2025-04-05T14:21:51.038+0000] {logging_mixin.py:188} INFO - [2025-04-05T14:21:51.037+0000] {dag.py:3036} INFO - Sync 1 DAGs
[2025-04-05T14:21:51.062+0000] {logging_mixin.py:188} INFO - [2025-04-05T14:21:51.062+0000] {dag.py:3823} INFO - Setting next_dagrun for example_task_group_decorator to 2025-04-04 00:00:00+00:00, run_after=2025-04-05 00:00:00+00:00
[2025-04-05T14:21:51.085+0000] {processor.py:183} INFO - Processing /home/airflow/.local/lib/python3.8/site-packages/airflow/example_dags/example_task_group_decorator.py took 0.103 seconds
[2025-04-05T14:22:22.376+0000] {processor.py:161} INFO - Started process (PID=2343) to work on /home/airflow/.local/lib/python3.8/site-packages/airflow/example_dags/example_task_group_decorator.py
[2025-04-05T14:22:22.377+0000] {processor.py:830} INFO - Processing file /home/airflow/.local/lib/python3.8/site-packages/airflow/example_dags/example_task_group_decorator.py for tasks to queue
[2025-04-05T14:22:22.378+0000] {logging_mixin.py:188} INFO - [2025-04-05T14:22:22.378+0000] {dagbag.py:538} INFO - Filling up the DagBag from /home/airflow/.local/lib/python3.8/site-packages/airflow/example_dags/example_task_group_decorator.py
[2025-04-05T14:22:22.392+0000] {processor.py:840} INFO - DAG(s) 'example_task_group_decorator' retrieved from /home/airflow/.local/lib/python3.8/site-packages/airflow/example_dags/example_task_group_decorator.py
[2025-04-05T14:22:22.417+0000] {logging_mixin.py:188} INFO - [2025-04-05T14:22:22.417+0000] {dag.py:3036} INFO - Sync 1 DAGs
[2025-04-05T14:22:22.438+0000] {logging_mixin.py:188} INFO - [2025-04-05T14:22:22.437+0000] {dag.py:3823} INFO - Setting next_dagrun for example_task_group_decorator to 2025-04-04 00:00:00+00:00, run_after=2025-04-05 00:00:00+00:00
[2025-04-05T14:22:22.456+0000] {processor.py:183} INFO - Processing /home/airflow/.local/lib/python3.8/site-packages/airflow/example_dags/example_task_group_decorator.py took 0.083 seconds
[2025-04-05T14:22:52.567+0000] {processor.py:161} INFO - Started process (PID=2588) to work on /home/airflow/.local/lib/python3.8/site-packages/airflow/example_dags/example_task_group_decorator.py
[2025-04-05T14:22:52.569+0000] {processor.py:830} INFO - Processing file /home/airflow/.local/lib/python3.8/site-packages/airflow/example_dags/example_task_group_decorator.py for tasks to queue
[2025-04-05T14:22:52.570+0000] {logging_mixin.py:188} INFO - [2025-04-05T14:22:52.570+0000] {dagbag.py:538} INFO - Filling up the DagBag from /home/airflow/.local/lib/python3.8/site-packages/airflow/example_dags/example_task_group_decorator.py
[2025-04-05T14:22:52.588+0000] {processor.py:840} INFO - DAG(s) 'example_task_group_decorator' retrieved from /home/airflow/.local/lib/python3.8/site-packages/airflow/example_dags/example_task_group_decorator.py
[2025-04-05T14:22:52.620+0000] {logging_mixin.py:188} INFO - [2025-04-05T14:22:52.620+0000] {dag.py:3036} INFO - Sync 1 DAGs
[2025-04-05T14:22:52.648+0000] {logging_mixin.py:188} INFO - [2025-04-05T14:22:52.648+0000] {dag.py:3823} INFO - Setting next_dagrun for example_task_group_decorator to 2025-04-04 00:00:00+00:00, run_after=2025-04-05 00:00:00+00:00
[2025-04-05T14:22:52.677+0000] {processor.py:183} INFO - Processing /home/airflow/.local/lib/python3.8/site-packages/airflow/example_dags/example_task_group_decorator.py took 0.114 seconds
[2025-04-05T14:23:22.802+0000] {processor.py:161} INFO - Started process (PID=2835) to work on /home/airflow/.local/lib/python3.8/site-packages/airflow/example_dags/example_task_group_decorator.py
[2025-04-05T14:23:22.803+0000] {processor.py:830} INFO - Processing file /home/airflow/.local/lib/python3.8/site-packages/airflow/example_dags/example_task_group_decorator.py for tasks to queue
[2025-04-05T14:23:22.804+0000] {logging_mixin.py:188} INFO - [2025-04-05T14:23:22.804+0000] {dagbag.py:538} INFO - Filling up the DagBag from /home/airflow/.local/lib/python3.8/site-packages/airflow/example_dags/example_task_group_decorator.py
[2025-04-05T14:23:22.817+0000] {processor.py:840} INFO - DAG(s) 'example_task_group_decorator' retrieved from /home/airflow/.local/lib/python3.8/site-packages/airflow/example_dags/example_task_group_decorator.py
[2025-04-05T14:23:22.842+0000] {logging_mixin.py:188} INFO - [2025-04-05T14:23:22.842+0000] {dag.py:3036} INFO - Sync 1 DAGs
[2025-04-05T14:23:22.865+0000] {logging_mixin.py:188} INFO - [2025-04-05T14:23:22.864+0000] {dag.py:3823} INFO - Setting next_dagrun for example_task_group_decorator to 2025-04-04 00:00:00+00:00, run_after=2025-04-05 00:00:00+00:00
[2025-04-05T14:23:22.886+0000] {processor.py:183} INFO - Processing /home/airflow/.local/lib/python3.8/site-packages/airflow/example_dags/example_task_group_decorator.py took 0.086 seconds
[2025-04-05T14:23:53.092+0000] {processor.py:161} INFO - Started process (PID=3084) to work on /home/airflow/.local/lib/python3.8/site-packages/airflow/example_dags/example_task_group_decorator.py
[2025-04-05T14:23:53.093+0000] {processor.py:830} INFO - Processing file /home/airflow/.local/lib/python3.8/site-packages/airflow/example_dags/example_task_group_decorator.py for tasks to queue
[2025-04-05T14:23:53.094+0000] {logging_mixin.py:188} INFO - [2025-04-05T14:23:53.094+0000] {dagbag.py:538} INFO - Filling up the DagBag from /home/airflow/.local/lib/python3.8/site-packages/airflow/example_dags/example_task_group_decorator.py
[2025-04-05T14:23:53.108+0000] {processor.py:840} INFO - DAG(s) 'example_task_group_decorator' retrieved from /home/airflow/.local/lib/python3.8/site-packages/airflow/example_dags/example_task_group_decorator.py
[2025-04-05T14:23:53.131+0000] {logging_mixin.py:188} INFO - [2025-04-05T14:23:53.131+0000] {dag.py:3036} INFO - Sync 1 DAGs
[2025-04-05T14:23:53.152+0000] {logging_mixin.py:188} INFO - [2025-04-05T14:23:53.152+0000] {dag.py:3823} INFO - Setting next_dagrun for example_task_group_decorator to 2025-04-04 00:00:00+00:00, run_after=2025-04-05 00:00:00+00:00
[2025-04-05T14:23:53.173+0000] {processor.py:183} INFO - Processing /home/airflow/.local/lib/python3.8/site-packages/airflow/example_dags/example_task_group_decorator.py took 0.083 seconds
[2025-04-05T14:24:24.096+0000] {processor.py:161} INFO - Started process (PID=3331) to work on /home/airflow/.local/lib/python3.8/site-packages/airflow/example_dags/example_task_group_decorator.py
[2025-04-05T14:24:24.098+0000] {processor.py:830} INFO - Processing file /home/airflow/.local/lib/python3.8/site-packages/airflow/example_dags/example_task_group_decorator.py for tasks to queue
[2025-04-05T14:24:24.099+0000] {logging_mixin.py:188} INFO - [2025-04-05T14:24:24.098+0000] {dagbag.py:538} INFO - Filling up the DagBag from /home/airflow/.local/lib/python3.8/site-packages/airflow/example_dags/example_task_group_decorator.py
[2025-04-05T14:24:24.115+0000] {processor.py:840} INFO - DAG(s) 'example_task_group_decorator' retrieved from /home/airflow/.local/lib/python3.8/site-packages/airflow/example_dags/example_task_group_decorator.py
[2025-04-05T14:24:24.152+0000] {logging_mixin.py:188} INFO - [2025-04-05T14:24:24.151+0000] {dag.py:3036} INFO - Sync 1 DAGs
[2025-04-05T14:24:24.180+0000] {logging_mixin.py:188} INFO - [2025-04-05T14:24:24.180+0000] {dag.py:3823} INFO - Setting next_dagrun for example_task_group_decorator to 2025-04-04 00:00:00+00:00, run_after=2025-04-05 00:00:00+00:00
[2025-04-05T14:24:24.201+0000] {processor.py:183} INFO - Processing /home/airflow/.local/lib/python3.8/site-packages/airflow/example_dags/example_task_group_decorator.py took 0.108 seconds
[2025-04-05T14:24:54.278+0000] {processor.py:161} INFO - Started process (PID=3581) to work on /home/airflow/.local/lib/python3.8/site-packages/airflow/example_dags/example_task_group_decorator.py
[2025-04-05T14:24:54.279+0000] {processor.py:830} INFO - Processing file /home/airflow/.local/lib/python3.8/site-packages/airflow/example_dags/example_task_group_decorator.py for tasks to queue
[2025-04-05T14:24:54.281+0000] {logging_mixin.py:188} INFO - [2025-04-05T14:24:54.280+0000] {dagbag.py:538} INFO - Filling up the DagBag from /home/airflow/.local/lib/python3.8/site-packages/airflow/example_dags/example_task_group_decorator.py
[2025-04-05T14:24:54.296+0000] {processor.py:840} INFO - DAG(s) 'example_task_group_decorator' retrieved from /home/airflow/.local/lib/python3.8/site-packages/airflow/example_dags/example_task_group_decorator.py
[2025-04-05T14:24:54.321+0000] {logging_mixin.py:188} INFO - [2025-04-05T14:24:54.321+0000] {dag.py:3036} INFO - Sync 1 DAGs
[2025-04-05T14:24:54.346+0000] {logging_mixin.py:188} INFO - [2025-04-05T14:24:54.345+0000] {dag.py:3823} INFO - Setting next_dagrun for example_task_group_decorator to 2025-04-04 00:00:00+00:00, run_after=2025-04-05 00:00:00+00:00
[2025-04-05T14:24:54.365+0000] {processor.py:183} INFO - Processing /home/airflow/.local/lib/python3.8/site-packages/airflow/example_dags/example_task_group_decorator.py took 0.090 seconds
[2025-04-05T14:25:24.647+0000] {processor.py:161} INFO - Started process (PID=3823) to work on /home/airflow/.local/lib/python3.8/site-packages/airflow/example_dags/example_task_group_decorator.py
[2025-04-05T14:25:24.648+0000] {processor.py:830} INFO - Processing file /home/airflow/.local/lib/python3.8/site-packages/airflow/example_dags/example_task_group_decorator.py for tasks to queue
[2025-04-05T14:25:24.649+0000] {logging_mixin.py:188} INFO - [2025-04-05T14:25:24.648+0000] {dagbag.py:538} INFO - Filling up the DagBag from /home/airflow/.local/lib/python3.8/site-packages/airflow/example_dags/example_task_group_decorator.py
[2025-04-05T14:25:24.662+0000] {processor.py:840} INFO - DAG(s) 'example_task_group_decorator' retrieved from /home/airflow/.local/lib/python3.8/site-packages/airflow/example_dags/example_task_group_decorator.py
[2025-04-05T14:25:24.688+0000] {logging_mixin.py:188} INFO - [2025-04-05T14:25:24.688+0000] {dag.py:3036} INFO - Sync 1 DAGs
[2025-04-05T14:25:24.711+0000] {logging_mixin.py:188} INFO - [2025-04-05T14:25:24.711+0000] {dag.py:3823} INFO - Setting next_dagrun for example_task_group_decorator to 2025-04-04 00:00:00+00:00, run_after=2025-04-05 00:00:00+00:00
[2025-04-05T14:25:24.730+0000] {processor.py:183} INFO - Processing /home/airflow/.local/lib/python3.8/site-packages/airflow/example_dags/example_task_group_decorator.py took 0.087 seconds
[2025-04-05T14:25:55.802+0000] {processor.py:161} INFO - Started process (PID=4072) to work on /home/airflow/.local/lib/python3.8/site-packages/airflow/example_dags/example_task_group_decorator.py
[2025-04-05T14:25:55.803+0000] {processor.py:830} INFO - Processing file /home/airflow/.local/lib/python3.8/site-packages/airflow/example_dags/example_task_group_decorator.py for tasks to queue
[2025-04-05T14:25:55.804+0000] {logging_mixin.py:188} INFO - [2025-04-05T14:25:55.803+0000] {dagbag.py:538} INFO - Filling up the DagBag from /home/airflow/.local/lib/python3.8/site-packages/airflow/example_dags/example_task_group_decorator.py
[2025-04-05T14:25:55.816+0000] {processor.py:840} INFO - DAG(s) 'example_task_group_decorator' retrieved from /home/airflow/.local/lib/python3.8/site-packages/airflow/example_dags/example_task_group_decorator.py
[2025-04-05T14:25:55.838+0000] {logging_mixin.py:188} INFO - [2025-04-05T14:25:55.838+0000] {dag.py:3036} INFO - Sync 1 DAGs
[2025-04-05T14:25:55.857+0000] {logging_mixin.py:188} INFO - [2025-04-05T14:25:55.857+0000] {dag.py:3823} INFO - Setting next_dagrun for example_task_group_decorator to 2025-04-04 00:00:00+00:00, run_after=2025-04-05 00:00:00+00:00
[2025-04-05T14:25:55.878+0000] {processor.py:183} INFO - Processing /home/airflow/.local/lib/python3.8/site-packages/airflow/example_dags/example_task_group_decorator.py took 0.079 seconds
[2025-04-05T14:26:26.552+0000] {processor.py:161} INFO - Started process (PID=4319) to work on /home/airflow/.local/lib/python3.8/site-packages/airflow/example_dags/example_task_group_decorator.py
[2025-04-05T14:26:26.553+0000] {processor.py:830} INFO - Processing file /home/airflow/.local/lib/python3.8/site-packages/airflow/example_dags/example_task_group_decorator.py for tasks to queue
[2025-04-05T14:26:26.554+0000] {logging_mixin.py:188} INFO - [2025-04-05T14:26:26.553+0000] {dagbag.py:538} INFO - Filling up the DagBag from /home/airflow/.local/lib/python3.8/site-packages/airflow/example_dags/example_task_group_decorator.py
[2025-04-05T14:26:26.566+0000] {processor.py:840} INFO - DAG(s) 'example_task_group_decorator' retrieved from /home/airflow/.local/lib/python3.8/site-packages/airflow/example_dags/example_task_group_decorator.py
[2025-04-05T14:26:26.589+0000] {logging_mixin.py:188} INFO - [2025-04-05T14:26:26.589+0000] {dag.py:3036} INFO - Sync 1 DAGs
[2025-04-05T14:26:26.609+0000] {logging_mixin.py:188} INFO - [2025-04-05T14:26:26.609+0000] {dag.py:3823} INFO - Setting next_dagrun for example_task_group_decorator to 2025-04-04 00:00:00+00:00, run_after=2025-04-05 00:00:00+00:00
[2025-04-05T14:26:26.630+0000] {processor.py:183} INFO - Processing /home/airflow/.local/lib/python3.8/site-packages/airflow/example_dags/example_task_group_decorator.py took 0.080 seconds
[2025-04-05T14:28:36.884+0000] {processor.py:161} INFO - Started process (PID=358) to work on /home/airflow/.local/lib/python3.8/site-packages/airflow/example_dags/example_task_group_decorator.py
[2025-04-05T14:28:36.885+0000] {processor.py:830} INFO - Processing file /home/airflow/.local/lib/python3.8/site-packages/airflow/example_dags/example_task_group_decorator.py for tasks to queue
[2025-04-05T14:28:36.887+0000] {logging_mixin.py:188} INFO - [2025-04-05T14:28:36.886+0000] {dagbag.py:538} INFO - Filling up the DagBag from /home/airflow/.local/lib/python3.8/site-packages/airflow/example_dags/example_task_group_decorator.py
[2025-04-05T14:28:36.903+0000] {processor.py:840} INFO - DAG(s) 'example_task_group_decorator' retrieved from /home/airflow/.local/lib/python3.8/site-packages/airflow/example_dags/example_task_group_decorator.py
[2025-04-05T14:28:36.917+0000] {logging_mixin.py:188} INFO - [2025-04-05T14:28:36.916+0000] {dag.py:3036} INFO - Sync 1 DAGs
[2025-04-05T14:28:36.943+0000] {logging_mixin.py:188} INFO - [2025-04-05T14:28:36.943+0000] {dag.py:3823} INFO - Setting next_dagrun for example_task_group_decorator to 2025-04-04 00:00:00+00:00, run_after=2025-04-05 00:00:00+00:00
[2025-04-05T14:28:36.966+0000] {processor.py:183} INFO - Processing /home/airflow/.local/lib/python3.8/site-packages/airflow/example_dags/example_task_group_decorator.py took 0.085 seconds
[2025-04-05T14:29:08.606+0000] {processor.py:161} INFO - Started process (PID=607) to work on /home/airflow/.local/lib/python3.8/site-packages/airflow/example_dags/example_task_group_decorator.py
[2025-04-05T14:29:08.607+0000] {processor.py:830} INFO - Processing file /home/airflow/.local/lib/python3.8/site-packages/airflow/example_dags/example_task_group_decorator.py for tasks to queue
[2025-04-05T14:29:08.608+0000] {logging_mixin.py:188} INFO - [2025-04-05T14:29:08.608+0000] {dagbag.py:538} INFO - Filling up the DagBag from /home/airflow/.local/lib/python3.8/site-packages/airflow/example_dags/example_task_group_decorator.py
[2025-04-05T14:29:08.623+0000] {processor.py:840} INFO - DAG(s) 'example_task_group_decorator' retrieved from /home/airflow/.local/lib/python3.8/site-packages/airflow/example_dags/example_task_group_decorator.py
[2025-04-05T14:29:08.731+0000] {logging_mixin.py:188} INFO - [2025-04-05T14:29:08.731+0000] {dag.py:3036} INFO - Sync 1 DAGs
[2025-04-05T14:29:08.751+0000] {logging_mixin.py:188} INFO - [2025-04-05T14:29:08.750+0000] {dag.py:3823} INFO - Setting next_dagrun for example_task_group_decorator to 2025-04-04 00:00:00+00:00, run_after=2025-04-05 00:00:00+00:00
[2025-04-05T14:29:08.776+0000] {processor.py:183} INFO - Processing /home/airflow/.local/lib/python3.8/site-packages/airflow/example_dags/example_task_group_decorator.py took 0.172 seconds
[2025-04-05T14:29:39.120+0000] {processor.py:161} INFO - Started process (PID=852) to work on /home/airflow/.local/lib/python3.8/site-packages/airflow/example_dags/example_task_group_decorator.py
[2025-04-05T14:29:39.122+0000] {processor.py:830} INFO - Processing file /home/airflow/.local/lib/python3.8/site-packages/airflow/example_dags/example_task_group_decorator.py for tasks to queue
[2025-04-05T14:29:39.123+0000] {logging_mixin.py:188} INFO - [2025-04-05T14:29:39.123+0000] {dagbag.py:538} INFO - Filling up the DagBag from /home/airflow/.local/lib/python3.8/site-packages/airflow/example_dags/example_task_group_decorator.py
[2025-04-05T14:29:39.142+0000] {processor.py:840} INFO - DAG(s) 'example_task_group_decorator' retrieved from /home/airflow/.local/lib/python3.8/site-packages/airflow/example_dags/example_task_group_decorator.py
[2025-04-05T14:29:39.167+0000] {logging_mixin.py:188} INFO - [2025-04-05T14:29:39.167+0000] {dag.py:3036} INFO - Sync 1 DAGs
[2025-04-05T14:29:39.194+0000] {logging_mixin.py:188} INFO - [2025-04-05T14:29:39.194+0000] {dag.py:3823} INFO - Setting next_dagrun for example_task_group_decorator to 2025-04-04 00:00:00+00:00, run_after=2025-04-05 00:00:00+00:00
[2025-04-05T14:29:39.213+0000] {processor.py:183} INFO - Processing /home/airflow/.local/lib/python3.8/site-packages/airflow/example_dags/example_task_group_decorator.py took 0.097 seconds
[2025-04-05T14:30:09.658+0000] {processor.py:161} INFO - Started process (PID=1099) to work on /home/airflow/.local/lib/python3.8/site-packages/airflow/example_dags/example_task_group_decorator.py
[2025-04-05T14:30:09.659+0000] {processor.py:830} INFO - Processing file /home/airflow/.local/lib/python3.8/site-packages/airflow/example_dags/example_task_group_decorator.py for tasks to queue
[2025-04-05T14:30:09.661+0000] {logging_mixin.py:188} INFO - [2025-04-05T14:30:09.660+0000] {dagbag.py:538} INFO - Filling up the DagBag from /home/airflow/.local/lib/python3.8/site-packages/airflow/example_dags/example_task_group_decorator.py
[2025-04-05T14:30:09.674+0000] {processor.py:840} INFO - DAG(s) 'example_task_group_decorator' retrieved from /home/airflow/.local/lib/python3.8/site-packages/airflow/example_dags/example_task_group_decorator.py
[2025-04-05T14:30:09.696+0000] {logging_mixin.py:188} INFO - [2025-04-05T14:30:09.695+0000] {dag.py:3036} INFO - Sync 1 DAGs
[2025-04-05T14:30:09.718+0000] {logging_mixin.py:188} INFO - [2025-04-05T14:30:09.718+0000] {dag.py:3823} INFO - Setting next_dagrun for example_task_group_decorator to 2025-04-04 00:00:00+00:00, run_after=2025-04-05 00:00:00+00:00
[2025-04-05T14:30:09.739+0000] {processor.py:183} INFO - Processing /home/airflow/.local/lib/python3.8/site-packages/airflow/example_dags/example_task_group_decorator.py took 0.084 seconds
[2025-04-05T14:30:40.398+0000] {processor.py:161} INFO - Started process (PID=1346) to work on /home/airflow/.local/lib/python3.8/site-packages/airflow/example_dags/example_task_group_decorator.py
[2025-04-05T14:30:40.399+0000] {processor.py:830} INFO - Processing file /home/airflow/.local/lib/python3.8/site-packages/airflow/example_dags/example_task_group_decorator.py for tasks to queue
[2025-04-05T14:30:40.400+0000] {logging_mixin.py:188} INFO - [2025-04-05T14:30:40.400+0000] {dagbag.py:538} INFO - Filling up the DagBag from /home/airflow/.local/lib/python3.8/site-packages/airflow/example_dags/example_task_group_decorator.py
[2025-04-05T14:30:40.414+0000] {processor.py:840} INFO - DAG(s) 'example_task_group_decorator' retrieved from /home/airflow/.local/lib/python3.8/site-packages/airflow/example_dags/example_task_group_decorator.py
[2025-04-05T14:30:40.439+0000] {logging_mixin.py:188} INFO - [2025-04-05T14:30:40.438+0000] {dag.py:3036} INFO - Sync 1 DAGs
[2025-04-05T14:30:40.470+0000] {logging_mixin.py:188} INFO - [2025-04-05T14:30:40.470+0000] {dag.py:3823} INFO - Setting next_dagrun for example_task_group_decorator to 2025-04-04 00:00:00+00:00, run_after=2025-04-05 00:00:00+00:00
[2025-04-05T14:30:40.496+0000] {processor.py:183} INFO - Processing /home/airflow/.local/lib/python3.8/site-packages/airflow/example_dags/example_task_group_decorator.py took 0.102 seconds
[2025-04-05T14:31:12.621+0000] {processor.py:161} INFO - Started process (PID=1593) to work on /home/airflow/.local/lib/python3.8/site-packages/airflow/example_dags/example_task_group_decorator.py
[2025-04-05T14:31:12.623+0000] {processor.py:830} INFO - Processing file /home/airflow/.local/lib/python3.8/site-packages/airflow/example_dags/example_task_group_decorator.py for tasks to queue
[2025-04-05T14:31:12.624+0000] {logging_mixin.py:188} INFO - [2025-04-05T14:31:12.624+0000] {dagbag.py:538} INFO - Filling up the DagBag from /home/airflow/.local/lib/python3.8/site-packages/airflow/example_dags/example_task_group_decorator.py
[2025-04-05T14:31:12.641+0000] {processor.py:840} INFO - DAG(s) 'example_task_group_decorator' retrieved from /home/airflow/.local/lib/python3.8/site-packages/airflow/example_dags/example_task_group_decorator.py
[2025-04-05T14:31:12.670+0000] {logging_mixin.py:188} INFO - [2025-04-05T14:31:12.669+0000] {dag.py:3036} INFO - Sync 1 DAGs
[2025-04-05T14:31:12.693+0000] {logging_mixin.py:188} INFO - [2025-04-05T14:31:12.693+0000] {dag.py:3823} INFO - Setting next_dagrun for example_task_group_decorator to 2025-04-04 00:00:00+00:00, run_after=2025-04-05 00:00:00+00:00
[2025-04-05T14:31:12.723+0000] {processor.py:183} INFO - Processing /home/airflow/.local/lib/python3.8/site-packages/airflow/example_dags/example_task_group_decorator.py took 0.105 seconds
[2025-04-05T14:31:42.758+0000] {processor.py:161} INFO - Started process (PID=1840) to work on /home/airflow/.local/lib/python3.8/site-packages/airflow/example_dags/example_task_group_decorator.py
[2025-04-05T14:31:42.759+0000] {processor.py:830} INFO - Processing file /home/airflow/.local/lib/python3.8/site-packages/airflow/example_dags/example_task_group_decorator.py for tasks to queue
[2025-04-05T14:31:42.760+0000] {logging_mixin.py:188} INFO - [2025-04-05T14:31:42.760+0000] {dagbag.py:538} INFO - Filling up the DagBag from /home/airflow/.local/lib/python3.8/site-packages/airflow/example_dags/example_task_group_decorator.py
[2025-04-05T14:31:42.776+0000] {processor.py:840} INFO - DAG(s) 'example_task_group_decorator' retrieved from /home/airflow/.local/lib/python3.8/site-packages/airflow/example_dags/example_task_group_decorator.py
[2025-04-05T14:31:42.803+0000] {logging_mixin.py:188} INFO - [2025-04-05T14:31:42.802+0000] {dag.py:3036} INFO - Sync 1 DAGs
[2025-04-05T14:31:42.830+0000] {logging_mixin.py:188} INFO - [2025-04-05T14:31:42.829+0000] {dag.py:3823} INFO - Setting next_dagrun for example_task_group_decorator to 2025-04-04 00:00:00+00:00, run_after=2025-04-05 00:00:00+00:00
[2025-04-05T14:31:42.851+0000] {processor.py:183} INFO - Processing /home/airflow/.local/lib/python3.8/site-packages/airflow/example_dags/example_task_group_decorator.py took 0.097 seconds
[2025-04-05T14:32:13.040+0000] {processor.py:161} INFO - Started process (PID=2087) to work on /home/airflow/.local/lib/python3.8/site-packages/airflow/example_dags/example_task_group_decorator.py
[2025-04-05T14:32:13.041+0000] {processor.py:830} INFO - Processing file /home/airflow/.local/lib/python3.8/site-packages/airflow/example_dags/example_task_group_decorator.py for tasks to queue
[2025-04-05T14:32:13.042+0000] {logging_mixin.py:188} INFO - [2025-04-05T14:32:13.042+0000] {dagbag.py:538} INFO - Filling up the DagBag from /home/airflow/.local/lib/python3.8/site-packages/airflow/example_dags/example_task_group_decorator.py
[2025-04-05T14:32:13.055+0000] {processor.py:840} INFO - DAG(s) 'example_task_group_decorator' retrieved from /home/airflow/.local/lib/python3.8/site-packages/airflow/example_dags/example_task_group_decorator.py
[2025-04-05T14:32:13.079+0000] {logging_mixin.py:188} INFO - [2025-04-05T14:32:13.079+0000] {dag.py:3036} INFO - Sync 1 DAGs
[2025-04-05T14:32:13.100+0000] {logging_mixin.py:188} INFO - [2025-04-05T14:32:13.100+0000] {dag.py:3823} INFO - Setting next_dagrun for example_task_group_decorator to 2025-04-04 00:00:00+00:00, run_after=2025-04-05 00:00:00+00:00
[2025-04-05T14:32:13.121+0000] {processor.py:183} INFO - Processing /home/airflow/.local/lib/python3.8/site-packages/airflow/example_dags/example_task_group_decorator.py took 0.084 seconds
[2025-04-05T14:32:44.059+0000] {processor.py:161} INFO - Started process (PID=2334) to work on /home/airflow/.local/lib/python3.8/site-packages/airflow/example_dags/example_task_group_decorator.py
[2025-04-05T14:32:44.060+0000] {processor.py:830} INFO - Processing file /home/airflow/.local/lib/python3.8/site-packages/airflow/example_dags/example_task_group_decorator.py for tasks to queue
[2025-04-05T14:32:44.061+0000] {logging_mixin.py:188} INFO - [2025-04-05T14:32:44.061+0000] {dagbag.py:538} INFO - Filling up the DagBag from /home/airflow/.local/lib/python3.8/site-packages/airflow/example_dags/example_task_group_decorator.py
[2025-04-05T14:32:44.076+0000] {processor.py:840} INFO - DAG(s) 'example_task_group_decorator' retrieved from /home/airflow/.local/lib/python3.8/site-packages/airflow/example_dags/example_task_group_decorator.py
[2025-04-05T14:32:44.101+0000] {logging_mixin.py:188} INFO - [2025-04-05T14:32:44.101+0000] {dag.py:3036} INFO - Sync 1 DAGs
[2025-04-05T14:32:44.122+0000] {logging_mixin.py:188} INFO - [2025-04-05T14:32:44.122+0000] {dag.py:3823} INFO - Setting next_dagrun for example_task_group_decorator to 2025-04-04 00:00:00+00:00, run_after=2025-04-05 00:00:00+00:00
[2025-04-05T14:32:44.144+0000] {processor.py:183} INFO - Processing /home/airflow/.local/lib/python3.8/site-packages/airflow/example_dags/example_task_group_decorator.py took 0.088 seconds
[2025-04-05T14:33:14.490+0000] {processor.py:161} INFO - Started process (PID=2583) to work on /home/airflow/.local/lib/python3.8/site-packages/airflow/example_dags/example_task_group_decorator.py
[2025-04-05T14:33:14.491+0000] {processor.py:830} INFO - Processing file /home/airflow/.local/lib/python3.8/site-packages/airflow/example_dags/example_task_group_decorator.py for tasks to queue
[2025-04-05T14:33:14.492+0000] {logging_mixin.py:188} INFO - [2025-04-05T14:33:14.492+0000] {dagbag.py:538} INFO - Filling up the DagBag from /home/airflow/.local/lib/python3.8/site-packages/airflow/example_dags/example_task_group_decorator.py
[2025-04-05T14:33:14.508+0000] {processor.py:840} INFO - DAG(s) 'example_task_group_decorator' retrieved from /home/airflow/.local/lib/python3.8/site-packages/airflow/example_dags/example_task_group_decorator.py
[2025-04-05T14:33:14.531+0000] {logging_mixin.py:188} INFO - [2025-04-05T14:33:14.531+0000] {dag.py:3036} INFO - Sync 1 DAGs
[2025-04-05T14:33:14.551+0000] {logging_mixin.py:188} INFO - [2025-04-05T14:33:14.551+0000] {dag.py:3823} INFO - Setting next_dagrun for example_task_group_decorator to 2025-04-04 00:00:00+00:00, run_after=2025-04-05 00:00:00+00:00
[2025-04-05T14:33:14.572+0000] {processor.py:183} INFO - Processing /home/airflow/.local/lib/python3.8/site-packages/airflow/example_dags/example_task_group_decorator.py took 0.084 seconds
[2025-04-05T14:33:44.779+0000] {processor.py:161} INFO - Started process (PID=2830) to work on /home/airflow/.local/lib/python3.8/site-packages/airflow/example_dags/example_task_group_decorator.py
[2025-04-05T14:33:44.780+0000] {processor.py:830} INFO - Processing file /home/airflow/.local/lib/python3.8/site-packages/airflow/example_dags/example_task_group_decorator.py for tasks to queue
[2025-04-05T14:33:44.781+0000] {logging_mixin.py:188} INFO - [2025-04-05T14:33:44.781+0000] {dagbag.py:538} INFO - Filling up the DagBag from /home/airflow/.local/lib/python3.8/site-packages/airflow/example_dags/example_task_group_decorator.py
[2025-04-05T14:33:44.794+0000] {processor.py:840} INFO - DAG(s) 'example_task_group_decorator' retrieved from /home/airflow/.local/lib/python3.8/site-packages/airflow/example_dags/example_task_group_decorator.py
[2025-04-05T14:33:44.817+0000] {logging_mixin.py:188} INFO - [2025-04-05T14:33:44.817+0000] {dag.py:3036} INFO - Sync 1 DAGs
[2025-04-05T14:33:44.837+0000] {logging_mixin.py:188} INFO - [2025-04-05T14:33:44.837+0000] {dag.py:3823} INFO - Setting next_dagrun for example_task_group_decorator to 2025-04-04 00:00:00+00:00, run_after=2025-04-05 00:00:00+00:00
[2025-04-05T14:33:44.859+0000] {processor.py:183} INFO - Processing /home/airflow/.local/lib/python3.8/site-packages/airflow/example_dags/example_task_group_decorator.py took 0.083 seconds
[2025-04-05T14:34:15.070+0000] {processor.py:161} INFO - Started process (PID=3077) to work on /home/airflow/.local/lib/python3.8/site-packages/airflow/example_dags/example_task_group_decorator.py
[2025-04-05T14:34:15.071+0000] {processor.py:830} INFO - Processing file /home/airflow/.local/lib/python3.8/site-packages/airflow/example_dags/example_task_group_decorator.py for tasks to queue
[2025-04-05T14:34:15.072+0000] {logging_mixin.py:188} INFO - [2025-04-05T14:34:15.072+0000] {dagbag.py:538} INFO - Filling up the DagBag from /home/airflow/.local/lib/python3.8/site-packages/airflow/example_dags/example_task_group_decorator.py
[2025-04-05T14:34:15.085+0000] {processor.py:840} INFO - DAG(s) 'example_task_group_decorator' retrieved from /home/airflow/.local/lib/python3.8/site-packages/airflow/example_dags/example_task_group_decorator.py
[2025-04-05T14:34:15.107+0000] {logging_mixin.py:188} INFO - [2025-04-05T14:34:15.107+0000] {dag.py:3036} INFO - Sync 1 DAGs
[2025-04-05T14:34:15.126+0000] {logging_mixin.py:188} INFO - [2025-04-05T14:34:15.126+0000] {dag.py:3823} INFO - Setting next_dagrun for example_task_group_decorator to 2025-04-04 00:00:00+00:00, run_after=2025-04-05 00:00:00+00:00
[2025-04-05T14:34:15.146+0000] {processor.py:183} INFO - Processing /home/airflow/.local/lib/python3.8/site-packages/airflow/example_dags/example_task_group_decorator.py took 0.078 seconds
[2025-04-05T14:34:45.494+0000] {processor.py:161} INFO - Started process (PID=3322) to work on /home/airflow/.local/lib/python3.8/site-packages/airflow/example_dags/example_task_group_decorator.py
[2025-04-05T14:34:45.496+0000] {processor.py:830} INFO - Processing file /home/airflow/.local/lib/python3.8/site-packages/airflow/example_dags/example_task_group_decorator.py for tasks to queue
[2025-04-05T14:34:45.497+0000] {logging_mixin.py:188} INFO - [2025-04-05T14:34:45.496+0000] {dagbag.py:538} INFO - Filling up the DagBag from /home/airflow/.local/lib/python3.8/site-packages/airflow/example_dags/example_task_group_decorator.py
[2025-04-05T14:34:45.510+0000] {processor.py:840} INFO - DAG(s) 'example_task_group_decorator' retrieved from /home/airflow/.local/lib/python3.8/site-packages/airflow/example_dags/example_task_group_decorator.py
[2025-04-05T14:34:45.533+0000] {logging_mixin.py:188} INFO - [2025-04-05T14:34:45.533+0000] {dag.py:3036} INFO - Sync 1 DAGs
[2025-04-05T14:34:45.555+0000] {logging_mixin.py:188} INFO - [2025-04-05T14:34:45.555+0000] {dag.py:3823} INFO - Setting next_dagrun for example_task_group_decorator to 2025-04-04 00:00:00+00:00, run_after=2025-04-05 00:00:00+00:00
[2025-04-05T14:34:45.577+0000] {processor.py:183} INFO - Processing /home/airflow/.local/lib/python3.8/site-packages/airflow/example_dags/example_task_group_decorator.py took 0.086 seconds
[2025-04-05T16:40:58.654+0000] {processor.py:161} INFO - Started process (PID=311) to work on /home/airflow/.local/lib/python3.8/site-packages/airflow/example_dags/example_task_group_decorator.py
[2025-04-05T16:40:58.656+0000] {processor.py:830} INFO - Processing file /home/airflow/.local/lib/python3.8/site-packages/airflow/example_dags/example_task_group_decorator.py for tasks to queue
[2025-04-05T16:40:58.658+0000] {logging_mixin.py:188} INFO - [2025-04-05T16:40:58.658+0000] {dagbag.py:538} INFO - Filling up the DagBag from /home/airflow/.local/lib/python3.8/site-packages/airflow/example_dags/example_task_group_decorator.py
[2025-04-05T16:40:58.703+0000] {processor.py:840} INFO - DAG(s) 'example_task_group_decorator' retrieved from /home/airflow/.local/lib/python3.8/site-packages/airflow/example_dags/example_task_group_decorator.py
[2025-04-05T16:40:58.924+0000] {logging_mixin.py:188} INFO - [2025-04-05T16:40:58.923+0000] {override.py:1769} INFO - Created Permission View: can edit on DAG:example_task_group_decorator
[2025-04-05T16:40:58.942+0000] {logging_mixin.py:188} INFO - [2025-04-05T16:40:58.941+0000] {override.py:1769} INFO - Created Permission View: can delete on DAG:example_task_group_decorator
[2025-04-05T16:40:58.953+0000] {logging_mixin.py:188} INFO - [2025-04-05T16:40:58.952+0000] {override.py:1769} INFO - Created Permission View: can read on DAG:example_task_group_decorator
[2025-04-05T16:40:58.954+0000] {logging_mixin.py:188} INFO - [2025-04-05T16:40:58.953+0000] {dag.py:3036} INFO - Sync 1 DAGs
[2025-04-05T16:40:58.978+0000] {logging_mixin.py:188} INFO - [2025-04-05T16:40:58.977+0000] {dag.py:3058} INFO - Creating ORM DAG for example_task_group_decorator
[2025-04-05T16:40:58.997+0000] {logging_mixin.py:188} INFO - [2025-04-05T16:40:58.997+0000] {dag.py:3823} INFO - Setting next_dagrun for example_task_group_decorator to 2025-04-04 00:00:00+00:00, run_after=2025-04-05 00:00:00+00:00
[2025-04-05T16:40:59.027+0000] {processor.py:183} INFO - Processing /home/airflow/.local/lib/python3.8/site-packages/airflow/example_dags/example_task_group_decorator.py took 0.379 seconds
[2025-04-05T16:41:29.448+0000] {processor.py:161} INFO - Started process (PID=558) to work on /home/airflow/.local/lib/python3.8/site-packages/airflow/example_dags/example_task_group_decorator.py
[2025-04-05T16:41:29.450+0000] {processor.py:830} INFO - Processing file /home/airflow/.local/lib/python3.8/site-packages/airflow/example_dags/example_task_group_decorator.py for tasks to queue
[2025-04-05T16:41:29.452+0000] {logging_mixin.py:188} INFO - [2025-04-05T16:41:29.451+0000] {dagbag.py:538} INFO - Filling up the DagBag from /home/airflow/.local/lib/python3.8/site-packages/airflow/example_dags/example_task_group_decorator.py
[2025-04-05T16:41:29.471+0000] {processor.py:840} INFO - DAG(s) 'example_task_group_decorator' retrieved from /home/airflow/.local/lib/python3.8/site-packages/airflow/example_dags/example_task_group_decorator.py
[2025-04-05T16:41:29.498+0000] {logging_mixin.py:188} INFO - [2025-04-05T16:41:29.498+0000] {dag.py:3036} INFO - Sync 1 DAGs
[2025-04-05T16:41:29.524+0000] {logging_mixin.py:188} INFO - [2025-04-05T16:41:29.524+0000] {dag.py:3823} INFO - Setting next_dagrun for example_task_group_decorator to 2025-04-04 00:00:00+00:00, run_after=2025-04-05 00:00:00+00:00
[2025-04-05T16:41:29.548+0000] {processor.py:183} INFO - Processing /home/airflow/.local/lib/python3.8/site-packages/airflow/example_dags/example_task_group_decorator.py took 0.103 seconds
[2025-04-05T16:42:00.291+0000] {processor.py:161} INFO - Started process (PID=807) to work on /home/airflow/.local/lib/python3.8/site-packages/airflow/example_dags/example_task_group_decorator.py
[2025-04-05T16:42:00.295+0000] {processor.py:830} INFO - Processing file /home/airflow/.local/lib/python3.8/site-packages/airflow/example_dags/example_task_group_decorator.py for tasks to queue
[2025-04-05T16:42:00.299+0000] {logging_mixin.py:188} INFO - [2025-04-05T16:42:00.298+0000] {dagbag.py:538} INFO - Filling up the DagBag from /home/airflow/.local/lib/python3.8/site-packages/airflow/example_dags/example_task_group_decorator.py
[2025-04-05T16:42:00.351+0000] {processor.py:840} INFO - DAG(s) 'example_task_group_decorator' retrieved from /home/airflow/.local/lib/python3.8/site-packages/airflow/example_dags/example_task_group_decorator.py
[2025-04-05T16:42:00.407+0000] {logging_mixin.py:188} INFO - [2025-04-05T16:42:00.406+0000] {dag.py:3036} INFO - Sync 1 DAGs
[2025-04-05T16:42:00.451+0000] {logging_mixin.py:188} INFO - [2025-04-05T16:42:00.450+0000] {dag.py:3823} INFO - Setting next_dagrun for example_task_group_decorator to 2025-04-04 00:00:00+00:00, run_after=2025-04-05 00:00:00+00:00
[2025-04-05T16:42:00.494+0000] {processor.py:183} INFO - Processing /home/airflow/.local/lib/python3.8/site-packages/airflow/example_dags/example_task_group_decorator.py took 0.213 seconds
[2025-04-05T16:42:31.259+0000] {processor.py:161} INFO - Started process (PID=1054) to work on /home/airflow/.local/lib/python3.8/site-packages/airflow/example_dags/example_task_group_decorator.py
[2025-04-05T16:42:31.260+0000] {processor.py:830} INFO - Processing file /home/airflow/.local/lib/python3.8/site-packages/airflow/example_dags/example_task_group_decorator.py for tasks to queue
[2025-04-05T16:42:31.261+0000] {logging_mixin.py:188} INFO - [2025-04-05T16:42:31.261+0000] {dagbag.py:538} INFO - Filling up the DagBag from /home/airflow/.local/lib/python3.8/site-packages/airflow/example_dags/example_task_group_decorator.py
[2025-04-05T16:42:31.275+0000] {processor.py:840} INFO - DAG(s) 'example_task_group_decorator' retrieved from /home/airflow/.local/lib/python3.8/site-packages/airflow/example_dags/example_task_group_decorator.py
[2025-04-05T16:42:31.298+0000] {logging_mixin.py:188} INFO - [2025-04-05T16:42:31.298+0000] {dag.py:3036} INFO - Sync 1 DAGs
[2025-04-05T16:42:31.317+0000] {logging_mixin.py:188} INFO - [2025-04-05T16:42:31.317+0000] {dag.py:3823} INFO - Setting next_dagrun for example_task_group_decorator to 2025-04-04 00:00:00+00:00, run_after=2025-04-05 00:00:00+00:00
[2025-04-05T16:42:31.338+0000] {processor.py:183} INFO - Processing /home/airflow/.local/lib/python3.8/site-packages/airflow/example_dags/example_task_group_decorator.py took 0.081 seconds
[2025-04-05T16:43:01.394+0000] {processor.py:161} INFO - Started process (PID=1301) to work on /home/airflow/.local/lib/python3.8/site-packages/airflow/example_dags/example_task_group_decorator.py
[2025-04-05T16:43:01.395+0000] {processor.py:830} INFO - Processing file /home/airflow/.local/lib/python3.8/site-packages/airflow/example_dags/example_task_group_decorator.py for tasks to queue
[2025-04-05T16:43:01.396+0000] {logging_mixin.py:188} INFO - [2025-04-05T16:43:01.396+0000] {dagbag.py:538} INFO - Filling up the DagBag from /home/airflow/.local/lib/python3.8/site-packages/airflow/example_dags/example_task_group_decorator.py
[2025-04-05T16:43:01.408+0000] {processor.py:840} INFO - DAG(s) 'example_task_group_decorator' retrieved from /home/airflow/.local/lib/python3.8/site-packages/airflow/example_dags/example_task_group_decorator.py
[2025-04-05T16:43:01.431+0000] {logging_mixin.py:188} INFO - [2025-04-05T16:43:01.431+0000] {dag.py:3036} INFO - Sync 1 DAGs
[2025-04-05T16:43:01.449+0000] {logging_mixin.py:188} INFO - [2025-04-05T16:43:01.449+0000] {dag.py:3823} INFO - Setting next_dagrun for example_task_group_decorator to 2025-04-04 00:00:00+00:00, run_after=2025-04-05 00:00:00+00:00
[2025-04-05T16:43:01.469+0000] {processor.py:183} INFO - Processing /home/airflow/.local/lib/python3.8/site-packages/airflow/example_dags/example_task_group_decorator.py took 0.079 seconds
[2025-04-05T16:43:31.734+0000] {processor.py:161} INFO - Started process (PID=1548) to work on /home/airflow/.local/lib/python3.8/site-packages/airflow/example_dags/example_task_group_decorator.py
[2025-04-05T16:43:31.735+0000] {processor.py:830} INFO - Processing file /home/airflow/.local/lib/python3.8/site-packages/airflow/example_dags/example_task_group_decorator.py for tasks to queue
[2025-04-05T16:43:31.736+0000] {logging_mixin.py:188} INFO - [2025-04-05T16:43:31.735+0000] {dagbag.py:538} INFO - Filling up the DagBag from /home/airflow/.local/lib/python3.8/site-packages/airflow/example_dags/example_task_group_decorator.py
[2025-04-05T16:43:31.749+0000] {processor.py:840} INFO - DAG(s) 'example_task_group_decorator' retrieved from /home/airflow/.local/lib/python3.8/site-packages/airflow/example_dags/example_task_group_decorator.py
[2025-04-05T16:43:31.774+0000] {logging_mixin.py:188} INFO - [2025-04-05T16:43:31.774+0000] {dag.py:3036} INFO - Sync 1 DAGs
[2025-04-05T16:43:31.794+0000] {logging_mixin.py:188} INFO - [2025-04-05T16:43:31.793+0000] {dag.py:3823} INFO - Setting next_dagrun for example_task_group_decorator to 2025-04-04 00:00:00+00:00, run_after=2025-04-05 00:00:00+00:00
[2025-04-05T16:43:31.813+0000] {processor.py:183} INFO - Processing /home/airflow/.local/lib/python3.8/site-packages/airflow/example_dags/example_task_group_decorator.py took 0.082 seconds
[2025-04-05T16:44:01.859+0000] {processor.py:161} INFO - Started process (PID=1795) to work on /home/airflow/.local/lib/python3.8/site-packages/airflow/example_dags/example_task_group_decorator.py
[2025-04-05T16:44:01.860+0000] {processor.py:830} INFO - Processing file /home/airflow/.local/lib/python3.8/site-packages/airflow/example_dags/example_task_group_decorator.py for tasks to queue
[2025-04-05T16:44:01.860+0000] {logging_mixin.py:188} INFO - [2025-04-05T16:44:01.860+0000] {dagbag.py:538} INFO - Filling up the DagBag from /home/airflow/.local/lib/python3.8/site-packages/airflow/example_dags/example_task_group_decorator.py
[2025-04-05T16:44:01.873+0000] {processor.py:840} INFO - DAG(s) 'example_task_group_decorator' retrieved from /home/airflow/.local/lib/python3.8/site-packages/airflow/example_dags/example_task_group_decorator.py
[2025-04-05T16:44:01.896+0000] {logging_mixin.py:188} INFO - [2025-04-05T16:44:01.896+0000] {dag.py:3036} INFO - Sync 1 DAGs
[2025-04-05T16:44:01.914+0000] {logging_mixin.py:188} INFO - [2025-04-05T16:44:01.914+0000] {dag.py:3823} INFO - Setting next_dagrun for example_task_group_decorator to 2025-04-04 00:00:00+00:00, run_after=2025-04-05 00:00:00+00:00
[2025-04-05T16:44:01.934+0000] {processor.py:183} INFO - Processing /home/airflow/.local/lib/python3.8/site-packages/airflow/example_dags/example_task_group_decorator.py took 0.078 seconds
[2025-04-05T16:44:32.080+0000] {processor.py:161} INFO - Started process (PID=2042) to work on /home/airflow/.local/lib/python3.8/site-packages/airflow/example_dags/example_task_group_decorator.py
[2025-04-05T16:44:32.081+0000] {processor.py:830} INFO - Processing file /home/airflow/.local/lib/python3.8/site-packages/airflow/example_dags/example_task_group_decorator.py for tasks to queue
[2025-04-05T16:44:32.082+0000] {logging_mixin.py:188} INFO - [2025-04-05T16:44:32.082+0000] {dagbag.py:538} INFO - Filling up the DagBag from /home/airflow/.local/lib/python3.8/site-packages/airflow/example_dags/example_task_group_decorator.py
[2025-04-05T16:44:32.097+0000] {processor.py:840} INFO - DAG(s) 'example_task_group_decorator' retrieved from /home/airflow/.local/lib/python3.8/site-packages/airflow/example_dags/example_task_group_decorator.py
[2025-04-05T16:44:32.124+0000] {logging_mixin.py:188} INFO - [2025-04-05T16:44:32.124+0000] {dag.py:3036} INFO - Sync 1 DAGs
[2025-04-05T16:44:32.148+0000] {logging_mixin.py:188} INFO - [2025-04-05T16:44:32.148+0000] {dag.py:3823} INFO - Setting next_dagrun for example_task_group_decorator to 2025-04-04 00:00:00+00:00, run_after=2025-04-05 00:00:00+00:00
[2025-04-05T16:44:32.167+0000] {processor.py:183} INFO - Processing /home/airflow/.local/lib/python3.8/site-packages/airflow/example_dags/example_task_group_decorator.py took 0.091 seconds
[2025-04-05T16:45:02.241+0000] {processor.py:161} INFO - Started process (PID=2289) to work on /home/airflow/.local/lib/python3.8/site-packages/airflow/example_dags/example_task_group_decorator.py
[2025-04-05T16:45:02.242+0000] {processor.py:830} INFO - Processing file /home/airflow/.local/lib/python3.8/site-packages/airflow/example_dags/example_task_group_decorator.py for tasks to queue
[2025-04-05T16:45:02.243+0000] {logging_mixin.py:188} INFO - [2025-04-05T16:45:02.243+0000] {dagbag.py:538} INFO - Filling up the DagBag from /home/airflow/.local/lib/python3.8/site-packages/airflow/example_dags/example_task_group_decorator.py
[2025-04-05T16:45:02.256+0000] {processor.py:840} INFO - DAG(s) 'example_task_group_decorator' retrieved from /home/airflow/.local/lib/python3.8/site-packages/airflow/example_dags/example_task_group_decorator.py
[2025-04-05T16:45:02.278+0000] {logging_mixin.py:188} INFO - [2025-04-05T16:45:02.278+0000] {dag.py:3036} INFO - Sync 1 DAGs
[2025-04-05T16:45:02.297+0000] {logging_mixin.py:188} INFO - [2025-04-05T16:45:02.297+0000] {dag.py:3823} INFO - Setting next_dagrun for example_task_group_decorator to 2025-04-04 00:00:00+00:00, run_after=2025-04-05 00:00:00+00:00
[2025-04-05T16:45:02.315+0000] {processor.py:183} INFO - Processing /home/airflow/.local/lib/python3.8/site-packages/airflow/example_dags/example_task_group_decorator.py took 0.077 seconds
[2025-04-05T16:45:33.139+0000] {processor.py:161} INFO - Started process (PID=2534) to work on /home/airflow/.local/lib/python3.8/site-packages/airflow/example_dags/example_task_group_decorator.py
[2025-04-05T16:45:33.141+0000] {processor.py:830} INFO - Processing file /home/airflow/.local/lib/python3.8/site-packages/airflow/example_dags/example_task_group_decorator.py for tasks to queue
[2025-04-05T16:45:33.142+0000] {logging_mixin.py:188} INFO - [2025-04-05T16:45:33.142+0000] {dagbag.py:538} INFO - Filling up the DagBag from /home/airflow/.local/lib/python3.8/site-packages/airflow/example_dags/example_task_group_decorator.py
[2025-04-05T16:45:33.161+0000] {processor.py:840} INFO - DAG(s) 'example_task_group_decorator' retrieved from /home/airflow/.local/lib/python3.8/site-packages/airflow/example_dags/example_task_group_decorator.py
[2025-04-05T16:45:33.191+0000] {logging_mixin.py:188} INFO - [2025-04-05T16:45:33.190+0000] {dag.py:3036} INFO - Sync 1 DAGs
[2025-04-05T16:45:33.218+0000] {logging_mixin.py:188} INFO - [2025-04-05T16:45:33.218+0000] {dag.py:3823} INFO - Setting next_dagrun for example_task_group_decorator to 2025-04-04 00:00:00+00:00, run_after=2025-04-05 00:00:00+00:00
[2025-04-05T16:45:33.244+0000] {processor.py:183} INFO - Processing /home/airflow/.local/lib/python3.8/site-packages/airflow/example_dags/example_task_group_decorator.py took 0.110 seconds
[2025-04-05T16:46:03.831+0000] {processor.py:161} INFO - Started process (PID=2783) to work on /home/airflow/.local/lib/python3.8/site-packages/airflow/example_dags/example_task_group_decorator.py
[2025-04-05T16:46:03.833+0000] {processor.py:830} INFO - Processing file /home/airflow/.local/lib/python3.8/site-packages/airflow/example_dags/example_task_group_decorator.py for tasks to queue
[2025-04-05T16:46:03.834+0000] {logging_mixin.py:188} INFO - [2025-04-05T16:46:03.834+0000] {dagbag.py:538} INFO - Filling up the DagBag from /home/airflow/.local/lib/python3.8/site-packages/airflow/example_dags/example_task_group_decorator.py
[2025-04-05T16:46:03.857+0000] {processor.py:840} INFO - DAG(s) 'example_task_group_decorator' retrieved from /home/airflow/.local/lib/python3.8/site-packages/airflow/example_dags/example_task_group_decorator.py
[2025-04-05T16:46:03.896+0000] {logging_mixin.py:188} INFO - [2025-04-05T16:46:03.896+0000] {dag.py:3036} INFO - Sync 1 DAGs
[2025-04-05T16:46:03.936+0000] {logging_mixin.py:188} INFO - [2025-04-05T16:46:03.936+0000] {dag.py:3823} INFO - Setting next_dagrun for example_task_group_decorator to 2025-04-04 00:00:00+00:00, run_after=2025-04-05 00:00:00+00:00
[2025-04-05T16:46:03.987+0000] {processor.py:183} INFO - Processing /home/airflow/.local/lib/python3.8/site-packages/airflow/example_dags/example_task_group_decorator.py took 0.161 seconds
[2025-04-05T16:46:34.645+0000] {processor.py:161} INFO - Started process (PID=3028) to work on /home/airflow/.local/lib/python3.8/site-packages/airflow/example_dags/example_task_group_decorator.py
[2025-04-05T16:46:34.647+0000] {processor.py:830} INFO - Processing file /home/airflow/.local/lib/python3.8/site-packages/airflow/example_dags/example_task_group_decorator.py for tasks to queue
[2025-04-05T16:46:34.649+0000] {logging_mixin.py:188} INFO - [2025-04-05T16:46:34.649+0000] {dagbag.py:538} INFO - Filling up the DagBag from /home/airflow/.local/lib/python3.8/site-packages/airflow/example_dags/example_task_group_decorator.py
[2025-04-05T16:46:34.674+0000] {processor.py:840} INFO - DAG(s) 'example_task_group_decorator' retrieved from /home/airflow/.local/lib/python3.8/site-packages/airflow/example_dags/example_task_group_decorator.py
[2025-04-05T16:46:34.703+0000] {logging_mixin.py:188} INFO - [2025-04-05T16:46:34.702+0000] {dag.py:3036} INFO - Sync 1 DAGs
[2025-04-05T16:46:34.728+0000] {logging_mixin.py:188} INFO - [2025-04-05T16:46:34.728+0000] {dag.py:3823} INFO - Setting next_dagrun for example_task_group_decorator to 2025-04-04 00:00:00+00:00, run_after=2025-04-05 00:00:00+00:00
[2025-04-05T16:46:34.749+0000] {processor.py:183} INFO - Processing /home/airflow/.local/lib/python3.8/site-packages/airflow/example_dags/example_task_group_decorator.py took 0.109 seconds
[2025-04-05T16:47:04.991+0000] {processor.py:161} INFO - Started process (PID=3277) to work on /home/airflow/.local/lib/python3.8/site-packages/airflow/example_dags/example_task_group_decorator.py
[2025-04-05T16:47:04.992+0000] {processor.py:830} INFO - Processing file /home/airflow/.local/lib/python3.8/site-packages/airflow/example_dags/example_task_group_decorator.py for tasks to queue
[2025-04-05T16:47:04.993+0000] {logging_mixin.py:188} INFO - [2025-04-05T16:47:04.993+0000] {dagbag.py:538} INFO - Filling up the DagBag from /home/airflow/.local/lib/python3.8/site-packages/airflow/example_dags/example_task_group_decorator.py
[2025-04-05T16:47:05.008+0000] {processor.py:840} INFO - DAG(s) 'example_task_group_decorator' retrieved from /home/airflow/.local/lib/python3.8/site-packages/airflow/example_dags/example_task_group_decorator.py
[2025-04-05T16:47:05.038+0000] {logging_mixin.py:188} INFO - [2025-04-05T16:47:05.037+0000] {dag.py:3036} INFO - Sync 1 DAGs
[2025-04-05T16:47:05.064+0000] {logging_mixin.py:188} INFO - [2025-04-05T16:47:05.064+0000] {dag.py:3823} INFO - Setting next_dagrun for example_task_group_decorator to 2025-04-04 00:00:00+00:00, run_after=2025-04-05 00:00:00+00:00
[2025-04-05T16:47:05.088+0000] {processor.py:183} INFO - Processing /home/airflow/.local/lib/python3.8/site-packages/airflow/example_dags/example_task_group_decorator.py took 0.100 seconds
[2025-04-05T16:47:35.139+0000] {processor.py:161} INFO - Started process (PID=3522) to work on /home/airflow/.local/lib/python3.8/site-packages/airflow/example_dags/example_task_group_decorator.py
[2025-04-05T16:47:35.140+0000] {processor.py:830} INFO - Processing file /home/airflow/.local/lib/python3.8/site-packages/airflow/example_dags/example_task_group_decorator.py for tasks to queue
[2025-04-05T16:47:35.142+0000] {logging_mixin.py:188} INFO - [2025-04-05T16:47:35.141+0000] {dagbag.py:538} INFO - Filling up the DagBag from /home/airflow/.local/lib/python3.8/site-packages/airflow/example_dags/example_task_group_decorator.py
[2025-04-05T16:47:35.155+0000] {processor.py:840} INFO - DAG(s) 'example_task_group_decorator' retrieved from /home/airflow/.local/lib/python3.8/site-packages/airflow/example_dags/example_task_group_decorator.py
[2025-04-05T16:47:35.181+0000] {logging_mixin.py:188} INFO - [2025-04-05T16:47:35.180+0000] {dag.py:3036} INFO - Sync 1 DAGs
[2025-04-05T16:47:35.204+0000] {logging_mixin.py:188} INFO - [2025-04-05T16:47:35.204+0000] {dag.py:3823} INFO - Setting next_dagrun for example_task_group_decorator to 2025-04-04 00:00:00+00:00, run_after=2025-04-05 00:00:00+00:00
[2025-04-05T16:47:35.227+0000] {processor.py:183} INFO - Processing /home/airflow/.local/lib/python3.8/site-packages/airflow/example_dags/example_task_group_decorator.py took 0.091 seconds
[2025-04-05T16:48:05.500+0000] {processor.py:161} INFO - Started process (PID=3771) to work on /home/airflow/.local/lib/python3.8/site-packages/airflow/example_dags/example_task_group_decorator.py
[2025-04-05T16:48:05.502+0000] {processor.py:830} INFO - Processing file /home/airflow/.local/lib/python3.8/site-packages/airflow/example_dags/example_task_group_decorator.py for tasks to queue
[2025-04-05T16:48:05.503+0000] {logging_mixin.py:188} INFO - [2025-04-05T16:48:05.503+0000] {dagbag.py:538} INFO - Filling up the DagBag from /home/airflow/.local/lib/python3.8/site-packages/airflow/example_dags/example_task_group_decorator.py
[2025-04-05T16:48:05.519+0000] {processor.py:840} INFO - DAG(s) 'example_task_group_decorator' retrieved from /home/airflow/.local/lib/python3.8/site-packages/airflow/example_dags/example_task_group_decorator.py
[2025-04-05T16:48:05.543+0000] {logging_mixin.py:188} INFO - [2025-04-05T16:48:05.543+0000] {dag.py:3036} INFO - Sync 1 DAGs
[2025-04-05T16:48:05.565+0000] {logging_mixin.py:188} INFO - [2025-04-05T16:48:05.564+0000] {dag.py:3823} INFO - Setting next_dagrun for example_task_group_decorator to 2025-04-04 00:00:00+00:00, run_after=2025-04-05 00:00:00+00:00
[2025-04-05T16:48:05.587+0000] {processor.py:183} INFO - Processing /home/airflow/.local/lib/python3.8/site-packages/airflow/example_dags/example_task_group_decorator.py took 0.090 seconds
[2025-04-05T16:48:36.466+0000] {processor.py:161} INFO - Started process (PID=4019) to work on /home/airflow/.local/lib/python3.8/site-packages/airflow/example_dags/example_task_group_decorator.py
[2025-04-05T16:48:36.467+0000] {processor.py:830} INFO - Processing file /home/airflow/.local/lib/python3.8/site-packages/airflow/example_dags/example_task_group_decorator.py for tasks to queue
[2025-04-05T16:48:36.469+0000] {logging_mixin.py:188} INFO - [2025-04-05T16:48:36.468+0000] {dagbag.py:538} INFO - Filling up the DagBag from /home/airflow/.local/lib/python3.8/site-packages/airflow/example_dags/example_task_group_decorator.py
[2025-04-05T16:48:36.494+0000] {processor.py:840} INFO - DAG(s) 'example_task_group_decorator' retrieved from /home/airflow/.local/lib/python3.8/site-packages/airflow/example_dags/example_task_group_decorator.py
[2025-04-05T16:48:36.531+0000] {logging_mixin.py:188} INFO - [2025-04-05T16:48:36.531+0000] {dag.py:3036} INFO - Sync 1 DAGs
[2025-04-05T16:48:36.566+0000] {logging_mixin.py:188} INFO - [2025-04-05T16:48:36.566+0000] {dag.py:3823} INFO - Setting next_dagrun for example_task_group_decorator to 2025-04-04 00:00:00+00:00, run_after=2025-04-05 00:00:00+00:00
[2025-04-05T16:48:36.586+0000] {processor.py:183} INFO - Processing /home/airflow/.local/lib/python3.8/site-packages/airflow/example_dags/example_task_group_decorator.py took 0.124 seconds
[2025-04-05T16:49:06.643+0000] {processor.py:161} INFO - Started process (PID=4267) to work on /home/airflow/.local/lib/python3.8/site-packages/airflow/example_dags/example_task_group_decorator.py
[2025-04-05T16:49:06.644+0000] {processor.py:830} INFO - Processing file /home/airflow/.local/lib/python3.8/site-packages/airflow/example_dags/example_task_group_decorator.py for tasks to queue
[2025-04-05T16:49:06.645+0000] {logging_mixin.py:188} INFO - [2025-04-05T16:49:06.645+0000] {dagbag.py:538} INFO - Filling up the DagBag from /home/airflow/.local/lib/python3.8/site-packages/airflow/example_dags/example_task_group_decorator.py
[2025-04-05T16:49:06.658+0000] {processor.py:840} INFO - DAG(s) 'example_task_group_decorator' retrieved from /home/airflow/.local/lib/python3.8/site-packages/airflow/example_dags/example_task_group_decorator.py
[2025-04-05T16:49:06.686+0000] {logging_mixin.py:188} INFO - [2025-04-05T16:49:06.686+0000] {dag.py:3036} INFO - Sync 1 DAGs
[2025-04-05T16:49:06.708+0000] {logging_mixin.py:188} INFO - [2025-04-05T16:49:06.708+0000] {dag.py:3823} INFO - Setting next_dagrun for example_task_group_decorator to 2025-04-04 00:00:00+00:00, run_after=2025-04-05 00:00:00+00:00
[2025-04-05T16:49:06.730+0000] {processor.py:183} INFO - Processing /home/airflow/.local/lib/python3.8/site-packages/airflow/example_dags/example_task_group_decorator.py took 0.091 seconds
[2025-04-05T16:49:37.111+0000] {processor.py:161} INFO - Started process (PID=4538) to work on /home/airflow/.local/lib/python3.8/site-packages/airflow/example_dags/example_task_group_decorator.py
[2025-04-05T16:49:37.112+0000] {processor.py:830} INFO - Processing file /home/airflow/.local/lib/python3.8/site-packages/airflow/example_dags/example_task_group_decorator.py for tasks to queue
[2025-04-05T16:49:37.113+0000] {logging_mixin.py:188} INFO - [2025-04-05T16:49:37.112+0000] {dagbag.py:538} INFO - Filling up the DagBag from /home/airflow/.local/lib/python3.8/site-packages/airflow/example_dags/example_task_group_decorator.py
[2025-04-05T16:49:37.125+0000] {processor.py:840} INFO - DAG(s) 'example_task_group_decorator' retrieved from /home/airflow/.local/lib/python3.8/site-packages/airflow/example_dags/example_task_group_decorator.py
[2025-04-05T16:49:37.150+0000] {logging_mixin.py:188} INFO - [2025-04-05T16:49:37.150+0000] {dag.py:3036} INFO - Sync 1 DAGs
[2025-04-05T16:49:37.172+0000] {logging_mixin.py:188} INFO - [2025-04-05T16:49:37.172+0000] {dag.py:3823} INFO - Setting next_dagrun for example_task_group_decorator to 2025-04-04 00:00:00+00:00, run_after=2025-04-05 00:00:00+00:00
[2025-04-05T16:49:37.193+0000] {processor.py:183} INFO - Processing /home/airflow/.local/lib/python3.8/site-packages/airflow/example_dags/example_task_group_decorator.py took 0.086 seconds
[2025-04-05T16:50:07.487+0000] {processor.py:161} INFO - Started process (PID=4785) to work on /home/airflow/.local/lib/python3.8/site-packages/airflow/example_dags/example_task_group_decorator.py
[2025-04-05T16:50:07.488+0000] {processor.py:830} INFO - Processing file /home/airflow/.local/lib/python3.8/site-packages/airflow/example_dags/example_task_group_decorator.py for tasks to queue
[2025-04-05T16:50:07.489+0000] {logging_mixin.py:188} INFO - [2025-04-05T16:50:07.489+0000] {dagbag.py:538} INFO - Filling up the DagBag from /home/airflow/.local/lib/python3.8/site-packages/airflow/example_dags/example_task_group_decorator.py
[2025-04-05T16:50:07.504+0000] {processor.py:840} INFO - DAG(s) 'example_task_group_decorator' retrieved from /home/airflow/.local/lib/python3.8/site-packages/airflow/example_dags/example_task_group_decorator.py
[2025-04-05T16:50:07.530+0000] {logging_mixin.py:188} INFO - [2025-04-05T16:50:07.529+0000] {dag.py:3036} INFO - Sync 1 DAGs
[2025-04-05T16:50:07.551+0000] {logging_mixin.py:188} INFO - [2025-04-05T16:50:07.551+0000] {dag.py:3823} INFO - Setting next_dagrun for example_task_group_decorator to 2025-04-04 00:00:00+00:00, run_after=2025-04-05 00:00:00+00:00
[2025-04-05T16:50:07.572+0000] {processor.py:183} INFO - Processing /home/airflow/.local/lib/python3.8/site-packages/airflow/example_dags/example_task_group_decorator.py took 0.089 seconds
[2025-04-05T16:50:37.636+0000] {processor.py:161} INFO - Started process (PID=5032) to work on /home/airflow/.local/lib/python3.8/site-packages/airflow/example_dags/example_task_group_decorator.py
[2025-04-05T16:50:37.637+0000] {processor.py:830} INFO - Processing file /home/airflow/.local/lib/python3.8/site-packages/airflow/example_dags/example_task_group_decorator.py for tasks to queue
[2025-04-05T16:50:37.638+0000] {logging_mixin.py:188} INFO - [2025-04-05T16:50:37.638+0000] {dagbag.py:538} INFO - Filling up the DagBag from /home/airflow/.local/lib/python3.8/site-packages/airflow/example_dags/example_task_group_decorator.py
[2025-04-05T16:50:37.650+0000] {processor.py:840} INFO - DAG(s) 'example_task_group_decorator' retrieved from /home/airflow/.local/lib/python3.8/site-packages/airflow/example_dags/example_task_group_decorator.py
[2025-04-05T16:50:37.674+0000] {logging_mixin.py:188} INFO - [2025-04-05T16:50:37.674+0000] {dag.py:3036} INFO - Sync 1 DAGs
[2025-04-05T16:50:37.695+0000] {logging_mixin.py:188} INFO - [2025-04-05T16:50:37.694+0000] {dag.py:3823} INFO - Setting next_dagrun for example_task_group_decorator to 2025-04-04 00:00:00+00:00, run_after=2025-04-05 00:00:00+00:00
[2025-04-05T16:50:37.717+0000] {processor.py:183} INFO - Processing /home/airflow/.local/lib/python3.8/site-packages/airflow/example_dags/example_task_group_decorator.py took 0.084 seconds
[2025-04-05T16:51:07.860+0000] {processor.py:161} INFO - Started process (PID=5287) to work on /home/airflow/.local/lib/python3.8/site-packages/airflow/example_dags/example_task_group_decorator.py
[2025-04-05T16:51:07.861+0000] {processor.py:830} INFO - Processing file /home/airflow/.local/lib/python3.8/site-packages/airflow/example_dags/example_task_group_decorator.py for tasks to queue
[2025-04-05T16:51:07.862+0000] {logging_mixin.py:188} INFO - [2025-04-05T16:51:07.862+0000] {dagbag.py:538} INFO - Filling up the DagBag from /home/airflow/.local/lib/python3.8/site-packages/airflow/example_dags/example_task_group_decorator.py
[2025-04-05T16:51:07.876+0000] {processor.py:840} INFO - DAG(s) 'example_task_group_decorator' retrieved from /home/airflow/.local/lib/python3.8/site-packages/airflow/example_dags/example_task_group_decorator.py
[2025-04-05T16:51:07.906+0000] {logging_mixin.py:188} INFO - [2025-04-05T16:51:07.905+0000] {dag.py:3036} INFO - Sync 1 DAGs
[2025-04-05T16:51:07.935+0000] {logging_mixin.py:188} INFO - [2025-04-05T16:51:07.935+0000] {dag.py:3823} INFO - Setting next_dagrun for example_task_group_decorator to 2025-04-04 00:00:00+00:00, run_after=2025-04-05 00:00:00+00:00
[2025-04-05T16:51:07.958+0000] {processor.py:183} INFO - Processing /home/airflow/.local/lib/python3.8/site-packages/airflow/example_dags/example_task_group_decorator.py took 0.101 seconds
[2025-04-05T16:51:38.303+0000] {processor.py:161} INFO - Started process (PID=5539) to work on /home/airflow/.local/lib/python3.8/site-packages/airflow/example_dags/example_task_group_decorator.py
[2025-04-05T16:51:38.304+0000] {processor.py:830} INFO - Processing file /home/airflow/.local/lib/python3.8/site-packages/airflow/example_dags/example_task_group_decorator.py for tasks to queue
[2025-04-05T16:51:38.305+0000] {logging_mixin.py:188} INFO - [2025-04-05T16:51:38.305+0000] {dagbag.py:538} INFO - Filling up the DagBag from /home/airflow/.local/lib/python3.8/site-packages/airflow/example_dags/example_task_group_decorator.py
[2025-04-05T16:51:38.319+0000] {processor.py:840} INFO - DAG(s) 'example_task_group_decorator' retrieved from /home/airflow/.local/lib/python3.8/site-packages/airflow/example_dags/example_task_group_decorator.py
[2025-04-05T16:51:38.345+0000] {logging_mixin.py:188} INFO - [2025-04-05T16:51:38.345+0000] {dag.py:3036} INFO - Sync 1 DAGs
[2025-04-05T16:51:38.370+0000] {logging_mixin.py:188} INFO - [2025-04-05T16:51:38.370+0000] {dag.py:3823} INFO - Setting next_dagrun for example_task_group_decorator to 2025-04-04 00:00:00+00:00, run_after=2025-04-05 00:00:00+00:00
[2025-04-05T16:51:38.390+0000] {processor.py:183} INFO - Processing /home/airflow/.local/lib/python3.8/site-packages/airflow/example_dags/example_task_group_decorator.py took 0.090 seconds
[2025-04-05T16:52:08.604+0000] {processor.py:161} INFO - Started process (PID=5791) to work on /home/airflow/.local/lib/python3.8/site-packages/airflow/example_dags/example_task_group_decorator.py
[2025-04-05T16:52:08.606+0000] {processor.py:830} INFO - Processing file /home/airflow/.local/lib/python3.8/site-packages/airflow/example_dags/example_task_group_decorator.py for tasks to queue
[2025-04-05T16:52:08.608+0000] {logging_mixin.py:188} INFO - [2025-04-05T16:52:08.608+0000] {dagbag.py:538} INFO - Filling up the DagBag from /home/airflow/.local/lib/python3.8/site-packages/airflow/example_dags/example_task_group_decorator.py
[2025-04-05T16:52:08.628+0000] {processor.py:840} INFO - DAG(s) 'example_task_group_decorator' retrieved from /home/airflow/.local/lib/python3.8/site-packages/airflow/example_dags/example_task_group_decorator.py
[2025-04-05T16:52:08.665+0000] {logging_mixin.py:188} INFO - [2025-04-05T16:52:08.664+0000] {dag.py:3036} INFO - Sync 1 DAGs
[2025-04-05T16:52:08.699+0000] {logging_mixin.py:188} INFO - [2025-04-05T16:52:08.699+0000] {dag.py:3823} INFO - Setting next_dagrun for example_task_group_decorator to 2025-04-04 00:00:00+00:00, run_after=2025-04-05 00:00:00+00:00
[2025-04-05T16:52:08.726+0000] {processor.py:183} INFO - Processing /home/airflow/.local/lib/python3.8/site-packages/airflow/example_dags/example_task_group_decorator.py took 0.126 seconds
[2025-04-05T16:52:38.951+0000] {processor.py:161} INFO - Started process (PID=6043) to work on /home/airflow/.local/lib/python3.8/site-packages/airflow/example_dags/example_task_group_decorator.py
[2025-04-05T16:52:38.952+0000] {processor.py:830} INFO - Processing file /home/airflow/.local/lib/python3.8/site-packages/airflow/example_dags/example_task_group_decorator.py for tasks to queue
[2025-04-05T16:52:38.953+0000] {logging_mixin.py:188} INFO - [2025-04-05T16:52:38.953+0000] {dagbag.py:538} INFO - Filling up the DagBag from /home/airflow/.local/lib/python3.8/site-packages/airflow/example_dags/example_task_group_decorator.py
[2025-04-05T16:52:38.969+0000] {processor.py:840} INFO - DAG(s) 'example_task_group_decorator' retrieved from /home/airflow/.local/lib/python3.8/site-packages/airflow/example_dags/example_task_group_decorator.py
[2025-04-05T16:52:38.994+0000] {logging_mixin.py:188} INFO - [2025-04-05T16:52:38.993+0000] {dag.py:3036} INFO - Sync 1 DAGs
[2025-04-05T16:52:39.018+0000] {logging_mixin.py:188} INFO - [2025-04-05T16:52:39.018+0000] {dag.py:3823} INFO - Setting next_dagrun for example_task_group_decorator to 2025-04-04 00:00:00+00:00, run_after=2025-04-05 00:00:00+00:00
[2025-04-05T16:52:39.037+0000] {processor.py:183} INFO - Processing /home/airflow/.local/lib/python3.8/site-packages/airflow/example_dags/example_task_group_decorator.py took 0.090 seconds
[2025-04-05T16:53:09.128+0000] {processor.py:161} INFO - Started process (PID=6296) to work on /home/airflow/.local/lib/python3.8/site-packages/airflow/example_dags/example_task_group_decorator.py
[2025-04-05T16:53:09.129+0000] {processor.py:830} INFO - Processing file /home/airflow/.local/lib/python3.8/site-packages/airflow/example_dags/example_task_group_decorator.py for tasks to queue
[2025-04-05T16:53:09.129+0000] {logging_mixin.py:188} INFO - [2025-04-05T16:53:09.129+0000] {dagbag.py:538} INFO - Filling up the DagBag from /home/airflow/.local/lib/python3.8/site-packages/airflow/example_dags/example_task_group_decorator.py
[2025-04-05T16:53:09.143+0000] {processor.py:840} INFO - DAG(s) 'example_task_group_decorator' retrieved from /home/airflow/.local/lib/python3.8/site-packages/airflow/example_dags/example_task_group_decorator.py
[2025-04-05T16:53:09.167+0000] {logging_mixin.py:188} INFO - [2025-04-05T16:53:09.167+0000] {dag.py:3036} INFO - Sync 1 DAGs
[2025-04-05T16:53:09.190+0000] {logging_mixin.py:188} INFO - [2025-04-05T16:53:09.190+0000] {dag.py:3823} INFO - Setting next_dagrun for example_task_group_decorator to 2025-04-04 00:00:00+00:00, run_after=2025-04-05 00:00:00+00:00
[2025-04-05T16:53:09.211+0000] {processor.py:183} INFO - Processing /home/airflow/.local/lib/python3.8/site-packages/airflow/example_dags/example_task_group_decorator.py took 0.087 seconds
[2025-04-05T16:53:39.469+0000] {processor.py:161} INFO - Started process (PID=6548) to work on /home/airflow/.local/lib/python3.8/site-packages/airflow/example_dags/example_task_group_decorator.py
[2025-04-05T16:53:39.470+0000] {processor.py:830} INFO - Processing file /home/airflow/.local/lib/python3.8/site-packages/airflow/example_dags/example_task_group_decorator.py for tasks to queue
[2025-04-05T16:53:39.471+0000] {logging_mixin.py:188} INFO - [2025-04-05T16:53:39.471+0000] {dagbag.py:538} INFO - Filling up the DagBag from /home/airflow/.local/lib/python3.8/site-packages/airflow/example_dags/example_task_group_decorator.py
[2025-04-05T16:53:39.484+0000] {processor.py:840} INFO - DAG(s) 'example_task_group_decorator' retrieved from /home/airflow/.local/lib/python3.8/site-packages/airflow/example_dags/example_task_group_decorator.py
[2025-04-05T16:53:39.510+0000] {logging_mixin.py:188} INFO - [2025-04-05T16:53:39.509+0000] {dag.py:3036} INFO - Sync 1 DAGs
[2025-04-05T16:53:39.531+0000] {logging_mixin.py:188} INFO - [2025-04-05T16:53:39.531+0000] {dag.py:3823} INFO - Setting next_dagrun for example_task_group_decorator to 2025-04-04 00:00:00+00:00, run_after=2025-04-05 00:00:00+00:00
[2025-04-05T16:53:39.549+0000] {processor.py:183} INFO - Processing /home/airflow/.local/lib/python3.8/site-packages/airflow/example_dags/example_task_group_decorator.py took 0.083 seconds
[2025-04-05T16:54:09.640+0000] {processor.py:161} INFO - Started process (PID=6800) to work on /home/airflow/.local/lib/python3.8/site-packages/airflow/example_dags/example_task_group_decorator.py
[2025-04-05T16:54:09.641+0000] {processor.py:830} INFO - Processing file /home/airflow/.local/lib/python3.8/site-packages/airflow/example_dags/example_task_group_decorator.py for tasks to queue
[2025-04-05T16:54:09.642+0000] {logging_mixin.py:188} INFO - [2025-04-05T16:54:09.642+0000] {dagbag.py:538} INFO - Filling up the DagBag from /home/airflow/.local/lib/python3.8/site-packages/airflow/example_dags/example_task_group_decorator.py
[2025-04-05T16:54:09.658+0000] {processor.py:840} INFO - DAG(s) 'example_task_group_decorator' retrieved from /home/airflow/.local/lib/python3.8/site-packages/airflow/example_dags/example_task_group_decorator.py
[2025-04-05T16:54:09.684+0000] {logging_mixin.py:188} INFO - [2025-04-05T16:54:09.683+0000] {dag.py:3036} INFO - Sync 1 DAGs
[2025-04-05T16:54:09.707+0000] {logging_mixin.py:188} INFO - [2025-04-05T16:54:09.706+0000] {dag.py:3823} INFO - Setting next_dagrun for example_task_group_decorator to 2025-04-04 00:00:00+00:00, run_after=2025-04-05 00:00:00+00:00
[2025-04-05T16:54:09.727+0000] {processor.py:183} INFO - Processing /home/airflow/.local/lib/python3.8/site-packages/airflow/example_dags/example_task_group_decorator.py took 0.091 seconds
[2025-04-05T16:54:39.973+0000] {processor.py:161} INFO - Started process (PID=7052) to work on /home/airflow/.local/lib/python3.8/site-packages/airflow/example_dags/example_task_group_decorator.py
[2025-04-05T16:54:39.974+0000] {processor.py:830} INFO - Processing file /home/airflow/.local/lib/python3.8/site-packages/airflow/example_dags/example_task_group_decorator.py for tasks to queue
[2025-04-05T16:54:39.975+0000] {logging_mixin.py:188} INFO - [2025-04-05T16:54:39.975+0000] {dagbag.py:538} INFO - Filling up the DagBag from /home/airflow/.local/lib/python3.8/site-packages/airflow/example_dags/example_task_group_decorator.py
[2025-04-05T16:54:39.991+0000] {processor.py:840} INFO - DAG(s) 'example_task_group_decorator' retrieved from /home/airflow/.local/lib/python3.8/site-packages/airflow/example_dags/example_task_group_decorator.py
[2025-04-05T16:54:40.016+0000] {logging_mixin.py:188} INFO - [2025-04-05T16:54:40.016+0000] {dag.py:3036} INFO - Sync 1 DAGs
[2025-04-05T16:54:40.041+0000] {logging_mixin.py:188} INFO - [2025-04-05T16:54:40.040+0000] {dag.py:3823} INFO - Setting next_dagrun for example_task_group_decorator to 2025-04-04 00:00:00+00:00, run_after=2025-04-05 00:00:00+00:00
[2025-04-05T16:54:40.062+0000] {processor.py:183} INFO - Processing /home/airflow/.local/lib/python3.8/site-packages/airflow/example_dags/example_task_group_decorator.py took 0.093 seconds
[2025-04-05T16:55:10.107+0000] {processor.py:161} INFO - Started process (PID=7304) to work on /home/airflow/.local/lib/python3.8/site-packages/airflow/example_dags/example_task_group_decorator.py
[2025-04-05T16:55:10.108+0000] {processor.py:830} INFO - Processing file /home/airflow/.local/lib/python3.8/site-packages/airflow/example_dags/example_task_group_decorator.py for tasks to queue
[2025-04-05T16:55:10.110+0000] {logging_mixin.py:188} INFO - [2025-04-05T16:55:10.110+0000] {dagbag.py:538} INFO - Filling up the DagBag from /home/airflow/.local/lib/python3.8/site-packages/airflow/example_dags/example_task_group_decorator.py
[2025-04-05T16:55:10.125+0000] {processor.py:840} INFO - DAG(s) 'example_task_group_decorator' retrieved from /home/airflow/.local/lib/python3.8/site-packages/airflow/example_dags/example_task_group_decorator.py
[2025-04-05T16:55:10.152+0000] {logging_mixin.py:188} INFO - [2025-04-05T16:55:10.152+0000] {dag.py:3036} INFO - Sync 1 DAGs
[2025-04-05T16:55:10.177+0000] {logging_mixin.py:188} INFO - [2025-04-05T16:55:10.177+0000] {dag.py:3823} INFO - Setting next_dagrun for example_task_group_decorator to 2025-04-04 00:00:00+00:00, run_after=2025-04-05 00:00:00+00:00
[2025-04-05T16:55:10.199+0000] {processor.py:183} INFO - Processing /home/airflow/.local/lib/python3.8/site-packages/airflow/example_dags/example_task_group_decorator.py took 0.095 seconds
[2025-04-05T16:55:40.594+0000] {processor.py:161} INFO - Started process (PID=7558) to work on /home/airflow/.local/lib/python3.8/site-packages/airflow/example_dags/example_task_group_decorator.py
[2025-04-05T16:55:40.595+0000] {processor.py:830} INFO - Processing file /home/airflow/.local/lib/python3.8/site-packages/airflow/example_dags/example_task_group_decorator.py for tasks to queue
[2025-04-05T16:55:40.596+0000] {logging_mixin.py:188} INFO - [2025-04-05T16:55:40.596+0000] {dagbag.py:538} INFO - Filling up the DagBag from /home/airflow/.local/lib/python3.8/site-packages/airflow/example_dags/example_task_group_decorator.py
[2025-04-05T16:55:40.609+0000] {processor.py:840} INFO - DAG(s) 'example_task_group_decorator' retrieved from /home/airflow/.local/lib/python3.8/site-packages/airflow/example_dags/example_task_group_decorator.py
[2025-04-05T16:55:40.635+0000] {logging_mixin.py:188} INFO - [2025-04-05T16:55:40.635+0000] {dag.py:3036} INFO - Sync 1 DAGs
[2025-04-05T16:55:40.658+0000] {logging_mixin.py:188} INFO - [2025-04-05T16:55:40.657+0000] {dag.py:3823} INFO - Setting next_dagrun for example_task_group_decorator to 2025-04-04 00:00:00+00:00, run_after=2025-04-05 00:00:00+00:00
[2025-04-05T16:55:40.678+0000] {processor.py:183} INFO - Processing /home/airflow/.local/lib/python3.8/site-packages/airflow/example_dags/example_task_group_decorator.py took 0.087 seconds
[2025-04-05T16:56:10.865+0000] {processor.py:161} INFO - Started process (PID=7810) to work on /home/airflow/.local/lib/python3.8/site-packages/airflow/example_dags/example_task_group_decorator.py
[2025-04-05T16:56:10.866+0000] {processor.py:830} INFO - Processing file /home/airflow/.local/lib/python3.8/site-packages/airflow/example_dags/example_task_group_decorator.py for tasks to queue
[2025-04-05T16:56:10.867+0000] {logging_mixin.py:188} INFO - [2025-04-05T16:56:10.867+0000] {dagbag.py:538} INFO - Filling up the DagBag from /home/airflow/.local/lib/python3.8/site-packages/airflow/example_dags/example_task_group_decorator.py
[2025-04-05T16:56:10.880+0000] {processor.py:840} INFO - DAG(s) 'example_task_group_decorator' retrieved from /home/airflow/.local/lib/python3.8/site-packages/airflow/example_dags/example_task_group_decorator.py
[2025-04-05T16:56:10.904+0000] {logging_mixin.py:188} INFO - [2025-04-05T16:56:10.903+0000] {dag.py:3036} INFO - Sync 1 DAGs
[2025-04-05T16:56:10.924+0000] {logging_mixin.py:188} INFO - [2025-04-05T16:56:10.924+0000] {dag.py:3823} INFO - Setting next_dagrun for example_task_group_decorator to 2025-04-04 00:00:00+00:00, run_after=2025-04-05 00:00:00+00:00
[2025-04-05T16:56:10.943+0000] {processor.py:183} INFO - Processing /home/airflow/.local/lib/python3.8/site-packages/airflow/example_dags/example_task_group_decorator.py took 0.081 seconds
[2025-04-05T16:56:41.738+0000] {processor.py:161} INFO - Started process (PID=8056) to work on /home/airflow/.local/lib/python3.8/site-packages/airflow/example_dags/example_task_group_decorator.py
[2025-04-05T16:56:41.739+0000] {processor.py:830} INFO - Processing file /home/airflow/.local/lib/python3.8/site-packages/airflow/example_dags/example_task_group_decorator.py for tasks to queue
[2025-04-05T16:56:41.740+0000] {logging_mixin.py:188} INFO - [2025-04-05T16:56:41.740+0000] {dagbag.py:538} INFO - Filling up the DagBag from /home/airflow/.local/lib/python3.8/site-packages/airflow/example_dags/example_task_group_decorator.py
[2025-04-05T16:56:41.753+0000] {processor.py:840} INFO - DAG(s) 'example_task_group_decorator' retrieved from /home/airflow/.local/lib/python3.8/site-packages/airflow/example_dags/example_task_group_decorator.py
[2025-04-05T16:56:41.777+0000] {logging_mixin.py:188} INFO - [2025-04-05T16:56:41.777+0000] {dag.py:3036} INFO - Sync 1 DAGs
[2025-04-05T16:56:41.796+0000] {logging_mixin.py:188} INFO - [2025-04-05T16:56:41.796+0000] {dag.py:3823} INFO - Setting next_dagrun for example_task_group_decorator to 2025-04-04 00:00:00+00:00, run_after=2025-04-05 00:00:00+00:00
[2025-04-05T16:56:41.817+0000] {processor.py:183} INFO - Processing /home/airflow/.local/lib/python3.8/site-packages/airflow/example_dags/example_task_group_decorator.py took 0.082 seconds
