[2025-04-05T14:18:16.691+0000] {processor.py:161} INFO - Started process (PID=370) to work on /home/airflow/.local/lib/python3.8/site-packages/airflow/example_dags/example_time_delta_sensor_async.py
[2025-04-05T14:18:16.693+0000] {processor.py:830} INFO - Processing file /home/airflow/.local/lib/python3.8/site-packages/airflow/example_dags/example_time_delta_sensor_async.py for tasks to queue
[2025-04-05T14:18:16.695+0000] {logging_mixin.py:188} INFO - [2025-04-05T14:18:16.694+0000] {dagbag.py:538} INFO - Filling up the DagBag from /home/airflow/.local/lib/python3.8/site-packages/airflow/example_dags/example_time_delta_sensor_async.py
[2025-04-05T14:18:16.702+0000] {processor.py:840} INFO - DAG(s) 'example_time_delta_sensor_async' retrieved from /home/airflow/.local/lib/python3.8/site-packages/airflow/example_dags/example_time_delta_sensor_async.py
[2025-04-05T14:18:16.718+0000] {logging_mixin.py:188} INFO - [2025-04-05T14:18:16.718+0000] {dag.py:3036} INFO - Sync 1 DAGs
[2025-04-05T14:18:16.736+0000] {logging_mixin.py:188} INFO - [2025-04-05T14:18:16.736+0000] {dag.py:3823} INFO - Setting next_dagrun for example_time_delta_sensor_async to None, run_after=None
[2025-04-05T14:18:16.764+0000] {processor.py:183} INFO - Processing /home/airflow/.local/lib/python3.8/site-packages/airflow/example_dags/example_time_delta_sensor_async.py took 0.077 seconds
[2025-04-05T14:18:49.306+0000] {processor.py:161} INFO - Started process (PID=621) to work on /home/airflow/.local/lib/python3.8/site-packages/airflow/example_dags/example_time_delta_sensor_async.py
[2025-04-05T14:18:49.308+0000] {processor.py:830} INFO - Processing file /home/airflow/.local/lib/python3.8/site-packages/airflow/example_dags/example_time_delta_sensor_async.py for tasks to queue
[2025-04-05T14:18:49.311+0000] {logging_mixin.py:188} INFO - [2025-04-05T14:18:49.310+0000] {dagbag.py:538} INFO - Filling up the DagBag from /home/airflow/.local/lib/python3.8/site-packages/airflow/example_dags/example_time_delta_sensor_async.py
[2025-04-05T14:18:49.319+0000] {processor.py:840} INFO - DAG(s) 'example_time_delta_sensor_async' retrieved from /home/airflow/.local/lib/python3.8/site-packages/airflow/example_dags/example_time_delta_sensor_async.py
[2025-04-05T14:18:49.456+0000] {logging_mixin.py:188} INFO - [2025-04-05T14:18:49.455+0000] {dag.py:3036} INFO - Sync 1 DAGs
[2025-04-05T14:18:49.468+0000] {logging_mixin.py:188} INFO - [2025-04-05T14:18:49.468+0000] {dag.py:3823} INFO - Setting next_dagrun for example_time_delta_sensor_async to None, run_after=None
[2025-04-05T14:18:49.493+0000] {processor.py:183} INFO - Processing /home/airflow/.local/lib/python3.8/site-packages/airflow/example_dags/example_time_delta_sensor_async.py took 0.193 seconds
[2025-04-05T14:19:19.638+0000] {processor.py:161} INFO - Started process (PID=868) to work on /home/airflow/.local/lib/python3.8/site-packages/airflow/example_dags/example_time_delta_sensor_async.py
[2025-04-05T14:19:19.640+0000] {processor.py:830} INFO - Processing file /home/airflow/.local/lib/python3.8/site-packages/airflow/example_dags/example_time_delta_sensor_async.py for tasks to queue
[2025-04-05T14:19:19.641+0000] {logging_mixin.py:188} INFO - [2025-04-05T14:19:19.641+0000] {dagbag.py:538} INFO - Filling up the DagBag from /home/airflow/.local/lib/python3.8/site-packages/airflow/example_dags/example_time_delta_sensor_async.py
[2025-04-05T14:19:19.646+0000] {processor.py:840} INFO - DAG(s) 'example_time_delta_sensor_async' retrieved from /home/airflow/.local/lib/python3.8/site-packages/airflow/example_dags/example_time_delta_sensor_async.py
[2025-04-05T14:19:19.668+0000] {logging_mixin.py:188} INFO - [2025-04-05T14:19:19.667+0000] {dag.py:3036} INFO - Sync 1 DAGs
[2025-04-05T14:19:19.680+0000] {logging_mixin.py:188} INFO - [2025-04-05T14:19:19.680+0000] {dag.py:3823} INFO - Setting next_dagrun for example_time_delta_sensor_async to None, run_after=None
[2025-04-05T14:19:19.702+0000] {processor.py:183} INFO - Processing /home/airflow/.local/lib/python3.8/site-packages/airflow/example_dags/example_time_delta_sensor_async.py took 0.068 seconds
[2025-04-05T14:19:49.961+0000] {processor.py:161} INFO - Started process (PID=1115) to work on /home/airflow/.local/lib/python3.8/site-packages/airflow/example_dags/example_time_delta_sensor_async.py
[2025-04-05T14:19:49.962+0000] {processor.py:830} INFO - Processing file /home/airflow/.local/lib/python3.8/site-packages/airflow/example_dags/example_time_delta_sensor_async.py for tasks to queue
[2025-04-05T14:19:49.963+0000] {logging_mixin.py:188} INFO - [2025-04-05T14:19:49.963+0000] {dagbag.py:538} INFO - Filling up the DagBag from /home/airflow/.local/lib/python3.8/site-packages/airflow/example_dags/example_time_delta_sensor_async.py
[2025-04-05T14:19:49.968+0000] {processor.py:840} INFO - DAG(s) 'example_time_delta_sensor_async' retrieved from /home/airflow/.local/lib/python3.8/site-packages/airflow/example_dags/example_time_delta_sensor_async.py
[2025-04-05T14:19:49.994+0000] {logging_mixin.py:188} INFO - [2025-04-05T14:19:49.993+0000] {dag.py:3036} INFO - Sync 1 DAGs
[2025-04-05T14:19:50.009+0000] {logging_mixin.py:188} INFO - [2025-04-05T14:19:50.009+0000] {dag.py:3823} INFO - Setting next_dagrun for example_time_delta_sensor_async to None, run_after=None
[2025-04-05T14:19:50.033+0000] {processor.py:183} INFO - Processing /home/airflow/.local/lib/python3.8/site-packages/airflow/example_dags/example_time_delta_sensor_async.py took 0.076 seconds
[2025-04-05T14:20:20.405+0000] {processor.py:161} INFO - Started process (PID=1362) to work on /home/airflow/.local/lib/python3.8/site-packages/airflow/example_dags/example_time_delta_sensor_async.py
[2025-04-05T14:20:20.406+0000] {processor.py:830} INFO - Processing file /home/airflow/.local/lib/python3.8/site-packages/airflow/example_dags/example_time_delta_sensor_async.py for tasks to queue
[2025-04-05T14:20:20.407+0000] {logging_mixin.py:188} INFO - [2025-04-05T14:20:20.406+0000] {dagbag.py:538} INFO - Filling up the DagBag from /home/airflow/.local/lib/python3.8/site-packages/airflow/example_dags/example_time_delta_sensor_async.py
[2025-04-05T14:20:20.411+0000] {processor.py:840} INFO - DAG(s) 'example_time_delta_sensor_async' retrieved from /home/airflow/.local/lib/python3.8/site-packages/airflow/example_dags/example_time_delta_sensor_async.py
[2025-04-05T14:20:20.432+0000] {logging_mixin.py:188} INFO - [2025-04-05T14:20:20.432+0000] {dag.py:3036} INFO - Sync 1 DAGs
[2025-04-05T14:20:20.444+0000] {logging_mixin.py:188} INFO - [2025-04-05T14:20:20.444+0000] {dag.py:3823} INFO - Setting next_dagrun for example_time_delta_sensor_async to None, run_after=None
[2025-04-05T14:20:20.466+0000] {processor.py:183} INFO - Processing /home/airflow/.local/lib/python3.8/site-packages/airflow/example_dags/example_time_delta_sensor_async.py took 0.064 seconds
[2025-04-05T14:20:50.600+0000] {processor.py:161} INFO - Started process (PID=1609) to work on /home/airflow/.local/lib/python3.8/site-packages/airflow/example_dags/example_time_delta_sensor_async.py
[2025-04-05T14:20:50.601+0000] {processor.py:830} INFO - Processing file /home/airflow/.local/lib/python3.8/site-packages/airflow/example_dags/example_time_delta_sensor_async.py for tasks to queue
[2025-04-05T14:20:50.603+0000] {logging_mixin.py:188} INFO - [2025-04-05T14:20:50.602+0000] {dagbag.py:538} INFO - Filling up the DagBag from /home/airflow/.local/lib/python3.8/site-packages/airflow/example_dags/example_time_delta_sensor_async.py
[2025-04-05T14:20:50.608+0000] {processor.py:840} INFO - DAG(s) 'example_time_delta_sensor_async' retrieved from /home/airflow/.local/lib/python3.8/site-packages/airflow/example_dags/example_time_delta_sensor_async.py
[2025-04-05T14:20:50.631+0000] {logging_mixin.py:188} INFO - [2025-04-05T14:20:50.630+0000] {dag.py:3036} INFO - Sync 1 DAGs
[2025-04-05T14:20:50.645+0000] {logging_mixin.py:188} INFO - [2025-04-05T14:20:50.645+0000] {dag.py:3823} INFO - Setting next_dagrun for example_time_delta_sensor_async to None, run_after=None
[2025-04-05T14:20:50.670+0000] {processor.py:183} INFO - Processing /home/airflow/.local/lib/python3.8/site-packages/airflow/example_dags/example_time_delta_sensor_async.py took 0.074 seconds
[2025-04-05T14:21:20.883+0000] {processor.py:161} INFO - Started process (PID=1856) to work on /home/airflow/.local/lib/python3.8/site-packages/airflow/example_dags/example_time_delta_sensor_async.py
[2025-04-05T14:21:20.884+0000] {processor.py:830} INFO - Processing file /home/airflow/.local/lib/python3.8/site-packages/airflow/example_dags/example_time_delta_sensor_async.py for tasks to queue
[2025-04-05T14:21:20.885+0000] {logging_mixin.py:188} INFO - [2025-04-05T14:21:20.885+0000] {dagbag.py:538} INFO - Filling up the DagBag from /home/airflow/.local/lib/python3.8/site-packages/airflow/example_dags/example_time_delta_sensor_async.py
[2025-04-05T14:21:20.891+0000] {processor.py:840} INFO - DAG(s) 'example_time_delta_sensor_async' retrieved from /home/airflow/.local/lib/python3.8/site-packages/airflow/example_dags/example_time_delta_sensor_async.py
[2025-04-05T14:21:20.911+0000] {logging_mixin.py:188} INFO - [2025-04-05T14:21:20.911+0000] {dag.py:3036} INFO - Sync 1 DAGs
[2025-04-05T14:21:20.923+0000] {logging_mixin.py:188} INFO - [2025-04-05T14:21:20.923+0000] {dag.py:3823} INFO - Setting next_dagrun for example_time_delta_sensor_async to None, run_after=None
[2025-04-05T14:21:20.945+0000] {processor.py:183} INFO - Processing /home/airflow/.local/lib/python3.8/site-packages/airflow/example_dags/example_time_delta_sensor_async.py took 0.065 seconds
[2025-04-05T14:21:51.124+0000] {processor.py:161} INFO - Started process (PID=2106) to work on /home/airflow/.local/lib/python3.8/site-packages/airflow/example_dags/example_time_delta_sensor_async.py
[2025-04-05T14:21:51.140+0000] {processor.py:830} INFO - Processing file /home/airflow/.local/lib/python3.8/site-packages/airflow/example_dags/example_time_delta_sensor_async.py for tasks to queue
[2025-04-05T14:21:51.142+0000] {logging_mixin.py:188} INFO - [2025-04-05T14:21:51.142+0000] {dagbag.py:538} INFO - Filling up the DagBag from /home/airflow/.local/lib/python3.8/site-packages/airflow/example_dags/example_time_delta_sensor_async.py
[2025-04-05T14:21:51.151+0000] {processor.py:840} INFO - DAG(s) 'example_time_delta_sensor_async' retrieved from /home/airflow/.local/lib/python3.8/site-packages/airflow/example_dags/example_time_delta_sensor_async.py
[2025-04-05T14:21:51.180+0000] {logging_mixin.py:188} INFO - [2025-04-05T14:21:51.179+0000] {dag.py:3036} INFO - Sync 1 DAGs
[2025-04-05T14:21:51.196+0000] {logging_mixin.py:188} INFO - [2025-04-05T14:21:51.195+0000] {dag.py:3823} INFO - Setting next_dagrun for example_time_delta_sensor_async to None, run_after=None
[2025-04-05T14:21:51.217+0000] {processor.py:183} INFO - Processing /home/airflow/.local/lib/python3.8/site-packages/airflow/example_dags/example_time_delta_sensor_async.py took 0.098 seconds
[2025-04-05T14:22:22.489+0000] {processor.py:161} INFO - Started process (PID=2351) to work on /home/airflow/.local/lib/python3.8/site-packages/airflow/example_dags/example_time_delta_sensor_async.py
[2025-04-05T14:22:22.490+0000] {processor.py:830} INFO - Processing file /home/airflow/.local/lib/python3.8/site-packages/airflow/example_dags/example_time_delta_sensor_async.py for tasks to queue
[2025-04-05T14:22:22.491+0000] {logging_mixin.py:188} INFO - [2025-04-05T14:22:22.491+0000] {dagbag.py:538} INFO - Filling up the DagBag from /home/airflow/.local/lib/python3.8/site-packages/airflow/example_dags/example_time_delta_sensor_async.py
[2025-04-05T14:22:22.496+0000] {processor.py:840} INFO - DAG(s) 'example_time_delta_sensor_async' retrieved from /home/airflow/.local/lib/python3.8/site-packages/airflow/example_dags/example_time_delta_sensor_async.py
[2025-04-05T14:22:22.519+0000] {logging_mixin.py:188} INFO - [2025-04-05T14:22:22.519+0000] {dag.py:3036} INFO - Sync 1 DAGs
[2025-04-05T14:22:22.533+0000] {logging_mixin.py:188} INFO - [2025-04-05T14:22:22.533+0000] {dag.py:3823} INFO - Setting next_dagrun for example_time_delta_sensor_async to None, run_after=None
[2025-04-05T14:22:22.556+0000] {processor.py:183} INFO - Processing /home/airflow/.local/lib/python3.8/site-packages/airflow/example_dags/example_time_delta_sensor_async.py took 0.070 seconds
[2025-04-05T14:22:52.712+0000] {processor.py:161} INFO - Started process (PID=2598) to work on /home/airflow/.local/lib/python3.8/site-packages/airflow/example_dags/example_time_delta_sensor_async.py
[2025-04-05T14:22:52.713+0000] {processor.py:830} INFO - Processing file /home/airflow/.local/lib/python3.8/site-packages/airflow/example_dags/example_time_delta_sensor_async.py for tasks to queue
[2025-04-05T14:22:52.715+0000] {logging_mixin.py:188} INFO - [2025-04-05T14:22:52.714+0000] {dagbag.py:538} INFO - Filling up the DagBag from /home/airflow/.local/lib/python3.8/site-packages/airflow/example_dags/example_time_delta_sensor_async.py
[2025-04-05T14:22:52.720+0000] {processor.py:840} INFO - DAG(s) 'example_time_delta_sensor_async' retrieved from /home/airflow/.local/lib/python3.8/site-packages/airflow/example_dags/example_time_delta_sensor_async.py
[2025-04-05T14:22:52.743+0000] {logging_mixin.py:188} INFO - [2025-04-05T14:22:52.742+0000] {dag.py:3036} INFO - Sync 1 DAGs
[2025-04-05T14:22:52.755+0000] {logging_mixin.py:188} INFO - [2025-04-05T14:22:52.755+0000] {dag.py:3823} INFO - Setting next_dagrun for example_time_delta_sensor_async to None, run_after=None
[2025-04-05T14:22:52.776+0000] {processor.py:183} INFO - Processing /home/airflow/.local/lib/python3.8/site-packages/airflow/example_dags/example_time_delta_sensor_async.py took 0.069 seconds
[2025-04-05T14:23:23.013+0000] {processor.py:161} INFO - Started process (PID=2847) to work on /home/airflow/.local/lib/python3.8/site-packages/airflow/example_dags/example_time_delta_sensor_async.py
[2025-04-05T14:23:23.014+0000] {processor.py:830} INFO - Processing file /home/airflow/.local/lib/python3.8/site-packages/airflow/example_dags/example_time_delta_sensor_async.py for tasks to queue
[2025-04-05T14:23:23.015+0000] {logging_mixin.py:188} INFO - [2025-04-05T14:23:23.015+0000] {dagbag.py:538} INFO - Filling up the DagBag from /home/airflow/.local/lib/python3.8/site-packages/airflow/example_dags/example_time_delta_sensor_async.py
[2025-04-05T14:23:23.019+0000] {processor.py:840} INFO - DAG(s) 'example_time_delta_sensor_async' retrieved from /home/airflow/.local/lib/python3.8/site-packages/airflow/example_dags/example_time_delta_sensor_async.py
[2025-04-05T14:23:23.039+0000] {logging_mixin.py:188} INFO - [2025-04-05T14:23:23.039+0000] {dag.py:3036} INFO - Sync 1 DAGs
[2025-04-05T14:23:23.052+0000] {logging_mixin.py:188} INFO - [2025-04-05T14:23:23.052+0000] {dag.py:3823} INFO - Setting next_dagrun for example_time_delta_sensor_async to None, run_after=None
[2025-04-05T14:23:23.074+0000] {processor.py:183} INFO - Processing /home/airflow/.local/lib/python3.8/site-packages/airflow/example_dags/example_time_delta_sensor_async.py took 0.064 seconds
[2025-04-05T14:23:53.197+0000] {processor.py:161} INFO - Started process (PID=3094) to work on /home/airflow/.local/lib/python3.8/site-packages/airflow/example_dags/example_time_delta_sensor_async.py
[2025-04-05T14:23:53.198+0000] {processor.py:830} INFO - Processing file /home/airflow/.local/lib/python3.8/site-packages/airflow/example_dags/example_time_delta_sensor_async.py for tasks to queue
[2025-04-05T14:23:53.199+0000] {logging_mixin.py:188} INFO - [2025-04-05T14:23:53.199+0000] {dagbag.py:538} INFO - Filling up the DagBag from /home/airflow/.local/lib/python3.8/site-packages/airflow/example_dags/example_time_delta_sensor_async.py
[2025-04-05T14:23:53.203+0000] {processor.py:840} INFO - DAG(s) 'example_time_delta_sensor_async' retrieved from /home/airflow/.local/lib/python3.8/site-packages/airflow/example_dags/example_time_delta_sensor_async.py
[2025-04-05T14:23:53.223+0000] {logging_mixin.py:188} INFO - [2025-04-05T14:23:53.222+0000] {dag.py:3036} INFO - Sync 1 DAGs
[2025-04-05T14:23:53.234+0000] {logging_mixin.py:188} INFO - [2025-04-05T14:23:53.234+0000] {dag.py:3823} INFO - Setting next_dagrun for example_time_delta_sensor_async to None, run_after=None
[2025-04-05T14:23:53.255+0000] {processor.py:183} INFO - Processing /home/airflow/.local/lib/python3.8/site-packages/airflow/example_dags/example_time_delta_sensor_async.py took 0.060 seconds
[2025-04-05T14:24:24.220+0000] {processor.py:161} INFO - Started process (PID=3341) to work on /home/airflow/.local/lib/python3.8/site-packages/airflow/example_dags/example_time_delta_sensor_async.py
[2025-04-05T14:24:24.221+0000] {processor.py:830} INFO - Processing file /home/airflow/.local/lib/python3.8/site-packages/airflow/example_dags/example_time_delta_sensor_async.py for tasks to queue
[2025-04-05T14:24:24.222+0000] {logging_mixin.py:188} INFO - [2025-04-05T14:24:24.221+0000] {dagbag.py:538} INFO - Filling up the DagBag from /home/airflow/.local/lib/python3.8/site-packages/airflow/example_dags/example_time_delta_sensor_async.py
[2025-04-05T14:24:24.227+0000] {processor.py:840} INFO - DAG(s) 'example_time_delta_sensor_async' retrieved from /home/airflow/.local/lib/python3.8/site-packages/airflow/example_dags/example_time_delta_sensor_async.py
[2025-04-05T14:24:24.247+0000] {logging_mixin.py:188} INFO - [2025-04-05T14:24:24.246+0000] {dag.py:3036} INFO - Sync 1 DAGs
[2025-04-05T14:24:24.260+0000] {logging_mixin.py:188} INFO - [2025-04-05T14:24:24.260+0000] {dag.py:3823} INFO - Setting next_dagrun for example_time_delta_sensor_async to None, run_after=None
[2025-04-05T14:24:24.280+0000] {processor.py:183} INFO - Processing /home/airflow/.local/lib/python3.8/site-packages/airflow/example_dags/example_time_delta_sensor_async.py took 0.063 seconds
[2025-04-05T14:24:54.321+0000] {processor.py:161} INFO - Started process (PID=3586) to work on /home/airflow/.local/lib/python3.8/site-packages/airflow/example_dags/example_time_delta_sensor_async.py
[2025-04-05T14:24:54.322+0000] {processor.py:830} INFO - Processing file /home/airflow/.local/lib/python3.8/site-packages/airflow/example_dags/example_time_delta_sensor_async.py for tasks to queue
[2025-04-05T14:24:54.323+0000] {logging_mixin.py:188} INFO - [2025-04-05T14:24:54.323+0000] {dagbag.py:538} INFO - Filling up the DagBag from /home/airflow/.local/lib/python3.8/site-packages/airflow/example_dags/example_time_delta_sensor_async.py
[2025-04-05T14:24:54.329+0000] {processor.py:840} INFO - DAG(s) 'example_time_delta_sensor_async' retrieved from /home/airflow/.local/lib/python3.8/site-packages/airflow/example_dags/example_time_delta_sensor_async.py
[2025-04-05T14:24:54.351+0000] {logging_mixin.py:188} INFO - [2025-04-05T14:24:54.351+0000] {dag.py:3036} INFO - Sync 1 DAGs
[2025-04-05T14:24:54.363+0000] {logging_mixin.py:188} INFO - [2025-04-05T14:24:54.363+0000] {dag.py:3823} INFO - Setting next_dagrun for example_time_delta_sensor_async to None, run_after=None
[2025-04-05T14:24:54.386+0000] {processor.py:183} INFO - Processing /home/airflow/.local/lib/python3.8/site-packages/airflow/example_dags/example_time_delta_sensor_async.py took 0.069 seconds
[2025-04-05T14:25:24.762+0000] {processor.py:161} INFO - Started process (PID=3833) to work on /home/airflow/.local/lib/python3.8/site-packages/airflow/example_dags/example_time_delta_sensor_async.py
[2025-04-05T14:25:24.763+0000] {processor.py:830} INFO - Processing file /home/airflow/.local/lib/python3.8/site-packages/airflow/example_dags/example_time_delta_sensor_async.py for tasks to queue
[2025-04-05T14:25:24.765+0000] {logging_mixin.py:188} INFO - [2025-04-05T14:25:24.764+0000] {dagbag.py:538} INFO - Filling up the DagBag from /home/airflow/.local/lib/python3.8/site-packages/airflow/example_dags/example_time_delta_sensor_async.py
[2025-04-05T14:25:24.769+0000] {processor.py:840} INFO - DAG(s) 'example_time_delta_sensor_async' retrieved from /home/airflow/.local/lib/python3.8/site-packages/airflow/example_dags/example_time_delta_sensor_async.py
[2025-04-05T14:25:24.794+0000] {logging_mixin.py:188} INFO - [2025-04-05T14:25:24.793+0000] {dag.py:3036} INFO - Sync 1 DAGs
[2025-04-05T14:25:24.808+0000] {logging_mixin.py:188} INFO - [2025-04-05T14:25:24.807+0000] {dag.py:3823} INFO - Setting next_dagrun for example_time_delta_sensor_async to None, run_after=None
[2025-04-05T14:25:24.829+0000] {processor.py:183} INFO - Processing /home/airflow/.local/lib/python3.8/site-packages/airflow/example_dags/example_time_delta_sensor_async.py took 0.070 seconds
[2025-04-05T14:25:55.897+0000] {processor.py:161} INFO - Started process (PID=4081) to work on /home/airflow/.local/lib/python3.8/site-packages/airflow/example_dags/example_time_delta_sensor_async.py
[2025-04-05T14:25:55.898+0000] {processor.py:830} INFO - Processing file /home/airflow/.local/lib/python3.8/site-packages/airflow/example_dags/example_time_delta_sensor_async.py for tasks to queue
[2025-04-05T14:25:55.899+0000] {logging_mixin.py:188} INFO - [2025-04-05T14:25:55.898+0000] {dagbag.py:538} INFO - Filling up the DagBag from /home/airflow/.local/lib/python3.8/site-packages/airflow/example_dags/example_time_delta_sensor_async.py
[2025-04-05T14:25:55.903+0000] {processor.py:840} INFO - DAG(s) 'example_time_delta_sensor_async' retrieved from /home/airflow/.local/lib/python3.8/site-packages/airflow/example_dags/example_time_delta_sensor_async.py
[2025-04-05T14:25:55.921+0000] {logging_mixin.py:188} INFO - [2025-04-05T14:25:55.920+0000] {dag.py:3036} INFO - Sync 1 DAGs
[2025-04-05T14:25:55.932+0000] {logging_mixin.py:188} INFO - [2025-04-05T14:25:55.932+0000] {dag.py:3823} INFO - Setting next_dagrun for example_time_delta_sensor_async to None, run_after=None
[2025-04-05T14:25:55.952+0000] {processor.py:183} INFO - Processing /home/airflow/.local/lib/python3.8/site-packages/airflow/example_dags/example_time_delta_sensor_async.py took 0.058 seconds
[2025-04-05T14:26:26.645+0000] {processor.py:161} INFO - Started process (PID=4327) to work on /home/airflow/.local/lib/python3.8/site-packages/airflow/example_dags/example_time_delta_sensor_async.py
[2025-04-05T14:26:26.646+0000] {processor.py:830} INFO - Processing file /home/airflow/.local/lib/python3.8/site-packages/airflow/example_dags/example_time_delta_sensor_async.py for tasks to queue
[2025-04-05T14:26:26.647+0000] {logging_mixin.py:188} INFO - [2025-04-05T14:26:26.646+0000] {dagbag.py:538} INFO - Filling up the DagBag from /home/airflow/.local/lib/python3.8/site-packages/airflow/example_dags/example_time_delta_sensor_async.py
[2025-04-05T14:26:26.651+0000] {processor.py:840} INFO - DAG(s) 'example_time_delta_sensor_async' retrieved from /home/airflow/.local/lib/python3.8/site-packages/airflow/example_dags/example_time_delta_sensor_async.py
[2025-04-05T14:26:26.669+0000] {logging_mixin.py:188} INFO - [2025-04-05T14:26:26.669+0000] {dag.py:3036} INFO - Sync 1 DAGs
[2025-04-05T14:26:26.681+0000] {logging_mixin.py:188} INFO - [2025-04-05T14:26:26.681+0000] {dag.py:3823} INFO - Setting next_dagrun for example_time_delta_sensor_async to None, run_after=None
[2025-04-05T14:26:26.702+0000] {processor.py:183} INFO - Processing /home/airflow/.local/lib/python3.8/site-packages/airflow/example_dags/example_time_delta_sensor_async.py took 0.060 seconds
[2025-04-05T14:28:37.118+0000] {processor.py:161} INFO - Started process (PID=370) to work on /home/airflow/.local/lib/python3.8/site-packages/airflow/example_dags/example_time_delta_sensor_async.py
[2025-04-05T14:28:37.119+0000] {processor.py:830} INFO - Processing file /home/airflow/.local/lib/python3.8/site-packages/airflow/example_dags/example_time_delta_sensor_async.py for tasks to queue
[2025-04-05T14:28:37.120+0000] {logging_mixin.py:188} INFO - [2025-04-05T14:28:37.120+0000] {dagbag.py:538} INFO - Filling up the DagBag from /home/airflow/.local/lib/python3.8/site-packages/airflow/example_dags/example_time_delta_sensor_async.py
[2025-04-05T14:28:37.125+0000] {processor.py:840} INFO - DAG(s) 'example_time_delta_sensor_async' retrieved from /home/airflow/.local/lib/python3.8/site-packages/airflow/example_dags/example_time_delta_sensor_async.py
[2025-04-05T14:28:37.139+0000] {logging_mixin.py:188} INFO - [2025-04-05T14:28:37.139+0000] {dag.py:3036} INFO - Sync 1 DAGs
[2025-04-05T14:28:37.154+0000] {logging_mixin.py:188} INFO - [2025-04-05T14:28:37.153+0000] {dag.py:3823} INFO - Setting next_dagrun for example_time_delta_sensor_async to None, run_after=None
[2025-04-05T14:28:37.189+0000] {processor.py:183} INFO - Processing /home/airflow/.local/lib/python3.8/site-packages/airflow/example_dags/example_time_delta_sensor_async.py took 0.074 seconds
[2025-04-05T14:29:08.796+0000] {processor.py:161} INFO - Started process (PID=616) to work on /home/airflow/.local/lib/python3.8/site-packages/airflow/example_dags/example_time_delta_sensor_async.py
[2025-04-05T14:29:08.798+0000] {processor.py:830} INFO - Processing file /home/airflow/.local/lib/python3.8/site-packages/airflow/example_dags/example_time_delta_sensor_async.py for tasks to queue
[2025-04-05T14:29:08.799+0000] {logging_mixin.py:188} INFO - [2025-04-05T14:29:08.798+0000] {dagbag.py:538} INFO - Filling up the DagBag from /home/airflow/.local/lib/python3.8/site-packages/airflow/example_dags/example_time_delta_sensor_async.py
[2025-04-05T14:29:08.803+0000] {processor.py:840} INFO - DAG(s) 'example_time_delta_sensor_async' retrieved from /home/airflow/.local/lib/python3.8/site-packages/airflow/example_dags/example_time_delta_sensor_async.py
[2025-04-05T14:29:08.902+0000] {logging_mixin.py:188} INFO - [2025-04-05T14:29:08.902+0000] {dag.py:3036} INFO - Sync 1 DAGs
[2025-04-05T14:29:08.916+0000] {logging_mixin.py:188} INFO - [2025-04-05T14:29:08.915+0000] {dag.py:3823} INFO - Setting next_dagrun for example_time_delta_sensor_async to None, run_after=None
[2025-04-05T14:29:08.940+0000] {processor.py:183} INFO - Processing /home/airflow/.local/lib/python3.8/site-packages/airflow/example_dags/example_time_delta_sensor_async.py took 0.146 seconds
[2025-04-05T14:29:39.244+0000] {processor.py:161} INFO - Started process (PID=862) to work on /home/airflow/.local/lib/python3.8/site-packages/airflow/example_dags/example_time_delta_sensor_async.py
[2025-04-05T14:29:39.245+0000] {processor.py:830} INFO - Processing file /home/airflow/.local/lib/python3.8/site-packages/airflow/example_dags/example_time_delta_sensor_async.py for tasks to queue
[2025-04-05T14:29:39.246+0000] {logging_mixin.py:188} INFO - [2025-04-05T14:29:39.246+0000] {dagbag.py:538} INFO - Filling up the DagBag from /home/airflow/.local/lib/python3.8/site-packages/airflow/example_dags/example_time_delta_sensor_async.py
[2025-04-05T14:29:39.251+0000] {processor.py:840} INFO - DAG(s) 'example_time_delta_sensor_async' retrieved from /home/airflow/.local/lib/python3.8/site-packages/airflow/example_dags/example_time_delta_sensor_async.py
[2025-04-05T14:29:39.273+0000] {logging_mixin.py:188} INFO - [2025-04-05T14:29:39.273+0000] {dag.py:3036} INFO - Sync 1 DAGs
[2025-04-05T14:29:39.286+0000] {logging_mixin.py:188} INFO - [2025-04-05T14:29:39.286+0000] {dag.py:3823} INFO - Setting next_dagrun for example_time_delta_sensor_async to None, run_after=None
[2025-04-05T14:29:39.308+0000] {processor.py:183} INFO - Processing /home/airflow/.local/lib/python3.8/site-packages/airflow/example_dags/example_time_delta_sensor_async.py took 0.067 seconds
[2025-04-05T14:30:09.764+0000] {processor.py:161} INFO - Started process (PID=1111) to work on /home/airflow/.local/lib/python3.8/site-packages/airflow/example_dags/example_time_delta_sensor_async.py
[2025-04-05T14:30:09.765+0000] {processor.py:830} INFO - Processing file /home/airflow/.local/lib/python3.8/site-packages/airflow/example_dags/example_time_delta_sensor_async.py for tasks to queue
[2025-04-05T14:30:09.766+0000] {logging_mixin.py:188} INFO - [2025-04-05T14:30:09.766+0000] {dagbag.py:538} INFO - Filling up the DagBag from /home/airflow/.local/lib/python3.8/site-packages/airflow/example_dags/example_time_delta_sensor_async.py
[2025-04-05T14:30:09.770+0000] {processor.py:840} INFO - DAG(s) 'example_time_delta_sensor_async' retrieved from /home/airflow/.local/lib/python3.8/site-packages/airflow/example_dags/example_time_delta_sensor_async.py
[2025-04-05T14:30:09.789+0000] {logging_mixin.py:188} INFO - [2025-04-05T14:30:09.789+0000] {dag.py:3036} INFO - Sync 1 DAGs
[2025-04-05T14:30:09.800+0000] {logging_mixin.py:188} INFO - [2025-04-05T14:30:09.800+0000] {dag.py:3823} INFO - Setting next_dagrun for example_time_delta_sensor_async to None, run_after=None
[2025-04-05T14:30:09.820+0000] {processor.py:183} INFO - Processing /home/airflow/.local/lib/python3.8/site-packages/airflow/example_dags/example_time_delta_sensor_async.py took 0.059 seconds
[2025-04-05T14:30:40.531+0000] {processor.py:161} INFO - Started process (PID=1356) to work on /home/airflow/.local/lib/python3.8/site-packages/airflow/example_dags/example_time_delta_sensor_async.py
[2025-04-05T14:30:40.533+0000] {processor.py:830} INFO - Processing file /home/airflow/.local/lib/python3.8/site-packages/airflow/example_dags/example_time_delta_sensor_async.py for tasks to queue
[2025-04-05T14:30:40.534+0000] {logging_mixin.py:188} INFO - [2025-04-05T14:30:40.534+0000] {dagbag.py:538} INFO - Filling up the DagBag from /home/airflow/.local/lib/python3.8/site-packages/airflow/example_dags/example_time_delta_sensor_async.py
[2025-04-05T14:30:40.539+0000] {processor.py:840} INFO - DAG(s) 'example_time_delta_sensor_async' retrieved from /home/airflow/.local/lib/python3.8/site-packages/airflow/example_dags/example_time_delta_sensor_async.py
[2025-04-05T14:30:40.560+0000] {logging_mixin.py:188} INFO - [2025-04-05T14:30:40.560+0000] {dag.py:3036} INFO - Sync 1 DAGs
[2025-04-05T14:30:40.573+0000] {logging_mixin.py:188} INFO - [2025-04-05T14:30:40.573+0000] {dag.py:3823} INFO - Setting next_dagrun for example_time_delta_sensor_async to None, run_after=None
[2025-04-05T14:30:40.593+0000] {processor.py:183} INFO - Processing /home/airflow/.local/lib/python3.8/site-packages/airflow/example_dags/example_time_delta_sensor_async.py took 0.065 seconds
[2025-04-05T14:31:12.760+0000] {processor.py:161} INFO - Started process (PID=1603) to work on /home/airflow/.local/lib/python3.8/site-packages/airflow/example_dags/example_time_delta_sensor_async.py
[2025-04-05T14:31:12.762+0000] {processor.py:830} INFO - Processing file /home/airflow/.local/lib/python3.8/site-packages/airflow/example_dags/example_time_delta_sensor_async.py for tasks to queue
[2025-04-05T14:31:12.763+0000] {logging_mixin.py:188} INFO - [2025-04-05T14:31:12.763+0000] {dagbag.py:538} INFO - Filling up the DagBag from /home/airflow/.local/lib/python3.8/site-packages/airflow/example_dags/example_time_delta_sensor_async.py
[2025-04-05T14:31:12.768+0000] {processor.py:840} INFO - DAG(s) 'example_time_delta_sensor_async' retrieved from /home/airflow/.local/lib/python3.8/site-packages/airflow/example_dags/example_time_delta_sensor_async.py
[2025-04-05T14:31:12.795+0000] {logging_mixin.py:188} INFO - [2025-04-05T14:31:12.794+0000] {dag.py:3036} INFO - Sync 1 DAGs
[2025-04-05T14:31:12.812+0000] {logging_mixin.py:188} INFO - [2025-04-05T14:31:12.812+0000] {dag.py:3823} INFO - Setting next_dagrun for example_time_delta_sensor_async to None, run_after=None
[2025-04-05T14:31:12.837+0000] {processor.py:183} INFO - Processing /home/airflow/.local/lib/python3.8/site-packages/airflow/example_dags/example_time_delta_sensor_async.py took 0.081 seconds
[2025-04-05T14:31:42.882+0000] {processor.py:161} INFO - Started process (PID=1850) to work on /home/airflow/.local/lib/python3.8/site-packages/airflow/example_dags/example_time_delta_sensor_async.py
[2025-04-05T14:31:42.884+0000] {processor.py:830} INFO - Processing file /home/airflow/.local/lib/python3.8/site-packages/airflow/example_dags/example_time_delta_sensor_async.py for tasks to queue
[2025-04-05T14:31:42.885+0000] {logging_mixin.py:188} INFO - [2025-04-05T14:31:42.884+0000] {dagbag.py:538} INFO - Filling up the DagBag from /home/airflow/.local/lib/python3.8/site-packages/airflow/example_dags/example_time_delta_sensor_async.py
[2025-04-05T14:31:42.889+0000] {processor.py:840} INFO - DAG(s) 'example_time_delta_sensor_async' retrieved from /home/airflow/.local/lib/python3.8/site-packages/airflow/example_dags/example_time_delta_sensor_async.py
[2025-04-05T14:31:42.913+0000] {logging_mixin.py:188} INFO - [2025-04-05T14:31:42.913+0000] {dag.py:3036} INFO - Sync 1 DAGs
[2025-04-05T14:31:42.927+0000] {logging_mixin.py:188} INFO - [2025-04-05T14:31:42.926+0000] {dag.py:3823} INFO - Setting next_dagrun for example_time_delta_sensor_async to None, run_after=None
[2025-04-05T14:31:42.946+0000] {processor.py:183} INFO - Processing /home/airflow/.local/lib/python3.8/site-packages/airflow/example_dags/example_time_delta_sensor_async.py took 0.067 seconds
[2025-04-05T14:32:13.251+0000] {processor.py:161} INFO - Started process (PID=2099) to work on /home/airflow/.local/lib/python3.8/site-packages/airflow/example_dags/example_time_delta_sensor_async.py
[2025-04-05T14:32:13.252+0000] {processor.py:830} INFO - Processing file /home/airflow/.local/lib/python3.8/site-packages/airflow/example_dags/example_time_delta_sensor_async.py for tasks to queue
[2025-04-05T14:32:13.253+0000] {logging_mixin.py:188} INFO - [2025-04-05T14:32:13.253+0000] {dagbag.py:538} INFO - Filling up the DagBag from /home/airflow/.local/lib/python3.8/site-packages/airflow/example_dags/example_time_delta_sensor_async.py
[2025-04-05T14:32:13.258+0000] {processor.py:840} INFO - DAG(s) 'example_time_delta_sensor_async' retrieved from /home/airflow/.local/lib/python3.8/site-packages/airflow/example_dags/example_time_delta_sensor_async.py
[2025-04-05T14:32:13.278+0000] {logging_mixin.py:188} INFO - [2025-04-05T14:32:13.278+0000] {dag.py:3036} INFO - Sync 1 DAGs
[2025-04-05T14:32:13.288+0000] {logging_mixin.py:188} INFO - [2025-04-05T14:32:13.288+0000] {dag.py:3823} INFO - Setting next_dagrun for example_time_delta_sensor_async to None, run_after=None
[2025-04-05T14:32:13.307+0000] {processor.py:183} INFO - Processing /home/airflow/.local/lib/python3.8/site-packages/airflow/example_dags/example_time_delta_sensor_async.py took 0.059 seconds
[2025-04-05T14:32:44.271+0000] {processor.py:161} INFO - Started process (PID=2346) to work on /home/airflow/.local/lib/python3.8/site-packages/airflow/example_dags/example_time_delta_sensor_async.py
[2025-04-05T14:32:44.272+0000] {processor.py:830} INFO - Processing file /home/airflow/.local/lib/python3.8/site-packages/airflow/example_dags/example_time_delta_sensor_async.py for tasks to queue
[2025-04-05T14:32:44.273+0000] {logging_mixin.py:188} INFO - [2025-04-05T14:32:44.273+0000] {dagbag.py:538} INFO - Filling up the DagBag from /home/airflow/.local/lib/python3.8/site-packages/airflow/example_dags/example_time_delta_sensor_async.py
[2025-04-05T14:32:44.278+0000] {processor.py:840} INFO - DAG(s) 'example_time_delta_sensor_async' retrieved from /home/airflow/.local/lib/python3.8/site-packages/airflow/example_dags/example_time_delta_sensor_async.py
[2025-04-05T14:32:44.302+0000] {logging_mixin.py:188} INFO - [2025-04-05T14:32:44.301+0000] {dag.py:3036} INFO - Sync 1 DAGs
[2025-04-05T14:32:44.314+0000] {logging_mixin.py:188} INFO - [2025-04-05T14:32:44.314+0000] {dag.py:3823} INFO - Setting next_dagrun for example_time_delta_sensor_async to None, run_after=None
[2025-04-05T14:32:44.336+0000] {processor.py:183} INFO - Processing /home/airflow/.local/lib/python3.8/site-packages/airflow/example_dags/example_time_delta_sensor_async.py took 0.068 seconds
[2025-04-05T14:33:14.600+0000] {processor.py:161} INFO - Started process (PID=2593) to work on /home/airflow/.local/lib/python3.8/site-packages/airflow/example_dags/example_time_delta_sensor_async.py
[2025-04-05T14:33:14.601+0000] {processor.py:830} INFO - Processing file /home/airflow/.local/lib/python3.8/site-packages/airflow/example_dags/example_time_delta_sensor_async.py for tasks to queue
[2025-04-05T14:33:14.602+0000] {logging_mixin.py:188} INFO - [2025-04-05T14:33:14.601+0000] {dagbag.py:538} INFO - Filling up the DagBag from /home/airflow/.local/lib/python3.8/site-packages/airflow/example_dags/example_time_delta_sensor_async.py
[2025-04-05T14:33:14.605+0000] {processor.py:840} INFO - DAG(s) 'example_time_delta_sensor_async' retrieved from /home/airflow/.local/lib/python3.8/site-packages/airflow/example_dags/example_time_delta_sensor_async.py
[2025-04-05T14:33:14.627+0000] {logging_mixin.py:188} INFO - [2025-04-05T14:33:14.627+0000] {dag.py:3036} INFO - Sync 1 DAGs
[2025-04-05T14:33:14.637+0000] {logging_mixin.py:188} INFO - [2025-04-05T14:33:14.637+0000] {dag.py:3823} INFO - Setting next_dagrun for example_time_delta_sensor_async to None, run_after=None
[2025-04-05T14:33:14.656+0000] {processor.py:183} INFO - Processing /home/airflow/.local/lib/python3.8/site-packages/airflow/example_dags/example_time_delta_sensor_async.py took 0.059 seconds
[2025-04-05T14:33:44.869+0000] {processor.py:161} INFO - Started process (PID=2838) to work on /home/airflow/.local/lib/python3.8/site-packages/airflow/example_dags/example_time_delta_sensor_async.py
[2025-04-05T14:33:44.870+0000] {processor.py:830} INFO - Processing file /home/airflow/.local/lib/python3.8/site-packages/airflow/example_dags/example_time_delta_sensor_async.py for tasks to queue
[2025-04-05T14:33:44.871+0000] {logging_mixin.py:188} INFO - [2025-04-05T14:33:44.871+0000] {dagbag.py:538} INFO - Filling up the DagBag from /home/airflow/.local/lib/python3.8/site-packages/airflow/example_dags/example_time_delta_sensor_async.py
[2025-04-05T14:33:44.876+0000] {processor.py:840} INFO - DAG(s) 'example_time_delta_sensor_async' retrieved from /home/airflow/.local/lib/python3.8/site-packages/airflow/example_dags/example_time_delta_sensor_async.py
[2025-04-05T14:33:44.896+0000] {logging_mixin.py:188} INFO - [2025-04-05T14:33:44.896+0000] {dag.py:3036} INFO - Sync 1 DAGs
[2025-04-05T14:33:44.907+0000] {logging_mixin.py:188} INFO - [2025-04-05T14:33:44.907+0000] {dag.py:3823} INFO - Setting next_dagrun for example_time_delta_sensor_async to None, run_after=None
[2025-04-05T14:33:44.930+0000] {processor.py:183} INFO - Processing /home/airflow/.local/lib/python3.8/site-packages/airflow/example_dags/example_time_delta_sensor_async.py took 0.065 seconds
[2025-04-05T14:34:15.162+0000] {processor.py:161} INFO - Started process (PID=3085) to work on /home/airflow/.local/lib/python3.8/site-packages/airflow/example_dags/example_time_delta_sensor_async.py
[2025-04-05T14:34:15.164+0000] {processor.py:830} INFO - Processing file /home/airflow/.local/lib/python3.8/site-packages/airflow/example_dags/example_time_delta_sensor_async.py for tasks to queue
[2025-04-05T14:34:15.166+0000] {logging_mixin.py:188} INFO - [2025-04-05T14:34:15.165+0000] {dagbag.py:538} INFO - Filling up the DagBag from /home/airflow/.local/lib/python3.8/site-packages/airflow/example_dags/example_time_delta_sensor_async.py
[2025-04-05T14:34:15.171+0000] {processor.py:840} INFO - DAG(s) 'example_time_delta_sensor_async' retrieved from /home/airflow/.local/lib/python3.8/site-packages/airflow/example_dags/example_time_delta_sensor_async.py
[2025-04-05T14:34:15.193+0000] {logging_mixin.py:188} INFO - [2025-04-05T14:34:15.193+0000] {dag.py:3036} INFO - Sync 1 DAGs
[2025-04-05T14:34:15.209+0000] {logging_mixin.py:188} INFO - [2025-04-05T14:34:15.208+0000] {dag.py:3823} INFO - Setting next_dagrun for example_time_delta_sensor_async to None, run_after=None
[2025-04-05T14:34:15.235+0000] {processor.py:183} INFO - Processing /home/airflow/.local/lib/python3.8/site-packages/airflow/example_dags/example_time_delta_sensor_async.py took 0.076 seconds
[2025-04-05T14:34:45.610+0000] {processor.py:161} INFO - Started process (PID=3334) to work on /home/airflow/.local/lib/python3.8/site-packages/airflow/example_dags/example_time_delta_sensor_async.py
[2025-04-05T14:34:45.611+0000] {processor.py:830} INFO - Processing file /home/airflow/.local/lib/python3.8/site-packages/airflow/example_dags/example_time_delta_sensor_async.py for tasks to queue
[2025-04-05T14:34:45.612+0000] {logging_mixin.py:188} INFO - [2025-04-05T14:34:45.612+0000] {dagbag.py:538} INFO - Filling up the DagBag from /home/airflow/.local/lib/python3.8/site-packages/airflow/example_dags/example_time_delta_sensor_async.py
[2025-04-05T14:34:45.616+0000] {processor.py:840} INFO - DAG(s) 'example_time_delta_sensor_async' retrieved from /home/airflow/.local/lib/python3.8/site-packages/airflow/example_dags/example_time_delta_sensor_async.py
[2025-04-05T14:34:45.636+0000] {logging_mixin.py:188} INFO - [2025-04-05T14:34:45.636+0000] {dag.py:3036} INFO - Sync 1 DAGs
[2025-04-05T14:34:45.648+0000] {logging_mixin.py:188} INFO - [2025-04-05T14:34:45.648+0000] {dag.py:3823} INFO - Setting next_dagrun for example_time_delta_sensor_async to None, run_after=None
[2025-04-05T14:34:45.669+0000] {processor.py:183} INFO - Processing /home/airflow/.local/lib/python3.8/site-packages/airflow/example_dags/example_time_delta_sensor_async.py took 0.063 seconds
[2025-04-05T16:40:54.419+0000] {processor.py:161} INFO - Started process (PID=221) to work on /home/airflow/.local/lib/python3.8/site-packages/airflow/example_dags/example_time_delta_sensor_async.py
[2025-04-05T16:40:54.421+0000] {processor.py:830} INFO - Processing file /home/airflow/.local/lib/python3.8/site-packages/airflow/example_dags/example_time_delta_sensor_async.py for tasks to queue
[2025-04-05T16:40:54.423+0000] {logging_mixin.py:188} INFO - [2025-04-05T16:40:54.422+0000] {dagbag.py:538} INFO - Filling up the DagBag from /home/airflow/.local/lib/python3.8/site-packages/airflow/example_dags/example_time_delta_sensor_async.py
[2025-04-05T16:40:54.430+0000] {processor.py:840} INFO - DAG(s) 'example_time_delta_sensor_async' retrieved from /home/airflow/.local/lib/python3.8/site-packages/airflow/example_dags/example_time_delta_sensor_async.py
[2025-04-05T16:40:54.699+0000] {logging_mixin.py:188} INFO - [2025-04-05T16:40:54.698+0000] {override.py:1769} INFO - Created Permission View: can edit on DAG:example_time_delta_sensor_async
[2025-04-05T16:40:54.717+0000] {logging_mixin.py:188} INFO - [2025-04-05T16:40:54.716+0000] {override.py:1769} INFO - Created Permission View: can delete on DAG:example_time_delta_sensor_async
[2025-04-05T16:40:54.730+0000] {logging_mixin.py:188} INFO - [2025-04-05T16:40:54.730+0000] {override.py:1769} INFO - Created Permission View: can read on DAG:example_time_delta_sensor_async
[2025-04-05T16:40:54.731+0000] {logging_mixin.py:188} INFO - [2025-04-05T16:40:54.731+0000] {dag.py:3036} INFO - Sync 1 DAGs
[2025-04-05T16:40:54.748+0000] {logging_mixin.py:188} INFO - [2025-04-05T16:40:54.748+0000] {dag.py:3058} INFO - Creating ORM DAG for example_time_delta_sensor_async
[2025-04-05T16:40:54.749+0000] {logging_mixin.py:188} INFO - [2025-04-05T16:40:54.749+0000] {dag.py:3823} INFO - Setting next_dagrun for example_time_delta_sensor_async to None, run_after=None
[2025-04-05T16:40:54.779+0000] {processor.py:183} INFO - Processing /home/airflow/.local/lib/python3.8/site-packages/airflow/example_dags/example_time_delta_sensor_async.py took 0.366 seconds
[2025-04-05T16:41:25.268+0000] {processor.py:161} INFO - Started process (PID=468) to work on /home/airflow/.local/lib/python3.8/site-packages/airflow/example_dags/example_time_delta_sensor_async.py
[2025-04-05T16:41:25.270+0000] {processor.py:830} INFO - Processing file /home/airflow/.local/lib/python3.8/site-packages/airflow/example_dags/example_time_delta_sensor_async.py for tasks to queue
[2025-04-05T16:41:25.271+0000] {logging_mixin.py:188} INFO - [2025-04-05T16:41:25.271+0000] {dagbag.py:538} INFO - Filling up the DagBag from /home/airflow/.local/lib/python3.8/site-packages/airflow/example_dags/example_time_delta_sensor_async.py
[2025-04-05T16:41:25.276+0000] {processor.py:840} INFO - DAG(s) 'example_time_delta_sensor_async' retrieved from /home/airflow/.local/lib/python3.8/site-packages/airflow/example_dags/example_time_delta_sensor_async.py
[2025-04-05T16:41:25.310+0000] {logging_mixin.py:188} INFO - [2025-04-05T16:41:25.310+0000] {dag.py:3036} INFO - Sync 1 DAGs
[2025-04-05T16:41:25.324+0000] {logging_mixin.py:188} INFO - [2025-04-05T16:41:25.323+0000] {dag.py:3823} INFO - Setting next_dagrun for example_time_delta_sensor_async to None, run_after=None
[2025-04-05T16:41:25.346+0000] {processor.py:183} INFO - Processing /home/airflow/.local/lib/python3.8/site-packages/airflow/example_dags/example_time_delta_sensor_async.py took 0.109 seconds
[2025-04-05T16:41:56.452+0000] {processor.py:161} INFO - Started process (PID=715) to work on /home/airflow/.local/lib/python3.8/site-packages/airflow/example_dags/example_time_delta_sensor_async.py
[2025-04-05T16:41:56.455+0000] {processor.py:830} INFO - Processing file /home/airflow/.local/lib/python3.8/site-packages/airflow/example_dags/example_time_delta_sensor_async.py for tasks to queue
[2025-04-05T16:41:56.456+0000] {logging_mixin.py:188} INFO - [2025-04-05T16:41:56.456+0000] {dagbag.py:538} INFO - Filling up the DagBag from /home/airflow/.local/lib/python3.8/site-packages/airflow/example_dags/example_time_delta_sensor_async.py
[2025-04-05T16:41:56.463+0000] {processor.py:840} INFO - DAG(s) 'example_time_delta_sensor_async' retrieved from /home/airflow/.local/lib/python3.8/site-packages/airflow/example_dags/example_time_delta_sensor_async.py
[2025-04-05T16:41:56.502+0000] {logging_mixin.py:188} INFO - [2025-04-05T16:41:56.502+0000] {dag.py:3036} INFO - Sync 1 DAGs
[2025-04-05T16:41:56.519+0000] {logging_mixin.py:188} INFO - [2025-04-05T16:41:56.519+0000] {dag.py:3823} INFO - Setting next_dagrun for example_time_delta_sensor_async to None, run_after=None
[2025-04-05T16:41:56.550+0000] {processor.py:183} INFO - Processing /home/airflow/.local/lib/python3.8/site-packages/airflow/example_dags/example_time_delta_sensor_async.py took 0.102 seconds
[2025-04-05T16:42:27.066+0000] {processor.py:161} INFO - Started process (PID=962) to work on /home/airflow/.local/lib/python3.8/site-packages/airflow/example_dags/example_time_delta_sensor_async.py
[2025-04-05T16:42:27.067+0000] {processor.py:830} INFO - Processing file /home/airflow/.local/lib/python3.8/site-packages/airflow/example_dags/example_time_delta_sensor_async.py for tasks to queue
[2025-04-05T16:42:27.070+0000] {logging_mixin.py:188} INFO - [2025-04-05T16:42:27.069+0000] {dagbag.py:538} INFO - Filling up the DagBag from /home/airflow/.local/lib/python3.8/site-packages/airflow/example_dags/example_time_delta_sensor_async.py
[2025-04-05T16:42:27.075+0000] {processor.py:840} INFO - DAG(s) 'example_time_delta_sensor_async' retrieved from /home/airflow/.local/lib/python3.8/site-packages/airflow/example_dags/example_time_delta_sensor_async.py
[2025-04-05T16:42:27.104+0000] {logging_mixin.py:188} INFO - [2025-04-05T16:42:27.104+0000] {dag.py:3036} INFO - Sync 1 DAGs
[2025-04-05T16:42:27.118+0000] {logging_mixin.py:188} INFO - [2025-04-05T16:42:27.118+0000] {dag.py:3823} INFO - Setting next_dagrun for example_time_delta_sensor_async to None, run_after=None
[2025-04-05T16:42:27.140+0000] {processor.py:183} INFO - Processing /home/airflow/.local/lib/python3.8/site-packages/airflow/example_dags/example_time_delta_sensor_async.py took 0.077 seconds
[2025-04-05T16:42:57.331+0000] {processor.py:161} INFO - Started process (PID=1209) to work on /home/airflow/.local/lib/python3.8/site-packages/airflow/example_dags/example_time_delta_sensor_async.py
[2025-04-05T16:42:57.332+0000] {processor.py:830} INFO - Processing file /home/airflow/.local/lib/python3.8/site-packages/airflow/example_dags/example_time_delta_sensor_async.py for tasks to queue
[2025-04-05T16:42:57.333+0000] {logging_mixin.py:188} INFO - [2025-04-05T16:42:57.333+0000] {dagbag.py:538} INFO - Filling up the DagBag from /home/airflow/.local/lib/python3.8/site-packages/airflow/example_dags/example_time_delta_sensor_async.py
[2025-04-05T16:42:57.338+0000] {processor.py:840} INFO - DAG(s) 'example_time_delta_sensor_async' retrieved from /home/airflow/.local/lib/python3.8/site-packages/airflow/example_dags/example_time_delta_sensor_async.py
[2025-04-05T16:42:57.360+0000] {logging_mixin.py:188} INFO - [2025-04-05T16:42:57.359+0000] {dag.py:3036} INFO - Sync 1 DAGs
[2025-04-05T16:42:57.372+0000] {logging_mixin.py:188} INFO - [2025-04-05T16:42:57.372+0000] {dag.py:3823} INFO - Setting next_dagrun for example_time_delta_sensor_async to None, run_after=None
[2025-04-05T16:42:57.394+0000] {processor.py:183} INFO - Processing /home/airflow/.local/lib/python3.8/site-packages/airflow/example_dags/example_time_delta_sensor_async.py took 0.066 seconds
[2025-04-05T16:43:27.490+0000] {processor.py:161} INFO - Started process (PID=1456) to work on /home/airflow/.local/lib/python3.8/site-packages/airflow/example_dags/example_time_delta_sensor_async.py
[2025-04-05T16:43:27.491+0000] {processor.py:830} INFO - Processing file /home/airflow/.local/lib/python3.8/site-packages/airflow/example_dags/example_time_delta_sensor_async.py for tasks to queue
[2025-04-05T16:43:27.493+0000] {logging_mixin.py:188} INFO - [2025-04-05T16:43:27.492+0000] {dagbag.py:538} INFO - Filling up the DagBag from /home/airflow/.local/lib/python3.8/site-packages/airflow/example_dags/example_time_delta_sensor_async.py
[2025-04-05T16:43:27.497+0000] {processor.py:840} INFO - DAG(s) 'example_time_delta_sensor_async' retrieved from /home/airflow/.local/lib/python3.8/site-packages/airflow/example_dags/example_time_delta_sensor_async.py
[2025-04-05T16:43:27.519+0000] {logging_mixin.py:188} INFO - [2025-04-05T16:43:27.518+0000] {dag.py:3036} INFO - Sync 1 DAGs
[2025-04-05T16:43:27.531+0000] {logging_mixin.py:188} INFO - [2025-04-05T16:43:27.531+0000] {dag.py:3823} INFO - Setting next_dagrun for example_time_delta_sensor_async to None, run_after=None
[2025-04-05T16:43:27.553+0000] {processor.py:183} INFO - Processing /home/airflow/.local/lib/python3.8/site-packages/airflow/example_dags/example_time_delta_sensor_async.py took 0.066 seconds
[2025-04-05T16:43:57.658+0000] {processor.py:161} INFO - Started process (PID=1703) to work on /home/airflow/.local/lib/python3.8/site-packages/airflow/example_dags/example_time_delta_sensor_async.py
[2025-04-05T16:43:57.660+0000] {processor.py:830} INFO - Processing file /home/airflow/.local/lib/python3.8/site-packages/airflow/example_dags/example_time_delta_sensor_async.py for tasks to queue
[2025-04-05T16:43:57.661+0000] {logging_mixin.py:188} INFO - [2025-04-05T16:43:57.661+0000] {dagbag.py:538} INFO - Filling up the DagBag from /home/airflow/.local/lib/python3.8/site-packages/airflow/example_dags/example_time_delta_sensor_async.py
[2025-04-05T16:43:57.666+0000] {processor.py:840} INFO - DAG(s) 'example_time_delta_sensor_async' retrieved from /home/airflow/.local/lib/python3.8/site-packages/airflow/example_dags/example_time_delta_sensor_async.py
[2025-04-05T16:43:57.688+0000] {logging_mixin.py:188} INFO - [2025-04-05T16:43:57.687+0000] {dag.py:3036} INFO - Sync 1 DAGs
[2025-04-05T16:43:57.701+0000] {logging_mixin.py:188} INFO - [2025-04-05T16:43:57.700+0000] {dag.py:3823} INFO - Setting next_dagrun for example_time_delta_sensor_async to None, run_after=None
[2025-04-05T16:43:57.721+0000] {processor.py:183} INFO - Processing /home/airflow/.local/lib/python3.8/site-packages/airflow/example_dags/example_time_delta_sensor_async.py took 0.066 seconds
[2025-04-05T16:44:27.909+0000] {processor.py:161} INFO - Started process (PID=1950) to work on /home/airflow/.local/lib/python3.8/site-packages/airflow/example_dags/example_time_delta_sensor_async.py
[2025-04-05T16:44:27.910+0000] {processor.py:830} INFO - Processing file /home/airflow/.local/lib/python3.8/site-packages/airflow/example_dags/example_time_delta_sensor_async.py for tasks to queue
[2025-04-05T16:44:27.911+0000] {logging_mixin.py:188} INFO - [2025-04-05T16:44:27.911+0000] {dagbag.py:538} INFO - Filling up the DagBag from /home/airflow/.local/lib/python3.8/site-packages/airflow/example_dags/example_time_delta_sensor_async.py
[2025-04-05T16:44:27.915+0000] {processor.py:840} INFO - DAG(s) 'example_time_delta_sensor_async' retrieved from /home/airflow/.local/lib/python3.8/site-packages/airflow/example_dags/example_time_delta_sensor_async.py
[2025-04-05T16:44:27.937+0000] {logging_mixin.py:188} INFO - [2025-04-05T16:44:27.937+0000] {dag.py:3036} INFO - Sync 1 DAGs
[2025-04-05T16:44:27.950+0000] {logging_mixin.py:188} INFO - [2025-04-05T16:44:27.950+0000] {dag.py:3823} INFO - Setting next_dagrun for example_time_delta_sensor_async to None, run_after=None
[2025-04-05T16:44:27.971+0000] {processor.py:183} INFO - Processing /home/airflow/.local/lib/python3.8/site-packages/airflow/example_dags/example_time_delta_sensor_async.py took 0.065 seconds
[2025-04-05T16:44:58.073+0000] {processor.py:161} INFO - Started process (PID=2197) to work on /home/airflow/.local/lib/python3.8/site-packages/airflow/example_dags/example_time_delta_sensor_async.py
[2025-04-05T16:44:58.074+0000] {processor.py:830} INFO - Processing file /home/airflow/.local/lib/python3.8/site-packages/airflow/example_dags/example_time_delta_sensor_async.py for tasks to queue
[2025-04-05T16:44:58.075+0000] {logging_mixin.py:188} INFO - [2025-04-05T16:44:58.075+0000] {dagbag.py:538} INFO - Filling up the DagBag from /home/airflow/.local/lib/python3.8/site-packages/airflow/example_dags/example_time_delta_sensor_async.py
[2025-04-05T16:44:58.079+0000] {processor.py:840} INFO - DAG(s) 'example_time_delta_sensor_async' retrieved from /home/airflow/.local/lib/python3.8/site-packages/airflow/example_dags/example_time_delta_sensor_async.py
[2025-04-05T16:44:58.103+0000] {logging_mixin.py:188} INFO - [2025-04-05T16:44:58.102+0000] {dag.py:3036} INFO - Sync 1 DAGs
[2025-04-05T16:44:58.117+0000] {logging_mixin.py:188} INFO - [2025-04-05T16:44:58.116+0000] {dag.py:3823} INFO - Setting next_dagrun for example_time_delta_sensor_async to None, run_after=None
[2025-04-05T16:44:58.137+0000] {processor.py:183} INFO - Processing /home/airflow/.local/lib/python3.8/site-packages/airflow/example_dags/example_time_delta_sensor_async.py took 0.067 seconds
[2025-04-05T16:45:28.466+0000] {processor.py:161} INFO - Started process (PID=2444) to work on /home/airflow/.local/lib/python3.8/site-packages/airflow/example_dags/example_time_delta_sensor_async.py
[2025-04-05T16:45:28.468+0000] {processor.py:830} INFO - Processing file /home/airflow/.local/lib/python3.8/site-packages/airflow/example_dags/example_time_delta_sensor_async.py for tasks to queue
[2025-04-05T16:45:28.470+0000] {logging_mixin.py:188} INFO - [2025-04-05T16:45:28.469+0000] {dagbag.py:538} INFO - Filling up the DagBag from /home/airflow/.local/lib/python3.8/site-packages/airflow/example_dags/example_time_delta_sensor_async.py
[2025-04-05T16:45:28.475+0000] {processor.py:840} INFO - DAG(s) 'example_time_delta_sensor_async' retrieved from /home/airflow/.local/lib/python3.8/site-packages/airflow/example_dags/example_time_delta_sensor_async.py
[2025-04-05T16:45:28.510+0000] {logging_mixin.py:188} INFO - [2025-04-05T16:45:28.510+0000] {dag.py:3036} INFO - Sync 1 DAGs
[2025-04-05T16:45:28.525+0000] {logging_mixin.py:188} INFO - [2025-04-05T16:45:28.524+0000] {dag.py:3823} INFO - Setting next_dagrun for example_time_delta_sensor_async to None, run_after=None
[2025-04-05T16:45:28.545+0000] {processor.py:183} INFO - Processing /home/airflow/.local/lib/python3.8/site-packages/airflow/example_dags/example_time_delta_sensor_async.py took 0.083 seconds
[2025-04-05T16:45:59.223+0000] {processor.py:161} INFO - Started process (PID=2691) to work on /home/airflow/.local/lib/python3.8/site-packages/airflow/example_dags/example_time_delta_sensor_async.py
[2025-04-05T16:45:59.225+0000] {processor.py:830} INFO - Processing file /home/airflow/.local/lib/python3.8/site-packages/airflow/example_dags/example_time_delta_sensor_async.py for tasks to queue
[2025-04-05T16:45:59.226+0000] {logging_mixin.py:188} INFO - [2025-04-05T16:45:59.226+0000] {dagbag.py:538} INFO - Filling up the DagBag from /home/airflow/.local/lib/python3.8/site-packages/airflow/example_dags/example_time_delta_sensor_async.py
[2025-04-05T16:45:59.232+0000] {processor.py:840} INFO - DAG(s) 'example_time_delta_sensor_async' retrieved from /home/airflow/.local/lib/python3.8/site-packages/airflow/example_dags/example_time_delta_sensor_async.py
[2025-04-05T16:45:59.262+0000] {logging_mixin.py:188} INFO - [2025-04-05T16:45:59.262+0000] {dag.py:3036} INFO - Sync 1 DAGs
[2025-04-05T16:45:59.281+0000] {logging_mixin.py:188} INFO - [2025-04-05T16:45:59.280+0000] {dag.py:3823} INFO - Setting next_dagrun for example_time_delta_sensor_async to None, run_after=None
[2025-04-05T16:45:59.316+0000] {processor.py:183} INFO - Processing /home/airflow/.local/lib/python3.8/site-packages/airflow/example_dags/example_time_delta_sensor_async.py took 0.098 seconds
[2025-04-05T16:46:29.391+0000] {processor.py:161} INFO - Started process (PID=2938) to work on /home/airflow/.local/lib/python3.8/site-packages/airflow/example_dags/example_time_delta_sensor_async.py
[2025-04-05T16:46:29.393+0000] {processor.py:830} INFO - Processing file /home/airflow/.local/lib/python3.8/site-packages/airflow/example_dags/example_time_delta_sensor_async.py for tasks to queue
[2025-04-05T16:46:29.394+0000] {logging_mixin.py:188} INFO - [2025-04-05T16:46:29.394+0000] {dagbag.py:538} INFO - Filling up the DagBag from /home/airflow/.local/lib/python3.8/site-packages/airflow/example_dags/example_time_delta_sensor_async.py
[2025-04-05T16:46:29.399+0000] {processor.py:840} INFO - DAG(s) 'example_time_delta_sensor_async' retrieved from /home/airflow/.local/lib/python3.8/site-packages/airflow/example_dags/example_time_delta_sensor_async.py
[2025-04-05T16:46:29.420+0000] {logging_mixin.py:188} INFO - [2025-04-05T16:46:29.420+0000] {dag.py:3036} INFO - Sync 1 DAGs
[2025-04-05T16:46:29.432+0000] {logging_mixin.py:188} INFO - [2025-04-05T16:46:29.432+0000] {dag.py:3823} INFO - Setting next_dagrun for example_time_delta_sensor_async to None, run_after=None
[2025-04-05T16:46:29.453+0000] {processor.py:183} INFO - Processing /home/airflow/.local/lib/python3.8/site-packages/airflow/example_dags/example_time_delta_sensor_async.py took 0.065 seconds
[2025-04-05T16:46:59.619+0000] {processor.py:161} INFO - Started process (PID=3185) to work on /home/airflow/.local/lib/python3.8/site-packages/airflow/example_dags/example_time_delta_sensor_async.py
[2025-04-05T16:46:59.620+0000] {processor.py:830} INFO - Processing file /home/airflow/.local/lib/python3.8/site-packages/airflow/example_dags/example_time_delta_sensor_async.py for tasks to queue
[2025-04-05T16:46:59.621+0000] {logging_mixin.py:188} INFO - [2025-04-05T16:46:59.621+0000] {dagbag.py:538} INFO - Filling up the DagBag from /home/airflow/.local/lib/python3.8/site-packages/airflow/example_dags/example_time_delta_sensor_async.py
[2025-04-05T16:46:59.626+0000] {processor.py:840} INFO - DAG(s) 'example_time_delta_sensor_async' retrieved from /home/airflow/.local/lib/python3.8/site-packages/airflow/example_dags/example_time_delta_sensor_async.py
[2025-04-05T16:46:59.651+0000] {logging_mixin.py:188} INFO - [2025-04-05T16:46:59.651+0000] {dag.py:3036} INFO - Sync 1 DAGs
[2025-04-05T16:46:59.668+0000] {logging_mixin.py:188} INFO - [2025-04-05T16:46:59.668+0000] {dag.py:3823} INFO - Setting next_dagrun for example_time_delta_sensor_async to None, run_after=None
[2025-04-05T16:46:59.700+0000] {processor.py:183} INFO - Processing /home/airflow/.local/lib/python3.8/site-packages/airflow/example_dags/example_time_delta_sensor_async.py took 0.085 seconds
[2025-04-05T16:47:29.817+0000] {processor.py:161} INFO - Started process (PID=3432) to work on /home/airflow/.local/lib/python3.8/site-packages/airflow/example_dags/example_time_delta_sensor_async.py
[2025-04-05T16:47:29.819+0000] {processor.py:830} INFO - Processing file /home/airflow/.local/lib/python3.8/site-packages/airflow/example_dags/example_time_delta_sensor_async.py for tasks to queue
[2025-04-05T16:47:29.820+0000] {logging_mixin.py:188} INFO - [2025-04-05T16:47:29.820+0000] {dagbag.py:538} INFO - Filling up the DagBag from /home/airflow/.local/lib/python3.8/site-packages/airflow/example_dags/example_time_delta_sensor_async.py
[2025-04-05T16:47:29.824+0000] {processor.py:840} INFO - DAG(s) 'example_time_delta_sensor_async' retrieved from /home/airflow/.local/lib/python3.8/site-packages/airflow/example_dags/example_time_delta_sensor_async.py
[2025-04-05T16:47:29.851+0000] {logging_mixin.py:188} INFO - [2025-04-05T16:47:29.851+0000] {dag.py:3036} INFO - Sync 1 DAGs
[2025-04-05T16:47:29.866+0000] {logging_mixin.py:188} INFO - [2025-04-05T16:47:29.865+0000] {dag.py:3823} INFO - Setting next_dagrun for example_time_delta_sensor_async to None, run_after=None
[2025-04-05T16:47:29.891+0000] {processor.py:183} INFO - Processing /home/airflow/.local/lib/python3.8/site-packages/airflow/example_dags/example_time_delta_sensor_async.py took 0.078 seconds
[2025-04-05T16:48:00.479+0000] {processor.py:161} INFO - Started process (PID=3680) to work on /home/airflow/.local/lib/python3.8/site-packages/airflow/example_dags/example_time_delta_sensor_async.py
[2025-04-05T16:48:00.480+0000] {processor.py:830} INFO - Processing file /home/airflow/.local/lib/python3.8/site-packages/airflow/example_dags/example_time_delta_sensor_async.py for tasks to queue
[2025-04-05T16:48:00.481+0000] {logging_mixin.py:188} INFO - [2025-04-05T16:48:00.481+0000] {dagbag.py:538} INFO - Filling up the DagBag from /home/airflow/.local/lib/python3.8/site-packages/airflow/example_dags/example_time_delta_sensor_async.py
[2025-04-05T16:48:00.486+0000] {processor.py:840} INFO - DAG(s) 'example_time_delta_sensor_async' retrieved from /home/airflow/.local/lib/python3.8/site-packages/airflow/example_dags/example_time_delta_sensor_async.py
[2025-04-05T16:48:00.508+0000] {logging_mixin.py:188} INFO - [2025-04-05T16:48:00.508+0000] {dag.py:3036} INFO - Sync 1 DAGs
[2025-04-05T16:48:00.522+0000] {logging_mixin.py:188} INFO - [2025-04-05T16:48:00.522+0000] {dag.py:3823} INFO - Setting next_dagrun for example_time_delta_sensor_async to None, run_after=None
[2025-04-05T16:48:00.544+0000] {processor.py:183} INFO - Processing /home/airflow/.local/lib/python3.8/site-packages/airflow/example_dags/example_time_delta_sensor_async.py took 0.068 seconds
[2025-04-05T16:48:31.119+0000] {processor.py:161} INFO - Started process (PID=3927) to work on /home/airflow/.local/lib/python3.8/site-packages/airflow/example_dags/example_time_delta_sensor_async.py
[2025-04-05T16:48:31.120+0000] {processor.py:830} INFO - Processing file /home/airflow/.local/lib/python3.8/site-packages/airflow/example_dags/example_time_delta_sensor_async.py for tasks to queue
[2025-04-05T16:48:31.121+0000] {logging_mixin.py:188} INFO - [2025-04-05T16:48:31.121+0000] {dagbag.py:538} INFO - Filling up the DagBag from /home/airflow/.local/lib/python3.8/site-packages/airflow/example_dags/example_time_delta_sensor_async.py
[2025-04-05T16:48:31.126+0000] {processor.py:840} INFO - DAG(s) 'example_time_delta_sensor_async' retrieved from /home/airflow/.local/lib/python3.8/site-packages/airflow/example_dags/example_time_delta_sensor_async.py
[2025-04-05T16:48:31.148+0000] {logging_mixin.py:188} INFO - [2025-04-05T16:48:31.147+0000] {dag.py:3036} INFO - Sync 1 DAGs
[2025-04-05T16:48:31.161+0000] {logging_mixin.py:188} INFO - [2025-04-05T16:48:31.161+0000] {dag.py:3823} INFO - Setting next_dagrun for example_time_delta_sensor_async to None, run_after=None
[2025-04-05T16:48:31.213+0000] {processor.py:183} INFO - Processing /home/airflow/.local/lib/python3.8/site-packages/airflow/example_dags/example_time_delta_sensor_async.py took 0.097 seconds
[2025-04-05T16:49:01.334+0000] {processor.py:161} INFO - Started process (PID=4177) to work on /home/airflow/.local/lib/python3.8/site-packages/airflow/example_dags/example_time_delta_sensor_async.py
[2025-04-05T16:49:01.335+0000] {processor.py:830} INFO - Processing file /home/airflow/.local/lib/python3.8/site-packages/airflow/example_dags/example_time_delta_sensor_async.py for tasks to queue
[2025-04-05T16:49:01.336+0000] {logging_mixin.py:188} INFO - [2025-04-05T16:49:01.336+0000] {dagbag.py:538} INFO - Filling up the DagBag from /home/airflow/.local/lib/python3.8/site-packages/airflow/example_dags/example_time_delta_sensor_async.py
[2025-04-05T16:49:01.341+0000] {processor.py:840} INFO - DAG(s) 'example_time_delta_sensor_async' retrieved from /home/airflow/.local/lib/python3.8/site-packages/airflow/example_dags/example_time_delta_sensor_async.py
[2025-04-05T16:49:01.361+0000] {logging_mixin.py:188} INFO - [2025-04-05T16:49:01.361+0000] {dag.py:3036} INFO - Sync 1 DAGs
[2025-04-05T16:49:01.374+0000] {logging_mixin.py:188} INFO - [2025-04-05T16:49:01.373+0000] {dag.py:3823} INFO - Setting next_dagrun for example_time_delta_sensor_async to None, run_after=None
[2025-04-05T16:49:01.397+0000] {processor.py:183} INFO - Processing /home/airflow/.local/lib/python3.8/site-packages/airflow/example_dags/example_time_delta_sensor_async.py took 0.066 seconds
[2025-04-05T16:49:31.582+0000] {processor.py:161} INFO - Started process (PID=4446) to work on /home/airflow/.local/lib/python3.8/site-packages/airflow/example_dags/example_time_delta_sensor_async.py
[2025-04-05T16:49:31.583+0000] {processor.py:830} INFO - Processing file /home/airflow/.local/lib/python3.8/site-packages/airflow/example_dags/example_time_delta_sensor_async.py for tasks to queue
[2025-04-05T16:49:31.585+0000] {logging_mixin.py:188} INFO - [2025-04-05T16:49:31.584+0000] {dagbag.py:538} INFO - Filling up the DagBag from /home/airflow/.local/lib/python3.8/site-packages/airflow/example_dags/example_time_delta_sensor_async.py
[2025-04-05T16:49:31.589+0000] {processor.py:840} INFO - DAG(s) 'example_time_delta_sensor_async' retrieved from /home/airflow/.local/lib/python3.8/site-packages/airflow/example_dags/example_time_delta_sensor_async.py
[2025-04-05T16:49:31.611+0000] {logging_mixin.py:188} INFO - [2025-04-05T16:49:31.611+0000] {dag.py:3036} INFO - Sync 1 DAGs
[2025-04-05T16:49:31.624+0000] {logging_mixin.py:188} INFO - [2025-04-05T16:49:31.624+0000] {dag.py:3823} INFO - Setting next_dagrun for example_time_delta_sensor_async to None, run_after=None
[2025-04-05T16:49:31.645+0000] {processor.py:183} INFO - Processing /home/airflow/.local/lib/python3.8/site-packages/airflow/example_dags/example_time_delta_sensor_async.py took 0.066 seconds
[2025-04-05T16:50:02.210+0000] {processor.py:161} INFO - Started process (PID=4693) to work on /home/airflow/.local/lib/python3.8/site-packages/airflow/example_dags/example_time_delta_sensor_async.py
[2025-04-05T16:50:02.212+0000] {processor.py:830} INFO - Processing file /home/airflow/.local/lib/python3.8/site-packages/airflow/example_dags/example_time_delta_sensor_async.py for tasks to queue
[2025-04-05T16:50:02.213+0000] {logging_mixin.py:188} INFO - [2025-04-05T16:50:02.213+0000] {dagbag.py:538} INFO - Filling up the DagBag from /home/airflow/.local/lib/python3.8/site-packages/airflow/example_dags/example_time_delta_sensor_async.py
[2025-04-05T16:50:02.221+0000] {processor.py:840} INFO - DAG(s) 'example_time_delta_sensor_async' retrieved from /home/airflow/.local/lib/python3.8/site-packages/airflow/example_dags/example_time_delta_sensor_async.py
[2025-04-05T16:50:02.248+0000] {logging_mixin.py:188} INFO - [2025-04-05T16:50:02.248+0000] {dag.py:3036} INFO - Sync 1 DAGs
[2025-04-05T16:50:02.270+0000] {logging_mixin.py:188} INFO - [2025-04-05T16:50:02.269+0000] {dag.py:3823} INFO - Setting next_dagrun for example_time_delta_sensor_async to None, run_after=None
[2025-04-05T16:50:02.303+0000] {processor.py:183} INFO - Processing /home/airflow/.local/lib/python3.8/site-packages/airflow/example_dags/example_time_delta_sensor_async.py took 0.097 seconds
[2025-04-05T16:50:32.437+0000] {processor.py:161} INFO - Started process (PID=4940) to work on /home/airflow/.local/lib/python3.8/site-packages/airflow/example_dags/example_time_delta_sensor_async.py
[2025-04-05T16:50:32.439+0000] {processor.py:830} INFO - Processing file /home/airflow/.local/lib/python3.8/site-packages/airflow/example_dags/example_time_delta_sensor_async.py for tasks to queue
[2025-04-05T16:50:32.440+0000] {logging_mixin.py:188} INFO - [2025-04-05T16:50:32.440+0000] {dagbag.py:538} INFO - Filling up the DagBag from /home/airflow/.local/lib/python3.8/site-packages/airflow/example_dags/example_time_delta_sensor_async.py
[2025-04-05T16:50:32.447+0000] {processor.py:840} INFO - DAG(s) 'example_time_delta_sensor_async' retrieved from /home/airflow/.local/lib/python3.8/site-packages/airflow/example_dags/example_time_delta_sensor_async.py
[2025-04-05T16:50:32.470+0000] {logging_mixin.py:188} INFO - [2025-04-05T16:50:32.470+0000] {dag.py:3036} INFO - Sync 1 DAGs
[2025-04-05T16:50:32.484+0000] {logging_mixin.py:188} INFO - [2025-04-05T16:50:32.483+0000] {dag.py:3823} INFO - Setting next_dagrun for example_time_delta_sensor_async to None, run_after=None
[2025-04-05T16:50:32.504+0000] {processor.py:183} INFO - Processing /home/airflow/.local/lib/python3.8/site-packages/airflow/example_dags/example_time_delta_sensor_async.py took 0.071 seconds
[2025-04-05T16:51:02.704+0000] {processor.py:161} INFO - Started process (PID=5192) to work on /home/airflow/.local/lib/python3.8/site-packages/airflow/example_dags/example_time_delta_sensor_async.py
[2025-04-05T16:51:02.705+0000] {processor.py:830} INFO - Processing file /home/airflow/.local/lib/python3.8/site-packages/airflow/example_dags/example_time_delta_sensor_async.py for tasks to queue
[2025-04-05T16:51:02.707+0000] {logging_mixin.py:188} INFO - [2025-04-05T16:51:02.707+0000] {dagbag.py:538} INFO - Filling up the DagBag from /home/airflow/.local/lib/python3.8/site-packages/airflow/example_dags/example_time_delta_sensor_async.py
[2025-04-05T16:51:02.712+0000] {processor.py:840} INFO - DAG(s) 'example_time_delta_sensor_async' retrieved from /home/airflow/.local/lib/python3.8/site-packages/airflow/example_dags/example_time_delta_sensor_async.py
[2025-04-05T16:51:02.735+0000] {logging_mixin.py:188} INFO - [2025-04-05T16:51:02.735+0000] {dag.py:3036} INFO - Sync 1 DAGs
[2025-04-05T16:51:02.748+0000] {logging_mixin.py:188} INFO - [2025-04-05T16:51:02.747+0000] {dag.py:3823} INFO - Setting next_dagrun for example_time_delta_sensor_async to None, run_after=None
[2025-04-05T16:51:02.770+0000] {processor.py:183} INFO - Processing /home/airflow/.local/lib/python3.8/site-packages/airflow/example_dags/example_time_delta_sensor_async.py took 0.070 seconds
[2025-04-05T16:51:33.212+0000] {processor.py:161} INFO - Started process (PID=5444) to work on /home/airflow/.local/lib/python3.8/site-packages/airflow/example_dags/example_time_delta_sensor_async.py
[2025-04-05T16:51:33.214+0000] {processor.py:830} INFO - Processing file /home/airflow/.local/lib/python3.8/site-packages/airflow/example_dags/example_time_delta_sensor_async.py for tasks to queue
[2025-04-05T16:51:33.215+0000] {logging_mixin.py:188} INFO - [2025-04-05T16:51:33.214+0000] {dagbag.py:538} INFO - Filling up the DagBag from /home/airflow/.local/lib/python3.8/site-packages/airflow/example_dags/example_time_delta_sensor_async.py
[2025-04-05T16:51:33.221+0000] {processor.py:840} INFO - DAG(s) 'example_time_delta_sensor_async' retrieved from /home/airflow/.local/lib/python3.8/site-packages/airflow/example_dags/example_time_delta_sensor_async.py
[2025-04-05T16:51:33.244+0000] {logging_mixin.py:188} INFO - [2025-04-05T16:51:33.243+0000] {dag.py:3036} INFO - Sync 1 DAGs
[2025-04-05T16:51:33.258+0000] {logging_mixin.py:188} INFO - [2025-04-05T16:51:33.258+0000] {dag.py:3823} INFO - Setting next_dagrun for example_time_delta_sensor_async to None, run_after=None
[2025-04-05T16:51:33.282+0000] {processor.py:183} INFO - Processing /home/airflow/.local/lib/python3.8/site-packages/airflow/example_dags/example_time_delta_sensor_async.py took 0.073 seconds
[2025-04-05T16:52:03.449+0000] {processor.py:161} INFO - Started process (PID=5696) to work on /home/airflow/.local/lib/python3.8/site-packages/airflow/example_dags/example_time_delta_sensor_async.py
[2025-04-05T16:52:03.450+0000] {processor.py:830} INFO - Processing file /home/airflow/.local/lib/python3.8/site-packages/airflow/example_dags/example_time_delta_sensor_async.py for tasks to queue
[2025-04-05T16:52:03.452+0000] {logging_mixin.py:188} INFO - [2025-04-05T16:52:03.451+0000] {dagbag.py:538} INFO - Filling up the DagBag from /home/airflow/.local/lib/python3.8/site-packages/airflow/example_dags/example_time_delta_sensor_async.py
[2025-04-05T16:52:03.456+0000] {processor.py:840} INFO - DAG(s) 'example_time_delta_sensor_async' retrieved from /home/airflow/.local/lib/python3.8/site-packages/airflow/example_dags/example_time_delta_sensor_async.py
[2025-04-05T16:52:03.479+0000] {logging_mixin.py:188} INFO - [2025-04-05T16:52:03.479+0000] {dag.py:3036} INFO - Sync 1 DAGs
[2025-04-05T16:52:03.492+0000] {logging_mixin.py:188} INFO - [2025-04-05T16:52:03.492+0000] {dag.py:3823} INFO - Setting next_dagrun for example_time_delta_sensor_async to None, run_after=None
[2025-04-05T16:52:03.514+0000] {processor.py:183} INFO - Processing /home/airflow/.local/lib/python3.8/site-packages/airflow/example_dags/example_time_delta_sensor_async.py took 0.067 seconds
[2025-04-05T16:52:33.951+0000] {processor.py:161} INFO - Started process (PID=5948) to work on /home/airflow/.local/lib/python3.8/site-packages/airflow/example_dags/example_time_delta_sensor_async.py
[2025-04-05T16:52:33.953+0000] {processor.py:830} INFO - Processing file /home/airflow/.local/lib/python3.8/site-packages/airflow/example_dags/example_time_delta_sensor_async.py for tasks to queue
[2025-04-05T16:52:33.954+0000] {logging_mixin.py:188} INFO - [2025-04-05T16:52:33.954+0000] {dagbag.py:538} INFO - Filling up the DagBag from /home/airflow/.local/lib/python3.8/site-packages/airflow/example_dags/example_time_delta_sensor_async.py
[2025-04-05T16:52:33.958+0000] {processor.py:840} INFO - DAG(s) 'example_time_delta_sensor_async' retrieved from /home/airflow/.local/lib/python3.8/site-packages/airflow/example_dags/example_time_delta_sensor_async.py
[2025-04-05T16:52:33.981+0000] {logging_mixin.py:188} INFO - [2025-04-05T16:52:33.981+0000] {dag.py:3036} INFO - Sync 1 DAGs
[2025-04-05T16:52:33.994+0000] {logging_mixin.py:188} INFO - [2025-04-05T16:52:33.994+0000] {dag.py:3823} INFO - Setting next_dagrun for example_time_delta_sensor_async to None, run_after=None
[2025-04-05T16:52:34.023+0000] {processor.py:183} INFO - Processing /home/airflow/.local/lib/python3.8/site-packages/airflow/example_dags/example_time_delta_sensor_async.py took 0.075 seconds
[2025-04-05T16:53:04.208+0000] {processor.py:161} INFO - Started process (PID=6201) to work on /home/airflow/.local/lib/python3.8/site-packages/airflow/example_dags/example_time_delta_sensor_async.py
[2025-04-05T16:53:04.209+0000] {processor.py:830} INFO - Processing file /home/airflow/.local/lib/python3.8/site-packages/airflow/example_dags/example_time_delta_sensor_async.py for tasks to queue
[2025-04-05T16:53:04.210+0000] {logging_mixin.py:188} INFO - [2025-04-05T16:53:04.210+0000] {dagbag.py:538} INFO - Filling up the DagBag from /home/airflow/.local/lib/python3.8/site-packages/airflow/example_dags/example_time_delta_sensor_async.py
[2025-04-05T16:53:04.214+0000] {processor.py:840} INFO - DAG(s) 'example_time_delta_sensor_async' retrieved from /home/airflow/.local/lib/python3.8/site-packages/airflow/example_dags/example_time_delta_sensor_async.py
[2025-04-05T16:53:04.241+0000] {logging_mixin.py:188} INFO - [2025-04-05T16:53:04.240+0000] {dag.py:3036} INFO - Sync 1 DAGs
[2025-04-05T16:53:04.254+0000] {logging_mixin.py:188} INFO - [2025-04-05T16:53:04.253+0000] {dag.py:3823} INFO - Setting next_dagrun for example_time_delta_sensor_async to None, run_after=None
[2025-04-05T16:53:04.274+0000] {processor.py:183} INFO - Processing /home/airflow/.local/lib/python3.8/site-packages/airflow/example_dags/example_time_delta_sensor_async.py took 0.070 seconds
[2025-04-05T16:53:34.436+0000] {processor.py:161} INFO - Started process (PID=6453) to work on /home/airflow/.local/lib/python3.8/site-packages/airflow/example_dags/example_time_delta_sensor_async.py
[2025-04-05T16:53:34.437+0000] {processor.py:830} INFO - Processing file /home/airflow/.local/lib/python3.8/site-packages/airflow/example_dags/example_time_delta_sensor_async.py for tasks to queue
[2025-04-05T16:53:34.438+0000] {logging_mixin.py:188} INFO - [2025-04-05T16:53:34.438+0000] {dagbag.py:538} INFO - Filling up the DagBag from /home/airflow/.local/lib/python3.8/site-packages/airflow/example_dags/example_time_delta_sensor_async.py
[2025-04-05T16:53:34.442+0000] {processor.py:840} INFO - DAG(s) 'example_time_delta_sensor_async' retrieved from /home/airflow/.local/lib/python3.8/site-packages/airflow/example_dags/example_time_delta_sensor_async.py
[2025-04-05T16:53:34.465+0000] {logging_mixin.py:188} INFO - [2025-04-05T16:53:34.464+0000] {dag.py:3036} INFO - Sync 1 DAGs
[2025-04-05T16:53:34.478+0000] {logging_mixin.py:188} INFO - [2025-04-05T16:53:34.477+0000] {dag.py:3823} INFO - Setting next_dagrun for example_time_delta_sensor_async to None, run_after=None
[2025-04-05T16:53:34.500+0000] {processor.py:183} INFO - Processing /home/airflow/.local/lib/python3.8/site-packages/airflow/example_dags/example_time_delta_sensor_async.py took 0.068 seconds
[2025-04-05T16:54:05.232+0000] {processor.py:161} INFO - Started process (PID=6699) to work on /home/airflow/.local/lib/python3.8/site-packages/airflow/example_dags/example_time_delta_sensor_async.py
[2025-04-05T16:54:05.233+0000] {processor.py:830} INFO - Processing file /home/airflow/.local/lib/python3.8/site-packages/airflow/example_dags/example_time_delta_sensor_async.py for tasks to queue
[2025-04-05T16:54:05.234+0000] {logging_mixin.py:188} INFO - [2025-04-05T16:54:05.234+0000] {dagbag.py:538} INFO - Filling up the DagBag from /home/airflow/.local/lib/python3.8/site-packages/airflow/example_dags/example_time_delta_sensor_async.py
[2025-04-05T16:54:05.239+0000] {processor.py:840} INFO - DAG(s) 'example_time_delta_sensor_async' retrieved from /home/airflow/.local/lib/python3.8/site-packages/airflow/example_dags/example_time_delta_sensor_async.py
[2025-04-05T16:54:05.261+0000] {logging_mixin.py:188} INFO - [2025-04-05T16:54:05.261+0000] {dag.py:3036} INFO - Sync 1 DAGs
[2025-04-05T16:54:05.274+0000] {logging_mixin.py:188} INFO - [2025-04-05T16:54:05.274+0000] {dag.py:3823} INFO - Setting next_dagrun for example_time_delta_sensor_async to None, run_after=None
[2025-04-05T16:54:05.298+0000] {processor.py:183} INFO - Processing /home/airflow/.local/lib/python3.8/site-packages/airflow/example_dags/example_time_delta_sensor_async.py took 0.070 seconds
[2025-04-05T16:54:35.533+0000] {processor.py:161} INFO - Started process (PID=6951) to work on /home/airflow/.local/lib/python3.8/site-packages/airflow/example_dags/example_time_delta_sensor_async.py
[2025-04-05T16:54:35.534+0000] {processor.py:830} INFO - Processing file /home/airflow/.local/lib/python3.8/site-packages/airflow/example_dags/example_time_delta_sensor_async.py for tasks to queue
[2025-04-05T16:54:35.536+0000] {logging_mixin.py:188} INFO - [2025-04-05T16:54:35.535+0000] {dagbag.py:538} INFO - Filling up the DagBag from /home/airflow/.local/lib/python3.8/site-packages/airflow/example_dags/example_time_delta_sensor_async.py
[2025-04-05T16:54:35.541+0000] {processor.py:840} INFO - DAG(s) 'example_time_delta_sensor_async' retrieved from /home/airflow/.local/lib/python3.8/site-packages/airflow/example_dags/example_time_delta_sensor_async.py
[2025-04-05T16:54:35.566+0000] {logging_mixin.py:188} INFO - [2025-04-05T16:54:35.566+0000] {dag.py:3036} INFO - Sync 1 DAGs
[2025-04-05T16:54:35.583+0000] {logging_mixin.py:188} INFO - [2025-04-05T16:54:35.583+0000] {dag.py:3823} INFO - Setting next_dagrun for example_time_delta_sensor_async to None, run_after=None
[2025-04-05T16:54:35.606+0000] {processor.py:183} INFO - Processing /home/airflow/.local/lib/python3.8/site-packages/airflow/example_dags/example_time_delta_sensor_async.py took 0.077 seconds
[2025-04-05T16:55:05.745+0000] {processor.py:161} INFO - Started process (PID=7203) to work on /home/airflow/.local/lib/python3.8/site-packages/airflow/example_dags/example_time_delta_sensor_async.py
[2025-04-05T16:55:05.747+0000] {processor.py:830} INFO - Processing file /home/airflow/.local/lib/python3.8/site-packages/airflow/example_dags/example_time_delta_sensor_async.py for tasks to queue
[2025-04-05T16:55:05.748+0000] {logging_mixin.py:188} INFO - [2025-04-05T16:55:05.748+0000] {dagbag.py:538} INFO - Filling up the DagBag from /home/airflow/.local/lib/python3.8/site-packages/airflow/example_dags/example_time_delta_sensor_async.py
[2025-04-05T16:55:05.752+0000] {processor.py:840} INFO - DAG(s) 'example_time_delta_sensor_async' retrieved from /home/airflow/.local/lib/python3.8/site-packages/airflow/example_dags/example_time_delta_sensor_async.py
[2025-04-05T16:55:05.774+0000] {logging_mixin.py:188} INFO - [2025-04-05T16:55:05.774+0000] {dag.py:3036} INFO - Sync 1 DAGs
[2025-04-05T16:55:05.786+0000] {logging_mixin.py:188} INFO - [2025-04-05T16:55:05.786+0000] {dag.py:3823} INFO - Setting next_dagrun for example_time_delta_sensor_async to None, run_after=None
[2025-04-05T16:55:05.808+0000] {processor.py:183} INFO - Processing /home/airflow/.local/lib/python3.8/site-packages/airflow/example_dags/example_time_delta_sensor_async.py took 0.066 seconds
[2025-04-05T16:55:36.133+0000] {processor.py:161} INFO - Started process (PID=7460) to work on /home/airflow/.local/lib/python3.8/site-packages/airflow/example_dags/example_time_delta_sensor_async.py
[2025-04-05T16:55:36.135+0000] {processor.py:830} INFO - Processing file /home/airflow/.local/lib/python3.8/site-packages/airflow/example_dags/example_time_delta_sensor_async.py for tasks to queue
[2025-04-05T16:55:36.137+0000] {logging_mixin.py:188} INFO - [2025-04-05T16:55:36.137+0000] {dagbag.py:538} INFO - Filling up the DagBag from /home/airflow/.local/lib/python3.8/site-packages/airflow/example_dags/example_time_delta_sensor_async.py
[2025-04-05T16:55:36.147+0000] {processor.py:840} INFO - DAG(s) 'example_time_delta_sensor_async' retrieved from /home/airflow/.local/lib/python3.8/site-packages/airflow/example_dags/example_time_delta_sensor_async.py
[2025-04-05T16:55:36.181+0000] {logging_mixin.py:188} INFO - [2025-04-05T16:55:36.180+0000] {dag.py:3036} INFO - Sync 1 DAGs
[2025-04-05T16:55:36.197+0000] {logging_mixin.py:188} INFO - [2025-04-05T16:55:36.197+0000] {dag.py:3823} INFO - Setting next_dagrun for example_time_delta_sensor_async to None, run_after=None
[2025-04-05T16:55:36.221+0000] {processor.py:183} INFO - Processing /home/airflow/.local/lib/python3.8/site-packages/airflow/example_dags/example_time_delta_sensor_async.py took 0.093 seconds
[2025-04-05T16:56:06.466+0000] {processor.py:161} INFO - Started process (PID=7712) to work on /home/airflow/.local/lib/python3.8/site-packages/airflow/example_dags/example_time_delta_sensor_async.py
[2025-04-05T16:56:06.467+0000] {processor.py:830} INFO - Processing file /home/airflow/.local/lib/python3.8/site-packages/airflow/example_dags/example_time_delta_sensor_async.py for tasks to queue
[2025-04-05T16:56:06.468+0000] {logging_mixin.py:188} INFO - [2025-04-05T16:56:06.468+0000] {dagbag.py:538} INFO - Filling up the DagBag from /home/airflow/.local/lib/python3.8/site-packages/airflow/example_dags/example_time_delta_sensor_async.py
[2025-04-05T16:56:06.473+0000] {processor.py:840} INFO - DAG(s) 'example_time_delta_sensor_async' retrieved from /home/airflow/.local/lib/python3.8/site-packages/airflow/example_dags/example_time_delta_sensor_async.py
[2025-04-05T16:56:06.495+0000] {logging_mixin.py:188} INFO - [2025-04-05T16:56:06.494+0000] {dag.py:3036} INFO - Sync 1 DAGs
[2025-04-05T16:56:06.507+0000] {logging_mixin.py:188} INFO - [2025-04-05T16:56:06.507+0000] {dag.py:3823} INFO - Setting next_dagrun for example_time_delta_sensor_async to None, run_after=None
[2025-04-05T16:56:06.530+0000] {processor.py:183} INFO - Processing /home/airflow/.local/lib/python3.8/site-packages/airflow/example_dags/example_time_delta_sensor_async.py took 0.067 seconds
[2025-04-05T16:56:36.695+0000] {processor.py:161} INFO - Started process (PID=7964) to work on /home/airflow/.local/lib/python3.8/site-packages/airflow/example_dags/example_time_delta_sensor_async.py
[2025-04-05T16:56:36.696+0000] {processor.py:830} INFO - Processing file /home/airflow/.local/lib/python3.8/site-packages/airflow/example_dags/example_time_delta_sensor_async.py for tasks to queue
[2025-04-05T16:56:36.697+0000] {logging_mixin.py:188} INFO - [2025-04-05T16:56:36.696+0000] {dagbag.py:538} INFO - Filling up the DagBag from /home/airflow/.local/lib/python3.8/site-packages/airflow/example_dags/example_time_delta_sensor_async.py
[2025-04-05T16:56:36.701+0000] {processor.py:840} INFO - DAG(s) 'example_time_delta_sensor_async' retrieved from /home/airflow/.local/lib/python3.8/site-packages/airflow/example_dags/example_time_delta_sensor_async.py
[2025-04-05T16:56:36.724+0000] {logging_mixin.py:188} INFO - [2025-04-05T16:56:36.724+0000] {dag.py:3036} INFO - Sync 1 DAGs
[2025-04-05T16:56:36.737+0000] {logging_mixin.py:188} INFO - [2025-04-05T16:56:36.737+0000] {dag.py:3823} INFO - Setting next_dagrun for example_time_delta_sensor_async to None, run_after=None
[2025-04-05T16:56:36.759+0000] {processor.py:183} INFO - Processing /home/airflow/.local/lib/python3.8/site-packages/airflow/example_dags/example_time_delta_sensor_async.py took 0.067 seconds
