[2025-04-05T14:18:15.662+0000] {processor.py:161} INFO - Started process (PID=308) to work on /home/airflow/.local/lib/python3.8/site-packages/airflow/example_dags/example_complex.py
[2025-04-05T14:18:15.663+0000] {processor.py:830} INFO - Processing file /home/airflow/.local/lib/python3.8/site-packages/airflow/example_dags/example_complex.py for tasks to queue
[2025-04-05T14:18:15.665+0000] {logging_mixin.py:188} INFO - [2025-04-05T14:18:15.665+0000] {dagbag.py:538} INFO - Filling up the DagBag from /home/airflow/.local/lib/python3.8/site-packages/airflow/example_dags/example_complex.py
[2025-04-05T14:18:15.692+0000] {processor.py:840} INFO - DAG(s) 'example_complex' retrieved from /home/airflow/.local/lib/python3.8/site-packages/airflow/example_dags/example_complex.py
[2025-04-05T14:18:15.713+0000] {logging_mixin.py:188} INFO - [2025-04-05T14:18:15.712+0000] {dag.py:3036} INFO - Sync 1 DAGs
[2025-04-05T14:18:15.741+0000] {logging_mixin.py:188} INFO - [2025-04-05T14:18:15.740+0000] {dag.py:3823} INFO - Setting next_dagrun for example_complex to None, run_after=None
[2025-04-05T14:18:15.772+0000] {processor.py:183} INFO - Processing /home/airflow/.local/lib/python3.8/site-packages/airflow/example_dags/example_complex.py took 0.115 seconds
[2025-04-05T14:18:46.876+0000] {processor.py:161} INFO - Started process (PID=555) to work on /home/airflow/.local/lib/python3.8/site-packages/airflow/example_dags/example_complex.py
[2025-04-05T14:18:46.878+0000] {processor.py:830} INFO - Processing file /home/airflow/.local/lib/python3.8/site-packages/airflow/example_dags/example_complex.py for tasks to queue
[2025-04-05T14:18:46.880+0000] {logging_mixin.py:188} INFO - [2025-04-05T14:18:46.879+0000] {dagbag.py:538} INFO - Filling up the DagBag from /home/airflow/.local/lib/python3.8/site-packages/airflow/example_dags/example_complex.py
[2025-04-05T14:18:46.898+0000] {processor.py:840} INFO - DAG(s) 'example_complex' retrieved from /home/airflow/.local/lib/python3.8/site-packages/airflow/example_dags/example_complex.py
[2025-04-05T14:18:47.029+0000] {logging_mixin.py:188} INFO - [2025-04-05T14:18:47.028+0000] {dag.py:3036} INFO - Sync 1 DAGs
[2025-04-05T14:18:47.042+0000] {logging_mixin.py:188} INFO - [2025-04-05T14:18:47.042+0000] {dag.py:3823} INFO - Setting next_dagrun for example_complex to None, run_after=None
[2025-04-05T14:18:47.068+0000] {processor.py:183} INFO - Processing /home/airflow/.local/lib/python3.8/site-packages/airflow/example_dags/example_complex.py took 0.196 seconds
[2025-04-05T14:19:17.958+0000] {processor.py:161} INFO - Started process (PID=810) to work on /home/airflow/.local/lib/python3.8/site-packages/airflow/example_dags/example_complex.py
[2025-04-05T14:19:17.959+0000] {processor.py:830} INFO - Processing file /home/airflow/.local/lib/python3.8/site-packages/airflow/example_dags/example_complex.py for tasks to queue
[2025-04-05T14:19:17.960+0000] {logging_mixin.py:188} INFO - [2025-04-05T14:19:17.960+0000] {dagbag.py:538} INFO - Filling up the DagBag from /home/airflow/.local/lib/python3.8/site-packages/airflow/example_dags/example_complex.py
[2025-04-05T14:19:17.970+0000] {processor.py:840} INFO - DAG(s) 'example_complex' retrieved from /home/airflow/.local/lib/python3.8/site-packages/airflow/example_dags/example_complex.py
[2025-04-05T14:19:17.999+0000] {logging_mixin.py:188} INFO - [2025-04-05T14:19:17.998+0000] {dag.py:3036} INFO - Sync 1 DAGs
[2025-04-05T14:19:18.010+0000] {logging_mixin.py:188} INFO - [2025-04-05T14:19:18.010+0000] {dag.py:3823} INFO - Setting next_dagrun for example_complex to None, run_after=None
[2025-04-05T14:19:18.030+0000] {processor.py:183} INFO - Processing /home/airflow/.local/lib/python3.8/site-packages/airflow/example_dags/example_complex.py took 0.075 seconds
[2025-04-05T14:19:48.150+0000] {processor.py:161} INFO - Started process (PID=1057) to work on /home/airflow/.local/lib/python3.8/site-packages/airflow/example_dags/example_complex.py
[2025-04-05T14:19:48.151+0000] {processor.py:830} INFO - Processing file /home/airflow/.local/lib/python3.8/site-packages/airflow/example_dags/example_complex.py for tasks to queue
[2025-04-05T14:19:48.153+0000] {logging_mixin.py:188} INFO - [2025-04-05T14:19:48.152+0000] {dagbag.py:538} INFO - Filling up the DagBag from /home/airflow/.local/lib/python3.8/site-packages/airflow/example_dags/example_complex.py
[2025-04-05T14:19:48.164+0000] {processor.py:840} INFO - DAG(s) 'example_complex' retrieved from /home/airflow/.local/lib/python3.8/site-packages/airflow/example_dags/example_complex.py
[2025-04-05T14:19:48.193+0000] {logging_mixin.py:188} INFO - [2025-04-05T14:19:48.193+0000] {dag.py:3036} INFO - Sync 1 DAGs
[2025-04-05T14:19:48.206+0000] {logging_mixin.py:188} INFO - [2025-04-05T14:19:48.206+0000] {dag.py:3823} INFO - Setting next_dagrun for example_complex to None, run_after=None
[2025-04-05T14:19:48.228+0000] {processor.py:183} INFO - Processing /home/airflow/.local/lib/python3.8/site-packages/airflow/example_dags/example_complex.py took 0.081 seconds
[2025-04-05T14:20:18.727+0000] {processor.py:161} INFO - Started process (PID=1302) to work on /home/airflow/.local/lib/python3.8/site-packages/airflow/example_dags/example_complex.py
[2025-04-05T14:20:18.728+0000] {processor.py:830} INFO - Processing file /home/airflow/.local/lib/python3.8/site-packages/airflow/example_dags/example_complex.py for tasks to queue
[2025-04-05T14:20:18.729+0000] {logging_mixin.py:188} INFO - [2025-04-05T14:20:18.729+0000] {dagbag.py:538} INFO - Filling up the DagBag from /home/airflow/.local/lib/python3.8/site-packages/airflow/example_dags/example_complex.py
[2025-04-05T14:20:18.740+0000] {processor.py:840} INFO - DAG(s) 'example_complex' retrieved from /home/airflow/.local/lib/python3.8/site-packages/airflow/example_dags/example_complex.py
[2025-04-05T14:20:18.776+0000] {logging_mixin.py:188} INFO - [2025-04-05T14:20:18.775+0000] {dag.py:3036} INFO - Sync 1 DAGs
[2025-04-05T14:20:18.790+0000] {logging_mixin.py:188} INFO - [2025-04-05T14:20:18.790+0000] {dag.py:3823} INFO - Setting next_dagrun for example_complex to None, run_after=None
[2025-04-05T14:20:18.814+0000] {processor.py:183} INFO - Processing /home/airflow/.local/lib/python3.8/site-packages/airflow/example_dags/example_complex.py took 0.090 seconds
[2025-04-05T14:20:49.612+0000] {processor.py:161} INFO - Started process (PID=1549) to work on /home/airflow/.local/lib/python3.8/site-packages/airflow/example_dags/example_complex.py
[2025-04-05T14:20:49.614+0000] {processor.py:830} INFO - Processing file /home/airflow/.local/lib/python3.8/site-packages/airflow/example_dags/example_complex.py for tasks to queue
[2025-04-05T14:20:49.616+0000] {logging_mixin.py:188} INFO - [2025-04-05T14:20:49.615+0000] {dagbag.py:538} INFO - Filling up the DagBag from /home/airflow/.local/lib/python3.8/site-packages/airflow/example_dags/example_complex.py
[2025-04-05T14:20:49.638+0000] {processor.py:840} INFO - DAG(s) 'example_complex' retrieved from /home/airflow/.local/lib/python3.8/site-packages/airflow/example_dags/example_complex.py
[2025-04-05T14:20:49.698+0000] {logging_mixin.py:188} INFO - [2025-04-05T14:20:49.698+0000] {dag.py:3036} INFO - Sync 1 DAGs
[2025-04-05T14:20:49.724+0000] {logging_mixin.py:188} INFO - [2025-04-05T14:20:49.724+0000] {dag.py:3823} INFO - Setting next_dagrun for example_complex to None, run_after=None
[2025-04-05T14:20:49.773+0000] {processor.py:183} INFO - Processing /home/airflow/.local/lib/python3.8/site-packages/airflow/example_dags/example_complex.py took 0.167 seconds
[2025-04-05T14:21:19.904+0000] {processor.py:161} INFO - Started process (PID=1798) to work on /home/airflow/.local/lib/python3.8/site-packages/airflow/example_dags/example_complex.py
[2025-04-05T14:21:19.905+0000] {processor.py:830} INFO - Processing file /home/airflow/.local/lib/python3.8/site-packages/airflow/example_dags/example_complex.py for tasks to queue
[2025-04-05T14:21:19.906+0000] {logging_mixin.py:188} INFO - [2025-04-05T14:21:19.905+0000] {dagbag.py:538} INFO - Filling up the DagBag from /home/airflow/.local/lib/python3.8/site-packages/airflow/example_dags/example_complex.py
[2025-04-05T14:21:19.915+0000] {processor.py:840} INFO - DAG(s) 'example_complex' retrieved from /home/airflow/.local/lib/python3.8/site-packages/airflow/example_dags/example_complex.py
[2025-04-05T14:21:19.948+0000] {logging_mixin.py:188} INFO - [2025-04-05T14:21:19.948+0000] {dag.py:3036} INFO - Sync 1 DAGs
[2025-04-05T14:21:19.960+0000] {logging_mixin.py:188} INFO - [2025-04-05T14:21:19.960+0000] {dag.py:3823} INFO - Setting next_dagrun for example_complex to None, run_after=None
[2025-04-05T14:21:19.981+0000] {processor.py:183} INFO - Processing /home/airflow/.local/lib/python3.8/site-packages/airflow/example_dags/example_complex.py took 0.080 seconds
[2025-04-05T14:21:50.346+0000] {processor.py:161} INFO - Started process (PID=2044) to work on /home/airflow/.local/lib/python3.8/site-packages/airflow/example_dags/example_complex.py
[2025-04-05T14:21:50.347+0000] {processor.py:830} INFO - Processing file /home/airflow/.local/lib/python3.8/site-packages/airflow/example_dags/example_complex.py for tasks to queue
[2025-04-05T14:21:50.348+0000] {logging_mixin.py:188} INFO - [2025-04-05T14:21:50.348+0000] {dagbag.py:538} INFO - Filling up the DagBag from /home/airflow/.local/lib/python3.8/site-packages/airflow/example_dags/example_complex.py
[2025-04-05T14:21:50.362+0000] {processor.py:840} INFO - DAG(s) 'example_complex' retrieved from /home/airflow/.local/lib/python3.8/site-packages/airflow/example_dags/example_complex.py
[2025-04-05T14:21:50.400+0000] {logging_mixin.py:188} INFO - [2025-04-05T14:21:50.400+0000] {dag.py:3036} INFO - Sync 1 DAGs
[2025-04-05T14:21:50.413+0000] {logging_mixin.py:188} INFO - [2025-04-05T14:21:50.412+0000] {dag.py:3823} INFO - Setting next_dagrun for example_complex to None, run_after=None
[2025-04-05T14:21:50.434+0000] {processor.py:183} INFO - Processing /home/airflow/.local/lib/python3.8/site-packages/airflow/example_dags/example_complex.py took 0.092 seconds
[2025-04-05T14:22:21.422+0000] {processor.py:161} INFO - Started process (PID=2291) to work on /home/airflow/.local/lib/python3.8/site-packages/airflow/example_dags/example_complex.py
[2025-04-05T14:22:21.424+0000] {processor.py:830} INFO - Processing file /home/airflow/.local/lib/python3.8/site-packages/airflow/example_dags/example_complex.py for tasks to queue
[2025-04-05T14:22:21.425+0000] {logging_mixin.py:188} INFO - [2025-04-05T14:22:21.424+0000] {dagbag.py:538} INFO - Filling up the DagBag from /home/airflow/.local/lib/python3.8/site-packages/airflow/example_dags/example_complex.py
[2025-04-05T14:22:21.435+0000] {processor.py:840} INFO - DAG(s) 'example_complex' retrieved from /home/airflow/.local/lib/python3.8/site-packages/airflow/example_dags/example_complex.py
[2025-04-05T14:22:21.471+0000] {logging_mixin.py:188} INFO - [2025-04-05T14:22:21.471+0000] {dag.py:3036} INFO - Sync 1 DAGs
[2025-04-05T14:22:21.485+0000] {logging_mixin.py:188} INFO - [2025-04-05T14:22:21.485+0000] {dag.py:3823} INFO - Setting next_dagrun for example_complex to None, run_after=None
[2025-04-05T14:22:21.509+0000] {processor.py:183} INFO - Processing /home/airflow/.local/lib/python3.8/site-packages/airflow/example_dags/example_complex.py took 0.090 seconds
[2025-04-05T14:22:51.905+0000] {processor.py:161} INFO - Started process (PID=2540) to work on /home/airflow/.local/lib/python3.8/site-packages/airflow/example_dags/example_complex.py
[2025-04-05T14:22:51.906+0000] {processor.py:830} INFO - Processing file /home/airflow/.local/lib/python3.8/site-packages/airflow/example_dags/example_complex.py for tasks to queue
[2025-04-05T14:22:51.907+0000] {logging_mixin.py:188} INFO - [2025-04-05T14:22:51.906+0000] {dagbag.py:538} INFO - Filling up the DagBag from /home/airflow/.local/lib/python3.8/site-packages/airflow/example_dags/example_complex.py
[2025-04-05T14:22:51.917+0000] {processor.py:840} INFO - DAG(s) 'example_complex' retrieved from /home/airflow/.local/lib/python3.8/site-packages/airflow/example_dags/example_complex.py
[2025-04-05T14:22:51.951+0000] {logging_mixin.py:188} INFO - [2025-04-05T14:22:51.951+0000] {dag.py:3036} INFO - Sync 1 DAGs
[2025-04-05T14:22:51.962+0000] {logging_mixin.py:188} INFO - [2025-04-05T14:22:51.962+0000] {dag.py:3823} INFO - Setting next_dagrun for example_complex to None, run_after=None
[2025-04-05T14:22:51.983+0000] {processor.py:183} INFO - Processing /home/airflow/.local/lib/python3.8/site-packages/airflow/example_dags/example_complex.py took 0.081 seconds
[2025-04-05T14:23:22.021+0000] {processor.py:161} INFO - Started process (PID=2785) to work on /home/airflow/.local/lib/python3.8/site-packages/airflow/example_dags/example_complex.py
[2025-04-05T14:23:22.022+0000] {processor.py:830} INFO - Processing file /home/airflow/.local/lib/python3.8/site-packages/airflow/example_dags/example_complex.py for tasks to queue
[2025-04-05T14:23:22.023+0000] {logging_mixin.py:188} INFO - [2025-04-05T14:23:22.023+0000] {dagbag.py:538} INFO - Filling up the DagBag from /home/airflow/.local/lib/python3.8/site-packages/airflow/example_dags/example_complex.py
[2025-04-05T14:23:22.034+0000] {processor.py:840} INFO - DAG(s) 'example_complex' retrieved from /home/airflow/.local/lib/python3.8/site-packages/airflow/example_dags/example_complex.py
[2025-04-05T14:23:22.066+0000] {logging_mixin.py:188} INFO - [2025-04-05T14:23:22.065+0000] {dag.py:3036} INFO - Sync 1 DAGs
[2025-04-05T14:23:22.077+0000] {logging_mixin.py:188} INFO - [2025-04-05T14:23:22.077+0000] {dag.py:3823} INFO - Setting next_dagrun for example_complex to None, run_after=None
[2025-04-05T14:23:22.095+0000] {processor.py:183} INFO - Processing /home/airflow/.local/lib/python3.8/site-packages/airflow/example_dags/example_complex.py took 0.078 seconds
[2025-04-05T14:23:52.377+0000] {processor.py:161} INFO - Started process (PID=3032) to work on /home/airflow/.local/lib/python3.8/site-packages/airflow/example_dags/example_complex.py
[2025-04-05T14:23:52.378+0000] {processor.py:830} INFO - Processing file /home/airflow/.local/lib/python3.8/site-packages/airflow/example_dags/example_complex.py for tasks to queue
[2025-04-05T14:23:52.380+0000] {logging_mixin.py:188} INFO - [2025-04-05T14:23:52.379+0000] {dagbag.py:538} INFO - Filling up the DagBag from /home/airflow/.local/lib/python3.8/site-packages/airflow/example_dags/example_complex.py
[2025-04-05T14:23:52.390+0000] {processor.py:840} INFO - DAG(s) 'example_complex' retrieved from /home/airflow/.local/lib/python3.8/site-packages/airflow/example_dags/example_complex.py
[2025-04-05T14:23:52.421+0000] {logging_mixin.py:188} INFO - [2025-04-05T14:23:52.421+0000] {dag.py:3036} INFO - Sync 1 DAGs
[2025-04-05T14:23:52.433+0000] {logging_mixin.py:188} INFO - [2025-04-05T14:23:52.433+0000] {dag.py:3823} INFO - Setting next_dagrun for example_complex to None, run_after=None
[2025-04-05T14:23:52.456+0000] {processor.py:183} INFO - Processing /home/airflow/.local/lib/python3.8/site-packages/airflow/example_dags/example_complex.py took 0.081 seconds
[2025-04-05T14:24:23.407+0000] {processor.py:161} INFO - Started process (PID=3281) to work on /home/airflow/.local/lib/python3.8/site-packages/airflow/example_dags/example_complex.py
[2025-04-05T14:24:23.408+0000] {processor.py:830} INFO - Processing file /home/airflow/.local/lib/python3.8/site-packages/airflow/example_dags/example_complex.py for tasks to queue
[2025-04-05T14:24:23.409+0000] {logging_mixin.py:188} INFO - [2025-04-05T14:24:23.409+0000] {dagbag.py:538} INFO - Filling up the DagBag from /home/airflow/.local/lib/python3.8/site-packages/airflow/example_dags/example_complex.py
[2025-04-05T14:24:23.419+0000] {processor.py:840} INFO - DAG(s) 'example_complex' retrieved from /home/airflow/.local/lib/python3.8/site-packages/airflow/example_dags/example_complex.py
[2025-04-05T14:24:23.451+0000] {logging_mixin.py:188} INFO - [2025-04-05T14:24:23.451+0000] {dag.py:3036} INFO - Sync 1 DAGs
[2025-04-05T14:24:23.464+0000] {logging_mixin.py:188} INFO - [2025-04-05T14:24:23.464+0000] {dag.py:3823} INFO - Setting next_dagrun for example_complex to None, run_after=None
[2025-04-05T14:24:23.487+0000] {processor.py:183} INFO - Processing /home/airflow/.local/lib/python3.8/site-packages/airflow/example_dags/example_complex.py took 0.083 seconds
[2025-04-05T14:24:53.654+0000] {processor.py:161} INFO - Started process (PID=3526) to work on /home/airflow/.local/lib/python3.8/site-packages/airflow/example_dags/example_complex.py
[2025-04-05T14:24:53.656+0000] {processor.py:830} INFO - Processing file /home/airflow/.local/lib/python3.8/site-packages/airflow/example_dags/example_complex.py for tasks to queue
[2025-04-05T14:24:53.657+0000] {logging_mixin.py:188} INFO - [2025-04-05T14:24:53.657+0000] {dagbag.py:538} INFO - Filling up the DagBag from /home/airflow/.local/lib/python3.8/site-packages/airflow/example_dags/example_complex.py
[2025-04-05T14:24:53.670+0000] {processor.py:840} INFO - DAG(s) 'example_complex' retrieved from /home/airflow/.local/lib/python3.8/site-packages/airflow/example_dags/example_complex.py
[2025-04-05T14:24:53.701+0000] {logging_mixin.py:188} INFO - [2025-04-05T14:24:53.701+0000] {dag.py:3036} INFO - Sync 1 DAGs
[2025-04-05T14:24:53.713+0000] {logging_mixin.py:188} INFO - [2025-04-05T14:24:53.713+0000] {dag.py:3823} INFO - Setting next_dagrun for example_complex to None, run_after=None
[2025-04-05T14:24:53.736+0000] {processor.py:183} INFO - Processing /home/airflow/.local/lib/python3.8/site-packages/airflow/example_dags/example_complex.py took 0.086 seconds
[2025-04-05T14:25:23.895+0000] {processor.py:161} INFO - Started process (PID=3773) to work on /home/airflow/.local/lib/python3.8/site-packages/airflow/example_dags/example_complex.py
[2025-04-05T14:25:23.897+0000] {processor.py:830} INFO - Processing file /home/airflow/.local/lib/python3.8/site-packages/airflow/example_dags/example_complex.py for tasks to queue
[2025-04-05T14:25:23.898+0000] {logging_mixin.py:188} INFO - [2025-04-05T14:25:23.898+0000] {dagbag.py:538} INFO - Filling up the DagBag from /home/airflow/.local/lib/python3.8/site-packages/airflow/example_dags/example_complex.py
[2025-04-05T14:25:23.910+0000] {processor.py:840} INFO - DAG(s) 'example_complex' retrieved from /home/airflow/.local/lib/python3.8/site-packages/airflow/example_dags/example_complex.py
[2025-04-05T14:25:23.945+0000] {logging_mixin.py:188} INFO - [2025-04-05T14:25:23.945+0000] {dag.py:3036} INFO - Sync 1 DAGs
[2025-04-05T14:25:23.957+0000] {logging_mixin.py:188} INFO - [2025-04-05T14:25:23.957+0000] {dag.py:3823} INFO - Setting next_dagrun for example_complex to None, run_after=None
[2025-04-05T14:25:23.977+0000] {processor.py:183} INFO - Processing /home/airflow/.local/lib/python3.8/site-packages/airflow/example_dags/example_complex.py took 0.085 seconds
[2025-04-05T14:25:54.167+0000] {processor.py:161} INFO - Started process (PID=4020) to work on /home/airflow/.local/lib/python3.8/site-packages/airflow/example_dags/example_complex.py
[2025-04-05T14:25:54.168+0000] {processor.py:830} INFO - Processing file /home/airflow/.local/lib/python3.8/site-packages/airflow/example_dags/example_complex.py for tasks to queue
[2025-04-05T14:25:54.169+0000] {logging_mixin.py:188} INFO - [2025-04-05T14:25:54.169+0000] {dagbag.py:538} INFO - Filling up the DagBag from /home/airflow/.local/lib/python3.8/site-packages/airflow/example_dags/example_complex.py
[2025-04-05T14:25:54.179+0000] {processor.py:840} INFO - DAG(s) 'example_complex' retrieved from /home/airflow/.local/lib/python3.8/site-packages/airflow/example_dags/example_complex.py
[2025-04-05T14:25:54.208+0000] {logging_mixin.py:188} INFO - [2025-04-05T14:25:54.208+0000] {dag.py:3036} INFO - Sync 1 DAGs
[2025-04-05T14:25:54.220+0000] {logging_mixin.py:188} INFO - [2025-04-05T14:25:54.220+0000] {dag.py:3823} INFO - Setting next_dagrun for example_complex to None, run_after=None
[2025-04-05T14:25:54.240+0000] {processor.py:183} INFO - Processing /home/airflow/.local/lib/python3.8/site-packages/airflow/example_dags/example_complex.py took 0.076 seconds
[2025-04-05T14:26:24.887+0000] {processor.py:161} INFO - Started process (PID=4267) to work on /home/airflow/.local/lib/python3.8/site-packages/airflow/example_dags/example_complex.py
[2025-04-05T14:26:24.888+0000] {processor.py:830} INFO - Processing file /home/airflow/.local/lib/python3.8/site-packages/airflow/example_dags/example_complex.py for tasks to queue
[2025-04-05T14:26:24.890+0000] {logging_mixin.py:188} INFO - [2025-04-05T14:26:24.889+0000] {dagbag.py:538} INFO - Filling up the DagBag from /home/airflow/.local/lib/python3.8/site-packages/airflow/example_dags/example_complex.py
[2025-04-05T14:26:24.901+0000] {processor.py:840} INFO - DAG(s) 'example_complex' retrieved from /home/airflow/.local/lib/python3.8/site-packages/airflow/example_dags/example_complex.py
[2025-04-05T14:26:24.931+0000] {logging_mixin.py:188} INFO - [2025-04-05T14:26:24.931+0000] {dag.py:3036} INFO - Sync 1 DAGs
[2025-04-05T14:26:24.943+0000] {logging_mixin.py:188} INFO - [2025-04-05T14:26:24.943+0000] {dag.py:3823} INFO - Setting next_dagrun for example_complex to None, run_after=None
[2025-04-05T14:26:24.965+0000] {processor.py:183} INFO - Processing /home/airflow/.local/lib/python3.8/site-packages/airflow/example_dags/example_complex.py took 0.081 seconds
[2025-04-05T14:26:55.221+0000] {processor.py:161} INFO - Started process (PID=4516) to work on /home/airflow/.local/lib/python3.8/site-packages/airflow/example_dags/example_complex.py
[2025-04-05T14:26:55.222+0000] {processor.py:830} INFO - Processing file /home/airflow/.local/lib/python3.8/site-packages/airflow/example_dags/example_complex.py for tasks to queue
[2025-04-05T14:26:55.223+0000] {logging_mixin.py:188} INFO - [2025-04-05T14:26:55.223+0000] {dagbag.py:538} INFO - Filling up the DagBag from /home/airflow/.local/lib/python3.8/site-packages/airflow/example_dags/example_complex.py
[2025-04-05T14:26:55.235+0000] {processor.py:840} INFO - DAG(s) 'example_complex' retrieved from /home/airflow/.local/lib/python3.8/site-packages/airflow/example_dags/example_complex.py
[2025-04-05T14:26:55.263+0000] {logging_mixin.py:188} INFO - [2025-04-05T14:26:55.263+0000] {dag.py:3036} INFO - Sync 1 DAGs
[2025-04-05T14:26:55.274+0000] {logging_mixin.py:188} INFO - [2025-04-05T14:26:55.273+0000] {dag.py:3823} INFO - Setting next_dagrun for example_complex to None, run_after=None
[2025-04-05T14:26:55.292+0000] {processor.py:183} INFO - Processing /home/airflow/.local/lib/python3.8/site-packages/airflow/example_dags/example_complex.py took 0.074 seconds
[2025-04-05T14:28:35.993+0000] {processor.py:161} INFO - Started process (PID=308) to work on /home/airflow/.local/lib/python3.8/site-packages/airflow/example_dags/example_complex.py
[2025-04-05T14:28:35.994+0000] {processor.py:830} INFO - Processing file /home/airflow/.local/lib/python3.8/site-packages/airflow/example_dags/example_complex.py for tasks to queue
[2025-04-05T14:28:35.995+0000] {logging_mixin.py:188} INFO - [2025-04-05T14:28:35.995+0000] {dagbag.py:538} INFO - Filling up the DagBag from /home/airflow/.local/lib/python3.8/site-packages/airflow/example_dags/example_complex.py
[2025-04-05T14:28:36.010+0000] {processor.py:840} INFO - DAG(s) 'example_complex' retrieved from /home/airflow/.local/lib/python3.8/site-packages/airflow/example_dags/example_complex.py
[2025-04-05T14:28:36.027+0000] {logging_mixin.py:188} INFO - [2025-04-05T14:28:36.026+0000] {dag.py:3036} INFO - Sync 1 DAGs
[2025-04-05T14:28:36.045+0000] {logging_mixin.py:188} INFO - [2025-04-05T14:28:36.045+0000] {dag.py:3823} INFO - Setting next_dagrun for example_complex to None, run_after=None
[2025-04-05T14:28:36.069+0000] {processor.py:183} INFO - Processing /home/airflow/.local/lib/python3.8/site-packages/airflow/example_dags/example_complex.py took 0.080 seconds
[2025-04-05T14:29:07.535+0000] {processor.py:161} INFO - Started process (PID=555) to work on /home/airflow/.local/lib/python3.8/site-packages/airflow/example_dags/example_complex.py
[2025-04-05T14:29:07.536+0000] {processor.py:830} INFO - Processing file /home/airflow/.local/lib/python3.8/site-packages/airflow/example_dags/example_complex.py for tasks to queue
[2025-04-05T14:29:07.537+0000] {logging_mixin.py:188} INFO - [2025-04-05T14:29:07.537+0000] {dagbag.py:538} INFO - Filling up the DagBag from /home/airflow/.local/lib/python3.8/site-packages/airflow/example_dags/example_complex.py
[2025-04-05T14:29:07.547+0000] {processor.py:840} INFO - DAG(s) 'example_complex' retrieved from /home/airflow/.local/lib/python3.8/site-packages/airflow/example_dags/example_complex.py
[2025-04-05T14:29:07.640+0000] {logging_mixin.py:188} INFO - [2025-04-05T14:29:07.640+0000] {dag.py:3036} INFO - Sync 1 DAGs
[2025-04-05T14:29:07.650+0000] {logging_mixin.py:188} INFO - [2025-04-05T14:29:07.650+0000] {dag.py:3823} INFO - Setting next_dagrun for example_complex to None, run_after=None
[2025-04-05T14:29:07.670+0000] {processor.py:183} INFO - Processing /home/airflow/.local/lib/python3.8/site-packages/airflow/example_dags/example_complex.py took 0.138 seconds
[2025-04-05T14:29:38.554+0000] {processor.py:161} INFO - Started process (PID=802) to work on /home/airflow/.local/lib/python3.8/site-packages/airflow/example_dags/example_complex.py
[2025-04-05T14:29:38.555+0000] {processor.py:830} INFO - Processing file /home/airflow/.local/lib/python3.8/site-packages/airflow/example_dags/example_complex.py for tasks to queue
[2025-04-05T14:29:38.556+0000] {logging_mixin.py:188} INFO - [2025-04-05T14:29:38.556+0000] {dagbag.py:538} INFO - Filling up the DagBag from /home/airflow/.local/lib/python3.8/site-packages/airflow/example_dags/example_complex.py
[2025-04-05T14:29:38.565+0000] {processor.py:840} INFO - DAG(s) 'example_complex' retrieved from /home/airflow/.local/lib/python3.8/site-packages/airflow/example_dags/example_complex.py
[2025-04-05T14:29:38.593+0000] {logging_mixin.py:188} INFO - [2025-04-05T14:29:38.593+0000] {dag.py:3036} INFO - Sync 1 DAGs
[2025-04-05T14:29:38.603+0000] {logging_mixin.py:188} INFO - [2025-04-05T14:29:38.602+0000] {dag.py:3823} INFO - Setting next_dagrun for example_complex to None, run_after=None
[2025-04-05T14:29:38.623+0000] {processor.py:183} INFO - Processing /home/airflow/.local/lib/python3.8/site-packages/airflow/example_dags/example_complex.py took 0.072 seconds
[2025-04-05T14:30:08.902+0000] {processor.py:161} INFO - Started process (PID=1049) to work on /home/airflow/.local/lib/python3.8/site-packages/airflow/example_dags/example_complex.py
[2025-04-05T14:30:08.903+0000] {processor.py:830} INFO - Processing file /home/airflow/.local/lib/python3.8/site-packages/airflow/example_dags/example_complex.py for tasks to queue
[2025-04-05T14:30:08.904+0000] {logging_mixin.py:188} INFO - [2025-04-05T14:30:08.904+0000] {dagbag.py:538} INFO - Filling up the DagBag from /home/airflow/.local/lib/python3.8/site-packages/airflow/example_dags/example_complex.py
[2025-04-05T14:30:08.915+0000] {processor.py:840} INFO - DAG(s) 'example_complex' retrieved from /home/airflow/.local/lib/python3.8/site-packages/airflow/example_dags/example_complex.py
[2025-04-05T14:30:08.947+0000] {logging_mixin.py:188} INFO - [2025-04-05T14:30:08.947+0000] {dag.py:3036} INFO - Sync 1 DAGs
[2025-04-05T14:30:08.959+0000] {logging_mixin.py:188} INFO - [2025-04-05T14:30:08.959+0000] {dag.py:3823} INFO - Setting next_dagrun for example_complex to None, run_after=None
[2025-04-05T14:30:08.982+0000] {processor.py:183} INFO - Processing /home/airflow/.local/lib/python3.8/site-packages/airflow/example_dags/example_complex.py took 0.083 seconds
[2025-04-05T14:30:39.858+0000] {processor.py:161} INFO - Started process (PID=1296) to work on /home/airflow/.local/lib/python3.8/site-packages/airflow/example_dags/example_complex.py
[2025-04-05T14:30:39.858+0000] {processor.py:830} INFO - Processing file /home/airflow/.local/lib/python3.8/site-packages/airflow/example_dags/example_complex.py for tasks to queue
[2025-04-05T14:30:39.859+0000] {logging_mixin.py:188} INFO - [2025-04-05T14:30:39.859+0000] {dagbag.py:538} INFO - Filling up the DagBag from /home/airflow/.local/lib/python3.8/site-packages/airflow/example_dags/example_complex.py
[2025-04-05T14:30:39.873+0000] {processor.py:840} INFO - DAG(s) 'example_complex' retrieved from /home/airflow/.local/lib/python3.8/site-packages/airflow/example_dags/example_complex.py
[2025-04-05T14:30:39.900+0000] {logging_mixin.py:188} INFO - [2025-04-05T14:30:39.900+0000] {dag.py:3036} INFO - Sync 1 DAGs
[2025-04-05T14:30:39.910+0000] {logging_mixin.py:188} INFO - [2025-04-05T14:30:39.910+0000] {dag.py:3823} INFO - Setting next_dagrun for example_complex to None, run_after=None
[2025-04-05T14:30:39.940+0000] {processor.py:183} INFO - Processing /home/airflow/.local/lib/python3.8/site-packages/airflow/example_dags/example_complex.py took 0.085 seconds
[2025-04-05T14:31:11.211+0000] {processor.py:161} INFO - Started process (PID=1545) to work on /home/airflow/.local/lib/python3.8/site-packages/airflow/example_dags/example_complex.py
[2025-04-05T14:31:11.229+0000] {processor.py:830} INFO - Processing file /home/airflow/.local/lib/python3.8/site-packages/airflow/example_dags/example_complex.py for tasks to queue
[2025-04-05T14:31:11.230+0000] {logging_mixin.py:188} INFO - [2025-04-05T14:31:11.230+0000] {dagbag.py:538} INFO - Filling up the DagBag from /home/airflow/.local/lib/python3.8/site-packages/airflow/example_dags/example_complex.py
[2025-04-05T14:31:11.253+0000] {processor.py:840} INFO - DAG(s) 'example_complex' retrieved from /home/airflow/.local/lib/python3.8/site-packages/airflow/example_dags/example_complex.py
[2025-04-05T14:31:11.300+0000] {logging_mixin.py:188} INFO - [2025-04-05T14:31:11.299+0000] {dag.py:3036} INFO - Sync 1 DAGs
[2025-04-05T14:31:11.319+0000] {logging_mixin.py:188} INFO - [2025-04-05T14:31:11.319+0000] {dag.py:3823} INFO - Setting next_dagrun for example_complex to None, run_after=None
[2025-04-05T14:31:11.560+0000] {processor.py:183} INFO - Processing /home/airflow/.local/lib/python3.8/site-packages/airflow/example_dags/example_complex.py took 0.355 seconds
[2025-04-05T14:31:42.081+0000] {processor.py:161} INFO - Started process (PID=1790) to work on /home/airflow/.local/lib/python3.8/site-packages/airflow/example_dags/example_complex.py
[2025-04-05T14:31:42.082+0000] {processor.py:830} INFO - Processing file /home/airflow/.local/lib/python3.8/site-packages/airflow/example_dags/example_complex.py for tasks to queue
[2025-04-05T14:31:42.083+0000] {logging_mixin.py:188} INFO - [2025-04-05T14:31:42.083+0000] {dagbag.py:538} INFO - Filling up the DagBag from /home/airflow/.local/lib/python3.8/site-packages/airflow/example_dags/example_complex.py
[2025-04-05T14:31:42.094+0000] {processor.py:840} INFO - DAG(s) 'example_complex' retrieved from /home/airflow/.local/lib/python3.8/site-packages/airflow/example_dags/example_complex.py
[2025-04-05T14:31:42.122+0000] {logging_mixin.py:188} INFO - [2025-04-05T14:31:42.122+0000] {dag.py:3036} INFO - Sync 1 DAGs
[2025-04-05T14:31:42.134+0000] {logging_mixin.py:188} INFO - [2025-04-05T14:31:42.134+0000] {dag.py:3823} INFO - Setting next_dagrun for example_complex to None, run_after=None
[2025-04-05T14:31:42.157+0000] {processor.py:183} INFO - Processing /home/airflow/.local/lib/python3.8/site-packages/airflow/example_dags/example_complex.py took 0.078 seconds
[2025-04-05T14:32:12.411+0000] {processor.py:161} INFO - Started process (PID=2037) to work on /home/airflow/.local/lib/python3.8/site-packages/airflow/example_dags/example_complex.py
[2025-04-05T14:32:12.412+0000] {processor.py:830} INFO - Processing file /home/airflow/.local/lib/python3.8/site-packages/airflow/example_dags/example_complex.py for tasks to queue
[2025-04-05T14:32:12.413+0000] {logging_mixin.py:188} INFO - [2025-04-05T14:32:12.413+0000] {dagbag.py:538} INFO - Filling up the DagBag from /home/airflow/.local/lib/python3.8/site-packages/airflow/example_dags/example_complex.py
[2025-04-05T14:32:12.423+0000] {processor.py:840} INFO - DAG(s) 'example_complex' retrieved from /home/airflow/.local/lib/python3.8/site-packages/airflow/example_dags/example_complex.py
[2025-04-05T14:32:12.458+0000] {logging_mixin.py:188} INFO - [2025-04-05T14:32:12.458+0000] {dag.py:3036} INFO - Sync 1 DAGs
[2025-04-05T14:32:12.472+0000] {logging_mixin.py:188} INFO - [2025-04-05T14:32:12.472+0000] {dag.py:3823} INFO - Setting next_dagrun for example_complex to None, run_after=None
[2025-04-05T14:32:12.493+0000] {processor.py:183} INFO - Processing /home/airflow/.local/lib/python3.8/site-packages/airflow/example_dags/example_complex.py took 0.084 seconds
[2025-04-05T14:32:43.429+0000] {processor.py:161} INFO - Started process (PID=2284) to work on /home/airflow/.local/lib/python3.8/site-packages/airflow/example_dags/example_complex.py
[2025-04-05T14:32:43.430+0000] {processor.py:830} INFO - Processing file /home/airflow/.local/lib/python3.8/site-packages/airflow/example_dags/example_complex.py for tasks to queue
[2025-04-05T14:32:43.431+0000] {logging_mixin.py:188} INFO - [2025-04-05T14:32:43.431+0000] {dagbag.py:538} INFO - Filling up the DagBag from /home/airflow/.local/lib/python3.8/site-packages/airflow/example_dags/example_complex.py
[2025-04-05T14:32:43.441+0000] {processor.py:840} INFO - DAG(s) 'example_complex' retrieved from /home/airflow/.local/lib/python3.8/site-packages/airflow/example_dags/example_complex.py
[2025-04-05T14:32:43.469+0000] {logging_mixin.py:188} INFO - [2025-04-05T14:32:43.469+0000] {dag.py:3036} INFO - Sync 1 DAGs
[2025-04-05T14:32:43.480+0000] {logging_mixin.py:188} INFO - [2025-04-05T14:32:43.480+0000] {dag.py:3823} INFO - Setting next_dagrun for example_complex to None, run_after=None
[2025-04-05T14:32:43.500+0000] {processor.py:183} INFO - Processing /home/airflow/.local/lib/python3.8/site-packages/airflow/example_dags/example_complex.py took 0.074 seconds
[2025-04-05T14:33:13.870+0000] {processor.py:161} INFO - Started process (PID=2531) to work on /home/airflow/.local/lib/python3.8/site-packages/airflow/example_dags/example_complex.py
[2025-04-05T14:33:13.871+0000] {processor.py:830} INFO - Processing file /home/airflow/.local/lib/python3.8/site-packages/airflow/example_dags/example_complex.py for tasks to queue
[2025-04-05T14:33:13.872+0000] {logging_mixin.py:188} INFO - [2025-04-05T14:33:13.872+0000] {dagbag.py:538} INFO - Filling up the DagBag from /home/airflow/.local/lib/python3.8/site-packages/airflow/example_dags/example_complex.py
[2025-04-05T14:33:13.882+0000] {processor.py:840} INFO - DAG(s) 'example_complex' retrieved from /home/airflow/.local/lib/python3.8/site-packages/airflow/example_dags/example_complex.py
[2025-04-05T14:33:13.911+0000] {logging_mixin.py:188} INFO - [2025-04-05T14:33:13.911+0000] {dag.py:3036} INFO - Sync 1 DAGs
[2025-04-05T14:33:13.922+0000] {logging_mixin.py:188} INFO - [2025-04-05T14:33:13.921+0000] {dag.py:3823} INFO - Setting next_dagrun for example_complex to None, run_after=None
[2025-04-05T14:33:13.943+0000] {processor.py:183} INFO - Processing /home/airflow/.local/lib/python3.8/site-packages/airflow/example_dags/example_complex.py took 0.075 seconds
[2025-04-05T14:33:44.046+0000] {processor.py:161} INFO - Started process (PID=2778) to work on /home/airflow/.local/lib/python3.8/site-packages/airflow/example_dags/example_complex.py
[2025-04-05T14:33:44.047+0000] {processor.py:830} INFO - Processing file /home/airflow/.local/lib/python3.8/site-packages/airflow/example_dags/example_complex.py for tasks to queue
[2025-04-05T14:33:44.048+0000] {logging_mixin.py:188} INFO - [2025-04-05T14:33:44.048+0000] {dagbag.py:538} INFO - Filling up the DagBag from /home/airflow/.local/lib/python3.8/site-packages/airflow/example_dags/example_complex.py
[2025-04-05T14:33:44.058+0000] {processor.py:840} INFO - DAG(s) 'example_complex' retrieved from /home/airflow/.local/lib/python3.8/site-packages/airflow/example_dags/example_complex.py
[2025-04-05T14:33:44.088+0000] {logging_mixin.py:188} INFO - [2025-04-05T14:33:44.088+0000] {dag.py:3036} INFO - Sync 1 DAGs
[2025-04-05T14:33:44.099+0000] {logging_mixin.py:188} INFO - [2025-04-05T14:33:44.099+0000] {dag.py:3823} INFO - Setting next_dagrun for example_complex to None, run_after=None
[2025-04-05T14:33:44.119+0000] {processor.py:183} INFO - Processing /home/airflow/.local/lib/python3.8/site-packages/airflow/example_dags/example_complex.py took 0.076 seconds
[2025-04-05T14:34:14.424+0000] {processor.py:161} INFO - Started process (PID=3025) to work on /home/airflow/.local/lib/python3.8/site-packages/airflow/example_dags/example_complex.py
[2025-04-05T14:34:14.425+0000] {processor.py:830} INFO - Processing file /home/airflow/.local/lib/python3.8/site-packages/airflow/example_dags/example_complex.py for tasks to queue
[2025-04-05T14:34:14.426+0000] {logging_mixin.py:188} INFO - [2025-04-05T14:34:14.426+0000] {dagbag.py:538} INFO - Filling up the DagBag from /home/airflow/.local/lib/python3.8/site-packages/airflow/example_dags/example_complex.py
[2025-04-05T14:34:14.436+0000] {processor.py:840} INFO - DAG(s) 'example_complex' retrieved from /home/airflow/.local/lib/python3.8/site-packages/airflow/example_dags/example_complex.py
[2025-04-05T14:34:14.468+0000] {logging_mixin.py:188} INFO - [2025-04-05T14:34:14.467+0000] {dag.py:3036} INFO - Sync 1 DAGs
[2025-04-05T14:34:14.480+0000] {logging_mixin.py:188} INFO - [2025-04-05T14:34:14.480+0000] {dag.py:3823} INFO - Setting next_dagrun for example_complex to None, run_after=None
[2025-04-05T14:34:14.502+0000] {processor.py:183} INFO - Processing /home/airflow/.local/lib/python3.8/site-packages/airflow/example_dags/example_complex.py took 0.080 seconds
[2025-04-05T14:34:44.707+0000] {processor.py:161} INFO - Started process (PID=3272) to work on /home/airflow/.local/lib/python3.8/site-packages/airflow/example_dags/example_complex.py
[2025-04-05T14:34:44.708+0000] {processor.py:830} INFO - Processing file /home/airflow/.local/lib/python3.8/site-packages/airflow/example_dags/example_complex.py for tasks to queue
[2025-04-05T14:34:44.710+0000] {logging_mixin.py:188} INFO - [2025-04-05T14:34:44.709+0000] {dagbag.py:538} INFO - Filling up the DagBag from /home/airflow/.local/lib/python3.8/site-packages/airflow/example_dags/example_complex.py
[2025-04-05T14:34:44.720+0000] {processor.py:840} INFO - DAG(s) 'example_complex' retrieved from /home/airflow/.local/lib/python3.8/site-packages/airflow/example_dags/example_complex.py
[2025-04-05T14:34:44.752+0000] {logging_mixin.py:188} INFO - [2025-04-05T14:34:44.752+0000] {dag.py:3036} INFO - Sync 1 DAGs
[2025-04-05T14:34:44.764+0000] {logging_mixin.py:188} INFO - [2025-04-05T14:34:44.764+0000] {dag.py:3823} INFO - Setting next_dagrun for example_complex to None, run_after=None
[2025-04-05T14:34:44.784+0000] {processor.py:183} INFO - Processing /home/airflow/.local/lib/python3.8/site-packages/airflow/example_dags/example_complex.py took 0.080 seconds
[2025-04-05T16:40:52.244+0000] {processor.py:161} INFO - Started process (PID=190) to work on /home/airflow/.local/lib/python3.8/site-packages/airflow/example_dags/example_complex.py
[2025-04-05T16:40:52.251+0000] {processor.py:830} INFO - Processing file /home/airflow/.local/lib/python3.8/site-packages/airflow/example_dags/example_complex.py for tasks to queue
[2025-04-05T16:40:52.256+0000] {logging_mixin.py:188} INFO - [2025-04-05T16:40:52.255+0000] {dagbag.py:538} INFO - Filling up the DagBag from /home/airflow/.local/lib/python3.8/site-packages/airflow/example_dags/example_complex.py
[2025-04-05T16:40:52.304+0000] {processor.py:840} INFO - DAG(s) 'example_complex' retrieved from /home/airflow/.local/lib/python3.8/site-packages/airflow/example_dags/example_complex.py
[2025-04-05T16:40:53.223+0000] {logging_mixin.py:188} INFO - [2025-04-05T16:40:53.222+0000] {override.py:1769} INFO - Created Permission View: can edit on DAG:example_complex
[2025-04-05T16:40:53.244+0000] {logging_mixin.py:188} INFO - [2025-04-05T16:40:53.244+0000] {override.py:1769} INFO - Created Permission View: can delete on DAG:example_complex
[2025-04-05T16:40:53.258+0000] {logging_mixin.py:188} INFO - [2025-04-05T16:40:53.258+0000] {override.py:1769} INFO - Created Permission View: can read on DAG:example_complex
[2025-04-05T16:40:53.259+0000] {logging_mixin.py:188} INFO - [2025-04-05T16:40:53.259+0000] {dag.py:3036} INFO - Sync 1 DAGs
[2025-04-05T16:40:53.277+0000] {logging_mixin.py:188} INFO - [2025-04-05T16:40:53.276+0000] {dag.py:3058} INFO - Creating ORM DAG for example_complex
[2025-04-05T16:40:53.278+0000] {logging_mixin.py:188} INFO - [2025-04-05T16:40:53.277+0000] {dag.py:3823} INFO - Setting next_dagrun for example_complex to None, run_after=None
[2025-04-05T16:40:53.310+0000] {processor.py:183} INFO - Processing /home/airflow/.local/lib/python3.8/site-packages/airflow/example_dags/example_complex.py took 1.078 seconds
[2025-04-05T16:41:23.393+0000] {processor.py:161} INFO - Started process (PID=440) to work on /home/airflow/.local/lib/python3.8/site-packages/airflow/example_dags/example_complex.py
[2025-04-05T16:41:23.395+0000] {processor.py:830} INFO - Processing file /home/airflow/.local/lib/python3.8/site-packages/airflow/example_dags/example_complex.py for tasks to queue
[2025-04-05T16:41:23.396+0000] {logging_mixin.py:188} INFO - [2025-04-05T16:41:23.395+0000] {dagbag.py:538} INFO - Filling up the DagBag from /home/airflow/.local/lib/python3.8/site-packages/airflow/example_dags/example_complex.py
[2025-04-05T16:41:23.467+0000] {processor.py:840} INFO - DAG(s) 'example_complex' retrieved from /home/airflow/.local/lib/python3.8/site-packages/airflow/example_dags/example_complex.py
[2025-04-05T16:41:23.573+0000] {logging_mixin.py:188} INFO - [2025-04-05T16:41:23.572+0000] {dag.py:3036} INFO - Sync 1 DAGs
[2025-04-05T16:41:23.637+0000] {logging_mixin.py:188} INFO - [2025-04-05T16:41:23.636+0000] {dag.py:3823} INFO - Setting next_dagrun for example_complex to None, run_after=None
[2025-04-05T16:41:23.706+0000] {processor.py:183} INFO - Processing /home/airflow/.local/lib/python3.8/site-packages/airflow/example_dags/example_complex.py took 0.315 seconds
[2025-04-05T16:41:53.812+0000] {processor.py:161} INFO - Started process (PID=687) to work on /home/airflow/.local/lib/python3.8/site-packages/airflow/example_dags/example_complex.py
[2025-04-05T16:41:53.831+0000] {processor.py:830} INFO - Processing file /home/airflow/.local/lib/python3.8/site-packages/airflow/example_dags/example_complex.py for tasks to queue
[2025-04-05T16:41:53.840+0000] {logging_mixin.py:188} INFO - [2025-04-05T16:41:53.839+0000] {dagbag.py:538} INFO - Filling up the DagBag from /home/airflow/.local/lib/python3.8/site-packages/airflow/example_dags/example_complex.py
[2025-04-05T16:41:53.900+0000] {processor.py:840} INFO - DAG(s) 'example_complex' retrieved from /home/airflow/.local/lib/python3.8/site-packages/airflow/example_dags/example_complex.py
[2025-04-05T16:41:53.973+0000] {logging_mixin.py:188} INFO - [2025-04-05T16:41:53.972+0000] {dag.py:3036} INFO - Sync 1 DAGs
[2025-04-05T16:41:54.001+0000] {logging_mixin.py:188} INFO - [2025-04-05T16:41:54.000+0000] {dag.py:3823} INFO - Setting next_dagrun for example_complex to None, run_after=None
[2025-04-05T16:41:54.043+0000] {processor.py:183} INFO - Processing /home/airflow/.local/lib/python3.8/site-packages/airflow/example_dags/example_complex.py took 0.238 seconds
[2025-04-05T16:42:24.616+0000] {processor.py:161} INFO - Started process (PID=934) to work on /home/airflow/.local/lib/python3.8/site-packages/airflow/example_dags/example_complex.py
[2025-04-05T16:42:24.618+0000] {processor.py:830} INFO - Processing file /home/airflow/.local/lib/python3.8/site-packages/airflow/example_dags/example_complex.py for tasks to queue
[2025-04-05T16:42:24.619+0000] {logging_mixin.py:188} INFO - [2025-04-05T16:42:24.619+0000] {dagbag.py:538} INFO - Filling up the DagBag from /home/airflow/.local/lib/python3.8/site-packages/airflow/example_dags/example_complex.py
[2025-04-05T16:42:24.629+0000] {processor.py:840} INFO - DAG(s) 'example_complex' retrieved from /home/airflow/.local/lib/python3.8/site-packages/airflow/example_dags/example_complex.py
[2025-04-05T16:42:24.700+0000] {logging_mixin.py:188} INFO - [2025-04-05T16:42:24.699+0000] {dag.py:3036} INFO - Sync 1 DAGs
[2025-04-05T16:42:24.720+0000] {logging_mixin.py:188} INFO - [2025-04-05T16:42:24.719+0000] {dag.py:3823} INFO - Setting next_dagrun for example_complex to None, run_after=None
[2025-04-05T16:42:24.744+0000] {processor.py:183} INFO - Processing /home/airflow/.local/lib/python3.8/site-packages/airflow/example_dags/example_complex.py took 0.138 seconds
[2025-04-05T16:42:55.044+0000] {processor.py:161} INFO - Started process (PID=1181) to work on /home/airflow/.local/lib/python3.8/site-packages/airflow/example_dags/example_complex.py
[2025-04-05T16:42:55.045+0000] {processor.py:830} INFO - Processing file /home/airflow/.local/lib/python3.8/site-packages/airflow/example_dags/example_complex.py for tasks to queue
[2025-04-05T16:42:55.047+0000] {logging_mixin.py:188} INFO - [2025-04-05T16:42:55.046+0000] {dagbag.py:538} INFO - Filling up the DagBag from /home/airflow/.local/lib/python3.8/site-packages/airflow/example_dags/example_complex.py
[2025-04-05T16:42:55.057+0000] {processor.py:840} INFO - DAG(s) 'example_complex' retrieved from /home/airflow/.local/lib/python3.8/site-packages/airflow/example_dags/example_complex.py
[2025-04-05T16:42:55.086+0000] {logging_mixin.py:188} INFO - [2025-04-05T16:42:55.086+0000] {dag.py:3036} INFO - Sync 1 DAGs
[2025-04-05T16:42:55.096+0000] {logging_mixin.py:188} INFO - [2025-04-05T16:42:55.096+0000] {dag.py:3823} INFO - Setting next_dagrun for example_complex to None, run_after=None
[2025-04-05T16:42:55.116+0000] {processor.py:183} INFO - Processing /home/airflow/.local/lib/python3.8/site-packages/airflow/example_dags/example_complex.py took 0.075 seconds
[2025-04-05T16:43:25.207+0000] {processor.py:161} INFO - Started process (PID=1428) to work on /home/airflow/.local/lib/python3.8/site-packages/airflow/example_dags/example_complex.py
[2025-04-05T16:43:25.208+0000] {processor.py:830} INFO - Processing file /home/airflow/.local/lib/python3.8/site-packages/airflow/example_dags/example_complex.py for tasks to queue
[2025-04-05T16:43:25.209+0000] {logging_mixin.py:188} INFO - [2025-04-05T16:43:25.209+0000] {dagbag.py:538} INFO - Filling up the DagBag from /home/airflow/.local/lib/python3.8/site-packages/airflow/example_dags/example_complex.py
[2025-04-05T16:43:25.218+0000] {processor.py:840} INFO - DAG(s) 'example_complex' retrieved from /home/airflow/.local/lib/python3.8/site-packages/airflow/example_dags/example_complex.py
[2025-04-05T16:43:25.248+0000] {logging_mixin.py:188} INFO - [2025-04-05T16:43:25.248+0000] {dag.py:3036} INFO - Sync 1 DAGs
[2025-04-05T16:43:25.259+0000] {logging_mixin.py:188} INFO - [2025-04-05T16:43:25.259+0000] {dag.py:3823} INFO - Setting next_dagrun for example_complex to None, run_after=None
[2025-04-05T16:43:25.277+0000] {processor.py:183} INFO - Processing /home/airflow/.local/lib/python3.8/site-packages/airflow/example_dags/example_complex.py took 0.073 seconds
[2025-04-05T16:43:55.365+0000] {processor.py:161} INFO - Started process (PID=1675) to work on /home/airflow/.local/lib/python3.8/site-packages/airflow/example_dags/example_complex.py
[2025-04-05T16:43:55.366+0000] {processor.py:830} INFO - Processing file /home/airflow/.local/lib/python3.8/site-packages/airflow/example_dags/example_complex.py for tasks to queue
[2025-04-05T16:43:55.367+0000] {logging_mixin.py:188} INFO - [2025-04-05T16:43:55.367+0000] {dagbag.py:538} INFO - Filling up the DagBag from /home/airflow/.local/lib/python3.8/site-packages/airflow/example_dags/example_complex.py
[2025-04-05T16:43:55.377+0000] {processor.py:840} INFO - DAG(s) 'example_complex' retrieved from /home/airflow/.local/lib/python3.8/site-packages/airflow/example_dags/example_complex.py
[2025-04-05T16:43:55.405+0000] {logging_mixin.py:188} INFO - [2025-04-05T16:43:55.405+0000] {dag.py:3036} INFO - Sync 1 DAGs
[2025-04-05T16:43:55.415+0000] {logging_mixin.py:188} INFO - [2025-04-05T16:43:55.415+0000] {dag.py:3823} INFO - Setting next_dagrun for example_complex to None, run_after=None
[2025-04-05T16:43:55.434+0000] {processor.py:183} INFO - Processing /home/airflow/.local/lib/python3.8/site-packages/airflow/example_dags/example_complex.py took 0.071 seconds
[2025-04-05T16:44:25.613+0000] {processor.py:161} INFO - Started process (PID=1922) to work on /home/airflow/.local/lib/python3.8/site-packages/airflow/example_dags/example_complex.py
[2025-04-05T16:44:25.614+0000] {processor.py:830} INFO - Processing file /home/airflow/.local/lib/python3.8/site-packages/airflow/example_dags/example_complex.py for tasks to queue
[2025-04-05T16:44:25.615+0000] {logging_mixin.py:188} INFO - [2025-04-05T16:44:25.615+0000] {dagbag.py:538} INFO - Filling up the DagBag from /home/airflow/.local/lib/python3.8/site-packages/airflow/example_dags/example_complex.py
[2025-04-05T16:44:25.625+0000] {processor.py:840} INFO - DAG(s) 'example_complex' retrieved from /home/airflow/.local/lib/python3.8/site-packages/airflow/example_dags/example_complex.py
[2025-04-05T16:44:25.661+0000] {logging_mixin.py:188} INFO - [2025-04-05T16:44:25.661+0000] {dag.py:3036} INFO - Sync 1 DAGs
[2025-04-05T16:44:25.675+0000] {logging_mixin.py:188} INFO - [2025-04-05T16:44:25.675+0000] {dag.py:3823} INFO - Setting next_dagrun for example_complex to None, run_after=None
[2025-04-05T16:44:25.695+0000] {processor.py:183} INFO - Processing /home/airflow/.local/lib/python3.8/site-packages/airflow/example_dags/example_complex.py took 0.085 seconds
[2025-04-05T16:44:55.762+0000] {processor.py:161} INFO - Started process (PID=2169) to work on /home/airflow/.local/lib/python3.8/site-packages/airflow/example_dags/example_complex.py
[2025-04-05T16:44:55.764+0000] {processor.py:830} INFO - Processing file /home/airflow/.local/lib/python3.8/site-packages/airflow/example_dags/example_complex.py for tasks to queue
[2025-04-05T16:44:55.765+0000] {logging_mixin.py:188} INFO - [2025-04-05T16:44:55.765+0000] {dagbag.py:538} INFO - Filling up the DagBag from /home/airflow/.local/lib/python3.8/site-packages/airflow/example_dags/example_complex.py
[2025-04-05T16:44:55.774+0000] {processor.py:840} INFO - DAG(s) 'example_complex' retrieved from /home/airflow/.local/lib/python3.8/site-packages/airflow/example_dags/example_complex.py
[2025-04-05T16:44:55.804+0000] {logging_mixin.py:188} INFO - [2025-04-05T16:44:55.804+0000] {dag.py:3036} INFO - Sync 1 DAGs
[2025-04-05T16:44:55.814+0000] {logging_mixin.py:188} INFO - [2025-04-05T16:44:55.814+0000] {dag.py:3823} INFO - Setting next_dagrun for example_complex to None, run_after=None
[2025-04-05T16:44:55.832+0000] {processor.py:183} INFO - Processing /home/airflow/.local/lib/python3.8/site-packages/airflow/example_dags/example_complex.py took 0.073 seconds
[2025-04-05T16:45:26.129+0000] {processor.py:161} INFO - Started process (PID=2416) to work on /home/airflow/.local/lib/python3.8/site-packages/airflow/example_dags/example_complex.py
[2025-04-05T16:45:26.130+0000] {processor.py:830} INFO - Processing file /home/airflow/.local/lib/python3.8/site-packages/airflow/example_dags/example_complex.py for tasks to queue
[2025-04-05T16:45:26.131+0000] {logging_mixin.py:188} INFO - [2025-04-05T16:45:26.131+0000] {dagbag.py:538} INFO - Filling up the DagBag from /home/airflow/.local/lib/python3.8/site-packages/airflow/example_dags/example_complex.py
[2025-04-05T16:45:26.141+0000] {processor.py:840} INFO - DAG(s) 'example_complex' retrieved from /home/airflow/.local/lib/python3.8/site-packages/airflow/example_dags/example_complex.py
[2025-04-05T16:45:26.175+0000] {logging_mixin.py:188} INFO - [2025-04-05T16:45:26.175+0000] {dag.py:3036} INFO - Sync 1 DAGs
[2025-04-05T16:45:26.187+0000] {logging_mixin.py:188} INFO - [2025-04-05T16:45:26.186+0000] {dag.py:3823} INFO - Setting next_dagrun for example_complex to None, run_after=None
[2025-04-05T16:45:26.210+0000] {processor.py:183} INFO - Processing /home/airflow/.local/lib/python3.8/site-packages/airflow/example_dags/example_complex.py took 0.084 seconds
[2025-04-05T16:45:56.784+0000] {processor.py:161} INFO - Started process (PID=2663) to work on /home/airflow/.local/lib/python3.8/site-packages/airflow/example_dags/example_complex.py
[2025-04-05T16:45:56.786+0000] {processor.py:830} INFO - Processing file /home/airflow/.local/lib/python3.8/site-packages/airflow/example_dags/example_complex.py for tasks to queue
[2025-04-05T16:45:56.787+0000] {logging_mixin.py:188} INFO - [2025-04-05T16:45:56.787+0000] {dagbag.py:538} INFO - Filling up the DagBag from /home/airflow/.local/lib/python3.8/site-packages/airflow/example_dags/example_complex.py
[2025-04-05T16:45:56.803+0000] {processor.py:840} INFO - DAG(s) 'example_complex' retrieved from /home/airflow/.local/lib/python3.8/site-packages/airflow/example_dags/example_complex.py
[2025-04-05T16:45:56.854+0000] {logging_mixin.py:188} INFO - [2025-04-05T16:45:56.853+0000] {dag.py:3036} INFO - Sync 1 DAGs
[2025-04-05T16:45:56.874+0000] {logging_mixin.py:188} INFO - [2025-04-05T16:45:56.874+0000] {dag.py:3823} INFO - Setting next_dagrun for example_complex to None, run_after=None
[2025-04-05T16:45:56.907+0000] {processor.py:183} INFO - Processing /home/airflow/.local/lib/python3.8/site-packages/airflow/example_dags/example_complex.py took 0.127 seconds
[2025-04-05T16:46:27.059+0000] {processor.py:161} INFO - Started process (PID=2910) to work on /home/airflow/.local/lib/python3.8/site-packages/airflow/example_dags/example_complex.py
[2025-04-05T16:46:27.061+0000] {processor.py:830} INFO - Processing file /home/airflow/.local/lib/python3.8/site-packages/airflow/example_dags/example_complex.py for tasks to queue
[2025-04-05T16:46:27.062+0000] {logging_mixin.py:188} INFO - [2025-04-05T16:46:27.061+0000] {dagbag.py:538} INFO - Filling up the DagBag from /home/airflow/.local/lib/python3.8/site-packages/airflow/example_dags/example_complex.py
[2025-04-05T16:46:27.072+0000] {processor.py:840} INFO - DAG(s) 'example_complex' retrieved from /home/airflow/.local/lib/python3.8/site-packages/airflow/example_dags/example_complex.py
[2025-04-05T16:46:27.105+0000] {logging_mixin.py:188} INFO - [2025-04-05T16:46:27.104+0000] {dag.py:3036} INFO - Sync 1 DAGs
[2025-04-05T16:46:27.117+0000] {logging_mixin.py:188} INFO - [2025-04-05T16:46:27.117+0000] {dag.py:3823} INFO - Setting next_dagrun for example_complex to None, run_after=None
[2025-04-05T16:46:27.138+0000] {processor.py:183} INFO - Processing /home/airflow/.local/lib/python3.8/site-packages/airflow/example_dags/example_complex.py took 0.085 seconds
[2025-04-05T16:46:57.301+0000] {processor.py:161} INFO - Started process (PID=3157) to work on /home/airflow/.local/lib/python3.8/site-packages/airflow/example_dags/example_complex.py
[2025-04-05T16:46:57.303+0000] {processor.py:830} INFO - Processing file /home/airflow/.local/lib/python3.8/site-packages/airflow/example_dags/example_complex.py for tasks to queue
[2025-04-05T16:46:57.304+0000] {logging_mixin.py:188} INFO - [2025-04-05T16:46:57.303+0000] {dagbag.py:538} INFO - Filling up the DagBag from /home/airflow/.local/lib/python3.8/site-packages/airflow/example_dags/example_complex.py
[2025-04-05T16:46:57.314+0000] {processor.py:840} INFO - DAG(s) 'example_complex' retrieved from /home/airflow/.local/lib/python3.8/site-packages/airflow/example_dags/example_complex.py
[2025-04-05T16:46:57.348+0000] {logging_mixin.py:188} INFO - [2025-04-05T16:46:57.347+0000] {dag.py:3036} INFO - Sync 1 DAGs
[2025-04-05T16:46:57.360+0000] {logging_mixin.py:188} INFO - [2025-04-05T16:46:57.359+0000] {dag.py:3823} INFO - Setting next_dagrun for example_complex to None, run_after=None
[2025-04-05T16:46:57.384+0000] {processor.py:183} INFO - Processing /home/airflow/.local/lib/python3.8/site-packages/airflow/example_dags/example_complex.py took 0.085 seconds
[2025-04-05T16:47:27.470+0000] {processor.py:161} INFO - Started process (PID=3404) to work on /home/airflow/.local/lib/python3.8/site-packages/airflow/example_dags/example_complex.py
[2025-04-05T16:47:27.471+0000] {processor.py:830} INFO - Processing file /home/airflow/.local/lib/python3.8/site-packages/airflow/example_dags/example_complex.py for tasks to queue
[2025-04-05T16:47:27.472+0000] {logging_mixin.py:188} INFO - [2025-04-05T16:47:27.472+0000] {dagbag.py:538} INFO - Filling up the DagBag from /home/airflow/.local/lib/python3.8/site-packages/airflow/example_dags/example_complex.py
[2025-04-05T16:47:27.482+0000] {processor.py:840} INFO - DAG(s) 'example_complex' retrieved from /home/airflow/.local/lib/python3.8/site-packages/airflow/example_dags/example_complex.py
[2025-04-05T16:47:27.512+0000] {logging_mixin.py:188} INFO - [2025-04-05T16:47:27.512+0000] {dag.py:3036} INFO - Sync 1 DAGs
[2025-04-05T16:47:27.523+0000] {logging_mixin.py:188} INFO - [2025-04-05T16:47:27.522+0000] {dag.py:3823} INFO - Setting next_dagrun for example_complex to None, run_after=None
[2025-04-05T16:47:27.541+0000] {processor.py:183} INFO - Processing /home/airflow/.local/lib/python3.8/site-packages/airflow/example_dags/example_complex.py took 0.074 seconds
[2025-04-05T16:47:58.148+0000] {processor.py:161} INFO - Started process (PID=3652) to work on /home/airflow/.local/lib/python3.8/site-packages/airflow/example_dags/example_complex.py
[2025-04-05T16:47:58.150+0000] {processor.py:830} INFO - Processing file /home/airflow/.local/lib/python3.8/site-packages/airflow/example_dags/example_complex.py for tasks to queue
[2025-04-05T16:47:58.151+0000] {logging_mixin.py:188} INFO - [2025-04-05T16:47:58.151+0000] {dagbag.py:538} INFO - Filling up the DagBag from /home/airflow/.local/lib/python3.8/site-packages/airflow/example_dags/example_complex.py
[2025-04-05T16:47:58.162+0000] {processor.py:840} INFO - DAG(s) 'example_complex' retrieved from /home/airflow/.local/lib/python3.8/site-packages/airflow/example_dags/example_complex.py
[2025-04-05T16:47:58.251+0000] {logging_mixin.py:188} INFO - [2025-04-05T16:47:58.251+0000] {dag.py:3036} INFO - Sync 1 DAGs
[2025-04-05T16:47:58.268+0000] {logging_mixin.py:188} INFO - [2025-04-05T16:47:58.267+0000] {dag.py:3823} INFO - Setting next_dagrun for example_complex to None, run_after=None
[2025-04-05T16:47:58.288+0000] {processor.py:183} INFO - Processing /home/airflow/.local/lib/python3.8/site-packages/airflow/example_dags/example_complex.py took 0.143 seconds
[2025-04-05T16:48:28.737+0000] {processor.py:161} INFO - Started process (PID=3899) to work on /home/airflow/.local/lib/python3.8/site-packages/airflow/example_dags/example_complex.py
[2025-04-05T16:48:28.738+0000] {processor.py:830} INFO - Processing file /home/airflow/.local/lib/python3.8/site-packages/airflow/example_dags/example_complex.py for tasks to queue
[2025-04-05T16:48:28.739+0000] {logging_mixin.py:188} INFO - [2025-04-05T16:48:28.739+0000] {dagbag.py:538} INFO - Filling up the DagBag from /home/airflow/.local/lib/python3.8/site-packages/airflow/example_dags/example_complex.py
[2025-04-05T16:48:28.750+0000] {processor.py:840} INFO - DAG(s) 'example_complex' retrieved from /home/airflow/.local/lib/python3.8/site-packages/airflow/example_dags/example_complex.py
[2025-04-05T16:48:28.788+0000] {logging_mixin.py:188} INFO - [2025-04-05T16:48:28.787+0000] {dag.py:3036} INFO - Sync 1 DAGs
[2025-04-05T16:48:28.801+0000] {logging_mixin.py:188} INFO - [2025-04-05T16:48:28.801+0000] {dag.py:3823} INFO - Setting next_dagrun for example_complex to None, run_after=None
[2025-04-05T16:48:28.827+0000] {processor.py:183} INFO - Processing /home/airflow/.local/lib/python3.8/site-packages/airflow/example_dags/example_complex.py took 0.093 seconds
[2025-04-05T16:48:58.865+0000] {processor.py:161} INFO - Started process (PID=4147) to work on /home/airflow/.local/lib/python3.8/site-packages/airflow/example_dags/example_complex.py
[2025-04-05T16:48:58.866+0000] {processor.py:830} INFO - Processing file /home/airflow/.local/lib/python3.8/site-packages/airflow/example_dags/example_complex.py for tasks to queue
[2025-04-05T16:48:58.867+0000] {logging_mixin.py:188} INFO - [2025-04-05T16:48:58.867+0000] {dagbag.py:538} INFO - Filling up the DagBag from /home/airflow/.local/lib/python3.8/site-packages/airflow/example_dags/example_complex.py
[2025-04-05T16:48:58.876+0000] {processor.py:840} INFO - DAG(s) 'example_complex' retrieved from /home/airflow/.local/lib/python3.8/site-packages/airflow/example_dags/example_complex.py
[2025-04-05T16:48:58.906+0000] {logging_mixin.py:188} INFO - [2025-04-05T16:48:58.906+0000] {dag.py:3036} INFO - Sync 1 DAGs
[2025-04-05T16:48:58.917+0000] {logging_mixin.py:188} INFO - [2025-04-05T16:48:58.917+0000] {dag.py:3823} INFO - Setting next_dagrun for example_complex to None, run_after=None
[2025-04-05T16:48:58.936+0000] {processor.py:183} INFO - Processing /home/airflow/.local/lib/python3.8/site-packages/airflow/example_dags/example_complex.py took 0.074 seconds
[2025-04-05T16:49:29.303+0000] {processor.py:161} INFO - Started process (PID=4418) to work on /home/airflow/.local/lib/python3.8/site-packages/airflow/example_dags/example_complex.py
[2025-04-05T16:49:29.304+0000] {processor.py:830} INFO - Processing file /home/airflow/.local/lib/python3.8/site-packages/airflow/example_dags/example_complex.py for tasks to queue
[2025-04-05T16:49:29.305+0000] {logging_mixin.py:188} INFO - [2025-04-05T16:49:29.305+0000] {dagbag.py:538} INFO - Filling up the DagBag from /home/airflow/.local/lib/python3.8/site-packages/airflow/example_dags/example_complex.py
[2025-04-05T16:49:29.315+0000] {processor.py:840} INFO - DAG(s) 'example_complex' retrieved from /home/airflow/.local/lib/python3.8/site-packages/airflow/example_dags/example_complex.py
[2025-04-05T16:49:29.344+0000] {logging_mixin.py:188} INFO - [2025-04-05T16:49:29.344+0000] {dag.py:3036} INFO - Sync 1 DAGs
[2025-04-05T16:49:29.354+0000] {logging_mixin.py:188} INFO - [2025-04-05T16:49:29.354+0000] {dag.py:3823} INFO - Setting next_dagrun for example_complex to None, run_after=None
[2025-04-05T16:49:29.378+0000] {processor.py:183} INFO - Processing /home/airflow/.local/lib/python3.8/site-packages/airflow/example_dags/example_complex.py took 0.078 seconds
[2025-04-05T16:49:59.809+0000] {processor.py:161} INFO - Started process (PID=4665) to work on /home/airflow/.local/lib/python3.8/site-packages/airflow/example_dags/example_complex.py
[2025-04-05T16:49:59.811+0000] {processor.py:830} INFO - Processing file /home/airflow/.local/lib/python3.8/site-packages/airflow/example_dags/example_complex.py for tasks to queue
[2025-04-05T16:49:59.812+0000] {logging_mixin.py:188} INFO - [2025-04-05T16:49:59.812+0000] {dagbag.py:538} INFO - Filling up the DagBag from /home/airflow/.local/lib/python3.8/site-packages/airflow/example_dags/example_complex.py
[2025-04-05T16:49:59.826+0000] {processor.py:840} INFO - DAG(s) 'example_complex' retrieved from /home/airflow/.local/lib/python3.8/site-packages/airflow/example_dags/example_complex.py
[2025-04-05T16:49:59.868+0000] {logging_mixin.py:188} INFO - [2025-04-05T16:49:59.868+0000] {dag.py:3036} INFO - Sync 1 DAGs
[2025-04-05T16:49:59.883+0000] {logging_mixin.py:188} INFO - [2025-04-05T16:49:59.883+0000] {dag.py:3823} INFO - Setting next_dagrun for example_complex to None, run_after=None
[2025-04-05T16:49:59.913+0000] {processor.py:183} INFO - Processing /home/airflow/.local/lib/python3.8/site-packages/airflow/example_dags/example_complex.py took 0.107 seconds
[2025-04-05T16:50:30.052+0000] {processor.py:161} INFO - Started process (PID=4912) to work on /home/airflow/.local/lib/python3.8/site-packages/airflow/example_dags/example_complex.py
[2025-04-05T16:50:30.054+0000] {processor.py:830} INFO - Processing file /home/airflow/.local/lib/python3.8/site-packages/airflow/example_dags/example_complex.py for tasks to queue
[2025-04-05T16:50:30.055+0000] {logging_mixin.py:188} INFO - [2025-04-05T16:50:30.055+0000] {dagbag.py:538} INFO - Filling up the DagBag from /home/airflow/.local/lib/python3.8/site-packages/airflow/example_dags/example_complex.py
[2025-04-05T16:50:30.066+0000] {processor.py:840} INFO - DAG(s) 'example_complex' retrieved from /home/airflow/.local/lib/python3.8/site-packages/airflow/example_dags/example_complex.py
[2025-04-05T16:50:30.097+0000] {logging_mixin.py:188} INFO - [2025-04-05T16:50:30.096+0000] {dag.py:3036} INFO - Sync 1 DAGs
[2025-04-05T16:50:30.110+0000] {logging_mixin.py:188} INFO - [2025-04-05T16:50:30.110+0000] {dag.py:3823} INFO - Setting next_dagrun for example_complex to None, run_after=None
[2025-04-05T16:50:30.130+0000] {processor.py:183} INFO - Processing /home/airflow/.local/lib/python3.8/site-packages/airflow/example_dags/example_complex.py took 0.089 seconds
[2025-04-05T16:51:00.378+0000] {processor.py:161} INFO - Started process (PID=5164) to work on /home/airflow/.local/lib/python3.8/site-packages/airflow/example_dags/example_complex.py
[2025-04-05T16:51:00.379+0000] {processor.py:830} INFO - Processing file /home/airflow/.local/lib/python3.8/site-packages/airflow/example_dags/example_complex.py for tasks to queue
[2025-04-05T16:51:00.380+0000] {logging_mixin.py:188} INFO - [2025-04-05T16:51:00.379+0000] {dagbag.py:538} INFO - Filling up the DagBag from /home/airflow/.local/lib/python3.8/site-packages/airflow/example_dags/example_complex.py
[2025-04-05T16:51:00.390+0000] {processor.py:840} INFO - DAG(s) 'example_complex' retrieved from /home/airflow/.local/lib/python3.8/site-packages/airflow/example_dags/example_complex.py
[2025-04-05T16:51:00.420+0000] {logging_mixin.py:188} INFO - [2025-04-05T16:51:00.420+0000] {dag.py:3036} INFO - Sync 1 DAGs
[2025-04-05T16:51:00.432+0000] {logging_mixin.py:188} INFO - [2025-04-05T16:51:00.432+0000] {dag.py:3823} INFO - Setting next_dagrun for example_complex to None, run_after=None
[2025-04-05T16:51:00.456+0000] {processor.py:183} INFO - Processing /home/airflow/.local/lib/python3.8/site-packages/airflow/example_dags/example_complex.py took 0.082 seconds
[2025-04-05T16:51:30.884+0000] {processor.py:161} INFO - Started process (PID=5416) to work on /home/airflow/.local/lib/python3.8/site-packages/airflow/example_dags/example_complex.py
[2025-04-05T16:51:30.885+0000] {processor.py:830} INFO - Processing file /home/airflow/.local/lib/python3.8/site-packages/airflow/example_dags/example_complex.py for tasks to queue
[2025-04-05T16:51:30.886+0000] {logging_mixin.py:188} INFO - [2025-04-05T16:51:30.885+0000] {dagbag.py:538} INFO - Filling up the DagBag from /home/airflow/.local/lib/python3.8/site-packages/airflow/example_dags/example_complex.py
[2025-04-05T16:51:30.896+0000] {processor.py:840} INFO - DAG(s) 'example_complex' retrieved from /home/airflow/.local/lib/python3.8/site-packages/airflow/example_dags/example_complex.py
[2025-04-05T16:51:30.926+0000] {logging_mixin.py:188} INFO - [2025-04-05T16:51:30.925+0000] {dag.py:3036} INFO - Sync 1 DAGs
[2025-04-05T16:51:30.937+0000] {logging_mixin.py:188} INFO - [2025-04-05T16:51:30.937+0000] {dag.py:3823} INFO - Setting next_dagrun for example_complex to None, run_after=None
[2025-04-05T16:51:30.956+0000] {processor.py:183} INFO - Processing /home/airflow/.local/lib/python3.8/site-packages/airflow/example_dags/example_complex.py took 0.076 seconds
[2025-04-05T16:52:01.154+0000] {processor.py:161} INFO - Started process (PID=5668) to work on /home/airflow/.local/lib/python3.8/site-packages/airflow/example_dags/example_complex.py
[2025-04-05T16:52:01.155+0000] {processor.py:830} INFO - Processing file /home/airflow/.local/lib/python3.8/site-packages/airflow/example_dags/example_complex.py for tasks to queue
[2025-04-05T16:52:01.156+0000] {logging_mixin.py:188} INFO - [2025-04-05T16:52:01.156+0000] {dagbag.py:538} INFO - Filling up the DagBag from /home/airflow/.local/lib/python3.8/site-packages/airflow/example_dags/example_complex.py
[2025-04-05T16:52:01.166+0000] {processor.py:840} INFO - DAG(s) 'example_complex' retrieved from /home/airflow/.local/lib/python3.8/site-packages/airflow/example_dags/example_complex.py
[2025-04-05T16:52:01.196+0000] {logging_mixin.py:188} INFO - [2025-04-05T16:52:01.195+0000] {dag.py:3036} INFO - Sync 1 DAGs
[2025-04-05T16:52:01.209+0000] {logging_mixin.py:188} INFO - [2025-04-05T16:52:01.208+0000] {dag.py:3823} INFO - Setting next_dagrun for example_complex to None, run_after=None
[2025-04-05T16:52:01.229+0000] {processor.py:183} INFO - Processing /home/airflow/.local/lib/python3.8/site-packages/airflow/example_dags/example_complex.py took 0.078 seconds
[2025-04-05T16:52:31.638+0000] {processor.py:161} INFO - Started process (PID=5920) to work on /home/airflow/.local/lib/python3.8/site-packages/airflow/example_dags/example_complex.py
[2025-04-05T16:52:31.639+0000] {processor.py:830} INFO - Processing file /home/airflow/.local/lib/python3.8/site-packages/airflow/example_dags/example_complex.py for tasks to queue
[2025-04-05T16:52:31.640+0000] {logging_mixin.py:188} INFO - [2025-04-05T16:52:31.640+0000] {dagbag.py:538} INFO - Filling up the DagBag from /home/airflow/.local/lib/python3.8/site-packages/airflow/example_dags/example_complex.py
[2025-04-05T16:52:31.651+0000] {processor.py:840} INFO - DAG(s) 'example_complex' retrieved from /home/airflow/.local/lib/python3.8/site-packages/airflow/example_dags/example_complex.py
[2025-04-05T16:52:31.681+0000] {logging_mixin.py:188} INFO - [2025-04-05T16:52:31.681+0000] {dag.py:3036} INFO - Sync 1 DAGs
[2025-04-05T16:52:31.693+0000] {logging_mixin.py:188} INFO - [2025-04-05T16:52:31.693+0000] {dag.py:3823} INFO - Setting next_dagrun for example_complex to None, run_after=None
[2025-04-05T16:52:31.714+0000] {processor.py:183} INFO - Processing /home/airflow/.local/lib/python3.8/site-packages/airflow/example_dags/example_complex.py took 0.079 seconds
[2025-04-05T16:53:02.503+0000] {processor.py:161} INFO - Started process (PID=6167) to work on /home/airflow/.local/lib/python3.8/site-packages/airflow/example_dags/example_complex.py
[2025-04-05T16:53:02.505+0000] {processor.py:830} INFO - Processing file /home/airflow/.local/lib/python3.8/site-packages/airflow/example_dags/example_complex.py for tasks to queue
[2025-04-05T16:53:02.506+0000] {logging_mixin.py:188} INFO - [2025-04-05T16:53:02.506+0000] {dagbag.py:538} INFO - Filling up the DagBag from /home/airflow/.local/lib/python3.8/site-packages/airflow/example_dags/example_complex.py
[2025-04-05T16:53:02.520+0000] {processor.py:840} INFO - DAG(s) 'example_complex' retrieved from /home/airflow/.local/lib/python3.8/site-packages/airflow/example_dags/example_complex.py
[2025-04-05T16:53:02.553+0000] {logging_mixin.py:188} INFO - [2025-04-05T16:53:02.553+0000] {dag.py:3036} INFO - Sync 1 DAGs
[2025-04-05T16:53:02.565+0000] {logging_mixin.py:188} INFO - [2025-04-05T16:53:02.565+0000] {dag.py:3823} INFO - Setting next_dagrun for example_complex to None, run_after=None
[2025-04-05T16:53:02.586+0000] {processor.py:183} INFO - Processing /home/airflow/.local/lib/python3.8/site-packages/airflow/example_dags/example_complex.py took 0.087 seconds
[2025-04-05T16:53:32.666+0000] {processor.py:161} INFO - Started process (PID=6419) to work on /home/airflow/.local/lib/python3.8/site-packages/airflow/example_dags/example_complex.py
[2025-04-05T16:53:32.667+0000] {processor.py:830} INFO - Processing file /home/airflow/.local/lib/python3.8/site-packages/airflow/example_dags/example_complex.py for tasks to queue
[2025-04-05T16:53:32.668+0000] {logging_mixin.py:188} INFO - [2025-04-05T16:53:32.668+0000] {dagbag.py:538} INFO - Filling up the DagBag from /home/airflow/.local/lib/python3.8/site-packages/airflow/example_dags/example_complex.py
[2025-04-05T16:53:32.677+0000] {processor.py:840} INFO - DAG(s) 'example_complex' retrieved from /home/airflow/.local/lib/python3.8/site-packages/airflow/example_dags/example_complex.py
[2025-04-05T16:53:32.706+0000] {logging_mixin.py:188} INFO - [2025-04-05T16:53:32.706+0000] {dag.py:3036} INFO - Sync 1 DAGs
[2025-04-05T16:53:32.717+0000] {logging_mixin.py:188} INFO - [2025-04-05T16:53:32.717+0000] {dag.py:3823} INFO - Setting next_dagrun for example_complex to None, run_after=None
[2025-04-05T16:53:32.746+0000] {processor.py:183} INFO - Processing /home/airflow/.local/lib/python3.8/site-packages/airflow/example_dags/example_complex.py took 0.083 seconds
[2025-04-05T16:54:02.925+0000] {processor.py:161} INFO - Started process (PID=6671) to work on /home/airflow/.local/lib/python3.8/site-packages/airflow/example_dags/example_complex.py
[2025-04-05T16:54:02.926+0000] {processor.py:830} INFO - Processing file /home/airflow/.local/lib/python3.8/site-packages/airflow/example_dags/example_complex.py for tasks to queue
[2025-04-05T16:54:02.927+0000] {logging_mixin.py:188} INFO - [2025-04-05T16:54:02.927+0000] {dagbag.py:538} INFO - Filling up the DagBag from /home/airflow/.local/lib/python3.8/site-packages/airflow/example_dags/example_complex.py
[2025-04-05T16:54:02.937+0000] {processor.py:840} INFO - DAG(s) 'example_complex' retrieved from /home/airflow/.local/lib/python3.8/site-packages/airflow/example_dags/example_complex.py
[2025-04-05T16:54:02.965+0000] {logging_mixin.py:188} INFO - [2025-04-05T16:54:02.965+0000] {dag.py:3036} INFO - Sync 1 DAGs
[2025-04-05T16:54:02.977+0000] {logging_mixin.py:188} INFO - [2025-04-05T16:54:02.977+0000] {dag.py:3823} INFO - Setting next_dagrun for example_complex to None, run_after=None
[2025-04-05T16:54:03.004+0000] {processor.py:183} INFO - Processing /home/airflow/.local/lib/python3.8/site-packages/airflow/example_dags/example_complex.py took 0.082 seconds
[2025-04-05T16:54:33.213+0000] {processor.py:161} INFO - Started process (PID=6923) to work on /home/airflow/.local/lib/python3.8/site-packages/airflow/example_dags/example_complex.py
[2025-04-05T16:54:33.214+0000] {processor.py:830} INFO - Processing file /home/airflow/.local/lib/python3.8/site-packages/airflow/example_dags/example_complex.py for tasks to queue
[2025-04-05T16:54:33.215+0000] {logging_mixin.py:188} INFO - [2025-04-05T16:54:33.215+0000] {dagbag.py:538} INFO - Filling up the DagBag from /home/airflow/.local/lib/python3.8/site-packages/airflow/example_dags/example_complex.py
[2025-04-05T16:54:33.226+0000] {processor.py:840} INFO - DAG(s) 'example_complex' retrieved from /home/airflow/.local/lib/python3.8/site-packages/airflow/example_dags/example_complex.py
[2025-04-05T16:54:33.258+0000] {logging_mixin.py:188} INFO - [2025-04-05T16:54:33.258+0000] {dag.py:3036} INFO - Sync 1 DAGs
[2025-04-05T16:54:33.271+0000] {logging_mixin.py:188} INFO - [2025-04-05T16:54:33.271+0000] {dag.py:3823} INFO - Setting next_dagrun for example_complex to None, run_after=None
[2025-04-05T16:54:33.293+0000] {processor.py:183} INFO - Processing /home/airflow/.local/lib/python3.8/site-packages/airflow/example_dags/example_complex.py took 0.083 seconds
[2025-04-05T16:55:03.430+0000] {processor.py:161} INFO - Started process (PID=7175) to work on /home/airflow/.local/lib/python3.8/site-packages/airflow/example_dags/example_complex.py
[2025-04-05T16:55:03.432+0000] {processor.py:830} INFO - Processing file /home/airflow/.local/lib/python3.8/site-packages/airflow/example_dags/example_complex.py for tasks to queue
[2025-04-05T16:55:03.433+0000] {logging_mixin.py:188} INFO - [2025-04-05T16:55:03.433+0000] {dagbag.py:538} INFO - Filling up the DagBag from /home/airflow/.local/lib/python3.8/site-packages/airflow/example_dags/example_complex.py
[2025-04-05T16:55:03.443+0000] {processor.py:840} INFO - DAG(s) 'example_complex' retrieved from /home/airflow/.local/lib/python3.8/site-packages/airflow/example_dags/example_complex.py
[2025-04-05T16:55:03.472+0000] {logging_mixin.py:188} INFO - [2025-04-05T16:55:03.471+0000] {dag.py:3036} INFO - Sync 1 DAGs
[2025-04-05T16:55:03.483+0000] {logging_mixin.py:188} INFO - [2025-04-05T16:55:03.482+0000] {dag.py:3823} INFO - Setting next_dagrun for example_complex to None, run_after=None
[2025-04-05T16:55:03.503+0000] {processor.py:183} INFO - Processing /home/airflow/.local/lib/python3.8/site-packages/airflow/example_dags/example_complex.py took 0.075 seconds
[2025-04-05T16:55:33.717+0000] {processor.py:161} INFO - Started process (PID=7432) to work on /home/airflow/.local/lib/python3.8/site-packages/airflow/example_dags/example_complex.py
[2025-04-05T16:55:33.718+0000] {processor.py:830} INFO - Processing file /home/airflow/.local/lib/python3.8/site-packages/airflow/example_dags/example_complex.py for tasks to queue
[2025-04-05T16:55:33.719+0000] {logging_mixin.py:188} INFO - [2025-04-05T16:55:33.719+0000] {dagbag.py:538} INFO - Filling up the DagBag from /home/airflow/.local/lib/python3.8/site-packages/airflow/example_dags/example_complex.py
[2025-04-05T16:55:33.730+0000] {processor.py:840} INFO - DAG(s) 'example_complex' retrieved from /home/airflow/.local/lib/python3.8/site-packages/airflow/example_dags/example_complex.py
[2025-04-05T16:55:33.760+0000] {logging_mixin.py:188} INFO - [2025-04-05T16:55:33.760+0000] {dag.py:3036} INFO - Sync 1 DAGs
[2025-04-05T16:55:33.772+0000] {logging_mixin.py:188} INFO - [2025-04-05T16:55:33.772+0000] {dag.py:3823} INFO - Setting next_dagrun for example_complex to None, run_after=None
[2025-04-05T16:55:33.793+0000] {processor.py:183} INFO - Processing /home/airflow/.local/lib/python3.8/site-packages/airflow/example_dags/example_complex.py took 0.079 seconds
[2025-04-05T16:56:04.164+0000] {processor.py:161} INFO - Started process (PID=7684) to work on /home/airflow/.local/lib/python3.8/site-packages/airflow/example_dags/example_complex.py
[2025-04-05T16:56:04.165+0000] {processor.py:830} INFO - Processing file /home/airflow/.local/lib/python3.8/site-packages/airflow/example_dags/example_complex.py for tasks to queue
[2025-04-05T16:56:04.166+0000] {logging_mixin.py:188} INFO - [2025-04-05T16:56:04.166+0000] {dagbag.py:538} INFO - Filling up the DagBag from /home/airflow/.local/lib/python3.8/site-packages/airflow/example_dags/example_complex.py
[2025-04-05T16:56:04.176+0000] {processor.py:840} INFO - DAG(s) 'example_complex' retrieved from /home/airflow/.local/lib/python3.8/site-packages/airflow/example_dags/example_complex.py
[2025-04-05T16:56:04.207+0000] {logging_mixin.py:188} INFO - [2025-04-05T16:56:04.207+0000] {dag.py:3036} INFO - Sync 1 DAGs
[2025-04-05T16:56:04.218+0000] {logging_mixin.py:188} INFO - [2025-04-05T16:56:04.218+0000] {dag.py:3823} INFO - Setting next_dagrun for example_complex to None, run_after=None
[2025-04-05T16:56:04.245+0000] {processor.py:183} INFO - Processing /home/airflow/.local/lib/python3.8/site-packages/airflow/example_dags/example_complex.py took 0.084 seconds
[2025-04-05T16:56:34.339+0000] {processor.py:161} INFO - Started process (PID=7936) to work on /home/airflow/.local/lib/python3.8/site-packages/airflow/example_dags/example_complex.py
[2025-04-05T16:56:34.341+0000] {processor.py:830} INFO - Processing file /home/airflow/.local/lib/python3.8/site-packages/airflow/example_dags/example_complex.py for tasks to queue
[2025-04-05T16:56:34.342+0000] {logging_mixin.py:188} INFO - [2025-04-05T16:56:34.342+0000] {dagbag.py:538} INFO - Filling up the DagBag from /home/airflow/.local/lib/python3.8/site-packages/airflow/example_dags/example_complex.py
[2025-04-05T16:56:34.358+0000] {processor.py:840} INFO - DAG(s) 'example_complex' retrieved from /home/airflow/.local/lib/python3.8/site-packages/airflow/example_dags/example_complex.py
[2025-04-05T16:56:34.391+0000] {logging_mixin.py:188} INFO - [2025-04-05T16:56:34.390+0000] {dag.py:3036} INFO - Sync 1 DAGs
[2025-04-05T16:56:34.407+0000] {logging_mixin.py:188} INFO - [2025-04-05T16:56:34.405+0000] {dag.py:3823} INFO - Setting next_dagrun for example_complex to None, run_after=None
[2025-04-05T16:56:34.443+0000] {processor.py:183} INFO - Processing /home/airflow/.local/lib/python3.8/site-packages/airflow/example_dags/example_complex.py took 0.107 seconds
