[2025-04-05T14:18:16.255+0000] {processor.py:161} INFO - Started process (PID=343) to work on /home/airflow/.local/lib/python3.8/site-packages/airflow/example_dags/example_sla_dag.py
[2025-04-05T14:18:16.257+0000] {processor.py:830} INFO - Processing file /home/airflow/.local/lib/python3.8/site-packages/airflow/example_dags/example_sla_dag.py for tasks to queue
[2025-04-05T14:18:16.258+0000] {logging_mixin.py:188} INFO - [2025-04-05T14:18:16.258+0000] {dagbag.py:538} INFO - Filling up the DagBag from /home/airflow/.local/lib/python3.8/site-packages/airflow/example_dags/example_sla_dag.py
[2025-04-05T14:18:16.270+0000] {processor.py:840} INFO - DAG(s) 'example_sla_dag' retrieved from /home/airflow/.local/lib/python3.8/site-packages/airflow/example_dags/example_sla_dag.py
[2025-04-05T14:18:16.287+0000] {logging_mixin.py:188} INFO - [2025-04-05T14:18:16.287+0000] {dag.py:3036} INFO - Sync 1 DAGs
[2025-04-05T14:18:16.324+0000] {logging_mixin.py:188} INFO - [2025-04-05T14:18:16.323+0000] {dag.py:3823} INFO - Setting next_dagrun for example_sla_dag to 2025-04-05 14:16:00+00:00, run_after=2025-04-05 14:18:00+00:00
[2025-04-05T14:18:16.349+0000] {processor.py:183} INFO - Processing /home/airflow/.local/lib/python3.8/site-packages/airflow/example_dags/example_sla_dag.py took 0.099 seconds
[2025-04-05T14:18:48.209+0000] {processor.py:161} INFO - Started process (PID=596) to work on /home/airflow/.local/lib/python3.8/site-packages/airflow/example_dags/example_sla_dag.py
[2025-04-05T14:18:48.224+0000] {processor.py:830} INFO - Processing file /home/airflow/.local/lib/python3.8/site-packages/airflow/example_dags/example_sla_dag.py for tasks to queue
[2025-04-05T14:18:48.225+0000] {logging_mixin.py:188} INFO - [2025-04-05T14:18:48.225+0000] {dagbag.py:538} INFO - Filling up the DagBag from /home/airflow/.local/lib/python3.8/site-packages/airflow/example_dags/example_sla_dag.py
[2025-04-05T14:18:48.233+0000] {processor.py:840} INFO - DAG(s) 'example_sla_dag' retrieved from /home/airflow/.local/lib/python3.8/site-packages/airflow/example_dags/example_sla_dag.py
[2025-04-05T14:18:48.331+0000] {logging_mixin.py:188} INFO - [2025-04-05T14:18:48.330+0000] {dag.py:3036} INFO - Sync 1 DAGs
[2025-04-05T14:18:48.405+0000] {logging_mixin.py:188} INFO - [2025-04-05T14:18:48.405+0000] {dag.py:3823} INFO - Setting next_dagrun for example_sla_dag to 2025-04-05 14:16:00+00:00, run_after=2025-04-05 14:18:00+00:00
[2025-04-05T14:18:48.535+0000] {processor.py:183} INFO - Processing /home/airflow/.local/lib/python3.8/site-packages/airflow/example_dags/example_sla_dag.py took 0.329 seconds
[2025-04-05T14:19:19.376+0000] {processor.py:161} INFO - Started process (PID=845) to work on /home/airflow/.local/lib/python3.8/site-packages/airflow/example_dags/example_sla_dag.py
[2025-04-05T14:19:19.377+0000] {processor.py:830} INFO - Processing file /home/airflow/.local/lib/python3.8/site-packages/airflow/example_dags/example_sla_dag.py for tasks to queue
[2025-04-05T14:19:19.378+0000] {logging_mixin.py:188} INFO - [2025-04-05T14:19:19.378+0000] {dagbag.py:538} INFO - Filling up the DagBag from /home/airflow/.local/lib/python3.8/site-packages/airflow/example_dags/example_sla_dag.py
[2025-04-05T14:19:19.386+0000] {processor.py:840} INFO - DAG(s) 'example_sla_dag' retrieved from /home/airflow/.local/lib/python3.8/site-packages/airflow/example_dags/example_sla_dag.py
[2025-04-05T14:19:19.406+0000] {logging_mixin.py:188} INFO - [2025-04-05T14:19:19.405+0000] {dag.py:3036} INFO - Sync 1 DAGs
[2025-04-05T14:19:19.438+0000] {logging_mixin.py:188} INFO - [2025-04-05T14:19:19.437+0000] {dag.py:3823} INFO - Setting next_dagrun for example_sla_dag to 2025-04-05 14:16:00+00:00, run_after=2025-04-05 14:18:00+00:00
[2025-04-05T14:19:19.460+0000] {processor.py:183} INFO - Processing /home/airflow/.local/lib/python3.8/site-packages/airflow/example_dags/example_sla_dag.py took 0.087 seconds
[2025-04-05T14:19:49.644+0000] {processor.py:161} INFO - Started process (PID=1092) to work on /home/airflow/.local/lib/python3.8/site-packages/airflow/example_dags/example_sla_dag.py
[2025-04-05T14:19:49.647+0000] {processor.py:830} INFO - Processing file /home/airflow/.local/lib/python3.8/site-packages/airflow/example_dags/example_sla_dag.py for tasks to queue
[2025-04-05T14:19:49.649+0000] {logging_mixin.py:188} INFO - [2025-04-05T14:19:49.649+0000] {dagbag.py:538} INFO - Filling up the DagBag from /home/airflow/.local/lib/python3.8/site-packages/airflow/example_dags/example_sla_dag.py
[2025-04-05T14:19:49.670+0000] {processor.py:840} INFO - DAG(s) 'example_sla_dag' retrieved from /home/airflow/.local/lib/python3.8/site-packages/airflow/example_dags/example_sla_dag.py
[2025-04-05T14:19:49.706+0000] {logging_mixin.py:188} INFO - [2025-04-05T14:19:49.705+0000] {dag.py:3036} INFO - Sync 1 DAGs
[2025-04-05T14:19:49.747+0000] {logging_mixin.py:188} INFO - [2025-04-05T14:19:49.747+0000] {dag.py:3823} INFO - Setting next_dagrun for example_sla_dag to 2025-04-05 14:16:00+00:00, run_after=2025-04-05 14:18:00+00:00
[2025-04-05T14:19:49.769+0000] {processor.py:183} INFO - Processing /home/airflow/.local/lib/python3.8/site-packages/airflow/example_dags/example_sla_dag.py took 0.133 seconds
[2025-04-05T14:20:20.174+0000] {processor.py:161} INFO - Started process (PID=1339) to work on /home/airflow/.local/lib/python3.8/site-packages/airflow/example_dags/example_sla_dag.py
[2025-04-05T14:20:20.175+0000] {processor.py:830} INFO - Processing file /home/airflow/.local/lib/python3.8/site-packages/airflow/example_dags/example_sla_dag.py for tasks to queue
[2025-04-05T14:20:20.176+0000] {logging_mixin.py:188} INFO - [2025-04-05T14:20:20.176+0000] {dagbag.py:538} INFO - Filling up the DagBag from /home/airflow/.local/lib/python3.8/site-packages/airflow/example_dags/example_sla_dag.py
[2025-04-05T14:20:20.184+0000] {processor.py:840} INFO - DAG(s) 'example_sla_dag' retrieved from /home/airflow/.local/lib/python3.8/site-packages/airflow/example_dags/example_sla_dag.py
[2025-04-05T14:20:20.204+0000] {logging_mixin.py:188} INFO - [2025-04-05T14:20:20.204+0000] {dag.py:3036} INFO - Sync 1 DAGs
[2025-04-05T14:20:20.225+0000] {logging_mixin.py:188} INFO - [2025-04-05T14:20:20.225+0000] {dag.py:3823} INFO - Setting next_dagrun for example_sla_dag to 2025-04-05 14:18:00+00:00, run_after=2025-04-05 14:20:00+00:00
[2025-04-05T14:20:20.245+0000] {processor.py:183} INFO - Processing /home/airflow/.local/lib/python3.8/site-packages/airflow/example_dags/example_sla_dag.py took 0.073 seconds
[2025-04-05T14:20:50.321+0000] {processor.py:161} INFO - Started process (PID=1586) to work on /home/airflow/.local/lib/python3.8/site-packages/airflow/example_dags/example_sla_dag.py
[2025-04-05T14:20:50.322+0000] {processor.py:830} INFO - Processing file /home/airflow/.local/lib/python3.8/site-packages/airflow/example_dags/example_sla_dag.py for tasks to queue
[2025-04-05T14:20:50.323+0000] {logging_mixin.py:188} INFO - [2025-04-05T14:20:50.323+0000] {dagbag.py:538} INFO - Filling up the DagBag from /home/airflow/.local/lib/python3.8/site-packages/airflow/example_dags/example_sla_dag.py
[2025-04-05T14:20:50.333+0000] {processor.py:840} INFO - DAG(s) 'example_sla_dag' retrieved from /home/airflow/.local/lib/python3.8/site-packages/airflow/example_dags/example_sla_dag.py
[2025-04-05T14:20:50.355+0000] {logging_mixin.py:188} INFO - [2025-04-05T14:20:50.354+0000] {dag.py:3036} INFO - Sync 1 DAGs
[2025-04-05T14:20:50.382+0000] {logging_mixin.py:188} INFO - [2025-04-05T14:20:50.382+0000] {dag.py:3823} INFO - Setting next_dagrun for example_sla_dag to 2025-04-05 14:18:00+00:00, run_after=2025-04-05 14:20:00+00:00
[2025-04-05T14:20:50.409+0000] {processor.py:183} INFO - Processing /home/airflow/.local/lib/python3.8/site-packages/airflow/example_dags/example_sla_dag.py took 0.092 seconds
[2025-04-05T14:21:20.455+0000] {processor.py:161} INFO - Started process (PID=1833) to work on /home/airflow/.local/lib/python3.8/site-packages/airflow/example_dags/example_sla_dag.py
[2025-04-05T14:21:20.456+0000] {processor.py:830} INFO - Processing file /home/airflow/.local/lib/python3.8/site-packages/airflow/example_dags/example_sla_dag.py for tasks to queue
[2025-04-05T14:21:20.457+0000] {logging_mixin.py:188} INFO - [2025-04-05T14:21:20.457+0000] {dagbag.py:538} INFO - Filling up the DagBag from /home/airflow/.local/lib/python3.8/site-packages/airflow/example_dags/example_sla_dag.py
[2025-04-05T14:21:20.466+0000] {processor.py:840} INFO - DAG(s) 'example_sla_dag' retrieved from /home/airflow/.local/lib/python3.8/site-packages/airflow/example_dags/example_sla_dag.py
[2025-04-05T14:21:20.514+0000] {logging_mixin.py:188} INFO - [2025-04-05T14:21:20.514+0000] {dag.py:3036} INFO - Sync 1 DAGs
[2025-04-05T14:21:20.573+0000] {logging_mixin.py:188} INFO - [2025-04-05T14:21:20.573+0000] {dag.py:3823} INFO - Setting next_dagrun for example_sla_dag to 2025-04-05 14:18:00+00:00, run_after=2025-04-05 14:20:00+00:00
[2025-04-05T14:21:20.600+0000] {processor.py:183} INFO - Processing /home/airflow/.local/lib/python3.8/site-packages/airflow/example_dags/example_sla_dag.py took 0.147 seconds
[2025-04-05T14:21:50.788+0000] {processor.py:161} INFO - Started process (PID=2079) to work on /home/airflow/.local/lib/python3.8/site-packages/airflow/example_dags/example_sla_dag.py
[2025-04-05T14:21:50.789+0000] {processor.py:830} INFO - Processing file /home/airflow/.local/lib/python3.8/site-packages/airflow/example_dags/example_sla_dag.py for tasks to queue
[2025-04-05T14:21:50.790+0000] {logging_mixin.py:188} INFO - [2025-04-05T14:21:50.790+0000] {dagbag.py:538} INFO - Filling up the DagBag from /home/airflow/.local/lib/python3.8/site-packages/airflow/example_dags/example_sla_dag.py
[2025-04-05T14:21:50.799+0000] {processor.py:840} INFO - DAG(s) 'example_sla_dag' retrieved from /home/airflow/.local/lib/python3.8/site-packages/airflow/example_dags/example_sla_dag.py
[2025-04-05T14:21:50.819+0000] {logging_mixin.py:188} INFO - [2025-04-05T14:21:50.819+0000] {dag.py:3036} INFO - Sync 1 DAGs
[2025-04-05T14:21:50.847+0000] {logging_mixin.py:188} INFO - [2025-04-05T14:21:50.846+0000] {dag.py:3823} INFO - Setting next_dagrun for example_sla_dag to 2025-04-05 14:18:00+00:00, run_after=2025-04-05 14:20:00+00:00
[2025-04-05T14:21:50.868+0000] {processor.py:183} INFO - Processing /home/airflow/.local/lib/python3.8/site-packages/airflow/example_dags/example_sla_dag.py took 0.084 seconds
[2025-04-05T14:22:22.083+0000] {processor.py:161} INFO - Started process (PID=2328) to work on /home/airflow/.local/lib/python3.8/site-packages/airflow/example_dags/example_sla_dag.py
[2025-04-05T14:22:22.084+0000] {processor.py:830} INFO - Processing file /home/airflow/.local/lib/python3.8/site-packages/airflow/example_dags/example_sla_dag.py for tasks to queue
[2025-04-05T14:22:22.085+0000] {logging_mixin.py:188} INFO - [2025-04-05T14:22:22.085+0000] {dagbag.py:538} INFO - Filling up the DagBag from /home/airflow/.local/lib/python3.8/site-packages/airflow/example_dags/example_sla_dag.py
[2025-04-05T14:22:22.109+0000] {processor.py:840} INFO - DAG(s) 'example_sla_dag' retrieved from /home/airflow/.local/lib/python3.8/site-packages/airflow/example_dags/example_sla_dag.py
[2025-04-05T14:22:22.144+0000] {logging_mixin.py:188} INFO - [2025-04-05T14:22:22.143+0000] {dag.py:3036} INFO - Sync 1 DAGs
[2025-04-05T14:22:22.184+0000] {logging_mixin.py:188} INFO - [2025-04-05T14:22:22.184+0000] {dag.py:3823} INFO - Setting next_dagrun for example_sla_dag to 2025-04-05 14:20:00+00:00, run_after=2025-04-05 14:22:00+00:00
[2025-04-05T14:22:22.210+0000] {processor.py:183} INFO - Processing /home/airflow/.local/lib/python3.8/site-packages/airflow/example_dags/example_sla_dag.py took 0.132 seconds
[2025-04-05T14:22:52.384+0000] {processor.py:161} INFO - Started process (PID=2573) to work on /home/airflow/.local/lib/python3.8/site-packages/airflow/example_dags/example_sla_dag.py
[2025-04-05T14:22:52.385+0000] {processor.py:830} INFO - Processing file /home/airflow/.local/lib/python3.8/site-packages/airflow/example_dags/example_sla_dag.py for tasks to queue
[2025-04-05T14:22:52.387+0000] {logging_mixin.py:188} INFO - [2025-04-05T14:22:52.386+0000] {dagbag.py:538} INFO - Filling up the DagBag from /home/airflow/.local/lib/python3.8/site-packages/airflow/example_dags/example_sla_dag.py
[2025-04-05T14:22:52.396+0000] {processor.py:840} INFO - DAG(s) 'example_sla_dag' retrieved from /home/airflow/.local/lib/python3.8/site-packages/airflow/example_dags/example_sla_dag.py
[2025-04-05T14:22:52.416+0000] {logging_mixin.py:188} INFO - [2025-04-05T14:22:52.416+0000] {dag.py:3036} INFO - Sync 1 DAGs
[2025-04-05T14:22:52.442+0000] {logging_mixin.py:188} INFO - [2025-04-05T14:22:52.442+0000] {dag.py:3823} INFO - Setting next_dagrun for example_sla_dag to 2025-04-05 14:20:00+00:00, run_after=2025-04-05 14:22:00+00:00
[2025-04-05T14:22:52.463+0000] {processor.py:183} INFO - Processing /home/airflow/.local/lib/python3.8/site-packages/airflow/example_dags/example_sla_dag.py took 0.083 seconds
[2025-04-05T14:23:22.572+0000] {processor.py:161} INFO - Started process (PID=2822) to work on /home/airflow/.local/lib/python3.8/site-packages/airflow/example_dags/example_sla_dag.py
[2025-04-05T14:23:22.573+0000] {processor.py:830} INFO - Processing file /home/airflow/.local/lib/python3.8/site-packages/airflow/example_dags/example_sla_dag.py for tasks to queue
[2025-04-05T14:23:22.574+0000] {logging_mixin.py:188} INFO - [2025-04-05T14:23:22.574+0000] {dagbag.py:538} INFO - Filling up the DagBag from /home/airflow/.local/lib/python3.8/site-packages/airflow/example_dags/example_sla_dag.py
[2025-04-05T14:23:22.582+0000] {processor.py:840} INFO - DAG(s) 'example_sla_dag' retrieved from /home/airflow/.local/lib/python3.8/site-packages/airflow/example_dags/example_sla_dag.py
[2025-04-05T14:23:22.605+0000] {logging_mixin.py:188} INFO - [2025-04-05T14:23:22.605+0000] {dag.py:3036} INFO - Sync 1 DAGs
[2025-04-05T14:23:22.628+0000] {logging_mixin.py:188} INFO - [2025-04-05T14:23:22.627+0000] {dag.py:3823} INFO - Setting next_dagrun for example_sla_dag to 2025-04-05 14:20:00+00:00, run_after=2025-04-05 14:22:00+00:00
[2025-04-05T14:23:22.650+0000] {processor.py:183} INFO - Processing /home/airflow/.local/lib/python3.8/site-packages/airflow/example_dags/example_sla_dag.py took 0.081 seconds
[2025-04-05T14:23:52.868+0000] {processor.py:161} INFO - Started process (PID=3069) to work on /home/airflow/.local/lib/python3.8/site-packages/airflow/example_dags/example_sla_dag.py
[2025-04-05T14:23:52.869+0000] {processor.py:830} INFO - Processing file /home/airflow/.local/lib/python3.8/site-packages/airflow/example_dags/example_sla_dag.py for tasks to queue
[2025-04-05T14:23:52.870+0000] {logging_mixin.py:188} INFO - [2025-04-05T14:23:52.870+0000] {dagbag.py:538} INFO - Filling up the DagBag from /home/airflow/.local/lib/python3.8/site-packages/airflow/example_dags/example_sla_dag.py
[2025-04-05T14:23:52.877+0000] {processor.py:840} INFO - DAG(s) 'example_sla_dag' retrieved from /home/airflow/.local/lib/python3.8/site-packages/airflow/example_dags/example_sla_dag.py
[2025-04-05T14:23:52.896+0000] {logging_mixin.py:188} INFO - [2025-04-05T14:23:52.896+0000] {dag.py:3036} INFO - Sync 1 DAGs
[2025-04-05T14:23:52.917+0000] {logging_mixin.py:188} INFO - [2025-04-05T14:23:52.917+0000] {dag.py:3823} INFO - Setting next_dagrun for example_sla_dag to 2025-04-05 14:20:00+00:00, run_after=2025-04-05 14:22:00+00:00
[2025-04-05T14:23:52.939+0000] {processor.py:183} INFO - Processing /home/airflow/.local/lib/python3.8/site-packages/airflow/example_dags/example_sla_dag.py took 0.074 seconds
[2025-04-05T14:24:23.833+0000] {processor.py:161} INFO - Started process (PID=3316) to work on /home/airflow/.local/lib/python3.8/site-packages/airflow/example_dags/example_sla_dag.py
[2025-04-05T14:24:23.834+0000] {processor.py:830} INFO - Processing file /home/airflow/.local/lib/python3.8/site-packages/airflow/example_dags/example_sla_dag.py for tasks to queue
[2025-04-05T14:24:23.835+0000] {logging_mixin.py:188} INFO - [2025-04-05T14:24:23.835+0000] {dagbag.py:538} INFO - Filling up the DagBag from /home/airflow/.local/lib/python3.8/site-packages/airflow/example_dags/example_sla_dag.py
[2025-04-05T14:24:23.843+0000] {processor.py:840} INFO - DAG(s) 'example_sla_dag' retrieved from /home/airflow/.local/lib/python3.8/site-packages/airflow/example_dags/example_sla_dag.py
[2025-04-05T14:24:23.865+0000] {logging_mixin.py:188} INFO - [2025-04-05T14:24:23.865+0000] {dag.py:3036} INFO - Sync 1 DAGs
[2025-04-05T14:24:23.890+0000] {logging_mixin.py:188} INFO - [2025-04-05T14:24:23.890+0000] {dag.py:3823} INFO - Setting next_dagrun for example_sla_dag to 2025-04-05 14:22:00+00:00, run_after=2025-04-05 14:24:00+00:00
[2025-04-05T14:24:23.911+0000] {processor.py:183} INFO - Processing /home/airflow/.local/lib/python3.8/site-packages/airflow/example_dags/example_sla_dag.py took 0.081 seconds
[2025-04-05T14:24:54.018+0000] {processor.py:161} INFO - Started process (PID=3561) to work on /home/airflow/.local/lib/python3.8/site-packages/airflow/example_dags/example_sla_dag.py
[2025-04-05T14:24:54.019+0000] {processor.py:830} INFO - Processing file /home/airflow/.local/lib/python3.8/site-packages/airflow/example_dags/example_sla_dag.py for tasks to queue
[2025-04-05T14:24:54.020+0000] {logging_mixin.py:188} INFO - [2025-04-05T14:24:54.020+0000] {dagbag.py:538} INFO - Filling up the DagBag from /home/airflow/.local/lib/python3.8/site-packages/airflow/example_dags/example_sla_dag.py
[2025-04-05T14:24:54.029+0000] {processor.py:840} INFO - DAG(s) 'example_sla_dag' retrieved from /home/airflow/.local/lib/python3.8/site-packages/airflow/example_dags/example_sla_dag.py
[2025-04-05T14:24:54.050+0000] {logging_mixin.py:188} INFO - [2025-04-05T14:24:54.050+0000] {dag.py:3036} INFO - Sync 1 DAGs
[2025-04-05T14:24:54.086+0000] {logging_mixin.py:188} INFO - [2025-04-05T14:24:54.086+0000] {dag.py:3823} INFO - Setting next_dagrun for example_sla_dag to 2025-04-05 14:22:00+00:00, run_after=2025-04-05 14:24:00+00:00
[2025-04-05T14:24:54.112+0000] {processor.py:183} INFO - Processing /home/airflow/.local/lib/python3.8/site-packages/airflow/example_dags/example_sla_dag.py took 0.098 seconds
[2025-04-05T14:25:24.490+0000] {processor.py:161} INFO - Started process (PID=3808) to work on /home/airflow/.local/lib/python3.8/site-packages/airflow/example_dags/example_sla_dag.py
[2025-04-05T14:25:24.492+0000] {processor.py:830} INFO - Processing file /home/airflow/.local/lib/python3.8/site-packages/airflow/example_dags/example_sla_dag.py for tasks to queue
[2025-04-05T14:25:24.493+0000] {logging_mixin.py:188} INFO - [2025-04-05T14:25:24.492+0000] {dagbag.py:538} INFO - Filling up the DagBag from /home/airflow/.local/lib/python3.8/site-packages/airflow/example_dags/example_sla_dag.py
[2025-04-05T14:25:24.502+0000] {processor.py:840} INFO - DAG(s) 'example_sla_dag' retrieved from /home/airflow/.local/lib/python3.8/site-packages/airflow/example_dags/example_sla_dag.py
[2025-04-05T14:25:24.523+0000] {logging_mixin.py:188} INFO - [2025-04-05T14:25:24.523+0000] {dag.py:3036} INFO - Sync 1 DAGs
[2025-04-05T14:25:24.550+0000] {logging_mixin.py:188} INFO - [2025-04-05T14:25:24.549+0000] {dag.py:3823} INFO - Setting next_dagrun for example_sla_dag to 2025-04-05 14:22:00+00:00, run_after=2025-04-05 14:24:00+00:00
[2025-04-05T14:25:24.570+0000] {processor.py:183} INFO - Processing /home/airflow/.local/lib/python3.8/site-packages/airflow/example_dags/example_sla_dag.py took 0.084 seconds
[2025-04-05T14:25:55.592+0000] {processor.py:161} INFO - Started process (PID=4057) to work on /home/airflow/.local/lib/python3.8/site-packages/airflow/example_dags/example_sla_dag.py
[2025-04-05T14:25:55.593+0000] {processor.py:830} INFO - Processing file /home/airflow/.local/lib/python3.8/site-packages/airflow/example_dags/example_sla_dag.py for tasks to queue
[2025-04-05T14:25:55.594+0000] {logging_mixin.py:188} INFO - [2025-04-05T14:25:55.594+0000] {dagbag.py:538} INFO - Filling up the DagBag from /home/airflow/.local/lib/python3.8/site-packages/airflow/example_dags/example_sla_dag.py
[2025-04-05T14:25:55.602+0000] {processor.py:840} INFO - DAG(s) 'example_sla_dag' retrieved from /home/airflow/.local/lib/python3.8/site-packages/airflow/example_dags/example_sla_dag.py
[2025-04-05T14:25:55.619+0000] {logging_mixin.py:188} INFO - [2025-04-05T14:25:55.619+0000] {dag.py:3036} INFO - Sync 1 DAGs
[2025-04-05T14:25:55.639+0000] {logging_mixin.py:188} INFO - [2025-04-05T14:25:55.639+0000] {dag.py:3823} INFO - Setting next_dagrun for example_sla_dag to 2025-04-05 14:22:00+00:00, run_after=2025-04-05 14:24:00+00:00
[2025-04-05T14:25:55.658+0000] {processor.py:183} INFO - Processing /home/airflow/.local/lib/python3.8/site-packages/airflow/example_dags/example_sla_dag.py took 0.068 seconds
[2025-04-05T14:26:26.334+0000] {processor.py:161} INFO - Started process (PID=4304) to work on /home/airflow/.local/lib/python3.8/site-packages/airflow/example_dags/example_sla_dag.py
[2025-04-05T14:26:26.335+0000] {processor.py:830} INFO - Processing file /home/airflow/.local/lib/python3.8/site-packages/airflow/example_dags/example_sla_dag.py for tasks to queue
[2025-04-05T14:26:26.336+0000] {logging_mixin.py:188} INFO - [2025-04-05T14:26:26.335+0000] {dagbag.py:538} INFO - Filling up the DagBag from /home/airflow/.local/lib/python3.8/site-packages/airflow/example_dags/example_sla_dag.py
[2025-04-05T14:26:26.344+0000] {processor.py:840} INFO - DAG(s) 'example_sla_dag' retrieved from /home/airflow/.local/lib/python3.8/site-packages/airflow/example_dags/example_sla_dag.py
[2025-04-05T14:26:26.365+0000] {logging_mixin.py:188} INFO - [2025-04-05T14:26:26.365+0000] {dag.py:3036} INFO - Sync 1 DAGs
[2025-04-05T14:26:26.386+0000] {logging_mixin.py:188} INFO - [2025-04-05T14:26:26.386+0000] {dag.py:3823} INFO - Setting next_dagrun for example_sla_dag to 2025-04-05 14:24:00+00:00, run_after=2025-04-05 14:26:00+00:00
[2025-04-05T14:26:26.405+0000] {processor.py:183} INFO - Processing /home/airflow/.local/lib/python3.8/site-packages/airflow/example_dags/example_sla_dag.py took 0.074 seconds
[2025-04-05T14:28:36.718+0000] {processor.py:161} INFO - Started process (PID=345) to work on /home/airflow/.local/lib/python3.8/site-packages/airflow/example_dags/example_sla_dag.py
[2025-04-05T14:28:36.719+0000] {processor.py:830} INFO - Processing file /home/airflow/.local/lib/python3.8/site-packages/airflow/example_dags/example_sla_dag.py for tasks to queue
[2025-04-05T14:28:36.720+0000] {logging_mixin.py:188} INFO - [2025-04-05T14:28:36.720+0000] {dagbag.py:538} INFO - Filling up the DagBag from /home/airflow/.local/lib/python3.8/site-packages/airflow/example_dags/example_sla_dag.py
[2025-04-05T14:28:36.729+0000] {processor.py:840} INFO - DAG(s) 'example_sla_dag' retrieved from /home/airflow/.local/lib/python3.8/site-packages/airflow/example_dags/example_sla_dag.py
[2025-04-05T14:28:36.745+0000] {logging_mixin.py:188} INFO - [2025-04-05T14:28:36.745+0000] {dag.py:3036} INFO - Sync 1 DAGs
[2025-04-05T14:28:36.808+0000] {logging_mixin.py:188} INFO - [2025-04-05T14:28:36.807+0000] {dag.py:3823} INFO - Setting next_dagrun for example_sla_dag to 2025-04-05 14:26:00+00:00, run_after=2025-04-05 14:28:00+00:00
[2025-04-05T14:28:36.837+0000] {processor.py:183} INFO - Processing /home/airflow/.local/lib/python3.8/site-packages/airflow/example_dags/example_sla_dag.py took 0.123 seconds
[2025-04-05T14:29:08.236+0000] {processor.py:161} INFO - Started process (PID=592) to work on /home/airflow/.local/lib/python3.8/site-packages/airflow/example_dags/example_sla_dag.py
[2025-04-05T14:29:08.238+0000] {processor.py:830} INFO - Processing file /home/airflow/.local/lib/python3.8/site-packages/airflow/example_dags/example_sla_dag.py for tasks to queue
[2025-04-05T14:29:08.239+0000] {logging_mixin.py:188} INFO - [2025-04-05T14:29:08.238+0000] {dagbag.py:538} INFO - Filling up the DagBag from /home/airflow/.local/lib/python3.8/site-packages/airflow/example_dags/example_sla_dag.py
[2025-04-05T14:29:08.246+0000] {processor.py:840} INFO - DAG(s) 'example_sla_dag' retrieved from /home/airflow/.local/lib/python3.8/site-packages/airflow/example_dags/example_sla_dag.py
[2025-04-05T14:29:08.338+0000] {logging_mixin.py:188} INFO - [2025-04-05T14:29:08.338+0000] {dag.py:3036} INFO - Sync 1 DAGs
[2025-04-05T14:29:08.360+0000] {logging_mixin.py:188} INFO - [2025-04-05T14:29:08.359+0000] {dag.py:3823} INFO - Setting next_dagrun for example_sla_dag to 2025-04-05 14:26:00+00:00, run_after=2025-04-05 14:28:00+00:00
[2025-04-05T14:29:08.379+0000] {processor.py:183} INFO - Processing /home/airflow/.local/lib/python3.8/site-packages/airflow/example_dags/example_sla_dag.py took 0.145 seconds
[2025-04-05T14:29:38.931+0000] {processor.py:161} INFO - Started process (PID=837) to work on /home/airflow/.local/lib/python3.8/site-packages/airflow/example_dags/example_sla_dag.py
[2025-04-05T14:29:38.932+0000] {processor.py:830} INFO - Processing file /home/airflow/.local/lib/python3.8/site-packages/airflow/example_dags/example_sla_dag.py for tasks to queue
[2025-04-05T14:29:38.934+0000] {logging_mixin.py:188} INFO - [2025-04-05T14:29:38.933+0000] {dagbag.py:538} INFO - Filling up the DagBag from /home/airflow/.local/lib/python3.8/site-packages/airflow/example_dags/example_sla_dag.py
[2025-04-05T14:29:38.942+0000] {processor.py:840} INFO - DAG(s) 'example_sla_dag' retrieved from /home/airflow/.local/lib/python3.8/site-packages/airflow/example_dags/example_sla_dag.py
[2025-04-05T14:29:38.963+0000] {logging_mixin.py:188} INFO - [2025-04-05T14:29:38.963+0000] {dag.py:3036} INFO - Sync 1 DAGs
[2025-04-05T14:29:38.987+0000] {logging_mixin.py:188} INFO - [2025-04-05T14:29:38.987+0000] {dag.py:3823} INFO - Setting next_dagrun for example_sla_dag to 2025-04-05 14:26:00+00:00, run_after=2025-04-05 14:28:00+00:00
[2025-04-05T14:29:39.008+0000] {processor.py:183} INFO - Processing /home/airflow/.local/lib/python3.8/site-packages/airflow/example_dags/example_sla_dag.py took 0.080 seconds
[2025-04-05T14:30:09.435+0000] {processor.py:161} INFO - Started process (PID=1086) to work on /home/airflow/.local/lib/python3.8/site-packages/airflow/example_dags/example_sla_dag.py
[2025-04-05T14:30:09.436+0000] {processor.py:830} INFO - Processing file /home/airflow/.local/lib/python3.8/site-packages/airflow/example_dags/example_sla_dag.py for tasks to queue
[2025-04-05T14:30:09.437+0000] {logging_mixin.py:188} INFO - [2025-04-05T14:30:09.437+0000] {dagbag.py:538} INFO - Filling up the DagBag from /home/airflow/.local/lib/python3.8/site-packages/airflow/example_dags/example_sla_dag.py
[2025-04-05T14:30:09.444+0000] {processor.py:840} INFO - DAG(s) 'example_sla_dag' retrieved from /home/airflow/.local/lib/python3.8/site-packages/airflow/example_dags/example_sla_dag.py
[2025-04-05T14:30:09.463+0000] {logging_mixin.py:188} INFO - [2025-04-05T14:30:09.462+0000] {dag.py:3036} INFO - Sync 1 DAGs
[2025-04-05T14:30:09.483+0000] {logging_mixin.py:188} INFO - [2025-04-05T14:30:09.483+0000] {dag.py:3823} INFO - Setting next_dagrun for example_sla_dag to 2025-04-05 14:28:00+00:00, run_after=2025-04-05 14:30:00+00:00
[2025-04-05T14:30:09.505+0000] {processor.py:183} INFO - Processing /home/airflow/.local/lib/python3.8/site-packages/airflow/example_dags/example_sla_dag.py took 0.073 seconds
[2025-04-05T14:30:40.251+0000] {processor.py:161} INFO - Started process (PID=1331) to work on /home/airflow/.local/lib/python3.8/site-packages/airflow/example_dags/example_sla_dag.py
[2025-04-05T14:30:40.252+0000] {processor.py:830} INFO - Processing file /home/airflow/.local/lib/python3.8/site-packages/airflow/example_dags/example_sla_dag.py for tasks to queue
[2025-04-05T14:30:40.254+0000] {logging_mixin.py:188} INFO - [2025-04-05T14:30:40.253+0000] {dagbag.py:538} INFO - Filling up the DagBag from /home/airflow/.local/lib/python3.8/site-packages/airflow/example_dags/example_sla_dag.py
[2025-04-05T14:30:40.261+0000] {processor.py:840} INFO - DAG(s) 'example_sla_dag' retrieved from /home/airflow/.local/lib/python3.8/site-packages/airflow/example_dags/example_sla_dag.py
[2025-04-05T14:30:40.282+0000] {logging_mixin.py:188} INFO - [2025-04-05T14:30:40.282+0000] {dag.py:3036} INFO - Sync 1 DAGs
[2025-04-05T14:30:40.306+0000] {logging_mixin.py:188} INFO - [2025-04-05T14:30:40.306+0000] {dag.py:3823} INFO - Setting next_dagrun for example_sla_dag to 2025-04-05 14:28:00+00:00, run_after=2025-04-05 14:30:00+00:00
[2025-04-05T14:30:40.325+0000] {processor.py:183} INFO - Processing /home/airflow/.local/lib/python3.8/site-packages/airflow/example_dags/example_sla_dag.py took 0.077 seconds
[2025-04-05T14:31:12.467+0000] {processor.py:161} INFO - Started process (PID=1580) to work on /home/airflow/.local/lib/python3.8/site-packages/airflow/example_dags/example_sla_dag.py
[2025-04-05T14:31:12.469+0000] {processor.py:830} INFO - Processing file /home/airflow/.local/lib/python3.8/site-packages/airflow/example_dags/example_sla_dag.py for tasks to queue
[2025-04-05T14:31:12.470+0000] {logging_mixin.py:188} INFO - [2025-04-05T14:31:12.469+0000] {dagbag.py:538} INFO - Filling up the DagBag from /home/airflow/.local/lib/python3.8/site-packages/airflow/example_dags/example_sla_dag.py
[2025-04-05T14:31:12.480+0000] {processor.py:840} INFO - DAG(s) 'example_sla_dag' retrieved from /home/airflow/.local/lib/python3.8/site-packages/airflow/example_dags/example_sla_dag.py
[2025-04-05T14:31:12.507+0000] {logging_mixin.py:188} INFO - [2025-04-05T14:31:12.506+0000] {dag.py:3036} INFO - Sync 1 DAGs
[2025-04-05T14:31:12.539+0000] {logging_mixin.py:188} INFO - [2025-04-05T14:31:12.539+0000] {dag.py:3823} INFO - Setting next_dagrun for example_sla_dag to 2025-04-05 14:28:00+00:00, run_after=2025-04-05 14:30:00+00:00
[2025-04-05T14:31:12.562+0000] {processor.py:183} INFO - Processing /home/airflow/.local/lib/python3.8/site-packages/airflow/example_dags/example_sla_dag.py took 0.099 seconds
[2025-04-05T14:31:42.627+0000] {processor.py:161} INFO - Started process (PID=1827) to work on /home/airflow/.local/lib/python3.8/site-packages/airflow/example_dags/example_sla_dag.py
[2025-04-05T14:31:42.628+0000] {processor.py:830} INFO - Processing file /home/airflow/.local/lib/python3.8/site-packages/airflow/example_dags/example_sla_dag.py for tasks to queue
[2025-04-05T14:31:42.629+0000] {logging_mixin.py:188} INFO - [2025-04-05T14:31:42.629+0000] {dagbag.py:538} INFO - Filling up the DagBag from /home/airflow/.local/lib/python3.8/site-packages/airflow/example_dags/example_sla_dag.py
[2025-04-05T14:31:42.637+0000] {processor.py:840} INFO - DAG(s) 'example_sla_dag' retrieved from /home/airflow/.local/lib/python3.8/site-packages/airflow/example_dags/example_sla_dag.py
[2025-04-05T14:31:42.659+0000] {logging_mixin.py:188} INFO - [2025-04-05T14:31:42.659+0000] {dag.py:3036} INFO - Sync 1 DAGs
[2025-04-05T14:31:42.684+0000] {logging_mixin.py:188} INFO - [2025-04-05T14:31:42.684+0000] {dag.py:3823} INFO - Setting next_dagrun for example_sla_dag to 2025-04-05 14:28:00+00:00, run_after=2025-04-05 14:30:00+00:00
[2025-04-05T14:31:42.704+0000] {processor.py:183} INFO - Processing /home/airflow/.local/lib/python3.8/site-packages/airflow/example_dags/example_sla_dag.py took 0.080 seconds
[2025-04-05T14:32:12.819+0000] {processor.py:161} INFO - Started process (PID=2072) to work on /home/airflow/.local/lib/python3.8/site-packages/airflow/example_dags/example_sla_dag.py
[2025-04-05T14:32:12.820+0000] {processor.py:830} INFO - Processing file /home/airflow/.local/lib/python3.8/site-packages/airflow/example_dags/example_sla_dag.py for tasks to queue
[2025-04-05T14:32:12.821+0000] {logging_mixin.py:188} INFO - [2025-04-05T14:32:12.821+0000] {dagbag.py:538} INFO - Filling up the DagBag from /home/airflow/.local/lib/python3.8/site-packages/airflow/example_dags/example_sla_dag.py
[2025-04-05T14:32:12.829+0000] {processor.py:840} INFO - DAG(s) 'example_sla_dag' retrieved from /home/airflow/.local/lib/python3.8/site-packages/airflow/example_dags/example_sla_dag.py
[2025-04-05T14:32:12.848+0000] {logging_mixin.py:188} INFO - [2025-04-05T14:32:12.848+0000] {dag.py:3036} INFO - Sync 1 DAGs
[2025-04-05T14:32:12.874+0000] {logging_mixin.py:188} INFO - [2025-04-05T14:32:12.873+0000] {dag.py:3823} INFO - Setting next_dagrun for example_sla_dag to 2025-04-05 14:30:00+00:00, run_after=2025-04-05 14:32:00+00:00
[2025-04-05T14:32:12.894+0000] {processor.py:183} INFO - Processing /home/airflow/.local/lib/python3.8/site-packages/airflow/example_dags/example_sla_dag.py took 0.078 seconds
[2025-04-05T14:32:43.823+0000] {processor.py:161} INFO - Started process (PID=2319) to work on /home/airflow/.local/lib/python3.8/site-packages/airflow/example_dags/example_sla_dag.py
[2025-04-05T14:32:43.824+0000] {processor.py:830} INFO - Processing file /home/airflow/.local/lib/python3.8/site-packages/airflow/example_dags/example_sla_dag.py for tasks to queue
[2025-04-05T14:32:43.825+0000] {logging_mixin.py:188} INFO - [2025-04-05T14:32:43.825+0000] {dagbag.py:538} INFO - Filling up the DagBag from /home/airflow/.local/lib/python3.8/site-packages/airflow/example_dags/example_sla_dag.py
[2025-04-05T14:32:43.833+0000] {processor.py:840} INFO - DAG(s) 'example_sla_dag' retrieved from /home/airflow/.local/lib/python3.8/site-packages/airflow/example_dags/example_sla_dag.py
[2025-04-05T14:32:43.853+0000] {logging_mixin.py:188} INFO - [2025-04-05T14:32:43.853+0000] {dag.py:3036} INFO - Sync 1 DAGs
[2025-04-05T14:32:43.875+0000] {logging_mixin.py:188} INFO - [2025-04-05T14:32:43.875+0000] {dag.py:3823} INFO - Setting next_dagrun for example_sla_dag to 2025-04-05 14:30:00+00:00, run_after=2025-04-05 14:32:00+00:00
[2025-04-05T14:32:43.894+0000] {processor.py:183} INFO - Processing /home/airflow/.local/lib/python3.8/site-packages/airflow/example_dags/example_sla_dag.py took 0.074 seconds
[2025-04-05T14:33:14.274+0000] {processor.py:161} INFO - Started process (PID=2566) to work on /home/airflow/.local/lib/python3.8/site-packages/airflow/example_dags/example_sla_dag.py
[2025-04-05T14:33:14.275+0000] {processor.py:830} INFO - Processing file /home/airflow/.local/lib/python3.8/site-packages/airflow/example_dags/example_sla_dag.py for tasks to queue
[2025-04-05T14:33:14.276+0000] {logging_mixin.py:188} INFO - [2025-04-05T14:33:14.276+0000] {dagbag.py:538} INFO - Filling up the DagBag from /home/airflow/.local/lib/python3.8/site-packages/airflow/example_dags/example_sla_dag.py
[2025-04-05T14:33:14.284+0000] {processor.py:840} INFO - DAG(s) 'example_sla_dag' retrieved from /home/airflow/.local/lib/python3.8/site-packages/airflow/example_dags/example_sla_dag.py
[2025-04-05T14:33:14.302+0000] {logging_mixin.py:188} INFO - [2025-04-05T14:33:14.302+0000] {dag.py:3036} INFO - Sync 1 DAGs
[2025-04-05T14:33:14.324+0000] {logging_mixin.py:188} INFO - [2025-04-05T14:33:14.324+0000] {dag.py:3823} INFO - Setting next_dagrun for example_sla_dag to 2025-04-05 14:30:00+00:00, run_after=2025-04-05 14:32:00+00:00
[2025-04-05T14:33:14.343+0000] {processor.py:183} INFO - Processing /home/airflow/.local/lib/python3.8/site-packages/airflow/example_dags/example_sla_dag.py took 0.072 seconds
[2025-04-05T14:33:44.447+0000] {processor.py:161} INFO - Started process (PID=2813) to work on /home/airflow/.local/lib/python3.8/site-packages/airflow/example_dags/example_sla_dag.py
[2025-04-05T14:33:44.448+0000] {processor.py:830} INFO - Processing file /home/airflow/.local/lib/python3.8/site-packages/airflow/example_dags/example_sla_dag.py for tasks to queue
[2025-04-05T14:33:44.449+0000] {logging_mixin.py:188} INFO - [2025-04-05T14:33:44.449+0000] {dagbag.py:538} INFO - Filling up the DagBag from /home/airflow/.local/lib/python3.8/site-packages/airflow/example_dags/example_sla_dag.py
[2025-04-05T14:33:44.456+0000] {processor.py:840} INFO - DAG(s) 'example_sla_dag' retrieved from /home/airflow/.local/lib/python3.8/site-packages/airflow/example_dags/example_sla_dag.py
[2025-04-05T14:33:44.474+0000] {logging_mixin.py:188} INFO - [2025-04-05T14:33:44.474+0000] {dag.py:3036} INFO - Sync 1 DAGs
[2025-04-05T14:33:44.497+0000] {logging_mixin.py:188} INFO - [2025-04-05T14:33:44.496+0000] {dag.py:3823} INFO - Setting next_dagrun for example_sla_dag to 2025-04-05 14:30:00+00:00, run_after=2025-04-05 14:32:00+00:00
[2025-04-05T14:33:44.516+0000] {processor.py:183} INFO - Processing /home/airflow/.local/lib/python3.8/site-packages/airflow/example_dags/example_sla_dag.py took 0.073 seconds
[2025-04-05T14:34:14.832+0000] {processor.py:161} INFO - Started process (PID=3060) to work on /home/airflow/.local/lib/python3.8/site-packages/airflow/example_dags/example_sla_dag.py
[2025-04-05T14:34:14.833+0000] {processor.py:830} INFO - Processing file /home/airflow/.local/lib/python3.8/site-packages/airflow/example_dags/example_sla_dag.py for tasks to queue
[2025-04-05T14:34:14.834+0000] {logging_mixin.py:188} INFO - [2025-04-05T14:34:14.834+0000] {dagbag.py:538} INFO - Filling up the DagBag from /home/airflow/.local/lib/python3.8/site-packages/airflow/example_dags/example_sla_dag.py
[2025-04-05T14:34:14.842+0000] {processor.py:840} INFO - DAG(s) 'example_sla_dag' retrieved from /home/airflow/.local/lib/python3.8/site-packages/airflow/example_dags/example_sla_dag.py
[2025-04-05T14:34:14.862+0000] {logging_mixin.py:188} INFO - [2025-04-05T14:34:14.861+0000] {dag.py:3036} INFO - Sync 1 DAGs
[2025-04-05T14:34:14.883+0000] {logging_mixin.py:188} INFO - [2025-04-05T14:34:14.883+0000] {dag.py:3823} INFO - Setting next_dagrun for example_sla_dag to 2025-04-05 14:32:00+00:00, run_after=2025-04-05 14:34:00+00:00
[2025-04-05T14:34:14.902+0000] {processor.py:183} INFO - Processing /home/airflow/.local/lib/python3.8/site-packages/airflow/example_dags/example_sla_dag.py took 0.073 seconds
[2025-04-05T14:34:45.229+0000] {processor.py:161} INFO - Started process (PID=3309) to work on /home/airflow/.local/lib/python3.8/site-packages/airflow/example_dags/example_sla_dag.py
[2025-04-05T14:34:45.231+0000] {processor.py:830} INFO - Processing file /home/airflow/.local/lib/python3.8/site-packages/airflow/example_dags/example_sla_dag.py for tasks to queue
[2025-04-05T14:34:45.232+0000] {logging_mixin.py:188} INFO - [2025-04-05T14:34:45.232+0000] {dagbag.py:538} INFO - Filling up the DagBag from /home/airflow/.local/lib/python3.8/site-packages/airflow/example_dags/example_sla_dag.py
[2025-04-05T14:34:45.243+0000] {processor.py:840} INFO - DAG(s) 'example_sla_dag' retrieved from /home/airflow/.local/lib/python3.8/site-packages/airflow/example_dags/example_sla_dag.py
[2025-04-05T14:34:45.270+0000] {logging_mixin.py:188} INFO - [2025-04-05T14:34:45.269+0000] {dag.py:3036} INFO - Sync 1 DAGs
[2025-04-05T14:34:45.304+0000] {logging_mixin.py:188} INFO - [2025-04-05T14:34:45.304+0000] {dag.py:3823} INFO - Setting next_dagrun for example_sla_dag to 2025-04-05 14:32:00+00:00, run_after=2025-04-05 14:34:00+00:00
[2025-04-05T14:34:45.329+0000] {processor.py:183} INFO - Processing /home/airflow/.local/lib/python3.8/site-packages/airflow/example_dags/example_sla_dag.py took 0.104 seconds
[2025-04-05T16:40:53.915+0000] {processor.py:161} INFO - Started process (PID=211) to work on /home/airflow/.local/lib/python3.8/site-packages/airflow/example_dags/example_sla_dag.py
[2025-04-05T16:40:53.918+0000] {processor.py:830} INFO - Processing file /home/airflow/.local/lib/python3.8/site-packages/airflow/example_dags/example_sla_dag.py for tasks to queue
[2025-04-05T16:40:53.920+0000] {logging_mixin.py:188} INFO - [2025-04-05T16:40:53.920+0000] {dagbag.py:538} INFO - Filling up the DagBag from /home/airflow/.local/lib/python3.8/site-packages/airflow/example_dags/example_sla_dag.py
[2025-04-05T16:40:53.939+0000] {processor.py:840} INFO - DAG(s) 'example_sla_dag' retrieved from /home/airflow/.local/lib/python3.8/site-packages/airflow/example_dags/example_sla_dag.py
[2025-04-05T16:40:54.223+0000] {logging_mixin.py:188} INFO - [2025-04-05T16:40:54.222+0000] {override.py:1769} INFO - Created Permission View: can edit on DAG:example_sla_dag
[2025-04-05T16:40:54.246+0000] {logging_mixin.py:188} INFO - [2025-04-05T16:40:54.245+0000] {override.py:1769} INFO - Created Permission View: can delete on DAG:example_sla_dag
[2025-04-05T16:40:54.263+0000] {logging_mixin.py:188} INFO - [2025-04-05T16:40:54.262+0000] {override.py:1769} INFO - Created Permission View: can read on DAG:example_sla_dag
[2025-04-05T16:40:54.265+0000] {logging_mixin.py:188} INFO - [2025-04-05T16:40:54.265+0000] {dag.py:3036} INFO - Sync 1 DAGs
[2025-04-05T16:40:54.296+0000] {logging_mixin.py:188} INFO - [2025-04-05T16:40:54.296+0000] {dag.py:3058} INFO - Creating ORM DAG for example_sla_dag
[2025-04-05T16:40:54.327+0000] {logging_mixin.py:188} INFO - [2025-04-05T16:40:54.327+0000] {dag.py:3823} INFO - Setting next_dagrun for example_sla_dag to 2025-04-05 16:38:00+00:00, run_after=2025-04-05 16:40:00+00:00
[2025-04-05T16:40:54.357+0000] {processor.py:183} INFO - Processing /home/airflow/.local/lib/python3.8/site-packages/airflow/example_dags/example_sla_dag.py took 0.449 seconds
[2025-04-05T16:41:24.967+0000] {processor.py:161} INFO - Started process (PID=458) to work on /home/airflow/.local/lib/python3.8/site-packages/airflow/example_dags/example_sla_dag.py
[2025-04-05T16:41:24.968+0000] {processor.py:830} INFO - Processing file /home/airflow/.local/lib/python3.8/site-packages/airflow/example_dags/example_sla_dag.py for tasks to queue
[2025-04-05T16:41:24.969+0000] {logging_mixin.py:188} INFO - [2025-04-05T16:41:24.969+0000] {dagbag.py:538} INFO - Filling up the DagBag from /home/airflow/.local/lib/python3.8/site-packages/airflow/example_dags/example_sla_dag.py
[2025-04-05T16:41:24.977+0000] {processor.py:840} INFO - DAG(s) 'example_sla_dag' retrieved from /home/airflow/.local/lib/python3.8/site-packages/airflow/example_dags/example_sla_dag.py
[2025-04-05T16:41:25.041+0000] {logging_mixin.py:188} INFO - [2025-04-05T16:41:25.041+0000] {dag.py:3036} INFO - Sync 1 DAGs
[2025-04-05T16:41:25.103+0000] {logging_mixin.py:188} INFO - [2025-04-05T16:41:25.103+0000] {dag.py:3823} INFO - Setting next_dagrun for example_sla_dag to 2025-04-05 16:38:00+00:00, run_after=2025-04-05 16:40:00+00:00
[2025-04-05T16:41:25.134+0000] {processor.py:183} INFO - Processing /home/airflow/.local/lib/python3.8/site-packages/airflow/example_dags/example_sla_dag.py took 0.170 seconds
[2025-04-05T16:41:55.966+0000] {processor.py:161} INFO - Started process (PID=705) to work on /home/airflow/.local/lib/python3.8/site-packages/airflow/example_dags/example_sla_dag.py
[2025-04-05T16:41:55.968+0000] {processor.py:830} INFO - Processing file /home/airflow/.local/lib/python3.8/site-packages/airflow/example_dags/example_sla_dag.py for tasks to queue
[2025-04-05T16:41:55.969+0000] {logging_mixin.py:188} INFO - [2025-04-05T16:41:55.969+0000] {dagbag.py:538} INFO - Filling up the DagBag from /home/airflow/.local/lib/python3.8/site-packages/airflow/example_dags/example_sla_dag.py
[2025-04-05T16:41:55.980+0000] {processor.py:840} INFO - DAG(s) 'example_sla_dag' retrieved from /home/airflow/.local/lib/python3.8/site-packages/airflow/example_dags/example_sla_dag.py
[2025-04-05T16:41:56.009+0000] {logging_mixin.py:188} INFO - [2025-04-05T16:41:56.009+0000] {dag.py:3036} INFO - Sync 1 DAGs
[2025-04-05T16:41:56.105+0000] {logging_mixin.py:188} INFO - [2025-04-05T16:41:56.105+0000] {dag.py:3823} INFO - Setting next_dagrun for example_sla_dag to 2025-04-05 16:38:00+00:00, run_after=2025-04-05 16:40:00+00:00
[2025-04-05T16:41:56.167+0000] {processor.py:183} INFO - Processing /home/airflow/.local/lib/python3.8/site-packages/airflow/example_dags/example_sla_dag.py took 0.207 seconds
[2025-04-05T16:42:26.820+0000] {processor.py:161} INFO - Started process (PID=952) to work on /home/airflow/.local/lib/python3.8/site-packages/airflow/example_dags/example_sla_dag.py
[2025-04-05T16:42:26.821+0000] {processor.py:830} INFO - Processing file /home/airflow/.local/lib/python3.8/site-packages/airflow/example_dags/example_sla_dag.py for tasks to queue
[2025-04-05T16:42:26.822+0000] {logging_mixin.py:188} INFO - [2025-04-05T16:42:26.822+0000] {dagbag.py:538} INFO - Filling up the DagBag from /home/airflow/.local/lib/python3.8/site-packages/airflow/example_dags/example_sla_dag.py
[2025-04-05T16:42:26.829+0000] {processor.py:840} INFO - DAG(s) 'example_sla_dag' retrieved from /home/airflow/.local/lib/python3.8/site-packages/airflow/example_dags/example_sla_dag.py
[2025-04-05T16:42:26.894+0000] {logging_mixin.py:188} INFO - [2025-04-05T16:42:26.894+0000] {dag.py:3036} INFO - Sync 1 DAGs
[2025-04-05T16:42:26.916+0000] {logging_mixin.py:188} INFO - [2025-04-05T16:42:26.916+0000] {dag.py:3823} INFO - Setting next_dagrun for example_sla_dag to 2025-04-05 16:40:00+00:00, run_after=2025-04-05 16:42:00+00:00
[2025-04-05T16:42:26.959+0000] {processor.py:183} INFO - Processing /home/airflow/.local/lib/python3.8/site-packages/airflow/example_dags/example_sla_dag.py took 0.155 seconds
[2025-04-05T16:42:57.172+0000] {processor.py:161} INFO - Started process (PID=1199) to work on /home/airflow/.local/lib/python3.8/site-packages/airflow/example_dags/example_sla_dag.py
[2025-04-05T16:42:57.173+0000] {processor.py:830} INFO - Processing file /home/airflow/.local/lib/python3.8/site-packages/airflow/example_dags/example_sla_dag.py for tasks to queue
[2025-04-05T16:42:57.174+0000] {logging_mixin.py:188} INFO - [2025-04-05T16:42:57.173+0000] {dagbag.py:538} INFO - Filling up the DagBag from /home/airflow/.local/lib/python3.8/site-packages/airflow/example_dags/example_sla_dag.py
[2025-04-05T16:42:57.182+0000] {processor.py:840} INFO - DAG(s) 'example_sla_dag' retrieved from /home/airflow/.local/lib/python3.8/site-packages/airflow/example_dags/example_sla_dag.py
[2025-04-05T16:42:57.202+0000] {logging_mixin.py:188} INFO - [2025-04-05T16:42:57.202+0000] {dag.py:3036} INFO - Sync 1 DAGs
[2025-04-05T16:42:57.229+0000] {logging_mixin.py:188} INFO - [2025-04-05T16:42:57.229+0000] {dag.py:3823} INFO - Setting next_dagrun for example_sla_dag to 2025-04-05 16:40:00+00:00, run_after=2025-04-05 16:42:00+00:00
[2025-04-05T16:42:57.250+0000] {processor.py:183} INFO - Processing /home/airflow/.local/lib/python3.8/site-packages/airflow/example_dags/example_sla_dag.py took 0.081 seconds
[2025-04-05T16:43:27.340+0000] {processor.py:161} INFO - Started process (PID=1446) to work on /home/airflow/.local/lib/python3.8/site-packages/airflow/example_dags/example_sla_dag.py
[2025-04-05T16:43:27.341+0000] {processor.py:830} INFO - Processing file /home/airflow/.local/lib/python3.8/site-packages/airflow/example_dags/example_sla_dag.py for tasks to queue
[2025-04-05T16:43:27.342+0000] {logging_mixin.py:188} INFO - [2025-04-05T16:43:27.342+0000] {dagbag.py:538} INFO - Filling up the DagBag from /home/airflow/.local/lib/python3.8/site-packages/airflow/example_dags/example_sla_dag.py
[2025-04-05T16:43:27.350+0000] {processor.py:840} INFO - DAG(s) 'example_sla_dag' retrieved from /home/airflow/.local/lib/python3.8/site-packages/airflow/example_dags/example_sla_dag.py
[2025-04-05T16:43:27.370+0000] {logging_mixin.py:188} INFO - [2025-04-05T16:43:27.370+0000] {dag.py:3036} INFO - Sync 1 DAGs
[2025-04-05T16:43:27.392+0000] {logging_mixin.py:188} INFO - [2025-04-05T16:43:27.392+0000] {dag.py:3823} INFO - Setting next_dagrun for example_sla_dag to 2025-04-05 16:40:00+00:00, run_after=2025-04-05 16:42:00+00:00
[2025-04-05T16:43:27.412+0000] {processor.py:183} INFO - Processing /home/airflow/.local/lib/python3.8/site-packages/airflow/example_dags/example_sla_dag.py took 0.075 seconds
[2025-04-05T16:43:57.484+0000] {processor.py:161} INFO - Started process (PID=1690) to work on /home/airflow/.local/lib/python3.8/site-packages/airflow/example_dags/example_sla_dag.py
[2025-04-05T16:43:57.485+0000] {processor.py:830} INFO - Processing file /home/airflow/.local/lib/python3.8/site-packages/airflow/example_dags/example_sla_dag.py for tasks to queue
[2025-04-05T16:43:57.486+0000] {logging_mixin.py:188} INFO - [2025-04-05T16:43:57.485+0000] {dagbag.py:538} INFO - Filling up the DagBag from /home/airflow/.local/lib/python3.8/site-packages/airflow/example_dags/example_sla_dag.py
[2025-04-05T16:43:57.493+0000] {processor.py:840} INFO - DAG(s) 'example_sla_dag' retrieved from /home/airflow/.local/lib/python3.8/site-packages/airflow/example_dags/example_sla_dag.py
[2025-04-05T16:43:57.512+0000] {logging_mixin.py:188} INFO - [2025-04-05T16:43:57.511+0000] {dag.py:3036} INFO - Sync 1 DAGs
[2025-04-05T16:43:57.535+0000] {logging_mixin.py:188} INFO - [2025-04-05T16:43:57.534+0000] {dag.py:3823} INFO - Setting next_dagrun for example_sla_dag to 2025-04-05 16:40:00+00:00, run_after=2025-04-05 16:42:00+00:00
[2025-04-05T16:43:57.555+0000] {processor.py:183} INFO - Processing /home/airflow/.local/lib/python3.8/site-packages/airflow/example_dags/example_sla_dag.py took 0.074 seconds
[2025-04-05T16:44:27.757+0000] {processor.py:161} INFO - Started process (PID=1940) to work on /home/airflow/.local/lib/python3.8/site-packages/airflow/example_dags/example_sla_dag.py
[2025-04-05T16:44:27.758+0000] {processor.py:830} INFO - Processing file /home/airflow/.local/lib/python3.8/site-packages/airflow/example_dags/example_sla_dag.py for tasks to queue
[2025-04-05T16:44:27.759+0000] {logging_mixin.py:188} INFO - [2025-04-05T16:44:27.759+0000] {dagbag.py:538} INFO - Filling up the DagBag from /home/airflow/.local/lib/python3.8/site-packages/airflow/example_dags/example_sla_dag.py
[2025-04-05T16:44:27.768+0000] {processor.py:840} INFO - DAG(s) 'example_sla_dag' retrieved from /home/airflow/.local/lib/python3.8/site-packages/airflow/example_dags/example_sla_dag.py
[2025-04-05T16:44:27.787+0000] {logging_mixin.py:188} INFO - [2025-04-05T16:44:27.787+0000] {dag.py:3036} INFO - Sync 1 DAGs
[2025-04-05T16:44:27.808+0000] {logging_mixin.py:188} INFO - [2025-04-05T16:44:27.808+0000] {dag.py:3823} INFO - Setting next_dagrun for example_sla_dag to 2025-04-05 16:42:00+00:00, run_after=2025-04-05 16:44:00+00:00
[2025-04-05T16:44:27.828+0000] {processor.py:183} INFO - Processing /home/airflow/.local/lib/python3.8/site-packages/airflow/example_dags/example_sla_dag.py took 0.074 seconds
[2025-04-05T16:44:57.889+0000] {processor.py:161} INFO - Started process (PID=2184) to work on /home/airflow/.local/lib/python3.8/site-packages/airflow/example_dags/example_sla_dag.py
[2025-04-05T16:44:57.891+0000] {processor.py:830} INFO - Processing file /home/airflow/.local/lib/python3.8/site-packages/airflow/example_dags/example_sla_dag.py for tasks to queue
[2025-04-05T16:44:57.892+0000] {logging_mixin.py:188} INFO - [2025-04-05T16:44:57.891+0000] {dagbag.py:538} INFO - Filling up the DagBag from /home/airflow/.local/lib/python3.8/site-packages/airflow/example_dags/example_sla_dag.py
[2025-04-05T16:44:57.900+0000] {processor.py:840} INFO - DAG(s) 'example_sla_dag' retrieved from /home/airflow/.local/lib/python3.8/site-packages/airflow/example_dags/example_sla_dag.py
[2025-04-05T16:44:57.919+0000] {logging_mixin.py:188} INFO - [2025-04-05T16:44:57.918+0000] {dag.py:3036} INFO - Sync 1 DAGs
[2025-04-05T16:44:57.942+0000] {logging_mixin.py:188} INFO - [2025-04-05T16:44:57.942+0000] {dag.py:3823} INFO - Setting next_dagrun for example_sla_dag to 2025-04-05 16:42:00+00:00, run_after=2025-04-05 16:44:00+00:00
[2025-04-05T16:44:57.967+0000] {processor.py:183} INFO - Processing /home/airflow/.local/lib/python3.8/site-packages/airflow/example_dags/example_sla_dag.py took 0.080 seconds
[2025-04-05T16:45:28.304+0000] {processor.py:161} INFO - Started process (PID=2434) to work on /home/airflow/.local/lib/python3.8/site-packages/airflow/example_dags/example_sla_dag.py
[2025-04-05T16:45:28.305+0000] {processor.py:830} INFO - Processing file /home/airflow/.local/lib/python3.8/site-packages/airflow/example_dags/example_sla_dag.py for tasks to queue
[2025-04-05T16:45:28.307+0000] {logging_mixin.py:188} INFO - [2025-04-05T16:45:28.306+0000] {dagbag.py:538} INFO - Filling up the DagBag from /home/airflow/.local/lib/python3.8/site-packages/airflow/example_dags/example_sla_dag.py
[2025-04-05T16:45:28.315+0000] {processor.py:840} INFO - DAG(s) 'example_sla_dag' retrieved from /home/airflow/.local/lib/python3.8/site-packages/airflow/example_dags/example_sla_dag.py
[2025-04-05T16:45:28.334+0000] {logging_mixin.py:188} INFO - [2025-04-05T16:45:28.334+0000] {dag.py:3036} INFO - Sync 1 DAGs
[2025-04-05T16:45:28.363+0000] {logging_mixin.py:188} INFO - [2025-04-05T16:45:28.362+0000] {dag.py:3823} INFO - Setting next_dagrun for example_sla_dag to 2025-04-05 16:42:00+00:00, run_after=2025-04-05 16:44:00+00:00
[2025-04-05T16:45:28.383+0000] {processor.py:183} INFO - Processing /home/airflow/.local/lib/python3.8/site-packages/airflow/example_dags/example_sla_dag.py took 0.082 seconds
[2025-04-05T16:45:59.000+0000] {processor.py:161} INFO - Started process (PID=2681) to work on /home/airflow/.local/lib/python3.8/site-packages/airflow/example_dags/example_sla_dag.py
[2025-04-05T16:45:59.002+0000] {processor.py:830} INFO - Processing file /home/airflow/.local/lib/python3.8/site-packages/airflow/example_dags/example_sla_dag.py for tasks to queue
[2025-04-05T16:45:59.004+0000] {logging_mixin.py:188} INFO - [2025-04-05T16:45:59.004+0000] {dagbag.py:538} INFO - Filling up the DagBag from /home/airflow/.local/lib/python3.8/site-packages/airflow/example_dags/example_sla_dag.py
[2025-04-05T16:45:59.014+0000] {processor.py:840} INFO - DAG(s) 'example_sla_dag' retrieved from /home/airflow/.local/lib/python3.8/site-packages/airflow/example_dags/example_sla_dag.py
[2025-04-05T16:45:59.045+0000] {logging_mixin.py:188} INFO - [2025-04-05T16:45:59.044+0000] {dag.py:3036} INFO - Sync 1 DAGs
[2025-04-05T16:45:59.083+0000] {logging_mixin.py:188} INFO - [2025-04-05T16:45:59.082+0000] {dag.py:3823} INFO - Setting next_dagrun for example_sla_dag to 2025-04-05 16:42:00+00:00, run_after=2025-04-05 16:44:00+00:00
[2025-04-05T16:45:59.113+0000] {processor.py:183} INFO - Processing /home/airflow/.local/lib/python3.8/site-packages/airflow/example_dags/example_sla_dag.py took 0.117 seconds
[2025-04-05T16:46:29.200+0000] {processor.py:161} INFO - Started process (PID=2925) to work on /home/airflow/.local/lib/python3.8/site-packages/airflow/example_dags/example_sla_dag.py
[2025-04-05T16:46:29.201+0000] {processor.py:830} INFO - Processing file /home/airflow/.local/lib/python3.8/site-packages/airflow/example_dags/example_sla_dag.py for tasks to queue
[2025-04-05T16:46:29.202+0000] {logging_mixin.py:188} INFO - [2025-04-05T16:46:29.202+0000] {dagbag.py:538} INFO - Filling up the DagBag from /home/airflow/.local/lib/python3.8/site-packages/airflow/example_dags/example_sla_dag.py
[2025-04-05T16:46:29.210+0000] {processor.py:840} INFO - DAG(s) 'example_sla_dag' retrieved from /home/airflow/.local/lib/python3.8/site-packages/airflow/example_dags/example_sla_dag.py
[2025-04-05T16:46:29.230+0000] {logging_mixin.py:188} INFO - [2025-04-05T16:46:29.230+0000] {dag.py:3036} INFO - Sync 1 DAGs
[2025-04-05T16:46:29.258+0000] {logging_mixin.py:188} INFO - [2025-04-05T16:46:29.258+0000] {dag.py:3823} INFO - Setting next_dagrun for example_sla_dag to 2025-04-05 16:44:00+00:00, run_after=2025-04-05 16:46:00+00:00
[2025-04-05T16:46:29.281+0000] {processor.py:183} INFO - Processing /home/airflow/.local/lib/python3.8/site-packages/airflow/example_dags/example_sla_dag.py took 0.085 seconds
[2025-04-05T16:46:59.448+0000] {processor.py:161} INFO - Started process (PID=3175) to work on /home/airflow/.local/lib/python3.8/site-packages/airflow/example_dags/example_sla_dag.py
[2025-04-05T16:46:59.450+0000] {processor.py:830} INFO - Processing file /home/airflow/.local/lib/python3.8/site-packages/airflow/example_dags/example_sla_dag.py for tasks to queue
[2025-04-05T16:46:59.451+0000] {logging_mixin.py:188} INFO - [2025-04-05T16:46:59.451+0000] {dagbag.py:538} INFO - Filling up the DagBag from /home/airflow/.local/lib/python3.8/site-packages/airflow/example_dags/example_sla_dag.py
[2025-04-05T16:46:59.459+0000] {processor.py:840} INFO - DAG(s) 'example_sla_dag' retrieved from /home/airflow/.local/lib/python3.8/site-packages/airflow/example_dags/example_sla_dag.py
[2025-04-05T16:46:59.481+0000] {logging_mixin.py:188} INFO - [2025-04-05T16:46:59.480+0000] {dag.py:3036} INFO - Sync 1 DAGs
[2025-04-05T16:46:59.506+0000] {logging_mixin.py:188} INFO - [2025-04-05T16:46:59.506+0000] {dag.py:3823} INFO - Setting next_dagrun for example_sla_dag to 2025-04-05 16:44:00+00:00, run_after=2025-04-05 16:46:00+00:00
[2025-04-05T16:46:59.526+0000] {processor.py:183} INFO - Processing /home/airflow/.local/lib/python3.8/site-packages/airflow/example_dags/example_sla_dag.py took 0.081 seconds
[2025-04-05T16:47:29.611+0000] {processor.py:161} INFO - Started process (PID=3419) to work on /home/airflow/.local/lib/python3.8/site-packages/airflow/example_dags/example_sla_dag.py
[2025-04-05T16:47:29.613+0000] {processor.py:830} INFO - Processing file /home/airflow/.local/lib/python3.8/site-packages/airflow/example_dags/example_sla_dag.py for tasks to queue
[2025-04-05T16:47:29.614+0000] {logging_mixin.py:188} INFO - [2025-04-05T16:47:29.613+0000] {dagbag.py:538} INFO - Filling up the DagBag from /home/airflow/.local/lib/python3.8/site-packages/airflow/example_dags/example_sla_dag.py
[2025-04-05T16:47:29.622+0000] {processor.py:840} INFO - DAG(s) 'example_sla_dag' retrieved from /home/airflow/.local/lib/python3.8/site-packages/airflow/example_dags/example_sla_dag.py
[2025-04-05T16:47:29.643+0000] {logging_mixin.py:188} INFO - [2025-04-05T16:47:29.643+0000] {dag.py:3036} INFO - Sync 1 DAGs
[2025-04-05T16:47:29.671+0000] {logging_mixin.py:188} INFO - [2025-04-05T16:47:29.671+0000] {dag.py:3823} INFO - Setting next_dagrun for example_sla_dag to 2025-04-05 16:44:00+00:00, run_after=2025-04-05 16:46:00+00:00
[2025-04-05T16:47:29.697+0000] {processor.py:183} INFO - Processing /home/airflow/.local/lib/python3.8/site-packages/airflow/example_dags/example_sla_dag.py took 0.089 seconds
[2025-04-05T16:48:00.325+0000] {processor.py:161} INFO - Started process (PID=3670) to work on /home/airflow/.local/lib/python3.8/site-packages/airflow/example_dags/example_sla_dag.py
[2025-04-05T16:48:00.326+0000] {processor.py:830} INFO - Processing file /home/airflow/.local/lib/python3.8/site-packages/airflow/example_dags/example_sla_dag.py for tasks to queue
[2025-04-05T16:48:00.327+0000] {logging_mixin.py:188} INFO - [2025-04-05T16:48:00.327+0000] {dagbag.py:538} INFO - Filling up the DagBag from /home/airflow/.local/lib/python3.8/site-packages/airflow/example_dags/example_sla_dag.py
[2025-04-05T16:48:00.336+0000] {processor.py:840} INFO - DAG(s) 'example_sla_dag' retrieved from /home/airflow/.local/lib/python3.8/site-packages/airflow/example_dags/example_sla_dag.py
[2025-04-05T16:48:00.357+0000] {logging_mixin.py:188} INFO - [2025-04-05T16:48:00.357+0000] {dag.py:3036} INFO - Sync 1 DAGs
[2025-04-05T16:48:00.380+0000] {logging_mixin.py:188} INFO - [2025-04-05T16:48:00.380+0000] {dag.py:3823} INFO - Setting next_dagrun for example_sla_dag to 2025-04-05 16:46:00+00:00, run_after=2025-04-05 16:48:00+00:00
[2025-04-05T16:48:00.401+0000] {processor.py:183} INFO - Processing /home/airflow/.local/lib/python3.8/site-packages/airflow/example_dags/example_sla_dag.py took 0.079 seconds
[2025-04-05T16:48:30.902+0000] {processor.py:161} INFO - Started process (PID=3917) to work on /home/airflow/.local/lib/python3.8/site-packages/airflow/example_dags/example_sla_dag.py
[2025-04-05T16:48:30.904+0000] {processor.py:830} INFO - Processing file /home/airflow/.local/lib/python3.8/site-packages/airflow/example_dags/example_sla_dag.py for tasks to queue
[2025-04-05T16:48:30.905+0000] {logging_mixin.py:188} INFO - [2025-04-05T16:48:30.904+0000] {dagbag.py:538} INFO - Filling up the DagBag from /home/airflow/.local/lib/python3.8/site-packages/airflow/example_dags/example_sla_dag.py
[2025-04-05T16:48:30.914+0000] {processor.py:840} INFO - DAG(s) 'example_sla_dag' retrieved from /home/airflow/.local/lib/python3.8/site-packages/airflow/example_dags/example_sla_dag.py
[2025-04-05T16:48:30.935+0000] {logging_mixin.py:188} INFO - [2025-04-05T16:48:30.934+0000] {dag.py:3036} INFO - Sync 1 DAGs
[2025-04-05T16:48:30.962+0000] {logging_mixin.py:188} INFO - [2025-04-05T16:48:30.962+0000] {dag.py:3823} INFO - Setting next_dagrun for example_sla_dag to 2025-04-05 16:46:00+00:00, run_after=2025-04-05 16:48:00+00:00
[2025-04-05T16:48:31.009+0000] {processor.py:183} INFO - Processing /home/airflow/.local/lib/python3.8/site-packages/airflow/example_dags/example_sla_dag.py took 0.110 seconds
[2025-04-05T16:49:01.116+0000] {processor.py:161} INFO - Started process (PID=4162) to work on /home/airflow/.local/lib/python3.8/site-packages/airflow/example_dags/example_sla_dag.py
[2025-04-05T16:49:01.117+0000] {processor.py:830} INFO - Processing file /home/airflow/.local/lib/python3.8/site-packages/airflow/example_dags/example_sla_dag.py for tasks to queue
[2025-04-05T16:49:01.119+0000] {logging_mixin.py:188} INFO - [2025-04-05T16:49:01.118+0000] {dagbag.py:538} INFO - Filling up the DagBag from /home/airflow/.local/lib/python3.8/site-packages/airflow/example_dags/example_sla_dag.py
[2025-04-05T16:49:01.126+0000] {processor.py:840} INFO - DAG(s) 'example_sla_dag' retrieved from /home/airflow/.local/lib/python3.8/site-packages/airflow/example_dags/example_sla_dag.py
[2025-04-05T16:49:01.145+0000] {logging_mixin.py:188} INFO - [2025-04-05T16:49:01.144+0000] {dag.py:3036} INFO - Sync 1 DAGs
[2025-04-05T16:49:01.167+0000] {logging_mixin.py:188} INFO - [2025-04-05T16:49:01.167+0000] {dag.py:3823} INFO - Setting next_dagrun for example_sla_dag to 2025-04-05 16:46:00+00:00, run_after=2025-04-05 16:48:00+00:00
[2025-04-05T16:49:01.187+0000] {processor.py:183} INFO - Processing /home/airflow/.local/lib/python3.8/site-packages/airflow/example_dags/example_sla_dag.py took 0.074 seconds
[2025-04-05T16:49:31.433+0000] {processor.py:161} INFO - Started process (PID=4436) to work on /home/airflow/.local/lib/python3.8/site-packages/airflow/example_dags/example_sla_dag.py
[2025-04-05T16:49:31.434+0000] {processor.py:830} INFO - Processing file /home/airflow/.local/lib/python3.8/site-packages/airflow/example_dags/example_sla_dag.py for tasks to queue
[2025-04-05T16:49:31.435+0000] {logging_mixin.py:188} INFO - [2025-04-05T16:49:31.435+0000] {dagbag.py:538} INFO - Filling up the DagBag from /home/airflow/.local/lib/python3.8/site-packages/airflow/example_dags/example_sla_dag.py
[2025-04-05T16:49:31.443+0000] {processor.py:840} INFO - DAG(s) 'example_sla_dag' retrieved from /home/airflow/.local/lib/python3.8/site-packages/airflow/example_dags/example_sla_dag.py
[2025-04-05T16:49:31.463+0000] {logging_mixin.py:188} INFO - [2025-04-05T16:49:31.462+0000] {dag.py:3036} INFO - Sync 1 DAGs
[2025-04-05T16:49:31.487+0000] {logging_mixin.py:188} INFO - [2025-04-05T16:49:31.487+0000] {dag.py:3823} INFO - Setting next_dagrun for example_sla_dag to 2025-04-05 16:46:00+00:00, run_after=2025-04-05 16:48:00+00:00
[2025-04-05T16:49:31.506+0000] {processor.py:183} INFO - Processing /home/airflow/.local/lib/python3.8/site-packages/airflow/example_dags/example_sla_dag.py took 0.076 seconds
[2025-04-05T16:50:01.952+0000] {processor.py:161} INFO - Started process (PID=4683) to work on /home/airflow/.local/lib/python3.8/site-packages/airflow/example_dags/example_sla_dag.py
[2025-04-05T16:50:01.954+0000] {processor.py:830} INFO - Processing file /home/airflow/.local/lib/python3.8/site-packages/airflow/example_dags/example_sla_dag.py for tasks to queue
[2025-04-05T16:50:01.955+0000] {logging_mixin.py:188} INFO - [2025-04-05T16:50:01.955+0000] {dagbag.py:538} INFO - Filling up the DagBag from /home/airflow/.local/lib/python3.8/site-packages/airflow/example_dags/example_sla_dag.py
[2025-04-05T16:50:01.968+0000] {processor.py:840} INFO - DAG(s) 'example_sla_dag' retrieved from /home/airflow/.local/lib/python3.8/site-packages/airflow/example_dags/example_sla_dag.py
[2025-04-05T16:50:02.000+0000] {logging_mixin.py:188} INFO - [2025-04-05T16:50:01.999+0000] {dag.py:3036} INFO - Sync 1 DAGs
[2025-04-05T16:50:02.051+0000] {logging_mixin.py:188} INFO - [2025-04-05T16:50:02.051+0000] {dag.py:3823} INFO - Setting next_dagrun for example_sla_dag to 2025-04-05 16:48:00+00:00, run_after=2025-04-05 16:50:00+00:00
[2025-04-05T16:50:02.089+0000] {processor.py:183} INFO - Processing /home/airflow/.local/lib/python3.8/site-packages/airflow/example_dags/example_sla_dag.py took 0.141 seconds
[2025-04-05T16:50:32.196+0000] {processor.py:161} INFO - Started process (PID=4927) to work on /home/airflow/.local/lib/python3.8/site-packages/airflow/example_dags/example_sla_dag.py
[2025-04-05T16:50:32.197+0000] {processor.py:830} INFO - Processing file /home/airflow/.local/lib/python3.8/site-packages/airflow/example_dags/example_sla_dag.py for tasks to queue
[2025-04-05T16:50:32.198+0000] {logging_mixin.py:188} INFO - [2025-04-05T16:50:32.198+0000] {dagbag.py:538} INFO - Filling up the DagBag from /home/airflow/.local/lib/python3.8/site-packages/airflow/example_dags/example_sla_dag.py
[2025-04-05T16:50:32.206+0000] {processor.py:840} INFO - DAG(s) 'example_sla_dag' retrieved from /home/airflow/.local/lib/python3.8/site-packages/airflow/example_dags/example_sla_dag.py
[2025-04-05T16:50:32.225+0000] {logging_mixin.py:188} INFO - [2025-04-05T16:50:32.225+0000] {dag.py:3036} INFO - Sync 1 DAGs
[2025-04-05T16:50:32.247+0000] {logging_mixin.py:188} INFO - [2025-04-05T16:50:32.247+0000] {dag.py:3823} INFO - Setting next_dagrun for example_sla_dag to 2025-04-05 16:48:00+00:00, run_after=2025-04-05 16:50:00+00:00
[2025-04-05T16:50:32.267+0000] {processor.py:183} INFO - Processing /home/airflow/.local/lib/python3.8/site-packages/airflow/example_dags/example_sla_dag.py took 0.073 seconds
[2025-04-05T16:51:02.544+0000] {processor.py:161} INFO - Started process (PID=5182) to work on /home/airflow/.local/lib/python3.8/site-packages/airflow/example_dags/example_sla_dag.py
[2025-04-05T16:51:02.545+0000] {processor.py:830} INFO - Processing file /home/airflow/.local/lib/python3.8/site-packages/airflow/example_dags/example_sla_dag.py for tasks to queue
[2025-04-05T16:51:02.546+0000] {logging_mixin.py:188} INFO - [2025-04-05T16:51:02.545+0000] {dagbag.py:538} INFO - Filling up the DagBag from /home/airflow/.local/lib/python3.8/site-packages/airflow/example_dags/example_sla_dag.py
[2025-04-05T16:51:02.554+0000] {processor.py:840} INFO - DAG(s) 'example_sla_dag' retrieved from /home/airflow/.local/lib/python3.8/site-packages/airflow/example_dags/example_sla_dag.py
[2025-04-05T16:51:02.575+0000] {logging_mixin.py:188} INFO - [2025-04-05T16:51:02.574+0000] {dag.py:3036} INFO - Sync 1 DAGs
[2025-04-05T16:51:02.600+0000] {logging_mixin.py:188} INFO - [2025-04-05T16:51:02.599+0000] {dag.py:3823} INFO - Setting next_dagrun for example_sla_dag to 2025-04-05 16:48:00+00:00, run_after=2025-04-05 16:50:00+00:00
[2025-04-05T16:51:02.629+0000] {processor.py:183} INFO - Processing /home/airflow/.local/lib/python3.8/site-packages/airflow/example_dags/example_sla_dag.py took 0.088 seconds
[2025-04-05T16:51:33.039+0000] {processor.py:161} INFO - Started process (PID=5434) to work on /home/airflow/.local/lib/python3.8/site-packages/airflow/example_dags/example_sla_dag.py
[2025-04-05T16:51:33.040+0000] {processor.py:830} INFO - Processing file /home/airflow/.local/lib/python3.8/site-packages/airflow/example_dags/example_sla_dag.py for tasks to queue
[2025-04-05T16:51:33.041+0000] {logging_mixin.py:188} INFO - [2025-04-05T16:51:33.041+0000] {dagbag.py:538} INFO - Filling up the DagBag from /home/airflow/.local/lib/python3.8/site-packages/airflow/example_dags/example_sla_dag.py
[2025-04-05T16:51:33.049+0000] {processor.py:840} INFO - DAG(s) 'example_sla_dag' retrieved from /home/airflow/.local/lib/python3.8/site-packages/airflow/example_dags/example_sla_dag.py
[2025-04-05T16:51:33.069+0000] {logging_mixin.py:188} INFO - [2025-04-05T16:51:33.069+0000] {dag.py:3036} INFO - Sync 1 DAGs
[2025-04-05T16:51:33.106+0000] {logging_mixin.py:188} INFO - [2025-04-05T16:51:33.106+0000] {dag.py:3823} INFO - Setting next_dagrun for example_sla_dag to 2025-04-05 16:48:00+00:00, run_after=2025-04-05 16:50:00+00:00
[2025-04-05T16:51:33.130+0000] {processor.py:183} INFO - Processing /home/airflow/.local/lib/python3.8/site-packages/airflow/example_dags/example_sla_dag.py took 0.093 seconds
[2025-04-05T16:52:03.283+0000] {processor.py:161} INFO - Started process (PID=5686) to work on /home/airflow/.local/lib/python3.8/site-packages/airflow/example_dags/example_sla_dag.py
[2025-04-05T16:52:03.285+0000] {processor.py:830} INFO - Processing file /home/airflow/.local/lib/python3.8/site-packages/airflow/example_dags/example_sla_dag.py for tasks to queue
[2025-04-05T16:52:03.285+0000] {logging_mixin.py:188} INFO - [2025-04-05T16:52:03.285+0000] {dagbag.py:538} INFO - Filling up the DagBag from /home/airflow/.local/lib/python3.8/site-packages/airflow/example_dags/example_sla_dag.py
[2025-04-05T16:52:03.293+0000] {processor.py:840} INFO - DAG(s) 'example_sla_dag' retrieved from /home/airflow/.local/lib/python3.8/site-packages/airflow/example_dags/example_sla_dag.py
[2025-04-05T16:52:03.314+0000] {logging_mixin.py:188} INFO - [2025-04-05T16:52:03.314+0000] {dag.py:3036} INFO - Sync 1 DAGs
[2025-04-05T16:52:03.341+0000] {logging_mixin.py:188} INFO - [2025-04-05T16:52:03.341+0000] {dag.py:3823} INFO - Setting next_dagrun for example_sla_dag to 2025-04-05 16:50:00+00:00, run_after=2025-04-05 16:52:00+00:00
[2025-04-05T16:52:03.364+0000] {processor.py:183} INFO - Processing /home/airflow/.local/lib/python3.8/site-packages/airflow/example_dags/example_sla_dag.py took 0.083 seconds
[2025-04-05T16:52:33.799+0000] {processor.py:161} INFO - Started process (PID=5938) to work on /home/airflow/.local/lib/python3.8/site-packages/airflow/example_dags/example_sla_dag.py
[2025-04-05T16:52:33.800+0000] {processor.py:830} INFO - Processing file /home/airflow/.local/lib/python3.8/site-packages/airflow/example_dags/example_sla_dag.py for tasks to queue
[2025-04-05T16:52:33.801+0000] {logging_mixin.py:188} INFO - [2025-04-05T16:52:33.801+0000] {dagbag.py:538} INFO - Filling up the DagBag from /home/airflow/.local/lib/python3.8/site-packages/airflow/example_dags/example_sla_dag.py
[2025-04-05T16:52:33.809+0000] {processor.py:840} INFO - DAG(s) 'example_sla_dag' retrieved from /home/airflow/.local/lib/python3.8/site-packages/airflow/example_dags/example_sla_dag.py
[2025-04-05T16:52:33.829+0000] {logging_mixin.py:188} INFO - [2025-04-05T16:52:33.829+0000] {dag.py:3036} INFO - Sync 1 DAGs
[2025-04-05T16:52:33.852+0000] {logging_mixin.py:188} INFO - [2025-04-05T16:52:33.852+0000] {dag.py:3823} INFO - Setting next_dagrun for example_sla_dag to 2025-04-05 16:50:00+00:00, run_after=2025-04-05 16:52:00+00:00
[2025-04-05T16:52:33.873+0000] {processor.py:183} INFO - Processing /home/airflow/.local/lib/python3.8/site-packages/airflow/example_dags/example_sla_dag.py took 0.077 seconds
[2025-04-05T16:53:04.039+0000] {processor.py:161} INFO - Started process (PID=6191) to work on /home/airflow/.local/lib/python3.8/site-packages/airflow/example_dags/example_sla_dag.py
[2025-04-05T16:53:04.040+0000] {processor.py:830} INFO - Processing file /home/airflow/.local/lib/python3.8/site-packages/airflow/example_dags/example_sla_dag.py for tasks to queue
[2025-04-05T16:53:04.041+0000] {logging_mixin.py:188} INFO - [2025-04-05T16:53:04.041+0000] {dagbag.py:538} INFO - Filling up the DagBag from /home/airflow/.local/lib/python3.8/site-packages/airflow/example_dags/example_sla_dag.py
[2025-04-05T16:53:04.054+0000] {processor.py:840} INFO - DAG(s) 'example_sla_dag' retrieved from /home/airflow/.local/lib/python3.8/site-packages/airflow/example_dags/example_sla_dag.py
[2025-04-05T16:53:04.076+0000] {logging_mixin.py:188} INFO - [2025-04-05T16:53:04.075+0000] {dag.py:3036} INFO - Sync 1 DAGs
[2025-04-05T16:53:04.103+0000] {logging_mixin.py:188} INFO - [2025-04-05T16:53:04.102+0000] {dag.py:3823} INFO - Setting next_dagrun for example_sla_dag to 2025-04-05 16:50:00+00:00, run_after=2025-04-05 16:52:00+00:00
[2025-04-05T16:53:04.123+0000] {processor.py:183} INFO - Processing /home/airflow/.local/lib/python3.8/site-packages/airflow/example_dags/example_sla_dag.py took 0.086 seconds
[2025-04-05T16:53:34.275+0000] {processor.py:161} INFO - Started process (PID=6443) to work on /home/airflow/.local/lib/python3.8/site-packages/airflow/example_dags/example_sla_dag.py
[2025-04-05T16:53:34.276+0000] {processor.py:830} INFO - Processing file /home/airflow/.local/lib/python3.8/site-packages/airflow/example_dags/example_sla_dag.py for tasks to queue
[2025-04-05T16:53:34.276+0000] {logging_mixin.py:188} INFO - [2025-04-05T16:53:34.276+0000] {dagbag.py:538} INFO - Filling up the DagBag from /home/airflow/.local/lib/python3.8/site-packages/airflow/example_dags/example_sla_dag.py
[2025-04-05T16:53:34.286+0000] {processor.py:840} INFO - DAG(s) 'example_sla_dag' retrieved from /home/airflow/.local/lib/python3.8/site-packages/airflow/example_dags/example_sla_dag.py
[2025-04-05T16:53:34.307+0000] {logging_mixin.py:188} INFO - [2025-04-05T16:53:34.307+0000] {dag.py:3036} INFO - Sync 1 DAGs
[2025-04-05T16:53:34.330+0000] {logging_mixin.py:188} INFO - [2025-04-05T16:53:34.330+0000] {dag.py:3823} INFO - Setting next_dagrun for example_sla_dag to 2025-04-05 16:50:00+00:00, run_after=2025-04-05 16:52:00+00:00
[2025-04-05T16:53:34.350+0000] {processor.py:183} INFO - Processing /home/airflow/.local/lib/python3.8/site-packages/airflow/example_dags/example_sla_dag.py took 0.078 seconds
[2025-04-05T16:54:05.080+0000] {processor.py:161} INFO - Started process (PID=6689) to work on /home/airflow/.local/lib/python3.8/site-packages/airflow/example_dags/example_sla_dag.py
[2025-04-05T16:54:05.081+0000] {processor.py:830} INFO - Processing file /home/airflow/.local/lib/python3.8/site-packages/airflow/example_dags/example_sla_dag.py for tasks to queue
[2025-04-05T16:54:05.082+0000] {logging_mixin.py:188} INFO - [2025-04-05T16:54:05.081+0000] {dagbag.py:538} INFO - Filling up the DagBag from /home/airflow/.local/lib/python3.8/site-packages/airflow/example_dags/example_sla_dag.py
[2025-04-05T16:54:05.090+0000] {processor.py:840} INFO - DAG(s) 'example_sla_dag' retrieved from /home/airflow/.local/lib/python3.8/site-packages/airflow/example_dags/example_sla_dag.py
[2025-04-05T16:54:05.110+0000] {logging_mixin.py:188} INFO - [2025-04-05T16:54:05.110+0000] {dag.py:3036} INFO - Sync 1 DAGs
[2025-04-05T16:54:05.133+0000] {logging_mixin.py:188} INFO - [2025-04-05T16:54:05.133+0000] {dag.py:3823} INFO - Setting next_dagrun for example_sla_dag to 2025-04-05 16:52:00+00:00, run_after=2025-04-05 16:54:00+00:00
[2025-04-05T16:54:05.154+0000] {processor.py:183} INFO - Processing /home/airflow/.local/lib/python3.8/site-packages/airflow/example_dags/example_sla_dag.py took 0.077 seconds
[2025-04-05T16:54:35.373+0000] {processor.py:161} INFO - Started process (PID=6941) to work on /home/airflow/.local/lib/python3.8/site-packages/airflow/example_dags/example_sla_dag.py
[2025-04-05T16:54:35.374+0000] {processor.py:830} INFO - Processing file /home/airflow/.local/lib/python3.8/site-packages/airflow/example_dags/example_sla_dag.py for tasks to queue
[2025-04-05T16:54:35.374+0000] {logging_mixin.py:188} INFO - [2025-04-05T16:54:35.374+0000] {dagbag.py:538} INFO - Filling up the DagBag from /home/airflow/.local/lib/python3.8/site-packages/airflow/example_dags/example_sla_dag.py
[2025-04-05T16:54:35.382+0000] {processor.py:840} INFO - DAG(s) 'example_sla_dag' retrieved from /home/airflow/.local/lib/python3.8/site-packages/airflow/example_dags/example_sla_dag.py
[2025-04-05T16:54:35.404+0000] {logging_mixin.py:188} INFO - [2025-04-05T16:54:35.403+0000] {dag.py:3036} INFO - Sync 1 DAGs
[2025-04-05T16:54:35.429+0000] {logging_mixin.py:188} INFO - [2025-04-05T16:54:35.429+0000] {dag.py:3823} INFO - Setting next_dagrun for example_sla_dag to 2025-04-05 16:52:00+00:00, run_after=2025-04-05 16:54:00+00:00
[2025-04-05T16:54:35.454+0000] {processor.py:183} INFO - Processing /home/airflow/.local/lib/python3.8/site-packages/airflow/example_dags/example_sla_dag.py took 0.085 seconds
[2025-04-05T16:55:05.569+0000] {processor.py:161} INFO - Started process (PID=7193) to work on /home/airflow/.local/lib/python3.8/site-packages/airflow/example_dags/example_sla_dag.py
[2025-04-05T16:55:05.570+0000] {processor.py:830} INFO - Processing file /home/airflow/.local/lib/python3.8/site-packages/airflow/example_dags/example_sla_dag.py for tasks to queue
[2025-04-05T16:55:05.572+0000] {logging_mixin.py:188} INFO - [2025-04-05T16:55:05.571+0000] {dagbag.py:538} INFO - Filling up the DagBag from /home/airflow/.local/lib/python3.8/site-packages/airflow/example_dags/example_sla_dag.py
[2025-04-05T16:55:05.579+0000] {processor.py:840} INFO - DAG(s) 'example_sla_dag' retrieved from /home/airflow/.local/lib/python3.8/site-packages/airflow/example_dags/example_sla_dag.py
[2025-04-05T16:55:05.601+0000] {logging_mixin.py:188} INFO - [2025-04-05T16:55:05.601+0000] {dag.py:3036} INFO - Sync 1 DAGs
[2025-04-05T16:55:05.630+0000] {logging_mixin.py:188} INFO - [2025-04-05T16:55:05.630+0000] {dag.py:3823} INFO - Setting next_dagrun for example_sla_dag to 2025-04-05 16:52:00+00:00, run_after=2025-04-05 16:54:00+00:00
[2025-04-05T16:55:05.652+0000] {processor.py:183} INFO - Processing /home/airflow/.local/lib/python3.8/site-packages/airflow/example_dags/example_sla_dag.py took 0.086 seconds
[2025-04-05T16:55:35.878+0000] {processor.py:161} INFO - Started process (PID=7450) to work on /home/airflow/.local/lib/python3.8/site-packages/airflow/example_dags/example_sla_dag.py
[2025-04-05T16:55:35.880+0000] {processor.py:830} INFO - Processing file /home/airflow/.local/lib/python3.8/site-packages/airflow/example_dags/example_sla_dag.py for tasks to queue
[2025-04-05T16:55:35.881+0000] {logging_mixin.py:188} INFO - [2025-04-05T16:55:35.881+0000] {dagbag.py:538} INFO - Filling up the DagBag from /home/airflow/.local/lib/python3.8/site-packages/airflow/example_dags/example_sla_dag.py
[2025-04-05T16:55:35.892+0000] {processor.py:840} INFO - DAG(s) 'example_sla_dag' retrieved from /home/airflow/.local/lib/python3.8/site-packages/airflow/example_dags/example_sla_dag.py
[2025-04-05T16:55:35.920+0000] {logging_mixin.py:188} INFO - [2025-04-05T16:55:35.920+0000] {dag.py:3036} INFO - Sync 1 DAGs
[2025-04-05T16:55:35.955+0000] {logging_mixin.py:188} INFO - [2025-04-05T16:55:35.955+0000] {dag.py:3823} INFO - Setting next_dagrun for example_sla_dag to 2025-04-05 16:52:00+00:00, run_after=2025-04-05 16:54:00+00:00
[2025-04-05T16:55:35.982+0000] {processor.py:183} INFO - Processing /home/airflow/.local/lib/python3.8/site-packages/airflow/example_dags/example_sla_dag.py took 0.108 seconds
[2025-04-05T16:56:06.313+0000] {processor.py:161} INFO - Started process (PID=7702) to work on /home/airflow/.local/lib/python3.8/site-packages/airflow/example_dags/example_sla_dag.py
[2025-04-05T16:56:06.314+0000] {processor.py:830} INFO - Processing file /home/airflow/.local/lib/python3.8/site-packages/airflow/example_dags/example_sla_dag.py for tasks to queue
[2025-04-05T16:56:06.315+0000] {logging_mixin.py:188} INFO - [2025-04-05T16:56:06.314+0000] {dagbag.py:538} INFO - Filling up the DagBag from /home/airflow/.local/lib/python3.8/site-packages/airflow/example_dags/example_sla_dag.py
[2025-04-05T16:56:06.322+0000] {processor.py:840} INFO - DAG(s) 'example_sla_dag' retrieved from /home/airflow/.local/lib/python3.8/site-packages/airflow/example_dags/example_sla_dag.py
[2025-04-05T16:56:06.342+0000] {logging_mixin.py:188} INFO - [2025-04-05T16:56:06.342+0000] {dag.py:3036} INFO - Sync 1 DAGs
[2025-04-05T16:56:06.365+0000] {logging_mixin.py:188} INFO - [2025-04-05T16:56:06.365+0000] {dag.py:3823} INFO - Setting next_dagrun for example_sla_dag to 2025-04-05 16:54:00+00:00, run_after=2025-04-05 16:56:00+00:00
[2025-04-05T16:56:06.392+0000] {processor.py:183} INFO - Processing /home/airflow/.local/lib/python3.8/site-packages/airflow/example_dags/example_sla_dag.py took 0.082 seconds
[2025-04-05T16:56:36.545+0000] {processor.py:161} INFO - Started process (PID=7954) to work on /home/airflow/.local/lib/python3.8/site-packages/airflow/example_dags/example_sla_dag.py
[2025-04-05T16:56:36.546+0000] {processor.py:830} INFO - Processing file /home/airflow/.local/lib/python3.8/site-packages/airflow/example_dags/example_sla_dag.py for tasks to queue
[2025-04-05T16:56:36.547+0000] {logging_mixin.py:188} INFO - [2025-04-05T16:56:36.547+0000] {dagbag.py:538} INFO - Filling up the DagBag from /home/airflow/.local/lib/python3.8/site-packages/airflow/example_dags/example_sla_dag.py
[2025-04-05T16:56:36.556+0000] {processor.py:840} INFO - DAG(s) 'example_sla_dag' retrieved from /home/airflow/.local/lib/python3.8/site-packages/airflow/example_dags/example_sla_dag.py
[2025-04-05T16:56:36.576+0000] {logging_mixin.py:188} INFO - [2025-04-05T16:56:36.576+0000] {dag.py:3036} INFO - Sync 1 DAGs
[2025-04-05T16:56:36.600+0000] {logging_mixin.py:188} INFO - [2025-04-05T16:56:36.600+0000] {dag.py:3823} INFO - Setting next_dagrun for example_sla_dag to 2025-04-05 16:54:00+00:00, run_after=2025-04-05 16:56:00+00:00
[2025-04-05T16:56:36.618+0000] {processor.py:183} INFO - Processing /home/airflow/.local/lib/python3.8/site-packages/airflow/example_dags/example_sla_dag.py took 0.076 seconds
