[2025-04-05T14:18:14.321+0000] {processor.py:161} INFO - Started process (PID=248) to work on /home/airflow/.local/lib/python3.8/site-packages/airflow/example_dags/example_sensors.py
[2025-04-05T14:18:14.323+0000] {processor.py:830} INFO - Processing file /home/airflow/.local/lib/python3.8/site-packages/airflow/example_dags/example_sensors.py for tasks to queue
[2025-04-05T14:18:14.325+0000] {logging_mixin.py:188} INFO - [2025-04-05T14:18:14.324+0000] {dagbag.py:538} INFO - Filling up the DagBag from /home/airflow/.local/lib/python3.8/site-packages/airflow/example_dags/example_sensors.py
[2025-04-05T14:18:14.350+0000] {processor.py:840} INFO - DAG(s) 'example_sensors' retrieved from /home/airflow/.local/lib/python3.8/site-packages/airflow/example_dags/example_sensors.py
[2025-04-05T14:18:14.372+0000] {logging_mixin.py:188} INFO - [2025-04-05T14:18:14.371+0000] {dag.py:3036} INFO - Sync 1 DAGs
[2025-04-05T14:18:14.392+0000] {logging_mixin.py:188} INFO - [2025-04-05T14:18:14.392+0000] {dag.py:3823} INFO - Setting next_dagrun for example_sensors to None, run_after=None
[2025-04-05T14:18:14.427+0000] {processor.py:183} INFO - Processing /home/airflow/.local/lib/python3.8/site-packages/airflow/example_dags/example_sensors.py took 0.111 seconds
[2025-04-05T14:18:45.374+0000] {processor.py:161} INFO - Started process (PID=495) to work on /home/airflow/.local/lib/python3.8/site-packages/airflow/example_dags/example_sensors.py
[2025-04-05T14:18:45.375+0000] {processor.py:830} INFO - Processing file /home/airflow/.local/lib/python3.8/site-packages/airflow/example_dags/example_sensors.py for tasks to queue
[2025-04-05T14:18:45.377+0000] {logging_mixin.py:188} INFO - [2025-04-05T14:18:45.376+0000] {dagbag.py:538} INFO - Filling up the DagBag from /home/airflow/.local/lib/python3.8/site-packages/airflow/example_dags/example_sensors.py
[2025-04-05T14:18:45.389+0000] {processor.py:840} INFO - DAG(s) 'example_sensors' retrieved from /home/airflow/.local/lib/python3.8/site-packages/airflow/example_dags/example_sensors.py
[2025-04-05T14:18:45.530+0000] {logging_mixin.py:188} INFO - [2025-04-05T14:18:45.530+0000] {dag.py:3036} INFO - Sync 1 DAGs
[2025-04-05T14:18:45.544+0000] {logging_mixin.py:188} INFO - [2025-04-05T14:18:45.544+0000] {dag.py:3823} INFO - Setting next_dagrun for example_sensors to None, run_after=None
[2025-04-05T14:18:45.576+0000] {processor.py:183} INFO - Processing /home/airflow/.local/lib/python3.8/site-packages/airflow/example_dags/example_sensors.py took 0.206 seconds
[2025-04-05T14:19:16.124+0000] {processor.py:161} INFO - Started process (PID=742) to work on /home/airflow/.local/lib/python3.8/site-packages/airflow/example_dags/example_sensors.py
[2025-04-05T14:19:16.125+0000] {processor.py:830} INFO - Processing file /home/airflow/.local/lib/python3.8/site-packages/airflow/example_dags/example_sensors.py for tasks to queue
[2025-04-05T14:19:16.127+0000] {logging_mixin.py:188} INFO - [2025-04-05T14:19:16.127+0000] {dagbag.py:538} INFO - Filling up the DagBag from /home/airflow/.local/lib/python3.8/site-packages/airflow/example_dags/example_sensors.py
[2025-04-05T14:19:16.138+0000] {processor.py:840} INFO - DAG(s) 'example_sensors' retrieved from /home/airflow/.local/lib/python3.8/site-packages/airflow/example_dags/example_sensors.py
[2025-04-05T14:19:16.161+0000] {logging_mixin.py:188} INFO - [2025-04-05T14:19:16.161+0000] {dag.py:3036} INFO - Sync 1 DAGs
[2025-04-05T14:19:16.173+0000] {logging_mixin.py:188} INFO - [2025-04-05T14:19:16.172+0000] {dag.py:3823} INFO - Setting next_dagrun for example_sensors to None, run_after=None
[2025-04-05T14:19:16.192+0000] {processor.py:183} INFO - Processing /home/airflow/.local/lib/python3.8/site-packages/airflow/example_dags/example_sensors.py took 0.071 seconds
[2025-04-05T14:19:47.141+0000] {processor.py:161} INFO - Started process (PID=995) to work on /home/airflow/.local/lib/python3.8/site-packages/airflow/example_dags/example_sensors.py
[2025-04-05T14:19:47.143+0000] {processor.py:830} INFO - Processing file /home/airflow/.local/lib/python3.8/site-packages/airflow/example_dags/example_sensors.py for tasks to queue
[2025-04-05T14:19:47.144+0000] {logging_mixin.py:188} INFO - [2025-04-05T14:19:47.144+0000] {dagbag.py:538} INFO - Filling up the DagBag from /home/airflow/.local/lib/python3.8/site-packages/airflow/example_dags/example_sensors.py
[2025-04-05T14:19:47.161+0000] {processor.py:840} INFO - DAG(s) 'example_sensors' retrieved from /home/airflow/.local/lib/python3.8/site-packages/airflow/example_dags/example_sensors.py
[2025-04-05T14:19:47.200+0000] {logging_mixin.py:188} INFO - [2025-04-05T14:19:47.200+0000] {dag.py:3036} INFO - Sync 1 DAGs
[2025-04-05T14:19:47.220+0000] {logging_mixin.py:188} INFO - [2025-04-05T14:19:47.219+0000] {dag.py:3823} INFO - Setting next_dagrun for example_sensors to None, run_after=None
[2025-04-05T14:19:47.245+0000] {processor.py:183} INFO - Processing /home/airflow/.local/lib/python3.8/site-packages/airflow/example_dags/example_sensors.py took 0.110 seconds
[2025-04-05T14:20:17.763+0000] {processor.py:161} INFO - Started process (PID=1242) to work on /home/airflow/.local/lib/python3.8/site-packages/airflow/example_dags/example_sensors.py
[2025-04-05T14:20:17.764+0000] {processor.py:830} INFO - Processing file /home/airflow/.local/lib/python3.8/site-packages/airflow/example_dags/example_sensors.py for tasks to queue
[2025-04-05T14:20:17.765+0000] {logging_mixin.py:188} INFO - [2025-04-05T14:20:17.764+0000] {dagbag.py:538} INFO - Filling up the DagBag from /home/airflow/.local/lib/python3.8/site-packages/airflow/example_dags/example_sensors.py
[2025-04-05T14:20:17.774+0000] {processor.py:840} INFO - DAG(s) 'example_sensors' retrieved from /home/airflow/.local/lib/python3.8/site-packages/airflow/example_dags/example_sensors.py
[2025-04-05T14:20:17.797+0000] {logging_mixin.py:188} INFO - [2025-04-05T14:20:17.797+0000] {dag.py:3036} INFO - Sync 1 DAGs
[2025-04-05T14:20:17.809+0000] {logging_mixin.py:188} INFO - [2025-04-05T14:20:17.809+0000] {dag.py:3823} INFO - Setting next_dagrun for example_sensors to None, run_after=None
[2025-04-05T14:20:17.882+0000] {processor.py:183} INFO - Processing /home/airflow/.local/lib/python3.8/site-packages/airflow/example_dags/example_sensors.py took 0.122 seconds
[2025-04-05T14:20:48.081+0000] {processor.py:161} INFO - Started process (PID=1489) to work on /home/airflow/.local/lib/python3.8/site-packages/airflow/example_dags/example_sensors.py
[2025-04-05T14:20:48.086+0000] {processor.py:830} INFO - Processing file /home/airflow/.local/lib/python3.8/site-packages/airflow/example_dags/example_sensors.py for tasks to queue
[2025-04-05T14:20:48.089+0000] {logging_mixin.py:188} INFO - [2025-04-05T14:20:48.088+0000] {dagbag.py:538} INFO - Filling up the DagBag from /home/airflow/.local/lib/python3.8/site-packages/airflow/example_dags/example_sensors.py
[2025-04-05T14:20:48.114+0000] {processor.py:840} INFO - DAG(s) 'example_sensors' retrieved from /home/airflow/.local/lib/python3.8/site-packages/airflow/example_dags/example_sensors.py
[2025-04-05T14:20:48.182+0000] {logging_mixin.py:188} INFO - [2025-04-05T14:20:48.181+0000] {dag.py:3036} INFO - Sync 1 DAGs
[2025-04-05T14:20:48.215+0000] {logging_mixin.py:188} INFO - [2025-04-05T14:20:48.214+0000] {dag.py:3823} INFO - Setting next_dagrun for example_sensors to None, run_after=None
[2025-04-05T14:20:48.287+0000] {processor.py:183} INFO - Processing /home/airflow/.local/lib/python3.8/site-packages/airflow/example_dags/example_sensors.py took 0.216 seconds
[2025-04-05T14:21:19.001+0000] {processor.py:161} INFO - Started process (PID=1736) to work on /home/airflow/.local/lib/python3.8/site-packages/airflow/example_dags/example_sensors.py
[2025-04-05T14:21:19.002+0000] {processor.py:830} INFO - Processing file /home/airflow/.local/lib/python3.8/site-packages/airflow/example_dags/example_sensors.py for tasks to queue
[2025-04-05T14:21:19.003+0000] {logging_mixin.py:188} INFO - [2025-04-05T14:21:19.003+0000] {dagbag.py:538} INFO - Filling up the DagBag from /home/airflow/.local/lib/python3.8/site-packages/airflow/example_dags/example_sensors.py
[2025-04-05T14:21:19.012+0000] {processor.py:840} INFO - DAG(s) 'example_sensors' retrieved from /home/airflow/.local/lib/python3.8/site-packages/airflow/example_dags/example_sensors.py
[2025-04-05T14:21:19.041+0000] {logging_mixin.py:188} INFO - [2025-04-05T14:21:19.040+0000] {dag.py:3036} INFO - Sync 1 DAGs
[2025-04-05T14:21:19.052+0000] {logging_mixin.py:188} INFO - [2025-04-05T14:21:19.051+0000] {dag.py:3823} INFO - Setting next_dagrun for example_sensors to None, run_after=None
[2025-04-05T14:21:19.075+0000] {processor.py:183} INFO - Processing /home/airflow/.local/lib/python3.8/site-packages/airflow/example_dags/example_sensors.py took 0.077 seconds
[2025-04-05T14:21:49.344+0000] {processor.py:161} INFO - Started process (PID=1984) to work on /home/airflow/.local/lib/python3.8/site-packages/airflow/example_dags/example_sensors.py
[2025-04-05T14:21:49.347+0000] {processor.py:830} INFO - Processing file /home/airflow/.local/lib/python3.8/site-packages/airflow/example_dags/example_sensors.py for tasks to queue
[2025-04-05T14:21:49.348+0000] {logging_mixin.py:188} INFO - [2025-04-05T14:21:49.348+0000] {dagbag.py:538} INFO - Filling up the DagBag from /home/airflow/.local/lib/python3.8/site-packages/airflow/example_dags/example_sensors.py
[2025-04-05T14:21:49.358+0000] {processor.py:840} INFO - DAG(s) 'example_sensors' retrieved from /home/airflow/.local/lib/python3.8/site-packages/airflow/example_dags/example_sensors.py
[2025-04-05T14:21:49.385+0000] {logging_mixin.py:188} INFO - [2025-04-05T14:21:49.385+0000] {dag.py:3036} INFO - Sync 1 DAGs
[2025-04-05T14:21:49.398+0000] {logging_mixin.py:188} INFO - [2025-04-05T14:21:49.398+0000] {dag.py:3823} INFO - Setting next_dagrun for example_sensors to None, run_after=None
[2025-04-05T14:21:49.426+0000] {processor.py:183} INFO - Processing /home/airflow/.local/lib/python3.8/site-packages/airflow/example_dags/example_sensors.py took 0.085 seconds
[2025-04-05T14:22:19.567+0000] {processor.py:161} INFO - Started process (PID=2231) to work on /home/airflow/.local/lib/python3.8/site-packages/airflow/example_dags/example_sensors.py
[2025-04-05T14:22:19.568+0000] {processor.py:830} INFO - Processing file /home/airflow/.local/lib/python3.8/site-packages/airflow/example_dags/example_sensors.py for tasks to queue
[2025-04-05T14:22:19.570+0000] {logging_mixin.py:188} INFO - [2025-04-05T14:22:19.569+0000] {dagbag.py:538} INFO - Filling up the DagBag from /home/airflow/.local/lib/python3.8/site-packages/airflow/example_dags/example_sensors.py
[2025-04-05T14:22:19.579+0000] {processor.py:840} INFO - DAG(s) 'example_sensors' retrieved from /home/airflow/.local/lib/python3.8/site-packages/airflow/example_dags/example_sensors.py
[2025-04-05T14:22:19.621+0000] {logging_mixin.py:188} INFO - [2025-04-05T14:22:19.620+0000] {dag.py:3036} INFO - Sync 1 DAGs
[2025-04-05T14:22:19.639+0000] {logging_mixin.py:188} INFO - [2025-04-05T14:22:19.639+0000] {dag.py:3823} INFO - Setting next_dagrun for example_sensors to None, run_after=None
[2025-04-05T14:22:19.670+0000] {processor.py:183} INFO - Processing /home/airflow/.local/lib/python3.8/site-packages/airflow/example_dags/example_sensors.py took 0.106 seconds
[2025-04-05T14:22:50.010+0000] {processor.py:161} INFO - Started process (PID=2478) to work on /home/airflow/.local/lib/python3.8/site-packages/airflow/example_dags/example_sensors.py
[2025-04-05T14:22:50.011+0000] {processor.py:830} INFO - Processing file /home/airflow/.local/lib/python3.8/site-packages/airflow/example_dags/example_sensors.py for tasks to queue
[2025-04-05T14:22:50.012+0000] {logging_mixin.py:188} INFO - [2025-04-05T14:22:50.012+0000] {dagbag.py:538} INFO - Filling up the DagBag from /home/airflow/.local/lib/python3.8/site-packages/airflow/example_dags/example_sensors.py
[2025-04-05T14:22:50.021+0000] {processor.py:840} INFO - DAG(s) 'example_sensors' retrieved from /home/airflow/.local/lib/python3.8/site-packages/airflow/example_dags/example_sensors.py
[2025-04-05T14:22:50.047+0000] {logging_mixin.py:188} INFO - [2025-04-05T14:22:50.047+0000] {dag.py:3036} INFO - Sync 1 DAGs
[2025-04-05T14:22:50.059+0000] {logging_mixin.py:188} INFO - [2025-04-05T14:22:50.059+0000] {dag.py:3823} INFO - Setting next_dagrun for example_sensors to None, run_after=None
[2025-04-05T14:22:50.079+0000] {processor.py:183} INFO - Processing /home/airflow/.local/lib/python3.8/site-packages/airflow/example_dags/example_sensors.py took 0.072 seconds
[2025-04-05T14:23:20.135+0000] {processor.py:161} INFO - Started process (PID=2725) to work on /home/airflow/.local/lib/python3.8/site-packages/airflow/example_dags/example_sensors.py
[2025-04-05T14:23:20.137+0000] {processor.py:830} INFO - Processing file /home/airflow/.local/lib/python3.8/site-packages/airflow/example_dags/example_sensors.py for tasks to queue
[2025-04-05T14:23:20.138+0000] {logging_mixin.py:188} INFO - [2025-04-05T14:23:20.138+0000] {dagbag.py:538} INFO - Filling up the DagBag from /home/airflow/.local/lib/python3.8/site-packages/airflow/example_dags/example_sensors.py
[2025-04-05T14:23:20.147+0000] {processor.py:840} INFO - DAG(s) 'example_sensors' retrieved from /home/airflow/.local/lib/python3.8/site-packages/airflow/example_dags/example_sensors.py
[2025-04-05T14:23:20.171+0000] {logging_mixin.py:188} INFO - [2025-04-05T14:23:20.171+0000] {dag.py:3036} INFO - Sync 1 DAGs
[2025-04-05T14:23:20.182+0000] {logging_mixin.py:188} INFO - [2025-04-05T14:23:20.182+0000] {dag.py:3823} INFO - Setting next_dagrun for example_sensors to None, run_after=None
[2025-04-05T14:23:20.203+0000] {processor.py:183} INFO - Processing /home/airflow/.local/lib/python3.8/site-packages/airflow/example_dags/example_sensors.py took 0.071 seconds
[2025-04-05T14:23:50.231+0000] {processor.py:161} INFO - Started process (PID=2967) to work on /home/airflow/.local/lib/python3.8/site-packages/airflow/example_dags/example_sensors.py
[2025-04-05T14:23:50.232+0000] {processor.py:830} INFO - Processing file /home/airflow/.local/lib/python3.8/site-packages/airflow/example_dags/example_sensors.py for tasks to queue
[2025-04-05T14:23:50.233+0000] {logging_mixin.py:188} INFO - [2025-04-05T14:23:50.233+0000] {dagbag.py:538} INFO - Filling up the DagBag from /home/airflow/.local/lib/python3.8/site-packages/airflow/example_dags/example_sensors.py
[2025-04-05T14:23:50.241+0000] {processor.py:840} INFO - DAG(s) 'example_sensors' retrieved from /home/airflow/.local/lib/python3.8/site-packages/airflow/example_dags/example_sensors.py
[2025-04-05T14:23:50.265+0000] {logging_mixin.py:188} INFO - [2025-04-05T14:23:50.265+0000] {dag.py:3036} INFO - Sync 1 DAGs
[2025-04-05T14:23:50.278+0000] {logging_mixin.py:188} INFO - [2025-04-05T14:23:50.277+0000] {dag.py:3823} INFO - Setting next_dagrun for example_sensors to None, run_after=None
[2025-04-05T14:23:50.300+0000] {processor.py:183} INFO - Processing /home/airflow/.local/lib/python3.8/site-packages/airflow/example_dags/example_sensors.py took 0.072 seconds
[2025-04-05T14:24:20.794+0000] {processor.py:161} INFO - Started process (PID=3219) to work on /home/airflow/.local/lib/python3.8/site-packages/airflow/example_dags/example_sensors.py
[2025-04-05T14:24:20.798+0000] {processor.py:830} INFO - Processing file /home/airflow/.local/lib/python3.8/site-packages/airflow/example_dags/example_sensors.py for tasks to queue
[2025-04-05T14:24:20.800+0000] {logging_mixin.py:188} INFO - [2025-04-05T14:24:20.799+0000] {dagbag.py:538} INFO - Filling up the DagBag from /home/airflow/.local/lib/python3.8/site-packages/airflow/example_dags/example_sensors.py
[2025-04-05T14:24:20.815+0000] {processor.py:840} INFO - DAG(s) 'example_sensors' retrieved from /home/airflow/.local/lib/python3.8/site-packages/airflow/example_dags/example_sensors.py
[2025-04-05T14:24:20.862+0000] {logging_mixin.py:188} INFO - [2025-04-05T14:24:20.862+0000] {dag.py:3036} INFO - Sync 1 DAGs
[2025-04-05T14:24:20.885+0000] {logging_mixin.py:188} INFO - [2025-04-05T14:24:20.885+0000] {dag.py:3823} INFO - Setting next_dagrun for example_sensors to None, run_after=None
[2025-04-05T14:24:20.985+0000] {processor.py:183} INFO - Processing /home/airflow/.local/lib/python3.8/site-packages/airflow/example_dags/example_sensors.py took 0.197 seconds
[2025-04-05T14:24:51.750+0000] {processor.py:161} INFO - Started process (PID=3466) to work on /home/airflow/.local/lib/python3.8/site-packages/airflow/example_dags/example_sensors.py
[2025-04-05T14:24:51.751+0000] {processor.py:830} INFO - Processing file /home/airflow/.local/lib/python3.8/site-packages/airflow/example_dags/example_sensors.py for tasks to queue
[2025-04-05T14:24:51.751+0000] {logging_mixin.py:188} INFO - [2025-04-05T14:24:51.751+0000] {dagbag.py:538} INFO - Filling up the DagBag from /home/airflow/.local/lib/python3.8/site-packages/airflow/example_dags/example_sensors.py
[2025-04-05T14:24:51.760+0000] {processor.py:840} INFO - DAG(s) 'example_sensors' retrieved from /home/airflow/.local/lib/python3.8/site-packages/airflow/example_dags/example_sensors.py
[2025-04-05T14:24:51.785+0000] {logging_mixin.py:188} INFO - [2025-04-05T14:24:51.785+0000] {dag.py:3036} INFO - Sync 1 DAGs
[2025-04-05T14:24:51.799+0000] {logging_mixin.py:188} INFO - [2025-04-05T14:24:51.799+0000] {dag.py:3823} INFO - Setting next_dagrun for example_sensors to None, run_after=None
[2025-04-05T14:24:51.821+0000] {processor.py:183} INFO - Processing /home/airflow/.local/lib/python3.8/site-packages/airflow/example_dags/example_sensors.py took 0.074 seconds
[2025-04-05T14:25:22.142+0000] {processor.py:161} INFO - Started process (PID=3711) to work on /home/airflow/.local/lib/python3.8/site-packages/airflow/example_dags/example_sensors.py
[2025-04-05T14:25:22.143+0000] {processor.py:830} INFO - Processing file /home/airflow/.local/lib/python3.8/site-packages/airflow/example_dags/example_sensors.py for tasks to queue
[2025-04-05T14:25:22.144+0000] {logging_mixin.py:188} INFO - [2025-04-05T14:25:22.144+0000] {dagbag.py:538} INFO - Filling up the DagBag from /home/airflow/.local/lib/python3.8/site-packages/airflow/example_dags/example_sensors.py
[2025-04-05T14:25:22.152+0000] {processor.py:840} INFO - DAG(s) 'example_sensors' retrieved from /home/airflow/.local/lib/python3.8/site-packages/airflow/example_dags/example_sensors.py
[2025-04-05T14:25:22.178+0000] {logging_mixin.py:188} INFO - [2025-04-05T14:25:22.178+0000] {dag.py:3036} INFO - Sync 1 DAGs
[2025-04-05T14:25:22.190+0000] {logging_mixin.py:188} INFO - [2025-04-05T14:25:22.190+0000] {dag.py:3823} INFO - Setting next_dagrun for example_sensors to None, run_after=None
[2025-04-05T14:25:22.211+0000] {processor.py:183} INFO - Processing /home/airflow/.local/lib/python3.8/site-packages/airflow/example_dags/example_sensors.py took 0.072 seconds
[2025-04-05T14:25:52.460+0000] {processor.py:161} INFO - Started process (PID=3960) to work on /home/airflow/.local/lib/python3.8/site-packages/airflow/example_dags/example_sensors.py
[2025-04-05T14:25:52.461+0000] {processor.py:830} INFO - Processing file /home/airflow/.local/lib/python3.8/site-packages/airflow/example_dags/example_sensors.py for tasks to queue
[2025-04-05T14:25:52.462+0000] {logging_mixin.py:188} INFO - [2025-04-05T14:25:52.461+0000] {dagbag.py:538} INFO - Filling up the DagBag from /home/airflow/.local/lib/python3.8/site-packages/airflow/example_dags/example_sensors.py
[2025-04-05T14:25:52.470+0000] {processor.py:840} INFO - DAG(s) 'example_sensors' retrieved from /home/airflow/.local/lib/python3.8/site-packages/airflow/example_dags/example_sensors.py
[2025-04-05T14:25:52.493+0000] {logging_mixin.py:188} INFO - [2025-04-05T14:25:52.493+0000] {dag.py:3036} INFO - Sync 1 DAGs
[2025-04-05T14:25:52.504+0000] {logging_mixin.py:188} INFO - [2025-04-05T14:25:52.504+0000] {dag.py:3823} INFO - Setting next_dagrun for example_sensors to None, run_after=None
[2025-04-05T14:25:52.524+0000] {processor.py:183} INFO - Processing /home/airflow/.local/lib/python3.8/site-packages/airflow/example_dags/example_sensors.py took 0.067 seconds
[2025-04-05T14:26:23.133+0000] {processor.py:161} INFO - Started process (PID=4207) to work on /home/airflow/.local/lib/python3.8/site-packages/airflow/example_dags/example_sensors.py
[2025-04-05T14:26:23.135+0000] {processor.py:830} INFO - Processing file /home/airflow/.local/lib/python3.8/site-packages/airflow/example_dags/example_sensors.py for tasks to queue
[2025-04-05T14:26:23.136+0000] {logging_mixin.py:188} INFO - [2025-04-05T14:26:23.136+0000] {dagbag.py:538} INFO - Filling up the DagBag from /home/airflow/.local/lib/python3.8/site-packages/airflow/example_dags/example_sensors.py
[2025-04-05T14:26:23.161+0000] {processor.py:840} INFO - DAG(s) 'example_sensors' retrieved from /home/airflow/.local/lib/python3.8/site-packages/airflow/example_dags/example_sensors.py
[2025-04-05T14:26:23.188+0000] {logging_mixin.py:188} INFO - [2025-04-05T14:26:23.188+0000] {dag.py:3036} INFO - Sync 1 DAGs
[2025-04-05T14:26:23.201+0000] {logging_mixin.py:188} INFO - [2025-04-05T14:26:23.200+0000] {dag.py:3823} INFO - Setting next_dagrun for example_sensors to None, run_after=None
[2025-04-05T14:26:23.224+0000] {processor.py:183} INFO - Processing /home/airflow/.local/lib/python3.8/site-packages/airflow/example_dags/example_sensors.py took 0.094 seconds
[2025-04-05T14:26:53.346+0000] {processor.py:161} INFO - Started process (PID=4454) to work on /home/airflow/.local/lib/python3.8/site-packages/airflow/example_dags/example_sensors.py
[2025-04-05T14:26:53.347+0000] {processor.py:830} INFO - Processing file /home/airflow/.local/lib/python3.8/site-packages/airflow/example_dags/example_sensors.py for tasks to queue
[2025-04-05T14:26:53.348+0000] {logging_mixin.py:188} INFO - [2025-04-05T14:26:53.348+0000] {dagbag.py:538} INFO - Filling up the DagBag from /home/airflow/.local/lib/python3.8/site-packages/airflow/example_dags/example_sensors.py
[2025-04-05T14:26:53.357+0000] {processor.py:840} INFO - DAG(s) 'example_sensors' retrieved from /home/airflow/.local/lib/python3.8/site-packages/airflow/example_dags/example_sensors.py
[2025-04-05T14:26:53.383+0000] {logging_mixin.py:188} INFO - [2025-04-05T14:26:53.383+0000] {dag.py:3036} INFO - Sync 1 DAGs
[2025-04-05T14:26:53.395+0000] {logging_mixin.py:188} INFO - [2025-04-05T14:26:53.395+0000] {dag.py:3823} INFO - Setting next_dagrun for example_sensors to None, run_after=None
[2025-04-05T14:26:53.427+0000] {processor.py:183} INFO - Processing /home/airflow/.local/lib/python3.8/site-packages/airflow/example_dags/example_sensors.py took 0.084 seconds
[2025-04-05T14:28:35.114+0000] {processor.py:161} INFO - Started process (PID=242) to work on /home/airflow/.local/lib/python3.8/site-packages/airflow/example_dags/example_sensors.py
[2025-04-05T14:28:35.115+0000] {processor.py:830} INFO - Processing file /home/airflow/.local/lib/python3.8/site-packages/airflow/example_dags/example_sensors.py for tasks to queue
[2025-04-05T14:28:35.116+0000] {logging_mixin.py:188} INFO - [2025-04-05T14:28:35.116+0000] {dagbag.py:538} INFO - Filling up the DagBag from /home/airflow/.local/lib/python3.8/site-packages/airflow/example_dags/example_sensors.py
[2025-04-05T14:28:35.132+0000] {processor.py:840} INFO - DAG(s) 'example_sensors' retrieved from /home/airflow/.local/lib/python3.8/site-packages/airflow/example_dags/example_sensors.py
[2025-04-05T14:28:35.146+0000] {logging_mixin.py:188} INFO - [2025-04-05T14:28:35.146+0000] {dag.py:3036} INFO - Sync 1 DAGs
[2025-04-05T14:28:35.160+0000] {logging_mixin.py:188} INFO - [2025-04-05T14:28:35.160+0000] {dag.py:3823} INFO - Setting next_dagrun for example_sensors to None, run_after=None
[2025-04-05T14:28:35.183+0000] {processor.py:183} INFO - Processing /home/airflow/.local/lib/python3.8/site-packages/airflow/example_dags/example_sensors.py took 0.073 seconds
[2025-04-05T14:29:06.164+0000] {processor.py:161} INFO - Started process (PID=495) to work on /home/airflow/.local/lib/python3.8/site-packages/airflow/example_dags/example_sensors.py
[2025-04-05T14:29:06.166+0000] {processor.py:830} INFO - Processing file /home/airflow/.local/lib/python3.8/site-packages/airflow/example_dags/example_sensors.py for tasks to queue
[2025-04-05T14:29:06.167+0000] {logging_mixin.py:188} INFO - [2025-04-05T14:29:06.167+0000] {dagbag.py:538} INFO - Filling up the DagBag from /home/airflow/.local/lib/python3.8/site-packages/airflow/example_dags/example_sensors.py
[2025-04-05T14:29:06.176+0000] {processor.py:840} INFO - DAG(s) 'example_sensors' retrieved from /home/airflow/.local/lib/python3.8/site-packages/airflow/example_dags/example_sensors.py
[2025-04-05T14:29:06.273+0000] {logging_mixin.py:188} INFO - [2025-04-05T14:29:06.273+0000] {dag.py:3036} INFO - Sync 1 DAGs
[2025-04-05T14:29:06.283+0000] {logging_mixin.py:188} INFO - [2025-04-05T14:29:06.283+0000] {dag.py:3823} INFO - Setting next_dagrun for example_sensors to None, run_after=None
[2025-04-05T14:29:06.320+0000] {processor.py:183} INFO - Processing /home/airflow/.local/lib/python3.8/site-packages/airflow/example_dags/example_sensors.py took 0.159 seconds
[2025-04-05T14:29:36.573+0000] {processor.py:161} INFO - Started process (PID=742) to work on /home/airflow/.local/lib/python3.8/site-packages/airflow/example_dags/example_sensors.py
[2025-04-05T14:29:36.574+0000] {processor.py:830} INFO - Processing file /home/airflow/.local/lib/python3.8/site-packages/airflow/example_dags/example_sensors.py for tasks to queue
[2025-04-05T14:29:36.576+0000] {logging_mixin.py:188} INFO - [2025-04-05T14:29:36.575+0000] {dagbag.py:538} INFO - Filling up the DagBag from /home/airflow/.local/lib/python3.8/site-packages/airflow/example_dags/example_sensors.py
[2025-04-05T14:29:36.584+0000] {processor.py:840} INFO - DAG(s) 'example_sensors' retrieved from /home/airflow/.local/lib/python3.8/site-packages/airflow/example_dags/example_sensors.py
[2025-04-05T14:29:36.606+0000] {logging_mixin.py:188} INFO - [2025-04-05T14:29:36.606+0000] {dag.py:3036} INFO - Sync 1 DAGs
[2025-04-05T14:29:36.616+0000] {logging_mixin.py:188} INFO - [2025-04-05T14:29:36.616+0000] {dag.py:3823} INFO - Setting next_dagrun for example_sensors to None, run_after=None
[2025-04-05T14:29:36.634+0000] {processor.py:183} INFO - Processing /home/airflow/.local/lib/python3.8/site-packages/airflow/example_dags/example_sensors.py took 0.063 seconds
[2025-04-05T14:30:07.086+0000] {processor.py:161} INFO - Started process (PID=989) to work on /home/airflow/.local/lib/python3.8/site-packages/airflow/example_dags/example_sensors.py
[2025-04-05T14:30:07.087+0000] {processor.py:830} INFO - Processing file /home/airflow/.local/lib/python3.8/site-packages/airflow/example_dags/example_sensors.py for tasks to queue
[2025-04-05T14:30:07.089+0000] {logging_mixin.py:188} INFO - [2025-04-05T14:30:07.088+0000] {dagbag.py:538} INFO - Filling up the DagBag from /home/airflow/.local/lib/python3.8/site-packages/airflow/example_dags/example_sensors.py
[2025-04-05T14:30:07.103+0000] {processor.py:840} INFO - DAG(s) 'example_sensors' retrieved from /home/airflow/.local/lib/python3.8/site-packages/airflow/example_dags/example_sensors.py
[2025-04-05T14:30:07.149+0000] {logging_mixin.py:188} INFO - [2025-04-05T14:30:07.148+0000] {dag.py:3036} INFO - Sync 1 DAGs
[2025-04-05T14:30:07.172+0000] {logging_mixin.py:188} INFO - [2025-04-05T14:30:07.172+0000] {dag.py:3823} INFO - Setting next_dagrun for example_sensors to None, run_after=None
[2025-04-05T14:30:07.204+0000] {processor.py:183} INFO - Processing /home/airflow/.local/lib/python3.8/site-packages/airflow/example_dags/example_sensors.py took 0.123 seconds
[2025-04-05T14:30:38.138+0000] {processor.py:161} INFO - Started process (PID=1236) to work on /home/airflow/.local/lib/python3.8/site-packages/airflow/example_dags/example_sensors.py
[2025-04-05T14:30:38.139+0000] {processor.py:830} INFO - Processing file /home/airflow/.local/lib/python3.8/site-packages/airflow/example_dags/example_sensors.py for tasks to queue
[2025-04-05T14:30:38.140+0000] {logging_mixin.py:188} INFO - [2025-04-05T14:30:38.140+0000] {dagbag.py:538} INFO - Filling up the DagBag from /home/airflow/.local/lib/python3.8/site-packages/airflow/example_dags/example_sensors.py
[2025-04-05T14:30:38.149+0000] {processor.py:840} INFO - DAG(s) 'example_sensors' retrieved from /home/airflow/.local/lib/python3.8/site-packages/airflow/example_dags/example_sensors.py
[2025-04-05T14:30:38.175+0000] {logging_mixin.py:188} INFO - [2025-04-05T14:30:38.175+0000] {dag.py:3036} INFO - Sync 1 DAGs
[2025-04-05T14:30:38.187+0000] {logging_mixin.py:188} INFO - [2025-04-05T14:30:38.187+0000] {dag.py:3823} INFO - Setting next_dagrun for example_sensors to None, run_after=None
[2025-04-05T14:30:38.207+0000] {processor.py:183} INFO - Processing /home/airflow/.local/lib/python3.8/site-packages/airflow/example_dags/example_sensors.py took 0.072 seconds
[2025-04-05T14:31:08.996+0000] {processor.py:161} INFO - Started process (PID=1483) to work on /home/airflow/.local/lib/python3.8/site-packages/airflow/example_dags/example_sensors.py
[2025-04-05T14:31:09.041+0000] {processor.py:830} INFO - Processing file /home/airflow/.local/lib/python3.8/site-packages/airflow/example_dags/example_sensors.py for tasks to queue
[2025-04-05T14:31:09.043+0000] {logging_mixin.py:188} INFO - [2025-04-05T14:31:09.042+0000] {dagbag.py:538} INFO - Filling up the DagBag from /home/airflow/.local/lib/python3.8/site-packages/airflow/example_dags/example_sensors.py
[2025-04-05T14:31:09.057+0000] {processor.py:840} INFO - DAG(s) 'example_sensors' retrieved from /home/airflow/.local/lib/python3.8/site-packages/airflow/example_dags/example_sensors.py
[2025-04-05T14:31:09.092+0000] {logging_mixin.py:188} INFO - [2025-04-05T14:31:09.091+0000] {dag.py:3036} INFO - Sync 1 DAGs
[2025-04-05T14:31:09.109+0000] {logging_mixin.py:188} INFO - [2025-04-05T14:31:09.108+0000] {dag.py:3823} INFO - Setting next_dagrun for example_sensors to None, run_after=None
[2025-04-05T14:31:09.135+0000] {processor.py:183} INFO - Processing /home/airflow/.local/lib/python3.8/site-packages/airflow/example_dags/example_sensors.py took 0.142 seconds
[2025-04-05T14:31:39.387+0000] {processor.py:161} INFO - Started process (PID=1730) to work on /home/airflow/.local/lib/python3.8/site-packages/airflow/example_dags/example_sensors.py
[2025-04-05T14:31:39.389+0000] {processor.py:830} INFO - Processing file /home/airflow/.local/lib/python3.8/site-packages/airflow/example_dags/example_sensors.py for tasks to queue
[2025-04-05T14:31:39.390+0000] {logging_mixin.py:188} INFO - [2025-04-05T14:31:39.390+0000] {dagbag.py:538} INFO - Filling up the DagBag from /home/airflow/.local/lib/python3.8/site-packages/airflow/example_dags/example_sensors.py
[2025-04-05T14:31:39.399+0000] {processor.py:840} INFO - DAG(s) 'example_sensors' retrieved from /home/airflow/.local/lib/python3.8/site-packages/airflow/example_dags/example_sensors.py
[2025-04-05T14:31:39.424+0000] {logging_mixin.py:188} INFO - [2025-04-05T14:31:39.424+0000] {dag.py:3036} INFO - Sync 1 DAGs
[2025-04-05T14:31:39.437+0000] {logging_mixin.py:188} INFO - [2025-04-05T14:31:39.437+0000] {dag.py:3823} INFO - Setting next_dagrun for example_sensors to None, run_after=None
[2025-04-05T14:31:39.457+0000] {processor.py:183} INFO - Processing /home/airflow/.local/lib/python3.8/site-packages/airflow/example_dags/example_sensors.py took 0.073 seconds
[2025-04-05T14:32:09.513+0000] {processor.py:161} INFO - Started process (PID=1977) to work on /home/airflow/.local/lib/python3.8/site-packages/airflow/example_dags/example_sensors.py
[2025-04-05T14:32:09.514+0000] {processor.py:830} INFO - Processing file /home/airflow/.local/lib/python3.8/site-packages/airflow/example_dags/example_sensors.py for tasks to queue
[2025-04-05T14:32:09.515+0000] {logging_mixin.py:188} INFO - [2025-04-05T14:32:09.515+0000] {dagbag.py:538} INFO - Filling up the DagBag from /home/airflow/.local/lib/python3.8/site-packages/airflow/example_dags/example_sensors.py
[2025-04-05T14:32:09.524+0000] {processor.py:840} INFO - DAG(s) 'example_sensors' retrieved from /home/airflow/.local/lib/python3.8/site-packages/airflow/example_dags/example_sensors.py
[2025-04-05T14:32:09.548+0000] {logging_mixin.py:188} INFO - [2025-04-05T14:32:09.548+0000] {dag.py:3036} INFO - Sync 1 DAGs
[2025-04-05T14:32:09.559+0000] {logging_mixin.py:188} INFO - [2025-04-05T14:32:09.559+0000] {dag.py:3823} INFO - Setting next_dagrun for example_sensors to None, run_after=None
[2025-04-05T14:32:09.580+0000] {processor.py:183} INFO - Processing /home/airflow/.local/lib/python3.8/site-packages/airflow/example_dags/example_sensors.py took 0.070 seconds
[2025-04-05T14:32:39.777+0000] {processor.py:161} INFO - Started process (PID=2224) to work on /home/airflow/.local/lib/python3.8/site-packages/airflow/example_dags/example_sensors.py
[2025-04-05T14:32:39.778+0000] {processor.py:830} INFO - Processing file /home/airflow/.local/lib/python3.8/site-packages/airflow/example_dags/example_sensors.py for tasks to queue
[2025-04-05T14:32:39.779+0000] {logging_mixin.py:188} INFO - [2025-04-05T14:32:39.778+0000] {dagbag.py:538} INFO - Filling up the DagBag from /home/airflow/.local/lib/python3.8/site-packages/airflow/example_dags/example_sensors.py
[2025-04-05T14:32:39.788+0000] {processor.py:840} INFO - DAG(s) 'example_sensors' retrieved from /home/airflow/.local/lib/python3.8/site-packages/airflow/example_dags/example_sensors.py
[2025-04-05T14:32:39.812+0000] {logging_mixin.py:188} INFO - [2025-04-05T14:32:39.812+0000] {dag.py:3036} INFO - Sync 1 DAGs
[2025-04-05T14:32:39.824+0000] {logging_mixin.py:188} INFO - [2025-04-05T14:32:39.823+0000] {dag.py:3823} INFO - Setting next_dagrun for example_sensors to None, run_after=None
[2025-04-05T14:32:39.842+0000] {processor.py:183} INFO - Processing /home/airflow/.local/lib/python3.8/site-packages/airflow/example_dags/example_sensors.py took 0.069 seconds
[2025-04-05T14:33:10.192+0000] {processor.py:161} INFO - Started process (PID=2471) to work on /home/airflow/.local/lib/python3.8/site-packages/airflow/example_dags/example_sensors.py
[2025-04-05T14:33:10.194+0000] {processor.py:830} INFO - Processing file /home/airflow/.local/lib/python3.8/site-packages/airflow/example_dags/example_sensors.py for tasks to queue
[2025-04-05T14:33:10.195+0000] {logging_mixin.py:188} INFO - [2025-04-05T14:33:10.195+0000] {dagbag.py:538} INFO - Filling up the DagBag from /home/airflow/.local/lib/python3.8/site-packages/airflow/example_dags/example_sensors.py
[2025-04-05T14:33:10.204+0000] {processor.py:840} INFO - DAG(s) 'example_sensors' retrieved from /home/airflow/.local/lib/python3.8/site-packages/airflow/example_dags/example_sensors.py
[2025-04-05T14:33:10.230+0000] {logging_mixin.py:188} INFO - [2025-04-05T14:33:10.230+0000] {dag.py:3036} INFO - Sync 1 DAGs
[2025-04-05T14:33:10.242+0000] {logging_mixin.py:188} INFO - [2025-04-05T14:33:10.241+0000] {dag.py:3823} INFO - Setting next_dagrun for example_sensors to None, run_after=None
[2025-04-05T14:33:10.262+0000] {processor.py:183} INFO - Processing /home/airflow/.local/lib/python3.8/site-packages/airflow/example_dags/example_sensors.py took 0.072 seconds
[2025-04-05T14:33:40.470+0000] {processor.py:161} INFO - Started process (PID=2718) to work on /home/airflow/.local/lib/python3.8/site-packages/airflow/example_dags/example_sensors.py
[2025-04-05T14:33:40.472+0000] {processor.py:830} INFO - Processing file /home/airflow/.local/lib/python3.8/site-packages/airflow/example_dags/example_sensors.py for tasks to queue
[2025-04-05T14:33:40.473+0000] {logging_mixin.py:188} INFO - [2025-04-05T14:33:40.472+0000] {dagbag.py:538} INFO - Filling up the DagBag from /home/airflow/.local/lib/python3.8/site-packages/airflow/example_dags/example_sensors.py
[2025-04-05T14:33:40.481+0000] {processor.py:840} INFO - DAG(s) 'example_sensors' retrieved from /home/airflow/.local/lib/python3.8/site-packages/airflow/example_dags/example_sensors.py
[2025-04-05T14:33:40.507+0000] {logging_mixin.py:188} INFO - [2025-04-05T14:33:40.507+0000] {dag.py:3036} INFO - Sync 1 DAGs
[2025-04-05T14:33:40.519+0000] {logging_mixin.py:188} INFO - [2025-04-05T14:33:40.519+0000] {dag.py:3823} INFO - Setting next_dagrun for example_sensors to None, run_after=None
[2025-04-05T14:33:40.540+0000] {processor.py:183} INFO - Processing /home/airflow/.local/lib/python3.8/site-packages/airflow/example_dags/example_sensors.py took 0.072 seconds
[2025-04-05T14:34:10.716+0000] {processor.py:161} INFO - Started process (PID=2965) to work on /home/airflow/.local/lib/python3.8/site-packages/airflow/example_dags/example_sensors.py
[2025-04-05T14:34:10.717+0000] {processor.py:830} INFO - Processing file /home/airflow/.local/lib/python3.8/site-packages/airflow/example_dags/example_sensors.py for tasks to queue
[2025-04-05T14:34:10.718+0000] {logging_mixin.py:188} INFO - [2025-04-05T14:34:10.718+0000] {dagbag.py:538} INFO - Filling up the DagBag from /home/airflow/.local/lib/python3.8/site-packages/airflow/example_dags/example_sensors.py
[2025-04-05T14:34:10.727+0000] {processor.py:840} INFO - DAG(s) 'example_sensors' retrieved from /home/airflow/.local/lib/python3.8/site-packages/airflow/example_dags/example_sensors.py
[2025-04-05T14:34:10.753+0000] {logging_mixin.py:188} INFO - [2025-04-05T14:34:10.753+0000] {dag.py:3036} INFO - Sync 1 DAGs
[2025-04-05T14:34:10.765+0000] {logging_mixin.py:188} INFO - [2025-04-05T14:34:10.765+0000] {dag.py:3823} INFO - Setting next_dagrun for example_sensors to None, run_after=None
[2025-04-05T14:34:10.785+0000] {processor.py:183} INFO - Processing /home/airflow/.local/lib/python3.8/site-packages/airflow/example_dags/example_sensors.py took 0.072 seconds
[2025-04-05T14:34:40.886+0000] {processor.py:161} INFO - Started process (PID=3212) to work on /home/airflow/.local/lib/python3.8/site-packages/airflow/example_dags/example_sensors.py
[2025-04-05T14:34:40.887+0000] {processor.py:830} INFO - Processing file /home/airflow/.local/lib/python3.8/site-packages/airflow/example_dags/example_sensors.py for tasks to queue
[2025-04-05T14:34:40.889+0000] {logging_mixin.py:188} INFO - [2025-04-05T14:34:40.888+0000] {dagbag.py:538} INFO - Filling up the DagBag from /home/airflow/.local/lib/python3.8/site-packages/airflow/example_dags/example_sensors.py
[2025-04-05T14:34:40.897+0000] {processor.py:840} INFO - DAG(s) 'example_sensors' retrieved from /home/airflow/.local/lib/python3.8/site-packages/airflow/example_dags/example_sensors.py
[2025-04-05T14:34:40.923+0000] {logging_mixin.py:188} INFO - [2025-04-05T14:34:40.923+0000] {dag.py:3036} INFO - Sync 1 DAGs
[2025-04-05T14:34:40.936+0000] {logging_mixin.py:188} INFO - [2025-04-05T14:34:40.935+0000] {dag.py:3823} INFO - Setting next_dagrun for example_sensors to None, run_after=None
[2025-04-05T14:34:40.957+0000] {processor.py:183} INFO - Processing /home/airflow/.local/lib/python3.8/site-packages/airflow/example_dags/example_sensors.py took 0.074 seconds
[2025-04-05T16:40:59.216+0000] {processor.py:161} INFO - Started process (PID=326) to work on /home/airflow/.local/lib/python3.8/site-packages/airflow/example_dags/example_sensors.py
[2025-04-05T16:40:59.218+0000] {processor.py:830} INFO - Processing file /home/airflow/.local/lib/python3.8/site-packages/airflow/example_dags/example_sensors.py for tasks to queue
[2025-04-05T16:40:59.220+0000] {logging_mixin.py:188} INFO - [2025-04-05T16:40:59.220+0000] {dagbag.py:538} INFO - Filling up the DagBag from /home/airflow/.local/lib/python3.8/site-packages/airflow/example_dags/example_sensors.py
[2025-04-05T16:40:59.239+0000] {processor.py:840} INFO - DAG(s) 'example_sensors' retrieved from /home/airflow/.local/lib/python3.8/site-packages/airflow/example_dags/example_sensors.py
[2025-04-05T16:40:59.399+0000] {logging_mixin.py:188} INFO - [2025-04-05T16:40:59.398+0000] {override.py:1769} INFO - Created Permission View: can edit on DAG:example_sensors
[2025-04-05T16:40:59.412+0000] {logging_mixin.py:188} INFO - [2025-04-05T16:40:59.411+0000] {override.py:1769} INFO - Created Permission View: can delete on DAG:example_sensors
[2025-04-05T16:40:59.421+0000] {logging_mixin.py:188} INFO - [2025-04-05T16:40:59.420+0000] {override.py:1769} INFO - Created Permission View: can read on DAG:example_sensors
[2025-04-05T16:40:59.422+0000] {logging_mixin.py:188} INFO - [2025-04-05T16:40:59.421+0000] {dag.py:3036} INFO - Sync 1 DAGs
[2025-04-05T16:40:59.435+0000] {logging_mixin.py:188} INFO - [2025-04-05T16:40:59.434+0000] {dag.py:3058} INFO - Creating ORM DAG for example_sensors
[2025-04-05T16:40:59.436+0000] {logging_mixin.py:188} INFO - [2025-04-05T16:40:59.436+0000] {dag.py:3823} INFO - Setting next_dagrun for example_sensors to None, run_after=None
[2025-04-05T16:40:59.457+0000] {processor.py:183} INFO - Processing /home/airflow/.local/lib/python3.8/site-packages/airflow/example_dags/example_sensors.py took 0.246 seconds
[2025-04-05T16:41:29.615+0000] {processor.py:161} INFO - Started process (PID=573) to work on /home/airflow/.local/lib/python3.8/site-packages/airflow/example_dags/example_sensors.py
[2025-04-05T16:41:29.616+0000] {processor.py:830} INFO - Processing file /home/airflow/.local/lib/python3.8/site-packages/airflow/example_dags/example_sensors.py for tasks to queue
[2025-04-05T16:41:29.617+0000] {logging_mixin.py:188} INFO - [2025-04-05T16:41:29.617+0000] {dagbag.py:538} INFO - Filling up the DagBag from /home/airflow/.local/lib/python3.8/site-packages/airflow/example_dags/example_sensors.py
[2025-04-05T16:41:29.627+0000] {processor.py:840} INFO - DAG(s) 'example_sensors' retrieved from /home/airflow/.local/lib/python3.8/site-packages/airflow/example_dags/example_sensors.py
[2025-04-05T16:41:29.654+0000] {logging_mixin.py:188} INFO - [2025-04-05T16:41:29.654+0000] {dag.py:3036} INFO - Sync 1 DAGs
[2025-04-05T16:41:29.666+0000] {logging_mixin.py:188} INFO - [2025-04-05T16:41:29.666+0000] {dag.py:3823} INFO - Setting next_dagrun for example_sensors to None, run_after=None
[2025-04-05T16:41:29.691+0000] {processor.py:183} INFO - Processing /home/airflow/.local/lib/python3.8/site-packages/airflow/example_dags/example_sensors.py took 0.080 seconds
[2025-04-05T16:42:00.580+0000] {processor.py:161} INFO - Started process (PID=820) to work on /home/airflow/.local/lib/python3.8/site-packages/airflow/example_dags/example_sensors.py
[2025-04-05T16:42:00.582+0000] {processor.py:830} INFO - Processing file /home/airflow/.local/lib/python3.8/site-packages/airflow/example_dags/example_sensors.py for tasks to queue
[2025-04-05T16:42:00.583+0000] {logging_mixin.py:188} INFO - [2025-04-05T16:42:00.583+0000] {dagbag.py:538} INFO - Filling up the DagBag from /home/airflow/.local/lib/python3.8/site-packages/airflow/example_dags/example_sensors.py
[2025-04-05T16:42:00.598+0000] {processor.py:840} INFO - DAG(s) 'example_sensors' retrieved from /home/airflow/.local/lib/python3.8/site-packages/airflow/example_dags/example_sensors.py
[2025-04-05T16:42:00.632+0000] {logging_mixin.py:188} INFO - [2025-04-05T16:42:00.632+0000] {dag.py:3036} INFO - Sync 1 DAGs
[2025-04-05T16:42:00.653+0000] {logging_mixin.py:188} INFO - [2025-04-05T16:42:00.652+0000] {dag.py:3823} INFO - Setting next_dagrun for example_sensors to None, run_after=None
[2025-04-05T16:42:00.700+0000] {processor.py:183} INFO - Processing /home/airflow/.local/lib/python3.8/site-packages/airflow/example_dags/example_sensors.py took 0.126 seconds
[2025-04-05T16:42:31.393+0000] {processor.py:161} INFO - Started process (PID=1067) to work on /home/airflow/.local/lib/python3.8/site-packages/airflow/example_dags/example_sensors.py
[2025-04-05T16:42:31.394+0000] {processor.py:830} INFO - Processing file /home/airflow/.local/lib/python3.8/site-packages/airflow/example_dags/example_sensors.py for tasks to queue
[2025-04-05T16:42:31.395+0000] {logging_mixin.py:188} INFO - [2025-04-05T16:42:31.395+0000] {dagbag.py:538} INFO - Filling up the DagBag from /home/airflow/.local/lib/python3.8/site-packages/airflow/example_dags/example_sensors.py
[2025-04-05T16:42:31.404+0000] {processor.py:840} INFO - DAG(s) 'example_sensors' retrieved from /home/airflow/.local/lib/python3.8/site-packages/airflow/example_dags/example_sensors.py
[2025-04-05T16:42:31.430+0000] {logging_mixin.py:188} INFO - [2025-04-05T16:42:31.430+0000] {dag.py:3036} INFO - Sync 1 DAGs
[2025-04-05T16:42:31.443+0000] {logging_mixin.py:188} INFO - [2025-04-05T16:42:31.442+0000] {dag.py:3823} INFO - Setting next_dagrun for example_sensors to None, run_after=None
[2025-04-05T16:42:31.465+0000] {processor.py:183} INFO - Processing /home/airflow/.local/lib/python3.8/site-packages/airflow/example_dags/example_sensors.py took 0.075 seconds
[2025-04-05T16:43:01.628+0000] {processor.py:161} INFO - Started process (PID=1316) to work on /home/airflow/.local/lib/python3.8/site-packages/airflow/example_dags/example_sensors.py
[2025-04-05T16:43:01.629+0000] {processor.py:830} INFO - Processing file /home/airflow/.local/lib/python3.8/site-packages/airflow/example_dags/example_sensors.py for tasks to queue
[2025-04-05T16:43:01.631+0000] {logging_mixin.py:188} INFO - [2025-04-05T16:43:01.630+0000] {dagbag.py:538} INFO - Filling up the DagBag from /home/airflow/.local/lib/python3.8/site-packages/airflow/example_dags/example_sensors.py
[2025-04-05T16:43:01.641+0000] {processor.py:840} INFO - DAG(s) 'example_sensors' retrieved from /home/airflow/.local/lib/python3.8/site-packages/airflow/example_dags/example_sensors.py
[2025-04-05T16:43:01.671+0000] {logging_mixin.py:188} INFO - [2025-04-05T16:43:01.671+0000] {dag.py:3036} INFO - Sync 1 DAGs
[2025-04-05T16:43:01.689+0000] {logging_mixin.py:188} INFO - [2025-04-05T16:43:01.688+0000] {dag.py:3823} INFO - Setting next_dagrun for example_sensors to None, run_after=None
[2025-04-05T16:43:01.712+0000] {processor.py:183} INFO - Processing /home/airflow/.local/lib/python3.8/site-packages/airflow/example_dags/example_sensors.py took 0.087 seconds
[2025-04-05T16:43:31.961+0000] {processor.py:161} INFO - Started process (PID=1561) to work on /home/airflow/.local/lib/python3.8/site-packages/airflow/example_dags/example_sensors.py
[2025-04-05T16:43:31.962+0000] {processor.py:830} INFO - Processing file /home/airflow/.local/lib/python3.8/site-packages/airflow/example_dags/example_sensors.py for tasks to queue
[2025-04-05T16:43:31.964+0000] {logging_mixin.py:188} INFO - [2025-04-05T16:43:31.963+0000] {dagbag.py:538} INFO - Filling up the DagBag from /home/airflow/.local/lib/python3.8/site-packages/airflow/example_dags/example_sensors.py
[2025-04-05T16:43:31.973+0000] {processor.py:840} INFO - DAG(s) 'example_sensors' retrieved from /home/airflow/.local/lib/python3.8/site-packages/airflow/example_dags/example_sensors.py
[2025-04-05T16:43:31.998+0000] {logging_mixin.py:188} INFO - [2025-04-05T16:43:31.997+0000] {dag.py:3036} INFO - Sync 1 DAGs
[2025-04-05T16:43:32.009+0000] {logging_mixin.py:188} INFO - [2025-04-05T16:43:32.009+0000] {dag.py:3823} INFO - Setting next_dagrun for example_sensors to None, run_after=None
[2025-04-05T16:43:32.035+0000] {processor.py:183} INFO - Processing /home/airflow/.local/lib/python3.8/site-packages/airflow/example_dags/example_sensors.py took 0.077 seconds
[2025-04-05T16:44:02.101+0000] {processor.py:161} INFO - Started process (PID=1808) to work on /home/airflow/.local/lib/python3.8/site-packages/airflow/example_dags/example_sensors.py
[2025-04-05T16:44:02.102+0000] {processor.py:830} INFO - Processing file /home/airflow/.local/lib/python3.8/site-packages/airflow/example_dags/example_sensors.py for tasks to queue
[2025-04-05T16:44:02.103+0000] {logging_mixin.py:188} INFO - [2025-04-05T16:44:02.103+0000] {dagbag.py:538} INFO - Filling up the DagBag from /home/airflow/.local/lib/python3.8/site-packages/airflow/example_dags/example_sensors.py
[2025-04-05T16:44:02.116+0000] {processor.py:840} INFO - DAG(s) 'example_sensors' retrieved from /home/airflow/.local/lib/python3.8/site-packages/airflow/example_dags/example_sensors.py
[2025-04-05T16:44:02.144+0000] {logging_mixin.py:188} INFO - [2025-04-05T16:44:02.144+0000] {dag.py:3036} INFO - Sync 1 DAGs
[2025-04-05T16:44:02.159+0000] {logging_mixin.py:188} INFO - [2025-04-05T16:44:02.158+0000] {dag.py:3823} INFO - Setting next_dagrun for example_sensors to None, run_after=None
[2025-04-05T16:44:02.184+0000] {processor.py:183} INFO - Processing /home/airflow/.local/lib/python3.8/site-packages/airflow/example_dags/example_sensors.py took 0.087 seconds
[2025-04-05T16:44:32.312+0000] {processor.py:161} INFO - Started process (PID=2055) to work on /home/airflow/.local/lib/python3.8/site-packages/airflow/example_dags/example_sensors.py
[2025-04-05T16:44:32.313+0000] {processor.py:830} INFO - Processing file /home/airflow/.local/lib/python3.8/site-packages/airflow/example_dags/example_sensors.py for tasks to queue
[2025-04-05T16:44:32.314+0000] {logging_mixin.py:188} INFO - [2025-04-05T16:44:32.313+0000] {dagbag.py:538} INFO - Filling up the DagBag from /home/airflow/.local/lib/python3.8/site-packages/airflow/example_dags/example_sensors.py
[2025-04-05T16:44:32.322+0000] {processor.py:840} INFO - DAG(s) 'example_sensors' retrieved from /home/airflow/.local/lib/python3.8/site-packages/airflow/example_dags/example_sensors.py
[2025-04-05T16:44:32.347+0000] {logging_mixin.py:188} INFO - [2025-04-05T16:44:32.347+0000] {dag.py:3036} INFO - Sync 1 DAGs
[2025-04-05T16:44:32.358+0000] {logging_mixin.py:188} INFO - [2025-04-05T16:44:32.358+0000] {dag.py:3823} INFO - Setting next_dagrun for example_sensors to None, run_after=None
[2025-04-05T16:44:32.390+0000] {processor.py:183} INFO - Processing /home/airflow/.local/lib/python3.8/site-packages/airflow/example_dags/example_sensors.py took 0.081 seconds
[2025-04-05T16:45:02.492+0000] {processor.py:161} INFO - Started process (PID=2302) to work on /home/airflow/.local/lib/python3.8/site-packages/airflow/example_dags/example_sensors.py
[2025-04-05T16:45:02.493+0000] {processor.py:830} INFO - Processing file /home/airflow/.local/lib/python3.8/site-packages/airflow/example_dags/example_sensors.py for tasks to queue
[2025-04-05T16:45:02.495+0000] {logging_mixin.py:188} INFO - [2025-04-05T16:45:02.494+0000] {dagbag.py:538} INFO - Filling up the DagBag from /home/airflow/.local/lib/python3.8/site-packages/airflow/example_dags/example_sensors.py
[2025-04-05T16:45:02.508+0000] {processor.py:840} INFO - DAG(s) 'example_sensors' retrieved from /home/airflow/.local/lib/python3.8/site-packages/airflow/example_dags/example_sensors.py
[2025-04-05T16:45:02.569+0000] {logging_mixin.py:188} INFO - [2025-04-05T16:45:02.568+0000] {dag.py:3036} INFO - Sync 1 DAGs
[2025-04-05T16:45:02.590+0000] {logging_mixin.py:188} INFO - [2025-04-05T16:45:02.589+0000] {dag.py:3823} INFO - Setting next_dagrun for example_sensors to None, run_after=None
[2025-04-05T16:45:02.623+0000] {processor.py:183} INFO - Processing /home/airflow/.local/lib/python3.8/site-packages/airflow/example_dags/example_sensors.py took 0.136 seconds
[2025-04-05T16:45:33.359+0000] {processor.py:161} INFO - Started process (PID=2549) to work on /home/airflow/.local/lib/python3.8/site-packages/airflow/example_dags/example_sensors.py
[2025-04-05T16:45:33.361+0000] {processor.py:830} INFO - Processing file /home/airflow/.local/lib/python3.8/site-packages/airflow/example_dags/example_sensors.py for tasks to queue
[2025-04-05T16:45:33.363+0000] {logging_mixin.py:188} INFO - [2025-04-05T16:45:33.362+0000] {dagbag.py:538} INFO - Filling up the DagBag from /home/airflow/.local/lib/python3.8/site-packages/airflow/example_dags/example_sensors.py
[2025-04-05T16:45:33.377+0000] {processor.py:840} INFO - DAG(s) 'example_sensors' retrieved from /home/airflow/.local/lib/python3.8/site-packages/airflow/example_dags/example_sensors.py
[2025-04-05T16:45:33.419+0000] {logging_mixin.py:188} INFO - [2025-04-05T16:45:33.418+0000] {dag.py:3036} INFO - Sync 1 DAGs
[2025-04-05T16:45:33.441+0000] {logging_mixin.py:188} INFO - [2025-04-05T16:45:33.440+0000] {dag.py:3823} INFO - Setting next_dagrun for example_sensors to None, run_after=None
[2025-04-05T16:45:33.492+0000] {processor.py:183} INFO - Processing /home/airflow/.local/lib/python3.8/site-packages/airflow/example_dags/example_sensors.py took 0.138 seconds
[2025-04-05T16:46:04.702+0000] {processor.py:161} INFO - Started process (PID=2798) to work on /home/airflow/.local/lib/python3.8/site-packages/airflow/example_dags/example_sensors.py
[2025-04-05T16:46:04.710+0000] {processor.py:830} INFO - Processing file /home/airflow/.local/lib/python3.8/site-packages/airflow/example_dags/example_sensors.py for tasks to queue
[2025-04-05T16:46:04.713+0000] {logging_mixin.py:188} INFO - [2025-04-05T16:46:04.712+0000] {dagbag.py:538} INFO - Filling up the DagBag from /home/airflow/.local/lib/python3.8/site-packages/airflow/example_dags/example_sensors.py
[2025-04-05T16:46:04.741+0000] {processor.py:840} INFO - DAG(s) 'example_sensors' retrieved from /home/airflow/.local/lib/python3.8/site-packages/airflow/example_dags/example_sensors.py
[2025-04-05T16:46:04.826+0000] {logging_mixin.py:188} INFO - [2025-04-05T16:46:04.825+0000] {dag.py:3036} INFO - Sync 1 DAGs
[2025-04-05T16:46:04.855+0000] {logging_mixin.py:188} INFO - [2025-04-05T16:46:04.854+0000] {dag.py:3823} INFO - Setting next_dagrun for example_sensors to None, run_after=None
[2025-04-05T16:46:04.894+0000] {processor.py:183} INFO - Processing /home/airflow/.local/lib/python3.8/site-packages/airflow/example_dags/example_sensors.py took 0.197 seconds
[2025-04-05T16:46:35.835+0000] {processor.py:161} INFO - Started process (PID=3045) to work on /home/airflow/.local/lib/python3.8/site-packages/airflow/example_dags/example_sensors.py
[2025-04-05T16:46:35.836+0000] {processor.py:830} INFO - Processing file /home/airflow/.local/lib/python3.8/site-packages/airflow/example_dags/example_sensors.py for tasks to queue
[2025-04-05T16:46:35.837+0000] {logging_mixin.py:188} INFO - [2025-04-05T16:46:35.837+0000] {dagbag.py:538} INFO - Filling up the DagBag from /home/airflow/.local/lib/python3.8/site-packages/airflow/example_dags/example_sensors.py
[2025-04-05T16:46:35.847+0000] {processor.py:840} INFO - DAG(s) 'example_sensors' retrieved from /home/airflow/.local/lib/python3.8/site-packages/airflow/example_dags/example_sensors.py
[2025-04-05T16:46:35.872+0000] {logging_mixin.py:188} INFO - [2025-04-05T16:46:35.871+0000] {dag.py:3036} INFO - Sync 1 DAGs
[2025-04-05T16:46:35.885+0000] {logging_mixin.py:188} INFO - [2025-04-05T16:46:35.885+0000] {dag.py:3823} INFO - Setting next_dagrun for example_sensors to None, run_after=None
[2025-04-05T16:46:35.909+0000] {processor.py:183} INFO - Processing /home/airflow/.local/lib/python3.8/site-packages/airflow/example_dags/example_sensors.py took 0.078 seconds
[2025-04-05T16:47:06.286+0000] {processor.py:161} INFO - Started process (PID=3292) to work on /home/airflow/.local/lib/python3.8/site-packages/airflow/example_dags/example_sensors.py
[2025-04-05T16:47:06.287+0000] {processor.py:830} INFO - Processing file /home/airflow/.local/lib/python3.8/site-packages/airflow/example_dags/example_sensors.py for tasks to queue
[2025-04-05T16:47:06.288+0000] {logging_mixin.py:188} INFO - [2025-04-05T16:47:06.288+0000] {dagbag.py:538} INFO - Filling up the DagBag from /home/airflow/.local/lib/python3.8/site-packages/airflow/example_dags/example_sensors.py
[2025-04-05T16:47:06.298+0000] {processor.py:840} INFO - DAG(s) 'example_sensors' retrieved from /home/airflow/.local/lib/python3.8/site-packages/airflow/example_dags/example_sensors.py
[2025-04-05T16:47:06.328+0000] {logging_mixin.py:188} INFO - [2025-04-05T16:47:06.328+0000] {dag.py:3036} INFO - Sync 1 DAGs
[2025-04-05T16:47:06.349+0000] {logging_mixin.py:188} INFO - [2025-04-05T16:47:06.348+0000] {dag.py:3823} INFO - Setting next_dagrun for example_sensors to None, run_after=None
[2025-04-05T16:47:06.383+0000] {processor.py:183} INFO - Processing /home/airflow/.local/lib/python3.8/site-packages/airflow/example_dags/example_sensors.py took 0.100 seconds
[2025-04-05T16:47:36.573+0000] {processor.py:161} INFO - Started process (PID=3539) to work on /home/airflow/.local/lib/python3.8/site-packages/airflow/example_dags/example_sensors.py
[2025-04-05T16:47:36.575+0000] {processor.py:830} INFO - Processing file /home/airflow/.local/lib/python3.8/site-packages/airflow/example_dags/example_sensors.py for tasks to queue
[2025-04-05T16:47:36.576+0000] {logging_mixin.py:188} INFO - [2025-04-05T16:47:36.576+0000] {dagbag.py:538} INFO - Filling up the DagBag from /home/airflow/.local/lib/python3.8/site-packages/airflow/example_dags/example_sensors.py
[2025-04-05T16:47:36.597+0000] {processor.py:840} INFO - DAG(s) 'example_sensors' retrieved from /home/airflow/.local/lib/python3.8/site-packages/airflow/example_dags/example_sensors.py
[2025-04-05T16:47:36.649+0000] {logging_mixin.py:188} INFO - [2025-04-05T16:47:36.649+0000] {dag.py:3036} INFO - Sync 1 DAGs
[2025-04-05T16:47:36.668+0000] {logging_mixin.py:188} INFO - [2025-04-05T16:47:36.668+0000] {dag.py:3823} INFO - Setting next_dagrun for example_sensors to None, run_after=None
[2025-04-05T16:47:36.697+0000] {processor.py:183} INFO - Processing /home/airflow/.local/lib/python3.8/site-packages/airflow/example_dags/example_sensors.py took 0.131 seconds
[2025-04-05T16:48:06.743+0000] {processor.py:161} INFO - Started process (PID=3787) to work on /home/airflow/.local/lib/python3.8/site-packages/airflow/example_dags/example_sensors.py
[2025-04-05T16:48:06.745+0000] {processor.py:830} INFO - Processing file /home/airflow/.local/lib/python3.8/site-packages/airflow/example_dags/example_sensors.py for tasks to queue
[2025-04-05T16:48:06.746+0000] {logging_mixin.py:188} INFO - [2025-04-05T16:48:06.745+0000] {dagbag.py:538} INFO - Filling up the DagBag from /home/airflow/.local/lib/python3.8/site-packages/airflow/example_dags/example_sensors.py
[2025-04-05T16:48:06.754+0000] {processor.py:840} INFO - DAG(s) 'example_sensors' retrieved from /home/airflow/.local/lib/python3.8/site-packages/airflow/example_dags/example_sensors.py
[2025-04-05T16:48:06.779+0000] {logging_mixin.py:188} INFO - [2025-04-05T16:48:06.779+0000] {dag.py:3036} INFO - Sync 1 DAGs
[2025-04-05T16:48:06.789+0000] {logging_mixin.py:188} INFO - [2025-04-05T16:48:06.789+0000] {dag.py:3823} INFO - Setting next_dagrun for example_sensors to None, run_after=None
[2025-04-05T16:48:06.810+0000] {processor.py:183} INFO - Processing /home/airflow/.local/lib/python3.8/site-packages/airflow/example_dags/example_sensors.py took 0.070 seconds
[2025-04-05T16:48:37.656+0000] {processor.py:161} INFO - Started process (PID=4034) to work on /home/airflow/.local/lib/python3.8/site-packages/airflow/example_dags/example_sensors.py
[2025-04-05T16:48:37.657+0000] {processor.py:830} INFO - Processing file /home/airflow/.local/lib/python3.8/site-packages/airflow/example_dags/example_sensors.py for tasks to queue
[2025-04-05T16:48:37.658+0000] {logging_mixin.py:188} INFO - [2025-04-05T16:48:37.657+0000] {dagbag.py:538} INFO - Filling up the DagBag from /home/airflow/.local/lib/python3.8/site-packages/airflow/example_dags/example_sensors.py
[2025-04-05T16:48:37.667+0000] {processor.py:840} INFO - DAG(s) 'example_sensors' retrieved from /home/airflow/.local/lib/python3.8/site-packages/airflow/example_dags/example_sensors.py
[2025-04-05T16:48:37.692+0000] {logging_mixin.py:188} INFO - [2025-04-05T16:48:37.692+0000] {dag.py:3036} INFO - Sync 1 DAGs
[2025-04-05T16:48:37.704+0000] {logging_mixin.py:188} INFO - [2025-04-05T16:48:37.704+0000] {dag.py:3823} INFO - Setting next_dagrun for example_sensors to None, run_after=None
[2025-04-05T16:48:37.726+0000] {processor.py:183} INFO - Processing /home/airflow/.local/lib/python3.8/site-packages/airflow/example_dags/example_sensors.py took 0.073 seconds
[2025-04-05T16:49:07.902+0000] {processor.py:161} INFO - Started process (PID=4283) to work on /home/airflow/.local/lib/python3.8/site-packages/airflow/example_dags/example_sensors.py
[2025-04-05T16:49:07.903+0000] {processor.py:830} INFO - Processing file /home/airflow/.local/lib/python3.8/site-packages/airflow/example_dags/example_sensors.py for tasks to queue
[2025-04-05T16:49:07.905+0000] {logging_mixin.py:188} INFO - [2025-04-05T16:49:07.904+0000] {dagbag.py:538} INFO - Filling up the DagBag from /home/airflow/.local/lib/python3.8/site-packages/airflow/example_dags/example_sensors.py
[2025-04-05T16:49:07.917+0000] {processor.py:840} INFO - DAG(s) 'example_sensors' retrieved from /home/airflow/.local/lib/python3.8/site-packages/airflow/example_dags/example_sensors.py
[2025-04-05T16:49:07.944+0000] {logging_mixin.py:188} INFO - [2025-04-05T16:49:07.944+0000] {dag.py:3036} INFO - Sync 1 DAGs
[2025-04-05T16:49:07.958+0000] {logging_mixin.py:188} INFO - [2025-04-05T16:49:07.957+0000] {dag.py:3823} INFO - Setting next_dagrun for example_sensors to None, run_after=None
[2025-04-05T16:49:07.982+0000] {processor.py:183} INFO - Processing /home/airflow/.local/lib/python3.8/site-packages/airflow/example_dags/example_sensors.py took 0.083 seconds
[2025-04-05T16:49:38.389+0000] {processor.py:161} INFO - Started process (PID=4553) to work on /home/airflow/.local/lib/python3.8/site-packages/airflow/example_dags/example_sensors.py
[2025-04-05T16:49:38.391+0000] {processor.py:830} INFO - Processing file /home/airflow/.local/lib/python3.8/site-packages/airflow/example_dags/example_sensors.py for tasks to queue
[2025-04-05T16:49:38.392+0000] {logging_mixin.py:188} INFO - [2025-04-05T16:49:38.392+0000] {dagbag.py:538} INFO - Filling up the DagBag from /home/airflow/.local/lib/python3.8/site-packages/airflow/example_dags/example_sensors.py
[2025-04-05T16:49:38.410+0000] {processor.py:840} INFO - DAG(s) 'example_sensors' retrieved from /home/airflow/.local/lib/python3.8/site-packages/airflow/example_dags/example_sensors.py
[2025-04-05T16:49:38.439+0000] {logging_mixin.py:188} INFO - [2025-04-05T16:49:38.439+0000] {dag.py:3036} INFO - Sync 1 DAGs
[2025-04-05T16:49:38.451+0000] {logging_mixin.py:188} INFO - [2025-04-05T16:49:38.451+0000] {dag.py:3823} INFO - Setting next_dagrun for example_sensors to None, run_after=None
[2025-04-05T16:49:38.473+0000] {processor.py:183} INFO - Processing /home/airflow/.local/lib/python3.8/site-packages/airflow/example_dags/example_sensors.py took 0.087 seconds
[2025-04-05T16:50:08.745+0000] {processor.py:161} INFO - Started process (PID=4800) to work on /home/airflow/.local/lib/python3.8/site-packages/airflow/example_dags/example_sensors.py
[2025-04-05T16:50:08.746+0000] {processor.py:830} INFO - Processing file /home/airflow/.local/lib/python3.8/site-packages/airflow/example_dags/example_sensors.py for tasks to queue
[2025-04-05T16:50:08.747+0000] {logging_mixin.py:188} INFO - [2025-04-05T16:50:08.747+0000] {dagbag.py:538} INFO - Filling up the DagBag from /home/airflow/.local/lib/python3.8/site-packages/airflow/example_dags/example_sensors.py
[2025-04-05T16:50:08.756+0000] {processor.py:840} INFO - DAG(s) 'example_sensors' retrieved from /home/airflow/.local/lib/python3.8/site-packages/airflow/example_dags/example_sensors.py
[2025-04-05T16:50:08.781+0000] {logging_mixin.py:188} INFO - [2025-04-05T16:50:08.781+0000] {dag.py:3036} INFO - Sync 1 DAGs
[2025-04-05T16:50:08.794+0000] {logging_mixin.py:188} INFO - [2025-04-05T16:50:08.794+0000] {dag.py:3823} INFO - Setting next_dagrun for example_sensors to None, run_after=None
[2025-04-05T16:50:08.818+0000] {processor.py:183} INFO - Processing /home/airflow/.local/lib/python3.8/site-packages/airflow/example_dags/example_sensors.py took 0.076 seconds
[2025-04-05T16:50:38.881+0000] {processor.py:161} INFO - Started process (PID=5047) to work on /home/airflow/.local/lib/python3.8/site-packages/airflow/example_dags/example_sensors.py
[2025-04-05T16:50:38.882+0000] {processor.py:830} INFO - Processing file /home/airflow/.local/lib/python3.8/site-packages/airflow/example_dags/example_sensors.py for tasks to queue
[2025-04-05T16:50:38.883+0000] {logging_mixin.py:188} INFO - [2025-04-05T16:50:38.883+0000] {dagbag.py:538} INFO - Filling up the DagBag from /home/airflow/.local/lib/python3.8/site-packages/airflow/example_dags/example_sensors.py
[2025-04-05T16:50:38.892+0000] {processor.py:840} INFO - DAG(s) 'example_sensors' retrieved from /home/airflow/.local/lib/python3.8/site-packages/airflow/example_dags/example_sensors.py
[2025-04-05T16:50:38.914+0000] {logging_mixin.py:188} INFO - [2025-04-05T16:50:38.914+0000] {dag.py:3036} INFO - Sync 1 DAGs
[2025-04-05T16:50:38.925+0000] {logging_mixin.py:188} INFO - [2025-04-05T16:50:38.924+0000] {dag.py:3823} INFO - Setting next_dagrun for example_sensors to None, run_after=None
[2025-04-05T16:50:38.945+0000] {processor.py:183} INFO - Processing /home/airflow/.local/lib/python3.8/site-packages/airflow/example_dags/example_sensors.py took 0.067 seconds
[2025-04-05T16:51:09.083+0000] {processor.py:161} INFO - Started process (PID=5304) to work on /home/airflow/.local/lib/python3.8/site-packages/airflow/example_dags/example_sensors.py
[2025-04-05T16:51:09.084+0000] {processor.py:830} INFO - Processing file /home/airflow/.local/lib/python3.8/site-packages/airflow/example_dags/example_sensors.py for tasks to queue
[2025-04-05T16:51:09.085+0000] {logging_mixin.py:188} INFO - [2025-04-05T16:51:09.085+0000] {dagbag.py:538} INFO - Filling up the DagBag from /home/airflow/.local/lib/python3.8/site-packages/airflow/example_dags/example_sensors.py
[2025-04-05T16:51:09.094+0000] {processor.py:840} INFO - DAG(s) 'example_sensors' retrieved from /home/airflow/.local/lib/python3.8/site-packages/airflow/example_dags/example_sensors.py
[2025-04-05T16:51:09.118+0000] {logging_mixin.py:188} INFO - [2025-04-05T16:51:09.118+0000] {dag.py:3036} INFO - Sync 1 DAGs
[2025-04-05T16:51:09.130+0000] {logging_mixin.py:188} INFO - [2025-04-05T16:51:09.129+0000] {dag.py:3823} INFO - Setting next_dagrun for example_sensors to None, run_after=None
[2025-04-05T16:51:09.151+0000] {processor.py:183} INFO - Processing /home/airflow/.local/lib/python3.8/site-packages/airflow/example_dags/example_sensors.py took 0.071 seconds
[2025-04-05T16:51:39.513+0000] {processor.py:161} INFO - Started process (PID=5556) to work on /home/airflow/.local/lib/python3.8/site-packages/airflow/example_dags/example_sensors.py
[2025-04-05T16:51:39.514+0000] {processor.py:830} INFO - Processing file /home/airflow/.local/lib/python3.8/site-packages/airflow/example_dags/example_sensors.py for tasks to queue
[2025-04-05T16:51:39.515+0000] {logging_mixin.py:188} INFO - [2025-04-05T16:51:39.515+0000] {dagbag.py:538} INFO - Filling up the DagBag from /home/airflow/.local/lib/python3.8/site-packages/airflow/example_dags/example_sensors.py
[2025-04-05T16:51:39.524+0000] {processor.py:840} INFO - DAG(s) 'example_sensors' retrieved from /home/airflow/.local/lib/python3.8/site-packages/airflow/example_dags/example_sensors.py
[2025-04-05T16:51:39.548+0000] {logging_mixin.py:188} INFO - [2025-04-05T16:51:39.548+0000] {dag.py:3036} INFO - Sync 1 DAGs
[2025-04-05T16:51:39.559+0000] {logging_mixin.py:188} INFO - [2025-04-05T16:51:39.559+0000] {dag.py:3823} INFO - Setting next_dagrun for example_sensors to None, run_after=None
[2025-04-05T16:51:39.580+0000] {processor.py:183} INFO - Processing /home/airflow/.local/lib/python3.8/site-packages/airflow/example_dags/example_sensors.py took 0.070 seconds
[2025-04-05T16:52:09.867+0000] {processor.py:161} INFO - Started process (PID=5808) to work on /home/airflow/.local/lib/python3.8/site-packages/airflow/example_dags/example_sensors.py
[2025-04-05T16:52:09.868+0000] {processor.py:830} INFO - Processing file /home/airflow/.local/lib/python3.8/site-packages/airflow/example_dags/example_sensors.py for tasks to queue
[2025-04-05T16:52:09.869+0000] {logging_mixin.py:188} INFO - [2025-04-05T16:52:09.869+0000] {dagbag.py:538} INFO - Filling up the DagBag from /home/airflow/.local/lib/python3.8/site-packages/airflow/example_dags/example_sensors.py
[2025-04-05T16:52:09.878+0000] {processor.py:840} INFO - DAG(s) 'example_sensors' retrieved from /home/airflow/.local/lib/python3.8/site-packages/airflow/example_dags/example_sensors.py
[2025-04-05T16:52:09.901+0000] {logging_mixin.py:188} INFO - [2025-04-05T16:52:09.901+0000] {dag.py:3036} INFO - Sync 1 DAGs
[2025-04-05T16:52:09.914+0000] {logging_mixin.py:188} INFO - [2025-04-05T16:52:09.914+0000] {dag.py:3823} INFO - Setting next_dagrun for example_sensors to None, run_after=None
[2025-04-05T16:52:09.936+0000] {processor.py:183} INFO - Processing /home/airflow/.local/lib/python3.8/site-packages/airflow/example_dags/example_sensors.py took 0.072 seconds
[2025-04-05T16:52:40.170+0000] {processor.py:161} INFO - Started process (PID=6060) to work on /home/airflow/.local/lib/python3.8/site-packages/airflow/example_dags/example_sensors.py
[2025-04-05T16:52:40.171+0000] {processor.py:830} INFO - Processing file /home/airflow/.local/lib/python3.8/site-packages/airflow/example_dags/example_sensors.py for tasks to queue
[2025-04-05T16:52:40.172+0000] {logging_mixin.py:188} INFO - [2025-04-05T16:52:40.171+0000] {dagbag.py:538} INFO - Filling up the DagBag from /home/airflow/.local/lib/python3.8/site-packages/airflow/example_dags/example_sensors.py
[2025-04-05T16:52:40.181+0000] {processor.py:840} INFO - DAG(s) 'example_sensors' retrieved from /home/airflow/.local/lib/python3.8/site-packages/airflow/example_dags/example_sensors.py
[2025-04-05T16:52:40.205+0000] {logging_mixin.py:188} INFO - [2025-04-05T16:52:40.204+0000] {dag.py:3036} INFO - Sync 1 DAGs
[2025-04-05T16:52:40.216+0000] {logging_mixin.py:188} INFO - [2025-04-05T16:52:40.216+0000] {dag.py:3823} INFO - Setting next_dagrun for example_sensors to None, run_after=None
[2025-04-05T16:52:40.244+0000] {processor.py:183} INFO - Processing /home/airflow/.local/lib/python3.8/site-packages/airflow/example_dags/example_sensors.py took 0.077 seconds
[2025-04-05T16:53:10.350+0000] {processor.py:161} INFO - Started process (PID=6313) to work on /home/airflow/.local/lib/python3.8/site-packages/airflow/example_dags/example_sensors.py
[2025-04-05T16:53:10.351+0000] {processor.py:830} INFO - Processing file /home/airflow/.local/lib/python3.8/site-packages/airflow/example_dags/example_sensors.py for tasks to queue
[2025-04-05T16:53:10.351+0000] {logging_mixin.py:188} INFO - [2025-04-05T16:53:10.351+0000] {dagbag.py:538} INFO - Filling up the DagBag from /home/airflow/.local/lib/python3.8/site-packages/airflow/example_dags/example_sensors.py
[2025-04-05T16:53:10.360+0000] {processor.py:840} INFO - DAG(s) 'example_sensors' retrieved from /home/airflow/.local/lib/python3.8/site-packages/airflow/example_dags/example_sensors.py
[2025-04-05T16:53:10.383+0000] {logging_mixin.py:188} INFO - [2025-04-05T16:53:10.383+0000] {dag.py:3036} INFO - Sync 1 DAGs
[2025-04-05T16:53:10.395+0000] {logging_mixin.py:188} INFO - [2025-04-05T16:53:10.394+0000] {dag.py:3823} INFO - Setting next_dagrun for example_sensors to None, run_after=None
[2025-04-05T16:53:10.425+0000] {processor.py:183} INFO - Processing /home/airflow/.local/lib/python3.8/site-packages/airflow/example_dags/example_sensors.py took 0.078 seconds
[2025-04-05T16:53:40.688+0000] {processor.py:161} INFO - Started process (PID=6565) to work on /home/airflow/.local/lib/python3.8/site-packages/airflow/example_dags/example_sensors.py
[2025-04-05T16:53:40.690+0000] {processor.py:830} INFO - Processing file /home/airflow/.local/lib/python3.8/site-packages/airflow/example_dags/example_sensors.py for tasks to queue
[2025-04-05T16:53:40.691+0000] {logging_mixin.py:188} INFO - [2025-04-05T16:53:40.690+0000] {dagbag.py:538} INFO - Filling up the DagBag from /home/airflow/.local/lib/python3.8/site-packages/airflow/example_dags/example_sensors.py
[2025-04-05T16:53:40.699+0000] {processor.py:840} INFO - DAG(s) 'example_sensors' retrieved from /home/airflow/.local/lib/python3.8/site-packages/airflow/example_dags/example_sensors.py
[2025-04-05T16:53:40.722+0000] {logging_mixin.py:188} INFO - [2025-04-05T16:53:40.722+0000] {dag.py:3036} INFO - Sync 1 DAGs
[2025-04-05T16:53:40.733+0000] {logging_mixin.py:188} INFO - [2025-04-05T16:53:40.733+0000] {dag.py:3823} INFO - Setting next_dagrun for example_sensors to None, run_after=None
[2025-04-05T16:53:40.764+0000] {processor.py:183} INFO - Processing /home/airflow/.local/lib/python3.8/site-packages/airflow/example_dags/example_sensors.py took 0.078 seconds
[2025-04-05T16:54:10.854+0000] {processor.py:161} INFO - Started process (PID=6817) to work on /home/airflow/.local/lib/python3.8/site-packages/airflow/example_dags/example_sensors.py
[2025-04-05T16:54:10.855+0000] {processor.py:830} INFO - Processing file /home/airflow/.local/lib/python3.8/site-packages/airflow/example_dags/example_sensors.py for tasks to queue
[2025-04-05T16:54:10.856+0000] {logging_mixin.py:188} INFO - [2025-04-05T16:54:10.856+0000] {dagbag.py:538} INFO - Filling up the DagBag from /home/airflow/.local/lib/python3.8/site-packages/airflow/example_dags/example_sensors.py
[2025-04-05T16:54:10.864+0000] {processor.py:840} INFO - DAG(s) 'example_sensors' retrieved from /home/airflow/.local/lib/python3.8/site-packages/airflow/example_dags/example_sensors.py
[2025-04-05T16:54:10.889+0000] {logging_mixin.py:188} INFO - [2025-04-05T16:54:10.888+0000] {dag.py:3036} INFO - Sync 1 DAGs
[2025-04-05T16:54:10.899+0000] {logging_mixin.py:188} INFO - [2025-04-05T16:54:10.899+0000] {dag.py:3823} INFO - Setting next_dagrun for example_sensors to None, run_after=None
[2025-04-05T16:54:10.919+0000] {processor.py:183} INFO - Processing /home/airflow/.local/lib/python3.8/site-packages/airflow/example_dags/example_sensors.py took 0.068 seconds
[2025-04-05T16:54:41.184+0000] {processor.py:161} INFO - Started process (PID=7069) to work on /home/airflow/.local/lib/python3.8/site-packages/airflow/example_dags/example_sensors.py
[2025-04-05T16:54:41.186+0000] {processor.py:830} INFO - Processing file /home/airflow/.local/lib/python3.8/site-packages/airflow/example_dags/example_sensors.py for tasks to queue
[2025-04-05T16:54:41.187+0000] {logging_mixin.py:188} INFO - [2025-04-05T16:54:41.186+0000] {dagbag.py:538} INFO - Filling up the DagBag from /home/airflow/.local/lib/python3.8/site-packages/airflow/example_dags/example_sensors.py
[2025-04-05T16:54:41.196+0000] {processor.py:840} INFO - DAG(s) 'example_sensors' retrieved from /home/airflow/.local/lib/python3.8/site-packages/airflow/example_dags/example_sensors.py
[2025-04-05T16:54:41.219+0000] {logging_mixin.py:188} INFO - [2025-04-05T16:54:41.219+0000] {dag.py:3036} INFO - Sync 1 DAGs
[2025-04-05T16:54:41.231+0000] {logging_mixin.py:188} INFO - [2025-04-05T16:54:41.230+0000] {dag.py:3823} INFO - Setting next_dagrun for example_sensors to None, run_after=None
[2025-04-05T16:54:41.252+0000] {processor.py:183} INFO - Processing /home/airflow/.local/lib/python3.8/site-packages/airflow/example_dags/example_sensors.py took 0.071 seconds
[2025-04-05T16:55:11.336+0000] {processor.py:161} INFO - Started process (PID=7321) to work on /home/airflow/.local/lib/python3.8/site-packages/airflow/example_dags/example_sensors.py
[2025-04-05T16:55:11.337+0000] {processor.py:830} INFO - Processing file /home/airflow/.local/lib/python3.8/site-packages/airflow/example_dags/example_sensors.py for tasks to queue
[2025-04-05T16:55:11.338+0000] {logging_mixin.py:188} INFO - [2025-04-05T16:55:11.338+0000] {dagbag.py:538} INFO - Filling up the DagBag from /home/airflow/.local/lib/python3.8/site-packages/airflow/example_dags/example_sensors.py
[2025-04-05T16:55:11.347+0000] {processor.py:840} INFO - DAG(s) 'example_sensors' retrieved from /home/airflow/.local/lib/python3.8/site-packages/airflow/example_dags/example_sensors.py
[2025-04-05T16:55:11.370+0000] {logging_mixin.py:188} INFO - [2025-04-05T16:55:11.370+0000] {dag.py:3036} INFO - Sync 1 DAGs
[2025-04-05T16:55:11.382+0000] {logging_mixin.py:188} INFO - [2025-04-05T16:55:11.381+0000] {dag.py:3823} INFO - Setting next_dagrun for example_sensors to None, run_after=None
[2025-04-05T16:55:11.404+0000] {processor.py:183} INFO - Processing /home/airflow/.local/lib/python3.8/site-packages/airflow/example_dags/example_sensors.py took 0.071 seconds
[2025-04-05T16:55:41.747+0000] {processor.py:161} INFO - Started process (PID=7573) to work on /home/airflow/.local/lib/python3.8/site-packages/airflow/example_dags/example_sensors.py
[2025-04-05T16:55:41.748+0000] {processor.py:830} INFO - Processing file /home/airflow/.local/lib/python3.8/site-packages/airflow/example_dags/example_sensors.py for tasks to queue
[2025-04-05T16:55:41.750+0000] {logging_mixin.py:188} INFO - [2025-04-05T16:55:41.749+0000] {dagbag.py:538} INFO - Filling up the DagBag from /home/airflow/.local/lib/python3.8/site-packages/airflow/example_dags/example_sensors.py
[2025-04-05T16:55:41.763+0000] {processor.py:840} INFO - DAG(s) 'example_sensors' retrieved from /home/airflow/.local/lib/python3.8/site-packages/airflow/example_dags/example_sensors.py
[2025-04-05T16:55:41.804+0000] {logging_mixin.py:188} INFO - [2025-04-05T16:55:41.804+0000] {dag.py:3036} INFO - Sync 1 DAGs
[2025-04-05T16:55:41.830+0000] {logging_mixin.py:188} INFO - [2025-04-05T16:55:41.829+0000] {dag.py:3823} INFO - Setting next_dagrun for example_sensors to None, run_after=None
[2025-04-05T16:55:41.868+0000] {processor.py:183} INFO - Processing /home/airflow/.local/lib/python3.8/site-packages/airflow/example_dags/example_sensors.py took 0.126 seconds
[2025-04-05T16:56:12.131+0000] {processor.py:161} INFO - Started process (PID=7825) to work on /home/airflow/.local/lib/python3.8/site-packages/airflow/example_dags/example_sensors.py
[2025-04-05T16:56:12.132+0000] {processor.py:830} INFO - Processing file /home/airflow/.local/lib/python3.8/site-packages/airflow/example_dags/example_sensors.py for tasks to queue
[2025-04-05T16:56:12.133+0000] {logging_mixin.py:188} INFO - [2025-04-05T16:56:12.133+0000] {dagbag.py:538} INFO - Filling up the DagBag from /home/airflow/.local/lib/python3.8/site-packages/airflow/example_dags/example_sensors.py
[2025-04-05T16:56:12.142+0000] {processor.py:840} INFO - DAG(s) 'example_sensors' retrieved from /home/airflow/.local/lib/python3.8/site-packages/airflow/example_dags/example_sensors.py
[2025-04-05T16:56:12.172+0000] {logging_mixin.py:188} INFO - [2025-04-05T16:56:12.172+0000] {dag.py:3036} INFO - Sync 1 DAGs
[2025-04-05T16:56:12.190+0000] {logging_mixin.py:188} INFO - [2025-04-05T16:56:12.190+0000] {dag.py:3823} INFO - Setting next_dagrun for example_sensors to None, run_after=None
[2025-04-05T16:56:12.211+0000] {processor.py:183} INFO - Processing /home/airflow/.local/lib/python3.8/site-packages/airflow/example_dags/example_sensors.py took 0.082 seconds
[2025-04-05T16:56:42.357+0000] {processor.py:161} INFO - Started process (PID=8077) to work on /home/airflow/.local/lib/python3.8/site-packages/airflow/example_dags/example_sensors.py
[2025-04-05T16:56:42.358+0000] {processor.py:830} INFO - Processing file /home/airflow/.local/lib/python3.8/site-packages/airflow/example_dags/example_sensors.py for tasks to queue
[2025-04-05T16:56:42.360+0000] {logging_mixin.py:188} INFO - [2025-04-05T16:56:42.359+0000] {dagbag.py:538} INFO - Filling up the DagBag from /home/airflow/.local/lib/python3.8/site-packages/airflow/example_dags/example_sensors.py
[2025-04-05T16:56:42.370+0000] {processor.py:840} INFO - DAG(s) 'example_sensors' retrieved from /home/airflow/.local/lib/python3.8/site-packages/airflow/example_dags/example_sensors.py
[2025-04-05T16:56:42.397+0000] {logging_mixin.py:188} INFO - [2025-04-05T16:56:42.397+0000] {dag.py:3036} INFO - Sync 1 DAGs
[2025-04-05T16:56:42.413+0000] {logging_mixin.py:188} INFO - [2025-04-05T16:56:42.413+0000] {dag.py:3823} INFO - Setting next_dagrun for example_sensors to None, run_after=None
[2025-04-05T16:56:42.439+0000] {processor.py:183} INFO - Processing /home/airflow/.local/lib/python3.8/site-packages/airflow/example_dags/example_sensors.py took 0.086 seconds
