[2025-04-05T14:18:16.951+0000] {processor.py:161} INFO - Started process (PID=389) to work on /home/airflow/.local/lib/python3.8/site-packages/airflow/example_dags/example_latest_only.py
[2025-04-05T14:18:16.953+0000] {processor.py:830} INFO - Processing file /home/airflow/.local/lib/python3.8/site-packages/airflow/example_dags/example_latest_only.py for tasks to queue
[2025-04-05T14:18:16.954+0000] {logging_mixin.py:188} INFO - [2025-04-05T14:18:16.954+0000] {dagbag.py:538} INFO - Filling up the DagBag from /home/airflow/.local/lib/python3.8/site-packages/airflow/example_dags/example_latest_only.py
[2025-04-05T14:18:16.963+0000] {processor.py:840} INFO - DAG(s) 'latest_only' retrieved from /home/airflow/.local/lib/python3.8/site-packages/airflow/example_dags/example_latest_only.py
[2025-04-05T14:18:16.978+0000] {logging_mixin.py:188} INFO - [2025-04-05T14:18:16.978+0000] {dag.py:3036} INFO - Sync 1 DAGs
[2025-04-05T14:18:17.008+0000] {logging_mixin.py:188} INFO - [2025-04-05T14:18:17.008+0000] {dag.py:3823} INFO - Setting next_dagrun for latest_only to 2025-04-05 08:00:00+00:00, run_after=2025-04-05 12:00:00+00:00
[2025-04-05T14:18:17.036+0000] {processor.py:183} INFO - Processing /home/airflow/.local/lib/python3.8/site-packages/airflow/example_dags/example_latest_only.py took 0.089 seconds
[2025-04-05T14:18:49.575+0000] {processor.py:161} INFO - Started process (PID=636) to work on /home/airflow/.local/lib/python3.8/site-packages/airflow/example_dags/example_latest_only.py
[2025-04-05T14:18:49.577+0000] {processor.py:830} INFO - Processing file /home/airflow/.local/lib/python3.8/site-packages/airflow/example_dags/example_latest_only.py for tasks to queue
[2025-04-05T14:18:49.578+0000] {logging_mixin.py:188} INFO - [2025-04-05T14:18:49.578+0000] {dagbag.py:538} INFO - Filling up the DagBag from /home/airflow/.local/lib/python3.8/site-packages/airflow/example_dags/example_latest_only.py
[2025-04-05T14:18:49.585+0000] {processor.py:840} INFO - DAG(s) 'latest_only' retrieved from /home/airflow/.local/lib/python3.8/site-packages/airflow/example_dags/example_latest_only.py
[2025-04-05T14:18:49.722+0000] {logging_mixin.py:188} INFO - [2025-04-05T14:18:49.722+0000] {dag.py:3036} INFO - Sync 1 DAGs
[2025-04-05T14:18:49.747+0000] {logging_mixin.py:188} INFO - [2025-04-05T14:18:49.747+0000] {dag.py:3823} INFO - Setting next_dagrun for latest_only to 2025-04-05 08:00:00+00:00, run_after=2025-04-05 12:00:00+00:00
[2025-04-05T14:18:49.776+0000] {processor.py:183} INFO - Processing /home/airflow/.local/lib/python3.8/site-packages/airflow/example_dags/example_latest_only.py took 0.206 seconds
[2025-04-05T14:19:19.810+0000] {processor.py:161} INFO - Started process (PID=883) to work on /home/airflow/.local/lib/python3.8/site-packages/airflow/example_dags/example_latest_only.py
[2025-04-05T14:19:19.811+0000] {processor.py:830} INFO - Processing file /home/airflow/.local/lib/python3.8/site-packages/airflow/example_dags/example_latest_only.py for tasks to queue
[2025-04-05T14:19:19.812+0000] {logging_mixin.py:188} INFO - [2025-04-05T14:19:19.812+0000] {dagbag.py:538} INFO - Filling up the DagBag from /home/airflow/.local/lib/python3.8/site-packages/airflow/example_dags/example_latest_only.py
[2025-04-05T14:19:19.817+0000] {processor.py:840} INFO - DAG(s) 'latest_only' retrieved from /home/airflow/.local/lib/python3.8/site-packages/airflow/example_dags/example_latest_only.py
[2025-04-05T14:19:19.838+0000] {logging_mixin.py:188} INFO - [2025-04-05T14:19:19.837+0000] {dag.py:3036} INFO - Sync 1 DAGs
[2025-04-05T14:19:19.861+0000] {logging_mixin.py:188} INFO - [2025-04-05T14:19:19.861+0000] {dag.py:3823} INFO - Setting next_dagrun for latest_only to 2025-04-05 08:00:00+00:00, run_after=2025-04-05 12:00:00+00:00
[2025-04-05T14:19:19.891+0000] {processor.py:183} INFO - Processing /home/airflow/.local/lib/python3.8/site-packages/airflow/example_dags/example_latest_only.py took 0.083 seconds
[2025-04-05T14:19:50.143+0000] {processor.py:161} INFO - Started process (PID=1130) to work on /home/airflow/.local/lib/python3.8/site-packages/airflow/example_dags/example_latest_only.py
[2025-04-05T14:19:50.145+0000] {processor.py:830} INFO - Processing file /home/airflow/.local/lib/python3.8/site-packages/airflow/example_dags/example_latest_only.py for tasks to queue
[2025-04-05T14:19:50.146+0000] {logging_mixin.py:188} INFO - [2025-04-05T14:19:50.146+0000] {dagbag.py:538} INFO - Filling up the DagBag from /home/airflow/.local/lib/python3.8/site-packages/airflow/example_dags/example_latest_only.py
[2025-04-05T14:19:50.152+0000] {processor.py:840} INFO - DAG(s) 'latest_only' retrieved from /home/airflow/.local/lib/python3.8/site-packages/airflow/example_dags/example_latest_only.py
[2025-04-05T14:19:50.178+0000] {logging_mixin.py:188} INFO - [2025-04-05T14:19:50.178+0000] {dag.py:3036} INFO - Sync 1 DAGs
[2025-04-05T14:19:50.205+0000] {logging_mixin.py:188} INFO - [2025-04-05T14:19:50.205+0000] {dag.py:3823} INFO - Setting next_dagrun for latest_only to 2025-04-05 08:00:00+00:00, run_after=2025-04-05 12:00:00+00:00
[2025-04-05T14:19:50.235+0000] {processor.py:183} INFO - Processing /home/airflow/.local/lib/python3.8/site-packages/airflow/example_dags/example_latest_only.py took 0.095 seconds
[2025-04-05T14:20:20.570+0000] {processor.py:161} INFO - Started process (PID=1377) to work on /home/airflow/.local/lib/python3.8/site-packages/airflow/example_dags/example_latest_only.py
[2025-04-05T14:20:20.571+0000] {processor.py:830} INFO - Processing file /home/airflow/.local/lib/python3.8/site-packages/airflow/example_dags/example_latest_only.py for tasks to queue
[2025-04-05T14:20:20.572+0000] {logging_mixin.py:188} INFO - [2025-04-05T14:20:20.572+0000] {dagbag.py:538} INFO - Filling up the DagBag from /home/airflow/.local/lib/python3.8/site-packages/airflow/example_dags/example_latest_only.py
[2025-04-05T14:20:20.578+0000] {processor.py:840} INFO - DAG(s) 'latest_only' retrieved from /home/airflow/.local/lib/python3.8/site-packages/airflow/example_dags/example_latest_only.py
[2025-04-05T14:20:20.598+0000] {logging_mixin.py:188} INFO - [2025-04-05T14:20:20.598+0000] {dag.py:3036} INFO - Sync 1 DAGs
[2025-04-05T14:20:20.618+0000] {logging_mixin.py:188} INFO - [2025-04-05T14:20:20.618+0000] {dag.py:3823} INFO - Setting next_dagrun for latest_only to 2025-04-05 08:00:00+00:00, run_after=2025-04-05 12:00:00+00:00
[2025-04-05T14:20:20.636+0000] {processor.py:183} INFO - Processing /home/airflow/.local/lib/python3.8/site-packages/airflow/example_dags/example_latest_only.py took 0.069 seconds
[2025-04-05T14:20:50.808+0000] {processor.py:161} INFO - Started process (PID=1624) to work on /home/airflow/.local/lib/python3.8/site-packages/airflow/example_dags/example_latest_only.py
[2025-04-05T14:20:50.809+0000] {processor.py:830} INFO - Processing file /home/airflow/.local/lib/python3.8/site-packages/airflow/example_dags/example_latest_only.py for tasks to queue
[2025-04-05T14:20:50.811+0000] {logging_mixin.py:188} INFO - [2025-04-05T14:20:50.810+0000] {dagbag.py:538} INFO - Filling up the DagBag from /home/airflow/.local/lib/python3.8/site-packages/airflow/example_dags/example_latest_only.py
[2025-04-05T14:20:50.818+0000] {processor.py:840} INFO - DAG(s) 'latest_only' retrieved from /home/airflow/.local/lib/python3.8/site-packages/airflow/example_dags/example_latest_only.py
[2025-04-05T14:20:50.850+0000] {logging_mixin.py:188} INFO - [2025-04-05T14:20:50.850+0000] {dag.py:3036} INFO - Sync 1 DAGs
[2025-04-05T14:20:50.881+0000] {logging_mixin.py:188} INFO - [2025-04-05T14:20:50.880+0000] {dag.py:3823} INFO - Setting next_dagrun for latest_only to 2025-04-05 08:00:00+00:00, run_after=2025-04-05 12:00:00+00:00
[2025-04-05T14:20:50.907+0000] {processor.py:183} INFO - Processing /home/airflow/.local/lib/python3.8/site-packages/airflow/example_dags/example_latest_only.py took 0.104 seconds
[2025-04-05T14:21:21.090+0000] {processor.py:161} INFO - Started process (PID=1871) to work on /home/airflow/.local/lib/python3.8/site-packages/airflow/example_dags/example_latest_only.py
[2025-04-05T14:21:21.091+0000] {processor.py:830} INFO - Processing file /home/airflow/.local/lib/python3.8/site-packages/airflow/example_dags/example_latest_only.py for tasks to queue
[2025-04-05T14:21:21.092+0000] {logging_mixin.py:188} INFO - [2025-04-05T14:21:21.092+0000] {dagbag.py:538} INFO - Filling up the DagBag from /home/airflow/.local/lib/python3.8/site-packages/airflow/example_dags/example_latest_only.py
[2025-04-05T14:21:21.098+0000] {processor.py:840} INFO - DAG(s) 'latest_only' retrieved from /home/airflow/.local/lib/python3.8/site-packages/airflow/example_dags/example_latest_only.py
[2025-04-05T14:21:21.118+0000] {logging_mixin.py:188} INFO - [2025-04-05T14:21:21.117+0000] {dag.py:3036} INFO - Sync 1 DAGs
[2025-04-05T14:21:21.141+0000] {logging_mixin.py:188} INFO - [2025-04-05T14:21:21.141+0000] {dag.py:3823} INFO - Setting next_dagrun for latest_only to 2025-04-05 08:00:00+00:00, run_after=2025-04-05 12:00:00+00:00
[2025-04-05T14:21:21.163+0000] {processor.py:183} INFO - Processing /home/airflow/.local/lib/python3.8/site-packages/airflow/example_dags/example_latest_only.py took 0.076 seconds
[2025-04-05T14:21:51.294+0000] {processor.py:161} INFO - Started process (PID=2119) to work on /home/airflow/.local/lib/python3.8/site-packages/airflow/example_dags/example_latest_only.py
[2025-04-05T14:21:51.296+0000] {processor.py:830} INFO - Processing file /home/airflow/.local/lib/python3.8/site-packages/airflow/example_dags/example_latest_only.py for tasks to queue
[2025-04-05T14:21:51.297+0000] {logging_mixin.py:188} INFO - [2025-04-05T14:21:51.297+0000] {dagbag.py:538} INFO - Filling up the DagBag from /home/airflow/.local/lib/python3.8/site-packages/airflow/example_dags/example_latest_only.py
[2025-04-05T14:21:51.304+0000] {processor.py:840} INFO - DAG(s) 'latest_only' retrieved from /home/airflow/.local/lib/python3.8/site-packages/airflow/example_dags/example_latest_only.py
[2025-04-05T14:21:51.327+0000] {logging_mixin.py:188} INFO - [2025-04-05T14:21:51.327+0000] {dag.py:3036} INFO - Sync 1 DAGs
[2025-04-05T14:21:51.353+0000] {logging_mixin.py:188} INFO - [2025-04-05T14:21:51.353+0000] {dag.py:3823} INFO - Setting next_dagrun for latest_only to 2025-04-05 08:00:00+00:00, run_after=2025-04-05 12:00:00+00:00
[2025-04-05T14:21:51.372+0000] {processor.py:183} INFO - Processing /home/airflow/.local/lib/python3.8/site-packages/airflow/example_dags/example_latest_only.py took 0.082 seconds
[2025-04-05T14:22:22.704+0000] {processor.py:161} INFO - Started process (PID=2366) to work on /home/airflow/.local/lib/python3.8/site-packages/airflow/example_dags/example_latest_only.py
[2025-04-05T14:22:22.705+0000] {processor.py:830} INFO - Processing file /home/airflow/.local/lib/python3.8/site-packages/airflow/example_dags/example_latest_only.py for tasks to queue
[2025-04-05T14:22:22.707+0000] {logging_mixin.py:188} INFO - [2025-04-05T14:22:22.706+0000] {dagbag.py:538} INFO - Filling up the DagBag from /home/airflow/.local/lib/python3.8/site-packages/airflow/example_dags/example_latest_only.py
[2025-04-05T14:22:22.713+0000] {processor.py:840} INFO - DAG(s) 'latest_only' retrieved from /home/airflow/.local/lib/python3.8/site-packages/airflow/example_dags/example_latest_only.py
[2025-04-05T14:22:22.733+0000] {logging_mixin.py:188} INFO - [2025-04-05T14:22:22.733+0000] {dag.py:3036} INFO - Sync 1 DAGs
[2025-04-05T14:22:22.756+0000] {logging_mixin.py:188} INFO - [2025-04-05T14:22:22.755+0000] {dag.py:3823} INFO - Setting next_dagrun for latest_only to 2025-04-05 08:00:00+00:00, run_after=2025-04-05 12:00:00+00:00
[2025-04-05T14:22:22.778+0000] {processor.py:183} INFO - Processing /home/airflow/.local/lib/python3.8/site-packages/airflow/example_dags/example_latest_only.py took 0.077 seconds
[2025-04-05T14:22:52.867+0000] {processor.py:161} INFO - Started process (PID=2613) to work on /home/airflow/.local/lib/python3.8/site-packages/airflow/example_dags/example_latest_only.py
[2025-04-05T14:22:52.868+0000] {processor.py:830} INFO - Processing file /home/airflow/.local/lib/python3.8/site-packages/airflow/example_dags/example_latest_only.py for tasks to queue
[2025-04-05T14:22:52.870+0000] {logging_mixin.py:188} INFO - [2025-04-05T14:22:52.869+0000] {dagbag.py:538} INFO - Filling up the DagBag from /home/airflow/.local/lib/python3.8/site-packages/airflow/example_dags/example_latest_only.py
[2025-04-05T14:22:52.876+0000] {processor.py:840} INFO - DAG(s) 'latest_only' retrieved from /home/airflow/.local/lib/python3.8/site-packages/airflow/example_dags/example_latest_only.py
[2025-04-05T14:22:52.902+0000] {logging_mixin.py:188} INFO - [2025-04-05T14:22:52.902+0000] {dag.py:3036} INFO - Sync 1 DAGs
[2025-04-05T14:22:52.925+0000] {logging_mixin.py:188} INFO - [2025-04-05T14:22:52.925+0000] {dag.py:3823} INFO - Setting next_dagrun for latest_only to 2025-04-05 08:00:00+00:00, run_after=2025-04-05 12:00:00+00:00
[2025-04-05T14:22:52.945+0000] {processor.py:183} INFO - Processing /home/airflow/.local/lib/python3.8/site-packages/airflow/example_dags/example_latest_only.py took 0.082 seconds
[2025-04-05T14:23:23.124+0000] {processor.py:161} INFO - Started process (PID=2860) to work on /home/airflow/.local/lib/python3.8/site-packages/airflow/example_dags/example_latest_only.py
[2025-04-05T14:23:23.125+0000] {processor.py:830} INFO - Processing file /home/airflow/.local/lib/python3.8/site-packages/airflow/example_dags/example_latest_only.py for tasks to queue
[2025-04-05T14:23:23.126+0000] {logging_mixin.py:188} INFO - [2025-04-05T14:23:23.125+0000] {dagbag.py:538} INFO - Filling up the DagBag from /home/airflow/.local/lib/python3.8/site-packages/airflow/example_dags/example_latest_only.py
[2025-04-05T14:23:23.131+0000] {processor.py:840} INFO - DAG(s) 'latest_only' retrieved from /home/airflow/.local/lib/python3.8/site-packages/airflow/example_dags/example_latest_only.py
[2025-04-05T14:23:23.152+0000] {logging_mixin.py:188} INFO - [2025-04-05T14:23:23.151+0000] {dag.py:3036} INFO - Sync 1 DAGs
[2025-04-05T14:23:23.173+0000] {logging_mixin.py:188} INFO - [2025-04-05T14:23:23.173+0000] {dag.py:3823} INFO - Setting next_dagrun for latest_only to 2025-04-05 08:00:00+00:00, run_after=2025-04-05 12:00:00+00:00
[2025-04-05T14:23:23.194+0000] {processor.py:183} INFO - Processing /home/airflow/.local/lib/python3.8/site-packages/airflow/example_dags/example_latest_only.py took 0.073 seconds
[2025-04-05T14:23:53.318+0000] {processor.py:161} INFO - Started process (PID=3107) to work on /home/airflow/.local/lib/python3.8/site-packages/airflow/example_dags/example_latest_only.py
[2025-04-05T14:23:53.319+0000] {processor.py:830} INFO - Processing file /home/airflow/.local/lib/python3.8/site-packages/airflow/example_dags/example_latest_only.py for tasks to queue
[2025-04-05T14:23:53.320+0000] {logging_mixin.py:188} INFO - [2025-04-05T14:23:53.320+0000] {dagbag.py:538} INFO - Filling up the DagBag from /home/airflow/.local/lib/python3.8/site-packages/airflow/example_dags/example_latest_only.py
[2025-04-05T14:23:53.325+0000] {processor.py:840} INFO - DAG(s) 'latest_only' retrieved from /home/airflow/.local/lib/python3.8/site-packages/airflow/example_dags/example_latest_only.py
[2025-04-05T14:23:53.347+0000] {logging_mixin.py:188} INFO - [2025-04-05T14:23:53.347+0000] {dag.py:3036} INFO - Sync 1 DAGs
[2025-04-05T14:23:53.369+0000] {logging_mixin.py:188} INFO - [2025-04-05T14:23:53.368+0000] {dag.py:3823} INFO - Setting next_dagrun for latest_only to 2025-04-05 08:00:00+00:00, run_after=2025-04-05 12:00:00+00:00
[2025-04-05T14:23:53.388+0000] {processor.py:183} INFO - Processing /home/airflow/.local/lib/python3.8/site-packages/airflow/example_dags/example_latest_only.py took 0.073 seconds
[2025-04-05T14:24:24.360+0000] {processor.py:161} INFO - Started process (PID=3354) to work on /home/airflow/.local/lib/python3.8/site-packages/airflow/example_dags/example_latest_only.py
[2025-04-05T14:24:24.362+0000] {processor.py:830} INFO - Processing file /home/airflow/.local/lib/python3.8/site-packages/airflow/example_dags/example_latest_only.py for tasks to queue
[2025-04-05T14:24:24.364+0000] {logging_mixin.py:188} INFO - [2025-04-05T14:24:24.363+0000] {dagbag.py:538} INFO - Filling up the DagBag from /home/airflow/.local/lib/python3.8/site-packages/airflow/example_dags/example_latest_only.py
[2025-04-05T14:24:24.372+0000] {processor.py:840} INFO - DAG(s) 'latest_only' retrieved from /home/airflow/.local/lib/python3.8/site-packages/airflow/example_dags/example_latest_only.py
[2025-04-05T14:24:24.397+0000] {logging_mixin.py:188} INFO - [2025-04-05T14:24:24.397+0000] {dag.py:3036} INFO - Sync 1 DAGs
[2025-04-05T14:24:24.429+0000] {logging_mixin.py:188} INFO - [2025-04-05T14:24:24.428+0000] {dag.py:3823} INFO - Setting next_dagrun for latest_only to 2025-04-05 08:00:00+00:00, run_after=2025-04-05 12:00:00+00:00
[2025-04-05T14:24:24.451+0000] {processor.py:183} INFO - Processing /home/airflow/.local/lib/python3.8/site-packages/airflow/example_dags/example_latest_only.py took 0.096 seconds
[2025-04-05T14:24:54.505+0000] {processor.py:161} INFO - Started process (PID=3601) to work on /home/airflow/.local/lib/python3.8/site-packages/airflow/example_dags/example_latest_only.py
[2025-04-05T14:24:54.506+0000] {processor.py:830} INFO - Processing file /home/airflow/.local/lib/python3.8/site-packages/airflow/example_dags/example_latest_only.py for tasks to queue
[2025-04-05T14:24:54.507+0000] {logging_mixin.py:188} INFO - [2025-04-05T14:24:54.506+0000] {dagbag.py:538} INFO - Filling up the DagBag from /home/airflow/.local/lib/python3.8/site-packages/airflow/example_dags/example_latest_only.py
[2025-04-05T14:24:54.512+0000] {processor.py:840} INFO - DAG(s) 'latest_only' retrieved from /home/airflow/.local/lib/python3.8/site-packages/airflow/example_dags/example_latest_only.py
[2025-04-05T14:24:54.530+0000] {logging_mixin.py:188} INFO - [2025-04-05T14:24:54.530+0000] {dag.py:3036} INFO - Sync 1 DAGs
[2025-04-05T14:24:54.555+0000] {logging_mixin.py:188} INFO - [2025-04-05T14:24:54.554+0000] {dag.py:3823} INFO - Setting next_dagrun for latest_only to 2025-04-05 08:00:00+00:00, run_after=2025-04-05 12:00:00+00:00
[2025-04-05T14:24:54.580+0000] {processor.py:183} INFO - Processing /home/airflow/.local/lib/python3.8/site-packages/airflow/example_dags/example_latest_only.py took 0.078 seconds
[2025-04-05T14:25:24.940+0000] {processor.py:161} INFO - Started process (PID=3848) to work on /home/airflow/.local/lib/python3.8/site-packages/airflow/example_dags/example_latest_only.py
[2025-04-05T14:25:24.942+0000] {processor.py:830} INFO - Processing file /home/airflow/.local/lib/python3.8/site-packages/airflow/example_dags/example_latest_only.py for tasks to queue
[2025-04-05T14:25:24.944+0000] {logging_mixin.py:188} INFO - [2025-04-05T14:25:24.943+0000] {dagbag.py:538} INFO - Filling up the DagBag from /home/airflow/.local/lib/python3.8/site-packages/airflow/example_dags/example_latest_only.py
[2025-04-05T14:25:24.950+0000] {processor.py:840} INFO - DAG(s) 'latest_only' retrieved from /home/airflow/.local/lib/python3.8/site-packages/airflow/example_dags/example_latest_only.py
[2025-04-05T14:25:24.976+0000] {logging_mixin.py:188} INFO - [2025-04-05T14:25:24.976+0000] {dag.py:3036} INFO - Sync 1 DAGs
[2025-04-05T14:25:24.999+0000] {logging_mixin.py:188} INFO - [2025-04-05T14:25:24.999+0000] {dag.py:3823} INFO - Setting next_dagrun for latest_only to 2025-04-05 08:00:00+00:00, run_after=2025-04-05 12:00:00+00:00
[2025-04-05T14:25:25.020+0000] {processor.py:183} INFO - Processing /home/airflow/.local/lib/python3.8/site-packages/airflow/example_dags/example_latest_only.py took 0.084 seconds
[2025-04-05T14:25:56.009+0000] {processor.py:161} INFO - Started process (PID=4095) to work on /home/airflow/.local/lib/python3.8/site-packages/airflow/example_dags/example_latest_only.py
[2025-04-05T14:25:56.010+0000] {processor.py:830} INFO - Processing file /home/airflow/.local/lib/python3.8/site-packages/airflow/example_dags/example_latest_only.py for tasks to queue
[2025-04-05T14:25:56.011+0000] {logging_mixin.py:188} INFO - [2025-04-05T14:25:56.011+0000] {dagbag.py:538} INFO - Filling up the DagBag from /home/airflow/.local/lib/python3.8/site-packages/airflow/example_dags/example_latest_only.py
[2025-04-05T14:25:56.016+0000] {processor.py:840} INFO - DAG(s) 'latest_only' retrieved from /home/airflow/.local/lib/python3.8/site-packages/airflow/example_dags/example_latest_only.py
[2025-04-05T14:25:56.037+0000] {logging_mixin.py:188} INFO - [2025-04-05T14:25:56.036+0000] {dag.py:3036} INFO - Sync 1 DAGs
[2025-04-05T14:25:56.058+0000] {logging_mixin.py:188} INFO - [2025-04-05T14:25:56.057+0000] {dag.py:3823} INFO - Setting next_dagrun for latest_only to 2025-04-05 08:00:00+00:00, run_after=2025-04-05 12:00:00+00:00
[2025-04-05T14:25:56.078+0000] {processor.py:183} INFO - Processing /home/airflow/.local/lib/python3.8/site-packages/airflow/example_dags/example_latest_only.py took 0.072 seconds
[2025-04-05T14:26:26.774+0000] {processor.py:161} INFO - Started process (PID=4342) to work on /home/airflow/.local/lib/python3.8/site-packages/airflow/example_dags/example_latest_only.py
[2025-04-05T14:26:26.775+0000] {processor.py:830} INFO - Processing file /home/airflow/.local/lib/python3.8/site-packages/airflow/example_dags/example_latest_only.py for tasks to queue
[2025-04-05T14:26:26.777+0000] {logging_mixin.py:188} INFO - [2025-04-05T14:26:26.776+0000] {dagbag.py:538} INFO - Filling up the DagBag from /home/airflow/.local/lib/python3.8/site-packages/airflow/example_dags/example_latest_only.py
[2025-04-05T14:26:26.782+0000] {processor.py:840} INFO - DAG(s) 'latest_only' retrieved from /home/airflow/.local/lib/python3.8/site-packages/airflow/example_dags/example_latest_only.py
[2025-04-05T14:26:26.803+0000] {logging_mixin.py:188} INFO - [2025-04-05T14:26:26.802+0000] {dag.py:3036} INFO - Sync 1 DAGs
[2025-04-05T14:26:26.826+0000] {logging_mixin.py:188} INFO - [2025-04-05T14:26:26.826+0000] {dag.py:3823} INFO - Setting next_dagrun for latest_only to 2025-04-05 08:00:00+00:00, run_after=2025-04-05 12:00:00+00:00
[2025-04-05T14:26:26.846+0000] {processor.py:183} INFO - Processing /home/airflow/.local/lib/python3.8/site-packages/airflow/example_dags/example_latest_only.py took 0.076 seconds
[2025-04-05T14:28:37.242+0000] {processor.py:161} INFO - Started process (PID=383) to work on /home/airflow/.local/lib/python3.8/site-packages/airflow/example_dags/example_latest_only.py
[2025-04-05T14:28:37.243+0000] {processor.py:830} INFO - Processing file /home/airflow/.local/lib/python3.8/site-packages/airflow/example_dags/example_latest_only.py for tasks to queue
[2025-04-05T14:28:37.245+0000] {logging_mixin.py:188} INFO - [2025-04-05T14:28:37.244+0000] {dagbag.py:538} INFO - Filling up the DagBag from /home/airflow/.local/lib/python3.8/site-packages/airflow/example_dags/example_latest_only.py
[2025-04-05T14:28:37.251+0000] {processor.py:840} INFO - DAG(s) 'latest_only' retrieved from /home/airflow/.local/lib/python3.8/site-packages/airflow/example_dags/example_latest_only.py
[2025-04-05T14:28:37.267+0000] {logging_mixin.py:188} INFO - [2025-04-05T14:28:37.267+0000] {dag.py:3036} INFO - Sync 1 DAGs
[2025-04-05T14:28:37.298+0000] {logging_mixin.py:188} INFO - [2025-04-05T14:28:37.298+0000] {dag.py:3823} INFO - Setting next_dagrun for latest_only to 2025-04-05 08:00:00+00:00, run_after=2025-04-05 12:00:00+00:00
[2025-04-05T14:28:37.330+0000] {processor.py:183} INFO - Processing /home/airflow/.local/lib/python3.8/site-packages/airflow/example_dags/example_latest_only.py took 0.091 seconds
[2025-04-05T14:29:08.998+0000] {processor.py:161} INFO - Started process (PID=630) to work on /home/airflow/.local/lib/python3.8/site-packages/airflow/example_dags/example_latest_only.py
[2025-04-05T14:29:08.999+0000] {processor.py:830} INFO - Processing file /home/airflow/.local/lib/python3.8/site-packages/airflow/example_dags/example_latest_only.py for tasks to queue
[2025-04-05T14:29:09.000+0000] {logging_mixin.py:188} INFO - [2025-04-05T14:29:08.999+0000] {dagbag.py:538} INFO - Filling up the DagBag from /home/airflow/.local/lib/python3.8/site-packages/airflow/example_dags/example_latest_only.py
[2025-04-05T14:29:09.005+0000] {processor.py:840} INFO - DAG(s) 'latest_only' retrieved from /home/airflow/.local/lib/python3.8/site-packages/airflow/example_dags/example_latest_only.py
[2025-04-05T14:29:09.121+0000] {logging_mixin.py:188} INFO - [2025-04-05T14:29:09.121+0000] {dag.py:3036} INFO - Sync 1 DAGs
[2025-04-05T14:29:09.146+0000] {logging_mixin.py:188} INFO - [2025-04-05T14:29:09.145+0000] {dag.py:3823} INFO - Setting next_dagrun for latest_only to 2025-04-05 08:00:00+00:00, run_after=2025-04-05 12:00:00+00:00
[2025-04-05T14:29:09.170+0000] {processor.py:183} INFO - Processing /home/airflow/.local/lib/python3.8/site-packages/airflow/example_dags/example_latest_only.py took 0.175 seconds
[2025-04-05T14:29:39.401+0000] {processor.py:161} INFO - Started process (PID=877) to work on /home/airflow/.local/lib/python3.8/site-packages/airflow/example_dags/example_latest_only.py
[2025-04-05T14:29:39.402+0000] {processor.py:830} INFO - Processing file /home/airflow/.local/lib/python3.8/site-packages/airflow/example_dags/example_latest_only.py for tasks to queue
[2025-04-05T14:29:39.403+0000] {logging_mixin.py:188} INFO - [2025-04-05T14:29:39.403+0000] {dagbag.py:538} INFO - Filling up the DagBag from /home/airflow/.local/lib/python3.8/site-packages/airflow/example_dags/example_latest_only.py
[2025-04-05T14:29:39.409+0000] {processor.py:840} INFO - DAG(s) 'latest_only' retrieved from /home/airflow/.local/lib/python3.8/site-packages/airflow/example_dags/example_latest_only.py
[2025-04-05T14:29:39.429+0000] {logging_mixin.py:188} INFO - [2025-04-05T14:29:39.428+0000] {dag.py:3036} INFO - Sync 1 DAGs
[2025-04-05T14:29:39.450+0000] {logging_mixin.py:188} INFO - [2025-04-05T14:29:39.450+0000] {dag.py:3823} INFO - Setting next_dagrun for latest_only to 2025-04-05 08:00:00+00:00, run_after=2025-04-05 12:00:00+00:00
[2025-04-05T14:29:39.469+0000] {processor.py:183} INFO - Processing /home/airflow/.local/lib/python3.8/site-packages/airflow/example_dags/example_latest_only.py took 0.072 seconds
[2025-04-05T14:30:09.880+0000] {processor.py:161} INFO - Started process (PID=1124) to work on /home/airflow/.local/lib/python3.8/site-packages/airflow/example_dags/example_latest_only.py
[2025-04-05T14:30:09.882+0000] {processor.py:830} INFO - Processing file /home/airflow/.local/lib/python3.8/site-packages/airflow/example_dags/example_latest_only.py for tasks to queue
[2025-04-05T14:30:09.883+0000] {logging_mixin.py:188} INFO - [2025-04-05T14:30:09.882+0000] {dagbag.py:538} INFO - Filling up the DagBag from /home/airflow/.local/lib/python3.8/site-packages/airflow/example_dags/example_latest_only.py
[2025-04-05T14:30:09.889+0000] {processor.py:840} INFO - DAG(s) 'latest_only' retrieved from /home/airflow/.local/lib/python3.8/site-packages/airflow/example_dags/example_latest_only.py
[2025-04-05T14:30:09.910+0000] {logging_mixin.py:188} INFO - [2025-04-05T14:30:09.910+0000] {dag.py:3036} INFO - Sync 1 DAGs
[2025-04-05T14:30:09.932+0000] {logging_mixin.py:188} INFO - [2025-04-05T14:30:09.932+0000] {dag.py:3823} INFO - Setting next_dagrun for latest_only to 2025-04-05 08:00:00+00:00, run_after=2025-04-05 12:00:00+00:00
[2025-04-05T14:30:09.954+0000] {processor.py:183} INFO - Processing /home/airflow/.local/lib/python3.8/site-packages/airflow/example_dags/example_latest_only.py took 0.078 seconds
[2025-04-05T14:30:40.688+0000] {processor.py:161} INFO - Started process (PID=1371) to work on /home/airflow/.local/lib/python3.8/site-packages/airflow/example_dags/example_latest_only.py
[2025-04-05T14:30:40.689+0000] {processor.py:830} INFO - Processing file /home/airflow/.local/lib/python3.8/site-packages/airflow/example_dags/example_latest_only.py for tasks to queue
[2025-04-05T14:30:40.690+0000] {logging_mixin.py:188} INFO - [2025-04-05T14:30:40.690+0000] {dagbag.py:538} INFO - Filling up the DagBag from /home/airflow/.local/lib/python3.8/site-packages/airflow/example_dags/example_latest_only.py
[2025-04-05T14:30:40.696+0000] {processor.py:840} INFO - DAG(s) 'latest_only' retrieved from /home/airflow/.local/lib/python3.8/site-packages/airflow/example_dags/example_latest_only.py
[2025-04-05T14:30:40.718+0000] {logging_mixin.py:188} INFO - [2025-04-05T14:30:40.717+0000] {dag.py:3036} INFO - Sync 1 DAGs
[2025-04-05T14:30:40.742+0000] {logging_mixin.py:188} INFO - [2025-04-05T14:30:40.742+0000] {dag.py:3823} INFO - Setting next_dagrun for latest_only to 2025-04-05 08:00:00+00:00, run_after=2025-04-05 12:00:00+00:00
[2025-04-05T14:30:40.763+0000] {processor.py:183} INFO - Processing /home/airflow/.local/lib/python3.8/site-packages/airflow/example_dags/example_latest_only.py took 0.079 seconds
[2025-04-05T14:31:12.978+0000] {processor.py:161} INFO - Started process (PID=1618) to work on /home/airflow/.local/lib/python3.8/site-packages/airflow/example_dags/example_latest_only.py
[2025-04-05T14:31:12.979+0000] {processor.py:830} INFO - Processing file /home/airflow/.local/lib/python3.8/site-packages/airflow/example_dags/example_latest_only.py for tasks to queue
[2025-04-05T14:31:12.981+0000] {logging_mixin.py:188} INFO - [2025-04-05T14:31:12.981+0000] {dagbag.py:538} INFO - Filling up the DagBag from /home/airflow/.local/lib/python3.8/site-packages/airflow/example_dags/example_latest_only.py
[2025-04-05T14:31:12.994+0000] {processor.py:840} INFO - DAG(s) 'latest_only' retrieved from /home/airflow/.local/lib/python3.8/site-packages/airflow/example_dags/example_latest_only.py
[2025-04-05T14:31:13.022+0000] {logging_mixin.py:188} INFO - [2025-04-05T14:31:13.021+0000] {dag.py:3036} INFO - Sync 1 DAGs
[2025-04-05T14:31:13.058+0000] {logging_mixin.py:188} INFO - [2025-04-05T14:31:13.057+0000] {dag.py:3823} INFO - Setting next_dagrun for latest_only to 2025-04-05 08:00:00+00:00, run_after=2025-04-05 12:00:00+00:00
[2025-04-05T14:31:13.096+0000] {processor.py:183} INFO - Processing /home/airflow/.local/lib/python3.8/site-packages/airflow/example_dags/example_latest_only.py took 0.124 seconds
[2025-04-05T14:31:43.210+0000] {processor.py:161} INFO - Started process (PID=1867) to work on /home/airflow/.local/lib/python3.8/site-packages/airflow/example_dags/example_latest_only.py
[2025-04-05T14:31:43.212+0000] {processor.py:830} INFO - Processing file /home/airflow/.local/lib/python3.8/site-packages/airflow/example_dags/example_latest_only.py for tasks to queue
[2025-04-05T14:31:43.213+0000] {logging_mixin.py:188} INFO - [2025-04-05T14:31:43.212+0000] {dagbag.py:538} INFO - Filling up the DagBag from /home/airflow/.local/lib/python3.8/site-packages/airflow/example_dags/example_latest_only.py
[2025-04-05T14:31:43.218+0000] {processor.py:840} INFO - DAG(s) 'latest_only' retrieved from /home/airflow/.local/lib/python3.8/site-packages/airflow/example_dags/example_latest_only.py
[2025-04-05T14:31:43.238+0000] {logging_mixin.py:188} INFO - [2025-04-05T14:31:43.238+0000] {dag.py:3036} INFO - Sync 1 DAGs
[2025-04-05T14:31:43.262+0000] {logging_mixin.py:188} INFO - [2025-04-05T14:31:43.262+0000] {dag.py:3823} INFO - Setting next_dagrun for latest_only to 2025-04-05 08:00:00+00:00, run_after=2025-04-05 12:00:00+00:00
[2025-04-05T14:31:43.283+0000] {processor.py:183} INFO - Processing /home/airflow/.local/lib/python3.8/site-packages/airflow/example_dags/example_latest_only.py took 0.076 seconds
[2025-04-05T14:32:13.430+0000] {processor.py:161} INFO - Started process (PID=2113) to work on /home/airflow/.local/lib/python3.8/site-packages/airflow/example_dags/example_latest_only.py
[2025-04-05T14:32:13.431+0000] {processor.py:830} INFO - Processing file /home/airflow/.local/lib/python3.8/site-packages/airflow/example_dags/example_latest_only.py for tasks to queue
[2025-04-05T14:32:13.432+0000] {logging_mixin.py:188} INFO - [2025-04-05T14:32:13.432+0000] {dagbag.py:538} INFO - Filling up the DagBag from /home/airflow/.local/lib/python3.8/site-packages/airflow/example_dags/example_latest_only.py
[2025-04-05T14:32:13.437+0000] {processor.py:840} INFO - DAG(s) 'latest_only' retrieved from /home/airflow/.local/lib/python3.8/site-packages/airflow/example_dags/example_latest_only.py
[2025-04-05T14:32:13.455+0000] {logging_mixin.py:188} INFO - [2025-04-05T14:32:13.454+0000] {dag.py:3036} INFO - Sync 1 DAGs
[2025-04-05T14:32:13.475+0000] {logging_mixin.py:188} INFO - [2025-04-05T14:32:13.474+0000] {dag.py:3823} INFO - Setting next_dagrun for latest_only to 2025-04-05 08:00:00+00:00, run_after=2025-04-05 12:00:00+00:00
[2025-04-05T14:32:13.497+0000] {processor.py:183} INFO - Processing /home/airflow/.local/lib/python3.8/site-packages/airflow/example_dags/example_latest_only.py took 0.069 seconds
[2025-04-05T14:32:44.465+0000] {processor.py:161} INFO - Started process (PID=2359) to work on /home/airflow/.local/lib/python3.8/site-packages/airflow/example_dags/example_latest_only.py
[2025-04-05T14:32:44.466+0000] {processor.py:830} INFO - Processing file /home/airflow/.local/lib/python3.8/site-packages/airflow/example_dags/example_latest_only.py for tasks to queue
[2025-04-05T14:32:44.467+0000] {logging_mixin.py:188} INFO - [2025-04-05T14:32:44.467+0000] {dagbag.py:538} INFO - Filling up the DagBag from /home/airflow/.local/lib/python3.8/site-packages/airflow/example_dags/example_latest_only.py
[2025-04-05T14:32:44.473+0000] {processor.py:840} INFO - DAG(s) 'latest_only' retrieved from /home/airflow/.local/lib/python3.8/site-packages/airflow/example_dags/example_latest_only.py
[2025-04-05T14:32:44.493+0000] {logging_mixin.py:188} INFO - [2025-04-05T14:32:44.493+0000] {dag.py:3036} INFO - Sync 1 DAGs
[2025-04-05T14:32:44.514+0000] {logging_mixin.py:188} INFO - [2025-04-05T14:32:44.514+0000] {dag.py:3823} INFO - Setting next_dagrun for latest_only to 2025-04-05 08:00:00+00:00, run_after=2025-04-05 12:00:00+00:00
[2025-04-05T14:32:44.535+0000] {processor.py:183} INFO - Processing /home/airflow/.local/lib/python3.8/site-packages/airflow/example_dags/example_latest_only.py took 0.073 seconds
[2025-04-05T14:33:14.780+0000] {processor.py:161} INFO - Started process (PID=2607) to work on /home/airflow/.local/lib/python3.8/site-packages/airflow/example_dags/example_latest_only.py
[2025-04-05T14:33:14.781+0000] {processor.py:830} INFO - Processing file /home/airflow/.local/lib/python3.8/site-packages/airflow/example_dags/example_latest_only.py for tasks to queue
[2025-04-05T14:33:14.782+0000] {logging_mixin.py:188} INFO - [2025-04-05T14:33:14.782+0000] {dagbag.py:538} INFO - Filling up the DagBag from /home/airflow/.local/lib/python3.8/site-packages/airflow/example_dags/example_latest_only.py
[2025-04-05T14:33:14.787+0000] {processor.py:840} INFO - DAG(s) 'latest_only' retrieved from /home/airflow/.local/lib/python3.8/site-packages/airflow/example_dags/example_latest_only.py
[2025-04-05T14:33:14.805+0000] {logging_mixin.py:188} INFO - [2025-04-05T14:33:14.804+0000] {dag.py:3036} INFO - Sync 1 DAGs
[2025-04-05T14:33:14.825+0000] {logging_mixin.py:188} INFO - [2025-04-05T14:33:14.825+0000] {dag.py:3823} INFO - Setting next_dagrun for latest_only to 2025-04-05 08:00:00+00:00, run_after=2025-04-05 12:00:00+00:00
[2025-04-05T14:33:14.844+0000] {processor.py:183} INFO - Processing /home/airflow/.local/lib/python3.8/site-packages/airflow/example_dags/example_latest_only.py took 0.067 seconds
[2025-04-05T14:33:44.996+0000] {processor.py:161} INFO - Started process (PID=2853) to work on /home/airflow/.local/lib/python3.8/site-packages/airflow/example_dags/example_latest_only.py
[2025-04-05T14:33:44.998+0000] {processor.py:830} INFO - Processing file /home/airflow/.local/lib/python3.8/site-packages/airflow/example_dags/example_latest_only.py for tasks to queue
[2025-04-05T14:33:44.999+0000] {logging_mixin.py:188} INFO - [2025-04-05T14:33:44.998+0000] {dagbag.py:538} INFO - Filling up the DagBag from /home/airflow/.local/lib/python3.8/site-packages/airflow/example_dags/example_latest_only.py
[2025-04-05T14:33:45.004+0000] {processor.py:840} INFO - DAG(s) 'latest_only' retrieved from /home/airflow/.local/lib/python3.8/site-packages/airflow/example_dags/example_latest_only.py
[2025-04-05T14:33:45.024+0000] {logging_mixin.py:188} INFO - [2025-04-05T14:33:45.023+0000] {dag.py:3036} INFO - Sync 1 DAGs
[2025-04-05T14:33:45.047+0000] {logging_mixin.py:188} INFO - [2025-04-05T14:33:45.047+0000] {dag.py:3823} INFO - Setting next_dagrun for latest_only to 2025-04-05 08:00:00+00:00, run_after=2025-04-05 12:00:00+00:00
[2025-04-05T14:33:45.066+0000] {processor.py:183} INFO - Processing /home/airflow/.local/lib/python3.8/site-packages/airflow/example_dags/example_latest_only.py took 0.074 seconds
[2025-04-05T14:34:15.306+0000] {processor.py:161} INFO - Started process (PID=3100) to work on /home/airflow/.local/lib/python3.8/site-packages/airflow/example_dags/example_latest_only.py
[2025-04-05T14:34:15.308+0000] {processor.py:830} INFO - Processing file /home/airflow/.local/lib/python3.8/site-packages/airflow/example_dags/example_latest_only.py for tasks to queue
[2025-04-05T14:34:15.309+0000] {logging_mixin.py:188} INFO - [2025-04-05T14:34:15.309+0000] {dagbag.py:538} INFO - Filling up the DagBag from /home/airflow/.local/lib/python3.8/site-packages/airflow/example_dags/example_latest_only.py
[2025-04-05T14:34:15.315+0000] {processor.py:840} INFO - DAG(s) 'latest_only' retrieved from /home/airflow/.local/lib/python3.8/site-packages/airflow/example_dags/example_latest_only.py
[2025-04-05T14:34:15.333+0000] {logging_mixin.py:188} INFO - [2025-04-05T14:34:15.333+0000] {dag.py:3036} INFO - Sync 1 DAGs
[2025-04-05T14:34:15.356+0000] {logging_mixin.py:188} INFO - [2025-04-05T14:34:15.356+0000] {dag.py:3823} INFO - Setting next_dagrun for latest_only to 2025-04-05 08:00:00+00:00, run_after=2025-04-05 12:00:00+00:00
[2025-04-05T14:34:15.374+0000] {processor.py:183} INFO - Processing /home/airflow/.local/lib/python3.8/site-packages/airflow/example_dags/example_latest_only.py took 0.072 seconds
[2025-04-05T14:34:45.803+0000] {processor.py:161} INFO - Started process (PID=3349) to work on /home/airflow/.local/lib/python3.8/site-packages/airflow/example_dags/example_latest_only.py
[2025-04-05T14:34:45.804+0000] {processor.py:830} INFO - Processing file /home/airflow/.local/lib/python3.8/site-packages/airflow/example_dags/example_latest_only.py for tasks to queue
[2025-04-05T14:34:45.805+0000] {logging_mixin.py:188} INFO - [2025-04-05T14:34:45.805+0000] {dagbag.py:538} INFO - Filling up the DagBag from /home/airflow/.local/lib/python3.8/site-packages/airflow/example_dags/example_latest_only.py
[2025-04-05T14:34:45.811+0000] {processor.py:840} INFO - DAG(s) 'latest_only' retrieved from /home/airflow/.local/lib/python3.8/site-packages/airflow/example_dags/example_latest_only.py
[2025-04-05T14:34:45.829+0000] {logging_mixin.py:188} INFO - [2025-04-05T14:34:45.829+0000] {dag.py:3036} INFO - Sync 1 DAGs
[2025-04-05T14:34:45.849+0000] {logging_mixin.py:188} INFO - [2025-04-05T14:34:45.849+0000] {dag.py:3823} INFO - Setting next_dagrun for latest_only to 2025-04-05 08:00:00+00:00, run_after=2025-04-05 12:00:00+00:00
[2025-04-05T14:34:45.870+0000] {processor.py:183} INFO - Processing /home/airflow/.local/lib/python3.8/site-packages/airflow/example_dags/example_latest_only.py took 0.069 seconds
[2025-04-05T16:40:56.892+0000] {processor.py:161} INFO - Started process (PID=271) to work on /home/airflow/.local/lib/python3.8/site-packages/airflow/example_dags/example_latest_only.py
[2025-04-05T16:40:56.915+0000] {processor.py:830} INFO - Processing file /home/airflow/.local/lib/python3.8/site-packages/airflow/example_dags/example_latest_only.py for tasks to queue
[2025-04-05T16:40:56.918+0000] {logging_mixin.py:188} INFO - [2025-04-05T16:40:56.917+0000] {dagbag.py:538} INFO - Filling up the DagBag from /home/airflow/.local/lib/python3.8/site-packages/airflow/example_dags/example_latest_only.py
[2025-04-05T16:40:56.932+0000] {processor.py:840} INFO - DAG(s) 'latest_only' retrieved from /home/airflow/.local/lib/python3.8/site-packages/airflow/example_dags/example_latest_only.py
[2025-04-05T16:40:57.103+0000] {logging_mixin.py:188} INFO - [2025-04-05T16:40:57.102+0000] {override.py:1769} INFO - Created Permission View: can edit on DAG:latest_only
[2025-04-05T16:40:57.118+0000] {logging_mixin.py:188} INFO - [2025-04-05T16:40:57.117+0000] {override.py:1769} INFO - Created Permission View: can delete on DAG:latest_only
[2025-04-05T16:40:57.140+0000] {logging_mixin.py:188} INFO - [2025-04-05T16:40:57.139+0000] {override.py:1769} INFO - Created Permission View: can read on DAG:latest_only
[2025-04-05T16:40:57.141+0000] {logging_mixin.py:188} INFO - [2025-04-05T16:40:57.141+0000] {dag.py:3036} INFO - Sync 1 DAGs
[2025-04-05T16:40:57.159+0000] {logging_mixin.py:188} INFO - [2025-04-05T16:40:57.158+0000] {dag.py:3058} INFO - Creating ORM DAG for latest_only
[2025-04-05T16:40:57.182+0000] {logging_mixin.py:188} INFO - [2025-04-05T16:40:57.181+0000] {dag.py:3823} INFO - Setting next_dagrun for latest_only to 2025-04-05 12:00:00+00:00, run_after=2025-04-05 16:00:00+00:00
[2025-04-05T16:40:57.237+0000] {processor.py:183} INFO - Processing /home/airflow/.local/lib/python3.8/site-packages/airflow/example_dags/example_latest_only.py took 0.352 seconds
[2025-04-05T16:41:27.876+0000] {processor.py:161} INFO - Started process (PID=520) to work on /home/airflow/.local/lib/python3.8/site-packages/airflow/example_dags/example_latest_only.py
[2025-04-05T16:41:27.878+0000] {processor.py:830} INFO - Processing file /home/airflow/.local/lib/python3.8/site-packages/airflow/example_dags/example_latest_only.py for tasks to queue
[2025-04-05T16:41:27.879+0000] {logging_mixin.py:188} INFO - [2025-04-05T16:41:27.878+0000] {dagbag.py:538} INFO - Filling up the DagBag from /home/airflow/.local/lib/python3.8/site-packages/airflow/example_dags/example_latest_only.py
[2025-04-05T16:41:27.885+0000] {processor.py:840} INFO - DAG(s) 'latest_only' retrieved from /home/airflow/.local/lib/python3.8/site-packages/airflow/example_dags/example_latest_only.py
[2025-04-05T16:41:27.904+0000] {logging_mixin.py:188} INFO - [2025-04-05T16:41:27.904+0000] {dag.py:3036} INFO - Sync 1 DAGs
[2025-04-05T16:41:27.926+0000] {logging_mixin.py:188} INFO - [2025-04-05T16:41:27.926+0000] {dag.py:3823} INFO - Setting next_dagrun for latest_only to 2025-04-05 12:00:00+00:00, run_after=2025-04-05 16:00:00+00:00
[2025-04-05T16:41:27.946+0000] {processor.py:183} INFO - Processing /home/airflow/.local/lib/python3.8/site-packages/airflow/example_dags/example_latest_only.py took 0.074 seconds
[2025-04-05T16:41:58.542+0000] {processor.py:161} INFO - Started process (PID=767) to work on /home/airflow/.local/lib/python3.8/site-packages/airflow/example_dags/example_latest_only.py
[2025-04-05T16:41:58.543+0000] {processor.py:830} INFO - Processing file /home/airflow/.local/lib/python3.8/site-packages/airflow/example_dags/example_latest_only.py for tasks to queue
[2025-04-05T16:41:58.544+0000] {logging_mixin.py:188} INFO - [2025-04-05T16:41:58.544+0000] {dagbag.py:538} INFO - Filling up the DagBag from /home/airflow/.local/lib/python3.8/site-packages/airflow/example_dags/example_latest_only.py
[2025-04-05T16:41:58.550+0000] {processor.py:840} INFO - DAG(s) 'latest_only' retrieved from /home/airflow/.local/lib/python3.8/site-packages/airflow/example_dags/example_latest_only.py
[2025-04-05T16:41:58.572+0000] {logging_mixin.py:188} INFO - [2025-04-05T16:41:58.572+0000] {dag.py:3036} INFO - Sync 1 DAGs
[2025-04-05T16:41:58.593+0000] {logging_mixin.py:188} INFO - [2025-04-05T16:41:58.593+0000] {dag.py:3823} INFO - Setting next_dagrun for latest_only to 2025-04-05 12:00:00+00:00, run_after=2025-04-05 16:00:00+00:00
[2025-04-05T16:41:58.614+0000] {processor.py:183} INFO - Processing /home/airflow/.local/lib/python3.8/site-packages/airflow/example_dags/example_latest_only.py took 0.075 seconds
[2025-04-05T16:42:28.698+0000] {processor.py:161} INFO - Started process (PID=1012) to work on /home/airflow/.local/lib/python3.8/site-packages/airflow/example_dags/example_latest_only.py
[2025-04-05T16:42:28.700+0000] {processor.py:830} INFO - Processing file /home/airflow/.local/lib/python3.8/site-packages/airflow/example_dags/example_latest_only.py for tasks to queue
[2025-04-05T16:42:28.702+0000] {logging_mixin.py:188} INFO - [2025-04-05T16:42:28.701+0000] {dagbag.py:538} INFO - Filling up the DagBag from /home/airflow/.local/lib/python3.8/site-packages/airflow/example_dags/example_latest_only.py
[2025-04-05T16:42:28.715+0000] {processor.py:840} INFO - DAG(s) 'latest_only' retrieved from /home/airflow/.local/lib/python3.8/site-packages/airflow/example_dags/example_latest_only.py
[2025-04-05T16:42:28.742+0000] {logging_mixin.py:188} INFO - [2025-04-05T16:42:28.742+0000] {dag.py:3036} INFO - Sync 1 DAGs
[2025-04-05T16:42:28.762+0000] {logging_mixin.py:188} INFO - [2025-04-05T16:42:28.762+0000] {dag.py:3823} INFO - Setting next_dagrun for latest_only to 2025-04-05 12:00:00+00:00, run_after=2025-04-05 16:00:00+00:00
[2025-04-05T16:42:28.778+0000] {processor.py:183} INFO - Processing /home/airflow/.local/lib/python3.8/site-packages/airflow/example_dags/example_latest_only.py took 0.083 seconds
[2025-04-05T16:42:58.947+0000] {processor.py:161} INFO - Started process (PID=1261) to work on /home/airflow/.local/lib/python3.8/site-packages/airflow/example_dags/example_latest_only.py
[2025-04-05T16:42:58.948+0000] {processor.py:830} INFO - Processing file /home/airflow/.local/lib/python3.8/site-packages/airflow/example_dags/example_latest_only.py for tasks to queue
[2025-04-05T16:42:58.949+0000] {logging_mixin.py:188} INFO - [2025-04-05T16:42:58.949+0000] {dagbag.py:538} INFO - Filling up the DagBag from /home/airflow/.local/lib/python3.8/site-packages/airflow/example_dags/example_latest_only.py
[2025-04-05T16:42:58.954+0000] {processor.py:840} INFO - DAG(s) 'latest_only' retrieved from /home/airflow/.local/lib/python3.8/site-packages/airflow/example_dags/example_latest_only.py
[2025-04-05T16:42:58.974+0000] {logging_mixin.py:188} INFO - [2025-04-05T16:42:58.974+0000] {dag.py:3036} INFO - Sync 1 DAGs
[2025-04-05T16:42:58.994+0000] {logging_mixin.py:188} INFO - [2025-04-05T16:42:58.993+0000] {dag.py:3823} INFO - Setting next_dagrun for latest_only to 2025-04-05 12:00:00+00:00, run_after=2025-04-05 16:00:00+00:00
[2025-04-05T16:42:59.014+0000] {processor.py:183} INFO - Processing /home/airflow/.local/lib/python3.8/site-packages/airflow/example_dags/example_latest_only.py took 0.069 seconds
[2025-04-05T16:43:29.192+0000] {processor.py:161} INFO - Started process (PID=1506) to work on /home/airflow/.local/lib/python3.8/site-packages/airflow/example_dags/example_latest_only.py
[2025-04-05T16:43:29.194+0000] {processor.py:830} INFO - Processing file /home/airflow/.local/lib/python3.8/site-packages/airflow/example_dags/example_latest_only.py for tasks to queue
[2025-04-05T16:43:29.195+0000] {logging_mixin.py:188} INFO - [2025-04-05T16:43:29.195+0000] {dagbag.py:538} INFO - Filling up the DagBag from /home/airflow/.local/lib/python3.8/site-packages/airflow/example_dags/example_latest_only.py
[2025-04-05T16:43:29.200+0000] {processor.py:840} INFO - DAG(s) 'latest_only' retrieved from /home/airflow/.local/lib/python3.8/site-packages/airflow/example_dags/example_latest_only.py
[2025-04-05T16:43:29.236+0000] {logging_mixin.py:188} INFO - [2025-04-05T16:43:29.235+0000] {dag.py:3036} INFO - Sync 1 DAGs
[2025-04-05T16:43:29.254+0000] {logging_mixin.py:188} INFO - [2025-04-05T16:43:29.254+0000] {dag.py:3823} INFO - Setting next_dagrun for latest_only to 2025-04-05 12:00:00+00:00, run_after=2025-04-05 16:00:00+00:00
[2025-04-05T16:43:29.300+0000] {processor.py:183} INFO - Processing /home/airflow/.local/lib/python3.8/site-packages/airflow/example_dags/example_latest_only.py took 0.110 seconds
[2025-04-05T16:43:59.393+0000] {processor.py:161} INFO - Started process (PID=1753) to work on /home/airflow/.local/lib/python3.8/site-packages/airflow/example_dags/example_latest_only.py
[2025-04-05T16:43:59.394+0000] {processor.py:830} INFO - Processing file /home/airflow/.local/lib/python3.8/site-packages/airflow/example_dags/example_latest_only.py for tasks to queue
[2025-04-05T16:43:59.395+0000] {logging_mixin.py:188} INFO - [2025-04-05T16:43:59.395+0000] {dagbag.py:538} INFO - Filling up the DagBag from /home/airflow/.local/lib/python3.8/site-packages/airflow/example_dags/example_latest_only.py
[2025-04-05T16:43:59.400+0000] {processor.py:840} INFO - DAG(s) 'latest_only' retrieved from /home/airflow/.local/lib/python3.8/site-packages/airflow/example_dags/example_latest_only.py
[2025-04-05T16:43:59.420+0000] {logging_mixin.py:188} INFO - [2025-04-05T16:43:59.419+0000] {dag.py:3036} INFO - Sync 1 DAGs
[2025-04-05T16:43:59.439+0000] {logging_mixin.py:188} INFO - [2025-04-05T16:43:59.439+0000] {dag.py:3823} INFO - Setting next_dagrun for latest_only to 2025-04-05 12:00:00+00:00, run_after=2025-04-05 16:00:00+00:00
[2025-04-05T16:43:59.457+0000] {processor.py:183} INFO - Processing /home/airflow/.local/lib/python3.8/site-packages/airflow/example_dags/example_latest_only.py took 0.067 seconds
[2025-04-05T16:44:29.612+0000] {processor.py:161} INFO - Started process (PID=2002) to work on /home/airflow/.local/lib/python3.8/site-packages/airflow/example_dags/example_latest_only.py
[2025-04-05T16:44:29.613+0000] {processor.py:830} INFO - Processing file /home/airflow/.local/lib/python3.8/site-packages/airflow/example_dags/example_latest_only.py for tasks to queue
[2025-04-05T16:44:29.614+0000] {logging_mixin.py:188} INFO - [2025-04-05T16:44:29.614+0000] {dagbag.py:538} INFO - Filling up the DagBag from /home/airflow/.local/lib/python3.8/site-packages/airflow/example_dags/example_latest_only.py
[2025-04-05T16:44:29.619+0000] {processor.py:840} INFO - DAG(s) 'latest_only' retrieved from /home/airflow/.local/lib/python3.8/site-packages/airflow/example_dags/example_latest_only.py
[2025-04-05T16:44:29.638+0000] {logging_mixin.py:188} INFO - [2025-04-05T16:44:29.638+0000] {dag.py:3036} INFO - Sync 1 DAGs
[2025-04-05T16:44:29.657+0000] {logging_mixin.py:188} INFO - [2025-04-05T16:44:29.656+0000] {dag.py:3823} INFO - Setting next_dagrun for latest_only to 2025-04-05 12:00:00+00:00, run_after=2025-04-05 16:00:00+00:00
[2025-04-05T16:44:29.674+0000] {processor.py:183} INFO - Processing /home/airflow/.local/lib/python3.8/site-packages/airflow/example_dags/example_latest_only.py took 0.065 seconds
[2025-04-05T16:44:59.724+0000] {processor.py:161} INFO - Started process (PID=2247) to work on /home/airflow/.local/lib/python3.8/site-packages/airflow/example_dags/example_latest_only.py
[2025-04-05T16:44:59.725+0000] {processor.py:830} INFO - Processing file /home/airflow/.local/lib/python3.8/site-packages/airflow/example_dags/example_latest_only.py for tasks to queue
[2025-04-05T16:44:59.726+0000] {logging_mixin.py:188} INFO - [2025-04-05T16:44:59.726+0000] {dagbag.py:538} INFO - Filling up the DagBag from /home/airflow/.local/lib/python3.8/site-packages/airflow/example_dags/example_latest_only.py
[2025-04-05T16:44:59.731+0000] {processor.py:840} INFO - DAG(s) 'latest_only' retrieved from /home/airflow/.local/lib/python3.8/site-packages/airflow/example_dags/example_latest_only.py
[2025-04-05T16:44:59.751+0000] {logging_mixin.py:188} INFO - [2025-04-05T16:44:59.750+0000] {dag.py:3036} INFO - Sync 1 DAGs
[2025-04-05T16:44:59.771+0000] {logging_mixin.py:188} INFO - [2025-04-05T16:44:59.771+0000] {dag.py:3823} INFO - Setting next_dagrun for latest_only to 2025-04-05 12:00:00+00:00, run_after=2025-04-05 16:00:00+00:00
[2025-04-05T16:44:59.792+0000] {processor.py:183} INFO - Processing /home/airflow/.local/lib/python3.8/site-packages/airflow/example_dags/example_latest_only.py took 0.071 seconds
[2025-04-05T16:45:30.069+0000] {processor.py:161} INFO - Started process (PID=2494) to work on /home/airflow/.local/lib/python3.8/site-packages/airflow/example_dags/example_latest_only.py
[2025-04-05T16:45:30.071+0000] {processor.py:830} INFO - Processing file /home/airflow/.local/lib/python3.8/site-packages/airflow/example_dags/example_latest_only.py for tasks to queue
[2025-04-05T16:45:30.073+0000] {logging_mixin.py:188} INFO - [2025-04-05T16:45:30.072+0000] {dagbag.py:538} INFO - Filling up the DagBag from /home/airflow/.local/lib/python3.8/site-packages/airflow/example_dags/example_latest_only.py
[2025-04-05T16:45:30.079+0000] {processor.py:840} INFO - DAG(s) 'latest_only' retrieved from /home/airflow/.local/lib/python3.8/site-packages/airflow/example_dags/example_latest_only.py
[2025-04-05T16:45:30.107+0000] {logging_mixin.py:188} INFO - [2025-04-05T16:45:30.106+0000] {dag.py:3036} INFO - Sync 1 DAGs
[2025-04-05T16:45:30.138+0000] {logging_mixin.py:188} INFO - [2025-04-05T16:45:30.137+0000] {dag.py:3823} INFO - Setting next_dagrun for latest_only to 2025-04-05 12:00:00+00:00, run_after=2025-04-05 16:00:00+00:00
[2025-04-05T16:45:30.168+0000] {processor.py:183} INFO - Processing /home/airflow/.local/lib/python3.8/site-packages/airflow/example_dags/example_latest_only.py took 0.103 seconds
[2025-04-05T16:46:00.896+0000] {processor.py:161} INFO - Started process (PID=2741) to work on /home/airflow/.local/lib/python3.8/site-packages/airflow/example_dags/example_latest_only.py
[2025-04-05T16:46:00.899+0000] {processor.py:830} INFO - Processing file /home/airflow/.local/lib/python3.8/site-packages/airflow/example_dags/example_latest_only.py for tasks to queue
[2025-04-05T16:46:00.900+0000] {logging_mixin.py:188} INFO - [2025-04-05T16:46:00.900+0000] {dagbag.py:538} INFO - Filling up the DagBag from /home/airflow/.local/lib/python3.8/site-packages/airflow/example_dags/example_latest_only.py
[2025-04-05T16:46:00.909+0000] {processor.py:840} INFO - DAG(s) 'latest_only' retrieved from /home/airflow/.local/lib/python3.8/site-packages/airflow/example_dags/example_latest_only.py
[2025-04-05T16:46:00.940+0000] {logging_mixin.py:188} INFO - [2025-04-05T16:46:00.940+0000] {dag.py:3036} INFO - Sync 1 DAGs
[2025-04-05T16:46:00.973+0000] {logging_mixin.py:188} INFO - [2025-04-05T16:46:00.973+0000] {dag.py:3823} INFO - Setting next_dagrun for latest_only to 2025-04-05 12:00:00+00:00, run_after=2025-04-05 16:00:00+00:00
[2025-04-05T16:46:01.003+0000] {processor.py:183} INFO - Processing /home/airflow/.local/lib/python3.8/site-packages/airflow/example_dags/example_latest_only.py took 0.110 seconds
[2025-04-05T16:46:31.080+0000] {processor.py:161} INFO - Started process (PID=2988) to work on /home/airflow/.local/lib/python3.8/site-packages/airflow/example_dags/example_latest_only.py
[2025-04-05T16:46:31.081+0000] {processor.py:830} INFO - Processing file /home/airflow/.local/lib/python3.8/site-packages/airflow/example_dags/example_latest_only.py for tasks to queue
[2025-04-05T16:46:31.082+0000] {logging_mixin.py:188} INFO - [2025-04-05T16:46:31.081+0000] {dagbag.py:538} INFO - Filling up the DagBag from /home/airflow/.local/lib/python3.8/site-packages/airflow/example_dags/example_latest_only.py
[2025-04-05T16:46:31.086+0000] {processor.py:840} INFO - DAG(s) 'latest_only' retrieved from /home/airflow/.local/lib/python3.8/site-packages/airflow/example_dags/example_latest_only.py
[2025-04-05T16:46:31.105+0000] {logging_mixin.py:188} INFO - [2025-04-05T16:46:31.105+0000] {dag.py:3036} INFO - Sync 1 DAGs
[2025-04-05T16:46:31.127+0000] {logging_mixin.py:188} INFO - [2025-04-05T16:46:31.127+0000] {dag.py:3823} INFO - Setting next_dagrun for latest_only to 2025-04-05 12:00:00+00:00, run_after=2025-04-05 16:00:00+00:00
[2025-04-05T16:46:31.148+0000] {processor.py:183} INFO - Processing /home/airflow/.local/lib/python3.8/site-packages/airflow/example_dags/example_latest_only.py took 0.071 seconds
[2025-04-05T16:47:01.328+0000] {processor.py:161} INFO - Started process (PID=3237) to work on /home/airflow/.local/lib/python3.8/site-packages/airflow/example_dags/example_latest_only.py
[2025-04-05T16:47:01.329+0000] {processor.py:830} INFO - Processing file /home/airflow/.local/lib/python3.8/site-packages/airflow/example_dags/example_latest_only.py for tasks to queue
[2025-04-05T16:47:01.330+0000] {logging_mixin.py:188} INFO - [2025-04-05T16:47:01.330+0000] {dagbag.py:538} INFO - Filling up the DagBag from /home/airflow/.local/lib/python3.8/site-packages/airflow/example_dags/example_latest_only.py
[2025-04-05T16:47:01.335+0000] {processor.py:840} INFO - DAG(s) 'latest_only' retrieved from /home/airflow/.local/lib/python3.8/site-packages/airflow/example_dags/example_latest_only.py
[2025-04-05T16:47:01.357+0000] {logging_mixin.py:188} INFO - [2025-04-05T16:47:01.357+0000] {dag.py:3036} INFO - Sync 1 DAGs
[2025-04-05T16:47:01.379+0000] {logging_mixin.py:188} INFO - [2025-04-05T16:47:01.379+0000] {dag.py:3823} INFO - Setting next_dagrun for latest_only to 2025-04-05 12:00:00+00:00, run_after=2025-04-05 16:00:00+00:00
[2025-04-05T16:47:01.399+0000] {processor.py:183} INFO - Processing /home/airflow/.local/lib/python3.8/site-packages/airflow/example_dags/example_latest_only.py took 0.075 seconds
[2025-04-05T16:47:31.456+0000] {processor.py:161} INFO - Started process (PID=3484) to work on /home/airflow/.local/lib/python3.8/site-packages/airflow/example_dags/example_latest_only.py
[2025-04-05T16:47:31.457+0000] {processor.py:830} INFO - Processing file /home/airflow/.local/lib/python3.8/site-packages/airflow/example_dags/example_latest_only.py for tasks to queue
[2025-04-05T16:47:31.458+0000] {logging_mixin.py:188} INFO - [2025-04-05T16:47:31.458+0000] {dagbag.py:538} INFO - Filling up the DagBag from /home/airflow/.local/lib/python3.8/site-packages/airflow/example_dags/example_latest_only.py
[2025-04-05T16:47:31.463+0000] {processor.py:840} INFO - DAG(s) 'latest_only' retrieved from /home/airflow/.local/lib/python3.8/site-packages/airflow/example_dags/example_latest_only.py
[2025-04-05T16:47:31.484+0000] {logging_mixin.py:188} INFO - [2025-04-05T16:47:31.483+0000] {dag.py:3036} INFO - Sync 1 DAGs
[2025-04-05T16:47:31.505+0000] {logging_mixin.py:188} INFO - [2025-04-05T16:47:31.505+0000] {dag.py:3823} INFO - Setting next_dagrun for latest_only to 2025-04-05 12:00:00+00:00, run_after=2025-04-05 16:00:00+00:00
[2025-04-05T16:47:31.524+0000] {processor.py:183} INFO - Processing /home/airflow/.local/lib/python3.8/site-packages/airflow/example_dags/example_latest_only.py took 0.071 seconds
[2025-04-05T16:48:02.113+0000] {processor.py:161} INFO - Started process (PID=3732) to work on /home/airflow/.local/lib/python3.8/site-packages/airflow/example_dags/example_latest_only.py
[2025-04-05T16:48:02.114+0000] {processor.py:830} INFO - Processing file /home/airflow/.local/lib/python3.8/site-packages/airflow/example_dags/example_latest_only.py for tasks to queue
[2025-04-05T16:48:02.115+0000] {logging_mixin.py:188} INFO - [2025-04-05T16:48:02.114+0000] {dagbag.py:538} INFO - Filling up the DagBag from /home/airflow/.local/lib/python3.8/site-packages/airflow/example_dags/example_latest_only.py
[2025-04-05T16:48:02.120+0000] {processor.py:840} INFO - DAG(s) 'latest_only' retrieved from /home/airflow/.local/lib/python3.8/site-packages/airflow/example_dags/example_latest_only.py
[2025-04-05T16:48:02.141+0000] {logging_mixin.py:188} INFO - [2025-04-05T16:48:02.140+0000] {dag.py:3036} INFO - Sync 1 DAGs
[2025-04-05T16:48:02.160+0000] {logging_mixin.py:188} INFO - [2025-04-05T16:48:02.160+0000] {dag.py:3823} INFO - Setting next_dagrun for latest_only to 2025-04-05 12:00:00+00:00, run_after=2025-04-05 16:00:00+00:00
[2025-04-05T16:48:02.180+0000] {processor.py:183} INFO - Processing /home/airflow/.local/lib/python3.8/site-packages/airflow/example_dags/example_latest_only.py took 0.071 seconds
[2025-04-05T16:48:32.913+0000] {processor.py:161} INFO - Started process (PID=3977) to work on /home/airflow/.local/lib/python3.8/site-packages/airflow/example_dags/example_latest_only.py
[2025-04-05T16:48:32.915+0000] {processor.py:830} INFO - Processing file /home/airflow/.local/lib/python3.8/site-packages/airflow/example_dags/example_latest_only.py for tasks to queue
[2025-04-05T16:48:32.916+0000] {logging_mixin.py:188} INFO - [2025-04-05T16:48:32.916+0000] {dagbag.py:538} INFO - Filling up the DagBag from /home/airflow/.local/lib/python3.8/site-packages/airflow/example_dags/example_latest_only.py
[2025-04-05T16:48:32.923+0000] {processor.py:840} INFO - DAG(s) 'latest_only' retrieved from /home/airflow/.local/lib/python3.8/site-packages/airflow/example_dags/example_latest_only.py
[2025-04-05T16:48:32.945+0000] {logging_mixin.py:188} INFO - [2025-04-05T16:48:32.944+0000] {dag.py:3036} INFO - Sync 1 DAGs
[2025-04-05T16:48:32.977+0000] {logging_mixin.py:188} INFO - [2025-04-05T16:48:32.976+0000] {dag.py:3823} INFO - Setting next_dagrun for latest_only to 2025-04-05 12:00:00+00:00, run_after=2025-04-05 16:00:00+00:00
[2025-04-05T16:48:33.001+0000] {processor.py:183} INFO - Processing /home/airflow/.local/lib/python3.8/site-packages/airflow/example_dags/example_latest_only.py took 0.091 seconds
[2025-04-05T16:49:03.123+0000] {processor.py:161} INFO - Started process (PID=4225) to work on /home/airflow/.local/lib/python3.8/site-packages/airflow/example_dags/example_latest_only.py
[2025-04-05T16:49:03.125+0000] {processor.py:830} INFO - Processing file /home/airflow/.local/lib/python3.8/site-packages/airflow/example_dags/example_latest_only.py for tasks to queue
[2025-04-05T16:49:03.126+0000] {logging_mixin.py:188} INFO - [2025-04-05T16:49:03.125+0000] {dagbag.py:538} INFO - Filling up the DagBag from /home/airflow/.local/lib/python3.8/site-packages/airflow/example_dags/example_latest_only.py
[2025-04-05T16:49:03.131+0000] {processor.py:840} INFO - DAG(s) 'latest_only' retrieved from /home/airflow/.local/lib/python3.8/site-packages/airflow/example_dags/example_latest_only.py
[2025-04-05T16:49:03.151+0000] {logging_mixin.py:188} INFO - [2025-04-05T16:49:03.150+0000] {dag.py:3036} INFO - Sync 1 DAGs
[2025-04-05T16:49:03.173+0000] {logging_mixin.py:188} INFO - [2025-04-05T16:49:03.173+0000] {dag.py:3823} INFO - Setting next_dagrun for latest_only to 2025-04-05 12:00:00+00:00, run_after=2025-04-05 16:00:00+00:00
[2025-04-05T16:49:03.195+0000] {processor.py:183} INFO - Processing /home/airflow/.local/lib/python3.8/site-packages/airflow/example_dags/example_latest_only.py took 0.074 seconds
[2025-04-05T16:49:33.310+0000] {processor.py:161} INFO - Started process (PID=4496) to work on /home/airflow/.local/lib/python3.8/site-packages/airflow/example_dags/example_latest_only.py
[2025-04-05T16:49:33.312+0000] {processor.py:830} INFO - Processing file /home/airflow/.local/lib/python3.8/site-packages/airflow/example_dags/example_latest_only.py for tasks to queue
[2025-04-05T16:49:33.313+0000] {logging_mixin.py:188} INFO - [2025-04-05T16:49:33.313+0000] {dagbag.py:538} INFO - Filling up the DagBag from /home/airflow/.local/lib/python3.8/site-packages/airflow/example_dags/example_latest_only.py
[2025-04-05T16:49:33.323+0000] {processor.py:840} INFO - DAG(s) 'latest_only' retrieved from /home/airflow/.local/lib/python3.8/site-packages/airflow/example_dags/example_latest_only.py
[2025-04-05T16:49:33.359+0000] {logging_mixin.py:188} INFO - [2025-04-05T16:49:33.358+0000] {dag.py:3036} INFO - Sync 1 DAGs
[2025-04-05T16:49:33.393+0000] {logging_mixin.py:188} INFO - [2025-04-05T16:49:33.393+0000] {dag.py:3823} INFO - Setting next_dagrun for latest_only to 2025-04-05 12:00:00+00:00, run_after=2025-04-05 16:00:00+00:00
[2025-04-05T16:49:33.419+0000] {processor.py:183} INFO - Processing /home/airflow/.local/lib/python3.8/site-packages/airflow/example_dags/example_latest_only.py took 0.115 seconds
[2025-04-05T16:50:03.934+0000] {processor.py:161} INFO - Started process (PID=4745) to work on /home/airflow/.local/lib/python3.8/site-packages/airflow/example_dags/example_latest_only.py
[2025-04-05T16:50:03.935+0000] {processor.py:830} INFO - Processing file /home/airflow/.local/lib/python3.8/site-packages/airflow/example_dags/example_latest_only.py for tasks to queue
[2025-04-05T16:50:03.936+0000] {logging_mixin.py:188} INFO - [2025-04-05T16:50:03.936+0000] {dagbag.py:538} INFO - Filling up the DagBag from /home/airflow/.local/lib/python3.8/site-packages/airflow/example_dags/example_latest_only.py
[2025-04-05T16:50:03.944+0000] {processor.py:840} INFO - DAG(s) 'latest_only' retrieved from /home/airflow/.local/lib/python3.8/site-packages/airflow/example_dags/example_latest_only.py
[2025-04-05T16:50:03.966+0000] {logging_mixin.py:188} INFO - [2025-04-05T16:50:03.965+0000] {dag.py:3036} INFO - Sync 1 DAGs
[2025-04-05T16:50:03.993+0000] {logging_mixin.py:188} INFO - [2025-04-05T16:50:03.992+0000] {dag.py:3823} INFO - Setting next_dagrun for latest_only to 2025-04-05 12:00:00+00:00, run_after=2025-04-05 16:00:00+00:00
[2025-04-05T16:50:04.015+0000] {processor.py:183} INFO - Processing /home/airflow/.local/lib/python3.8/site-packages/airflow/example_dags/example_latest_only.py took 0.085 seconds
[2025-04-05T16:50:34.065+0000] {processor.py:161} INFO - Started process (PID=4992) to work on /home/airflow/.local/lib/python3.8/site-packages/airflow/example_dags/example_latest_only.py
[2025-04-05T16:50:34.066+0000] {processor.py:830} INFO - Processing file /home/airflow/.local/lib/python3.8/site-packages/airflow/example_dags/example_latest_only.py for tasks to queue
[2025-04-05T16:50:34.067+0000] {logging_mixin.py:188} INFO - [2025-04-05T16:50:34.067+0000] {dagbag.py:538} INFO - Filling up the DagBag from /home/airflow/.local/lib/python3.8/site-packages/airflow/example_dags/example_latest_only.py
[2025-04-05T16:50:34.074+0000] {processor.py:840} INFO - DAG(s) 'latest_only' retrieved from /home/airflow/.local/lib/python3.8/site-packages/airflow/example_dags/example_latest_only.py
[2025-04-05T16:50:34.100+0000] {logging_mixin.py:188} INFO - [2025-04-05T16:50:34.099+0000] {dag.py:3036} INFO - Sync 1 DAGs
[2025-04-05T16:50:34.123+0000] {logging_mixin.py:188} INFO - [2025-04-05T16:50:34.122+0000] {dag.py:3823} INFO - Setting next_dagrun for latest_only to 2025-04-05 12:00:00+00:00, run_after=2025-04-05 16:00:00+00:00
[2025-04-05T16:50:34.143+0000] {processor.py:183} INFO - Processing /home/airflow/.local/lib/python3.8/site-packages/airflow/example_dags/example_latest_only.py took 0.081 seconds
[2025-04-05T16:51:04.346+0000] {processor.py:161} INFO - Started process (PID=5244) to work on /home/airflow/.local/lib/python3.8/site-packages/airflow/example_dags/example_latest_only.py
[2025-04-05T16:51:04.347+0000] {processor.py:830} INFO - Processing file /home/airflow/.local/lib/python3.8/site-packages/airflow/example_dags/example_latest_only.py for tasks to queue
[2025-04-05T16:51:04.348+0000] {logging_mixin.py:188} INFO - [2025-04-05T16:51:04.348+0000] {dagbag.py:538} INFO - Filling up the DagBag from /home/airflow/.local/lib/python3.8/site-packages/airflow/example_dags/example_latest_only.py
[2025-04-05T16:51:04.353+0000] {processor.py:840} INFO - DAG(s) 'latest_only' retrieved from /home/airflow/.local/lib/python3.8/site-packages/airflow/example_dags/example_latest_only.py
[2025-04-05T16:51:04.373+0000] {logging_mixin.py:188} INFO - [2025-04-05T16:51:04.373+0000] {dag.py:3036} INFO - Sync 1 DAGs
[2025-04-05T16:51:04.393+0000] {logging_mixin.py:188} INFO - [2025-04-05T16:51:04.393+0000] {dag.py:3823} INFO - Setting next_dagrun for latest_only to 2025-04-05 12:00:00+00:00, run_after=2025-04-05 16:00:00+00:00
[2025-04-05T16:51:04.413+0000] {processor.py:183} INFO - Processing /home/airflow/.local/lib/python3.8/site-packages/airflow/example_dags/example_latest_only.py took 0.070 seconds
[2025-04-05T16:51:34.900+0000] {processor.py:161} INFO - Started process (PID=5496) to work on /home/airflow/.local/lib/python3.8/site-packages/airflow/example_dags/example_latest_only.py
[2025-04-05T16:51:34.901+0000] {processor.py:830} INFO - Processing file /home/airflow/.local/lib/python3.8/site-packages/airflow/example_dags/example_latest_only.py for tasks to queue
[2025-04-05T16:51:34.902+0000] {logging_mixin.py:188} INFO - [2025-04-05T16:51:34.902+0000] {dagbag.py:538} INFO - Filling up the DagBag from /home/airflow/.local/lib/python3.8/site-packages/airflow/example_dags/example_latest_only.py
[2025-04-05T16:51:34.908+0000] {processor.py:840} INFO - DAG(s) 'latest_only' retrieved from /home/airflow/.local/lib/python3.8/site-packages/airflow/example_dags/example_latest_only.py
[2025-04-05T16:51:34.928+0000] {logging_mixin.py:188} INFO - [2025-04-05T16:51:34.928+0000] {dag.py:3036} INFO - Sync 1 DAGs
[2025-04-05T16:51:34.950+0000] {logging_mixin.py:188} INFO - [2025-04-05T16:51:34.950+0000] {dag.py:3823} INFO - Setting next_dagrun for latest_only to 2025-04-05 12:00:00+00:00, run_after=2025-04-05 16:00:00+00:00
[2025-04-05T16:51:34.969+0000] {processor.py:183} INFO - Processing /home/airflow/.local/lib/python3.8/site-packages/airflow/example_dags/example_latest_only.py took 0.072 seconds
[2025-04-05T16:52:05.095+0000] {processor.py:161} INFO - Started process (PID=5748) to work on /home/airflow/.local/lib/python3.8/site-packages/airflow/example_dags/example_latest_only.py
[2025-04-05T16:52:05.096+0000] {processor.py:830} INFO - Processing file /home/airflow/.local/lib/python3.8/site-packages/airflow/example_dags/example_latest_only.py for tasks to queue
[2025-04-05T16:52:05.097+0000] {logging_mixin.py:188} INFO - [2025-04-05T16:52:05.097+0000] {dagbag.py:538} INFO - Filling up the DagBag from /home/airflow/.local/lib/python3.8/site-packages/airflow/example_dags/example_latest_only.py
[2025-04-05T16:52:05.102+0000] {processor.py:840} INFO - DAG(s) 'latest_only' retrieved from /home/airflow/.local/lib/python3.8/site-packages/airflow/example_dags/example_latest_only.py
[2025-04-05T16:52:05.124+0000] {logging_mixin.py:188} INFO - [2025-04-05T16:52:05.124+0000] {dag.py:3036} INFO - Sync 1 DAGs
[2025-04-05T16:52:05.147+0000] {logging_mixin.py:188} INFO - [2025-04-05T16:52:05.147+0000] {dag.py:3823} INFO - Setting next_dagrun for latest_only to 2025-04-05 12:00:00+00:00, run_after=2025-04-05 16:00:00+00:00
[2025-04-05T16:52:05.171+0000] {processor.py:183} INFO - Processing /home/airflow/.local/lib/python3.8/site-packages/airflow/example_dags/example_latest_only.py took 0.079 seconds
[2025-04-05T16:52:35.486+0000] {processor.py:161} INFO - Started process (PID=5998) to work on /home/airflow/.local/lib/python3.8/site-packages/airflow/example_dags/example_latest_only.py
[2025-04-05T16:52:35.487+0000] {processor.py:830} INFO - Processing file /home/airflow/.local/lib/python3.8/site-packages/airflow/example_dags/example_latest_only.py for tasks to queue
[2025-04-05T16:52:35.488+0000] {logging_mixin.py:188} INFO - [2025-04-05T16:52:35.488+0000] {dagbag.py:538} INFO - Filling up the DagBag from /home/airflow/.local/lib/python3.8/site-packages/airflow/example_dags/example_latest_only.py
[2025-04-05T16:52:35.493+0000] {processor.py:840} INFO - DAG(s) 'latest_only' retrieved from /home/airflow/.local/lib/python3.8/site-packages/airflow/example_dags/example_latest_only.py
[2025-04-05T16:52:35.513+0000] {logging_mixin.py:188} INFO - [2025-04-05T16:52:35.513+0000] {dag.py:3036} INFO - Sync 1 DAGs
[2025-04-05T16:52:35.535+0000] {logging_mixin.py:188} INFO - [2025-04-05T16:52:35.535+0000] {dag.py:3823} INFO - Setting next_dagrun for latest_only to 2025-04-05 12:00:00+00:00, run_after=2025-04-05 16:00:00+00:00
[2025-04-05T16:52:35.556+0000] {processor.py:183} INFO - Processing /home/airflow/.local/lib/python3.8/site-packages/airflow/example_dags/example_latest_only.py took 0.073 seconds
[2025-04-05T16:53:05.727+0000] {processor.py:161} INFO - Started process (PID=6251) to work on /home/airflow/.local/lib/python3.8/site-packages/airflow/example_dags/example_latest_only.py
[2025-04-05T16:53:05.728+0000] {processor.py:830} INFO - Processing file /home/airflow/.local/lib/python3.8/site-packages/airflow/example_dags/example_latest_only.py for tasks to queue
[2025-04-05T16:53:05.729+0000] {logging_mixin.py:188} INFO - [2025-04-05T16:53:05.729+0000] {dagbag.py:538} INFO - Filling up the DagBag from /home/airflow/.local/lib/python3.8/site-packages/airflow/example_dags/example_latest_only.py
[2025-04-05T16:53:05.734+0000] {processor.py:840} INFO - DAG(s) 'latest_only' retrieved from /home/airflow/.local/lib/python3.8/site-packages/airflow/example_dags/example_latest_only.py
[2025-04-05T16:53:05.753+0000] {logging_mixin.py:188} INFO - [2025-04-05T16:53:05.753+0000] {dag.py:3036} INFO - Sync 1 DAGs
[2025-04-05T16:53:05.773+0000] {logging_mixin.py:188} INFO - [2025-04-05T16:53:05.773+0000] {dag.py:3823} INFO - Setting next_dagrun for latest_only to 2025-04-05 12:00:00+00:00, run_after=2025-04-05 16:00:00+00:00
[2025-04-05T16:53:05.794+0000] {processor.py:183} INFO - Processing /home/airflow/.local/lib/python3.8/site-packages/airflow/example_dags/example_latest_only.py took 0.070 seconds
[2025-04-05T16:53:36.067+0000] {processor.py:161} INFO - Started process (PID=6505) to work on /home/airflow/.local/lib/python3.8/site-packages/airflow/example_dags/example_latest_only.py
[2025-04-05T16:53:36.068+0000] {processor.py:830} INFO - Processing file /home/airflow/.local/lib/python3.8/site-packages/airflow/example_dags/example_latest_only.py for tasks to queue
[2025-04-05T16:53:36.069+0000] {logging_mixin.py:188} INFO - [2025-04-05T16:53:36.069+0000] {dagbag.py:538} INFO - Filling up the DagBag from /home/airflow/.local/lib/python3.8/site-packages/airflow/example_dags/example_latest_only.py
[2025-04-05T16:53:36.074+0000] {processor.py:840} INFO - DAG(s) 'latest_only' retrieved from /home/airflow/.local/lib/python3.8/site-packages/airflow/example_dags/example_latest_only.py
[2025-04-05T16:53:36.094+0000] {logging_mixin.py:188} INFO - [2025-04-05T16:53:36.094+0000] {dag.py:3036} INFO - Sync 1 DAGs
[2025-04-05T16:53:36.112+0000] {logging_mixin.py:188} INFO - [2025-04-05T16:53:36.112+0000] {dag.py:3823} INFO - Setting next_dagrun for latest_only to 2025-04-05 12:00:00+00:00, run_after=2025-04-05 16:00:00+00:00
[2025-04-05T16:53:36.132+0000] {processor.py:183} INFO - Processing /home/airflow/.local/lib/python3.8/site-packages/airflow/example_dags/example_latest_only.py took 0.068 seconds
[2025-04-05T16:54:06.236+0000] {processor.py:161} INFO - Started process (PID=6757) to work on /home/airflow/.local/lib/python3.8/site-packages/airflow/example_dags/example_latest_only.py
[2025-04-05T16:54:06.237+0000] {processor.py:830} INFO - Processing file /home/airflow/.local/lib/python3.8/site-packages/airflow/example_dags/example_latest_only.py for tasks to queue
[2025-04-05T16:54:06.238+0000] {logging_mixin.py:188} INFO - [2025-04-05T16:54:06.238+0000] {dagbag.py:538} INFO - Filling up the DagBag from /home/airflow/.local/lib/python3.8/site-packages/airflow/example_dags/example_latest_only.py
[2025-04-05T16:54:06.243+0000] {processor.py:840} INFO - DAG(s) 'latest_only' retrieved from /home/airflow/.local/lib/python3.8/site-packages/airflow/example_dags/example_latest_only.py
[2025-04-05T16:54:06.263+0000] {logging_mixin.py:188} INFO - [2025-04-05T16:54:06.263+0000] {dag.py:3036} INFO - Sync 1 DAGs
[2025-04-05T16:54:06.282+0000] {logging_mixin.py:188} INFO - [2025-04-05T16:54:06.282+0000] {dag.py:3823} INFO - Setting next_dagrun for latest_only to 2025-04-05 12:00:00+00:00, run_after=2025-04-05 16:00:00+00:00
[2025-04-05T16:54:06.302+0000] {processor.py:183} INFO - Processing /home/airflow/.local/lib/python3.8/site-packages/airflow/example_dags/example_latest_only.py took 0.069 seconds
[2025-04-05T16:54:37.165+0000] {processor.py:161} INFO - Started process (PID=7003) to work on /home/airflow/.local/lib/python3.8/site-packages/airflow/example_dags/example_latest_only.py
[2025-04-05T16:54:37.166+0000] {processor.py:830} INFO - Processing file /home/airflow/.local/lib/python3.8/site-packages/airflow/example_dags/example_latest_only.py for tasks to queue
[2025-04-05T16:54:37.167+0000] {logging_mixin.py:188} INFO - [2025-04-05T16:54:37.167+0000] {dagbag.py:538} INFO - Filling up the DagBag from /home/airflow/.local/lib/python3.8/site-packages/airflow/example_dags/example_latest_only.py
[2025-04-05T16:54:37.173+0000] {processor.py:840} INFO - DAG(s) 'latest_only' retrieved from /home/airflow/.local/lib/python3.8/site-packages/airflow/example_dags/example_latest_only.py
[2025-04-05T16:54:37.196+0000] {logging_mixin.py:188} INFO - [2025-04-05T16:54:37.195+0000] {dag.py:3036} INFO - Sync 1 DAGs
[2025-04-05T16:54:37.218+0000] {logging_mixin.py:188} INFO - [2025-04-05T16:54:37.218+0000] {dag.py:3823} INFO - Setting next_dagrun for latest_only to 2025-04-05 12:00:00+00:00, run_after=2025-04-05 16:00:00+00:00
[2025-04-05T16:54:37.242+0000] {processor.py:183} INFO - Processing /home/airflow/.local/lib/python3.8/site-packages/airflow/example_dags/example_latest_only.py took 0.080 seconds
[2025-04-05T16:55:07.287+0000] {processor.py:161} INFO - Started process (PID=7253) to work on /home/airflow/.local/lib/python3.8/site-packages/airflow/example_dags/example_latest_only.py
[2025-04-05T16:55:07.288+0000] {processor.py:830} INFO - Processing file /home/airflow/.local/lib/python3.8/site-packages/airflow/example_dags/example_latest_only.py for tasks to queue
[2025-04-05T16:55:07.289+0000] {logging_mixin.py:188} INFO - [2025-04-05T16:55:07.289+0000] {dagbag.py:538} INFO - Filling up the DagBag from /home/airflow/.local/lib/python3.8/site-packages/airflow/example_dags/example_latest_only.py
[2025-04-05T16:55:07.294+0000] {processor.py:840} INFO - DAG(s) 'latest_only' retrieved from /home/airflow/.local/lib/python3.8/site-packages/airflow/example_dags/example_latest_only.py
[2025-04-05T16:55:07.315+0000] {logging_mixin.py:188} INFO - [2025-04-05T16:55:07.315+0000] {dag.py:3036} INFO - Sync 1 DAGs
[2025-04-05T16:55:07.338+0000] {logging_mixin.py:188} INFO - [2025-04-05T16:55:07.338+0000] {dag.py:3823} INFO - Setting next_dagrun for latest_only to 2025-04-05 12:00:00+00:00, run_after=2025-04-05 16:00:00+00:00
[2025-04-05T16:55:07.360+0000] {processor.py:183} INFO - Processing /home/airflow/.local/lib/python3.8/site-packages/airflow/example_dags/example_latest_only.py took 0.076 seconds
[2025-04-05T16:55:37.660+0000] {processor.py:161} INFO - Started process (PID=7510) to work on /home/airflow/.local/lib/python3.8/site-packages/airflow/example_dags/example_latest_only.py
[2025-04-05T16:55:37.661+0000] {processor.py:830} INFO - Processing file /home/airflow/.local/lib/python3.8/site-packages/airflow/example_dags/example_latest_only.py for tasks to queue
[2025-04-05T16:55:37.662+0000] {logging_mixin.py:188} INFO - [2025-04-05T16:55:37.662+0000] {dagbag.py:538} INFO - Filling up the DagBag from /home/airflow/.local/lib/python3.8/site-packages/airflow/example_dags/example_latest_only.py
[2025-04-05T16:55:37.667+0000] {processor.py:840} INFO - DAG(s) 'latest_only' retrieved from /home/airflow/.local/lib/python3.8/site-packages/airflow/example_dags/example_latest_only.py
[2025-04-05T16:55:37.689+0000] {logging_mixin.py:188} INFO - [2025-04-05T16:55:37.689+0000] {dag.py:3036} INFO - Sync 1 DAGs
[2025-04-05T16:55:37.714+0000] {logging_mixin.py:188} INFO - [2025-04-05T16:55:37.714+0000] {dag.py:3823} INFO - Setting next_dagrun for latest_only to 2025-04-05 12:00:00+00:00, run_after=2025-04-05 16:00:00+00:00
[2025-04-05T16:55:37.738+0000] {processor.py:183} INFO - Processing /home/airflow/.local/lib/python3.8/site-packages/airflow/example_dags/example_latest_only.py took 0.081 seconds
[2025-04-05T16:56:08.113+0000] {processor.py:161} INFO - Started process (PID=7764) to work on /home/airflow/.local/lib/python3.8/site-packages/airflow/example_dags/example_latest_only.py
[2025-04-05T16:56:08.114+0000] {processor.py:830} INFO - Processing file /home/airflow/.local/lib/python3.8/site-packages/airflow/example_dags/example_latest_only.py for tasks to queue
[2025-04-05T16:56:08.114+0000] {logging_mixin.py:188} INFO - [2025-04-05T16:56:08.114+0000] {dagbag.py:538} INFO - Filling up the DagBag from /home/airflow/.local/lib/python3.8/site-packages/airflow/example_dags/example_latest_only.py
[2025-04-05T16:56:08.119+0000] {processor.py:840} INFO - DAG(s) 'latest_only' retrieved from /home/airflow/.local/lib/python3.8/site-packages/airflow/example_dags/example_latest_only.py
[2025-04-05T16:56:08.138+0000] {logging_mixin.py:188} INFO - [2025-04-05T16:56:08.138+0000] {dag.py:3036} INFO - Sync 1 DAGs
[2025-04-05T16:56:08.157+0000] {logging_mixin.py:188} INFO - [2025-04-05T16:56:08.157+0000] {dag.py:3823} INFO - Setting next_dagrun for latest_only to 2025-04-05 12:00:00+00:00, run_after=2025-04-05 16:00:00+00:00
[2025-04-05T16:56:08.177+0000] {processor.py:183} INFO - Processing /home/airflow/.local/lib/python3.8/site-packages/airflow/example_dags/example_latest_only.py took 0.068 seconds
[2025-04-05T16:56:38.352+0000] {processor.py:161} INFO - Started process (PID=8016) to work on /home/airflow/.local/lib/python3.8/site-packages/airflow/example_dags/example_latest_only.py
[2025-04-05T16:56:38.354+0000] {processor.py:830} INFO - Processing file /home/airflow/.local/lib/python3.8/site-packages/airflow/example_dags/example_latest_only.py for tasks to queue
[2025-04-05T16:56:38.355+0000] {logging_mixin.py:188} INFO - [2025-04-05T16:56:38.354+0000] {dagbag.py:538} INFO - Filling up the DagBag from /home/airflow/.local/lib/python3.8/site-packages/airflow/example_dags/example_latest_only.py
[2025-04-05T16:56:38.360+0000] {processor.py:840} INFO - DAG(s) 'latest_only' retrieved from /home/airflow/.local/lib/python3.8/site-packages/airflow/example_dags/example_latest_only.py
[2025-04-05T16:56:38.379+0000] {logging_mixin.py:188} INFO - [2025-04-05T16:56:38.379+0000] {dag.py:3036} INFO - Sync 1 DAGs
[2025-04-05T16:56:38.398+0000] {logging_mixin.py:188} INFO - [2025-04-05T16:56:38.398+0000] {dag.py:3823} INFO - Setting next_dagrun for latest_only to 2025-04-05 12:00:00+00:00, run_after=2025-04-05 16:00:00+00:00
[2025-04-05T16:56:38.417+0000] {processor.py:183} INFO - Processing /home/airflow/.local/lib/python3.8/site-packages/airflow/example_dags/example_latest_only.py took 0.068 seconds
