[2025-04-05T14:18:16.124+0000] {processor.py:161} INFO - Started process (PID=333) to work on /home/airflow/.local/lib/python3.8/site-packages/airflow/example_dags/example_setup_teardown.py
[2025-04-05T14:18:16.126+0000] {processor.py:830} INFO - Processing file /home/airflow/.local/lib/python3.8/site-packages/airflow/example_dags/example_setup_teardown.py for tasks to queue
[2025-04-05T14:18:16.127+0000] {logging_mixin.py:188} INFO - [2025-04-05T14:18:16.126+0000] {dagbag.py:538} INFO - Filling up the DagBag from /home/airflow/.local/lib/python3.8/site-packages/airflow/example_dags/example_setup_teardown.py
[2025-04-05T14:18:16.136+0000] {processor.py:840} INFO - DAG(s) 'example_setup_teardown' retrieved from /home/airflow/.local/lib/python3.8/site-packages/airflow/example_dags/example_setup_teardown.py
[2025-04-05T14:18:16.152+0000] {logging_mixin.py:188} INFO - [2025-04-05T14:18:16.151+0000] {dag.py:3036} INFO - Sync 1 DAGs
[2025-04-05T14:18:16.181+0000] {logging_mixin.py:188} INFO - [2025-04-05T14:18:16.180+0000] {dag.py:3823} INFO - Setting next_dagrun for example_setup_teardown to 2025-04-04 00:00:00+00:00, run_after=2025-04-05 00:00:00+00:00
[2025-04-05T14:18:16.209+0000] {processor.py:183} INFO - Processing /home/airflow/.local/lib/python3.8/site-packages/airflow/example_dags/example_setup_teardown.py took 0.089 seconds
[2025-04-05T14:18:47.642+0000] {processor.py:161} INFO - Started process (PID=586) to work on /home/airflow/.local/lib/python3.8/site-packages/airflow/example_dags/example_setup_teardown.py
[2025-04-05T14:18:47.706+0000] {processor.py:830} INFO - Processing file /home/airflow/.local/lib/python3.8/site-packages/airflow/example_dags/example_setup_teardown.py for tasks to queue
[2025-04-05T14:18:47.708+0000] {logging_mixin.py:188} INFO - [2025-04-05T14:18:47.708+0000] {dagbag.py:538} INFO - Filling up the DagBag from /home/airflow/.local/lib/python3.8/site-packages/airflow/example_dags/example_setup_teardown.py
[2025-04-05T14:18:47.715+0000] {processor.py:840} INFO - DAG(s) 'example_setup_teardown' retrieved from /home/airflow/.local/lib/python3.8/site-packages/airflow/example_dags/example_setup_teardown.py
[2025-04-05T14:18:47.819+0000] {logging_mixin.py:188} INFO - [2025-04-05T14:18:47.819+0000] {dag.py:3036} INFO - Sync 1 DAGs
[2025-04-05T14:18:47.843+0000] {logging_mixin.py:188} INFO - [2025-04-05T14:18:47.843+0000] {dag.py:3823} INFO - Setting next_dagrun for example_setup_teardown to 2025-04-04 00:00:00+00:00, run_after=2025-04-05 00:00:00+00:00
[2025-04-05T14:18:48.177+0000] {processor.py:183} INFO - Processing /home/airflow/.local/lib/python3.8/site-packages/airflow/example_dags/example_setup_teardown.py took 0.538 seconds
[2025-04-05T14:19:18.251+0000] {processor.py:161} INFO - Started process (PID=833) to work on /home/airflow/.local/lib/python3.8/site-packages/airflow/example_dags/example_setup_teardown.py
[2025-04-05T14:19:18.252+0000] {processor.py:830} INFO - Processing file /home/airflow/.local/lib/python3.8/site-packages/airflow/example_dags/example_setup_teardown.py for tasks to queue
[2025-04-05T14:19:18.254+0000] {logging_mixin.py:188} INFO - [2025-04-05T14:19:18.253+0000] {dagbag.py:538} INFO - Filling up the DagBag from /home/airflow/.local/lib/python3.8/site-packages/airflow/example_dags/example_setup_teardown.py
[2025-04-05T14:19:18.261+0000] {processor.py:840} INFO - DAG(s) 'example_setup_teardown' retrieved from /home/airflow/.local/lib/python3.8/site-packages/airflow/example_dags/example_setup_teardown.py
[2025-04-05T14:19:18.282+0000] {logging_mixin.py:188} INFO - [2025-04-05T14:19:18.282+0000] {dag.py:3036} INFO - Sync 1 DAGs
[2025-04-05T14:19:18.302+0000] {logging_mixin.py:188} INFO - [2025-04-05T14:19:18.302+0000] {dag.py:3823} INFO - Setting next_dagrun for example_setup_teardown to 2025-04-04 00:00:00+00:00, run_after=2025-04-05 00:00:00+00:00
[2025-04-05T14:19:18.321+0000] {processor.py:183} INFO - Processing /home/airflow/.local/lib/python3.8/site-packages/airflow/example_dags/example_setup_teardown.py took 0.073 seconds
[2025-04-05T14:19:48.452+0000] {processor.py:161} INFO - Started process (PID=1080) to work on /home/airflow/.local/lib/python3.8/site-packages/airflow/example_dags/example_setup_teardown.py
[2025-04-05T14:19:48.454+0000] {processor.py:830} INFO - Processing file /home/airflow/.local/lib/python3.8/site-packages/airflow/example_dags/example_setup_teardown.py for tasks to queue
[2025-04-05T14:19:48.455+0000] {logging_mixin.py:188} INFO - [2025-04-05T14:19:48.455+0000] {dagbag.py:538} INFO - Filling up the DagBag from /home/airflow/.local/lib/python3.8/site-packages/airflow/example_dags/example_setup_teardown.py
[2025-04-05T14:19:48.464+0000] {processor.py:840} INFO - DAG(s) 'example_setup_teardown' retrieved from /home/airflow/.local/lib/python3.8/site-packages/airflow/example_dags/example_setup_teardown.py
[2025-04-05T14:19:48.488+0000] {logging_mixin.py:188} INFO - [2025-04-05T14:19:48.487+0000] {dag.py:3036} INFO - Sync 1 DAGs
[2025-04-05T14:19:48.513+0000] {logging_mixin.py:188} INFO - [2025-04-05T14:19:48.512+0000] {dag.py:3823} INFO - Setting next_dagrun for example_setup_teardown to 2025-04-04 00:00:00+00:00, run_after=2025-04-05 00:00:00+00:00
[2025-04-05T14:19:48.537+0000] {processor.py:183} INFO - Processing /home/airflow/.local/lib/python3.8/site-packages/airflow/example_dags/example_setup_teardown.py took 0.089 seconds
[2025-04-05T14:20:19.151+0000] {processor.py:161} INFO - Started process (PID=1329) to work on /home/airflow/.local/lib/python3.8/site-packages/airflow/example_dags/example_setup_teardown.py
[2025-04-05T14:20:19.152+0000] {processor.py:830} INFO - Processing file /home/airflow/.local/lib/python3.8/site-packages/airflow/example_dags/example_setup_teardown.py for tasks to queue
[2025-04-05T14:20:19.154+0000] {logging_mixin.py:188} INFO - [2025-04-05T14:20:19.153+0000] {dagbag.py:538} INFO - Filling up the DagBag from /home/airflow/.local/lib/python3.8/site-packages/airflow/example_dags/example_setup_teardown.py
[2025-04-05T14:20:19.164+0000] {processor.py:840} INFO - DAG(s) 'example_setup_teardown' retrieved from /home/airflow/.local/lib/python3.8/site-packages/airflow/example_dags/example_setup_teardown.py
[2025-04-05T14:20:19.200+0000] {logging_mixin.py:188} INFO - [2025-04-05T14:20:19.199+0000] {dag.py:3036} INFO - Sync 1 DAGs
[2025-04-05T14:20:19.235+0000] {logging_mixin.py:188} INFO - [2025-04-05T14:20:19.234+0000] {dag.py:3823} INFO - Setting next_dagrun for example_setup_teardown to 2025-04-04 00:00:00+00:00, run_after=2025-04-05 00:00:00+00:00
[2025-04-05T14:20:19.277+0000] {processor.py:183} INFO - Processing /home/airflow/.local/lib/python3.8/site-packages/airflow/example_dags/example_setup_teardown.py took 0.130 seconds
[2025-04-05T14:20:50.095+0000] {processor.py:161} INFO - Started process (PID=1574) to work on /home/airflow/.local/lib/python3.8/site-packages/airflow/example_dags/example_setup_teardown.py
[2025-04-05T14:20:50.097+0000] {processor.py:830} INFO - Processing file /home/airflow/.local/lib/python3.8/site-packages/airflow/example_dags/example_setup_teardown.py for tasks to queue
[2025-04-05T14:20:50.099+0000] {logging_mixin.py:188} INFO - [2025-04-05T14:20:50.098+0000] {dagbag.py:538} INFO - Filling up the DagBag from /home/airflow/.local/lib/python3.8/site-packages/airflow/example_dags/example_setup_teardown.py
[2025-04-05T14:20:50.113+0000] {processor.py:840} INFO - DAG(s) 'example_setup_teardown' retrieved from /home/airflow/.local/lib/python3.8/site-packages/airflow/example_dags/example_setup_teardown.py
[2025-04-05T14:20:50.147+0000] {logging_mixin.py:188} INFO - [2025-04-05T14:20:50.146+0000] {dag.py:3036} INFO - Sync 1 DAGs
[2025-04-05T14:20:50.171+0000] {logging_mixin.py:188} INFO - [2025-04-05T14:20:50.171+0000] {dag.py:3823} INFO - Setting next_dagrun for example_setup_teardown to 2025-04-04 00:00:00+00:00, run_after=2025-04-05 00:00:00+00:00
[2025-04-05T14:20:50.194+0000] {processor.py:183} INFO - Processing /home/airflow/.local/lib/python3.8/site-packages/airflow/example_dags/example_setup_teardown.py took 0.104 seconds
[2025-04-05T14:21:20.334+0000] {processor.py:161} INFO - Started process (PID=1823) to work on /home/airflow/.local/lib/python3.8/site-packages/airflow/example_dags/example_setup_teardown.py
[2025-04-05T14:21:20.335+0000] {processor.py:830} INFO - Processing file /home/airflow/.local/lib/python3.8/site-packages/airflow/example_dags/example_setup_teardown.py for tasks to queue
[2025-04-05T14:21:20.336+0000] {logging_mixin.py:188} INFO - [2025-04-05T14:21:20.336+0000] {dagbag.py:538} INFO - Filling up the DagBag from /home/airflow/.local/lib/python3.8/site-packages/airflow/example_dags/example_setup_teardown.py
[2025-04-05T14:21:20.343+0000] {processor.py:840} INFO - DAG(s) 'example_setup_teardown' retrieved from /home/airflow/.local/lib/python3.8/site-packages/airflow/example_dags/example_setup_teardown.py
[2025-04-05T14:21:20.362+0000] {logging_mixin.py:188} INFO - [2025-04-05T14:21:20.362+0000] {dag.py:3036} INFO - Sync 1 DAGs
[2025-04-05T14:21:20.383+0000] {logging_mixin.py:188} INFO - [2025-04-05T14:21:20.383+0000] {dag.py:3823} INFO - Setting next_dagrun for example_setup_teardown to 2025-04-04 00:00:00+00:00, run_after=2025-04-05 00:00:00+00:00
[2025-04-05T14:21:20.405+0000] {processor.py:183} INFO - Processing /home/airflow/.local/lib/python3.8/site-packages/airflow/example_dags/example_setup_teardown.py took 0.074 seconds
[2025-04-05T14:21:50.661+0000] {processor.py:161} INFO - Started process (PID=2069) to work on /home/airflow/.local/lib/python3.8/site-packages/airflow/example_dags/example_setup_teardown.py
[2025-04-05T14:21:50.662+0000] {processor.py:830} INFO - Processing file /home/airflow/.local/lib/python3.8/site-packages/airflow/example_dags/example_setup_teardown.py for tasks to queue
[2025-04-05T14:21:50.663+0000] {logging_mixin.py:188} INFO - [2025-04-05T14:21:50.663+0000] {dagbag.py:538} INFO - Filling up the DagBag from /home/airflow/.local/lib/python3.8/site-packages/airflow/example_dags/example_setup_teardown.py
[2025-04-05T14:21:50.672+0000] {processor.py:840} INFO - DAG(s) 'example_setup_teardown' retrieved from /home/airflow/.local/lib/python3.8/site-packages/airflow/example_dags/example_setup_teardown.py
[2025-04-05T14:21:50.699+0000] {logging_mixin.py:188} INFO - [2025-04-05T14:21:50.698+0000] {dag.py:3036} INFO - Sync 1 DAGs
[2025-04-05T14:21:50.727+0000] {logging_mixin.py:188} INFO - [2025-04-05T14:21:50.726+0000] {dag.py:3823} INFO - Setting next_dagrun for example_setup_teardown to 2025-04-04 00:00:00+00:00, run_after=2025-04-05 00:00:00+00:00
[2025-04-05T14:21:50.750+0000] {processor.py:183} INFO - Processing /home/airflow/.local/lib/python3.8/site-packages/airflow/example_dags/example_setup_teardown.py took 0.094 seconds
[2025-04-05T14:22:21.949+0000] {processor.py:161} INFO - Started process (PID=2318) to work on /home/airflow/.local/lib/python3.8/site-packages/airflow/example_dags/example_setup_teardown.py
[2025-04-05T14:22:21.950+0000] {processor.py:830} INFO - Processing file /home/airflow/.local/lib/python3.8/site-packages/airflow/example_dags/example_setup_teardown.py for tasks to queue
[2025-04-05T14:22:21.951+0000] {logging_mixin.py:188} INFO - [2025-04-05T14:22:21.951+0000] {dagbag.py:538} INFO - Filling up the DagBag from /home/airflow/.local/lib/python3.8/site-packages/airflow/example_dags/example_setup_teardown.py
[2025-04-05T14:22:21.961+0000] {processor.py:840} INFO - DAG(s) 'example_setup_teardown' retrieved from /home/airflow/.local/lib/python3.8/site-packages/airflow/example_dags/example_setup_teardown.py
[2025-04-05T14:22:21.985+0000] {logging_mixin.py:188} INFO - [2025-04-05T14:22:21.984+0000] {dag.py:3036} INFO - Sync 1 DAGs
[2025-04-05T14:22:22.010+0000] {logging_mixin.py:188} INFO - [2025-04-05T14:22:22.010+0000] {dag.py:3823} INFO - Setting next_dagrun for example_setup_teardown to 2025-04-04 00:00:00+00:00, run_after=2025-04-05 00:00:00+00:00
[2025-04-05T14:22:22.033+0000] {processor.py:183} INFO - Processing /home/airflow/.local/lib/python3.8/site-packages/airflow/example_dags/example_setup_teardown.py took 0.088 seconds
[2025-04-05T14:22:52.240+0000] {processor.py:161} INFO - Started process (PID=2563) to work on /home/airflow/.local/lib/python3.8/site-packages/airflow/example_dags/example_setup_teardown.py
[2025-04-05T14:22:52.241+0000] {processor.py:830} INFO - Processing file /home/airflow/.local/lib/python3.8/site-packages/airflow/example_dags/example_setup_teardown.py for tasks to queue
[2025-04-05T14:22:52.243+0000] {logging_mixin.py:188} INFO - [2025-04-05T14:22:52.242+0000] {dagbag.py:538} INFO - Filling up the DagBag from /home/airflow/.local/lib/python3.8/site-packages/airflow/example_dags/example_setup_teardown.py
[2025-04-05T14:22:52.251+0000] {processor.py:840} INFO - DAG(s) 'example_setup_teardown' retrieved from /home/airflow/.local/lib/python3.8/site-packages/airflow/example_dags/example_setup_teardown.py
[2025-04-05T14:22:52.277+0000] {logging_mixin.py:188} INFO - [2025-04-05T14:22:52.277+0000] {dag.py:3036} INFO - Sync 1 DAGs
[2025-04-05T14:22:52.308+0000] {logging_mixin.py:188} INFO - [2025-04-05T14:22:52.308+0000] {dag.py:3823} INFO - Setting next_dagrun for example_setup_teardown to 2025-04-04 00:00:00+00:00, run_after=2025-04-05 00:00:00+00:00
[2025-04-05T14:22:52.351+0000] {processor.py:183} INFO - Processing /home/airflow/.local/lib/python3.8/site-packages/airflow/example_dags/example_setup_teardown.py took 0.115 seconds
[2025-04-05T14:23:22.451+0000] {processor.py:161} INFO - Started process (PID=2812) to work on /home/airflow/.local/lib/python3.8/site-packages/airflow/example_dags/example_setup_teardown.py
[2025-04-05T14:23:22.453+0000] {processor.py:830} INFO - Processing file /home/airflow/.local/lib/python3.8/site-packages/airflow/example_dags/example_setup_teardown.py for tasks to queue
[2025-04-05T14:23:22.454+0000] {logging_mixin.py:188} INFO - [2025-04-05T14:23:22.454+0000] {dagbag.py:538} INFO - Filling up the DagBag from /home/airflow/.local/lib/python3.8/site-packages/airflow/example_dags/example_setup_teardown.py
[2025-04-05T14:23:22.461+0000] {processor.py:840} INFO - DAG(s) 'example_setup_teardown' retrieved from /home/airflow/.local/lib/python3.8/site-packages/airflow/example_dags/example_setup_teardown.py
[2025-04-05T14:23:22.482+0000] {logging_mixin.py:188} INFO - [2025-04-05T14:23:22.482+0000] {dag.py:3036} INFO - Sync 1 DAGs
[2025-04-05T14:23:22.507+0000] {logging_mixin.py:188} INFO - [2025-04-05T14:23:22.506+0000] {dag.py:3823} INFO - Setting next_dagrun for example_setup_teardown to 2025-04-04 00:00:00+00:00, run_after=2025-04-05 00:00:00+00:00
[2025-04-05T14:23:22.531+0000] {processor.py:183} INFO - Processing /home/airflow/.local/lib/python3.8/site-packages/airflow/example_dags/example_setup_teardown.py took 0.083 seconds
[2025-04-05T14:23:52.762+0000] {processor.py:161} INFO - Started process (PID=3059) to work on /home/airflow/.local/lib/python3.8/site-packages/airflow/example_dags/example_setup_teardown.py
[2025-04-05T14:23:52.763+0000] {processor.py:830} INFO - Processing file /home/airflow/.local/lib/python3.8/site-packages/airflow/example_dags/example_setup_teardown.py for tasks to queue
[2025-04-05T14:23:52.764+0000] {logging_mixin.py:188} INFO - [2025-04-05T14:23:52.764+0000] {dagbag.py:538} INFO - Filling up the DagBag from /home/airflow/.local/lib/python3.8/site-packages/airflow/example_dags/example_setup_teardown.py
[2025-04-05T14:23:52.771+0000] {processor.py:840} INFO - DAG(s) 'example_setup_teardown' retrieved from /home/airflow/.local/lib/python3.8/site-packages/airflow/example_dags/example_setup_teardown.py
[2025-04-05T14:23:52.791+0000] {logging_mixin.py:188} INFO - [2025-04-05T14:23:52.791+0000] {dag.py:3036} INFO - Sync 1 DAGs
[2025-04-05T14:23:52.810+0000] {logging_mixin.py:188} INFO - [2025-04-05T14:23:52.810+0000] {dag.py:3823} INFO - Setting next_dagrun for example_setup_teardown to 2025-04-04 00:00:00+00:00, run_after=2025-04-05 00:00:00+00:00
[2025-04-05T14:23:52.831+0000] {processor.py:183} INFO - Processing /home/airflow/.local/lib/python3.8/site-packages/airflow/example_dags/example_setup_teardown.py took 0.072 seconds
[2025-04-05T14:24:23.722+0000] {processor.py:161} INFO - Started process (PID=3306) to work on /home/airflow/.local/lib/python3.8/site-packages/airflow/example_dags/example_setup_teardown.py
[2025-04-05T14:24:23.723+0000] {processor.py:830} INFO - Processing file /home/airflow/.local/lib/python3.8/site-packages/airflow/example_dags/example_setup_teardown.py for tasks to queue
[2025-04-05T14:24:23.724+0000] {logging_mixin.py:188} INFO - [2025-04-05T14:24:23.724+0000] {dagbag.py:538} INFO - Filling up the DagBag from /home/airflow/.local/lib/python3.8/site-packages/airflow/example_dags/example_setup_teardown.py
[2025-04-05T14:24:23.731+0000] {processor.py:840} INFO - DAG(s) 'example_setup_teardown' retrieved from /home/airflow/.local/lib/python3.8/site-packages/airflow/example_dags/example_setup_teardown.py
[2025-04-05T14:24:23.751+0000] {logging_mixin.py:188} INFO - [2025-04-05T14:24:23.751+0000] {dag.py:3036} INFO - Sync 1 DAGs
[2025-04-05T14:24:23.773+0000] {logging_mixin.py:188} INFO - [2025-04-05T14:24:23.773+0000] {dag.py:3823} INFO - Setting next_dagrun for example_setup_teardown to 2025-04-04 00:00:00+00:00, run_after=2025-04-05 00:00:00+00:00
[2025-04-05T14:24:23.794+0000] {processor.py:183} INFO - Processing /home/airflow/.local/lib/python3.8/site-packages/airflow/example_dags/example_setup_teardown.py took 0.075 seconds
[2025-04-05T14:24:53.900+0000] {processor.py:161} INFO - Started process (PID=3551) to work on /home/airflow/.local/lib/python3.8/site-packages/airflow/example_dags/example_setup_teardown.py
[2025-04-05T14:24:53.901+0000] {processor.py:830} INFO - Processing file /home/airflow/.local/lib/python3.8/site-packages/airflow/example_dags/example_setup_teardown.py for tasks to queue
[2025-04-05T14:24:53.903+0000] {logging_mixin.py:188} INFO - [2025-04-05T14:24:53.902+0000] {dagbag.py:538} INFO - Filling up the DagBag from /home/airflow/.local/lib/python3.8/site-packages/airflow/example_dags/example_setup_teardown.py
[2025-04-05T14:24:53.910+0000] {processor.py:840} INFO - DAG(s) 'example_setup_teardown' retrieved from /home/airflow/.local/lib/python3.8/site-packages/airflow/example_dags/example_setup_teardown.py
[2025-04-05T14:24:53.932+0000] {logging_mixin.py:188} INFO - [2025-04-05T14:24:53.932+0000] {dag.py:3036} INFO - Sync 1 DAGs
[2025-04-05T14:24:53.959+0000] {logging_mixin.py:188} INFO - [2025-04-05T14:24:53.959+0000] {dag.py:3823} INFO - Setting next_dagrun for example_setup_teardown to 2025-04-04 00:00:00+00:00, run_after=2025-04-05 00:00:00+00:00
[2025-04-05T14:24:53.982+0000] {processor.py:183} INFO - Processing /home/airflow/.local/lib/python3.8/site-packages/airflow/example_dags/example_setup_teardown.py took 0.086 seconds
[2025-04-05T14:25:24.381+0000] {processor.py:161} INFO - Started process (PID=3798) to work on /home/airflow/.local/lib/python3.8/site-packages/airflow/example_dags/example_setup_teardown.py
[2025-04-05T14:25:24.383+0000] {processor.py:830} INFO - Processing file /home/airflow/.local/lib/python3.8/site-packages/airflow/example_dags/example_setup_teardown.py for tasks to queue
[2025-04-05T14:25:24.384+0000] {logging_mixin.py:188} INFO - [2025-04-05T14:25:24.384+0000] {dagbag.py:538} INFO - Filling up the DagBag from /home/airflow/.local/lib/python3.8/site-packages/airflow/example_dags/example_setup_teardown.py
[2025-04-05T14:25:24.393+0000] {processor.py:840} INFO - DAG(s) 'example_setup_teardown' retrieved from /home/airflow/.local/lib/python3.8/site-packages/airflow/example_dags/example_setup_teardown.py
[2025-04-05T14:25:24.416+0000] {logging_mixin.py:188} INFO - [2025-04-05T14:25:24.416+0000] {dag.py:3036} INFO - Sync 1 DAGs
[2025-04-05T14:25:24.439+0000] {logging_mixin.py:188} INFO - [2025-04-05T14:25:24.438+0000] {dag.py:3823} INFO - Setting next_dagrun for example_setup_teardown to 2025-04-04 00:00:00+00:00, run_after=2025-04-05 00:00:00+00:00
[2025-04-05T14:25:24.461+0000] {processor.py:183} INFO - Processing /home/airflow/.local/lib/python3.8/site-packages/airflow/example_dags/example_setup_teardown.py took 0.083 seconds
[2025-04-05T14:25:55.489+0000] {processor.py:161} INFO - Started process (PID=4047) to work on /home/airflow/.local/lib/python3.8/site-packages/airflow/example_dags/example_setup_teardown.py
[2025-04-05T14:25:55.490+0000] {processor.py:830} INFO - Processing file /home/airflow/.local/lib/python3.8/site-packages/airflow/example_dags/example_setup_teardown.py for tasks to queue
[2025-04-05T14:25:55.491+0000] {logging_mixin.py:188} INFO - [2025-04-05T14:25:55.491+0000] {dagbag.py:538} INFO - Filling up the DagBag from /home/airflow/.local/lib/python3.8/site-packages/airflow/example_dags/example_setup_teardown.py
[2025-04-05T14:25:55.497+0000] {processor.py:840} INFO - DAG(s) 'example_setup_teardown' retrieved from /home/airflow/.local/lib/python3.8/site-packages/airflow/example_dags/example_setup_teardown.py
[2025-04-05T14:25:55.518+0000] {logging_mixin.py:188} INFO - [2025-04-05T14:25:55.517+0000] {dag.py:3036} INFO - Sync 1 DAGs
[2025-04-05T14:25:55.538+0000] {logging_mixin.py:188} INFO - [2025-04-05T14:25:55.538+0000] {dag.py:3823} INFO - Setting next_dagrun for example_setup_teardown to 2025-04-04 00:00:00+00:00, run_after=2025-04-05 00:00:00+00:00
[2025-04-05T14:25:55.558+0000] {processor.py:183} INFO - Processing /home/airflow/.local/lib/python3.8/site-packages/airflow/example_dags/example_setup_teardown.py took 0.072 seconds
[2025-04-05T14:26:26.221+0000] {processor.py:161} INFO - Started process (PID=4294) to work on /home/airflow/.local/lib/python3.8/site-packages/airflow/example_dags/example_setup_teardown.py
[2025-04-05T14:26:26.223+0000] {processor.py:830} INFO - Processing file /home/airflow/.local/lib/python3.8/site-packages/airflow/example_dags/example_setup_teardown.py for tasks to queue
[2025-04-05T14:26:26.223+0000] {logging_mixin.py:188} INFO - [2025-04-05T14:26:26.223+0000] {dagbag.py:538} INFO - Filling up the DagBag from /home/airflow/.local/lib/python3.8/site-packages/airflow/example_dags/example_setup_teardown.py
[2025-04-05T14:26:26.230+0000] {processor.py:840} INFO - DAG(s) 'example_setup_teardown' retrieved from /home/airflow/.local/lib/python3.8/site-packages/airflow/example_dags/example_setup_teardown.py
[2025-04-05T14:26:26.251+0000] {logging_mixin.py:188} INFO - [2025-04-05T14:26:26.251+0000] {dag.py:3036} INFO - Sync 1 DAGs
[2025-04-05T14:26:26.272+0000] {logging_mixin.py:188} INFO - [2025-04-05T14:26:26.272+0000] {dag.py:3823} INFO - Setting next_dagrun for example_setup_teardown to 2025-04-04 00:00:00+00:00, run_after=2025-04-05 00:00:00+00:00
[2025-04-05T14:26:26.296+0000] {processor.py:183} INFO - Processing /home/airflow/.local/lib/python3.8/site-packages/airflow/example_dags/example_setup_teardown.py took 0.078 seconds
[2025-04-05T14:26:56.561+0000] {processor.py:161} INFO - Started process (PID=4542) to work on /home/airflow/.local/lib/python3.8/site-packages/airflow/example_dags/example_setup_teardown.py
[2025-04-05T14:26:56.565+0000] {processor.py:830} INFO - Processing file /home/airflow/.local/lib/python3.8/site-packages/airflow/example_dags/example_setup_teardown.py for tasks to queue
[2025-04-05T14:26:56.568+0000] {logging_mixin.py:188} INFO - [2025-04-05T14:26:56.567+0000] {dagbag.py:538} INFO - Filling up the DagBag from /home/airflow/.local/lib/python3.8/site-packages/airflow/example_dags/example_setup_teardown.py
[2025-04-05T14:26:56.585+0000] {processor.py:840} INFO - DAG(s) 'example_setup_teardown' retrieved from /home/airflow/.local/lib/python3.8/site-packages/airflow/example_dags/example_setup_teardown.py
[2025-04-05T14:26:56.646+0000] {logging_mixin.py:188} INFO - [2025-04-05T14:26:56.646+0000] {dag.py:3036} INFO - Sync 1 DAGs
[2025-04-05T14:26:56.691+0000] {logging_mixin.py:188} INFO - [2025-04-05T14:26:56.690+0000] {dag.py:3823} INFO - Setting next_dagrun for example_setup_teardown to 2025-04-04 00:00:00+00:00, run_after=2025-04-05 00:00:00+00:00
[2025-04-05T14:28:36.418+0000] {processor.py:161} INFO - Started process (PID=331) to work on /home/airflow/.local/lib/python3.8/site-packages/airflow/example_dags/example_setup_teardown.py
[2025-04-05T14:28:36.420+0000] {processor.py:830} INFO - Processing file /home/airflow/.local/lib/python3.8/site-packages/airflow/example_dags/example_setup_teardown.py for tasks to queue
[2025-04-05T14:28:36.421+0000] {logging_mixin.py:188} INFO - [2025-04-05T14:28:36.421+0000] {dagbag.py:538} INFO - Filling up the DagBag from /home/airflow/.local/lib/python3.8/site-packages/airflow/example_dags/example_setup_teardown.py
[2025-04-05T14:28:36.440+0000] {processor.py:840} INFO - DAG(s) 'example_setup_teardown' retrieved from /home/airflow/.local/lib/python3.8/site-packages/airflow/example_dags/example_setup_teardown.py
[2025-04-05T14:28:36.478+0000] {logging_mixin.py:188} INFO - [2025-04-05T14:28:36.477+0000] {dag.py:3036} INFO - Sync 1 DAGs
[2025-04-05T14:28:36.550+0000] {logging_mixin.py:188} INFO - [2025-04-05T14:28:36.549+0000] {dag.py:3823} INFO - Setting next_dagrun for example_setup_teardown to 2025-04-04 00:00:00+00:00, run_after=2025-04-05 00:00:00+00:00
[2025-04-05T14:28:36.585+0000] {processor.py:183} INFO - Processing /home/airflow/.local/lib/python3.8/site-packages/airflow/example_dags/example_setup_teardown.py took 0.172 seconds
[2025-04-05T14:29:08.037+0000] {processor.py:161} INFO - Started process (PID=582) to work on /home/airflow/.local/lib/python3.8/site-packages/airflow/example_dags/example_setup_teardown.py
[2025-04-05T14:29:08.038+0000] {processor.py:830} INFO - Processing file /home/airflow/.local/lib/python3.8/site-packages/airflow/example_dags/example_setup_teardown.py for tasks to queue
[2025-04-05T14:29:08.040+0000] {logging_mixin.py:188} INFO - [2025-04-05T14:29:08.039+0000] {dagbag.py:538} INFO - Filling up the DagBag from /home/airflow/.local/lib/python3.8/site-packages/airflow/example_dags/example_setup_teardown.py
[2025-04-05T14:29:08.047+0000] {processor.py:840} INFO - DAG(s) 'example_setup_teardown' retrieved from /home/airflow/.local/lib/python3.8/site-packages/airflow/example_dags/example_setup_teardown.py
[2025-04-05T14:29:08.150+0000] {logging_mixin.py:188} INFO - [2025-04-05T14:29:08.150+0000] {dag.py:3036} INFO - Sync 1 DAGs
[2025-04-05T14:29:08.172+0000] {logging_mixin.py:188} INFO - [2025-04-05T14:29:08.172+0000] {dag.py:3823} INFO - Setting next_dagrun for example_setup_teardown to 2025-04-04 00:00:00+00:00, run_after=2025-04-05 00:00:00+00:00
[2025-04-05T14:29:08.193+0000] {processor.py:183} INFO - Processing /home/airflow/.local/lib/python3.8/site-packages/airflow/example_dags/example_setup_teardown.py took 0.159 seconds
[2025-04-05T14:29:38.832+0000] {processor.py:161} INFO - Started process (PID=827) to work on /home/airflow/.local/lib/python3.8/site-packages/airflow/example_dags/example_setup_teardown.py
[2025-04-05T14:29:38.833+0000] {processor.py:830} INFO - Processing file /home/airflow/.local/lib/python3.8/site-packages/airflow/example_dags/example_setup_teardown.py for tasks to queue
[2025-04-05T14:29:38.834+0000] {logging_mixin.py:188} INFO - [2025-04-05T14:29:38.833+0000] {dagbag.py:538} INFO - Filling up the DagBag from /home/airflow/.local/lib/python3.8/site-packages/airflow/example_dags/example_setup_teardown.py
[2025-04-05T14:29:38.840+0000] {processor.py:840} INFO - DAG(s) 'example_setup_teardown' retrieved from /home/airflow/.local/lib/python3.8/site-packages/airflow/example_dags/example_setup_teardown.py
[2025-04-05T14:29:38.860+0000] {logging_mixin.py:188} INFO - [2025-04-05T14:29:38.860+0000] {dag.py:3036} INFO - Sync 1 DAGs
[2025-04-05T14:29:38.879+0000] {logging_mixin.py:188} INFO - [2025-04-05T14:29:38.879+0000] {dag.py:3823} INFO - Setting next_dagrun for example_setup_teardown to 2025-04-04 00:00:00+00:00, run_after=2025-04-05 00:00:00+00:00
[2025-04-05T14:29:38.900+0000] {processor.py:183} INFO - Processing /home/airflow/.local/lib/python3.8/site-packages/airflow/example_dags/example_setup_teardown.py took 0.071 seconds
[2025-04-05T14:30:09.323+0000] {processor.py:161} INFO - Started process (PID=1076) to work on /home/airflow/.local/lib/python3.8/site-packages/airflow/example_dags/example_setup_teardown.py
[2025-04-05T14:30:09.324+0000] {processor.py:830} INFO - Processing file /home/airflow/.local/lib/python3.8/site-packages/airflow/example_dags/example_setup_teardown.py for tasks to queue
[2025-04-05T14:30:09.325+0000] {logging_mixin.py:188} INFO - [2025-04-05T14:30:09.325+0000] {dagbag.py:538} INFO - Filling up the DagBag from /home/airflow/.local/lib/python3.8/site-packages/airflow/example_dags/example_setup_teardown.py
[2025-04-05T14:30:09.331+0000] {processor.py:840} INFO - DAG(s) 'example_setup_teardown' retrieved from /home/airflow/.local/lib/python3.8/site-packages/airflow/example_dags/example_setup_teardown.py
[2025-04-05T14:30:09.351+0000] {logging_mixin.py:188} INFO - [2025-04-05T14:30:09.351+0000] {dag.py:3036} INFO - Sync 1 DAGs
[2025-04-05T14:30:09.370+0000] {logging_mixin.py:188} INFO - [2025-04-05T14:30:09.370+0000] {dag.py:3823} INFO - Setting next_dagrun for example_setup_teardown to 2025-04-04 00:00:00+00:00, run_after=2025-04-05 00:00:00+00:00
[2025-04-05T14:30:09.391+0000] {processor.py:183} INFO - Processing /home/airflow/.local/lib/python3.8/site-packages/airflow/example_dags/example_setup_teardown.py took 0.071 seconds
[2025-04-05T14:30:40.150+0000] {processor.py:161} INFO - Started process (PID=1321) to work on /home/airflow/.local/lib/python3.8/site-packages/airflow/example_dags/example_setup_teardown.py
[2025-04-05T14:30:40.151+0000] {processor.py:830} INFO - Processing file /home/airflow/.local/lib/python3.8/site-packages/airflow/example_dags/example_setup_teardown.py for tasks to queue
[2025-04-05T14:30:40.152+0000] {logging_mixin.py:188} INFO - [2025-04-05T14:30:40.151+0000] {dagbag.py:538} INFO - Filling up the DagBag from /home/airflow/.local/lib/python3.8/site-packages/airflow/example_dags/example_setup_teardown.py
[2025-04-05T14:30:40.158+0000] {processor.py:840} INFO - DAG(s) 'example_setup_teardown' retrieved from /home/airflow/.local/lib/python3.8/site-packages/airflow/example_dags/example_setup_teardown.py
[2025-04-05T14:30:40.178+0000] {logging_mixin.py:188} INFO - [2025-04-05T14:30:40.178+0000] {dag.py:3036} INFO - Sync 1 DAGs
[2025-04-05T14:30:40.198+0000] {logging_mixin.py:188} INFO - [2025-04-05T14:30:40.198+0000] {dag.py:3823} INFO - Setting next_dagrun for example_setup_teardown to 2025-04-04 00:00:00+00:00, run_after=2025-04-05 00:00:00+00:00
[2025-04-05T14:30:40.217+0000] {processor.py:183} INFO - Processing /home/airflow/.local/lib/python3.8/site-packages/airflow/example_dags/example_setup_teardown.py took 0.071 seconds
[2025-04-05T14:31:12.172+0000] {processor.py:161} INFO - Started process (PID=1570) to work on /home/airflow/.local/lib/python3.8/site-packages/airflow/example_dags/example_setup_teardown.py
[2025-04-05T14:31:12.174+0000] {processor.py:830} INFO - Processing file /home/airflow/.local/lib/python3.8/site-packages/airflow/example_dags/example_setup_teardown.py for tasks to queue
[2025-04-05T14:31:12.176+0000] {logging_mixin.py:188} INFO - [2025-04-05T14:31:12.176+0000] {dagbag.py:538} INFO - Filling up the DagBag from /home/airflow/.local/lib/python3.8/site-packages/airflow/example_dags/example_setup_teardown.py
[2025-04-05T14:31:12.187+0000] {processor.py:840} INFO - DAG(s) 'example_setup_teardown' retrieved from /home/airflow/.local/lib/python3.8/site-packages/airflow/example_dags/example_setup_teardown.py
[2025-04-05T14:31:12.210+0000] {logging_mixin.py:188} INFO - [2025-04-05T14:31:12.210+0000] {dag.py:3036} INFO - Sync 1 DAGs
[2025-04-05T14:31:12.240+0000] {logging_mixin.py:188} INFO - [2025-04-05T14:31:12.238+0000] {dag.py:3823} INFO - Setting next_dagrun for example_setup_teardown to 2025-04-04 00:00:00+00:00, run_after=2025-04-05 00:00:00+00:00
[2025-04-05T14:31:12.270+0000] {processor.py:183} INFO - Processing /home/airflow/.local/lib/python3.8/site-packages/airflow/example_dags/example_setup_teardown.py took 0.102 seconds
[2025-04-05T14:31:42.401+0000] {processor.py:161} INFO - Started process (PID=1815) to work on /home/airflow/.local/lib/python3.8/site-packages/airflow/example_dags/example_setup_teardown.py
[2025-04-05T14:31:42.402+0000] {processor.py:830} INFO - Processing file /home/airflow/.local/lib/python3.8/site-packages/airflow/example_dags/example_setup_teardown.py for tasks to queue
[2025-04-05T14:31:42.403+0000] {logging_mixin.py:188} INFO - [2025-04-05T14:31:42.403+0000] {dagbag.py:538} INFO - Filling up the DagBag from /home/airflow/.local/lib/python3.8/site-packages/airflow/example_dags/example_setup_teardown.py
[2025-04-05T14:31:42.411+0000] {processor.py:840} INFO - DAG(s) 'example_setup_teardown' retrieved from /home/airflow/.local/lib/python3.8/site-packages/airflow/example_dags/example_setup_teardown.py
[2025-04-05T14:31:42.430+0000] {logging_mixin.py:188} INFO - [2025-04-05T14:31:42.430+0000] {dag.py:3036} INFO - Sync 1 DAGs
[2025-04-05T14:31:42.454+0000] {logging_mixin.py:188} INFO - [2025-04-05T14:31:42.453+0000] {dag.py:3823} INFO - Setting next_dagrun for example_setup_teardown to 2025-04-04 00:00:00+00:00, run_after=2025-04-05 00:00:00+00:00
[2025-04-05T14:31:42.473+0000] {processor.py:183} INFO - Processing /home/airflow/.local/lib/python3.8/site-packages/airflow/example_dags/example_setup_teardown.py took 0.075 seconds
[2025-04-05T14:32:12.717+0000] {processor.py:161} INFO - Started process (PID=2062) to work on /home/airflow/.local/lib/python3.8/site-packages/airflow/example_dags/example_setup_teardown.py
[2025-04-05T14:32:12.718+0000] {processor.py:830} INFO - Processing file /home/airflow/.local/lib/python3.8/site-packages/airflow/example_dags/example_setup_teardown.py for tasks to queue
[2025-04-05T14:32:12.719+0000] {logging_mixin.py:188} INFO - [2025-04-05T14:32:12.719+0000] {dagbag.py:538} INFO - Filling up the DagBag from /home/airflow/.local/lib/python3.8/site-packages/airflow/example_dags/example_setup_teardown.py
[2025-04-05T14:32:12.727+0000] {processor.py:840} INFO - DAG(s) 'example_setup_teardown' retrieved from /home/airflow/.local/lib/python3.8/site-packages/airflow/example_dags/example_setup_teardown.py
[2025-04-05T14:32:12.747+0000] {logging_mixin.py:188} INFO - [2025-04-05T14:32:12.746+0000] {dag.py:3036} INFO - Sync 1 DAGs
[2025-04-05T14:32:12.766+0000] {logging_mixin.py:188} INFO - [2025-04-05T14:32:12.766+0000] {dag.py:3823} INFO - Setting next_dagrun for example_setup_teardown to 2025-04-04 00:00:00+00:00, run_after=2025-04-05 00:00:00+00:00
[2025-04-05T14:32:12.787+0000] {processor.py:183} INFO - Processing /home/airflow/.local/lib/python3.8/site-packages/airflow/example_dags/example_setup_teardown.py took 0.072 seconds
[2025-04-05T14:32:43.728+0000] {processor.py:161} INFO - Started process (PID=2309) to work on /home/airflow/.local/lib/python3.8/site-packages/airflow/example_dags/example_setup_teardown.py
[2025-04-05T14:32:43.728+0000] {processor.py:830} INFO - Processing file /home/airflow/.local/lib/python3.8/site-packages/airflow/example_dags/example_setup_teardown.py for tasks to queue
[2025-04-05T14:32:43.729+0000] {logging_mixin.py:188} INFO - [2025-04-05T14:32:43.729+0000] {dagbag.py:538} INFO - Filling up the DagBag from /home/airflow/.local/lib/python3.8/site-packages/airflow/example_dags/example_setup_teardown.py
[2025-04-05T14:32:43.736+0000] {processor.py:840} INFO - DAG(s) 'example_setup_teardown' retrieved from /home/airflow/.local/lib/python3.8/site-packages/airflow/example_dags/example_setup_teardown.py
[2025-04-05T14:32:43.753+0000] {logging_mixin.py:188} INFO - [2025-04-05T14:32:43.753+0000] {dag.py:3036} INFO - Sync 1 DAGs
[2025-04-05T14:32:43.772+0000] {logging_mixin.py:188} INFO - [2025-04-05T14:32:43.772+0000] {dag.py:3823} INFO - Setting next_dagrun for example_setup_teardown to 2025-04-04 00:00:00+00:00, run_after=2025-04-05 00:00:00+00:00
[2025-04-05T14:32:43.795+0000] {processor.py:183} INFO - Processing /home/airflow/.local/lib/python3.8/site-packages/airflow/example_dags/example_setup_teardown.py took 0.070 seconds
[2025-04-05T14:33:14.176+0000] {processor.py:161} INFO - Started process (PID=2556) to work on /home/airflow/.local/lib/python3.8/site-packages/airflow/example_dags/example_setup_teardown.py
[2025-04-05T14:33:14.177+0000] {processor.py:830} INFO - Processing file /home/airflow/.local/lib/python3.8/site-packages/airflow/example_dags/example_setup_teardown.py for tasks to queue
[2025-04-05T14:33:14.178+0000] {logging_mixin.py:188} INFO - [2025-04-05T14:33:14.177+0000] {dagbag.py:538} INFO - Filling up the DagBag from /home/airflow/.local/lib/python3.8/site-packages/airflow/example_dags/example_setup_teardown.py
[2025-04-05T14:33:14.184+0000] {processor.py:840} INFO - DAG(s) 'example_setup_teardown' retrieved from /home/airflow/.local/lib/python3.8/site-packages/airflow/example_dags/example_setup_teardown.py
[2025-04-05T14:33:14.202+0000] {logging_mixin.py:188} INFO - [2025-04-05T14:33:14.202+0000] {dag.py:3036} INFO - Sync 1 DAGs
[2025-04-05T14:33:14.222+0000] {logging_mixin.py:188} INFO - [2025-04-05T14:33:14.222+0000] {dag.py:3823} INFO - Setting next_dagrun for example_setup_teardown to 2025-04-04 00:00:00+00:00, run_after=2025-04-05 00:00:00+00:00
[2025-04-05T14:33:14.244+0000] {processor.py:183} INFO - Processing /home/airflow/.local/lib/python3.8/site-packages/airflow/example_dags/example_setup_teardown.py took 0.071 seconds
[2025-04-05T14:33:44.349+0000] {processor.py:161} INFO - Started process (PID=2803) to work on /home/airflow/.local/lib/python3.8/site-packages/airflow/example_dags/example_setup_teardown.py
[2025-04-05T14:33:44.350+0000] {processor.py:830} INFO - Processing file /home/airflow/.local/lib/python3.8/site-packages/airflow/example_dags/example_setup_teardown.py for tasks to queue
[2025-04-05T14:33:44.351+0000] {logging_mixin.py:188} INFO - [2025-04-05T14:33:44.351+0000] {dagbag.py:538} INFO - Filling up the DagBag from /home/airflow/.local/lib/python3.8/site-packages/airflow/example_dags/example_setup_teardown.py
[2025-04-05T14:33:44.357+0000] {processor.py:840} INFO - DAG(s) 'example_setup_teardown' retrieved from /home/airflow/.local/lib/python3.8/site-packages/airflow/example_dags/example_setup_teardown.py
[2025-04-05T14:33:44.375+0000] {logging_mixin.py:188} INFO - [2025-04-05T14:33:44.375+0000] {dag.py:3036} INFO - Sync 1 DAGs
[2025-04-05T14:33:44.395+0000] {logging_mixin.py:188} INFO - [2025-04-05T14:33:44.395+0000] {dag.py:3823} INFO - Setting next_dagrun for example_setup_teardown to 2025-04-04 00:00:00+00:00, run_after=2025-04-05 00:00:00+00:00
[2025-04-05T14:33:44.417+0000] {processor.py:183} INFO - Processing /home/airflow/.local/lib/python3.8/site-packages/airflow/example_dags/example_setup_teardown.py took 0.071 seconds
[2025-04-05T14:34:14.733+0000] {processor.py:161} INFO - Started process (PID=3052) to work on /home/airflow/.local/lib/python3.8/site-packages/airflow/example_dags/example_setup_teardown.py
[2025-04-05T14:34:14.734+0000] {processor.py:830} INFO - Processing file /home/airflow/.local/lib/python3.8/site-packages/airflow/example_dags/example_setup_teardown.py for tasks to queue
[2025-04-05T14:34:14.735+0000] {logging_mixin.py:188} INFO - [2025-04-05T14:34:14.735+0000] {dagbag.py:538} INFO - Filling up the DagBag from /home/airflow/.local/lib/python3.8/site-packages/airflow/example_dags/example_setup_teardown.py
[2025-04-05T14:34:14.742+0000] {processor.py:840} INFO - DAG(s) 'example_setup_teardown' retrieved from /home/airflow/.local/lib/python3.8/site-packages/airflow/example_dags/example_setup_teardown.py
[2025-04-05T14:34:14.762+0000] {logging_mixin.py:188} INFO - [2025-04-05T14:34:14.761+0000] {dag.py:3036} INFO - Sync 1 DAGs
[2025-04-05T14:34:14.780+0000] {logging_mixin.py:188} INFO - [2025-04-05T14:34:14.779+0000] {dag.py:3823} INFO - Setting next_dagrun for example_setup_teardown to 2025-04-04 00:00:00+00:00, run_after=2025-04-05 00:00:00+00:00
[2025-04-05T14:34:14.798+0000] {processor.py:183} INFO - Processing /home/airflow/.local/lib/python3.8/site-packages/airflow/example_dags/example_setup_teardown.py took 0.068 seconds
[2025-04-05T14:34:45.117+0000] {processor.py:161} INFO - Started process (PID=3299) to work on /home/airflow/.local/lib/python3.8/site-packages/airflow/example_dags/example_setup_teardown.py
[2025-04-05T14:34:45.118+0000] {processor.py:830} INFO - Processing file /home/airflow/.local/lib/python3.8/site-packages/airflow/example_dags/example_setup_teardown.py for tasks to queue
[2025-04-05T14:34:45.118+0000] {logging_mixin.py:188} INFO - [2025-04-05T14:34:45.118+0000] {dagbag.py:538} INFO - Filling up the DagBag from /home/airflow/.local/lib/python3.8/site-packages/airflow/example_dags/example_setup_teardown.py
[2025-04-05T14:34:45.125+0000] {processor.py:840} INFO - DAG(s) 'example_setup_teardown' retrieved from /home/airflow/.local/lib/python3.8/site-packages/airflow/example_dags/example_setup_teardown.py
[2025-04-05T14:34:45.146+0000] {logging_mixin.py:188} INFO - [2025-04-05T14:34:45.146+0000] {dag.py:3036} INFO - Sync 1 DAGs
[2025-04-05T14:34:45.165+0000] {logging_mixin.py:188} INFO - [2025-04-05T14:34:45.165+0000] {dag.py:3823} INFO - Setting next_dagrun for example_setup_teardown to 2025-04-04 00:00:00+00:00, run_after=2025-04-05 00:00:00+00:00
[2025-04-05T14:34:45.185+0000] {processor.py:183} INFO - Processing /home/airflow/.local/lib/python3.8/site-packages/airflow/example_dags/example_setup_teardown.py took 0.072 seconds
[2025-04-05T16:40:59.403+0000] {processor.py:161} INFO - Started process (PID=331) to work on /home/airflow/.local/lib/python3.8/site-packages/airflow/example_dags/example_setup_teardown.py
[2025-04-05T16:40:59.404+0000] {processor.py:830} INFO - Processing file /home/airflow/.local/lib/python3.8/site-packages/airflow/example_dags/example_setup_teardown.py for tasks to queue
[2025-04-05T16:40:59.406+0000] {logging_mixin.py:188} INFO - [2025-04-05T16:40:59.405+0000] {dagbag.py:538} INFO - Filling up the DagBag from /home/airflow/.local/lib/python3.8/site-packages/airflow/example_dags/example_setup_teardown.py
[2025-04-05T16:40:59.415+0000] {processor.py:840} INFO - DAG(s) 'example_setup_teardown' retrieved from /home/airflow/.local/lib/python3.8/site-packages/airflow/example_dags/example_setup_teardown.py
[2025-04-05T16:40:59.553+0000] {logging_mixin.py:188} INFO - [2025-04-05T16:40:59.552+0000] {override.py:1769} INFO - Created Permission View: can edit on DAG:example_setup_teardown
[2025-04-05T16:40:59.567+0000] {logging_mixin.py:188} INFO - [2025-04-05T16:40:59.566+0000] {override.py:1769} INFO - Created Permission View: can delete on DAG:example_setup_teardown
[2025-04-05T16:40:59.576+0000] {logging_mixin.py:188} INFO - [2025-04-05T16:40:59.576+0000] {override.py:1769} INFO - Created Permission View: can read on DAG:example_setup_teardown
[2025-04-05T16:40:59.577+0000] {logging_mixin.py:188} INFO - [2025-04-05T16:40:59.577+0000] {dag.py:3036} INFO - Sync 1 DAGs
[2025-04-05T16:40:59.591+0000] {logging_mixin.py:188} INFO - [2025-04-05T16:40:59.590+0000] {dag.py:3058} INFO - Creating ORM DAG for example_setup_teardown
[2025-04-05T16:40:59.603+0000] {logging_mixin.py:188} INFO - [2025-04-05T16:40:59.602+0000] {dag.py:3823} INFO - Setting next_dagrun for example_setup_teardown to 2025-04-04 00:00:00+00:00, run_after=2025-04-05 00:00:00+00:00
[2025-04-05T16:40:59.627+0000] {processor.py:183} INFO - Processing /home/airflow/.local/lib/python3.8/site-packages/airflow/example_dags/example_setup_teardown.py took 0.229 seconds
[2025-04-05T16:41:29.704+0000] {processor.py:161} INFO - Started process (PID=578) to work on /home/airflow/.local/lib/python3.8/site-packages/airflow/example_dags/example_setup_teardown.py
[2025-04-05T16:41:29.708+0000] {processor.py:830} INFO - Processing file /home/airflow/.local/lib/python3.8/site-packages/airflow/example_dags/example_setup_teardown.py for tasks to queue
[2025-04-05T16:41:29.710+0000] {logging_mixin.py:188} INFO - [2025-04-05T16:41:29.709+0000] {dagbag.py:538} INFO - Filling up the DagBag from /home/airflow/.local/lib/python3.8/site-packages/airflow/example_dags/example_setup_teardown.py
[2025-04-05T16:41:29.718+0000] {processor.py:840} INFO - DAG(s) 'example_setup_teardown' retrieved from /home/airflow/.local/lib/python3.8/site-packages/airflow/example_dags/example_setup_teardown.py
[2025-04-05T16:41:29.740+0000] {logging_mixin.py:188} INFO - [2025-04-05T16:41:29.740+0000] {dag.py:3036} INFO - Sync 1 DAGs
[2025-04-05T16:41:29.764+0000] {logging_mixin.py:188} INFO - [2025-04-05T16:41:29.764+0000] {dag.py:3823} INFO - Setting next_dagrun for example_setup_teardown to 2025-04-04 00:00:00+00:00, run_after=2025-04-05 00:00:00+00:00
[2025-04-05T16:41:29.807+0000] {processor.py:183} INFO - Processing /home/airflow/.local/lib/python3.8/site-packages/airflow/example_dags/example_setup_teardown.py took 0.107 seconds
[2025-04-05T16:42:00.738+0000] {processor.py:161} INFO - Started process (PID=827) to work on /home/airflow/.local/lib/python3.8/site-packages/airflow/example_dags/example_setup_teardown.py
[2025-04-05T16:42:00.740+0000] {processor.py:830} INFO - Processing file /home/airflow/.local/lib/python3.8/site-packages/airflow/example_dags/example_setup_teardown.py for tasks to queue
[2025-04-05T16:42:00.741+0000] {logging_mixin.py:188} INFO - [2025-04-05T16:42:00.741+0000] {dagbag.py:538} INFO - Filling up the DagBag from /home/airflow/.local/lib/python3.8/site-packages/airflow/example_dags/example_setup_teardown.py
[2025-04-05T16:42:00.750+0000] {processor.py:840} INFO - DAG(s) 'example_setup_teardown' retrieved from /home/airflow/.local/lib/python3.8/site-packages/airflow/example_dags/example_setup_teardown.py
[2025-04-05T16:42:00.774+0000] {logging_mixin.py:188} INFO - [2025-04-05T16:42:00.774+0000] {dag.py:3036} INFO - Sync 1 DAGs
[2025-04-05T16:42:00.801+0000] {logging_mixin.py:188} INFO - [2025-04-05T16:42:00.800+0000] {dag.py:3823} INFO - Setting next_dagrun for example_setup_teardown to 2025-04-04 00:00:00+00:00, run_after=2025-04-05 00:00:00+00:00
[2025-04-05T16:42:00.829+0000] {processor.py:183} INFO - Processing /home/airflow/.local/lib/python3.8/site-packages/airflow/example_dags/example_setup_teardown.py took 0.095 seconds
[2025-04-05T16:42:31.480+0000] {processor.py:161} INFO - Started process (PID=1072) to work on /home/airflow/.local/lib/python3.8/site-packages/airflow/example_dags/example_setup_teardown.py
[2025-04-05T16:42:31.481+0000] {processor.py:830} INFO - Processing file /home/airflow/.local/lib/python3.8/site-packages/airflow/example_dags/example_setup_teardown.py for tasks to queue
[2025-04-05T16:42:31.483+0000] {logging_mixin.py:188} INFO - [2025-04-05T16:42:31.483+0000] {dagbag.py:538} INFO - Filling up the DagBag from /home/airflow/.local/lib/python3.8/site-packages/airflow/example_dags/example_setup_teardown.py
[2025-04-05T16:42:31.490+0000] {processor.py:840} INFO - DAG(s) 'example_setup_teardown' retrieved from /home/airflow/.local/lib/python3.8/site-packages/airflow/example_dags/example_setup_teardown.py
[2025-04-05T16:42:31.510+0000] {logging_mixin.py:188} INFO - [2025-04-05T16:42:31.510+0000] {dag.py:3036} INFO - Sync 1 DAGs
[2025-04-05T16:42:31.531+0000] {logging_mixin.py:188} INFO - [2025-04-05T16:42:31.531+0000] {dag.py:3823} INFO - Setting next_dagrun for example_setup_teardown to 2025-04-04 00:00:00+00:00, run_after=2025-04-05 00:00:00+00:00
[2025-04-05T16:42:31.556+0000] {processor.py:183} INFO - Processing /home/airflow/.local/lib/python3.8/site-packages/airflow/example_dags/example_setup_teardown.py took 0.080 seconds
[2025-04-05T16:43:01.634+0000] {processor.py:161} INFO - Started process (PID=1319) to work on /home/airflow/.local/lib/python3.8/site-packages/airflow/example_dags/example_setup_teardown.py
[2025-04-05T16:43:01.636+0000] {processor.py:830} INFO - Processing file /home/airflow/.local/lib/python3.8/site-packages/airflow/example_dags/example_setup_teardown.py for tasks to queue
[2025-04-05T16:43:01.637+0000] {logging_mixin.py:188} INFO - [2025-04-05T16:43:01.636+0000] {dagbag.py:538} INFO - Filling up the DagBag from /home/airflow/.local/lib/python3.8/site-packages/airflow/example_dags/example_setup_teardown.py
[2025-04-05T16:43:01.645+0000] {processor.py:840} INFO - DAG(s) 'example_setup_teardown' retrieved from /home/airflow/.local/lib/python3.8/site-packages/airflow/example_dags/example_setup_teardown.py
[2025-04-05T16:43:01.670+0000] {logging_mixin.py:188} INFO - [2025-04-05T16:43:01.670+0000] {dag.py:3036} INFO - Sync 1 DAGs
[2025-04-05T16:43:01.702+0000] {logging_mixin.py:188} INFO - [2025-04-05T16:43:01.702+0000] {dag.py:3823} INFO - Setting next_dagrun for example_setup_teardown to 2025-04-04 00:00:00+00:00, run_after=2025-04-05 00:00:00+00:00
[2025-04-05T16:43:01.723+0000] {processor.py:183} INFO - Processing /home/airflow/.local/lib/python3.8/site-packages/airflow/example_dags/example_setup_teardown.py took 0.092 seconds
[2025-04-05T16:43:31.982+0000] {processor.py:161} INFO - Started process (PID=1566) to work on /home/airflow/.local/lib/python3.8/site-packages/airflow/example_dags/example_setup_teardown.py
[2025-04-05T16:43:31.984+0000] {processor.py:830} INFO - Processing file /home/airflow/.local/lib/python3.8/site-packages/airflow/example_dags/example_setup_teardown.py for tasks to queue
[2025-04-05T16:43:31.985+0000] {logging_mixin.py:188} INFO - [2025-04-05T16:43:31.985+0000] {dagbag.py:538} INFO - Filling up the DagBag from /home/airflow/.local/lib/python3.8/site-packages/airflow/example_dags/example_setup_teardown.py
[2025-04-05T16:43:31.991+0000] {processor.py:840} INFO - DAG(s) 'example_setup_teardown' retrieved from /home/airflow/.local/lib/python3.8/site-packages/airflow/example_dags/example_setup_teardown.py
[2025-04-05T16:43:32.013+0000] {logging_mixin.py:188} INFO - [2025-04-05T16:43:32.013+0000] {dag.py:3036} INFO - Sync 1 DAGs
[2025-04-05T16:43:32.040+0000] {logging_mixin.py:188} INFO - [2025-04-05T16:43:32.040+0000] {dag.py:3823} INFO - Setting next_dagrun for example_setup_teardown to 2025-04-04 00:00:00+00:00, run_after=2025-04-05 00:00:00+00:00
[2025-04-05T16:43:32.069+0000] {processor.py:183} INFO - Processing /home/airflow/.local/lib/python3.8/site-packages/airflow/example_dags/example_setup_teardown.py took 0.089 seconds
[2025-04-05T16:44:02.218+0000] {processor.py:161} INFO - Started process (PID=1813) to work on /home/airflow/.local/lib/python3.8/site-packages/airflow/example_dags/example_setup_teardown.py
[2025-04-05T16:44:02.219+0000] {processor.py:830} INFO - Processing file /home/airflow/.local/lib/python3.8/site-packages/airflow/example_dags/example_setup_teardown.py for tasks to queue
[2025-04-05T16:44:02.220+0000] {logging_mixin.py:188} INFO - [2025-04-05T16:44:02.220+0000] {dagbag.py:538} INFO - Filling up the DagBag from /home/airflow/.local/lib/python3.8/site-packages/airflow/example_dags/example_setup_teardown.py
[2025-04-05T16:44:02.228+0000] {processor.py:840} INFO - DAG(s) 'example_setup_teardown' retrieved from /home/airflow/.local/lib/python3.8/site-packages/airflow/example_dags/example_setup_teardown.py
[2025-04-05T16:44:02.247+0000] {logging_mixin.py:188} INFO - [2025-04-05T16:44:02.246+0000] {dag.py:3036} INFO - Sync 1 DAGs
[2025-04-05T16:44:02.267+0000] {logging_mixin.py:188} INFO - [2025-04-05T16:44:02.267+0000] {dag.py:3823} INFO - Setting next_dagrun for example_setup_teardown to 2025-04-04 00:00:00+00:00, run_after=2025-04-05 00:00:00+00:00
[2025-04-05T16:44:02.295+0000] {processor.py:183} INFO - Processing /home/airflow/.local/lib/python3.8/site-packages/airflow/example_dags/example_setup_teardown.py took 0.081 seconds
[2025-04-05T16:44:32.428+0000] {processor.py:161} INFO - Started process (PID=2062) to work on /home/airflow/.local/lib/python3.8/site-packages/airflow/example_dags/example_setup_teardown.py
[2025-04-05T16:44:32.429+0000] {processor.py:830} INFO - Processing file /home/airflow/.local/lib/python3.8/site-packages/airflow/example_dags/example_setup_teardown.py for tasks to queue
[2025-04-05T16:44:32.430+0000] {logging_mixin.py:188} INFO - [2025-04-05T16:44:32.429+0000] {dagbag.py:538} INFO - Filling up the DagBag from /home/airflow/.local/lib/python3.8/site-packages/airflow/example_dags/example_setup_teardown.py
[2025-04-05T16:44:32.436+0000] {processor.py:840} INFO - DAG(s) 'example_setup_teardown' retrieved from /home/airflow/.local/lib/python3.8/site-packages/airflow/example_dags/example_setup_teardown.py
[2025-04-05T16:44:32.453+0000] {logging_mixin.py:188} INFO - [2025-04-05T16:44:32.453+0000] {dag.py:3036} INFO - Sync 1 DAGs
[2025-04-05T16:44:32.472+0000] {logging_mixin.py:188} INFO - [2025-04-05T16:44:32.472+0000] {dag.py:3823} INFO - Setting next_dagrun for example_setup_teardown to 2025-04-04 00:00:00+00:00, run_after=2025-04-05 00:00:00+00:00
[2025-04-05T16:44:32.490+0000] {processor.py:183} INFO - Processing /home/airflow/.local/lib/python3.8/site-packages/airflow/example_dags/example_setup_teardown.py took 0.065 seconds
[2025-04-05T16:45:02.839+0000] {processor.py:161} INFO - Started process (PID=2307) to work on /home/airflow/.local/lib/python3.8/site-packages/airflow/example_dags/example_setup_teardown.py
[2025-04-05T16:45:02.843+0000] {processor.py:830} INFO - Processing file /home/airflow/.local/lib/python3.8/site-packages/airflow/example_dags/example_setup_teardown.py for tasks to queue
[2025-04-05T16:45:02.845+0000] {logging_mixin.py:188} INFO - [2025-04-05T16:45:02.845+0000] {dagbag.py:538} INFO - Filling up the DagBag from /home/airflow/.local/lib/python3.8/site-packages/airflow/example_dags/example_setup_teardown.py
[2025-04-05T16:45:02.859+0000] {processor.py:840} INFO - DAG(s) 'example_setup_teardown' retrieved from /home/airflow/.local/lib/python3.8/site-packages/airflow/example_dags/example_setup_teardown.py
[2025-04-05T16:45:02.908+0000] {logging_mixin.py:188} INFO - [2025-04-05T16:45:02.906+0000] {dag.py:3036} INFO - Sync 1 DAGs
[2025-04-05T16:45:02.971+0000] {logging_mixin.py:188} INFO - [2025-04-05T16:45:02.970+0000] {dag.py:3823} INFO - Setting next_dagrun for example_setup_teardown to 2025-04-04 00:00:00+00:00, run_after=2025-04-05 00:00:00+00:00
[2025-04-05T16:45:03.176+0000] {processor.py:183} INFO - Processing /home/airflow/.local/lib/python3.8/site-packages/airflow/example_dags/example_setup_teardown.py took 0.342 seconds
[2025-04-05T16:45:33.462+0000] {processor.py:161} INFO - Started process (PID=2554) to work on /home/airflow/.local/lib/python3.8/site-packages/airflow/example_dags/example_setup_teardown.py
[2025-04-05T16:45:33.476+0000] {processor.py:830} INFO - Processing file /home/airflow/.local/lib/python3.8/site-packages/airflow/example_dags/example_setup_teardown.py for tasks to queue
[2025-04-05T16:45:33.478+0000] {logging_mixin.py:188} INFO - [2025-04-05T16:45:33.478+0000] {dagbag.py:538} INFO - Filling up the DagBag from /home/airflow/.local/lib/python3.8/site-packages/airflow/example_dags/example_setup_teardown.py
[2025-04-05T16:45:33.488+0000] {processor.py:840} INFO - DAG(s) 'example_setup_teardown' retrieved from /home/airflow/.local/lib/python3.8/site-packages/airflow/example_dags/example_setup_teardown.py
[2025-04-05T16:45:33.510+0000] {logging_mixin.py:188} INFO - [2025-04-05T16:45:33.510+0000] {dag.py:3036} INFO - Sync 1 DAGs
[2025-04-05T16:45:33.531+0000] {logging_mixin.py:188} INFO - [2025-04-05T16:45:33.531+0000] {dag.py:3823} INFO - Setting next_dagrun for example_setup_teardown to 2025-04-04 00:00:00+00:00, run_after=2025-04-05 00:00:00+00:00
[2025-04-05T16:45:33.575+0000] {processor.py:183} INFO - Processing /home/airflow/.local/lib/python3.8/site-packages/airflow/example_dags/example_setup_teardown.py took 0.117 seconds
[2025-04-05T16:46:04.941+0000] {processor.py:161} INFO - Started process (PID=2803) to work on /home/airflow/.local/lib/python3.8/site-packages/airflow/example_dags/example_setup_teardown.py
[2025-04-05T16:46:04.951+0000] {processor.py:830} INFO - Processing file /home/airflow/.local/lib/python3.8/site-packages/airflow/example_dags/example_setup_teardown.py for tasks to queue
[2025-04-05T16:46:04.952+0000] {logging_mixin.py:188} INFO - [2025-04-05T16:46:04.952+0000] {dagbag.py:538} INFO - Filling up the DagBag from /home/airflow/.local/lib/python3.8/site-packages/airflow/example_dags/example_setup_teardown.py
[2025-04-05T16:46:04.961+0000] {processor.py:840} INFO - DAG(s) 'example_setup_teardown' retrieved from /home/airflow/.local/lib/python3.8/site-packages/airflow/example_dags/example_setup_teardown.py
[2025-04-05T16:46:04.986+0000] {logging_mixin.py:188} INFO - [2025-04-05T16:46:04.986+0000] {dag.py:3036} INFO - Sync 1 DAGs
[2025-04-05T16:46:05.011+0000] {logging_mixin.py:188} INFO - [2025-04-05T16:46:05.011+0000] {dag.py:3823} INFO - Setting next_dagrun for example_setup_teardown to 2025-04-04 00:00:00+00:00, run_after=2025-04-05 00:00:00+00:00
[2025-04-05T16:46:05.081+0000] {processor.py:183} INFO - Processing /home/airflow/.local/lib/python3.8/site-packages/airflow/example_dags/example_setup_teardown.py took 0.144 seconds
[2025-04-05T16:46:35.836+0000] {processor.py:161} INFO - Started process (PID=3048) to work on /home/airflow/.local/lib/python3.8/site-packages/airflow/example_dags/example_setup_teardown.py
[2025-04-05T16:46:35.837+0000] {processor.py:830} INFO - Processing file /home/airflow/.local/lib/python3.8/site-packages/airflow/example_dags/example_setup_teardown.py for tasks to queue
[2025-04-05T16:46:35.838+0000] {logging_mixin.py:188} INFO - [2025-04-05T16:46:35.837+0000] {dagbag.py:538} INFO - Filling up the DagBag from /home/airflow/.local/lib/python3.8/site-packages/airflow/example_dags/example_setup_teardown.py
[2025-04-05T16:46:35.845+0000] {processor.py:840} INFO - DAG(s) 'example_setup_teardown' retrieved from /home/airflow/.local/lib/python3.8/site-packages/airflow/example_dags/example_setup_teardown.py
[2025-04-05T16:46:35.867+0000] {logging_mixin.py:188} INFO - [2025-04-05T16:46:35.867+0000] {dag.py:3036} INFO - Sync 1 DAGs
[2025-04-05T16:46:35.890+0000] {logging_mixin.py:188} INFO - [2025-04-05T16:46:35.890+0000] {dag.py:3823} INFO - Setting next_dagrun for example_setup_teardown to 2025-04-04 00:00:00+00:00, run_after=2025-04-05 00:00:00+00:00
[2025-04-05T16:46:35.914+0000] {processor.py:183} INFO - Processing /home/airflow/.local/lib/python3.8/site-packages/airflow/example_dags/example_setup_teardown.py took 0.081 seconds
[2025-04-05T16:47:06.287+0000] {processor.py:161} INFO - Started process (PID=3295) to work on /home/airflow/.local/lib/python3.8/site-packages/airflow/example_dags/example_setup_teardown.py
[2025-04-05T16:47:06.288+0000] {processor.py:830} INFO - Processing file /home/airflow/.local/lib/python3.8/site-packages/airflow/example_dags/example_setup_teardown.py for tasks to queue
[2025-04-05T16:47:06.289+0000] {logging_mixin.py:188} INFO - [2025-04-05T16:47:06.289+0000] {dagbag.py:538} INFO - Filling up the DagBag from /home/airflow/.local/lib/python3.8/site-packages/airflow/example_dags/example_setup_teardown.py
[2025-04-05T16:47:06.296+0000] {processor.py:840} INFO - DAG(s) 'example_setup_teardown' retrieved from /home/airflow/.local/lib/python3.8/site-packages/airflow/example_dags/example_setup_teardown.py
[2025-04-05T16:47:06.322+0000] {logging_mixin.py:188} INFO - [2025-04-05T16:47:06.322+0000] {dag.py:3036} INFO - Sync 1 DAGs
[2025-04-05T16:47:06.358+0000] {logging_mixin.py:188} INFO - [2025-04-05T16:47:06.358+0000] {dag.py:3823} INFO - Setting next_dagrun for example_setup_teardown to 2025-04-04 00:00:00+00:00, run_after=2025-04-05 00:00:00+00:00
[2025-04-05T16:47:06.390+0000] {processor.py:183} INFO - Processing /home/airflow/.local/lib/python3.8/site-packages/airflow/example_dags/example_setup_teardown.py took 0.106 seconds
[2025-04-05T16:47:36.573+0000] {processor.py:161} INFO - Started process (PID=3542) to work on /home/airflow/.local/lib/python3.8/site-packages/airflow/example_dags/example_setup_teardown.py
[2025-04-05T16:47:36.575+0000] {processor.py:830} INFO - Processing file /home/airflow/.local/lib/python3.8/site-packages/airflow/example_dags/example_setup_teardown.py for tasks to queue
[2025-04-05T16:47:36.577+0000] {logging_mixin.py:188} INFO - [2025-04-05T16:47:36.577+0000] {dagbag.py:538} INFO - Filling up the DagBag from /home/airflow/.local/lib/python3.8/site-packages/airflow/example_dags/example_setup_teardown.py
[2025-04-05T16:47:36.592+0000] {processor.py:840} INFO - DAG(s) 'example_setup_teardown' retrieved from /home/airflow/.local/lib/python3.8/site-packages/airflow/example_dags/example_setup_teardown.py
[2025-04-05T16:47:36.638+0000] {logging_mixin.py:188} INFO - [2025-04-05T16:47:36.637+0000] {dag.py:3036} INFO - Sync 1 DAGs
[2025-04-05T16:47:36.671+0000] {logging_mixin.py:188} INFO - [2025-04-05T16:47:36.671+0000] {dag.py:3823} INFO - Setting next_dagrun for example_setup_teardown to 2025-04-04 00:00:00+00:00, run_after=2025-04-05 00:00:00+00:00
[2025-04-05T16:47:36.702+0000] {processor.py:183} INFO - Processing /home/airflow/.local/lib/python3.8/site-packages/airflow/example_dags/example_setup_teardown.py took 0.133 seconds
[2025-04-05T16:48:06.857+0000] {processor.py:161} INFO - Started process (PID=3792) to work on /home/airflow/.local/lib/python3.8/site-packages/airflow/example_dags/example_setup_teardown.py
[2025-04-05T16:48:06.859+0000] {processor.py:830} INFO - Processing file /home/airflow/.local/lib/python3.8/site-packages/airflow/example_dags/example_setup_teardown.py for tasks to queue
[2025-04-05T16:48:06.860+0000] {logging_mixin.py:188} INFO - [2025-04-05T16:48:06.860+0000] {dagbag.py:538} INFO - Filling up the DagBag from /home/airflow/.local/lib/python3.8/site-packages/airflow/example_dags/example_setup_teardown.py
[2025-04-05T16:48:06.867+0000] {processor.py:840} INFO - DAG(s) 'example_setup_teardown' retrieved from /home/airflow/.local/lib/python3.8/site-packages/airflow/example_dags/example_setup_teardown.py
[2025-04-05T16:48:06.888+0000] {logging_mixin.py:188} INFO - [2025-04-05T16:48:06.888+0000] {dag.py:3036} INFO - Sync 1 DAGs
[2025-04-05T16:48:06.910+0000] {logging_mixin.py:188} INFO - [2025-04-05T16:48:06.910+0000] {dag.py:3823} INFO - Setting next_dagrun for example_setup_teardown to 2025-04-04 00:00:00+00:00, run_after=2025-04-05 00:00:00+00:00
[2025-04-05T16:48:06.930+0000] {processor.py:183} INFO - Processing /home/airflow/.local/lib/python3.8/site-packages/airflow/example_dags/example_setup_teardown.py took 0.076 seconds
[2025-04-05T16:48:37.656+0000] {processor.py:161} INFO - Started process (PID=4037) to work on /home/airflow/.local/lib/python3.8/site-packages/airflow/example_dags/example_setup_teardown.py
[2025-04-05T16:48:37.657+0000] {processor.py:830} INFO - Processing file /home/airflow/.local/lib/python3.8/site-packages/airflow/example_dags/example_setup_teardown.py for tasks to queue
[2025-04-05T16:48:37.659+0000] {logging_mixin.py:188} INFO - [2025-04-05T16:48:37.658+0000] {dagbag.py:538} INFO - Filling up the DagBag from /home/airflow/.local/lib/python3.8/site-packages/airflow/example_dags/example_setup_teardown.py
[2025-04-05T16:48:37.665+0000] {processor.py:840} INFO - DAG(s) 'example_setup_teardown' retrieved from /home/airflow/.local/lib/python3.8/site-packages/airflow/example_dags/example_setup_teardown.py
[2025-04-05T16:48:37.687+0000] {logging_mixin.py:188} INFO - [2025-04-05T16:48:37.686+0000] {dag.py:3036} INFO - Sync 1 DAGs
[2025-04-05T16:48:37.708+0000] {logging_mixin.py:188} INFO - [2025-04-05T16:48:37.707+0000] {dag.py:3823} INFO - Setting next_dagrun for example_setup_teardown to 2025-04-04 00:00:00+00:00, run_after=2025-04-05 00:00:00+00:00
[2025-04-05T16:48:37.730+0000] {processor.py:183} INFO - Processing /home/airflow/.local/lib/python3.8/site-packages/airflow/example_dags/example_setup_teardown.py took 0.077 seconds
[2025-04-05T16:49:07.902+0000] {processor.py:161} INFO - Started process (PID=4286) to work on /home/airflow/.local/lib/python3.8/site-packages/airflow/example_dags/example_setup_teardown.py
[2025-04-05T16:49:07.903+0000] {processor.py:830} INFO - Processing file /home/airflow/.local/lib/python3.8/site-packages/airflow/example_dags/example_setup_teardown.py for tasks to queue
[2025-04-05T16:49:07.905+0000] {logging_mixin.py:188} INFO - [2025-04-05T16:49:07.904+0000] {dagbag.py:538} INFO - Filling up the DagBag from /home/airflow/.local/lib/python3.8/site-packages/airflow/example_dags/example_setup_teardown.py
[2025-04-05T16:49:07.914+0000] {processor.py:840} INFO - DAG(s) 'example_setup_teardown' retrieved from /home/airflow/.local/lib/python3.8/site-packages/airflow/example_dags/example_setup_teardown.py
[2025-04-05T16:49:07.937+0000] {logging_mixin.py:188} INFO - [2025-04-05T16:49:07.937+0000] {dag.py:3036} INFO - Sync 1 DAGs
[2025-04-05T16:49:07.962+0000] {logging_mixin.py:188} INFO - [2025-04-05T16:49:07.962+0000] {dag.py:3823} INFO - Setting next_dagrun for example_setup_teardown to 2025-04-04 00:00:00+00:00, run_after=2025-04-05 00:00:00+00:00
[2025-04-05T16:49:07.985+0000] {processor.py:183} INFO - Processing /home/airflow/.local/lib/python3.8/site-packages/airflow/example_dags/example_setup_teardown.py took 0.086 seconds
[2025-04-05T16:49:38.389+0000] {processor.py:161} INFO - Started process (PID=4556) to work on /home/airflow/.local/lib/python3.8/site-packages/airflow/example_dags/example_setup_teardown.py
[2025-04-05T16:49:38.391+0000] {processor.py:830} INFO - Processing file /home/airflow/.local/lib/python3.8/site-packages/airflow/example_dags/example_setup_teardown.py for tasks to queue
[2025-04-05T16:49:38.392+0000] {logging_mixin.py:188} INFO - [2025-04-05T16:49:38.392+0000] {dagbag.py:538} INFO - Filling up the DagBag from /home/airflow/.local/lib/python3.8/site-packages/airflow/example_dags/example_setup_teardown.py
[2025-04-05T16:49:38.407+0000] {processor.py:840} INFO - DAG(s) 'example_setup_teardown' retrieved from /home/airflow/.local/lib/python3.8/site-packages/airflow/example_dags/example_setup_teardown.py
[2025-04-05T16:49:38.434+0000] {logging_mixin.py:188} INFO - [2025-04-05T16:49:38.434+0000] {dag.py:3036} INFO - Sync 1 DAGs
[2025-04-05T16:49:38.456+0000] {logging_mixin.py:188} INFO - [2025-04-05T16:49:38.455+0000] {dag.py:3823} INFO - Setting next_dagrun for example_setup_teardown to 2025-04-04 00:00:00+00:00, run_after=2025-04-05 00:00:00+00:00
[2025-04-05T16:49:38.476+0000] {processor.py:183} INFO - Processing /home/airflow/.local/lib/python3.8/site-packages/airflow/example_dags/example_setup_teardown.py took 0.090 seconds
[2025-04-05T16:50:08.746+0000] {processor.py:161} INFO - Started process (PID=4803) to work on /home/airflow/.local/lib/python3.8/site-packages/airflow/example_dags/example_setup_teardown.py
[2025-04-05T16:50:08.747+0000] {processor.py:830} INFO - Processing file /home/airflow/.local/lib/python3.8/site-packages/airflow/example_dags/example_setup_teardown.py for tasks to queue
[2025-04-05T16:50:08.748+0000] {logging_mixin.py:188} INFO - [2025-04-05T16:50:08.748+0000] {dagbag.py:538} INFO - Filling up the DagBag from /home/airflow/.local/lib/python3.8/site-packages/airflow/example_dags/example_setup_teardown.py
[2025-04-05T16:50:08.755+0000] {processor.py:840} INFO - DAG(s) 'example_setup_teardown' retrieved from /home/airflow/.local/lib/python3.8/site-packages/airflow/example_dags/example_setup_teardown.py
[2025-04-05T16:50:08.777+0000] {logging_mixin.py:188} INFO - [2025-04-05T16:50:08.776+0000] {dag.py:3036} INFO - Sync 1 DAGs
[2025-04-05T16:50:08.802+0000] {logging_mixin.py:188} INFO - [2025-04-05T16:50:08.802+0000] {dag.py:3823} INFO - Setting next_dagrun for example_setup_teardown to 2025-04-04 00:00:00+00:00, run_after=2025-04-05 00:00:00+00:00
[2025-04-05T16:50:08.827+0000] {processor.py:183} INFO - Processing /home/airflow/.local/lib/python3.8/site-packages/airflow/example_dags/example_setup_teardown.py took 0.083 seconds
[2025-04-05T16:50:38.881+0000] {processor.py:161} INFO - Started process (PID=5050) to work on /home/airflow/.local/lib/python3.8/site-packages/airflow/example_dags/example_setup_teardown.py
[2025-04-05T16:50:38.882+0000] {processor.py:830} INFO - Processing file /home/airflow/.local/lib/python3.8/site-packages/airflow/example_dags/example_setup_teardown.py for tasks to queue
[2025-04-05T16:50:38.883+0000] {logging_mixin.py:188} INFO - [2025-04-05T16:50:38.883+0000] {dagbag.py:538} INFO - Filling up the DagBag from /home/airflow/.local/lib/python3.8/site-packages/airflow/example_dags/example_setup_teardown.py
[2025-04-05T16:50:38.890+0000] {processor.py:840} INFO - DAG(s) 'example_setup_teardown' retrieved from /home/airflow/.local/lib/python3.8/site-packages/airflow/example_dags/example_setup_teardown.py
[2025-04-05T16:50:38.909+0000] {logging_mixin.py:188} INFO - [2025-04-05T16:50:38.909+0000] {dag.py:3036} INFO - Sync 1 DAGs
[2025-04-05T16:50:38.929+0000] {logging_mixin.py:188} INFO - [2025-04-05T16:50:38.929+0000] {dag.py:3823} INFO - Setting next_dagrun for example_setup_teardown to 2025-04-04 00:00:00+00:00, run_after=2025-04-05 00:00:00+00:00
[2025-04-05T16:50:38.950+0000] {processor.py:183} INFO - Processing /home/airflow/.local/lib/python3.8/site-packages/airflow/example_dags/example_setup_teardown.py took 0.072 seconds
[2025-04-05T16:51:09.083+0000] {processor.py:161} INFO - Started process (PID=5307) to work on /home/airflow/.local/lib/python3.8/site-packages/airflow/example_dags/example_setup_teardown.py
[2025-04-05T16:51:09.084+0000] {processor.py:830} INFO - Processing file /home/airflow/.local/lib/python3.8/site-packages/airflow/example_dags/example_setup_teardown.py for tasks to queue
[2025-04-05T16:51:09.085+0000] {logging_mixin.py:188} INFO - [2025-04-05T16:51:09.085+0000] {dagbag.py:538} INFO - Filling up the DagBag from /home/airflow/.local/lib/python3.8/site-packages/airflow/example_dags/example_setup_teardown.py
[2025-04-05T16:51:09.092+0000] {processor.py:840} INFO - DAG(s) 'example_setup_teardown' retrieved from /home/airflow/.local/lib/python3.8/site-packages/airflow/example_dags/example_setup_teardown.py
[2025-04-05T16:51:09.113+0000] {logging_mixin.py:188} INFO - [2025-04-05T16:51:09.113+0000] {dag.py:3036} INFO - Sync 1 DAGs
[2025-04-05T16:51:09.134+0000] {logging_mixin.py:188} INFO - [2025-04-05T16:51:09.134+0000] {dag.py:3823} INFO - Setting next_dagrun for example_setup_teardown to 2025-04-04 00:00:00+00:00, run_after=2025-04-05 00:00:00+00:00
[2025-04-05T16:51:09.156+0000] {processor.py:183} INFO - Processing /home/airflow/.local/lib/python3.8/site-packages/airflow/example_dags/example_setup_teardown.py took 0.076 seconds
[2025-04-05T16:51:39.513+0000] {processor.py:161} INFO - Started process (PID=5559) to work on /home/airflow/.local/lib/python3.8/site-packages/airflow/example_dags/example_setup_teardown.py
[2025-04-05T16:51:39.514+0000] {processor.py:830} INFO - Processing file /home/airflow/.local/lib/python3.8/site-packages/airflow/example_dags/example_setup_teardown.py for tasks to queue
[2025-04-05T16:51:39.515+0000] {logging_mixin.py:188} INFO - [2025-04-05T16:51:39.515+0000] {dagbag.py:538} INFO - Filling up the DagBag from /home/airflow/.local/lib/python3.8/site-packages/airflow/example_dags/example_setup_teardown.py
[2025-04-05T16:51:39.522+0000] {processor.py:840} INFO - DAG(s) 'example_setup_teardown' retrieved from /home/airflow/.local/lib/python3.8/site-packages/airflow/example_dags/example_setup_teardown.py
[2025-04-05T16:51:39.543+0000] {logging_mixin.py:188} INFO - [2025-04-05T16:51:39.542+0000] {dag.py:3036} INFO - Sync 1 DAGs
[2025-04-05T16:51:39.564+0000] {logging_mixin.py:188} INFO - [2025-04-05T16:51:39.564+0000] {dag.py:3823} INFO - Setting next_dagrun for example_setup_teardown to 2025-04-04 00:00:00+00:00, run_after=2025-04-05 00:00:00+00:00
[2025-04-05T16:51:39.586+0000] {processor.py:183} INFO - Processing /home/airflow/.local/lib/python3.8/site-packages/airflow/example_dags/example_setup_teardown.py took 0.075 seconds
[2025-04-05T16:52:09.868+0000] {processor.py:161} INFO - Started process (PID=5811) to work on /home/airflow/.local/lib/python3.8/site-packages/airflow/example_dags/example_setup_teardown.py
[2025-04-05T16:52:09.869+0000] {processor.py:830} INFO - Processing file /home/airflow/.local/lib/python3.8/site-packages/airflow/example_dags/example_setup_teardown.py for tasks to queue
[2025-04-05T16:52:09.869+0000] {logging_mixin.py:188} INFO - [2025-04-05T16:52:09.869+0000] {dagbag.py:538} INFO - Filling up the DagBag from /home/airflow/.local/lib/python3.8/site-packages/airflow/example_dags/example_setup_teardown.py
[2025-04-05T16:52:09.877+0000] {processor.py:840} INFO - DAG(s) 'example_setup_teardown' retrieved from /home/airflow/.local/lib/python3.8/site-packages/airflow/example_dags/example_setup_teardown.py
[2025-04-05T16:52:09.898+0000] {logging_mixin.py:188} INFO - [2025-04-05T16:52:09.898+0000] {dag.py:3036} INFO - Sync 1 DAGs
[2025-04-05T16:52:09.921+0000] {logging_mixin.py:188} INFO - [2025-04-05T16:52:09.921+0000] {dag.py:3823} INFO - Setting next_dagrun for example_setup_teardown to 2025-04-04 00:00:00+00:00, run_after=2025-04-05 00:00:00+00:00
[2025-04-05T16:52:09.944+0000] {processor.py:183} INFO - Processing /home/airflow/.local/lib/python3.8/site-packages/airflow/example_dags/example_setup_teardown.py took 0.079 seconds
[2025-04-05T16:52:40.170+0000] {processor.py:161} INFO - Started process (PID=6063) to work on /home/airflow/.local/lib/python3.8/site-packages/airflow/example_dags/example_setup_teardown.py
[2025-04-05T16:52:40.171+0000] {processor.py:830} INFO - Processing file /home/airflow/.local/lib/python3.8/site-packages/airflow/example_dags/example_setup_teardown.py for tasks to queue
[2025-04-05T16:52:40.172+0000] {logging_mixin.py:188} INFO - [2025-04-05T16:52:40.171+0000] {dagbag.py:538} INFO - Filling up the DagBag from /home/airflow/.local/lib/python3.8/site-packages/airflow/example_dags/example_setup_teardown.py
[2025-04-05T16:52:40.180+0000] {processor.py:840} INFO - DAG(s) 'example_setup_teardown' retrieved from /home/airflow/.local/lib/python3.8/site-packages/airflow/example_dags/example_setup_teardown.py
[2025-04-05T16:52:40.201+0000] {logging_mixin.py:188} INFO - [2025-04-05T16:52:40.201+0000] {dag.py:3036} INFO - Sync 1 DAGs
[2025-04-05T16:52:40.222+0000] {logging_mixin.py:188} INFO - [2025-04-05T16:52:40.222+0000] {dag.py:3823} INFO - Setting next_dagrun for example_setup_teardown to 2025-04-04 00:00:00+00:00, run_after=2025-04-05 00:00:00+00:00
[2025-04-05T16:52:40.245+0000] {processor.py:183} INFO - Processing /home/airflow/.local/lib/python3.8/site-packages/airflow/example_dags/example_setup_teardown.py took 0.078 seconds
[2025-04-05T16:53:10.350+0000] {processor.py:161} INFO - Started process (PID=6316) to work on /home/airflow/.local/lib/python3.8/site-packages/airflow/example_dags/example_setup_teardown.py
[2025-04-05T16:53:10.351+0000] {processor.py:830} INFO - Processing file /home/airflow/.local/lib/python3.8/site-packages/airflow/example_dags/example_setup_teardown.py for tasks to queue
[2025-04-05T16:53:10.351+0000] {logging_mixin.py:188} INFO - [2025-04-05T16:53:10.351+0000] {dagbag.py:538} INFO - Filling up the DagBag from /home/airflow/.local/lib/python3.8/site-packages/airflow/example_dags/example_setup_teardown.py
[2025-04-05T16:53:10.358+0000] {processor.py:840} INFO - DAG(s) 'example_setup_teardown' retrieved from /home/airflow/.local/lib/python3.8/site-packages/airflow/example_dags/example_setup_teardown.py
[2025-04-05T16:53:10.379+0000] {logging_mixin.py:188} INFO - [2025-04-05T16:53:10.378+0000] {dag.py:3036} INFO - Sync 1 DAGs
[2025-04-05T16:53:10.400+0000] {logging_mixin.py:188} INFO - [2025-04-05T16:53:10.400+0000] {dag.py:3823} INFO - Setting next_dagrun for example_setup_teardown to 2025-04-04 00:00:00+00:00, run_after=2025-04-05 00:00:00+00:00
[2025-04-05T16:53:10.425+0000] {processor.py:183} INFO - Processing /home/airflow/.local/lib/python3.8/site-packages/airflow/example_dags/example_setup_teardown.py took 0.078 seconds
[2025-04-05T16:53:40.688+0000] {processor.py:161} INFO - Started process (PID=6568) to work on /home/airflow/.local/lib/python3.8/site-packages/airflow/example_dags/example_setup_teardown.py
[2025-04-05T16:53:40.690+0000] {processor.py:830} INFO - Processing file /home/airflow/.local/lib/python3.8/site-packages/airflow/example_dags/example_setup_teardown.py for tasks to queue
[2025-04-05T16:53:40.691+0000] {logging_mixin.py:188} INFO - [2025-04-05T16:53:40.690+0000] {dagbag.py:538} INFO - Filling up the DagBag from /home/airflow/.local/lib/python3.8/site-packages/airflow/example_dags/example_setup_teardown.py
[2025-04-05T16:53:40.697+0000] {processor.py:840} INFO - DAG(s) 'example_setup_teardown' retrieved from /home/airflow/.local/lib/python3.8/site-packages/airflow/example_dags/example_setup_teardown.py
[2025-04-05T16:53:40.718+0000] {logging_mixin.py:188} INFO - [2025-04-05T16:53:40.718+0000] {dag.py:3036} INFO - Sync 1 DAGs
[2025-04-05T16:53:40.738+0000] {logging_mixin.py:188} INFO - [2025-04-05T16:53:40.738+0000] {dag.py:3823} INFO - Setting next_dagrun for example_setup_teardown to 2025-04-04 00:00:00+00:00, run_after=2025-04-05 00:00:00+00:00
[2025-04-05T16:53:40.763+0000] {processor.py:183} INFO - Processing /home/airflow/.local/lib/python3.8/site-packages/airflow/example_dags/example_setup_teardown.py took 0.078 seconds
[2025-04-05T16:54:10.847+0000] {processor.py:161} INFO - Started process (PID=6820) to work on /home/airflow/.local/lib/python3.8/site-packages/airflow/example_dags/example_setup_teardown.py
[2025-04-05T16:54:10.848+0000] {processor.py:830} INFO - Processing file /home/airflow/.local/lib/python3.8/site-packages/airflow/example_dags/example_setup_teardown.py for tasks to queue
[2025-04-05T16:54:10.849+0000] {logging_mixin.py:188} INFO - [2025-04-05T16:54:10.849+0000] {dagbag.py:538} INFO - Filling up the DagBag from /home/airflow/.local/lib/python3.8/site-packages/airflow/example_dags/example_setup_teardown.py
[2025-04-05T16:54:10.857+0000] {processor.py:840} INFO - DAG(s) 'example_setup_teardown' retrieved from /home/airflow/.local/lib/python3.8/site-packages/airflow/example_dags/example_setup_teardown.py
[2025-04-05T16:54:10.878+0000] {logging_mixin.py:188} INFO - [2025-04-05T16:54:10.878+0000] {dag.py:3036} INFO - Sync 1 DAGs
[2025-04-05T16:54:10.898+0000] {logging_mixin.py:188} INFO - [2025-04-05T16:54:10.898+0000] {dag.py:3823} INFO - Setting next_dagrun for example_setup_teardown to 2025-04-04 00:00:00+00:00, run_after=2025-04-05 00:00:00+00:00
[2025-04-05T16:54:10.919+0000] {processor.py:183} INFO - Processing /home/airflow/.local/lib/python3.8/site-packages/airflow/example_dags/example_setup_teardown.py took 0.075 seconds
[2025-04-05T16:54:41.184+0000] {processor.py:161} INFO - Started process (PID=7072) to work on /home/airflow/.local/lib/python3.8/site-packages/airflow/example_dags/example_setup_teardown.py
[2025-04-05T16:54:41.186+0000] {processor.py:830} INFO - Processing file /home/airflow/.local/lib/python3.8/site-packages/airflow/example_dags/example_setup_teardown.py for tasks to queue
[2025-04-05T16:54:41.187+0000] {logging_mixin.py:188} INFO - [2025-04-05T16:54:41.186+0000] {dagbag.py:538} INFO - Filling up the DagBag from /home/airflow/.local/lib/python3.8/site-packages/airflow/example_dags/example_setup_teardown.py
[2025-04-05T16:54:41.193+0000] {processor.py:840} INFO - DAG(s) 'example_setup_teardown' retrieved from /home/airflow/.local/lib/python3.8/site-packages/airflow/example_dags/example_setup_teardown.py
[2025-04-05T16:54:41.214+0000] {logging_mixin.py:188} INFO - [2025-04-05T16:54:41.214+0000] {dag.py:3036} INFO - Sync 1 DAGs
[2025-04-05T16:54:41.235+0000] {logging_mixin.py:188} INFO - [2025-04-05T16:54:41.234+0000] {dag.py:3823} INFO - Setting next_dagrun for example_setup_teardown to 2025-04-04 00:00:00+00:00, run_after=2025-04-05 00:00:00+00:00
[2025-04-05T16:54:41.257+0000] {processor.py:183} INFO - Processing /home/airflow/.local/lib/python3.8/site-packages/airflow/example_dags/example_setup_teardown.py took 0.076 seconds
[2025-04-05T16:55:11.336+0000] {processor.py:161} INFO - Started process (PID=7324) to work on /home/airflow/.local/lib/python3.8/site-packages/airflow/example_dags/example_setup_teardown.py
[2025-04-05T16:55:11.337+0000] {processor.py:830} INFO - Processing file /home/airflow/.local/lib/python3.8/site-packages/airflow/example_dags/example_setup_teardown.py for tasks to queue
[2025-04-05T16:55:11.338+0000] {logging_mixin.py:188} INFO - [2025-04-05T16:55:11.338+0000] {dagbag.py:538} INFO - Filling up the DagBag from /home/airflow/.local/lib/python3.8/site-packages/airflow/example_dags/example_setup_teardown.py
[2025-04-05T16:55:11.345+0000] {processor.py:840} INFO - DAG(s) 'example_setup_teardown' retrieved from /home/airflow/.local/lib/python3.8/site-packages/airflow/example_dags/example_setup_teardown.py
[2025-04-05T16:55:11.366+0000] {logging_mixin.py:188} INFO - [2025-04-05T16:55:11.366+0000] {dag.py:3036} INFO - Sync 1 DAGs
[2025-04-05T16:55:11.388+0000] {logging_mixin.py:188} INFO - [2025-04-05T16:55:11.388+0000] {dag.py:3823} INFO - Setting next_dagrun for example_setup_teardown to 2025-04-04 00:00:00+00:00, run_after=2025-04-05 00:00:00+00:00
[2025-04-05T16:55:11.411+0000] {processor.py:183} INFO - Processing /home/airflow/.local/lib/python3.8/site-packages/airflow/example_dags/example_setup_teardown.py took 0.078 seconds
[2025-04-05T16:55:41.748+0000] {processor.py:161} INFO - Started process (PID=7576) to work on /home/airflow/.local/lib/python3.8/site-packages/airflow/example_dags/example_setup_teardown.py
[2025-04-05T16:55:41.750+0000] {processor.py:830} INFO - Processing file /home/airflow/.local/lib/python3.8/site-packages/airflow/example_dags/example_setup_teardown.py for tasks to queue
[2025-04-05T16:55:41.751+0000] {logging_mixin.py:188} INFO - [2025-04-05T16:55:41.751+0000] {dagbag.py:538} INFO - Filling up the DagBag from /home/airflow/.local/lib/python3.8/site-packages/airflow/example_dags/example_setup_teardown.py
[2025-04-05T16:55:41.761+0000] {processor.py:840} INFO - DAG(s) 'example_setup_teardown' retrieved from /home/airflow/.local/lib/python3.8/site-packages/airflow/example_dags/example_setup_teardown.py
[2025-04-05T16:55:41.794+0000] {logging_mixin.py:188} INFO - [2025-04-05T16:55:41.794+0000] {dag.py:3036} INFO - Sync 1 DAGs
[2025-04-05T16:55:41.840+0000] {logging_mixin.py:188} INFO - [2025-04-05T16:55:41.839+0000] {dag.py:3823} INFO - Setting next_dagrun for example_setup_teardown to 2025-04-04 00:00:00+00:00, run_after=2025-04-05 00:00:00+00:00
[2025-04-05T16:55:41.877+0000] {processor.py:183} INFO - Processing /home/airflow/.local/lib/python3.8/site-packages/airflow/example_dags/example_setup_teardown.py took 0.132 seconds
[2025-04-05T16:56:12.131+0000] {processor.py:161} INFO - Started process (PID=7828) to work on /home/airflow/.local/lib/python3.8/site-packages/airflow/example_dags/example_setup_teardown.py
[2025-04-05T16:56:12.132+0000] {processor.py:830} INFO - Processing file /home/airflow/.local/lib/python3.8/site-packages/airflow/example_dags/example_setup_teardown.py for tasks to queue
[2025-04-05T16:56:12.133+0000] {logging_mixin.py:188} INFO - [2025-04-05T16:56:12.133+0000] {dagbag.py:538} INFO - Filling up the DagBag from /home/airflow/.local/lib/python3.8/site-packages/airflow/example_dags/example_setup_teardown.py
[2025-04-05T16:56:12.140+0000] {processor.py:840} INFO - DAG(s) 'example_setup_teardown' retrieved from /home/airflow/.local/lib/python3.8/site-packages/airflow/example_dags/example_setup_teardown.py
[2025-04-05T16:56:12.167+0000] {logging_mixin.py:188} INFO - [2025-04-05T16:56:12.166+0000] {dag.py:3036} INFO - Sync 1 DAGs
[2025-04-05T16:56:12.196+0000] {logging_mixin.py:188} INFO - [2025-04-05T16:56:12.196+0000] {dag.py:3823} INFO - Setting next_dagrun for example_setup_teardown to 2025-04-04 00:00:00+00:00, run_after=2025-04-05 00:00:00+00:00
[2025-04-05T16:56:12.219+0000] {processor.py:183} INFO - Processing /home/airflow/.local/lib/python3.8/site-packages/airflow/example_dags/example_setup_teardown.py took 0.091 seconds
[2025-04-05T16:56:42.359+0000] {processor.py:161} INFO - Started process (PID=8080) to work on /home/airflow/.local/lib/python3.8/site-packages/airflow/example_dags/example_setup_teardown.py
[2025-04-05T16:56:42.360+0000] {processor.py:830} INFO - Processing file /home/airflow/.local/lib/python3.8/site-packages/airflow/example_dags/example_setup_teardown.py for tasks to queue
[2025-04-05T16:56:42.361+0000] {logging_mixin.py:188} INFO - [2025-04-05T16:56:42.361+0000] {dagbag.py:538} INFO - Filling up the DagBag from /home/airflow/.local/lib/python3.8/site-packages/airflow/example_dags/example_setup_teardown.py
[2025-04-05T16:56:42.369+0000] {processor.py:840} INFO - DAG(s) 'example_setup_teardown' retrieved from /home/airflow/.local/lib/python3.8/site-packages/airflow/example_dags/example_setup_teardown.py
[2025-04-05T16:56:42.394+0000] {logging_mixin.py:188} INFO - [2025-04-05T16:56:42.393+0000] {dag.py:3036} INFO - Sync 1 DAGs
[2025-04-05T16:56:42.424+0000] {logging_mixin.py:188} INFO - [2025-04-05T16:56:42.423+0000] {dag.py:3823} INFO - Setting next_dagrun for example_setup_teardown to 2025-04-04 00:00:00+00:00, run_after=2025-04-05 00:00:00+00:00
[2025-04-05T16:56:42.447+0000] {processor.py:183} INFO - Processing /home/airflow/.local/lib/python3.8/site-packages/airflow/example_dags/example_setup_teardown.py took 0.091 seconds
