[2025-04-05T14:18:13.006+0000] {processor.py:161} INFO - Started process (PID=180) to work on /home/airflow/.local/lib/python3.8/site-packages/airflow/example_dags/example_latest_only_with_trigger.py
[2025-04-05T14:18:13.009+0000] {processor.py:830} INFO - Processing file /home/airflow/.local/lib/python3.8/site-packages/airflow/example_dags/example_latest_only_with_trigger.py for tasks to queue
[2025-04-05T14:18:13.011+0000] {logging_mixin.py:188} INFO - [2025-04-05T14:18:13.010+0000] {dagbag.py:538} INFO - Filling up the DagBag from /home/airflow/.local/lib/python3.8/site-packages/airflow/example_dags/example_latest_only_with_trigger.py
[2025-04-05T14:18:13.050+0000] {processor.py:840} INFO - DAG(s) 'latest_only_with_trigger' retrieved from /home/airflow/.local/lib/python3.8/site-packages/airflow/example_dags/example_latest_only_with_trigger.py
[2025-04-05T14:18:13.101+0000] {logging_mixin.py:188} INFO - [2025-04-05T14:18:13.100+0000] {dag.py:3036} INFO - Sync 1 DAGs
[2025-04-05T14:18:13.152+0000] {logging_mixin.py:188} INFO - [2025-04-05T14:18:13.151+0000] {dag.py:3823} INFO - Setting next_dagrun for latest_only_with_trigger to 2025-04-05 08:00:00+00:00, run_after=2025-04-05 12:00:00+00:00
[2025-04-05T14:18:13.185+0000] {processor.py:183} INFO - Processing /home/airflow/.local/lib/python3.8/site-packages/airflow/example_dags/example_latest_only_with_trigger.py took 0.185 seconds
[2025-04-05T14:18:43.495+0000] {processor.py:161} INFO - Started process (PID=427) to work on /home/airflow/.local/lib/python3.8/site-packages/airflow/example_dags/example_latest_only_with_trigger.py
[2025-04-05T14:18:43.497+0000] {processor.py:830} INFO - Processing file /home/airflow/.local/lib/python3.8/site-packages/airflow/example_dags/example_latest_only_with_trigger.py for tasks to queue
[2025-04-05T14:18:43.498+0000] {logging_mixin.py:188} INFO - [2025-04-05T14:18:43.498+0000] {dagbag.py:538} INFO - Filling up the DagBag from /home/airflow/.local/lib/python3.8/site-packages/airflow/example_dags/example_latest_only_with_trigger.py
[2025-04-05T14:18:43.506+0000] {processor.py:840} INFO - DAG(s) 'latest_only_with_trigger' retrieved from /home/airflow/.local/lib/python3.8/site-packages/airflow/example_dags/example_latest_only_with_trigger.py
[2025-04-05T14:18:43.763+0000] {logging_mixin.py:188} INFO - [2025-04-05T14:18:43.762+0000] {dag.py:3036} INFO - Sync 1 DAGs
[2025-04-05T14:18:43.785+0000] {logging_mixin.py:188} INFO - [2025-04-05T14:18:43.784+0000] {dag.py:3823} INFO - Setting next_dagrun for latest_only_with_trigger to 2025-04-05 08:00:00+00:00, run_after=2025-04-05 12:00:00+00:00
[2025-04-05T14:18:43.809+0000] {processor.py:183} INFO - Processing /home/airflow/.local/lib/python3.8/site-packages/airflow/example_dags/example_latest_only_with_trigger.py took 0.317 seconds
[2025-04-05T14:19:14.364+0000] {processor.py:161} INFO - Started process (PID=674) to work on /home/airflow/.local/lib/python3.8/site-packages/airflow/example_dags/example_latest_only_with_trigger.py
[2025-04-05T14:19:14.364+0000] {processor.py:830} INFO - Processing file /home/airflow/.local/lib/python3.8/site-packages/airflow/example_dags/example_latest_only_with_trigger.py for tasks to queue
[2025-04-05T14:19:14.366+0000] {logging_mixin.py:188} INFO - [2025-04-05T14:19:14.365+0000] {dagbag.py:538} INFO - Filling up the DagBag from /home/airflow/.local/lib/python3.8/site-packages/airflow/example_dags/example_latest_only_with_trigger.py
[2025-04-05T14:19:14.372+0000] {processor.py:840} INFO - DAG(s) 'latest_only_with_trigger' retrieved from /home/airflow/.local/lib/python3.8/site-packages/airflow/example_dags/example_latest_only_with_trigger.py
[2025-04-05T14:19:14.397+0000] {logging_mixin.py:188} INFO - [2025-04-05T14:19:14.396+0000] {dag.py:3036} INFO - Sync 1 DAGs
[2025-04-05T14:19:14.421+0000] {logging_mixin.py:188} INFO - [2025-04-05T14:19:14.421+0000] {dag.py:3823} INFO - Setting next_dagrun for latest_only_with_trigger to 2025-04-05 08:00:00+00:00, run_after=2025-04-05 12:00:00+00:00
[2025-04-05T14:19:14.446+0000] {processor.py:183} INFO - Processing /home/airflow/.local/lib/python3.8/site-packages/airflow/example_dags/example_latest_only_with_trigger.py took 0.086 seconds
[2025-04-05T14:19:45.251+0000] {processor.py:161} INFO - Started process (PID=921) to work on /home/airflow/.local/lib/python3.8/site-packages/airflow/example_dags/example_latest_only_with_trigger.py
[2025-04-05T14:19:45.252+0000] {processor.py:830} INFO - Processing file /home/airflow/.local/lib/python3.8/site-packages/airflow/example_dags/example_latest_only_with_trigger.py for tasks to queue
[2025-04-05T14:19:45.253+0000] {logging_mixin.py:188} INFO - [2025-04-05T14:19:45.253+0000] {dagbag.py:538} INFO - Filling up the DagBag from /home/airflow/.local/lib/python3.8/site-packages/airflow/example_dags/example_latest_only_with_trigger.py
[2025-04-05T14:19:45.259+0000] {processor.py:840} INFO - DAG(s) 'latest_only_with_trigger' retrieved from /home/airflow/.local/lib/python3.8/site-packages/airflow/example_dags/example_latest_only_with_trigger.py
[2025-04-05T14:19:45.280+0000] {logging_mixin.py:188} INFO - [2025-04-05T14:19:45.279+0000] {dag.py:3036} INFO - Sync 1 DAGs
[2025-04-05T14:19:45.300+0000] {logging_mixin.py:188} INFO - [2025-04-05T14:19:45.300+0000] {dag.py:3823} INFO - Setting next_dagrun for latest_only_with_trigger to 2025-04-05 08:00:00+00:00, run_after=2025-04-05 12:00:00+00:00
[2025-04-05T14:19:45.321+0000] {processor.py:183} INFO - Processing /home/airflow/.local/lib/python3.8/site-packages/airflow/example_dags/example_latest_only_with_trigger.py took 0.072 seconds
[2025-04-05T14:20:15.671+0000] {processor.py:161} INFO - Started process (PID=1168) to work on /home/airflow/.local/lib/python3.8/site-packages/airflow/example_dags/example_latest_only_with_trigger.py
[2025-04-05T14:20:15.672+0000] {processor.py:830} INFO - Processing file /home/airflow/.local/lib/python3.8/site-packages/airflow/example_dags/example_latest_only_with_trigger.py for tasks to queue
[2025-04-05T14:20:15.673+0000] {logging_mixin.py:188} INFO - [2025-04-05T14:20:15.673+0000] {dagbag.py:538} INFO - Filling up the DagBag from /home/airflow/.local/lib/python3.8/site-packages/airflow/example_dags/example_latest_only_with_trigger.py
[2025-04-05T14:20:15.679+0000] {processor.py:840} INFO - DAG(s) 'latest_only_with_trigger' retrieved from /home/airflow/.local/lib/python3.8/site-packages/airflow/example_dags/example_latest_only_with_trigger.py
[2025-04-05T14:20:15.702+0000] {logging_mixin.py:188} INFO - [2025-04-05T14:20:15.702+0000] {dag.py:3036} INFO - Sync 1 DAGs
[2025-04-05T14:20:15.729+0000] {logging_mixin.py:188} INFO - [2025-04-05T14:20:15.729+0000] {dag.py:3823} INFO - Setting next_dagrun for latest_only_with_trigger to 2025-04-05 08:00:00+00:00, run_after=2025-04-05 12:00:00+00:00
[2025-04-05T14:20:15.753+0000] {processor.py:183} INFO - Processing /home/airflow/.local/lib/python3.8/site-packages/airflow/example_dags/example_latest_only_with_trigger.py took 0.085 seconds
[2025-04-05T14:20:45.990+0000] {processor.py:161} INFO - Started process (PID=1415) to work on /home/airflow/.local/lib/python3.8/site-packages/airflow/example_dags/example_latest_only_with_trigger.py
[2025-04-05T14:20:45.991+0000] {processor.py:830} INFO - Processing file /home/airflow/.local/lib/python3.8/site-packages/airflow/example_dags/example_latest_only_with_trigger.py for tasks to queue
[2025-04-05T14:20:45.992+0000] {logging_mixin.py:188} INFO - [2025-04-05T14:20:45.992+0000] {dagbag.py:538} INFO - Filling up the DagBag from /home/airflow/.local/lib/python3.8/site-packages/airflow/example_dags/example_latest_only_with_trigger.py
[2025-04-05T14:20:45.998+0000] {processor.py:840} INFO - DAG(s) 'latest_only_with_trigger' retrieved from /home/airflow/.local/lib/python3.8/site-packages/airflow/example_dags/example_latest_only_with_trigger.py
[2025-04-05T14:20:46.021+0000] {logging_mixin.py:188} INFO - [2025-04-05T14:20:46.021+0000] {dag.py:3036} INFO - Sync 1 DAGs
[2025-04-05T14:20:46.043+0000] {logging_mixin.py:188} INFO - [2025-04-05T14:20:46.043+0000] {dag.py:3823} INFO - Setting next_dagrun for latest_only_with_trigger to 2025-04-05 08:00:00+00:00, run_after=2025-04-05 12:00:00+00:00
[2025-04-05T14:20:46.066+0000] {processor.py:183} INFO - Processing /home/airflow/.local/lib/python3.8/site-packages/airflow/example_dags/example_latest_only_with_trigger.py took 0.079 seconds
[2025-04-05T14:21:16.238+0000] {processor.py:161} INFO - Started process (PID=1662) to work on /home/airflow/.local/lib/python3.8/site-packages/airflow/example_dags/example_latest_only_with_trigger.py
[2025-04-05T14:21:16.239+0000] {processor.py:830} INFO - Processing file /home/airflow/.local/lib/python3.8/site-packages/airflow/example_dags/example_latest_only_with_trigger.py for tasks to queue
[2025-04-05T14:21:16.240+0000] {logging_mixin.py:188} INFO - [2025-04-05T14:21:16.240+0000] {dagbag.py:538} INFO - Filling up the DagBag from /home/airflow/.local/lib/python3.8/site-packages/airflow/example_dags/example_latest_only_with_trigger.py
[2025-04-05T14:21:16.246+0000] {processor.py:840} INFO - DAG(s) 'latest_only_with_trigger' retrieved from /home/airflow/.local/lib/python3.8/site-packages/airflow/example_dags/example_latest_only_with_trigger.py
[2025-04-05T14:21:16.269+0000] {logging_mixin.py:188} INFO - [2025-04-05T14:21:16.269+0000] {dag.py:3036} INFO - Sync 1 DAGs
[2025-04-05T14:21:16.290+0000] {logging_mixin.py:188} INFO - [2025-04-05T14:21:16.290+0000] {dag.py:3823} INFO - Setting next_dagrun for latest_only_with_trigger to 2025-04-05 08:00:00+00:00, run_after=2025-04-05 12:00:00+00:00
[2025-04-05T14:21:16.312+0000] {processor.py:183} INFO - Processing /home/airflow/.local/lib/python3.8/site-packages/airflow/example_dags/example_latest_only_with_trigger.py took 0.077 seconds
[2025-04-05T14:21:46.520+0000] {processor.py:161} INFO - Started process (PID=1909) to work on /home/airflow/.local/lib/python3.8/site-packages/airflow/example_dags/example_latest_only_with_trigger.py
[2025-04-05T14:21:46.521+0000] {processor.py:830} INFO - Processing file /home/airflow/.local/lib/python3.8/site-packages/airflow/example_dags/example_latest_only_with_trigger.py for tasks to queue
[2025-04-05T14:21:46.522+0000] {logging_mixin.py:188} INFO - [2025-04-05T14:21:46.522+0000] {dagbag.py:538} INFO - Filling up the DagBag from /home/airflow/.local/lib/python3.8/site-packages/airflow/example_dags/example_latest_only_with_trigger.py
[2025-04-05T14:21:46.528+0000] {processor.py:840} INFO - DAG(s) 'latest_only_with_trigger' retrieved from /home/airflow/.local/lib/python3.8/site-packages/airflow/example_dags/example_latest_only_with_trigger.py
[2025-04-05T14:21:46.550+0000] {logging_mixin.py:188} INFO - [2025-04-05T14:21:46.550+0000] {dag.py:3036} INFO - Sync 1 DAGs
[2025-04-05T14:21:46.572+0000] {logging_mixin.py:188} INFO - [2025-04-05T14:21:46.572+0000] {dag.py:3823} INFO - Setting next_dagrun for latest_only_with_trigger to 2025-04-05 08:00:00+00:00, run_after=2025-04-05 12:00:00+00:00
[2025-04-05T14:21:46.593+0000] {processor.py:183} INFO - Processing /home/airflow/.local/lib/python3.8/site-packages/airflow/example_dags/example_latest_only_with_trigger.py took 0.076 seconds
[2025-04-05T14:22:16.773+0000] {processor.py:161} INFO - Started process (PID=2157) to work on /home/airflow/.local/lib/python3.8/site-packages/airflow/example_dags/example_latest_only_with_trigger.py
[2025-04-05T14:22:16.774+0000] {processor.py:830} INFO - Processing file /home/airflow/.local/lib/python3.8/site-packages/airflow/example_dags/example_latest_only_with_trigger.py for tasks to queue
[2025-04-05T14:22:16.775+0000] {logging_mixin.py:188} INFO - [2025-04-05T14:22:16.774+0000] {dagbag.py:538} INFO - Filling up the DagBag from /home/airflow/.local/lib/python3.8/site-packages/airflow/example_dags/example_latest_only_with_trigger.py
[2025-04-05T14:22:16.780+0000] {processor.py:840} INFO - DAG(s) 'latest_only_with_trigger' retrieved from /home/airflow/.local/lib/python3.8/site-packages/airflow/example_dags/example_latest_only_with_trigger.py
[2025-04-05T14:22:16.806+0000] {logging_mixin.py:188} INFO - [2025-04-05T14:22:16.806+0000] {dag.py:3036} INFO - Sync 1 DAGs
[2025-04-05T14:22:16.827+0000] {logging_mixin.py:188} INFO - [2025-04-05T14:22:16.827+0000] {dag.py:3823} INFO - Setting next_dagrun for latest_only_with_trigger to 2025-04-05 08:00:00+00:00, run_after=2025-04-05 12:00:00+00:00
[2025-04-05T14:22:16.848+0000] {processor.py:183} INFO - Processing /home/airflow/.local/lib/python3.8/site-packages/airflow/example_dags/example_latest_only_with_trigger.py took 0.078 seconds
[2025-04-05T14:22:47.210+0000] {processor.py:161} INFO - Started process (PID=2404) to work on /home/airflow/.local/lib/python3.8/site-packages/airflow/example_dags/example_latest_only_with_trigger.py
[2025-04-05T14:22:47.211+0000] {processor.py:830} INFO - Processing file /home/airflow/.local/lib/python3.8/site-packages/airflow/example_dags/example_latest_only_with_trigger.py for tasks to queue
[2025-04-05T14:22:47.212+0000] {logging_mixin.py:188} INFO - [2025-04-05T14:22:47.212+0000] {dagbag.py:538} INFO - Filling up the DagBag from /home/airflow/.local/lib/python3.8/site-packages/airflow/example_dags/example_latest_only_with_trigger.py
[2025-04-05T14:22:47.220+0000] {processor.py:840} INFO - DAG(s) 'latest_only_with_trigger' retrieved from /home/airflow/.local/lib/python3.8/site-packages/airflow/example_dags/example_latest_only_with_trigger.py
[2025-04-05T14:22:47.244+0000] {logging_mixin.py:188} INFO - [2025-04-05T14:22:47.244+0000] {dag.py:3036} INFO - Sync 1 DAGs
[2025-04-05T14:22:47.266+0000] {logging_mixin.py:188} INFO - [2025-04-05T14:22:47.266+0000] {dag.py:3823} INFO - Setting next_dagrun for latest_only_with_trigger to 2025-04-05 08:00:00+00:00, run_after=2025-04-05 12:00:00+00:00
[2025-04-05T14:22:47.289+0000] {processor.py:183} INFO - Processing /home/airflow/.local/lib/python3.8/site-packages/airflow/example_dags/example_latest_only_with_trigger.py took 0.083 seconds
[2025-04-05T14:23:17.364+0000] {processor.py:161} INFO - Started process (PID=2657) to work on /home/airflow/.local/lib/python3.8/site-packages/airflow/example_dags/example_latest_only_with_trigger.py
[2025-04-05T14:23:17.365+0000] {processor.py:830} INFO - Processing file /home/airflow/.local/lib/python3.8/site-packages/airflow/example_dags/example_latest_only_with_trigger.py for tasks to queue
[2025-04-05T14:23:17.366+0000] {logging_mixin.py:188} INFO - [2025-04-05T14:23:17.366+0000] {dagbag.py:538} INFO - Filling up the DagBag from /home/airflow/.local/lib/python3.8/site-packages/airflow/example_dags/example_latest_only_with_trigger.py
[2025-04-05T14:23:17.373+0000] {processor.py:840} INFO - DAG(s) 'latest_only_with_trigger' retrieved from /home/airflow/.local/lib/python3.8/site-packages/airflow/example_dags/example_latest_only_with_trigger.py
[2025-04-05T14:23:17.402+0000] {logging_mixin.py:188} INFO - [2025-04-05T14:23:17.401+0000] {dag.py:3036} INFO - Sync 1 DAGs
[2025-04-05T14:23:17.421+0000] {logging_mixin.py:188} INFO - [2025-04-05T14:23:17.421+0000] {dag.py:3823} INFO - Setting next_dagrun for latest_only_with_trigger to 2025-04-05 08:00:00+00:00, run_after=2025-04-05 12:00:00+00:00
[2025-04-05T14:23:17.445+0000] {processor.py:183} INFO - Processing /home/airflow/.local/lib/python3.8/site-packages/airflow/example_dags/example_latest_only_with_trigger.py took 0.084 seconds
[2025-04-05T14:23:47.563+0000] {processor.py:161} INFO - Started process (PID=2904) to work on /home/airflow/.local/lib/python3.8/site-packages/airflow/example_dags/example_latest_only_with_trigger.py
[2025-04-05T14:23:47.564+0000] {processor.py:830} INFO - Processing file /home/airflow/.local/lib/python3.8/site-packages/airflow/example_dags/example_latest_only_with_trigger.py for tasks to queue
[2025-04-05T14:23:47.565+0000] {logging_mixin.py:188} INFO - [2025-04-05T14:23:47.565+0000] {dagbag.py:538} INFO - Filling up the DagBag from /home/airflow/.local/lib/python3.8/site-packages/airflow/example_dags/example_latest_only_with_trigger.py
[2025-04-05T14:23:47.571+0000] {processor.py:840} INFO - DAG(s) 'latest_only_with_trigger' retrieved from /home/airflow/.local/lib/python3.8/site-packages/airflow/example_dags/example_latest_only_with_trigger.py
[2025-04-05T14:23:47.593+0000] {logging_mixin.py:188} INFO - [2025-04-05T14:23:47.593+0000] {dag.py:3036} INFO - Sync 1 DAGs
[2025-04-05T14:23:47.614+0000] {logging_mixin.py:188} INFO - [2025-04-05T14:23:47.614+0000] {dag.py:3823} INFO - Setting next_dagrun for latest_only_with_trigger to 2025-04-05 08:00:00+00:00, run_after=2025-04-05 12:00:00+00:00
[2025-04-05T14:23:47.635+0000] {processor.py:183} INFO - Processing /home/airflow/.local/lib/python3.8/site-packages/airflow/example_dags/example_latest_only_with_trigger.py took 0.075 seconds
[2025-04-05T14:24:17.752+0000] {processor.py:161} INFO - Started process (PID=3151) to work on /home/airflow/.local/lib/python3.8/site-packages/airflow/example_dags/example_latest_only_with_trigger.py
[2025-04-05T14:24:17.753+0000] {processor.py:830} INFO - Processing file /home/airflow/.local/lib/python3.8/site-packages/airflow/example_dags/example_latest_only_with_trigger.py for tasks to queue
[2025-04-05T14:24:17.754+0000] {logging_mixin.py:188} INFO - [2025-04-05T14:24:17.754+0000] {dagbag.py:538} INFO - Filling up the DagBag from /home/airflow/.local/lib/python3.8/site-packages/airflow/example_dags/example_latest_only_with_trigger.py
[2025-04-05T14:24:17.760+0000] {processor.py:840} INFO - DAG(s) 'latest_only_with_trigger' retrieved from /home/airflow/.local/lib/python3.8/site-packages/airflow/example_dags/example_latest_only_with_trigger.py
[2025-04-05T14:24:17.779+0000] {logging_mixin.py:188} INFO - [2025-04-05T14:24:17.779+0000] {dag.py:3036} INFO - Sync 1 DAGs
[2025-04-05T14:24:17.797+0000] {logging_mixin.py:188} INFO - [2025-04-05T14:24:17.797+0000] {dag.py:3823} INFO - Setting next_dagrun for latest_only_with_trigger to 2025-04-05 08:00:00+00:00, run_after=2025-04-05 12:00:00+00:00
[2025-04-05T14:24:17.826+0000] {processor.py:183} INFO - Processing /home/airflow/.local/lib/python3.8/site-packages/airflow/example_dags/example_latest_only_with_trigger.py took 0.077 seconds
[2025-04-05T14:24:47.916+0000] {processor.py:161} INFO - Started process (PID=3398) to work on /home/airflow/.local/lib/python3.8/site-packages/airflow/example_dags/example_latest_only_with_trigger.py
[2025-04-05T14:24:47.917+0000] {processor.py:830} INFO - Processing file /home/airflow/.local/lib/python3.8/site-packages/airflow/example_dags/example_latest_only_with_trigger.py for tasks to queue
[2025-04-05T14:24:47.919+0000] {logging_mixin.py:188} INFO - [2025-04-05T14:24:47.919+0000] {dagbag.py:538} INFO - Filling up the DagBag from /home/airflow/.local/lib/python3.8/site-packages/airflow/example_dags/example_latest_only_with_trigger.py
[2025-04-05T14:24:47.925+0000] {processor.py:840} INFO - DAG(s) 'latest_only_with_trigger' retrieved from /home/airflow/.local/lib/python3.8/site-packages/airflow/example_dags/example_latest_only_with_trigger.py
[2025-04-05T14:24:47.952+0000] {logging_mixin.py:188} INFO - [2025-04-05T14:24:47.951+0000] {dag.py:3036} INFO - Sync 1 DAGs
[2025-04-05T14:24:47.976+0000] {logging_mixin.py:188} INFO - [2025-04-05T14:24:47.976+0000] {dag.py:3823} INFO - Setting next_dagrun for latest_only_with_trigger to 2025-04-05 08:00:00+00:00, run_after=2025-04-05 12:00:00+00:00
[2025-04-05T14:24:47.999+0000] {processor.py:183} INFO - Processing /home/airflow/.local/lib/python3.8/site-packages/airflow/example_dags/example_latest_only_with_trigger.py took 0.087 seconds
[2025-04-05T14:25:18.395+0000] {processor.py:161} INFO - Started process (PID=3645) to work on /home/airflow/.local/lib/python3.8/site-packages/airflow/example_dags/example_latest_only_with_trigger.py
[2025-04-05T14:25:18.396+0000] {processor.py:830} INFO - Processing file /home/airflow/.local/lib/python3.8/site-packages/airflow/example_dags/example_latest_only_with_trigger.py for tasks to queue
[2025-04-05T14:25:18.397+0000] {logging_mixin.py:188} INFO - [2025-04-05T14:25:18.397+0000] {dagbag.py:538} INFO - Filling up the DagBag from /home/airflow/.local/lib/python3.8/site-packages/airflow/example_dags/example_latest_only_with_trigger.py
[2025-04-05T14:25:18.405+0000] {processor.py:840} INFO - DAG(s) 'latest_only_with_trigger' retrieved from /home/airflow/.local/lib/python3.8/site-packages/airflow/example_dags/example_latest_only_with_trigger.py
[2025-04-05T14:25:18.428+0000] {logging_mixin.py:188} INFO - [2025-04-05T14:25:18.428+0000] {dag.py:3036} INFO - Sync 1 DAGs
[2025-04-05T14:25:18.452+0000] {logging_mixin.py:188} INFO - [2025-04-05T14:25:18.452+0000] {dag.py:3823} INFO - Setting next_dagrun for latest_only_with_trigger to 2025-04-05 08:00:00+00:00, run_after=2025-04-05 12:00:00+00:00
[2025-04-05T14:25:18.478+0000] {processor.py:183} INFO - Processing /home/airflow/.local/lib/python3.8/site-packages/airflow/example_dags/example_latest_only_with_trigger.py took 0.086 seconds
[2025-04-05T14:25:48.786+0000] {processor.py:161} INFO - Started process (PID=3892) to work on /home/airflow/.local/lib/python3.8/site-packages/airflow/example_dags/example_latest_only_with_trigger.py
[2025-04-05T14:25:48.787+0000] {processor.py:830} INFO - Processing file /home/airflow/.local/lib/python3.8/site-packages/airflow/example_dags/example_latest_only_with_trigger.py for tasks to queue
[2025-04-05T14:25:48.788+0000] {logging_mixin.py:188} INFO - [2025-04-05T14:25:48.788+0000] {dagbag.py:538} INFO - Filling up the DagBag from /home/airflow/.local/lib/python3.8/site-packages/airflow/example_dags/example_latest_only_with_trigger.py
[2025-04-05T14:25:48.794+0000] {processor.py:840} INFO - DAG(s) 'latest_only_with_trigger' retrieved from /home/airflow/.local/lib/python3.8/site-packages/airflow/example_dags/example_latest_only_with_trigger.py
[2025-04-05T14:25:48.813+0000] {logging_mixin.py:188} INFO - [2025-04-05T14:25:48.812+0000] {dag.py:3036} INFO - Sync 1 DAGs
[2025-04-05T14:25:48.832+0000] {logging_mixin.py:188} INFO - [2025-04-05T14:25:48.832+0000] {dag.py:3823} INFO - Setting next_dagrun for latest_only_with_trigger to 2025-04-05 08:00:00+00:00, run_after=2025-04-05 12:00:00+00:00
[2025-04-05T14:25:48.860+0000] {processor.py:183} INFO - Processing /home/airflow/.local/lib/python3.8/site-packages/airflow/example_dags/example_latest_only_with_trigger.py took 0.077 seconds
[2025-04-05T14:26:19.452+0000] {processor.py:161} INFO - Started process (PID=4139) to work on /home/airflow/.local/lib/python3.8/site-packages/airflow/example_dags/example_latest_only_with_trigger.py
[2025-04-05T14:26:19.453+0000] {processor.py:830} INFO - Processing file /home/airflow/.local/lib/python3.8/site-packages/airflow/example_dags/example_latest_only_with_trigger.py for tasks to queue
[2025-04-05T14:26:19.454+0000] {logging_mixin.py:188} INFO - [2025-04-05T14:26:19.454+0000] {dagbag.py:538} INFO - Filling up the DagBag from /home/airflow/.local/lib/python3.8/site-packages/airflow/example_dags/example_latest_only_with_trigger.py
[2025-04-05T14:26:19.460+0000] {processor.py:840} INFO - DAG(s) 'latest_only_with_trigger' retrieved from /home/airflow/.local/lib/python3.8/site-packages/airflow/example_dags/example_latest_only_with_trigger.py
[2025-04-05T14:26:19.480+0000] {logging_mixin.py:188} INFO - [2025-04-05T14:26:19.479+0000] {dag.py:3036} INFO - Sync 1 DAGs
[2025-04-05T14:26:19.500+0000] {logging_mixin.py:188} INFO - [2025-04-05T14:26:19.499+0000] {dag.py:3823} INFO - Setting next_dagrun for latest_only_with_trigger to 2025-04-05 08:00:00+00:00, run_after=2025-04-05 12:00:00+00:00
[2025-04-05T14:26:19.525+0000] {processor.py:183} INFO - Processing /home/airflow/.local/lib/python3.8/site-packages/airflow/example_dags/example_latest_only_with_trigger.py took 0.076 seconds
[2025-04-05T14:26:49.622+0000] {processor.py:161} INFO - Started process (PID=4386) to work on /home/airflow/.local/lib/python3.8/site-packages/airflow/example_dags/example_latest_only_with_trigger.py
[2025-04-05T14:26:49.623+0000] {processor.py:830} INFO - Processing file /home/airflow/.local/lib/python3.8/site-packages/airflow/example_dags/example_latest_only_with_trigger.py for tasks to queue
[2025-04-05T14:26:49.624+0000] {logging_mixin.py:188} INFO - [2025-04-05T14:26:49.624+0000] {dagbag.py:538} INFO - Filling up the DagBag from /home/airflow/.local/lib/python3.8/site-packages/airflow/example_dags/example_latest_only_with_trigger.py
[2025-04-05T14:26:49.629+0000] {processor.py:840} INFO - DAG(s) 'latest_only_with_trigger' retrieved from /home/airflow/.local/lib/python3.8/site-packages/airflow/example_dags/example_latest_only_with_trigger.py
[2025-04-05T14:26:49.650+0000] {logging_mixin.py:188} INFO - [2025-04-05T14:26:49.649+0000] {dag.py:3036} INFO - Sync 1 DAGs
[2025-04-05T14:26:49.670+0000] {logging_mixin.py:188} INFO - [2025-04-05T14:26:49.670+0000] {dag.py:3823} INFO - Setting next_dagrun for latest_only_with_trigger to 2025-04-05 08:00:00+00:00, run_after=2025-04-05 12:00:00+00:00
[2025-04-05T14:26:49.697+0000] {processor.py:183} INFO - Processing /home/airflow/.local/lib/python3.8/site-packages/airflow/example_dags/example_latest_only_with_trigger.py took 0.078 seconds
[2025-04-05T14:28:34.091+0000] {processor.py:161} INFO - Started process (PID=174) to work on /home/airflow/.local/lib/python3.8/site-packages/airflow/example_dags/example_latest_only_with_trigger.py
[2025-04-05T14:28:34.094+0000] {processor.py:830} INFO - Processing file /home/airflow/.local/lib/python3.8/site-packages/airflow/example_dags/example_latest_only_with_trigger.py for tasks to queue
[2025-04-05T14:28:34.099+0000] {logging_mixin.py:188} INFO - [2025-04-05T14:28:34.097+0000] {dagbag.py:538} INFO - Filling up the DagBag from /home/airflow/.local/lib/python3.8/site-packages/airflow/example_dags/example_latest_only_with_trigger.py
[2025-04-05T14:28:34.157+0000] {processor.py:840} INFO - DAG(s) 'latest_only_with_trigger' retrieved from /home/airflow/.local/lib/python3.8/site-packages/airflow/example_dags/example_latest_only_with_trigger.py
[2025-04-05T14:28:34.210+0000] {logging_mixin.py:188} INFO - [2025-04-05T14:28:34.210+0000] {dag.py:3036} INFO - Sync 1 DAGs
[2025-04-05T14:28:34.236+0000] {logging_mixin.py:188} INFO - [2025-04-05T14:28:34.236+0000] {dag.py:3823} INFO - Setting next_dagrun for latest_only_with_trigger to 2025-04-05 08:00:00+00:00, run_after=2025-04-05 12:00:00+00:00
[2025-04-05T14:28:34.264+0000] {processor.py:183} INFO - Processing /home/airflow/.local/lib/python3.8/site-packages/airflow/example_dags/example_latest_only_with_trigger.py took 0.190 seconds
[2025-04-05T14:29:04.823+0000] {processor.py:161} INFO - Started process (PID=421) to work on /home/airflow/.local/lib/python3.8/site-packages/airflow/example_dags/example_latest_only_with_trigger.py
[2025-04-05T14:29:04.824+0000] {processor.py:830} INFO - Processing file /home/airflow/.local/lib/python3.8/site-packages/airflow/example_dags/example_latest_only_with_trigger.py for tasks to queue
[2025-04-05T14:29:04.825+0000] {logging_mixin.py:188} INFO - [2025-04-05T14:29:04.825+0000] {dagbag.py:538} INFO - Filling up the DagBag from /home/airflow/.local/lib/python3.8/site-packages/airflow/example_dags/example_latest_only_with_trigger.py
[2025-04-05T14:29:04.831+0000] {processor.py:840} INFO - DAG(s) 'latest_only_with_trigger' retrieved from /home/airflow/.local/lib/python3.8/site-packages/airflow/example_dags/example_latest_only_with_trigger.py
[2025-04-05T14:29:04.982+0000] {logging_mixin.py:188} INFO - [2025-04-05T14:29:04.982+0000] {dag.py:3036} INFO - Sync 1 DAGs
[2025-04-05T14:29:05.000+0000] {logging_mixin.py:188} INFO - [2025-04-05T14:29:05.000+0000] {dag.py:3823} INFO - Setting next_dagrun for latest_only_with_trigger to 2025-04-05 08:00:00+00:00, run_after=2025-04-05 12:00:00+00:00
[2025-04-05T14:29:05.022+0000] {processor.py:183} INFO - Processing /home/airflow/.local/lib/python3.8/site-packages/airflow/example_dags/example_latest_only_with_trigger.py took 0.202 seconds
[2025-04-05T14:29:35.714+0000] {processor.py:161} INFO - Started process (PID=674) to work on /home/airflow/.local/lib/python3.8/site-packages/airflow/example_dags/example_latest_only_with_trigger.py
[2025-04-05T14:29:35.715+0000] {processor.py:830} INFO - Processing file /home/airflow/.local/lib/python3.8/site-packages/airflow/example_dags/example_latest_only_with_trigger.py for tasks to queue
[2025-04-05T14:29:35.716+0000] {logging_mixin.py:188} INFO - [2025-04-05T14:29:35.715+0000] {dagbag.py:538} INFO - Filling up the DagBag from /home/airflow/.local/lib/python3.8/site-packages/airflow/example_dags/example_latest_only_with_trigger.py
[2025-04-05T14:29:35.721+0000] {processor.py:840} INFO - DAG(s) 'latest_only_with_trigger' retrieved from /home/airflow/.local/lib/python3.8/site-packages/airflow/example_dags/example_latest_only_with_trigger.py
[2025-04-05T14:29:35.742+0000] {logging_mixin.py:188} INFO - [2025-04-05T14:29:35.742+0000] {dag.py:3036} INFO - Sync 1 DAGs
[2025-04-05T14:29:35.761+0000] {logging_mixin.py:188} INFO - [2025-04-05T14:29:35.760+0000] {dag.py:3823} INFO - Setting next_dagrun for latest_only_with_trigger to 2025-04-05 08:00:00+00:00, run_after=2025-04-05 12:00:00+00:00
[2025-04-05T14:29:35.788+0000] {processor.py:183} INFO - Processing /home/airflow/.local/lib/python3.8/site-packages/airflow/example_dags/example_latest_only_with_trigger.py took 0.077 seconds
[2025-04-05T14:30:05.853+0000] {processor.py:161} INFO - Started process (PID=921) to work on /home/airflow/.local/lib/python3.8/site-packages/airflow/example_dags/example_latest_only_with_trigger.py
[2025-04-05T14:30:05.855+0000] {processor.py:830} INFO - Processing file /home/airflow/.local/lib/python3.8/site-packages/airflow/example_dags/example_latest_only_with_trigger.py for tasks to queue
[2025-04-05T14:30:05.856+0000] {logging_mixin.py:188} INFO - [2025-04-05T14:30:05.856+0000] {dagbag.py:538} INFO - Filling up the DagBag from /home/airflow/.local/lib/python3.8/site-packages/airflow/example_dags/example_latest_only_with_trigger.py
[2025-04-05T14:30:05.865+0000] {processor.py:840} INFO - DAG(s) 'latest_only_with_trigger' retrieved from /home/airflow/.local/lib/python3.8/site-packages/airflow/example_dags/example_latest_only_with_trigger.py
[2025-04-05T14:30:05.911+0000] {logging_mixin.py:188} INFO - [2025-04-05T14:30:05.910+0000] {dag.py:3036} INFO - Sync 1 DAGs
[2025-04-05T14:30:05.956+0000] {logging_mixin.py:188} INFO - [2025-04-05T14:30:05.955+0000] {dag.py:3823} INFO - Setting next_dagrun for latest_only_with_trigger to 2025-04-05 08:00:00+00:00, run_after=2025-04-05 12:00:00+00:00
[2025-04-05T14:30:06.016+0000] {processor.py:183} INFO - Processing /home/airflow/.local/lib/python3.8/site-packages/airflow/example_dags/example_latest_only_with_trigger.py took 0.166 seconds
[2025-04-05T14:30:36.355+0000] {processor.py:161} INFO - Started process (PID=1168) to work on /home/airflow/.local/lib/python3.8/site-packages/airflow/example_dags/example_latest_only_with_trigger.py
[2025-04-05T14:30:36.357+0000] {processor.py:830} INFO - Processing file /home/airflow/.local/lib/python3.8/site-packages/airflow/example_dags/example_latest_only_with_trigger.py for tasks to queue
[2025-04-05T14:30:36.358+0000] {logging_mixin.py:188} INFO - [2025-04-05T14:30:36.357+0000] {dagbag.py:538} INFO - Filling up the DagBag from /home/airflow/.local/lib/python3.8/site-packages/airflow/example_dags/example_latest_only_with_trigger.py
[2025-04-05T14:30:36.363+0000] {processor.py:840} INFO - DAG(s) 'latest_only_with_trigger' retrieved from /home/airflow/.local/lib/python3.8/site-packages/airflow/example_dags/example_latest_only_with_trigger.py
[2025-04-05T14:30:36.384+0000] {logging_mixin.py:188} INFO - [2025-04-05T14:30:36.384+0000] {dag.py:3036} INFO - Sync 1 DAGs
[2025-04-05T14:30:36.411+0000] {logging_mixin.py:188} INFO - [2025-04-05T14:30:36.411+0000] {dag.py:3823} INFO - Setting next_dagrun for latest_only_with_trigger to 2025-04-05 08:00:00+00:00, run_after=2025-04-05 12:00:00+00:00
[2025-04-05T14:30:36.434+0000] {processor.py:183} INFO - Processing /home/airflow/.local/lib/python3.8/site-packages/airflow/example_dags/example_latest_only_with_trigger.py took 0.082 seconds
[2025-04-05T14:31:07.152+0000] {processor.py:161} INFO - Started process (PID=1415) to work on /home/airflow/.local/lib/python3.8/site-packages/airflow/example_dags/example_latest_only_with_trigger.py
[2025-04-05T14:31:07.153+0000] {processor.py:830} INFO - Processing file /home/airflow/.local/lib/python3.8/site-packages/airflow/example_dags/example_latest_only_with_trigger.py for tasks to queue
[2025-04-05T14:31:07.154+0000] {logging_mixin.py:188} INFO - [2025-04-05T14:31:07.154+0000] {dagbag.py:538} INFO - Filling up the DagBag from /home/airflow/.local/lib/python3.8/site-packages/airflow/example_dags/example_latest_only_with_trigger.py
[2025-04-05T14:31:07.159+0000] {processor.py:840} INFO - DAG(s) 'latest_only_with_trigger' retrieved from /home/airflow/.local/lib/python3.8/site-packages/airflow/example_dags/example_latest_only_with_trigger.py
[2025-04-05T14:31:07.180+0000] {logging_mixin.py:188} INFO - [2025-04-05T14:31:07.179+0000] {dag.py:3036} INFO - Sync 1 DAGs
[2025-04-05T14:31:07.199+0000] {logging_mixin.py:188} INFO - [2025-04-05T14:31:07.199+0000] {dag.py:3823} INFO - Setting next_dagrun for latest_only_with_trigger to 2025-04-05 08:00:00+00:00, run_after=2025-04-05 12:00:00+00:00
[2025-04-05T14:31:07.226+0000] {processor.py:183} INFO - Processing /home/airflow/.local/lib/python3.8/site-packages/airflow/example_dags/example_latest_only_with_trigger.py took 0.077 seconds
[2025-04-05T14:31:37.588+0000] {processor.py:161} INFO - Started process (PID=1662) to work on /home/airflow/.local/lib/python3.8/site-packages/airflow/example_dags/example_latest_only_with_trigger.py
[2025-04-05T14:31:37.589+0000] {processor.py:830} INFO - Processing file /home/airflow/.local/lib/python3.8/site-packages/airflow/example_dags/example_latest_only_with_trigger.py for tasks to queue
[2025-04-05T14:31:37.590+0000] {logging_mixin.py:188} INFO - [2025-04-05T14:31:37.590+0000] {dagbag.py:538} INFO - Filling up the DagBag from /home/airflow/.local/lib/python3.8/site-packages/airflow/example_dags/example_latest_only_with_trigger.py
[2025-04-05T14:31:37.596+0000] {processor.py:840} INFO - DAG(s) 'latest_only_with_trigger' retrieved from /home/airflow/.local/lib/python3.8/site-packages/airflow/example_dags/example_latest_only_with_trigger.py
[2025-04-05T14:31:37.617+0000] {logging_mixin.py:188} INFO - [2025-04-05T14:31:37.616+0000] {dag.py:3036} INFO - Sync 1 DAGs
[2025-04-05T14:31:37.637+0000] {logging_mixin.py:188} INFO - [2025-04-05T14:31:37.637+0000] {dag.py:3823} INFO - Setting next_dagrun for latest_only_with_trigger to 2025-04-05 08:00:00+00:00, run_after=2025-04-05 12:00:00+00:00
[2025-04-05T14:31:37.657+0000] {processor.py:183} INFO - Processing /home/airflow/.local/lib/python3.8/site-packages/airflow/example_dags/example_latest_only_with_trigger.py took 0.071 seconds
[2025-04-05T14:32:07.712+0000] {processor.py:161} INFO - Started process (PID=1909) to work on /home/airflow/.local/lib/python3.8/site-packages/airflow/example_dags/example_latest_only_with_trigger.py
[2025-04-05T14:32:07.713+0000] {processor.py:830} INFO - Processing file /home/airflow/.local/lib/python3.8/site-packages/airflow/example_dags/example_latest_only_with_trigger.py for tasks to queue
[2025-04-05T14:32:07.714+0000] {logging_mixin.py:188} INFO - [2025-04-05T14:32:07.714+0000] {dagbag.py:538} INFO - Filling up the DagBag from /home/airflow/.local/lib/python3.8/site-packages/airflow/example_dags/example_latest_only_with_trigger.py
[2025-04-05T14:32:07.720+0000] {processor.py:840} INFO - DAG(s) 'latest_only_with_trigger' retrieved from /home/airflow/.local/lib/python3.8/site-packages/airflow/example_dags/example_latest_only_with_trigger.py
[2025-04-05T14:32:07.750+0000] {logging_mixin.py:188} INFO - [2025-04-05T14:32:07.750+0000] {dag.py:3036} INFO - Sync 1 DAGs
[2025-04-05T14:32:07.770+0000] {logging_mixin.py:188} INFO - [2025-04-05T14:32:07.770+0000] {dag.py:3823} INFO - Setting next_dagrun for latest_only_with_trigger to 2025-04-05 08:00:00+00:00, run_after=2025-04-05 12:00:00+00:00
[2025-04-05T14:32:07.788+0000] {processor.py:183} INFO - Processing /home/airflow/.local/lib/python3.8/site-packages/airflow/example_dags/example_latest_only_with_trigger.py took 0.078 seconds
[2025-04-05T14:32:37.879+0000] {processor.py:161} INFO - Started process (PID=2156) to work on /home/airflow/.local/lib/python3.8/site-packages/airflow/example_dags/example_latest_only_with_trigger.py
[2025-04-05T14:32:37.880+0000] {processor.py:830} INFO - Processing file /home/airflow/.local/lib/python3.8/site-packages/airflow/example_dags/example_latest_only_with_trigger.py for tasks to queue
[2025-04-05T14:32:37.881+0000] {logging_mixin.py:188} INFO - [2025-04-05T14:32:37.881+0000] {dagbag.py:538} INFO - Filling up the DagBag from /home/airflow/.local/lib/python3.8/site-packages/airflow/example_dags/example_latest_only_with_trigger.py
[2025-04-05T14:32:37.887+0000] {processor.py:840} INFO - DAG(s) 'latest_only_with_trigger' retrieved from /home/airflow/.local/lib/python3.8/site-packages/airflow/example_dags/example_latest_only_with_trigger.py
[2025-04-05T14:32:37.907+0000] {logging_mixin.py:188} INFO - [2025-04-05T14:32:37.907+0000] {dag.py:3036} INFO - Sync 1 DAGs
[2025-04-05T14:32:37.927+0000] {logging_mixin.py:188} INFO - [2025-04-05T14:32:37.927+0000] {dag.py:3823} INFO - Setting next_dagrun for latest_only_with_trigger to 2025-04-05 08:00:00+00:00, run_after=2025-04-05 12:00:00+00:00
[2025-04-05T14:32:37.955+0000] {processor.py:183} INFO - Processing /home/airflow/.local/lib/python3.8/site-packages/airflow/example_dags/example_latest_only_with_trigger.py took 0.079 seconds
[2025-04-05T14:33:08.369+0000] {processor.py:161} INFO - Started process (PID=2403) to work on /home/airflow/.local/lib/python3.8/site-packages/airflow/example_dags/example_latest_only_with_trigger.py
[2025-04-05T14:33:08.370+0000] {processor.py:830} INFO - Processing file /home/airflow/.local/lib/python3.8/site-packages/airflow/example_dags/example_latest_only_with_trigger.py for tasks to queue
[2025-04-05T14:33:08.371+0000] {logging_mixin.py:188} INFO - [2025-04-05T14:33:08.371+0000] {dagbag.py:538} INFO - Filling up the DagBag from /home/airflow/.local/lib/python3.8/site-packages/airflow/example_dags/example_latest_only_with_trigger.py
[2025-04-05T14:33:08.377+0000] {processor.py:840} INFO - DAG(s) 'latest_only_with_trigger' retrieved from /home/airflow/.local/lib/python3.8/site-packages/airflow/example_dags/example_latest_only_with_trigger.py
[2025-04-05T14:33:08.403+0000] {logging_mixin.py:188} INFO - [2025-04-05T14:33:08.403+0000] {dag.py:3036} INFO - Sync 1 DAGs
[2025-04-05T14:33:08.423+0000] {logging_mixin.py:188} INFO - [2025-04-05T14:33:08.423+0000] {dag.py:3823} INFO - Setting next_dagrun for latest_only_with_trigger to 2025-04-05 08:00:00+00:00, run_after=2025-04-05 12:00:00+00:00
[2025-04-05T14:33:08.494+0000] {processor.py:183} INFO - Processing /home/airflow/.local/lib/python3.8/site-packages/airflow/example_dags/example_latest_only_with_trigger.py took 0.128 seconds
[2025-04-05T14:33:38.539+0000] {processor.py:161} INFO - Started process (PID=2650) to work on /home/airflow/.local/lib/python3.8/site-packages/airflow/example_dags/example_latest_only_with_trigger.py
[2025-04-05T14:33:38.540+0000] {processor.py:830} INFO - Processing file /home/airflow/.local/lib/python3.8/site-packages/airflow/example_dags/example_latest_only_with_trigger.py for tasks to queue
[2025-04-05T14:33:38.541+0000] {logging_mixin.py:188} INFO - [2025-04-05T14:33:38.541+0000] {dagbag.py:538} INFO - Filling up the DagBag from /home/airflow/.local/lib/python3.8/site-packages/airflow/example_dags/example_latest_only_with_trigger.py
[2025-04-05T14:33:38.549+0000] {processor.py:840} INFO - DAG(s) 'latest_only_with_trigger' retrieved from /home/airflow/.local/lib/python3.8/site-packages/airflow/example_dags/example_latest_only_with_trigger.py
[2025-04-05T14:33:38.572+0000] {logging_mixin.py:188} INFO - [2025-04-05T14:33:38.572+0000] {dag.py:3036} INFO - Sync 1 DAGs
[2025-04-05T14:33:38.593+0000] {logging_mixin.py:188} INFO - [2025-04-05T14:33:38.593+0000] {dag.py:3823} INFO - Setting next_dagrun for latest_only_with_trigger to 2025-04-05 08:00:00+00:00, run_after=2025-04-05 12:00:00+00:00
[2025-04-05T14:33:38.631+0000] {processor.py:183} INFO - Processing /home/airflow/.local/lib/python3.8/site-packages/airflow/example_dags/example_latest_only_with_trigger.py took 0.097 seconds
[2025-04-05T14:34:08.810+0000] {processor.py:161} INFO - Started process (PID=2897) to work on /home/airflow/.local/lib/python3.8/site-packages/airflow/example_dags/example_latest_only_with_trigger.py
[2025-04-05T14:34:08.811+0000] {processor.py:830} INFO - Processing file /home/airflow/.local/lib/python3.8/site-packages/airflow/example_dags/example_latest_only_with_trigger.py for tasks to queue
[2025-04-05T14:34:08.812+0000] {logging_mixin.py:188} INFO - [2025-04-05T14:34:08.812+0000] {dagbag.py:538} INFO - Filling up the DagBag from /home/airflow/.local/lib/python3.8/site-packages/airflow/example_dags/example_latest_only_with_trigger.py
[2025-04-05T14:34:08.821+0000] {processor.py:840} INFO - DAG(s) 'latest_only_with_trigger' retrieved from /home/airflow/.local/lib/python3.8/site-packages/airflow/example_dags/example_latest_only_with_trigger.py
[2025-04-05T14:34:08.848+0000] {logging_mixin.py:188} INFO - [2025-04-05T14:34:08.848+0000] {dag.py:3036} INFO - Sync 1 DAGs
[2025-04-05T14:34:08.868+0000] {logging_mixin.py:188} INFO - [2025-04-05T14:34:08.868+0000] {dag.py:3823} INFO - Setting next_dagrun for latest_only_with_trigger to 2025-04-05 08:00:00+00:00, run_after=2025-04-05 12:00:00+00:00
[2025-04-05T14:34:08.894+0000] {processor.py:183} INFO - Processing /home/airflow/.local/lib/python3.8/site-packages/airflow/example_dags/example_latest_only_with_trigger.py took 0.086 seconds
[2025-04-05T14:34:39.079+0000] {processor.py:161} INFO - Started process (PID=3144) to work on /home/airflow/.local/lib/python3.8/site-packages/airflow/example_dags/example_latest_only_with_trigger.py
[2025-04-05T14:34:39.080+0000] {processor.py:830} INFO - Processing file /home/airflow/.local/lib/python3.8/site-packages/airflow/example_dags/example_latest_only_with_trigger.py for tasks to queue
[2025-04-05T14:34:39.081+0000] {logging_mixin.py:188} INFO - [2025-04-05T14:34:39.081+0000] {dagbag.py:538} INFO - Filling up the DagBag from /home/airflow/.local/lib/python3.8/site-packages/airflow/example_dags/example_latest_only_with_trigger.py
[2025-04-05T14:34:39.088+0000] {processor.py:840} INFO - DAG(s) 'latest_only_with_trigger' retrieved from /home/airflow/.local/lib/python3.8/site-packages/airflow/example_dags/example_latest_only_with_trigger.py
[2025-04-05T14:34:39.117+0000] {logging_mixin.py:188} INFO - [2025-04-05T14:34:39.117+0000] {dag.py:3036} INFO - Sync 1 DAGs
[2025-04-05T14:34:39.145+0000] {logging_mixin.py:188} INFO - [2025-04-05T14:34:39.144+0000] {dag.py:3823} INFO - Setting next_dagrun for latest_only_with_trigger to 2025-04-05 08:00:00+00:00, run_after=2025-04-05 12:00:00+00:00
[2025-04-05T14:34:39.180+0000] {processor.py:183} INFO - Processing /home/airflow/.local/lib/python3.8/site-packages/airflow/example_dags/example_latest_only_with_trigger.py took 0.105 seconds
[2025-04-05T16:40:55.066+0000] {processor.py:161} INFO - Started process (PID=236) to work on /home/airflow/.local/lib/python3.8/site-packages/airflow/example_dags/example_latest_only_with_trigger.py
[2025-04-05T16:40:55.068+0000] {processor.py:830} INFO - Processing file /home/airflow/.local/lib/python3.8/site-packages/airflow/example_dags/example_latest_only_with_trigger.py for tasks to queue
[2025-04-05T16:40:55.071+0000] {logging_mixin.py:188} INFO - [2025-04-05T16:40:55.070+0000] {dagbag.py:538} INFO - Filling up the DagBag from /home/airflow/.local/lib/python3.8/site-packages/airflow/example_dags/example_latest_only_with_trigger.py
[2025-04-05T16:40:55.086+0000] {processor.py:840} INFO - DAG(s) 'latest_only_with_trigger' retrieved from /home/airflow/.local/lib/python3.8/site-packages/airflow/example_dags/example_latest_only_with_trigger.py
[2025-04-05T16:40:55.312+0000] {logging_mixin.py:188} INFO - [2025-04-05T16:40:55.311+0000] {override.py:1769} INFO - Created Permission View: can edit on DAG:latest_only_with_trigger
[2025-04-05T16:40:55.326+0000] {logging_mixin.py:188} INFO - [2025-04-05T16:40:55.325+0000] {override.py:1769} INFO - Created Permission View: can delete on DAG:latest_only_with_trigger
[2025-04-05T16:40:55.336+0000] {logging_mixin.py:188} INFO - [2025-04-05T16:40:55.336+0000] {override.py:1769} INFO - Created Permission View: can read on DAG:latest_only_with_trigger
[2025-04-05T16:40:55.337+0000] {logging_mixin.py:188} INFO - [2025-04-05T16:40:55.337+0000] {dag.py:3036} INFO - Sync 1 DAGs
[2025-04-05T16:40:55.358+0000] {logging_mixin.py:188} INFO - [2025-04-05T16:40:55.357+0000] {dag.py:3058} INFO - Creating ORM DAG for latest_only_with_trigger
[2025-04-05T16:40:55.370+0000] {logging_mixin.py:188} INFO - [2025-04-05T16:40:55.370+0000] {dag.py:3823} INFO - Setting next_dagrun for latest_only_with_trigger to 2025-04-05 12:00:00+00:00, run_after=2025-04-05 16:00:00+00:00
[2025-04-05T16:40:55.398+0000] {processor.py:183} INFO - Processing /home/airflow/.local/lib/python3.8/site-packages/airflow/example_dags/example_latest_only_with_trigger.py took 0.340 seconds
[2025-04-05T16:41:25.456+0000] {processor.py:161} INFO - Started process (PID=483) to work on /home/airflow/.local/lib/python3.8/site-packages/airflow/example_dags/example_latest_only_with_trigger.py
[2025-04-05T16:41:25.458+0000] {processor.py:830} INFO - Processing file /home/airflow/.local/lib/python3.8/site-packages/airflow/example_dags/example_latest_only_with_trigger.py for tasks to queue
[2025-04-05T16:41:25.459+0000] {logging_mixin.py:188} INFO - [2025-04-05T16:41:25.459+0000] {dagbag.py:538} INFO - Filling up the DagBag from /home/airflow/.local/lib/python3.8/site-packages/airflow/example_dags/example_latest_only_with_trigger.py
[2025-04-05T16:41:25.468+0000] {processor.py:840} INFO - DAG(s) 'latest_only_with_trigger' retrieved from /home/airflow/.local/lib/python3.8/site-packages/airflow/example_dags/example_latest_only_with_trigger.py
[2025-04-05T16:41:25.507+0000] {logging_mixin.py:188} INFO - [2025-04-05T16:41:25.507+0000] {dag.py:3036} INFO - Sync 1 DAGs
[2025-04-05T16:41:25.536+0000] {logging_mixin.py:188} INFO - [2025-04-05T16:41:25.535+0000] {dag.py:3823} INFO - Setting next_dagrun for latest_only_with_trigger to 2025-04-05 12:00:00+00:00, run_after=2025-04-05 16:00:00+00:00
[2025-04-05T16:41:25.560+0000] {processor.py:183} INFO - Processing /home/airflow/.local/lib/python3.8/site-packages/airflow/example_dags/example_latest_only_with_trigger.py took 0.108 seconds
[2025-04-05T16:41:56.639+0000] {processor.py:161} INFO - Started process (PID=730) to work on /home/airflow/.local/lib/python3.8/site-packages/airflow/example_dags/example_latest_only_with_trigger.py
[2025-04-05T16:41:56.698+0000] {processor.py:830} INFO - Processing file /home/airflow/.local/lib/python3.8/site-packages/airflow/example_dags/example_latest_only_with_trigger.py for tasks to queue
[2025-04-05T16:41:56.699+0000] {logging_mixin.py:188} INFO - [2025-04-05T16:41:56.699+0000] {dagbag.py:538} INFO - Filling up the DagBag from /home/airflow/.local/lib/python3.8/site-packages/airflow/example_dags/example_latest_only_with_trigger.py
[2025-04-05T16:41:56.706+0000] {processor.py:840} INFO - DAG(s) 'latest_only_with_trigger' retrieved from /home/airflow/.local/lib/python3.8/site-packages/airflow/example_dags/example_latest_only_with_trigger.py
[2025-04-05T16:41:56.728+0000] {logging_mixin.py:188} INFO - [2025-04-05T16:41:56.728+0000] {dag.py:3036} INFO - Sync 1 DAGs
[2025-04-05T16:41:56.748+0000] {logging_mixin.py:188} INFO - [2025-04-05T16:41:56.748+0000] {dag.py:3823} INFO - Setting next_dagrun for latest_only_with_trigger to 2025-04-05 12:00:00+00:00, run_after=2025-04-05 16:00:00+00:00
[2025-04-05T16:41:56.919+0000] {processor.py:183} INFO - Processing /home/airflow/.local/lib/python3.8/site-packages/airflow/example_dags/example_latest_only_with_trigger.py took 0.284 seconds
[2025-04-05T16:42:27.244+0000] {processor.py:161} INFO - Started process (PID=977) to work on /home/airflow/.local/lib/python3.8/site-packages/airflow/example_dags/example_latest_only_with_trigger.py
[2025-04-05T16:42:27.250+0000] {processor.py:830} INFO - Processing file /home/airflow/.local/lib/python3.8/site-packages/airflow/example_dags/example_latest_only_with_trigger.py for tasks to queue
[2025-04-05T16:42:27.251+0000] {logging_mixin.py:188} INFO - [2025-04-05T16:42:27.251+0000] {dagbag.py:538} INFO - Filling up the DagBag from /home/airflow/.local/lib/python3.8/site-packages/airflow/example_dags/example_latest_only_with_trigger.py
[2025-04-05T16:42:27.258+0000] {processor.py:840} INFO - DAG(s) 'latest_only_with_trigger' retrieved from /home/airflow/.local/lib/python3.8/site-packages/airflow/example_dags/example_latest_only_with_trigger.py
[2025-04-05T16:42:27.289+0000] {logging_mixin.py:188} INFO - [2025-04-05T16:42:27.289+0000] {dag.py:3036} INFO - Sync 1 DAGs
[2025-04-05T16:42:27.314+0000] {logging_mixin.py:188} INFO - [2025-04-05T16:42:27.313+0000] {dag.py:3823} INFO - Setting next_dagrun for latest_only_with_trigger to 2025-04-05 12:00:00+00:00, run_after=2025-04-05 16:00:00+00:00
[2025-04-05T16:42:27.337+0000] {processor.py:183} INFO - Processing /home/airflow/.local/lib/python3.8/site-packages/airflow/example_dags/example_latest_only_with_trigger.py took 0.097 seconds
[2025-04-05T16:42:57.499+0000] {processor.py:161} INFO - Started process (PID=1224) to work on /home/airflow/.local/lib/python3.8/site-packages/airflow/example_dags/example_latest_only_with_trigger.py
[2025-04-05T16:42:57.500+0000] {processor.py:830} INFO - Processing file /home/airflow/.local/lib/python3.8/site-packages/airflow/example_dags/example_latest_only_with_trigger.py for tasks to queue
[2025-04-05T16:42:57.501+0000] {logging_mixin.py:188} INFO - [2025-04-05T16:42:57.501+0000] {dagbag.py:538} INFO - Filling up the DagBag from /home/airflow/.local/lib/python3.8/site-packages/airflow/example_dags/example_latest_only_with_trigger.py
[2025-04-05T16:42:57.507+0000] {processor.py:840} INFO - DAG(s) 'latest_only_with_trigger' retrieved from /home/airflow/.local/lib/python3.8/site-packages/airflow/example_dags/example_latest_only_with_trigger.py
[2025-04-05T16:42:57.529+0000] {logging_mixin.py:188} INFO - [2025-04-05T16:42:57.529+0000] {dag.py:3036} INFO - Sync 1 DAGs
[2025-04-05T16:42:57.550+0000] {logging_mixin.py:188} INFO - [2025-04-05T16:42:57.550+0000] {dag.py:3823} INFO - Setting next_dagrun for latest_only_with_trigger to 2025-04-05 12:00:00+00:00, run_after=2025-04-05 16:00:00+00:00
[2025-04-05T16:42:57.572+0000] {processor.py:183} INFO - Processing /home/airflow/.local/lib/python3.8/site-packages/airflow/example_dags/example_latest_only_with_trigger.py took 0.076 seconds
[2025-04-05T16:43:27.657+0000] {processor.py:161} INFO - Started process (PID=1471) to work on /home/airflow/.local/lib/python3.8/site-packages/airflow/example_dags/example_latest_only_with_trigger.py
[2025-04-05T16:43:27.658+0000] {processor.py:830} INFO - Processing file /home/airflow/.local/lib/python3.8/site-packages/airflow/example_dags/example_latest_only_with_trigger.py for tasks to queue
[2025-04-05T16:43:27.660+0000] {logging_mixin.py:188} INFO - [2025-04-05T16:43:27.659+0000] {dagbag.py:538} INFO - Filling up the DagBag from /home/airflow/.local/lib/python3.8/site-packages/airflow/example_dags/example_latest_only_with_trigger.py
[2025-04-05T16:43:27.670+0000] {processor.py:840} INFO - DAG(s) 'latest_only_with_trigger' retrieved from /home/airflow/.local/lib/python3.8/site-packages/airflow/example_dags/example_latest_only_with_trigger.py
[2025-04-05T16:43:27.704+0000] {logging_mixin.py:188} INFO - [2025-04-05T16:43:27.704+0000] {dag.py:3036} INFO - Sync 1 DAGs
[2025-04-05T16:43:27.744+0000] {logging_mixin.py:188} INFO - [2025-04-05T16:43:27.743+0000] {dag.py:3823} INFO - Setting next_dagrun for latest_only_with_trigger to 2025-04-05 12:00:00+00:00, run_after=2025-04-05 16:00:00+00:00
[2025-04-05T16:43:27.786+0000] {processor.py:183} INFO - Processing /home/airflow/.local/lib/python3.8/site-packages/airflow/example_dags/example_latest_only_with_trigger.py took 0.133 seconds
[2025-04-05T16:43:57.860+0000] {processor.py:161} INFO - Started process (PID=1720) to work on /home/airflow/.local/lib/python3.8/site-packages/airflow/example_dags/example_latest_only_with_trigger.py
[2025-04-05T16:43:57.861+0000] {processor.py:830} INFO - Processing file /home/airflow/.local/lib/python3.8/site-packages/airflow/example_dags/example_latest_only_with_trigger.py for tasks to queue
[2025-04-05T16:43:57.862+0000] {logging_mixin.py:188} INFO - [2025-04-05T16:43:57.862+0000] {dagbag.py:538} INFO - Filling up the DagBag from /home/airflow/.local/lib/python3.8/site-packages/airflow/example_dags/example_latest_only_with_trigger.py
[2025-04-05T16:43:57.868+0000] {processor.py:840} INFO - DAG(s) 'latest_only_with_trigger' retrieved from /home/airflow/.local/lib/python3.8/site-packages/airflow/example_dags/example_latest_only_with_trigger.py
[2025-04-05T16:43:57.888+0000] {logging_mixin.py:188} INFO - [2025-04-05T16:43:57.888+0000] {dag.py:3036} INFO - Sync 1 DAGs
[2025-04-05T16:43:57.906+0000] {logging_mixin.py:188} INFO - [2025-04-05T16:43:57.906+0000] {dag.py:3823} INFO - Setting next_dagrun for latest_only_with_trigger to 2025-04-05 12:00:00+00:00, run_after=2025-04-05 16:00:00+00:00
[2025-04-05T16:43:57.926+0000] {processor.py:183} INFO - Processing /home/airflow/.local/lib/python3.8/site-packages/airflow/example_dags/example_latest_only_with_trigger.py took 0.069 seconds
[2025-04-05T16:44:28.069+0000] {processor.py:161} INFO - Started process (PID=1965) to work on /home/airflow/.local/lib/python3.8/site-packages/airflow/example_dags/example_latest_only_with_trigger.py
[2025-04-05T16:44:28.070+0000] {processor.py:830} INFO - Processing file /home/airflow/.local/lib/python3.8/site-packages/airflow/example_dags/example_latest_only_with_trigger.py for tasks to queue
[2025-04-05T16:44:28.071+0000] {logging_mixin.py:188} INFO - [2025-04-05T16:44:28.071+0000] {dagbag.py:538} INFO - Filling up the DagBag from /home/airflow/.local/lib/python3.8/site-packages/airflow/example_dags/example_latest_only_with_trigger.py
[2025-04-05T16:44:28.077+0000] {processor.py:840} INFO - DAG(s) 'latest_only_with_trigger' retrieved from /home/airflow/.local/lib/python3.8/site-packages/airflow/example_dags/example_latest_only_with_trigger.py
[2025-04-05T16:44:28.101+0000] {logging_mixin.py:188} INFO - [2025-04-05T16:44:28.100+0000] {dag.py:3036} INFO - Sync 1 DAGs
[2025-04-05T16:44:28.122+0000] {logging_mixin.py:188} INFO - [2025-04-05T16:44:28.121+0000] {dag.py:3823} INFO - Setting next_dagrun for latest_only_with_trigger to 2025-04-05 12:00:00+00:00, run_after=2025-04-05 16:00:00+00:00
[2025-04-05T16:44:28.143+0000] {processor.py:183} INFO - Processing /home/airflow/.local/lib/python3.8/site-packages/airflow/example_dags/example_latest_only_with_trigger.py took 0.077 seconds
[2025-04-05T16:44:58.221+0000] {processor.py:161} INFO - Started process (PID=2212) to work on /home/airflow/.local/lib/python3.8/site-packages/airflow/example_dags/example_latest_only_with_trigger.py
[2025-04-05T16:44:58.222+0000] {processor.py:830} INFO - Processing file /home/airflow/.local/lib/python3.8/site-packages/airflow/example_dags/example_latest_only_with_trigger.py for tasks to queue
[2025-04-05T16:44:58.223+0000] {logging_mixin.py:188} INFO - [2025-04-05T16:44:58.222+0000] {dagbag.py:538} INFO - Filling up the DagBag from /home/airflow/.local/lib/python3.8/site-packages/airflow/example_dags/example_latest_only_with_trigger.py
[2025-04-05T16:44:58.229+0000] {processor.py:840} INFO - DAG(s) 'latest_only_with_trigger' retrieved from /home/airflow/.local/lib/python3.8/site-packages/airflow/example_dags/example_latest_only_with_trigger.py
[2025-04-05T16:44:58.254+0000] {logging_mixin.py:188} INFO - [2025-04-05T16:44:58.254+0000] {dag.py:3036} INFO - Sync 1 DAGs
[2025-04-05T16:44:58.277+0000] {logging_mixin.py:188} INFO - [2025-04-05T16:44:58.276+0000] {dag.py:3823} INFO - Setting next_dagrun for latest_only_with_trigger to 2025-04-05 12:00:00+00:00, run_after=2025-04-05 16:00:00+00:00
[2025-04-05T16:44:58.297+0000] {processor.py:183} INFO - Processing /home/airflow/.local/lib/python3.8/site-packages/airflow/example_dags/example_latest_only_with_trigger.py took 0.080 seconds
[2025-04-05T16:45:28.648+0000] {processor.py:161} INFO - Started process (PID=2459) to work on /home/airflow/.local/lib/python3.8/site-packages/airflow/example_dags/example_latest_only_with_trigger.py
[2025-04-05T16:45:28.650+0000] {processor.py:830} INFO - Processing file /home/airflow/.local/lib/python3.8/site-packages/airflow/example_dags/example_latest_only_with_trigger.py for tasks to queue
[2025-04-05T16:45:28.651+0000] {logging_mixin.py:188} INFO - [2025-04-05T16:45:28.651+0000] {dagbag.py:538} INFO - Filling up the DagBag from /home/airflow/.local/lib/python3.8/site-packages/airflow/example_dags/example_latest_only_with_trigger.py
[2025-04-05T16:45:28.657+0000] {processor.py:840} INFO - DAG(s) 'latest_only_with_trigger' retrieved from /home/airflow/.local/lib/python3.8/site-packages/airflow/example_dags/example_latest_only_with_trigger.py
[2025-04-05T16:45:28.684+0000] {logging_mixin.py:188} INFO - [2025-04-05T16:45:28.683+0000] {dag.py:3036} INFO - Sync 1 DAGs
[2025-04-05T16:45:28.709+0000] {logging_mixin.py:188} INFO - [2025-04-05T16:45:28.708+0000] {dag.py:3823} INFO - Setting next_dagrun for latest_only_with_trigger to 2025-04-05 12:00:00+00:00, run_after=2025-04-05 16:00:00+00:00
[2025-04-05T16:45:28.731+0000] {processor.py:183} INFO - Processing /home/airflow/.local/lib/python3.8/site-packages/airflow/example_dags/example_latest_only_with_trigger.py took 0.086 seconds
[2025-04-05T16:45:59.440+0000] {processor.py:161} INFO - Started process (PID=2706) to work on /home/airflow/.local/lib/python3.8/site-packages/airflow/example_dags/example_latest_only_with_trigger.py
[2025-04-05T16:45:59.441+0000] {processor.py:830} INFO - Processing file /home/airflow/.local/lib/python3.8/site-packages/airflow/example_dags/example_latest_only_with_trigger.py for tasks to queue
[2025-04-05T16:45:59.443+0000] {logging_mixin.py:188} INFO - [2025-04-05T16:45:59.442+0000] {dagbag.py:538} INFO - Filling up the DagBag from /home/airflow/.local/lib/python3.8/site-packages/airflow/example_dags/example_latest_only_with_trigger.py
[2025-04-05T16:45:59.452+0000] {processor.py:840} INFO - DAG(s) 'latest_only_with_trigger' retrieved from /home/airflow/.local/lib/python3.8/site-packages/airflow/example_dags/example_latest_only_with_trigger.py
[2025-04-05T16:45:59.480+0000] {logging_mixin.py:188} INFO - [2025-04-05T16:45:59.479+0000] {dag.py:3036} INFO - Sync 1 DAGs
[2025-04-05T16:45:59.511+0000] {logging_mixin.py:188} INFO - [2025-04-05T16:45:59.511+0000] {dag.py:3823} INFO - Setting next_dagrun for latest_only_with_trigger to 2025-04-05 12:00:00+00:00, run_after=2025-04-05 16:00:00+00:00
[2025-04-05T16:45:59.539+0000] {processor.py:183} INFO - Processing /home/airflow/.local/lib/python3.8/site-packages/airflow/example_dags/example_latest_only_with_trigger.py took 0.104 seconds
[2025-04-05T16:46:29.598+0000] {processor.py:161} INFO - Started process (PID=2955) to work on /home/airflow/.local/lib/python3.8/site-packages/airflow/example_dags/example_latest_only_with_trigger.py
[2025-04-05T16:46:29.600+0000] {processor.py:830} INFO - Processing file /home/airflow/.local/lib/python3.8/site-packages/airflow/example_dags/example_latest_only_with_trigger.py for tasks to queue
[2025-04-05T16:46:29.601+0000] {logging_mixin.py:188} INFO - [2025-04-05T16:46:29.601+0000] {dagbag.py:538} INFO - Filling up the DagBag from /home/airflow/.local/lib/python3.8/site-packages/airflow/example_dags/example_latest_only_with_trigger.py
[2025-04-05T16:46:29.607+0000] {processor.py:840} INFO - DAG(s) 'latest_only_with_trigger' retrieved from /home/airflow/.local/lib/python3.8/site-packages/airflow/example_dags/example_latest_only_with_trigger.py
[2025-04-05T16:46:29.629+0000] {logging_mixin.py:188} INFO - [2025-04-05T16:46:29.629+0000] {dag.py:3036} INFO - Sync 1 DAGs
[2025-04-05T16:46:29.653+0000] {logging_mixin.py:188} INFO - [2025-04-05T16:46:29.653+0000] {dag.py:3823} INFO - Setting next_dagrun for latest_only_with_trigger to 2025-04-05 12:00:00+00:00, run_after=2025-04-05 16:00:00+00:00
[2025-04-05T16:46:29.675+0000] {processor.py:183} INFO - Processing /home/airflow/.local/lib/python3.8/site-packages/airflow/example_dags/example_latest_only_with_trigger.py took 0.079 seconds
[2025-04-05T16:46:59.808+0000] {processor.py:161} INFO - Started process (PID=3200) to work on /home/airflow/.local/lib/python3.8/site-packages/airflow/example_dags/example_latest_only_with_trigger.py
[2025-04-05T16:46:59.809+0000] {processor.py:830} INFO - Processing file /home/airflow/.local/lib/python3.8/site-packages/airflow/example_dags/example_latest_only_with_trigger.py for tasks to queue
[2025-04-05T16:46:59.810+0000] {logging_mixin.py:188} INFO - [2025-04-05T16:46:59.810+0000] {dagbag.py:538} INFO - Filling up the DagBag from /home/airflow/.local/lib/python3.8/site-packages/airflow/example_dags/example_latest_only_with_trigger.py
[2025-04-05T16:46:59.819+0000] {processor.py:840} INFO - DAG(s) 'latest_only_with_trigger' retrieved from /home/airflow/.local/lib/python3.8/site-packages/airflow/example_dags/example_latest_only_with_trigger.py
[2025-04-05T16:46:59.847+0000] {logging_mixin.py:188} INFO - [2025-04-05T16:46:59.847+0000] {dag.py:3036} INFO - Sync 1 DAGs
[2025-04-05T16:46:59.874+0000] {logging_mixin.py:188} INFO - [2025-04-05T16:46:59.874+0000] {dag.py:3823} INFO - Setting next_dagrun for latest_only_with_trigger to 2025-04-05 12:00:00+00:00, run_after=2025-04-05 16:00:00+00:00
[2025-04-05T16:46:59.897+0000] {processor.py:183} INFO - Processing /home/airflow/.local/lib/python3.8/site-packages/airflow/example_dags/example_latest_only_with_trigger.py took 0.092 seconds
[2025-04-05T16:47:29.972+0000] {processor.py:161} INFO - Started process (PID=3447) to work on /home/airflow/.local/lib/python3.8/site-packages/airflow/example_dags/example_latest_only_with_trigger.py
[2025-04-05T16:47:29.973+0000] {processor.py:830} INFO - Processing file /home/airflow/.local/lib/python3.8/site-packages/airflow/example_dags/example_latest_only_with_trigger.py for tasks to queue
[2025-04-05T16:47:29.975+0000] {logging_mixin.py:188} INFO - [2025-04-05T16:47:29.974+0000] {dagbag.py:538} INFO - Filling up the DagBag from /home/airflow/.local/lib/python3.8/site-packages/airflow/example_dags/example_latest_only_with_trigger.py
[2025-04-05T16:47:29.981+0000] {processor.py:840} INFO - DAG(s) 'latest_only_with_trigger' retrieved from /home/airflow/.local/lib/python3.8/site-packages/airflow/example_dags/example_latest_only_with_trigger.py
[2025-04-05T16:47:30.006+0000] {logging_mixin.py:188} INFO - [2025-04-05T16:47:30.006+0000] {dag.py:3036} INFO - Sync 1 DAGs
[2025-04-05T16:47:30.030+0000] {logging_mixin.py:188} INFO - [2025-04-05T16:47:30.030+0000] {dag.py:3823} INFO - Setting next_dagrun for latest_only_with_trigger to 2025-04-05 12:00:00+00:00, run_after=2025-04-05 16:00:00+00:00
[2025-04-05T16:47:30.053+0000] {processor.py:183} INFO - Processing /home/airflow/.local/lib/python3.8/site-packages/airflow/example_dags/example_latest_only_with_trigger.py took 0.085 seconds
[2025-04-05T16:48:00.648+0000] {processor.py:161} INFO - Started process (PID=3695) to work on /home/airflow/.local/lib/python3.8/site-packages/airflow/example_dags/example_latest_only_with_trigger.py
[2025-04-05T16:48:00.649+0000] {processor.py:830} INFO - Processing file /home/airflow/.local/lib/python3.8/site-packages/airflow/example_dags/example_latest_only_with_trigger.py for tasks to queue
[2025-04-05T16:48:00.650+0000] {logging_mixin.py:188} INFO - [2025-04-05T16:48:00.650+0000] {dagbag.py:538} INFO - Filling up the DagBag from /home/airflow/.local/lib/python3.8/site-packages/airflow/example_dags/example_latest_only_with_trigger.py
[2025-04-05T16:48:00.657+0000] {processor.py:840} INFO - DAG(s) 'latest_only_with_trigger' retrieved from /home/airflow/.local/lib/python3.8/site-packages/airflow/example_dags/example_latest_only_with_trigger.py
[2025-04-05T16:48:00.680+0000] {logging_mixin.py:188} INFO - [2025-04-05T16:48:00.680+0000] {dag.py:3036} INFO - Sync 1 DAGs
[2025-04-05T16:48:00.703+0000] {logging_mixin.py:188} INFO - [2025-04-05T16:48:00.703+0000] {dag.py:3823} INFO - Setting next_dagrun for latest_only_with_trigger to 2025-04-05 12:00:00+00:00, run_after=2025-04-05 16:00:00+00:00
[2025-04-05T16:48:00.724+0000] {processor.py:183} INFO - Processing /home/airflow/.local/lib/python3.8/site-packages/airflow/example_dags/example_latest_only_with_trigger.py took 0.080 seconds
[2025-04-05T16:48:31.404+0000] {processor.py:161} INFO - Started process (PID=3942) to work on /home/airflow/.local/lib/python3.8/site-packages/airflow/example_dags/example_latest_only_with_trigger.py
[2025-04-05T16:48:31.405+0000] {processor.py:830} INFO - Processing file /home/airflow/.local/lib/python3.8/site-packages/airflow/example_dags/example_latest_only_with_trigger.py for tasks to queue
[2025-04-05T16:48:31.406+0000] {logging_mixin.py:188} INFO - [2025-04-05T16:48:31.406+0000] {dagbag.py:538} INFO - Filling up the DagBag from /home/airflow/.local/lib/python3.8/site-packages/airflow/example_dags/example_latest_only_with_trigger.py
[2025-04-05T16:48:31.412+0000] {processor.py:840} INFO - DAG(s) 'latest_only_with_trigger' retrieved from /home/airflow/.local/lib/python3.8/site-packages/airflow/example_dags/example_latest_only_with_trigger.py
[2025-04-05T16:48:31.435+0000] {logging_mixin.py:188} INFO - [2025-04-05T16:48:31.434+0000] {dag.py:3036} INFO - Sync 1 DAGs
[2025-04-05T16:48:31.459+0000] {logging_mixin.py:188} INFO - [2025-04-05T16:48:31.459+0000] {dag.py:3823} INFO - Setting next_dagrun for latest_only_with_trigger to 2025-04-05 12:00:00+00:00, run_after=2025-04-05 16:00:00+00:00
[2025-04-05T16:48:31.558+0000] {processor.py:183} INFO - Processing /home/airflow/.local/lib/python3.8/site-packages/airflow/example_dags/example_latest_only_with_trigger.py took 0.158 seconds
[2025-04-05T16:49:01.642+0000] {processor.py:161} INFO - Started process (PID=4192) to work on /home/airflow/.local/lib/python3.8/site-packages/airflow/example_dags/example_latest_only_with_trigger.py
[2025-04-05T16:49:01.643+0000] {processor.py:830} INFO - Processing file /home/airflow/.local/lib/python3.8/site-packages/airflow/example_dags/example_latest_only_with_trigger.py for tasks to queue
[2025-04-05T16:49:01.644+0000] {logging_mixin.py:188} INFO - [2025-04-05T16:49:01.643+0000] {dagbag.py:538} INFO - Filling up the DagBag from /home/airflow/.local/lib/python3.8/site-packages/airflow/example_dags/example_latest_only_with_trigger.py
[2025-04-05T16:49:01.649+0000] {processor.py:840} INFO - DAG(s) 'latest_only_with_trigger' retrieved from /home/airflow/.local/lib/python3.8/site-packages/airflow/example_dags/example_latest_only_with_trigger.py
[2025-04-05T16:49:01.671+0000] {logging_mixin.py:188} INFO - [2025-04-05T16:49:01.671+0000] {dag.py:3036} INFO - Sync 1 DAGs
[2025-04-05T16:49:01.692+0000] {logging_mixin.py:188} INFO - [2025-04-05T16:49:01.691+0000] {dag.py:3823} INFO - Setting next_dagrun for latest_only_with_trigger to 2025-04-05 12:00:00+00:00, run_after=2025-04-05 16:00:00+00:00
[2025-04-05T16:49:01.714+0000] {processor.py:183} INFO - Processing /home/airflow/.local/lib/python3.8/site-packages/airflow/example_dags/example_latest_only_with_trigger.py took 0.075 seconds
[2025-04-05T16:49:31.752+0000] {processor.py:161} INFO - Started process (PID=4461) to work on /home/airflow/.local/lib/python3.8/site-packages/airflow/example_dags/example_latest_only_with_trigger.py
[2025-04-05T16:49:31.753+0000] {processor.py:830} INFO - Processing file /home/airflow/.local/lib/python3.8/site-packages/airflow/example_dags/example_latest_only_with_trigger.py for tasks to queue
[2025-04-05T16:49:31.754+0000] {logging_mixin.py:188} INFO - [2025-04-05T16:49:31.754+0000] {dagbag.py:538} INFO - Filling up the DagBag from /home/airflow/.local/lib/python3.8/site-packages/airflow/example_dags/example_latest_only_with_trigger.py
[2025-04-05T16:49:31.761+0000] {processor.py:840} INFO - DAG(s) 'latest_only_with_trigger' retrieved from /home/airflow/.local/lib/python3.8/site-packages/airflow/example_dags/example_latest_only_with_trigger.py
[2025-04-05T16:49:31.782+0000] {logging_mixin.py:188} INFO - [2025-04-05T16:49:31.782+0000] {dag.py:3036} INFO - Sync 1 DAGs
[2025-04-05T16:49:31.803+0000] {logging_mixin.py:188} INFO - [2025-04-05T16:49:31.803+0000] {dag.py:3823} INFO - Setting next_dagrun for latest_only_with_trigger to 2025-04-05 12:00:00+00:00, run_after=2025-04-05 16:00:00+00:00
[2025-04-05T16:49:31.825+0000] {processor.py:183} INFO - Processing /home/airflow/.local/lib/python3.8/site-packages/airflow/example_dags/example_latest_only_with_trigger.py took 0.076 seconds
[2025-04-05T16:50:02.448+0000] {processor.py:161} INFO - Started process (PID=4708) to work on /home/airflow/.local/lib/python3.8/site-packages/airflow/example_dags/example_latest_only_with_trigger.py
[2025-04-05T16:50:02.449+0000] {processor.py:830} INFO - Processing file /home/airflow/.local/lib/python3.8/site-packages/airflow/example_dags/example_latest_only_with_trigger.py for tasks to queue
[2025-04-05T16:50:02.451+0000] {logging_mixin.py:188} INFO - [2025-04-05T16:50:02.450+0000] {dagbag.py:538} INFO - Filling up the DagBag from /home/airflow/.local/lib/python3.8/site-packages/airflow/example_dags/example_latest_only_with_trigger.py
[2025-04-05T16:50:02.460+0000] {processor.py:840} INFO - DAG(s) 'latest_only_with_trigger' retrieved from /home/airflow/.local/lib/python3.8/site-packages/airflow/example_dags/example_latest_only_with_trigger.py
[2025-04-05T16:50:02.490+0000] {logging_mixin.py:188} INFO - [2025-04-05T16:50:02.489+0000] {dag.py:3036} INFO - Sync 1 DAGs
[2025-04-05T16:50:02.520+0000] {logging_mixin.py:188} INFO - [2025-04-05T16:50:02.519+0000] {dag.py:3823} INFO - Setting next_dagrun for latest_only_with_trigger to 2025-04-05 12:00:00+00:00, run_after=2025-04-05 16:00:00+00:00
[2025-04-05T16:50:02.545+0000] {processor.py:183} INFO - Processing /home/airflow/.local/lib/python3.8/site-packages/airflow/example_dags/example_latest_only_with_trigger.py took 0.102 seconds
[2025-04-05T16:50:32.587+0000] {processor.py:161} INFO - Started process (PID=4955) to work on /home/airflow/.local/lib/python3.8/site-packages/airflow/example_dags/example_latest_only_with_trigger.py
[2025-04-05T16:50:32.589+0000] {processor.py:830} INFO - Processing file /home/airflow/.local/lib/python3.8/site-packages/airflow/example_dags/example_latest_only_with_trigger.py for tasks to queue
[2025-04-05T16:50:32.590+0000] {logging_mixin.py:188} INFO - [2025-04-05T16:50:32.590+0000] {dagbag.py:538} INFO - Filling up the DagBag from /home/airflow/.local/lib/python3.8/site-packages/airflow/example_dags/example_latest_only_with_trigger.py
[2025-04-05T16:50:32.597+0000] {processor.py:840} INFO - DAG(s) 'latest_only_with_trigger' retrieved from /home/airflow/.local/lib/python3.8/site-packages/airflow/example_dags/example_latest_only_with_trigger.py
[2025-04-05T16:50:32.622+0000] {logging_mixin.py:188} INFO - [2025-04-05T16:50:32.622+0000] {dag.py:3036} INFO - Sync 1 DAGs
[2025-04-05T16:50:32.645+0000] {logging_mixin.py:188} INFO - [2025-04-05T16:50:32.644+0000] {dag.py:3823} INFO - Setting next_dagrun for latest_only_with_trigger to 2025-04-05 12:00:00+00:00, run_after=2025-04-05 16:00:00+00:00
[2025-04-05T16:50:32.666+0000] {processor.py:183} INFO - Processing /home/airflow/.local/lib/python3.8/site-packages/airflow/example_dags/example_latest_only_with_trigger.py took 0.083 seconds
[2025-04-05T16:51:02.875+0000] {processor.py:161} INFO - Started process (PID=5207) to work on /home/airflow/.local/lib/python3.8/site-packages/airflow/example_dags/example_latest_only_with_trigger.py
[2025-04-05T16:51:02.877+0000] {processor.py:830} INFO - Processing file /home/airflow/.local/lib/python3.8/site-packages/airflow/example_dags/example_latest_only_with_trigger.py for tasks to queue
[2025-04-05T16:51:02.878+0000] {logging_mixin.py:188} INFO - [2025-04-05T16:51:02.877+0000] {dagbag.py:538} INFO - Filling up the DagBag from /home/airflow/.local/lib/python3.8/site-packages/airflow/example_dags/example_latest_only_with_trigger.py
[2025-04-05T16:51:02.885+0000] {processor.py:840} INFO - DAG(s) 'latest_only_with_trigger' retrieved from /home/airflow/.local/lib/python3.8/site-packages/airflow/example_dags/example_latest_only_with_trigger.py
[2025-04-05T16:51:02.908+0000] {logging_mixin.py:188} INFO - [2025-04-05T16:51:02.908+0000] {dag.py:3036} INFO - Sync 1 DAGs
[2025-04-05T16:51:02.932+0000] {logging_mixin.py:188} INFO - [2025-04-05T16:51:02.932+0000] {dag.py:3823} INFO - Setting next_dagrun for latest_only_with_trigger to 2025-04-05 12:00:00+00:00, run_after=2025-04-05 16:00:00+00:00
[2025-04-05T16:51:02.956+0000] {processor.py:183} INFO - Processing /home/airflow/.local/lib/python3.8/site-packages/airflow/example_dags/example_latest_only_with_trigger.py took 0.084 seconds
[2025-04-05T16:51:33.385+0000] {processor.py:161} INFO - Started process (PID=5459) to work on /home/airflow/.local/lib/python3.8/site-packages/airflow/example_dags/example_latest_only_with_trigger.py
[2025-04-05T16:51:33.387+0000] {processor.py:830} INFO - Processing file /home/airflow/.local/lib/python3.8/site-packages/airflow/example_dags/example_latest_only_with_trigger.py for tasks to queue
[2025-04-05T16:51:33.388+0000] {logging_mixin.py:188} INFO - [2025-04-05T16:51:33.387+0000] {dagbag.py:538} INFO - Filling up the DagBag from /home/airflow/.local/lib/python3.8/site-packages/airflow/example_dags/example_latest_only_with_trigger.py
[2025-04-05T16:51:33.394+0000] {processor.py:840} INFO - DAG(s) 'latest_only_with_trigger' retrieved from /home/airflow/.local/lib/python3.8/site-packages/airflow/example_dags/example_latest_only_with_trigger.py
[2025-04-05T16:51:33.417+0000] {logging_mixin.py:188} INFO - [2025-04-05T16:51:33.417+0000] {dag.py:3036} INFO - Sync 1 DAGs
[2025-04-05T16:51:33.440+0000] {logging_mixin.py:188} INFO - [2025-04-05T16:51:33.440+0000] {dag.py:3823} INFO - Setting next_dagrun for latest_only_with_trigger to 2025-04-05 12:00:00+00:00, run_after=2025-04-05 16:00:00+00:00
[2025-04-05T16:51:33.460+0000] {processor.py:183} INFO - Processing /home/airflow/.local/lib/python3.8/site-packages/airflow/example_dags/example_latest_only_with_trigger.py took 0.078 seconds
[2025-04-05T16:52:03.611+0000] {processor.py:161} INFO - Started process (PID=5711) to work on /home/airflow/.local/lib/python3.8/site-packages/airflow/example_dags/example_latest_only_with_trigger.py
[2025-04-05T16:52:03.612+0000] {processor.py:830} INFO - Processing file /home/airflow/.local/lib/python3.8/site-packages/airflow/example_dags/example_latest_only_with_trigger.py for tasks to queue
[2025-04-05T16:52:03.614+0000] {logging_mixin.py:188} INFO - [2025-04-05T16:52:03.613+0000] {dagbag.py:538} INFO - Filling up the DagBag from /home/airflow/.local/lib/python3.8/site-packages/airflow/example_dags/example_latest_only_with_trigger.py
[2025-04-05T16:52:03.621+0000] {processor.py:840} INFO - DAG(s) 'latest_only_with_trigger' retrieved from /home/airflow/.local/lib/python3.8/site-packages/airflow/example_dags/example_latest_only_with_trigger.py
[2025-04-05T16:52:03.643+0000] {logging_mixin.py:188} INFO - [2025-04-05T16:52:03.643+0000] {dag.py:3036} INFO - Sync 1 DAGs
[2025-04-05T16:52:03.665+0000] {logging_mixin.py:188} INFO - [2025-04-05T16:52:03.665+0000] {dag.py:3823} INFO - Setting next_dagrun for latest_only_with_trigger to 2025-04-05 12:00:00+00:00, run_after=2025-04-05 16:00:00+00:00
[2025-04-05T16:52:03.693+0000] {processor.py:183} INFO - Processing /home/airflow/.local/lib/python3.8/site-packages/airflow/example_dags/example_latest_only_with_trigger.py took 0.085 seconds
[2025-04-05T16:52:34.128+0000] {processor.py:161} INFO - Started process (PID=5963) to work on /home/airflow/.local/lib/python3.8/site-packages/airflow/example_dags/example_latest_only_with_trigger.py
[2025-04-05T16:52:34.129+0000] {processor.py:830} INFO - Processing file /home/airflow/.local/lib/python3.8/site-packages/airflow/example_dags/example_latest_only_with_trigger.py for tasks to queue
[2025-04-05T16:52:34.130+0000] {logging_mixin.py:188} INFO - [2025-04-05T16:52:34.130+0000] {dagbag.py:538} INFO - Filling up the DagBag from /home/airflow/.local/lib/python3.8/site-packages/airflow/example_dags/example_latest_only_with_trigger.py
[2025-04-05T16:52:34.137+0000] {processor.py:840} INFO - DAG(s) 'latest_only_with_trigger' retrieved from /home/airflow/.local/lib/python3.8/site-packages/airflow/example_dags/example_latest_only_with_trigger.py
[2025-04-05T16:52:34.160+0000] {logging_mixin.py:188} INFO - [2025-04-05T16:52:34.160+0000] {dag.py:3036} INFO - Sync 1 DAGs
[2025-04-05T16:52:34.188+0000] {logging_mixin.py:188} INFO - [2025-04-05T16:52:34.187+0000] {dag.py:3823} INFO - Setting next_dagrun for latest_only_with_trigger to 2025-04-05 12:00:00+00:00, run_after=2025-04-05 16:00:00+00:00
[2025-04-05T16:52:34.213+0000] {processor.py:183} INFO - Processing /home/airflow/.local/lib/python3.8/site-packages/airflow/example_dags/example_latest_only_with_trigger.py took 0.088 seconds
[2025-04-05T16:53:04.374+0000] {processor.py:161} INFO - Started process (PID=6216) to work on /home/airflow/.local/lib/python3.8/site-packages/airflow/example_dags/example_latest_only_with_trigger.py
[2025-04-05T16:53:04.375+0000] {processor.py:830} INFO - Processing file /home/airflow/.local/lib/python3.8/site-packages/airflow/example_dags/example_latest_only_with_trigger.py for tasks to queue
[2025-04-05T16:53:04.376+0000] {logging_mixin.py:188} INFO - [2025-04-05T16:53:04.376+0000] {dagbag.py:538} INFO - Filling up the DagBag from /home/airflow/.local/lib/python3.8/site-packages/airflow/example_dags/example_latest_only_with_trigger.py
[2025-04-05T16:53:04.384+0000] {processor.py:840} INFO - DAG(s) 'latest_only_with_trigger' retrieved from /home/airflow/.local/lib/python3.8/site-packages/airflow/example_dags/example_latest_only_with_trigger.py
[2025-04-05T16:53:04.407+0000] {logging_mixin.py:188} INFO - [2025-04-05T16:53:04.407+0000] {dag.py:3036} INFO - Sync 1 DAGs
[2025-04-05T16:53:04.428+0000] {logging_mixin.py:188} INFO - [2025-04-05T16:53:04.427+0000] {dag.py:3823} INFO - Setting next_dagrun for latest_only_with_trigger to 2025-04-05 12:00:00+00:00, run_after=2025-04-05 16:00:00+00:00
[2025-04-05T16:53:04.448+0000] {processor.py:183} INFO - Processing /home/airflow/.local/lib/python3.8/site-packages/airflow/example_dags/example_latest_only_with_trigger.py took 0.077 seconds
[2025-04-05T16:53:34.601+0000] {processor.py:161} INFO - Started process (PID=6468) to work on /home/airflow/.local/lib/python3.8/site-packages/airflow/example_dags/example_latest_only_with_trigger.py
[2025-04-05T16:53:34.603+0000] {processor.py:830} INFO - Processing file /home/airflow/.local/lib/python3.8/site-packages/airflow/example_dags/example_latest_only_with_trigger.py for tasks to queue
[2025-04-05T16:53:34.604+0000] {logging_mixin.py:188} INFO - [2025-04-05T16:53:34.604+0000] {dagbag.py:538} INFO - Filling up the DagBag from /home/airflow/.local/lib/python3.8/site-packages/airflow/example_dags/example_latest_only_with_trigger.py
[2025-04-05T16:53:34.610+0000] {processor.py:840} INFO - DAG(s) 'latest_only_with_trigger' retrieved from /home/airflow/.local/lib/python3.8/site-packages/airflow/example_dags/example_latest_only_with_trigger.py
[2025-04-05T16:53:34.636+0000] {logging_mixin.py:188} INFO - [2025-04-05T16:53:34.635+0000] {dag.py:3036} INFO - Sync 1 DAGs
[2025-04-05T16:53:34.658+0000] {logging_mixin.py:188} INFO - [2025-04-05T16:53:34.657+0000] {dag.py:3823} INFO - Setting next_dagrun for latest_only_with_trigger to 2025-04-05 12:00:00+00:00, run_after=2025-04-05 16:00:00+00:00
[2025-04-05T16:53:34.679+0000] {processor.py:183} INFO - Processing /home/airflow/.local/lib/python3.8/site-packages/airflow/example_dags/example_latest_only_with_trigger.py took 0.081 seconds
[2025-04-05T16:54:05.400+0000] {processor.py:161} INFO - Started process (PID=6714) to work on /home/airflow/.local/lib/python3.8/site-packages/airflow/example_dags/example_latest_only_with_trigger.py
[2025-04-05T16:54:05.402+0000] {processor.py:830} INFO - Processing file /home/airflow/.local/lib/python3.8/site-packages/airflow/example_dags/example_latest_only_with_trigger.py for tasks to queue
[2025-04-05T16:54:05.403+0000] {logging_mixin.py:188} INFO - [2025-04-05T16:54:05.403+0000] {dagbag.py:538} INFO - Filling up the DagBag from /home/airflow/.local/lib/python3.8/site-packages/airflow/example_dags/example_latest_only_with_trigger.py
[2025-04-05T16:54:05.410+0000] {processor.py:840} INFO - DAG(s) 'latest_only_with_trigger' retrieved from /home/airflow/.local/lib/python3.8/site-packages/airflow/example_dags/example_latest_only_with_trigger.py
[2025-04-05T16:54:05.435+0000] {logging_mixin.py:188} INFO - [2025-04-05T16:54:05.434+0000] {dag.py:3036} INFO - Sync 1 DAGs
[2025-04-05T16:54:05.457+0000] {logging_mixin.py:188} INFO - [2025-04-05T16:54:05.457+0000] {dag.py:3823} INFO - Setting next_dagrun for latest_only_with_trigger to 2025-04-05 12:00:00+00:00, run_after=2025-04-05 16:00:00+00:00
[2025-04-05T16:54:05.478+0000] {processor.py:183} INFO - Processing /home/airflow/.local/lib/python3.8/site-packages/airflow/example_dags/example_latest_only_with_trigger.py took 0.081 seconds
[2025-04-05T16:54:35.708+0000] {processor.py:161} INFO - Started process (PID=6966) to work on /home/airflow/.local/lib/python3.8/site-packages/airflow/example_dags/example_latest_only_with_trigger.py
[2025-04-05T16:54:35.710+0000] {processor.py:830} INFO - Processing file /home/airflow/.local/lib/python3.8/site-packages/airflow/example_dags/example_latest_only_with_trigger.py for tasks to queue
[2025-04-05T16:54:35.711+0000] {logging_mixin.py:188} INFO - [2025-04-05T16:54:35.710+0000] {dagbag.py:538} INFO - Filling up the DagBag from /home/airflow/.local/lib/python3.8/site-packages/airflow/example_dags/example_latest_only_with_trigger.py
[2025-04-05T16:54:35.717+0000] {processor.py:840} INFO - DAG(s) 'latest_only_with_trigger' retrieved from /home/airflow/.local/lib/python3.8/site-packages/airflow/example_dags/example_latest_only_with_trigger.py
[2025-04-05T16:54:35.742+0000] {logging_mixin.py:188} INFO - [2025-04-05T16:54:35.742+0000] {dag.py:3036} INFO - Sync 1 DAGs
[2025-04-05T16:54:35.766+0000] {logging_mixin.py:188} INFO - [2025-04-05T16:54:35.766+0000] {dag.py:3823} INFO - Setting next_dagrun for latest_only_with_trigger to 2025-04-05 12:00:00+00:00, run_after=2025-04-05 16:00:00+00:00
[2025-04-05T16:54:35.790+0000] {processor.py:183} INFO - Processing /home/airflow/.local/lib/python3.8/site-packages/airflow/example_dags/example_latest_only_with_trigger.py took 0.086 seconds
[2025-04-05T16:55:05.924+0000] {processor.py:161} INFO - Started process (PID=7218) to work on /home/airflow/.local/lib/python3.8/site-packages/airflow/example_dags/example_latest_only_with_trigger.py
[2025-04-05T16:55:05.925+0000] {processor.py:830} INFO - Processing file /home/airflow/.local/lib/python3.8/site-packages/airflow/example_dags/example_latest_only_with_trigger.py for tasks to queue
[2025-04-05T16:55:05.927+0000] {logging_mixin.py:188} INFO - [2025-04-05T16:55:05.926+0000] {dagbag.py:538} INFO - Filling up the DagBag from /home/airflow/.local/lib/python3.8/site-packages/airflow/example_dags/example_latest_only_with_trigger.py
[2025-04-05T16:55:05.934+0000] {processor.py:840} INFO - DAG(s) 'latest_only_with_trigger' retrieved from /home/airflow/.local/lib/python3.8/site-packages/airflow/example_dags/example_latest_only_with_trigger.py
[2025-04-05T16:55:05.965+0000] {logging_mixin.py:188} INFO - [2025-04-05T16:55:05.964+0000] {dag.py:3036} INFO - Sync 1 DAGs
[2025-04-05T16:55:05.992+0000] {logging_mixin.py:188} INFO - [2025-04-05T16:55:05.992+0000] {dag.py:3823} INFO - Setting next_dagrun for latest_only_with_trigger to 2025-04-05 12:00:00+00:00, run_after=2025-04-05 16:00:00+00:00
[2025-04-05T16:55:06.013+0000] {processor.py:183} INFO - Processing /home/airflow/.local/lib/python3.8/site-packages/airflow/example_dags/example_latest_only_with_trigger.py took 0.093 seconds
[2025-04-05T16:55:36.312+0000] {processor.py:161} INFO - Started process (PID=7475) to work on /home/airflow/.local/lib/python3.8/site-packages/airflow/example_dags/example_latest_only_with_trigger.py
[2025-04-05T16:55:36.314+0000] {processor.py:830} INFO - Processing file /home/airflow/.local/lib/python3.8/site-packages/airflow/example_dags/example_latest_only_with_trigger.py for tasks to queue
[2025-04-05T16:55:36.315+0000] {logging_mixin.py:188} INFO - [2025-04-05T16:55:36.314+0000] {dagbag.py:538} INFO - Filling up the DagBag from /home/airflow/.local/lib/python3.8/site-packages/airflow/example_dags/example_latest_only_with_trigger.py
[2025-04-05T16:55:36.322+0000] {processor.py:840} INFO - DAG(s) 'latest_only_with_trigger' retrieved from /home/airflow/.local/lib/python3.8/site-packages/airflow/example_dags/example_latest_only_with_trigger.py
[2025-04-05T16:55:36.346+0000] {logging_mixin.py:188} INFO - [2025-04-05T16:55:36.346+0000] {dag.py:3036} INFO - Sync 1 DAGs
[2025-04-05T16:55:36.374+0000] {logging_mixin.py:188} INFO - [2025-04-05T16:55:36.374+0000] {dag.py:3823} INFO - Setting next_dagrun for latest_only_with_trigger to 2025-04-05 12:00:00+00:00, run_after=2025-04-05 16:00:00+00:00
[2025-04-05T16:55:36.397+0000] {processor.py:183} INFO - Processing /home/airflow/.local/lib/python3.8/site-packages/airflow/example_dags/example_latest_only_with_trigger.py took 0.088 seconds
[2025-04-05T16:56:06.639+0000] {processor.py:161} INFO - Started process (PID=7727) to work on /home/airflow/.local/lib/python3.8/site-packages/airflow/example_dags/example_latest_only_with_trigger.py
[2025-04-05T16:56:06.640+0000] {processor.py:830} INFO - Processing file /home/airflow/.local/lib/python3.8/site-packages/airflow/example_dags/example_latest_only_with_trigger.py for tasks to queue
[2025-04-05T16:56:06.641+0000] {logging_mixin.py:188} INFO - [2025-04-05T16:56:06.641+0000] {dagbag.py:538} INFO - Filling up the DagBag from /home/airflow/.local/lib/python3.8/site-packages/airflow/example_dags/example_latest_only_with_trigger.py
[2025-04-05T16:56:06.648+0000] {processor.py:840} INFO - DAG(s) 'latest_only_with_trigger' retrieved from /home/airflow/.local/lib/python3.8/site-packages/airflow/example_dags/example_latest_only_with_trigger.py
[2025-04-05T16:56:06.669+0000] {logging_mixin.py:188} INFO - [2025-04-05T16:56:06.669+0000] {dag.py:3036} INFO - Sync 1 DAGs
[2025-04-05T16:56:06.691+0000] {logging_mixin.py:188} INFO - [2025-04-05T16:56:06.691+0000] {dag.py:3823} INFO - Setting next_dagrun for latest_only_with_trigger to 2025-04-05 12:00:00+00:00, run_after=2025-04-05 16:00:00+00:00
[2025-04-05T16:56:06.713+0000] {processor.py:183} INFO - Processing /home/airflow/.local/lib/python3.8/site-packages/airflow/example_dags/example_latest_only_with_trigger.py took 0.078 seconds
[2025-04-05T16:56:36.878+0000] {processor.py:161} INFO - Started process (PID=7979) to work on /home/airflow/.local/lib/python3.8/site-packages/airflow/example_dags/example_latest_only_with_trigger.py
[2025-04-05T16:56:36.879+0000] {processor.py:830} INFO - Processing file /home/airflow/.local/lib/python3.8/site-packages/airflow/example_dags/example_latest_only_with_trigger.py for tasks to queue
[2025-04-05T16:56:36.881+0000] {logging_mixin.py:188} INFO - [2025-04-05T16:56:36.880+0000] {dagbag.py:538} INFO - Filling up the DagBag from /home/airflow/.local/lib/python3.8/site-packages/airflow/example_dags/example_latest_only_with_trigger.py
[2025-04-05T16:56:36.888+0000] {processor.py:840} INFO - DAG(s) 'latest_only_with_trigger' retrieved from /home/airflow/.local/lib/python3.8/site-packages/airflow/example_dags/example_latest_only_with_trigger.py
[2025-04-05T16:56:36.917+0000] {logging_mixin.py:188} INFO - [2025-04-05T16:56:36.917+0000] {dag.py:3036} INFO - Sync 1 DAGs
[2025-04-05T16:56:36.949+0000] {logging_mixin.py:188} INFO - [2025-04-05T16:56:36.948+0000] {dag.py:3823} INFO - Setting next_dagrun for latest_only_with_trigger to 2025-04-05 12:00:00+00:00, run_after=2025-04-05 16:00:00+00:00
[2025-04-05T16:56:36.971+0000] {processor.py:183} INFO - Processing /home/airflow/.local/lib/python3.8/site-packages/airflow/example_dags/example_latest_only_with_trigger.py took 0.098 seconds
