[2025-04-05T14:18:15.581+0000] {processor.py:161} INFO - Started process (PID=303) to work on /home/airflow/.local/lib/python3.8/site-packages/airflow/example_dags/example_bash_operator.py
[2025-04-05T14:18:15.582+0000] {processor.py:830} INFO - Processing file /home/airflow/.local/lib/python3.8/site-packages/airflow/example_dags/example_bash_operator.py for tasks to queue
[2025-04-05T14:18:15.583+0000] {logging_mixin.py:188} INFO - [2025-04-05T14:18:15.583+0000] {dagbag.py:538} INFO - Filling up the DagBag from /home/airflow/.local/lib/python3.8/site-packages/airflow/example_dags/example_bash_operator.py
[2025-04-05T14:18:15.599+0000] {processor.py:840} INFO - DAG(s) 'example_bash_operator' retrieved from /home/airflow/.local/lib/python3.8/site-packages/airflow/example_dags/example_bash_operator.py
[2025-04-05T14:18:15.615+0000] {logging_mixin.py:188} INFO - [2025-04-05T14:18:15.614+0000] {dag.py:3036} INFO - Sync 1 DAGs
[2025-04-05T14:18:15.664+0000] {logging_mixin.py:188} INFO - [2025-04-05T14:18:15.664+0000] {dag.py:3823} INFO - Setting next_dagrun for example_bash_operator to 2025-04-04 00:00:00+00:00, run_after=2025-04-05 00:00:00+00:00
[2025-04-05T14:18:15.700+0000] {processor.py:183} INFO - Processing /home/airflow/.local/lib/python3.8/site-packages/airflow/example_dags/example_bash_operator.py took 0.123 seconds
[2025-04-05T14:18:46.689+0000] {processor.py:161} INFO - Started process (PID=550) to work on /home/airflow/.local/lib/python3.8/site-packages/airflow/example_dags/example_bash_operator.py
[2025-04-05T14:18:46.691+0000] {processor.py:830} INFO - Processing file /home/airflow/.local/lib/python3.8/site-packages/airflow/example_dags/example_bash_operator.py for tasks to queue
[2025-04-05T14:18:46.692+0000] {logging_mixin.py:188} INFO - [2025-04-05T14:18:46.692+0000] {dagbag.py:538} INFO - Filling up the DagBag from /home/airflow/.local/lib/python3.8/site-packages/airflow/example_dags/example_bash_operator.py
[2025-04-05T14:18:46.705+0000] {processor.py:840} INFO - DAG(s) 'example_bash_operator' retrieved from /home/airflow/.local/lib/python3.8/site-packages/airflow/example_dags/example_bash_operator.py
[2025-04-05T14:18:46.843+0000] {logging_mixin.py:188} INFO - [2025-04-05T14:18:46.842+0000] {dag.py:3036} INFO - Sync 1 DAGs
[2025-04-05T14:18:46.882+0000] {logging_mixin.py:188} INFO - [2025-04-05T14:18:46.882+0000] {dag.py:3823} INFO - Setting next_dagrun for example_bash_operator to 2025-04-04 00:00:00+00:00, run_after=2025-04-05 00:00:00+00:00
[2025-04-05T14:18:46.909+0000] {processor.py:183} INFO - Processing /home/airflow/.local/lib/python3.8/site-packages/airflow/example_dags/example_bash_operator.py took 0.223 seconds
[2025-04-05T14:19:17.854+0000] {processor.py:161} INFO - Started process (PID=803) to work on /home/airflow/.local/lib/python3.8/site-packages/airflow/example_dags/example_bash_operator.py
[2025-04-05T14:19:17.855+0000] {processor.py:830} INFO - Processing file /home/airflow/.local/lib/python3.8/site-packages/airflow/example_dags/example_bash_operator.py for tasks to queue
[2025-04-05T14:19:17.856+0000] {logging_mixin.py:188} INFO - [2025-04-05T14:19:17.856+0000] {dagbag.py:538} INFO - Filling up the DagBag from /home/airflow/.local/lib/python3.8/site-packages/airflow/example_dags/example_bash_operator.py
[2025-04-05T14:19:17.866+0000] {processor.py:840} INFO - DAG(s) 'example_bash_operator' retrieved from /home/airflow/.local/lib/python3.8/site-packages/airflow/example_dags/example_bash_operator.py
[2025-04-05T14:19:17.894+0000] {logging_mixin.py:188} INFO - [2025-04-05T14:19:17.893+0000] {dag.py:3036} INFO - Sync 1 DAGs
[2025-04-05T14:19:17.915+0000] {logging_mixin.py:188} INFO - [2025-04-05T14:19:17.914+0000] {dag.py:3823} INFO - Setting next_dagrun for example_bash_operator to 2025-04-04 00:00:00+00:00, run_after=2025-04-05 00:00:00+00:00
[2025-04-05T14:19:17.934+0000] {processor.py:183} INFO - Processing /home/airflow/.local/lib/python3.8/site-packages/airflow/example_dags/example_bash_operator.py took 0.083 seconds
[2025-04-05T14:19:48.015+0000] {processor.py:161} INFO - Started process (PID=1050) to work on /home/airflow/.local/lib/python3.8/site-packages/airflow/example_dags/example_bash_operator.py
[2025-04-05T14:19:48.017+0000] {processor.py:830} INFO - Processing file /home/airflow/.local/lib/python3.8/site-packages/airflow/example_dags/example_bash_operator.py for tasks to queue
[2025-04-05T14:19:48.018+0000] {logging_mixin.py:188} INFO - [2025-04-05T14:19:48.017+0000] {dagbag.py:538} INFO - Filling up the DagBag from /home/airflow/.local/lib/python3.8/site-packages/airflow/example_dags/example_bash_operator.py
[2025-04-05T14:19:48.032+0000] {processor.py:840} INFO - DAG(s) 'example_bash_operator' retrieved from /home/airflow/.local/lib/python3.8/site-packages/airflow/example_dags/example_bash_operator.py
[2025-04-05T14:19:48.070+0000] {logging_mixin.py:188} INFO - [2025-04-05T14:19:48.069+0000] {dag.py:3036} INFO - Sync 1 DAGs
[2025-04-05T14:19:48.095+0000] {logging_mixin.py:188} INFO - [2025-04-05T14:19:48.094+0000] {dag.py:3823} INFO - Setting next_dagrun for example_bash_operator to 2025-04-04 00:00:00+00:00, run_after=2025-04-05 00:00:00+00:00
[2025-04-05T14:19:48.116+0000] {processor.py:183} INFO - Processing /home/airflow/.local/lib/python3.8/site-packages/airflow/example_dags/example_bash_operator.py took 0.104 seconds
[2025-04-05T14:20:18.723+0000] {processor.py:161} INFO - Started process (PID=1299) to work on /home/airflow/.local/lib/python3.8/site-packages/airflow/example_dags/example_bash_operator.py
[2025-04-05T14:20:18.724+0000] {processor.py:830} INFO - Processing file /home/airflow/.local/lib/python3.8/site-packages/airflow/example_dags/example_bash_operator.py for tasks to queue
[2025-04-05T14:20:18.724+0000] {logging_mixin.py:188} INFO - [2025-04-05T14:20:18.724+0000] {dagbag.py:538} INFO - Filling up the DagBag from /home/airflow/.local/lib/python3.8/site-packages/airflow/example_dags/example_bash_operator.py
[2025-04-05T14:20:18.735+0000] {processor.py:840} INFO - DAG(s) 'example_bash_operator' retrieved from /home/airflow/.local/lib/python3.8/site-packages/airflow/example_dags/example_bash_operator.py
[2025-04-05T14:20:18.770+0000] {logging_mixin.py:188} INFO - [2025-04-05T14:20:18.770+0000] {dag.py:3036} INFO - Sync 1 DAGs
[2025-04-05T14:20:18.797+0000] {logging_mixin.py:188} INFO - [2025-04-05T14:20:18.797+0000] {dag.py:3823} INFO - Setting next_dagrun for example_bash_operator to 2025-04-04 00:00:00+00:00, run_after=2025-04-05 00:00:00+00:00
[2025-04-05T14:20:18.821+0000] {processor.py:183} INFO - Processing /home/airflow/.local/lib/python3.8/site-packages/airflow/example_dags/example_bash_operator.py took 0.101 seconds
[2025-04-05T14:20:49.549+0000] {processor.py:161} INFO - Started process (PID=1544) to work on /home/airflow/.local/lib/python3.8/site-packages/airflow/example_dags/example_bash_operator.py
[2025-04-05T14:20:49.551+0000] {processor.py:830} INFO - Processing file /home/airflow/.local/lib/python3.8/site-packages/airflow/example_dags/example_bash_operator.py for tasks to queue
[2025-04-05T14:20:49.556+0000] {logging_mixin.py:188} INFO - [2025-04-05T14:20:49.555+0000] {dagbag.py:538} INFO - Filling up the DagBag from /home/airflow/.local/lib/python3.8/site-packages/airflow/example_dags/example_bash_operator.py
[2025-04-05T14:20:49.576+0000] {processor.py:840} INFO - DAG(s) 'example_bash_operator' retrieved from /home/airflow/.local/lib/python3.8/site-packages/airflow/example_dags/example_bash_operator.py
[2025-04-05T14:20:49.634+0000] {logging_mixin.py:188} INFO - [2025-04-05T14:20:49.633+0000] {dag.py:3036} INFO - Sync 1 DAGs
[2025-04-05T14:20:49.682+0000] {logging_mixin.py:188} INFO - [2025-04-05T14:20:49.682+0000] {dag.py:3823} INFO - Setting next_dagrun for example_bash_operator to 2025-04-04 00:00:00+00:00, run_after=2025-04-05 00:00:00+00:00
[2025-04-05T14:20:49.717+0000] {processor.py:183} INFO - Processing /home/airflow/.local/lib/python3.8/site-packages/airflow/example_dags/example_bash_operator.py took 0.173 seconds
[2025-04-05T14:21:19.781+0000] {processor.py:161} INFO - Started process (PID=1791) to work on /home/airflow/.local/lib/python3.8/site-packages/airflow/example_dags/example_bash_operator.py
[2025-04-05T14:21:19.783+0000] {processor.py:830} INFO - Processing file /home/airflow/.local/lib/python3.8/site-packages/airflow/example_dags/example_bash_operator.py for tasks to queue
[2025-04-05T14:21:19.784+0000] {logging_mixin.py:188} INFO - [2025-04-05T14:21:19.783+0000] {dagbag.py:538} INFO - Filling up the DagBag from /home/airflow/.local/lib/python3.8/site-packages/airflow/example_dags/example_bash_operator.py
[2025-04-05T14:21:19.795+0000] {processor.py:840} INFO - DAG(s) 'example_bash_operator' retrieved from /home/airflow/.local/lib/python3.8/site-packages/airflow/example_dags/example_bash_operator.py
[2025-04-05T14:21:19.823+0000] {logging_mixin.py:188} INFO - [2025-04-05T14:21:19.823+0000] {dag.py:3036} INFO - Sync 1 DAGs
[2025-04-05T14:21:19.846+0000] {logging_mixin.py:188} INFO - [2025-04-05T14:21:19.846+0000] {dag.py:3823} INFO - Setting next_dagrun for example_bash_operator to 2025-04-04 00:00:00+00:00, run_after=2025-04-05 00:00:00+00:00
[2025-04-05T14:21:19.866+0000] {processor.py:183} INFO - Processing /home/airflow/.local/lib/python3.8/site-packages/airflow/example_dags/example_bash_operator.py took 0.089 seconds
[2025-04-05T14:21:50.264+0000] {processor.py:161} INFO - Started process (PID=2039) to work on /home/airflow/.local/lib/python3.8/site-packages/airflow/example_dags/example_bash_operator.py
[2025-04-05T14:21:50.265+0000] {processor.py:830} INFO - Processing file /home/airflow/.local/lib/python3.8/site-packages/airflow/example_dags/example_bash_operator.py for tasks to queue
[2025-04-05T14:21:50.267+0000] {logging_mixin.py:188} INFO - [2025-04-05T14:21:50.266+0000] {dagbag.py:538} INFO - Filling up the DagBag from /home/airflow/.local/lib/python3.8/site-packages/airflow/example_dags/example_bash_operator.py
[2025-04-05T14:21:50.279+0000] {processor.py:840} INFO - DAG(s) 'example_bash_operator' retrieved from /home/airflow/.local/lib/python3.8/site-packages/airflow/example_dags/example_bash_operator.py
[2025-04-05T14:21:50.311+0000] {logging_mixin.py:188} INFO - [2025-04-05T14:21:50.310+0000] {dag.py:3036} INFO - Sync 1 DAGs
[2025-04-05T14:21:50.343+0000] {logging_mixin.py:188} INFO - [2025-04-05T14:21:50.342+0000] {dag.py:3823} INFO - Setting next_dagrun for example_bash_operator to 2025-04-04 00:00:00+00:00, run_after=2025-04-05 00:00:00+00:00
[2025-04-05T14:21:50.364+0000] {processor.py:183} INFO - Processing /home/airflow/.local/lib/python3.8/site-packages/airflow/example_dags/example_bash_operator.py took 0.104 seconds
[2025-04-05T14:22:21.417+0000] {processor.py:161} INFO - Started process (PID=2288) to work on /home/airflow/.local/lib/python3.8/site-packages/airflow/example_dags/example_bash_operator.py
[2025-04-05T14:22:21.418+0000] {processor.py:830} INFO - Processing file /home/airflow/.local/lib/python3.8/site-packages/airflow/example_dags/example_bash_operator.py for tasks to queue
[2025-04-05T14:22:21.419+0000] {logging_mixin.py:188} INFO - [2025-04-05T14:22:21.419+0000] {dagbag.py:538} INFO - Filling up the DagBag from /home/airflow/.local/lib/python3.8/site-packages/airflow/example_dags/example_bash_operator.py
[2025-04-05T14:22:21.429+0000] {processor.py:840} INFO - DAG(s) 'example_bash_operator' retrieved from /home/airflow/.local/lib/python3.8/site-packages/airflow/example_dags/example_bash_operator.py
[2025-04-05T14:22:21.462+0000] {logging_mixin.py:188} INFO - [2025-04-05T14:22:21.462+0000] {dag.py:3036} INFO - Sync 1 DAGs
[2025-04-05T14:22:21.489+0000] {logging_mixin.py:188} INFO - [2025-04-05T14:22:21.489+0000] {dag.py:3823} INFO - Setting next_dagrun for example_bash_operator to 2025-04-04 00:00:00+00:00, run_after=2025-04-05 00:00:00+00:00
[2025-04-05T14:22:21.511+0000] {processor.py:183} INFO - Processing /home/airflow/.local/lib/python3.8/site-packages/airflow/example_dags/example_bash_operator.py took 0.097 seconds
[2025-04-05T14:22:51.772+0000] {processor.py:161} INFO - Started process (PID=2535) to work on /home/airflow/.local/lib/python3.8/site-packages/airflow/example_dags/example_bash_operator.py
[2025-04-05T14:22:51.773+0000] {processor.py:830} INFO - Processing file /home/airflow/.local/lib/python3.8/site-packages/airflow/example_dags/example_bash_operator.py for tasks to queue
[2025-04-05T14:22:51.775+0000] {logging_mixin.py:188} INFO - [2025-04-05T14:22:51.774+0000] {dagbag.py:538} INFO - Filling up the DagBag from /home/airflow/.local/lib/python3.8/site-packages/airflow/example_dags/example_bash_operator.py
[2025-04-05T14:22:51.793+0000] {processor.py:840} INFO - DAG(s) 'example_bash_operator' retrieved from /home/airflow/.local/lib/python3.8/site-packages/airflow/example_dags/example_bash_operator.py
[2025-04-05T14:22:51.822+0000] {logging_mixin.py:188} INFO - [2025-04-05T14:22:51.822+0000] {dag.py:3036} INFO - Sync 1 DAGs
[2025-04-05T14:22:51.845+0000] {logging_mixin.py:188} INFO - [2025-04-05T14:22:51.845+0000] {dag.py:3823} INFO - Setting next_dagrun for example_bash_operator to 2025-04-04 00:00:00+00:00, run_after=2025-04-05 00:00:00+00:00
[2025-04-05T14:22:51.867+0000] {processor.py:183} INFO - Processing /home/airflow/.local/lib/python3.8/site-packages/airflow/example_dags/example_bash_operator.py took 0.099 seconds
[2025-04-05T14:23:21.963+0000] {processor.py:161} INFO - Started process (PID=2780) to work on /home/airflow/.local/lib/python3.8/site-packages/airflow/example_dags/example_bash_operator.py
[2025-04-05T14:23:21.965+0000] {processor.py:830} INFO - Processing file /home/airflow/.local/lib/python3.8/site-packages/airflow/example_dags/example_bash_operator.py for tasks to queue
[2025-04-05T14:23:21.966+0000] {logging_mixin.py:188} INFO - [2025-04-05T14:23:21.965+0000] {dagbag.py:538} INFO - Filling up the DagBag from /home/airflow/.local/lib/python3.8/site-packages/airflow/example_dags/example_bash_operator.py
[2025-04-05T14:23:21.977+0000] {processor.py:840} INFO - DAG(s) 'example_bash_operator' retrieved from /home/airflow/.local/lib/python3.8/site-packages/airflow/example_dags/example_bash_operator.py
[2025-04-05T14:23:22.011+0000] {logging_mixin.py:188} INFO - [2025-04-05T14:23:22.011+0000] {dag.py:3036} INFO - Sync 1 DAGs
[2025-04-05T14:23:22.033+0000] {logging_mixin.py:188} INFO - [2025-04-05T14:23:22.033+0000] {dag.py:3823} INFO - Setting next_dagrun for example_bash_operator to 2025-04-04 00:00:00+00:00, run_after=2025-04-05 00:00:00+00:00
[2025-04-05T14:23:22.053+0000] {processor.py:183} INFO - Processing /home/airflow/.local/lib/python3.8/site-packages/airflow/example_dags/example_bash_operator.py took 0.094 seconds
[2025-04-05T14:23:52.351+0000] {processor.py:161} INFO - Started process (PID=3027) to work on /home/airflow/.local/lib/python3.8/site-packages/airflow/example_dags/example_bash_operator.py
[2025-04-05T14:23:52.352+0000] {processor.py:830} INFO - Processing file /home/airflow/.local/lib/python3.8/site-packages/airflow/example_dags/example_bash_operator.py for tasks to queue
[2025-04-05T14:23:52.353+0000] {logging_mixin.py:188} INFO - [2025-04-05T14:23:52.353+0000] {dagbag.py:538} INFO - Filling up the DagBag from /home/airflow/.local/lib/python3.8/site-packages/airflow/example_dags/example_bash_operator.py
[2025-04-05T14:23:52.364+0000] {processor.py:840} INFO - DAG(s) 'example_bash_operator' retrieved from /home/airflow/.local/lib/python3.8/site-packages/airflow/example_dags/example_bash_operator.py
[2025-04-05T14:23:52.391+0000] {logging_mixin.py:188} INFO - [2025-04-05T14:23:52.391+0000] {dag.py:3036} INFO - Sync 1 DAGs
[2025-04-05T14:23:52.412+0000] {logging_mixin.py:188} INFO - [2025-04-05T14:23:52.412+0000] {dag.py:3823} INFO - Setting next_dagrun for example_bash_operator to 2025-04-04 00:00:00+00:00, run_after=2025-04-05 00:00:00+00:00
[2025-04-05T14:23:52.433+0000] {processor.py:183} INFO - Processing /home/airflow/.local/lib/python3.8/site-packages/airflow/example_dags/example_bash_operator.py took 0.085 seconds
[2025-04-05T14:24:23.294+0000] {processor.py:161} INFO - Started process (PID=3276) to work on /home/airflow/.local/lib/python3.8/site-packages/airflow/example_dags/example_bash_operator.py
[2025-04-05T14:24:23.295+0000] {processor.py:830} INFO - Processing file /home/airflow/.local/lib/python3.8/site-packages/airflow/example_dags/example_bash_operator.py for tasks to queue
[2025-04-05T14:24:23.296+0000] {logging_mixin.py:188} INFO - [2025-04-05T14:24:23.296+0000] {dagbag.py:538} INFO - Filling up the DagBag from /home/airflow/.local/lib/python3.8/site-packages/airflow/example_dags/example_bash_operator.py
[2025-04-05T14:24:23.307+0000] {processor.py:840} INFO - DAG(s) 'example_bash_operator' retrieved from /home/airflow/.local/lib/python3.8/site-packages/airflow/example_dags/example_bash_operator.py
[2025-04-05T14:24:23.334+0000] {logging_mixin.py:188} INFO - [2025-04-05T14:24:23.334+0000] {dag.py:3036} INFO - Sync 1 DAGs
[2025-04-05T14:24:23.353+0000] {logging_mixin.py:188} INFO - [2025-04-05T14:24:23.353+0000] {dag.py:3823} INFO - Setting next_dagrun for example_bash_operator to 2025-04-04 00:00:00+00:00, run_after=2025-04-05 00:00:00+00:00
[2025-04-05T14:24:23.372+0000] {processor.py:183} INFO - Processing /home/airflow/.local/lib/python3.8/site-packages/airflow/example_dags/example_bash_operator.py took 0.081 seconds
[2025-04-05T14:24:53.545+0000] {processor.py:161} INFO - Started process (PID=3521) to work on /home/airflow/.local/lib/python3.8/site-packages/airflow/example_dags/example_bash_operator.py
[2025-04-05T14:24:53.547+0000] {processor.py:830} INFO - Processing file /home/airflow/.local/lib/python3.8/site-packages/airflow/example_dags/example_bash_operator.py for tasks to queue
[2025-04-05T14:24:53.548+0000] {logging_mixin.py:188} INFO - [2025-04-05T14:24:53.547+0000] {dagbag.py:538} INFO - Filling up the DagBag from /home/airflow/.local/lib/python3.8/site-packages/airflow/example_dags/example_bash_operator.py
[2025-04-05T14:24:53.562+0000] {processor.py:840} INFO - DAG(s) 'example_bash_operator' retrieved from /home/airflow/.local/lib/python3.8/site-packages/airflow/example_dags/example_bash_operator.py
[2025-04-05T14:24:53.598+0000] {logging_mixin.py:188} INFO - [2025-04-05T14:24:53.598+0000] {dag.py:3036} INFO - Sync 1 DAGs
[2025-04-05T14:24:53.625+0000] {logging_mixin.py:188} INFO - [2025-04-05T14:24:53.625+0000] {dag.py:3823} INFO - Setting next_dagrun for example_bash_operator to 2025-04-04 00:00:00+00:00, run_after=2025-04-05 00:00:00+00:00
[2025-04-05T14:24:53.649+0000] {processor.py:183} INFO - Processing /home/airflow/.local/lib/python3.8/site-packages/airflow/example_dags/example_bash_operator.py took 0.107 seconds
[2025-04-05T14:25:23.762+0000] {processor.py:161} INFO - Started process (PID=3768) to work on /home/airflow/.local/lib/python3.8/site-packages/airflow/example_dags/example_bash_operator.py
[2025-04-05T14:25:23.764+0000] {processor.py:830} INFO - Processing file /home/airflow/.local/lib/python3.8/site-packages/airflow/example_dags/example_bash_operator.py for tasks to queue
[2025-04-05T14:25:23.765+0000] {logging_mixin.py:188} INFO - [2025-04-05T14:25:23.764+0000] {dagbag.py:538} INFO - Filling up the DagBag from /home/airflow/.local/lib/python3.8/site-packages/airflow/example_dags/example_bash_operator.py
[2025-04-05T14:25:23.776+0000] {processor.py:840} INFO - DAG(s) 'example_bash_operator' retrieved from /home/airflow/.local/lib/python3.8/site-packages/airflow/example_dags/example_bash_operator.py
[2025-04-05T14:25:23.817+0000] {logging_mixin.py:188} INFO - [2025-04-05T14:25:23.817+0000] {dag.py:3036} INFO - Sync 1 DAGs
[2025-04-05T14:25:23.839+0000] {logging_mixin.py:188} INFO - [2025-04-05T14:25:23.839+0000] {dag.py:3823} INFO - Setting next_dagrun for example_bash_operator to 2025-04-04 00:00:00+00:00, run_after=2025-04-05 00:00:00+00:00
[2025-04-05T14:25:23.862+0000] {processor.py:183} INFO - Processing /home/airflow/.local/lib/python3.8/site-packages/airflow/example_dags/example_bash_operator.py took 0.102 seconds
[2025-04-05T14:25:54.058+0000] {processor.py:161} INFO - Started process (PID=4012) to work on /home/airflow/.local/lib/python3.8/site-packages/airflow/example_dags/example_bash_operator.py
[2025-04-05T14:25:54.059+0000] {processor.py:830} INFO - Processing file /home/airflow/.local/lib/python3.8/site-packages/airflow/example_dags/example_bash_operator.py for tasks to queue
[2025-04-05T14:25:54.060+0000] {logging_mixin.py:188} INFO - [2025-04-05T14:25:54.059+0000] {dagbag.py:538} INFO - Filling up the DagBag from /home/airflow/.local/lib/python3.8/site-packages/airflow/example_dags/example_bash_operator.py
[2025-04-05T14:25:54.070+0000] {processor.py:840} INFO - DAG(s) 'example_bash_operator' retrieved from /home/airflow/.local/lib/python3.8/site-packages/airflow/example_dags/example_bash_operator.py
[2025-04-05T14:25:54.097+0000] {logging_mixin.py:188} INFO - [2025-04-05T14:25:54.096+0000] {dag.py:3036} INFO - Sync 1 DAGs
[2025-04-05T14:25:54.116+0000] {logging_mixin.py:188} INFO - [2025-04-05T14:25:54.116+0000] {dag.py:3823} INFO - Setting next_dagrun for example_bash_operator to 2025-04-04 00:00:00+00:00, run_after=2025-04-05 00:00:00+00:00
[2025-04-05T14:25:54.135+0000] {processor.py:183} INFO - Processing /home/airflow/.local/lib/python3.8/site-packages/airflow/example_dags/example_bash_operator.py took 0.080 seconds
[2025-04-05T14:26:24.871+0000] {processor.py:161} INFO - Started process (PID=4263) to work on /home/airflow/.local/lib/python3.8/site-packages/airflow/example_dags/example_bash_operator.py
[2025-04-05T14:26:24.872+0000] {processor.py:830} INFO - Processing file /home/airflow/.local/lib/python3.8/site-packages/airflow/example_dags/example_bash_operator.py for tasks to queue
[2025-04-05T14:26:24.874+0000] {logging_mixin.py:188} INFO - [2025-04-05T14:26:24.873+0000] {dagbag.py:538} INFO - Filling up the DagBag from /home/airflow/.local/lib/python3.8/site-packages/airflow/example_dags/example_bash_operator.py
[2025-04-05T14:26:24.885+0000] {processor.py:840} INFO - DAG(s) 'example_bash_operator' retrieved from /home/airflow/.local/lib/python3.8/site-packages/airflow/example_dags/example_bash_operator.py
[2025-04-05T14:26:24.913+0000] {logging_mixin.py:188} INFO - [2025-04-05T14:26:24.913+0000] {dag.py:3036} INFO - Sync 1 DAGs
[2025-04-05T14:26:24.936+0000] {logging_mixin.py:188} INFO - [2025-04-05T14:26:24.935+0000] {dag.py:3823} INFO - Setting next_dagrun for example_bash_operator to 2025-04-04 00:00:00+00:00, run_after=2025-04-05 00:00:00+00:00
[2025-04-05T14:26:24.958+0000] {processor.py:183} INFO - Processing /home/airflow/.local/lib/python3.8/site-packages/airflow/example_dags/example_bash_operator.py took 0.089 seconds
[2025-04-05T14:26:55.104+0000] {processor.py:161} INFO - Started process (PID=4509) to work on /home/airflow/.local/lib/python3.8/site-packages/airflow/example_dags/example_bash_operator.py
[2025-04-05T14:26:55.105+0000] {processor.py:830} INFO - Processing file /home/airflow/.local/lib/python3.8/site-packages/airflow/example_dags/example_bash_operator.py for tasks to queue
[2025-04-05T14:26:55.106+0000] {logging_mixin.py:188} INFO - [2025-04-05T14:26:55.106+0000] {dagbag.py:538} INFO - Filling up the DagBag from /home/airflow/.local/lib/python3.8/site-packages/airflow/example_dags/example_bash_operator.py
[2025-04-05T14:26:55.116+0000] {processor.py:840} INFO - DAG(s) 'example_bash_operator' retrieved from /home/airflow/.local/lib/python3.8/site-packages/airflow/example_dags/example_bash_operator.py
[2025-04-05T14:26:55.145+0000] {logging_mixin.py:188} INFO - [2025-04-05T14:26:55.144+0000] {dag.py:3036} INFO - Sync 1 DAGs
[2025-04-05T14:26:55.165+0000] {logging_mixin.py:188} INFO - [2025-04-05T14:26:55.165+0000] {dag.py:3823} INFO - Setting next_dagrun for example_bash_operator to 2025-04-04 00:00:00+00:00, run_after=2025-04-05 00:00:00+00:00
[2025-04-05T14:26:55.191+0000] {processor.py:183} INFO - Processing /home/airflow/.local/lib/python3.8/site-packages/airflow/example_dags/example_bash_operator.py took 0.090 seconds
[2025-04-05T14:28:35.933+0000] {processor.py:161} INFO - Started process (PID=303) to work on /home/airflow/.local/lib/python3.8/site-packages/airflow/example_dags/example_bash_operator.py
[2025-04-05T14:28:35.935+0000] {processor.py:830} INFO - Processing file /home/airflow/.local/lib/python3.8/site-packages/airflow/example_dags/example_bash_operator.py for tasks to queue
[2025-04-05T14:28:35.936+0000] {logging_mixin.py:188} INFO - [2025-04-05T14:28:35.935+0000] {dagbag.py:538} INFO - Filling up the DagBag from /home/airflow/.local/lib/python3.8/site-packages/airflow/example_dags/example_bash_operator.py
[2025-04-05T14:28:35.950+0000] {processor.py:840} INFO - DAG(s) 'example_bash_operator' retrieved from /home/airflow/.local/lib/python3.8/site-packages/airflow/example_dags/example_bash_operator.py
[2025-04-05T14:28:35.964+0000] {logging_mixin.py:188} INFO - [2025-04-05T14:28:35.963+0000] {dag.py:3036} INFO - Sync 1 DAGs
[2025-04-05T14:28:35.994+0000] {logging_mixin.py:188} INFO - [2025-04-05T14:28:35.994+0000] {dag.py:3823} INFO - Setting next_dagrun for example_bash_operator to 2025-04-04 00:00:00+00:00, run_after=2025-04-05 00:00:00+00:00
[2025-04-05T14:28:36.017+0000] {processor.py:183} INFO - Processing /home/airflow/.local/lib/python3.8/site-packages/airflow/example_dags/example_bash_operator.py took 0.088 seconds
[2025-04-05T14:29:07.535+0000] {processor.py:161} INFO - Started process (PID=552) to work on /home/airflow/.local/lib/python3.8/site-packages/airflow/example_dags/example_bash_operator.py
[2025-04-05T14:29:07.536+0000] {processor.py:830} INFO - Processing file /home/airflow/.local/lib/python3.8/site-packages/airflow/example_dags/example_bash_operator.py for tasks to queue
[2025-04-05T14:29:07.537+0000] {logging_mixin.py:188} INFO - [2025-04-05T14:29:07.537+0000] {dagbag.py:538} INFO - Filling up the DagBag from /home/airflow/.local/lib/python3.8/site-packages/airflow/example_dags/example_bash_operator.py
[2025-04-05T14:29:07.547+0000] {processor.py:840} INFO - DAG(s) 'example_bash_operator' retrieved from /home/airflow/.local/lib/python3.8/site-packages/airflow/example_dags/example_bash_operator.py
[2025-04-05T14:29:07.641+0000] {logging_mixin.py:188} INFO - [2025-04-05T14:29:07.640+0000] {dag.py:3036} INFO - Sync 1 DAGs
[2025-04-05T14:29:07.660+0000] {logging_mixin.py:188} INFO - [2025-04-05T14:29:07.659+0000] {dag.py:3823} INFO - Setting next_dagrun for example_bash_operator to 2025-04-04 00:00:00+00:00, run_after=2025-04-05 00:00:00+00:00
[2025-04-05T14:29:07.681+0000] {processor.py:183} INFO - Processing /home/airflow/.local/lib/python3.8/site-packages/airflow/example_dags/example_bash_operator.py took 0.149 seconds
[2025-04-05T14:29:38.554+0000] {processor.py:161} INFO - Started process (PID=799) to work on /home/airflow/.local/lib/python3.8/site-packages/airflow/example_dags/example_bash_operator.py
[2025-04-05T14:29:38.555+0000] {processor.py:830} INFO - Processing file /home/airflow/.local/lib/python3.8/site-packages/airflow/example_dags/example_bash_operator.py for tasks to queue
[2025-04-05T14:29:38.556+0000] {logging_mixin.py:188} INFO - [2025-04-05T14:29:38.556+0000] {dagbag.py:538} INFO - Filling up the DagBag from /home/airflow/.local/lib/python3.8/site-packages/airflow/example_dags/example_bash_operator.py
[2025-04-05T14:29:38.565+0000] {processor.py:840} INFO - DAG(s) 'example_bash_operator' retrieved from /home/airflow/.local/lib/python3.8/site-packages/airflow/example_dags/example_bash_operator.py
[2025-04-05T14:29:38.592+0000] {logging_mixin.py:188} INFO - [2025-04-05T14:29:38.591+0000] {dag.py:3036} INFO - Sync 1 DAGs
[2025-04-05T14:29:38.611+0000] {logging_mixin.py:188} INFO - [2025-04-05T14:29:38.611+0000] {dag.py:3823} INFO - Setting next_dagrun for example_bash_operator to 2025-04-04 00:00:00+00:00, run_after=2025-04-05 00:00:00+00:00
[2025-04-05T14:29:38.633+0000] {processor.py:183} INFO - Processing /home/airflow/.local/lib/python3.8/site-packages/airflow/example_dags/example_bash_operator.py took 0.082 seconds
[2025-04-05T14:30:08.902+0000] {processor.py:161} INFO - Started process (PID=1046) to work on /home/airflow/.local/lib/python3.8/site-packages/airflow/example_dags/example_bash_operator.py
[2025-04-05T14:30:08.903+0000] {processor.py:830} INFO - Processing file /home/airflow/.local/lib/python3.8/site-packages/airflow/example_dags/example_bash_operator.py for tasks to queue
[2025-04-05T14:30:08.904+0000] {logging_mixin.py:188} INFO - [2025-04-05T14:30:08.904+0000] {dagbag.py:538} INFO - Filling up the DagBag from /home/airflow/.local/lib/python3.8/site-packages/airflow/example_dags/example_bash_operator.py
[2025-04-05T14:30:08.915+0000] {processor.py:840} INFO - DAG(s) 'example_bash_operator' retrieved from /home/airflow/.local/lib/python3.8/site-packages/airflow/example_dags/example_bash_operator.py
[2025-04-05T14:30:08.944+0000] {logging_mixin.py:188} INFO - [2025-04-05T14:30:08.944+0000] {dag.py:3036} INFO - Sync 1 DAGs
[2025-04-05T14:30:08.967+0000] {logging_mixin.py:188} INFO - [2025-04-05T14:30:08.967+0000] {dag.py:3823} INFO - Setting next_dagrun for example_bash_operator to 2025-04-04 00:00:00+00:00, run_after=2025-04-05 00:00:00+00:00
[2025-04-05T14:30:08.989+0000] {processor.py:183} INFO - Processing /home/airflow/.local/lib/python3.8/site-packages/airflow/example_dags/example_bash_operator.py took 0.090 seconds
[2025-04-05T14:30:39.857+0000] {processor.py:161} INFO - Started process (PID=1293) to work on /home/airflow/.local/lib/python3.8/site-packages/airflow/example_dags/example_bash_operator.py
[2025-04-05T14:30:39.858+0000] {processor.py:830} INFO - Processing file /home/airflow/.local/lib/python3.8/site-packages/airflow/example_dags/example_bash_operator.py for tasks to queue
[2025-04-05T14:30:39.859+0000] {logging_mixin.py:188} INFO - [2025-04-05T14:30:39.859+0000] {dagbag.py:538} INFO - Filling up the DagBag from /home/airflow/.local/lib/python3.8/site-packages/airflow/example_dags/example_bash_operator.py
[2025-04-05T14:30:39.872+0000] {processor.py:840} INFO - DAG(s) 'example_bash_operator' retrieved from /home/airflow/.local/lib/python3.8/site-packages/airflow/example_dags/example_bash_operator.py
[2025-04-05T14:30:39.900+0000] {logging_mixin.py:188} INFO - [2025-04-05T14:30:39.899+0000] {dag.py:3036} INFO - Sync 1 DAGs
[2025-04-05T14:30:39.919+0000] {logging_mixin.py:188} INFO - [2025-04-05T14:30:39.919+0000] {dag.py:3823} INFO - Setting next_dagrun for example_bash_operator to 2025-04-04 00:00:00+00:00, run_after=2025-04-05 00:00:00+00:00
[2025-04-05T14:30:39.940+0000] {processor.py:183} INFO - Processing /home/airflow/.local/lib/python3.8/site-packages/airflow/example_dags/example_bash_operator.py took 0.086 seconds
[2025-04-05T14:31:10.845+0000] {processor.py:161} INFO - Started process (PID=1540) to work on /home/airflow/.local/lib/python3.8/site-packages/airflow/example_dags/example_bash_operator.py
[2025-04-05T14:31:10.862+0000] {processor.py:830} INFO - Processing file /home/airflow/.local/lib/python3.8/site-packages/airflow/example_dags/example_bash_operator.py for tasks to queue
[2025-04-05T14:31:10.865+0000] {logging_mixin.py:188} INFO - [2025-04-05T14:31:10.864+0000] {dagbag.py:538} INFO - Filling up the DagBag from /home/airflow/.local/lib/python3.8/site-packages/airflow/example_dags/example_bash_operator.py
[2025-04-05T14:31:10.894+0000] {processor.py:840} INFO - DAG(s) 'example_bash_operator' retrieved from /home/airflow/.local/lib/python3.8/site-packages/airflow/example_dags/example_bash_operator.py
[2025-04-05T14:31:10.933+0000] {logging_mixin.py:188} INFO - [2025-04-05T14:31:10.933+0000] {dag.py:3036} INFO - Sync 1 DAGs
[2025-04-05T14:31:10.955+0000] {logging_mixin.py:188} INFO - [2025-04-05T14:31:10.955+0000] {dag.py:3823} INFO - Setting next_dagrun for example_bash_operator to 2025-04-04 00:00:00+00:00, run_after=2025-04-05 00:00:00+00:00
[2025-04-05T14:31:11.050+0000] {processor.py:183} INFO - Processing /home/airflow/.local/lib/python3.8/site-packages/airflow/example_dags/example_bash_operator.py took 0.210 seconds
[2025-04-05T14:31:42.081+0000] {processor.py:161} INFO - Started process (PID=1787) to work on /home/airflow/.local/lib/python3.8/site-packages/airflow/example_dags/example_bash_operator.py
[2025-04-05T14:31:42.083+0000] {processor.py:830} INFO - Processing file /home/airflow/.local/lib/python3.8/site-packages/airflow/example_dags/example_bash_operator.py for tasks to queue
[2025-04-05T14:31:42.083+0000] {logging_mixin.py:188} INFO - [2025-04-05T14:31:42.083+0000] {dagbag.py:538} INFO - Filling up the DagBag from /home/airflow/.local/lib/python3.8/site-packages/airflow/example_dags/example_bash_operator.py
[2025-04-05T14:31:42.094+0000] {processor.py:840} INFO - DAG(s) 'example_bash_operator' retrieved from /home/airflow/.local/lib/python3.8/site-packages/airflow/example_dags/example_bash_operator.py
[2025-04-05T14:31:42.121+0000] {logging_mixin.py:188} INFO - [2025-04-05T14:31:42.121+0000] {dag.py:3036} INFO - Sync 1 DAGs
[2025-04-05T14:31:42.144+0000] {logging_mixin.py:188} INFO - [2025-04-05T14:31:42.144+0000] {dag.py:3823} INFO - Setting next_dagrun for example_bash_operator to 2025-04-04 00:00:00+00:00, run_after=2025-04-05 00:00:00+00:00
[2025-04-05T14:31:42.168+0000] {processor.py:183} INFO - Processing /home/airflow/.local/lib/python3.8/site-packages/airflow/example_dags/example_bash_operator.py took 0.090 seconds
[2025-04-05T14:32:12.411+0000] {processor.py:161} INFO - Started process (PID=2034) to work on /home/airflow/.local/lib/python3.8/site-packages/airflow/example_dags/example_bash_operator.py
[2025-04-05T14:32:12.412+0000] {processor.py:830} INFO - Processing file /home/airflow/.local/lib/python3.8/site-packages/airflow/example_dags/example_bash_operator.py for tasks to queue
[2025-04-05T14:32:12.413+0000] {logging_mixin.py:188} INFO - [2025-04-05T14:32:12.413+0000] {dagbag.py:538} INFO - Filling up the DagBag from /home/airflow/.local/lib/python3.8/site-packages/airflow/example_dags/example_bash_operator.py
[2025-04-05T14:32:12.423+0000] {processor.py:840} INFO - DAG(s) 'example_bash_operator' retrieved from /home/airflow/.local/lib/python3.8/site-packages/airflow/example_dags/example_bash_operator.py
[2025-04-05T14:32:12.459+0000] {logging_mixin.py:188} INFO - [2025-04-05T14:32:12.459+0000] {dag.py:3036} INFO - Sync 1 DAGs
[2025-04-05T14:32:12.482+0000] {logging_mixin.py:188} INFO - [2025-04-05T14:32:12.482+0000] {dag.py:3823} INFO - Setting next_dagrun for example_bash_operator to 2025-04-04 00:00:00+00:00, run_after=2025-04-05 00:00:00+00:00
[2025-04-05T14:32:12.503+0000] {processor.py:183} INFO - Processing /home/airflow/.local/lib/python3.8/site-packages/airflow/example_dags/example_bash_operator.py took 0.095 seconds
[2025-04-05T14:32:43.429+0000] {processor.py:161} INFO - Started process (PID=2281) to work on /home/airflow/.local/lib/python3.8/site-packages/airflow/example_dags/example_bash_operator.py
[2025-04-05T14:32:43.430+0000] {processor.py:830} INFO - Processing file /home/airflow/.local/lib/python3.8/site-packages/airflow/example_dags/example_bash_operator.py for tasks to queue
[2025-04-05T14:32:43.431+0000] {logging_mixin.py:188} INFO - [2025-04-05T14:32:43.431+0000] {dagbag.py:538} INFO - Filling up the DagBag from /home/airflow/.local/lib/python3.8/site-packages/airflow/example_dags/example_bash_operator.py
[2025-04-05T14:32:43.441+0000] {processor.py:840} INFO - DAG(s) 'example_bash_operator' retrieved from /home/airflow/.local/lib/python3.8/site-packages/airflow/example_dags/example_bash_operator.py
[2025-04-05T14:32:43.469+0000] {logging_mixin.py:188} INFO - [2025-04-05T14:32:43.468+0000] {dag.py:3036} INFO - Sync 1 DAGs
[2025-04-05T14:32:43.489+0000] {logging_mixin.py:188} INFO - [2025-04-05T14:32:43.489+0000] {dag.py:3823} INFO - Setting next_dagrun for example_bash_operator to 2025-04-04 00:00:00+00:00, run_after=2025-04-05 00:00:00+00:00
[2025-04-05T14:32:43.510+0000] {processor.py:183} INFO - Processing /home/airflow/.local/lib/python3.8/site-packages/airflow/example_dags/example_bash_operator.py took 0.084 seconds
[2025-04-05T14:33:13.868+0000] {processor.py:161} INFO - Started process (PID=2528) to work on /home/airflow/.local/lib/python3.8/site-packages/airflow/example_dags/example_bash_operator.py
[2025-04-05T14:33:13.869+0000] {processor.py:830} INFO - Processing file /home/airflow/.local/lib/python3.8/site-packages/airflow/example_dags/example_bash_operator.py for tasks to queue
[2025-04-05T14:33:13.870+0000] {logging_mixin.py:188} INFO - [2025-04-05T14:33:13.869+0000] {dagbag.py:538} INFO - Filling up the DagBag from /home/airflow/.local/lib/python3.8/site-packages/airflow/example_dags/example_bash_operator.py
[2025-04-05T14:33:13.880+0000] {processor.py:840} INFO - DAG(s) 'example_bash_operator' retrieved from /home/airflow/.local/lib/python3.8/site-packages/airflow/example_dags/example_bash_operator.py
[2025-04-05T14:33:13.908+0000] {logging_mixin.py:188} INFO - [2025-04-05T14:33:13.908+0000] {dag.py:3036} INFO - Sync 1 DAGs
[2025-04-05T14:33:13.929+0000] {logging_mixin.py:188} INFO - [2025-04-05T14:33:13.929+0000] {dag.py:3823} INFO - Setting next_dagrun for example_bash_operator to 2025-04-04 00:00:00+00:00, run_after=2025-04-05 00:00:00+00:00
[2025-04-05T14:33:13.949+0000] {processor.py:183} INFO - Processing /home/airflow/.local/lib/python3.8/site-packages/airflow/example_dags/example_bash_operator.py took 0.085 seconds
[2025-04-05T14:33:44.046+0000] {processor.py:161} INFO - Started process (PID=2775) to work on /home/airflow/.local/lib/python3.8/site-packages/airflow/example_dags/example_bash_operator.py
[2025-04-05T14:33:44.047+0000] {processor.py:830} INFO - Processing file /home/airflow/.local/lib/python3.8/site-packages/airflow/example_dags/example_bash_operator.py for tasks to queue
[2025-04-05T14:33:44.048+0000] {logging_mixin.py:188} INFO - [2025-04-05T14:33:44.048+0000] {dagbag.py:538} INFO - Filling up the DagBag from /home/airflow/.local/lib/python3.8/site-packages/airflow/example_dags/example_bash_operator.py
[2025-04-05T14:33:44.058+0000] {processor.py:840} INFO - DAG(s) 'example_bash_operator' retrieved from /home/airflow/.local/lib/python3.8/site-packages/airflow/example_dags/example_bash_operator.py
[2025-04-05T14:33:44.087+0000] {logging_mixin.py:188} INFO - [2025-04-05T14:33:44.087+0000] {dag.py:3036} INFO - Sync 1 DAGs
[2025-04-05T14:33:44.108+0000] {logging_mixin.py:188} INFO - [2025-04-05T14:33:44.108+0000] {dag.py:3823} INFO - Setting next_dagrun for example_bash_operator to 2025-04-04 00:00:00+00:00, run_after=2025-04-05 00:00:00+00:00
[2025-04-05T14:33:44.130+0000] {processor.py:183} INFO - Processing /home/airflow/.local/lib/python3.8/site-packages/airflow/example_dags/example_bash_operator.py took 0.086 seconds
[2025-04-05T14:34:14.424+0000] {processor.py:161} INFO - Started process (PID=3022) to work on /home/airflow/.local/lib/python3.8/site-packages/airflow/example_dags/example_bash_operator.py
[2025-04-05T14:34:14.425+0000] {processor.py:830} INFO - Processing file /home/airflow/.local/lib/python3.8/site-packages/airflow/example_dags/example_bash_operator.py for tasks to queue
[2025-04-05T14:34:14.426+0000] {logging_mixin.py:188} INFO - [2025-04-05T14:34:14.426+0000] {dagbag.py:538} INFO - Filling up the DagBag from /home/airflow/.local/lib/python3.8/site-packages/airflow/example_dags/example_bash_operator.py
[2025-04-05T14:34:14.436+0000] {processor.py:840} INFO - DAG(s) 'example_bash_operator' retrieved from /home/airflow/.local/lib/python3.8/site-packages/airflow/example_dags/example_bash_operator.py
[2025-04-05T14:34:14.467+0000] {logging_mixin.py:188} INFO - [2025-04-05T14:34:14.467+0000] {dag.py:3036} INFO - Sync 1 DAGs
[2025-04-05T14:34:14.489+0000] {logging_mixin.py:188} INFO - [2025-04-05T14:34:14.489+0000] {dag.py:3823} INFO - Setting next_dagrun for example_bash_operator to 2025-04-04 00:00:00+00:00, run_after=2025-04-05 00:00:00+00:00
[2025-04-05T14:34:14.510+0000] {processor.py:183} INFO - Processing /home/airflow/.local/lib/python3.8/site-packages/airflow/example_dags/example_bash_operator.py took 0.089 seconds
[2025-04-05T14:34:44.707+0000] {processor.py:161} INFO - Started process (PID=3269) to work on /home/airflow/.local/lib/python3.8/site-packages/airflow/example_dags/example_bash_operator.py
[2025-04-05T14:34:44.708+0000] {processor.py:830} INFO - Processing file /home/airflow/.local/lib/python3.8/site-packages/airflow/example_dags/example_bash_operator.py for tasks to queue
[2025-04-05T14:34:44.710+0000] {logging_mixin.py:188} INFO - [2025-04-05T14:34:44.709+0000] {dagbag.py:538} INFO - Filling up the DagBag from /home/airflow/.local/lib/python3.8/site-packages/airflow/example_dags/example_bash_operator.py
[2025-04-05T14:34:44.720+0000] {processor.py:840} INFO - DAG(s) 'example_bash_operator' retrieved from /home/airflow/.local/lib/python3.8/site-packages/airflow/example_dags/example_bash_operator.py
[2025-04-05T14:34:44.751+0000] {logging_mixin.py:188} INFO - [2025-04-05T14:34:44.751+0000] {dag.py:3036} INFO - Sync 1 DAGs
[2025-04-05T14:34:44.773+0000] {logging_mixin.py:188} INFO - [2025-04-05T14:34:44.773+0000] {dag.py:3823} INFO - Setting next_dagrun for example_bash_operator to 2025-04-04 00:00:00+00:00, run_after=2025-04-05 00:00:00+00:00
[2025-04-05T14:34:44.794+0000] {processor.py:183} INFO - Processing /home/airflow/.local/lib/python3.8/site-packages/airflow/example_dags/example_bash_operator.py took 0.090 seconds
[2025-04-05T16:40:59.670+0000] {processor.py:161} INFO - Started process (PID=341) to work on /home/airflow/.local/lib/python3.8/site-packages/airflow/example_dags/example_bash_operator.py
[2025-04-05T16:40:59.673+0000] {processor.py:830} INFO - Processing file /home/airflow/.local/lib/python3.8/site-packages/airflow/example_dags/example_bash_operator.py for tasks to queue
[2025-04-05T16:40:59.674+0000] {logging_mixin.py:188} INFO - [2025-04-05T16:40:59.674+0000] {dagbag.py:538} INFO - Filling up the DagBag from /home/airflow/.local/lib/python3.8/site-packages/airflow/example_dags/example_bash_operator.py
[2025-04-05T16:40:59.694+0000] {processor.py:840} INFO - DAG(s) 'example_bash_operator' retrieved from /home/airflow/.local/lib/python3.8/site-packages/airflow/example_dags/example_bash_operator.py
[2025-04-05T16:40:59.841+0000] {logging_mixin.py:188} INFO - [2025-04-05T16:40:59.840+0000] {override.py:1769} INFO - Created Permission View: can edit on DAG:example_bash_operator
[2025-04-05T16:40:59.856+0000] {logging_mixin.py:188} INFO - [2025-04-05T16:40:59.856+0000] {override.py:1769} INFO - Created Permission View: can delete on DAG:example_bash_operator
[2025-04-05T16:40:59.866+0000] {logging_mixin.py:188} INFO - [2025-04-05T16:40:59.865+0000] {override.py:1769} INFO - Created Permission View: can read on DAG:example_bash_operator
[2025-04-05T16:40:59.867+0000] {logging_mixin.py:188} INFO - [2025-04-05T16:40:59.866+0000] {dag.py:3036} INFO - Sync 1 DAGs
[2025-04-05T16:40:59.884+0000] {logging_mixin.py:188} INFO - [2025-04-05T16:40:59.883+0000] {dag.py:3058} INFO - Creating ORM DAG for example_bash_operator
[2025-04-05T16:40:59.903+0000] {logging_mixin.py:188} INFO - [2025-04-05T16:40:59.902+0000] {dag.py:3823} INFO - Setting next_dagrun for example_bash_operator to 2025-04-04 00:00:00+00:00, run_after=2025-04-05 00:00:00+00:00
[2025-04-05T16:40:59.930+0000] {processor.py:183} INFO - Processing /home/airflow/.local/lib/python3.8/site-packages/airflow/example_dags/example_bash_operator.py took 0.264 seconds
[2025-04-05T16:41:30.075+0000] {processor.py:161} INFO - Started process (PID=590) to work on /home/airflow/.local/lib/python3.8/site-packages/airflow/example_dags/example_bash_operator.py
[2025-04-05T16:41:30.087+0000] {processor.py:830} INFO - Processing file /home/airflow/.local/lib/python3.8/site-packages/airflow/example_dags/example_bash_operator.py for tasks to queue
[2025-04-05T16:41:30.088+0000] {logging_mixin.py:188} INFO - [2025-04-05T16:41:30.088+0000] {dagbag.py:538} INFO - Filling up the DagBag from /home/airflow/.local/lib/python3.8/site-packages/airflow/example_dags/example_bash_operator.py
[2025-04-05T16:41:30.120+0000] {processor.py:840} INFO - DAG(s) 'example_bash_operator' retrieved from /home/airflow/.local/lib/python3.8/site-packages/airflow/example_dags/example_bash_operator.py
[2025-04-05T16:41:30.158+0000] {logging_mixin.py:188} INFO - [2025-04-05T16:41:30.157+0000] {dag.py:3036} INFO - Sync 1 DAGs
[2025-04-05T16:41:30.184+0000] {logging_mixin.py:188} INFO - [2025-04-05T16:41:30.184+0000] {dag.py:3823} INFO - Setting next_dagrun for example_bash_operator to 2025-04-04 00:00:00+00:00, run_after=2025-04-05 00:00:00+00:00
[2025-04-05T16:41:30.252+0000] {processor.py:183} INFO - Processing /home/airflow/.local/lib/python3.8/site-packages/airflow/example_dags/example_bash_operator.py took 0.180 seconds
[2025-04-05T16:42:00.869+0000] {processor.py:161} INFO - Started process (PID=835) to work on /home/airflow/.local/lib/python3.8/site-packages/airflow/example_dags/example_bash_operator.py
[2025-04-05T16:42:00.871+0000] {processor.py:830} INFO - Processing file /home/airflow/.local/lib/python3.8/site-packages/airflow/example_dags/example_bash_operator.py for tasks to queue
[2025-04-05T16:42:00.873+0000] {logging_mixin.py:188} INFO - [2025-04-05T16:42:00.872+0000] {dagbag.py:538} INFO - Filling up the DagBag from /home/airflow/.local/lib/python3.8/site-packages/airflow/example_dags/example_bash_operator.py
[2025-04-05T16:42:00.888+0000] {processor.py:840} INFO - DAG(s) 'example_bash_operator' retrieved from /home/airflow/.local/lib/python3.8/site-packages/airflow/example_dags/example_bash_operator.py
[2025-04-05T16:42:00.935+0000] {logging_mixin.py:188} INFO - [2025-04-05T16:42:00.934+0000] {dag.py:3036} INFO - Sync 1 DAGs
[2025-04-05T16:42:00.969+0000] {logging_mixin.py:188} INFO - [2025-04-05T16:42:00.969+0000] {dag.py:3823} INFO - Setting next_dagrun for example_bash_operator to 2025-04-04 00:00:00+00:00, run_after=2025-04-05 00:00:00+00:00
[2025-04-05T16:42:00.995+0000] {processor.py:183} INFO - Processing /home/airflow/.local/lib/python3.8/site-packages/airflow/example_dags/example_bash_operator.py took 0.131 seconds
[2025-04-05T16:42:31.598+0000] {processor.py:161} INFO - Started process (PID=1082) to work on /home/airflow/.local/lib/python3.8/site-packages/airflow/example_dags/example_bash_operator.py
[2025-04-05T16:42:31.600+0000] {processor.py:830} INFO - Processing file /home/airflow/.local/lib/python3.8/site-packages/airflow/example_dags/example_bash_operator.py for tasks to queue
[2025-04-05T16:42:31.601+0000] {logging_mixin.py:188} INFO - [2025-04-05T16:42:31.601+0000] {dagbag.py:538} INFO - Filling up the DagBag from /home/airflow/.local/lib/python3.8/site-packages/airflow/example_dags/example_bash_operator.py
[2025-04-05T16:42:31.620+0000] {processor.py:840} INFO - DAG(s) 'example_bash_operator' retrieved from /home/airflow/.local/lib/python3.8/site-packages/airflow/example_dags/example_bash_operator.py
[2025-04-05T16:42:31.662+0000] {logging_mixin.py:188} INFO - [2025-04-05T16:42:31.662+0000] {dag.py:3036} INFO - Sync 1 DAGs
[2025-04-05T16:42:31.694+0000] {logging_mixin.py:188} INFO - [2025-04-05T16:42:31.694+0000] {dag.py:3823} INFO - Setting next_dagrun for example_bash_operator to 2025-04-04 00:00:00+00:00, run_after=2025-04-05 00:00:00+00:00
[2025-04-05T16:42:31.720+0000] {processor.py:183} INFO - Processing /home/airflow/.local/lib/python3.8/site-packages/airflow/example_dags/example_bash_operator.py took 0.127 seconds
[2025-04-05T16:43:01.759+0000] {processor.py:161} INFO - Started process (PID=1329) to work on /home/airflow/.local/lib/python3.8/site-packages/airflow/example_dags/example_bash_operator.py
[2025-04-05T16:43:01.760+0000] {processor.py:830} INFO - Processing file /home/airflow/.local/lib/python3.8/site-packages/airflow/example_dags/example_bash_operator.py for tasks to queue
[2025-04-05T16:43:01.761+0000] {logging_mixin.py:188} INFO - [2025-04-05T16:43:01.760+0000] {dagbag.py:538} INFO - Filling up the DagBag from /home/airflow/.local/lib/python3.8/site-packages/airflow/example_dags/example_bash_operator.py
[2025-04-05T16:43:01.771+0000] {processor.py:840} INFO - DAG(s) 'example_bash_operator' retrieved from /home/airflow/.local/lib/python3.8/site-packages/airflow/example_dags/example_bash_operator.py
[2025-04-05T16:43:01.798+0000] {logging_mixin.py:188} INFO - [2025-04-05T16:43:01.797+0000] {dag.py:3036} INFO - Sync 1 DAGs
[2025-04-05T16:43:01.819+0000] {logging_mixin.py:188} INFO - [2025-04-05T16:43:01.818+0000] {dag.py:3823} INFO - Setting next_dagrun for example_bash_operator to 2025-04-04 00:00:00+00:00, run_after=2025-04-05 00:00:00+00:00
[2025-04-05T16:43:01.837+0000] {processor.py:183} INFO - Processing /home/airflow/.local/lib/python3.8/site-packages/airflow/example_dags/example_bash_operator.py took 0.081 seconds
[2025-04-05T16:43:32.119+0000] {processor.py:161} INFO - Started process (PID=1576) to work on /home/airflow/.local/lib/python3.8/site-packages/airflow/example_dags/example_bash_operator.py
[2025-04-05T16:43:32.122+0000] {processor.py:830} INFO - Processing file /home/airflow/.local/lib/python3.8/site-packages/airflow/example_dags/example_bash_operator.py for tasks to queue
[2025-04-05T16:43:32.126+0000] {logging_mixin.py:188} INFO - [2025-04-05T16:43:32.124+0000] {dagbag.py:538} INFO - Filling up the DagBag from /home/airflow/.local/lib/python3.8/site-packages/airflow/example_dags/example_bash_operator.py
[2025-04-05T16:43:32.154+0000] {processor.py:840} INFO - DAG(s) 'example_bash_operator' retrieved from /home/airflow/.local/lib/python3.8/site-packages/airflow/example_dags/example_bash_operator.py
[2025-04-05T16:43:32.203+0000] {logging_mixin.py:188} INFO - [2025-04-05T16:43:32.203+0000] {dag.py:3036} INFO - Sync 1 DAGs
[2025-04-05T16:43:32.229+0000] {logging_mixin.py:188} INFO - [2025-04-05T16:43:32.229+0000] {dag.py:3823} INFO - Setting next_dagrun for example_bash_operator to 2025-04-04 00:00:00+00:00, run_after=2025-04-05 00:00:00+00:00
[2025-04-05T16:43:32.252+0000] {processor.py:183} INFO - Processing /home/airflow/.local/lib/python3.8/site-packages/airflow/example_dags/example_bash_operator.py took 0.139 seconds
[2025-04-05T16:44:02.330+0000] {processor.py:161} INFO - Started process (PID=1823) to work on /home/airflow/.local/lib/python3.8/site-packages/airflow/example_dags/example_bash_operator.py
[2025-04-05T16:44:02.331+0000] {processor.py:830} INFO - Processing file /home/airflow/.local/lib/python3.8/site-packages/airflow/example_dags/example_bash_operator.py for tasks to queue
[2025-04-05T16:44:02.332+0000] {logging_mixin.py:188} INFO - [2025-04-05T16:44:02.332+0000] {dagbag.py:538} INFO - Filling up the DagBag from /home/airflow/.local/lib/python3.8/site-packages/airflow/example_dags/example_bash_operator.py
[2025-04-05T16:44:02.342+0000] {processor.py:840} INFO - DAG(s) 'example_bash_operator' retrieved from /home/airflow/.local/lib/python3.8/site-packages/airflow/example_dags/example_bash_operator.py
[2025-04-05T16:44:02.371+0000] {logging_mixin.py:188} INFO - [2025-04-05T16:44:02.371+0000] {dag.py:3036} INFO - Sync 1 DAGs
[2025-04-05T16:44:02.392+0000] {logging_mixin.py:188} INFO - [2025-04-05T16:44:02.392+0000] {dag.py:3823} INFO - Setting next_dagrun for example_bash_operator to 2025-04-04 00:00:00+00:00, run_after=2025-04-05 00:00:00+00:00
[2025-04-05T16:44:02.412+0000] {processor.py:183} INFO - Processing /home/airflow/.local/lib/python3.8/site-packages/airflow/example_dags/example_bash_operator.py took 0.085 seconds
[2025-04-05T16:44:32.529+0000] {processor.py:161} INFO - Started process (PID=2070) to work on /home/airflow/.local/lib/python3.8/site-packages/airflow/example_dags/example_bash_operator.py
[2025-04-05T16:44:32.530+0000] {processor.py:830} INFO - Processing file /home/airflow/.local/lib/python3.8/site-packages/airflow/example_dags/example_bash_operator.py for tasks to queue
[2025-04-05T16:44:32.531+0000] {logging_mixin.py:188} INFO - [2025-04-05T16:44:32.531+0000] {dagbag.py:538} INFO - Filling up the DagBag from /home/airflow/.local/lib/python3.8/site-packages/airflow/example_dags/example_bash_operator.py
[2025-04-05T16:44:32.541+0000] {processor.py:840} INFO - DAG(s) 'example_bash_operator' retrieved from /home/airflow/.local/lib/python3.8/site-packages/airflow/example_dags/example_bash_operator.py
[2025-04-05T16:44:32.571+0000] {logging_mixin.py:188} INFO - [2025-04-05T16:44:32.570+0000] {dag.py:3036} INFO - Sync 1 DAGs
[2025-04-05T16:44:32.595+0000] {logging_mixin.py:188} INFO - [2025-04-05T16:44:32.594+0000] {dag.py:3823} INFO - Setting next_dagrun for example_bash_operator to 2025-04-04 00:00:00+00:00, run_after=2025-04-05 00:00:00+00:00
[2025-04-05T16:44:32.614+0000] {processor.py:183} INFO - Processing /home/airflow/.local/lib/python3.8/site-packages/airflow/example_dags/example_bash_operator.py took 0.087 seconds
[2025-04-05T16:45:03.383+0000] {processor.py:161} INFO - Started process (PID=2317) to work on /home/airflow/.local/lib/python3.8/site-packages/airflow/example_dags/example_bash_operator.py
[2025-04-05T16:45:03.386+0000] {processor.py:830} INFO - Processing file /home/airflow/.local/lib/python3.8/site-packages/airflow/example_dags/example_bash_operator.py for tasks to queue
[2025-04-05T16:45:03.390+0000] {logging_mixin.py:188} INFO - [2025-04-05T16:45:03.389+0000] {dagbag.py:538} INFO - Filling up the DagBag from /home/airflow/.local/lib/python3.8/site-packages/airflow/example_dags/example_bash_operator.py
[2025-04-05T16:45:03.462+0000] {processor.py:840} INFO - DAG(s) 'example_bash_operator' retrieved from /home/airflow/.local/lib/python3.8/site-packages/airflow/example_dags/example_bash_operator.py
[2025-04-05T16:45:03.593+0000] {logging_mixin.py:188} INFO - [2025-04-05T16:45:03.592+0000] {dag.py:3036} INFO - Sync 1 DAGs
[2025-04-05T16:45:03.686+0000] {logging_mixin.py:188} INFO - [2025-04-05T16:45:03.685+0000] {dag.py:3823} INFO - Setting next_dagrun for example_bash_operator to 2025-04-04 00:00:00+00:00, run_after=2025-04-05 00:00:00+00:00
[2025-04-05T16:45:03.735+0000] {processor.py:183} INFO - Processing /home/airflow/.local/lib/python3.8/site-packages/airflow/example_dags/example_bash_operator.py took 0.365 seconds
[2025-04-05T16:45:34.619+0000] {processor.py:161} INFO - Started process (PID=2566) to work on /home/airflow/.local/lib/python3.8/site-packages/airflow/example_dags/example_bash_operator.py
[2025-04-05T16:45:34.620+0000] {processor.py:830} INFO - Processing file /home/airflow/.local/lib/python3.8/site-packages/airflow/example_dags/example_bash_operator.py for tasks to queue
[2025-04-05T16:45:34.621+0000] {logging_mixin.py:188} INFO - [2025-04-05T16:45:34.621+0000] {dagbag.py:538} INFO - Filling up the DagBag from /home/airflow/.local/lib/python3.8/site-packages/airflow/example_dags/example_bash_operator.py
[2025-04-05T16:45:34.632+0000] {processor.py:840} INFO - DAG(s) 'example_bash_operator' retrieved from /home/airflow/.local/lib/python3.8/site-packages/airflow/example_dags/example_bash_operator.py
[2025-04-05T16:45:34.662+0000] {logging_mixin.py:188} INFO - [2025-04-05T16:45:34.662+0000] {dag.py:3036} INFO - Sync 1 DAGs
[2025-04-05T16:45:34.684+0000] {logging_mixin.py:188} INFO - [2025-04-05T16:45:34.684+0000] {dag.py:3823} INFO - Setting next_dagrun for example_bash_operator to 2025-04-04 00:00:00+00:00, run_after=2025-04-05 00:00:00+00:00
[2025-04-05T16:45:34.707+0000] {processor.py:183} INFO - Processing /home/airflow/.local/lib/python3.8/site-packages/airflow/example_dags/example_bash_operator.py took 0.091 seconds
[2025-04-05T16:46:05.169+0000] {processor.py:161} INFO - Started process (PID=2811) to work on /home/airflow/.local/lib/python3.8/site-packages/airflow/example_dags/example_bash_operator.py
[2025-04-05T16:46:05.179+0000] {processor.py:830} INFO - Processing file /home/airflow/.local/lib/python3.8/site-packages/airflow/example_dags/example_bash_operator.py for tasks to queue
[2025-04-05T16:46:05.181+0000] {logging_mixin.py:188} INFO - [2025-04-05T16:46:05.180+0000] {dagbag.py:538} INFO - Filling up the DagBag from /home/airflow/.local/lib/python3.8/site-packages/airflow/example_dags/example_bash_operator.py
[2025-04-05T16:46:05.196+0000] {processor.py:840} INFO - DAG(s) 'example_bash_operator' retrieved from /home/airflow/.local/lib/python3.8/site-packages/airflow/example_dags/example_bash_operator.py
[2025-04-05T16:46:05.299+0000] {logging_mixin.py:188} INFO - [2025-04-05T16:46:05.289+0000] {dag.py:3036} INFO - Sync 1 DAGs
[2025-04-05T16:46:05.399+0000] {logging_mixin.py:188} INFO - [2025-04-05T16:46:05.398+0000] {dag.py:3823} INFO - Setting next_dagrun for example_bash_operator to 2025-04-04 00:00:00+00:00, run_after=2025-04-05 00:00:00+00:00
[2025-04-05T16:46:05.480+0000] {processor.py:183} INFO - Processing /home/airflow/.local/lib/python3.8/site-packages/airflow/example_dags/example_bash_operator.py took 0.315 seconds
[2025-04-05T16:46:36.102+0000] {processor.py:161} INFO - Started process (PID=3060) to work on /home/airflow/.local/lib/python3.8/site-packages/airflow/example_dags/example_bash_operator.py
[2025-04-05T16:46:36.103+0000] {processor.py:830} INFO - Processing file /home/airflow/.local/lib/python3.8/site-packages/airflow/example_dags/example_bash_operator.py for tasks to queue
[2025-04-05T16:46:36.105+0000] {logging_mixin.py:188} INFO - [2025-04-05T16:46:36.104+0000] {dagbag.py:538} INFO - Filling up the DagBag from /home/airflow/.local/lib/python3.8/site-packages/airflow/example_dags/example_bash_operator.py
[2025-04-05T16:46:36.116+0000] {processor.py:840} INFO - DAG(s) 'example_bash_operator' retrieved from /home/airflow/.local/lib/python3.8/site-packages/airflow/example_dags/example_bash_operator.py
[2025-04-05T16:46:36.151+0000] {logging_mixin.py:188} INFO - [2025-04-05T16:46:36.151+0000] {dag.py:3036} INFO - Sync 1 DAGs
[2025-04-05T16:46:36.180+0000] {logging_mixin.py:188} INFO - [2025-04-05T16:46:36.180+0000] {dag.py:3823} INFO - Setting next_dagrun for example_bash_operator to 2025-04-04 00:00:00+00:00, run_after=2025-04-05 00:00:00+00:00
[2025-04-05T16:46:36.206+0000] {processor.py:183} INFO - Processing /home/airflow/.local/lib/python3.8/site-packages/airflow/example_dags/example_bash_operator.py took 0.106 seconds
[2025-04-05T16:47:06.595+0000] {processor.py:161} INFO - Started process (PID=3307) to work on /home/airflow/.local/lib/python3.8/site-packages/airflow/example_dags/example_bash_operator.py
[2025-04-05T16:47:06.596+0000] {processor.py:830} INFO - Processing file /home/airflow/.local/lib/python3.8/site-packages/airflow/example_dags/example_bash_operator.py for tasks to queue
[2025-04-05T16:47:06.597+0000] {logging_mixin.py:188} INFO - [2025-04-05T16:47:06.597+0000] {dagbag.py:538} INFO - Filling up the DagBag from /home/airflow/.local/lib/python3.8/site-packages/airflow/example_dags/example_bash_operator.py
[2025-04-05T16:47:06.610+0000] {processor.py:840} INFO - DAG(s) 'example_bash_operator' retrieved from /home/airflow/.local/lib/python3.8/site-packages/airflow/example_dags/example_bash_operator.py
[2025-04-05T16:47:06.641+0000] {logging_mixin.py:188} INFO - [2025-04-05T16:47:06.641+0000] {dag.py:3036} INFO - Sync 1 DAGs
[2025-04-05T16:47:06.664+0000] {logging_mixin.py:188} INFO - [2025-04-05T16:47:06.664+0000] {dag.py:3823} INFO - Setting next_dagrun for example_bash_operator to 2025-04-04 00:00:00+00:00, run_after=2025-04-05 00:00:00+00:00
[2025-04-05T16:47:06.687+0000] {processor.py:183} INFO - Processing /home/airflow/.local/lib/python3.8/site-packages/airflow/example_dags/example_bash_operator.py took 0.095 seconds
[2025-04-05T16:47:36.985+0000] {processor.py:161} INFO - Started process (PID=3554) to work on /home/airflow/.local/lib/python3.8/site-packages/airflow/example_dags/example_bash_operator.py
[2025-04-05T16:47:36.987+0000] {processor.py:830} INFO - Processing file /home/airflow/.local/lib/python3.8/site-packages/airflow/example_dags/example_bash_operator.py for tasks to queue
[2025-04-05T16:47:36.989+0000] {logging_mixin.py:188} INFO - [2025-04-05T16:47:36.988+0000] {dagbag.py:538} INFO - Filling up the DagBag from /home/airflow/.local/lib/python3.8/site-packages/airflow/example_dags/example_bash_operator.py
[2025-04-05T16:47:37.010+0000] {processor.py:840} INFO - DAG(s) 'example_bash_operator' retrieved from /home/airflow/.local/lib/python3.8/site-packages/airflow/example_dags/example_bash_operator.py
[2025-04-05T16:47:37.058+0000] {logging_mixin.py:188} INFO - [2025-04-05T16:47:37.058+0000] {dag.py:3036} INFO - Sync 1 DAGs
[2025-04-05T16:47:37.096+0000] {logging_mixin.py:188} INFO - [2025-04-05T16:47:37.095+0000] {dag.py:3823} INFO - Setting next_dagrun for example_bash_operator to 2025-04-04 00:00:00+00:00, run_after=2025-04-05 00:00:00+00:00
[2025-04-05T16:47:37.131+0000] {processor.py:183} INFO - Processing /home/airflow/.local/lib/python3.8/site-packages/airflow/example_dags/example_bash_operator.py took 0.154 seconds
[2025-04-05T16:48:07.984+0000] {processor.py:161} INFO - Started process (PID=3802) to work on /home/airflow/.local/lib/python3.8/site-packages/airflow/example_dags/example_bash_operator.py
[2025-04-05T16:48:07.985+0000] {processor.py:830} INFO - Processing file /home/airflow/.local/lib/python3.8/site-packages/airflow/example_dags/example_bash_operator.py for tasks to queue
[2025-04-05T16:48:07.986+0000] {logging_mixin.py:188} INFO - [2025-04-05T16:48:07.986+0000] {dagbag.py:538} INFO - Filling up the DagBag from /home/airflow/.local/lib/python3.8/site-packages/airflow/example_dags/example_bash_operator.py
[2025-04-05T16:48:07.998+0000] {processor.py:840} INFO - DAG(s) 'example_bash_operator' retrieved from /home/airflow/.local/lib/python3.8/site-packages/airflow/example_dags/example_bash_operator.py
[2025-04-05T16:48:08.047+0000] {logging_mixin.py:188} INFO - [2025-04-05T16:48:08.046+0000] {dag.py:3036} INFO - Sync 1 DAGs
[2025-04-05T16:48:08.075+0000] {logging_mixin.py:188} INFO - [2025-04-05T16:48:08.074+0000] {dag.py:3823} INFO - Setting next_dagrun for example_bash_operator to 2025-04-04 00:00:00+00:00, run_after=2025-04-05 00:00:00+00:00
[2025-04-05T16:48:08.097+0000] {processor.py:183} INFO - Processing /home/airflow/.local/lib/python3.8/site-packages/airflow/example_dags/example_bash_operator.py took 0.116 seconds
[2025-04-05T16:48:38.786+0000] {processor.py:161} INFO - Started process (PID=4049) to work on /home/airflow/.local/lib/python3.8/site-packages/airflow/example_dags/example_bash_operator.py
[2025-04-05T16:48:38.787+0000] {processor.py:830} INFO - Processing file /home/airflow/.local/lib/python3.8/site-packages/airflow/example_dags/example_bash_operator.py for tasks to queue
[2025-04-05T16:48:38.788+0000] {logging_mixin.py:188} INFO - [2025-04-05T16:48:38.787+0000] {dagbag.py:538} INFO - Filling up the DagBag from /home/airflow/.local/lib/python3.8/site-packages/airflow/example_dags/example_bash_operator.py
[2025-04-05T16:48:38.799+0000] {processor.py:840} INFO - DAG(s) 'example_bash_operator' retrieved from /home/airflow/.local/lib/python3.8/site-packages/airflow/example_dags/example_bash_operator.py
[2025-04-05T16:48:38.826+0000] {logging_mixin.py:188} INFO - [2025-04-05T16:48:38.826+0000] {dag.py:3036} INFO - Sync 1 DAGs
[2025-04-05T16:48:38.851+0000] {logging_mixin.py:188} INFO - [2025-04-05T16:48:38.850+0000] {dag.py:3823} INFO - Setting next_dagrun for example_bash_operator to 2025-04-04 00:00:00+00:00, run_after=2025-04-05 00:00:00+00:00
[2025-04-05T16:48:38.873+0000] {processor.py:183} INFO - Processing /home/airflow/.local/lib/python3.8/site-packages/airflow/example_dags/example_bash_operator.py took 0.090 seconds
[2025-04-05T16:49:09.046+0000] {processor.py:161} INFO - Started process (PID=4299) to work on /home/airflow/.local/lib/python3.8/site-packages/airflow/example_dags/example_bash_operator.py
[2025-04-05T16:49:09.049+0000] {processor.py:830} INFO - Processing file /home/airflow/.local/lib/python3.8/site-packages/airflow/example_dags/example_bash_operator.py for tasks to queue
[2025-04-05T16:49:09.054+0000] {logging_mixin.py:188} INFO - [2025-04-05T16:49:09.053+0000] {dagbag.py:538} INFO - Filling up the DagBag from /home/airflow/.local/lib/python3.8/site-packages/airflow/example_dags/example_bash_operator.py
[2025-04-05T16:49:09.066+0000] {processor.py:840} INFO - DAG(s) 'example_bash_operator' retrieved from /home/airflow/.local/lib/python3.8/site-packages/airflow/example_dags/example_bash_operator.py
[2025-04-05T16:49:09.126+0000] {logging_mixin.py:188} INFO - [2025-04-05T16:49:09.126+0000] {dag.py:3036} INFO - Sync 1 DAGs
[2025-04-05T16:49:09.195+0000] {logging_mixin.py:188} INFO - [2025-04-05T16:49:09.194+0000] {dag.py:3823} INFO - Setting next_dagrun for example_bash_operator to 2025-04-04 00:00:00+00:00, run_after=2025-04-05 00:00:00+00:00
[2025-04-05T16:49:09.219+0000] {processor.py:183} INFO - Processing /home/airflow/.local/lib/python3.8/site-packages/airflow/example_dags/example_bash_operator.py took 0.187 seconds
[2025-04-05T16:49:39.528+0000] {processor.py:161} INFO - Started process (PID=4568) to work on /home/airflow/.local/lib/python3.8/site-packages/airflow/example_dags/example_bash_operator.py
[2025-04-05T16:49:39.530+0000] {processor.py:830} INFO - Processing file /home/airflow/.local/lib/python3.8/site-packages/airflow/example_dags/example_bash_operator.py for tasks to queue
[2025-04-05T16:49:39.531+0000] {logging_mixin.py:188} INFO - [2025-04-05T16:49:39.531+0000] {dagbag.py:538} INFO - Filling up the DagBag from /home/airflow/.local/lib/python3.8/site-packages/airflow/example_dags/example_bash_operator.py
[2025-04-05T16:49:39.542+0000] {processor.py:840} INFO - DAG(s) 'example_bash_operator' retrieved from /home/airflow/.local/lib/python3.8/site-packages/airflow/example_dags/example_bash_operator.py
[2025-04-05T16:49:39.572+0000] {logging_mixin.py:188} INFO - [2025-04-05T16:49:39.571+0000] {dag.py:3036} INFO - Sync 1 DAGs
[2025-04-05T16:49:39.594+0000] {logging_mixin.py:188} INFO - [2025-04-05T16:49:39.594+0000] {dag.py:3823} INFO - Setting next_dagrun for example_bash_operator to 2025-04-04 00:00:00+00:00, run_after=2025-04-05 00:00:00+00:00
[2025-04-05T16:49:39.618+0000] {processor.py:183} INFO - Processing /home/airflow/.local/lib/python3.8/site-packages/airflow/example_dags/example_bash_operator.py took 0.092 seconds
[2025-04-05T16:50:09.869+0000] {processor.py:161} INFO - Started process (PID=4815) to work on /home/airflow/.local/lib/python3.8/site-packages/airflow/example_dags/example_bash_operator.py
[2025-04-05T16:50:09.871+0000] {processor.py:830} INFO - Processing file /home/airflow/.local/lib/python3.8/site-packages/airflow/example_dags/example_bash_operator.py for tasks to queue
[2025-04-05T16:50:09.872+0000] {logging_mixin.py:188} INFO - [2025-04-05T16:50:09.872+0000] {dagbag.py:538} INFO - Filling up the DagBag from /home/airflow/.local/lib/python3.8/site-packages/airflow/example_dags/example_bash_operator.py
[2025-04-05T16:50:09.885+0000] {processor.py:840} INFO - DAG(s) 'example_bash_operator' retrieved from /home/airflow/.local/lib/python3.8/site-packages/airflow/example_dags/example_bash_operator.py
[2025-04-05T16:50:09.912+0000] {logging_mixin.py:188} INFO - [2025-04-05T16:50:09.912+0000] {dag.py:3036} INFO - Sync 1 DAGs
[2025-04-05T16:50:09.936+0000] {logging_mixin.py:188} INFO - [2025-04-05T16:50:09.935+0000] {dag.py:3823} INFO - Setting next_dagrun for example_bash_operator to 2025-04-04 00:00:00+00:00, run_after=2025-04-05 00:00:00+00:00
[2025-04-05T16:50:09.960+0000] {processor.py:183} INFO - Processing /home/airflow/.local/lib/python3.8/site-packages/airflow/example_dags/example_bash_operator.py took 0.093 seconds
[2025-04-05T16:50:40.069+0000] {processor.py:161} INFO - Started process (PID=5065) to work on /home/airflow/.local/lib/python3.8/site-packages/airflow/example_dags/example_bash_operator.py
[2025-04-05T16:50:40.070+0000] {processor.py:830} INFO - Processing file /home/airflow/.local/lib/python3.8/site-packages/airflow/example_dags/example_bash_operator.py for tasks to queue
[2025-04-05T16:50:40.071+0000] {logging_mixin.py:188} INFO - [2025-04-05T16:50:40.071+0000] {dagbag.py:538} INFO - Filling up the DagBag from /home/airflow/.local/lib/python3.8/site-packages/airflow/example_dags/example_bash_operator.py
[2025-04-05T16:50:40.082+0000] {processor.py:840} INFO - DAG(s) 'example_bash_operator' retrieved from /home/airflow/.local/lib/python3.8/site-packages/airflow/example_dags/example_bash_operator.py
[2025-04-05T16:50:40.110+0000] {logging_mixin.py:188} INFO - [2025-04-05T16:50:40.110+0000] {dag.py:3036} INFO - Sync 1 DAGs
[2025-04-05T16:50:40.133+0000] {logging_mixin.py:188} INFO - [2025-04-05T16:50:40.132+0000] {dag.py:3823} INFO - Setting next_dagrun for example_bash_operator to 2025-04-04 00:00:00+00:00, run_after=2025-04-05 00:00:00+00:00
[2025-04-05T16:50:40.158+0000] {processor.py:183} INFO - Processing /home/airflow/.local/lib/python3.8/site-packages/airflow/example_dags/example_bash_operator.py took 0.092 seconds
[2025-04-05T16:51:10.261+0000] {processor.py:161} INFO - Started process (PID=5322) to work on /home/airflow/.local/lib/python3.8/site-packages/airflow/example_dags/example_bash_operator.py
[2025-04-05T16:51:10.262+0000] {processor.py:830} INFO - Processing file /home/airflow/.local/lib/python3.8/site-packages/airflow/example_dags/example_bash_operator.py for tasks to queue
[2025-04-05T16:51:10.263+0000] {logging_mixin.py:188} INFO - [2025-04-05T16:51:10.263+0000] {dagbag.py:538} INFO - Filling up the DagBag from /home/airflow/.local/lib/python3.8/site-packages/airflow/example_dags/example_bash_operator.py
[2025-04-05T16:51:10.277+0000] {processor.py:840} INFO - DAG(s) 'example_bash_operator' retrieved from /home/airflow/.local/lib/python3.8/site-packages/airflow/example_dags/example_bash_operator.py
[2025-04-05T16:51:10.306+0000] {logging_mixin.py:188} INFO - [2025-04-05T16:51:10.306+0000] {dag.py:3036} INFO - Sync 1 DAGs
[2025-04-05T16:51:10.332+0000] {logging_mixin.py:188} INFO - [2025-04-05T16:51:10.331+0000] {dag.py:3823} INFO - Setting next_dagrun for example_bash_operator to 2025-04-04 00:00:00+00:00, run_after=2025-04-05 00:00:00+00:00
[2025-04-05T16:51:10.356+0000] {processor.py:183} INFO - Processing /home/airflow/.local/lib/python3.8/site-packages/airflow/example_dags/example_bash_operator.py took 0.099 seconds
[2025-04-05T16:51:40.628+0000] {processor.py:161} INFO - Started process (PID=5569) to work on /home/airflow/.local/lib/python3.8/site-packages/airflow/example_dags/example_bash_operator.py
[2025-04-05T16:51:40.629+0000] {processor.py:830} INFO - Processing file /home/airflow/.local/lib/python3.8/site-packages/airflow/example_dags/example_bash_operator.py for tasks to queue
[2025-04-05T16:51:40.630+0000] {logging_mixin.py:188} INFO - [2025-04-05T16:51:40.630+0000] {dagbag.py:538} INFO - Filling up the DagBag from /home/airflow/.local/lib/python3.8/site-packages/airflow/example_dags/example_bash_operator.py
[2025-04-05T16:51:40.642+0000] {processor.py:840} INFO - DAG(s) 'example_bash_operator' retrieved from /home/airflow/.local/lib/python3.8/site-packages/airflow/example_dags/example_bash_operator.py
[2025-04-05T16:51:40.680+0000] {logging_mixin.py:188} INFO - [2025-04-05T16:51:40.679+0000] {dag.py:3036} INFO - Sync 1 DAGs
[2025-04-05T16:51:40.704+0000] {logging_mixin.py:188} INFO - [2025-04-05T16:51:40.703+0000] {dag.py:3823} INFO - Setting next_dagrun for example_bash_operator to 2025-04-04 00:00:00+00:00, run_after=2025-04-05 00:00:00+00:00
[2025-04-05T16:51:40.729+0000] {processor.py:183} INFO - Processing /home/airflow/.local/lib/python3.8/site-packages/airflow/example_dags/example_bash_operator.py took 0.105 seconds
[2025-04-05T16:52:10.993+0000] {processor.py:161} INFO - Started process (PID=5821) to work on /home/airflow/.local/lib/python3.8/site-packages/airflow/example_dags/example_bash_operator.py
[2025-04-05T16:52:10.995+0000] {processor.py:830} INFO - Processing file /home/airflow/.local/lib/python3.8/site-packages/airflow/example_dags/example_bash_operator.py for tasks to queue
[2025-04-05T16:52:10.996+0000] {logging_mixin.py:188} INFO - [2025-04-05T16:52:10.996+0000] {dagbag.py:538} INFO - Filling up the DagBag from /home/airflow/.local/lib/python3.8/site-packages/airflow/example_dags/example_bash_operator.py
[2025-04-05T16:52:11.007+0000] {processor.py:840} INFO - DAG(s) 'example_bash_operator' retrieved from /home/airflow/.local/lib/python3.8/site-packages/airflow/example_dags/example_bash_operator.py
[2025-04-05T16:52:11.043+0000] {logging_mixin.py:188} INFO - [2025-04-05T16:52:11.043+0000] {dag.py:3036} INFO - Sync 1 DAGs
[2025-04-05T16:52:11.070+0000] {logging_mixin.py:188} INFO - [2025-04-05T16:52:11.070+0000] {dag.py:3823} INFO - Setting next_dagrun for example_bash_operator to 2025-04-04 00:00:00+00:00, run_after=2025-04-05 00:00:00+00:00
[2025-04-05T16:52:11.098+0000] {processor.py:183} INFO - Processing /home/airflow/.local/lib/python3.8/site-packages/airflow/example_dags/example_bash_operator.py took 0.109 seconds
[2025-04-05T16:52:41.224+0000] {processor.py:161} INFO - Started process (PID=6073) to work on /home/airflow/.local/lib/python3.8/site-packages/airflow/example_dags/example_bash_operator.py
[2025-04-05T16:52:41.225+0000] {processor.py:830} INFO - Processing file /home/airflow/.local/lib/python3.8/site-packages/airflow/example_dags/example_bash_operator.py for tasks to queue
[2025-04-05T16:52:41.226+0000] {logging_mixin.py:188} INFO - [2025-04-05T16:52:41.226+0000] {dagbag.py:538} INFO - Filling up the DagBag from /home/airflow/.local/lib/python3.8/site-packages/airflow/example_dags/example_bash_operator.py
[2025-04-05T16:52:41.237+0000] {processor.py:840} INFO - DAG(s) 'example_bash_operator' retrieved from /home/airflow/.local/lib/python3.8/site-packages/airflow/example_dags/example_bash_operator.py
[2025-04-05T16:52:41.267+0000] {logging_mixin.py:188} INFO - [2025-04-05T16:52:41.267+0000] {dag.py:3036} INFO - Sync 1 DAGs
[2025-04-05T16:52:41.287+0000] {logging_mixin.py:188} INFO - [2025-04-05T16:52:41.286+0000] {dag.py:3823} INFO - Setting next_dagrun for example_bash_operator to 2025-04-04 00:00:00+00:00, run_after=2025-04-05 00:00:00+00:00
[2025-04-05T16:52:41.308+0000] {processor.py:183} INFO - Processing /home/airflow/.local/lib/python3.8/site-packages/airflow/example_dags/example_bash_operator.py took 0.087 seconds
[2025-04-05T16:53:11.383+0000] {processor.py:161} INFO - Started process (PID=6326) to work on /home/airflow/.local/lib/python3.8/site-packages/airflow/example_dags/example_bash_operator.py
[2025-04-05T16:53:11.384+0000] {processor.py:830} INFO - Processing file /home/airflow/.local/lib/python3.8/site-packages/airflow/example_dags/example_bash_operator.py for tasks to queue
[2025-04-05T16:53:11.385+0000] {logging_mixin.py:188} INFO - [2025-04-05T16:53:11.384+0000] {dagbag.py:538} INFO - Filling up the DagBag from /home/airflow/.local/lib/python3.8/site-packages/airflow/example_dags/example_bash_operator.py
[2025-04-05T16:53:11.396+0000] {processor.py:840} INFO - DAG(s) 'example_bash_operator' retrieved from /home/airflow/.local/lib/python3.8/site-packages/airflow/example_dags/example_bash_operator.py
[2025-04-05T16:53:11.426+0000] {logging_mixin.py:188} INFO - [2025-04-05T16:53:11.426+0000] {dag.py:3036} INFO - Sync 1 DAGs
[2025-04-05T16:53:11.447+0000] {logging_mixin.py:188} INFO - [2025-04-05T16:53:11.447+0000] {dag.py:3823} INFO - Setting next_dagrun for example_bash_operator to 2025-04-04 00:00:00+00:00, run_after=2025-04-05 00:00:00+00:00
[2025-04-05T16:53:11.467+0000] {processor.py:183} INFO - Processing /home/airflow/.local/lib/python3.8/site-packages/airflow/example_dags/example_bash_operator.py took 0.087 seconds
[2025-04-05T16:53:41.730+0000] {processor.py:161} INFO - Started process (PID=6578) to work on /home/airflow/.local/lib/python3.8/site-packages/airflow/example_dags/example_bash_operator.py
[2025-04-05T16:53:41.731+0000] {processor.py:830} INFO - Processing file /home/airflow/.local/lib/python3.8/site-packages/airflow/example_dags/example_bash_operator.py for tasks to queue
[2025-04-05T16:53:41.732+0000] {logging_mixin.py:188} INFO - [2025-04-05T16:53:41.731+0000] {dagbag.py:538} INFO - Filling up the DagBag from /home/airflow/.local/lib/python3.8/site-packages/airflow/example_dags/example_bash_operator.py
[2025-04-05T16:53:41.742+0000] {processor.py:840} INFO - DAG(s) 'example_bash_operator' retrieved from /home/airflow/.local/lib/python3.8/site-packages/airflow/example_dags/example_bash_operator.py
[2025-04-05T16:53:41.771+0000] {logging_mixin.py:188} INFO - [2025-04-05T16:53:41.771+0000] {dag.py:3036} INFO - Sync 1 DAGs
[2025-04-05T16:53:41.791+0000] {logging_mixin.py:188} INFO - [2025-04-05T16:53:41.791+0000] {dag.py:3823} INFO - Setting next_dagrun for example_bash_operator to 2025-04-04 00:00:00+00:00, run_after=2025-04-05 00:00:00+00:00
[2025-04-05T16:53:41.812+0000] {processor.py:183} INFO - Processing /home/airflow/.local/lib/python3.8/site-packages/airflow/example_dags/example_bash_operator.py took 0.085 seconds
[2025-04-05T16:54:11.893+0000] {processor.py:161} INFO - Started process (PID=6830) to work on /home/airflow/.local/lib/python3.8/site-packages/airflow/example_dags/example_bash_operator.py
[2025-04-05T16:54:11.894+0000] {processor.py:830} INFO - Processing file /home/airflow/.local/lib/python3.8/site-packages/airflow/example_dags/example_bash_operator.py for tasks to queue
[2025-04-05T16:54:11.895+0000] {logging_mixin.py:188} INFO - [2025-04-05T16:54:11.894+0000] {dagbag.py:538} INFO - Filling up the DagBag from /home/airflow/.local/lib/python3.8/site-packages/airflow/example_dags/example_bash_operator.py
[2025-04-05T16:54:11.905+0000] {processor.py:840} INFO - DAG(s) 'example_bash_operator' retrieved from /home/airflow/.local/lib/python3.8/site-packages/airflow/example_dags/example_bash_operator.py
[2025-04-05T16:54:11.934+0000] {logging_mixin.py:188} INFO - [2025-04-05T16:54:11.934+0000] {dag.py:3036} INFO - Sync 1 DAGs
[2025-04-05T16:54:11.958+0000] {logging_mixin.py:188} INFO - [2025-04-05T16:54:11.958+0000] {dag.py:3823} INFO - Setting next_dagrun for example_bash_operator to 2025-04-04 00:00:00+00:00, run_after=2025-04-05 00:00:00+00:00
[2025-04-05T16:54:11.979+0000] {processor.py:183} INFO - Processing /home/airflow/.local/lib/python3.8/site-packages/airflow/example_dags/example_bash_operator.py took 0.089 seconds
[2025-04-05T16:54:42.230+0000] {processor.py:161} INFO - Started process (PID=7082) to work on /home/airflow/.local/lib/python3.8/site-packages/airflow/example_dags/example_bash_operator.py
[2025-04-05T16:54:42.231+0000] {processor.py:830} INFO - Processing file /home/airflow/.local/lib/python3.8/site-packages/airflow/example_dags/example_bash_operator.py for tasks to queue
[2025-04-05T16:54:42.232+0000] {logging_mixin.py:188} INFO - [2025-04-05T16:54:42.232+0000] {dagbag.py:538} INFO - Filling up the DagBag from /home/airflow/.local/lib/python3.8/site-packages/airflow/example_dags/example_bash_operator.py
[2025-04-05T16:54:42.245+0000] {processor.py:840} INFO - DAG(s) 'example_bash_operator' retrieved from /home/airflow/.local/lib/python3.8/site-packages/airflow/example_dags/example_bash_operator.py
[2025-04-05T16:54:42.280+0000] {logging_mixin.py:188} INFO - [2025-04-05T16:54:42.279+0000] {dag.py:3036} INFO - Sync 1 DAGs
[2025-04-05T16:54:42.310+0000] {logging_mixin.py:188} INFO - [2025-04-05T16:54:42.309+0000] {dag.py:3823} INFO - Setting next_dagrun for example_bash_operator to 2025-04-04 00:00:00+00:00, run_after=2025-04-05 00:00:00+00:00
[2025-04-05T16:54:42.332+0000] {processor.py:183} INFO - Processing /home/airflow/.local/lib/python3.8/site-packages/airflow/example_dags/example_bash_operator.py took 0.107 seconds
[2025-04-05T16:55:12.461+0000] {processor.py:161} INFO - Started process (PID=7334) to work on /home/airflow/.local/lib/python3.8/site-packages/airflow/example_dags/example_bash_operator.py
[2025-04-05T16:55:12.462+0000] {processor.py:830} INFO - Processing file /home/airflow/.local/lib/python3.8/site-packages/airflow/example_dags/example_bash_operator.py for tasks to queue
[2025-04-05T16:55:12.463+0000] {logging_mixin.py:188} INFO - [2025-04-05T16:55:12.463+0000] {dagbag.py:538} INFO - Filling up the DagBag from /home/airflow/.local/lib/python3.8/site-packages/airflow/example_dags/example_bash_operator.py
[2025-04-05T16:55:12.474+0000] {processor.py:840} INFO - DAG(s) 'example_bash_operator' retrieved from /home/airflow/.local/lib/python3.8/site-packages/airflow/example_dags/example_bash_operator.py
[2025-04-05T16:55:12.503+0000] {logging_mixin.py:188} INFO - [2025-04-05T16:55:12.503+0000] {dag.py:3036} INFO - Sync 1 DAGs
[2025-04-05T16:55:12.528+0000] {logging_mixin.py:188} INFO - [2025-04-05T16:55:12.527+0000] {dag.py:3823} INFO - Setting next_dagrun for example_bash_operator to 2025-04-04 00:00:00+00:00, run_after=2025-04-05 00:00:00+00:00
[2025-04-05T16:55:12.562+0000] {processor.py:183} INFO - Processing /home/airflow/.local/lib/python3.8/site-packages/airflow/example_dags/example_bash_operator.py took 0.104 seconds
[2025-04-05T16:55:42.914+0000] {processor.py:161} INFO - Started process (PID=7586) to work on /home/airflow/.local/lib/python3.8/site-packages/airflow/example_dags/example_bash_operator.py
[2025-04-05T16:55:42.915+0000] {processor.py:830} INFO - Processing file /home/airflow/.local/lib/python3.8/site-packages/airflow/example_dags/example_bash_operator.py for tasks to queue
[2025-04-05T16:55:42.916+0000] {logging_mixin.py:188} INFO - [2025-04-05T16:55:42.916+0000] {dagbag.py:538} INFO - Filling up the DagBag from /home/airflow/.local/lib/python3.8/site-packages/airflow/example_dags/example_bash_operator.py
[2025-04-05T16:55:42.928+0000] {processor.py:840} INFO - DAG(s) 'example_bash_operator' retrieved from /home/airflow/.local/lib/python3.8/site-packages/airflow/example_dags/example_bash_operator.py
[2025-04-05T16:55:42.957+0000] {logging_mixin.py:188} INFO - [2025-04-05T16:55:42.957+0000] {dag.py:3036} INFO - Sync 1 DAGs
[2025-04-05T16:55:42.982+0000] {logging_mixin.py:188} INFO - [2025-04-05T16:55:42.981+0000] {dag.py:3823} INFO - Setting next_dagrun for example_bash_operator to 2025-04-04 00:00:00+00:00, run_after=2025-04-05 00:00:00+00:00
[2025-04-05T16:55:43.012+0000] {processor.py:183} INFO - Processing /home/airflow/.local/lib/python3.8/site-packages/airflow/example_dags/example_bash_operator.py took 0.101 seconds
[2025-04-05T16:56:13.263+0000] {processor.py:161} INFO - Started process (PID=7838) to work on /home/airflow/.local/lib/python3.8/site-packages/airflow/example_dags/example_bash_operator.py
[2025-04-05T16:56:13.264+0000] {processor.py:830} INFO - Processing file /home/airflow/.local/lib/python3.8/site-packages/airflow/example_dags/example_bash_operator.py for tasks to queue
[2025-04-05T16:56:13.265+0000] {logging_mixin.py:188} INFO - [2025-04-05T16:56:13.265+0000] {dagbag.py:538} INFO - Filling up the DagBag from /home/airflow/.local/lib/python3.8/site-packages/airflow/example_dags/example_bash_operator.py
[2025-04-05T16:56:13.277+0000] {processor.py:840} INFO - DAG(s) 'example_bash_operator' retrieved from /home/airflow/.local/lib/python3.8/site-packages/airflow/example_dags/example_bash_operator.py
[2025-04-05T16:56:13.309+0000] {logging_mixin.py:188} INFO - [2025-04-05T16:56:13.308+0000] {dag.py:3036} INFO - Sync 1 DAGs
[2025-04-05T16:56:13.329+0000] {logging_mixin.py:188} INFO - [2025-04-05T16:56:13.329+0000] {dag.py:3823} INFO - Setting next_dagrun for example_bash_operator to 2025-04-04 00:00:00+00:00, run_after=2025-04-05 00:00:00+00:00
[2025-04-05T16:56:13.351+0000] {processor.py:183} INFO - Processing /home/airflow/.local/lib/python3.8/site-packages/airflow/example_dags/example_bash_operator.py took 0.091 seconds
[2025-04-05T16:56:43.487+0000] {processor.py:161} INFO - Started process (PID=8090) to work on /home/airflow/.local/lib/python3.8/site-packages/airflow/example_dags/example_bash_operator.py
[2025-04-05T16:56:43.488+0000] {processor.py:830} INFO - Processing file /home/airflow/.local/lib/python3.8/site-packages/airflow/example_dags/example_bash_operator.py for tasks to queue
[2025-04-05T16:56:43.489+0000] {logging_mixin.py:188} INFO - [2025-04-05T16:56:43.489+0000] {dagbag.py:538} INFO - Filling up the DagBag from /home/airflow/.local/lib/python3.8/site-packages/airflow/example_dags/example_bash_operator.py
[2025-04-05T16:56:43.500+0000] {processor.py:840} INFO - DAG(s) 'example_bash_operator' retrieved from /home/airflow/.local/lib/python3.8/site-packages/airflow/example_dags/example_bash_operator.py
[2025-04-05T16:56:43.529+0000] {logging_mixin.py:188} INFO - [2025-04-05T16:56:43.528+0000] {dag.py:3036} INFO - Sync 1 DAGs
[2025-04-05T16:56:43.548+0000] {logging_mixin.py:188} INFO - [2025-04-05T16:56:43.548+0000] {dag.py:3823} INFO - Setting next_dagrun for example_bash_operator to 2025-04-04 00:00:00+00:00, run_after=2025-04-05 00:00:00+00:00
[2025-04-05T16:56:43.568+0000] {processor.py:183} INFO - Processing /home/airflow/.local/lib/python3.8/site-packages/airflow/example_dags/example_bash_operator.py took 0.084 seconds
