[2025-04-05T14:18:13.416+0000] {processor.py:161} INFO - Started process (PID=198) to work on /home/airflow/.local/lib/python3.8/site-packages/airflow/example_dags/example_xcomargs.py
[2025-04-05T14:18:13.417+0000] {processor.py:830} INFO - Processing file /home/airflow/.local/lib/python3.8/site-packages/airflow/example_dags/example_xcomargs.py for tasks to queue
[2025-04-05T14:18:13.419+0000] {logging_mixin.py:188} INFO - [2025-04-05T14:18:13.419+0000] {dagbag.py:538} INFO - Filling up the DagBag from /home/airflow/.local/lib/python3.8/site-packages/airflow/example_dags/example_xcomargs.py
[2025-04-05T14:18:13.437+0000] {processor.py:840} INFO - DAG(s) 'example_xcom_args', 'example_xcom_args_with_operators' retrieved from /home/airflow/.local/lib/python3.8/site-packages/airflow/example_dags/example_xcomargs.py
[2025-04-05T14:18:13.458+0000] {logging_mixin.py:188} INFO - [2025-04-05T14:18:13.458+0000] {dag.py:3036} INFO - Sync 2 DAGs
[2025-04-05T14:18:13.488+0000] {logging_mixin.py:188} INFO - [2025-04-05T14:18:13.487+0000] {dag.py:3823} INFO - Setting next_dagrun for example_xcom_args to None, run_after=None
[2025-04-05T14:18:13.493+0000] {logging_mixin.py:188} INFO - [2025-04-05T14:18:13.493+0000] {dag.py:3823} INFO - Setting next_dagrun for example_xcom_args_with_operators to None, run_after=None
[2025-04-05T14:18:13.521+0000] {processor.py:183} INFO - Processing /home/airflow/.local/lib/python3.8/site-packages/airflow/example_dags/example_xcomargs.py took 0.111 seconds
[2025-04-05T14:18:44.093+0000] {processor.py:161} INFO - Started process (PID=445) to work on /home/airflow/.local/lib/python3.8/site-packages/airflow/example_dags/example_xcomargs.py
[2025-04-05T14:18:44.095+0000] {processor.py:830} INFO - Processing file /home/airflow/.local/lib/python3.8/site-packages/airflow/example_dags/example_xcomargs.py for tasks to queue
[2025-04-05T14:18:44.096+0000] {logging_mixin.py:188} INFO - [2025-04-05T14:18:44.096+0000] {dagbag.py:538} INFO - Filling up the DagBag from /home/airflow/.local/lib/python3.8/site-packages/airflow/example_dags/example_xcomargs.py
[2025-04-05T14:18:44.108+0000] {processor.py:840} INFO - DAG(s) 'example_xcom_args_with_operators', 'example_xcom_args' retrieved from /home/airflow/.local/lib/python3.8/site-packages/airflow/example_dags/example_xcomargs.py
[2025-04-05T14:18:44.244+0000] {logging_mixin.py:188} INFO - [2025-04-05T14:18:44.243+0000] {dag.py:3036} INFO - Sync 2 DAGs
[2025-04-05T14:18:44.256+0000] {logging_mixin.py:188} INFO - [2025-04-05T14:18:44.256+0000] {dag.py:3823} INFO - Setting next_dagrun for example_xcom_args to None, run_after=None
[2025-04-05T14:18:44.260+0000] {logging_mixin.py:188} INFO - [2025-04-05T14:18:44.260+0000] {dag.py:3823} INFO - Setting next_dagrun for example_xcom_args_with_operators to None, run_after=None
[2025-04-05T14:18:44.282+0000] {processor.py:183} INFO - Processing /home/airflow/.local/lib/python3.8/site-packages/airflow/example_dags/example_xcomargs.py took 0.193 seconds
[2025-04-05T14:19:14.578+0000] {processor.py:161} INFO - Started process (PID=692) to work on /home/airflow/.local/lib/python3.8/site-packages/airflow/example_dags/example_xcomargs.py
[2025-04-05T14:19:14.579+0000] {processor.py:830} INFO - Processing file /home/airflow/.local/lib/python3.8/site-packages/airflow/example_dags/example_xcomargs.py for tasks to queue
[2025-04-05T14:19:14.580+0000] {logging_mixin.py:188} INFO - [2025-04-05T14:19:14.580+0000] {dagbag.py:538} INFO - Filling up the DagBag from /home/airflow/.local/lib/python3.8/site-packages/airflow/example_dags/example_xcomargs.py
[2025-04-05T14:19:14.591+0000] {processor.py:840} INFO - DAG(s) 'example_xcom_args', 'example_xcom_args_with_operators' retrieved from /home/airflow/.local/lib/python3.8/site-packages/airflow/example_dags/example_xcomargs.py
[2025-04-05T14:19:14.616+0000] {logging_mixin.py:188} INFO - [2025-04-05T14:19:14.616+0000] {dag.py:3036} INFO - Sync 2 DAGs
[2025-04-05T14:19:14.628+0000] {logging_mixin.py:188} INFO - [2025-04-05T14:19:14.627+0000] {dag.py:3823} INFO - Setting next_dagrun for example_xcom_args to None, run_after=None
[2025-04-05T14:19:14.632+0000] {logging_mixin.py:188} INFO - [2025-04-05T14:19:14.632+0000] {dag.py:3823} INFO - Setting next_dagrun for example_xcom_args_with_operators to None, run_after=None
[2025-04-05T14:19:14.649+0000] {processor.py:183} INFO - Processing /home/airflow/.local/lib/python3.8/site-packages/airflow/example_dags/example_xcomargs.py took 0.075 seconds
[2025-04-05T14:19:45.490+0000] {processor.py:161} INFO - Started process (PID=941) to work on /home/airflow/.local/lib/python3.8/site-packages/airflow/example_dags/example_xcomargs.py
[2025-04-05T14:19:45.491+0000] {processor.py:830} INFO - Processing file /home/airflow/.local/lib/python3.8/site-packages/airflow/example_dags/example_xcomargs.py for tasks to queue
[2025-04-05T14:19:45.492+0000] {logging_mixin.py:188} INFO - [2025-04-05T14:19:45.492+0000] {dagbag.py:538} INFO - Filling up the DagBag from /home/airflow/.local/lib/python3.8/site-packages/airflow/example_dags/example_xcomargs.py
[2025-04-05T14:19:45.500+0000] {processor.py:840} INFO - DAG(s) 'example_xcom_args', 'example_xcom_args_with_operators' retrieved from /home/airflow/.local/lib/python3.8/site-packages/airflow/example_dags/example_xcomargs.py
[2025-04-05T14:19:45.522+0000] {logging_mixin.py:188} INFO - [2025-04-05T14:19:45.522+0000] {dag.py:3036} INFO - Sync 2 DAGs
[2025-04-05T14:19:45.533+0000] {logging_mixin.py:188} INFO - [2025-04-05T14:19:45.533+0000] {dag.py:3823} INFO - Setting next_dagrun for example_xcom_args to None, run_after=None
[2025-04-05T14:19:45.537+0000] {logging_mixin.py:188} INFO - [2025-04-05T14:19:45.537+0000] {dag.py:3823} INFO - Setting next_dagrun for example_xcom_args_with_operators to None, run_after=None
[2025-04-05T14:19:45.553+0000] {processor.py:183} INFO - Processing /home/airflow/.local/lib/python3.8/site-packages/airflow/example_dags/example_xcomargs.py took 0.066 seconds
[2025-04-05T14:20:15.885+0000] {processor.py:161} INFO - Started process (PID=1186) to work on /home/airflow/.local/lib/python3.8/site-packages/airflow/example_dags/example_xcomargs.py
[2025-04-05T14:20:15.887+0000] {processor.py:830} INFO - Processing file /home/airflow/.local/lib/python3.8/site-packages/airflow/example_dags/example_xcomargs.py for tasks to queue
[2025-04-05T14:20:15.888+0000] {logging_mixin.py:188} INFO - [2025-04-05T14:20:15.888+0000] {dagbag.py:538} INFO - Filling up the DagBag from /home/airflow/.local/lib/python3.8/site-packages/airflow/example_dags/example_xcomargs.py
[2025-04-05T14:20:15.897+0000] {processor.py:840} INFO - DAG(s) 'example_xcom_args', 'example_xcom_args_with_operators' retrieved from /home/airflow/.local/lib/python3.8/site-packages/airflow/example_dags/example_xcomargs.py
[2025-04-05T14:20:15.923+0000] {logging_mixin.py:188} INFO - [2025-04-05T14:20:15.923+0000] {dag.py:3036} INFO - Sync 2 DAGs
[2025-04-05T14:20:15.938+0000] {logging_mixin.py:188} INFO - [2025-04-05T14:20:15.937+0000] {dag.py:3823} INFO - Setting next_dagrun for example_xcom_args to None, run_after=None
[2025-04-05T14:20:15.943+0000] {logging_mixin.py:188} INFO - [2025-04-05T14:20:15.943+0000] {dag.py:3823} INFO - Setting next_dagrun for example_xcom_args_with_operators to None, run_after=None
[2025-04-05T14:20:15.968+0000] {processor.py:183} INFO - Processing /home/airflow/.local/lib/python3.8/site-packages/airflow/example_dags/example_xcomargs.py took 0.086 seconds
[2025-04-05T14:20:46.212+0000] {processor.py:161} INFO - Started process (PID=1433) to work on /home/airflow/.local/lib/python3.8/site-packages/airflow/example_dags/example_xcomargs.py
[2025-04-05T14:20:46.213+0000] {processor.py:830} INFO - Processing file /home/airflow/.local/lib/python3.8/site-packages/airflow/example_dags/example_xcomargs.py for tasks to queue
[2025-04-05T14:20:46.215+0000] {logging_mixin.py:188} INFO - [2025-04-05T14:20:46.214+0000] {dagbag.py:538} INFO - Filling up the DagBag from /home/airflow/.local/lib/python3.8/site-packages/airflow/example_dags/example_xcomargs.py
[2025-04-05T14:20:46.224+0000] {processor.py:840} INFO - DAG(s) 'example_xcom_args', 'example_xcom_args_with_operators' retrieved from /home/airflow/.local/lib/python3.8/site-packages/airflow/example_dags/example_xcomargs.py
[2025-04-05T14:20:46.251+0000] {logging_mixin.py:188} INFO - [2025-04-05T14:20:46.250+0000] {dag.py:3036} INFO - Sync 2 DAGs
[2025-04-05T14:20:46.264+0000] {logging_mixin.py:188} INFO - [2025-04-05T14:20:46.264+0000] {dag.py:3823} INFO - Setting next_dagrun for example_xcom_args to None, run_after=None
[2025-04-05T14:20:46.269+0000] {logging_mixin.py:188} INFO - [2025-04-05T14:20:46.269+0000] {dag.py:3823} INFO - Setting next_dagrun for example_xcom_args_with_operators to None, run_after=None
[2025-04-05T14:20:46.290+0000] {processor.py:183} INFO - Processing /home/airflow/.local/lib/python3.8/site-packages/airflow/example_dags/example_xcomargs.py took 0.082 seconds
[2025-04-05T14:21:16.451+0000] {processor.py:161} INFO - Started process (PID=1680) to work on /home/airflow/.local/lib/python3.8/site-packages/airflow/example_dags/example_xcomargs.py
[2025-04-05T14:21:16.452+0000] {processor.py:830} INFO - Processing file /home/airflow/.local/lib/python3.8/site-packages/airflow/example_dags/example_xcomargs.py for tasks to queue
[2025-04-05T14:21:16.454+0000] {logging_mixin.py:188} INFO - [2025-04-05T14:21:16.453+0000] {dagbag.py:538} INFO - Filling up the DagBag from /home/airflow/.local/lib/python3.8/site-packages/airflow/example_dags/example_xcomargs.py
[2025-04-05T14:21:16.462+0000] {processor.py:840} INFO - DAG(s) 'example_xcom_args_with_operators', 'example_xcom_args' retrieved from /home/airflow/.local/lib/python3.8/site-packages/airflow/example_dags/example_xcomargs.py
[2025-04-05T14:21:16.486+0000] {logging_mixin.py:188} INFO - [2025-04-05T14:21:16.486+0000] {dag.py:3036} INFO - Sync 2 DAGs
[2025-04-05T14:21:16.498+0000] {logging_mixin.py:188} INFO - [2025-04-05T14:21:16.498+0000] {dag.py:3823} INFO - Setting next_dagrun for example_xcom_args to None, run_after=None
[2025-04-05T14:21:16.503+0000] {logging_mixin.py:188} INFO - [2025-04-05T14:21:16.503+0000] {dag.py:3823} INFO - Setting next_dagrun for example_xcom_args_with_operators to None, run_after=None
[2025-04-05T14:21:16.522+0000] {processor.py:183} INFO - Processing /home/airflow/.local/lib/python3.8/site-packages/airflow/example_dags/example_xcomargs.py took 0.074 seconds
[2025-04-05T14:21:46.732+0000] {processor.py:161} INFO - Started process (PID=1927) to work on /home/airflow/.local/lib/python3.8/site-packages/airflow/example_dags/example_xcomargs.py
[2025-04-05T14:21:46.734+0000] {processor.py:830} INFO - Processing file /home/airflow/.local/lib/python3.8/site-packages/airflow/example_dags/example_xcomargs.py for tasks to queue
[2025-04-05T14:21:46.736+0000] {logging_mixin.py:188} INFO - [2025-04-05T14:21:46.735+0000] {dagbag.py:538} INFO - Filling up the DagBag from /home/airflow/.local/lib/python3.8/site-packages/airflow/example_dags/example_xcomargs.py
[2025-04-05T14:21:46.745+0000] {processor.py:840} INFO - DAG(s) 'example_xcom_args', 'example_xcom_args_with_operators' retrieved from /home/airflow/.local/lib/python3.8/site-packages/airflow/example_dags/example_xcomargs.py
[2025-04-05T14:21:46.779+0000] {logging_mixin.py:188} INFO - [2025-04-05T14:21:46.779+0000] {dag.py:3036} INFO - Sync 2 DAGs
[2025-04-05T14:21:46.798+0000] {logging_mixin.py:188} INFO - [2025-04-05T14:21:46.798+0000] {dag.py:3823} INFO - Setting next_dagrun for example_xcom_args to None, run_after=None
[2025-04-05T14:21:46.806+0000] {logging_mixin.py:188} INFO - [2025-04-05T14:21:46.806+0000] {dag.py:3823} INFO - Setting next_dagrun for example_xcom_args_with_operators to None, run_after=None
[2025-04-05T14:21:46.836+0000] {processor.py:183} INFO - Processing /home/airflow/.local/lib/python3.8/site-packages/airflow/example_dags/example_xcomargs.py took 0.108 seconds
[2025-04-05T14:22:16.987+0000] {processor.py:161} INFO - Started process (PID=2175) to work on /home/airflow/.local/lib/python3.8/site-packages/airflow/example_dags/example_xcomargs.py
[2025-04-05T14:22:16.988+0000] {processor.py:830} INFO - Processing file /home/airflow/.local/lib/python3.8/site-packages/airflow/example_dags/example_xcomargs.py for tasks to queue
[2025-04-05T14:22:16.989+0000] {logging_mixin.py:188} INFO - [2025-04-05T14:22:16.989+0000] {dagbag.py:538} INFO - Filling up the DagBag from /home/airflow/.local/lib/python3.8/site-packages/airflow/example_dags/example_xcomargs.py
[2025-04-05T14:22:16.997+0000] {processor.py:840} INFO - DAG(s) 'example_xcom_args', 'example_xcom_args_with_operators' retrieved from /home/airflow/.local/lib/python3.8/site-packages/airflow/example_dags/example_xcomargs.py
[2025-04-05T14:22:17.023+0000] {logging_mixin.py:188} INFO - [2025-04-05T14:22:17.023+0000] {dag.py:3036} INFO - Sync 2 DAGs
[2025-04-05T14:22:17.037+0000] {logging_mixin.py:188} INFO - [2025-04-05T14:22:17.037+0000] {dag.py:3823} INFO - Setting next_dagrun for example_xcom_args to None, run_after=None
[2025-04-05T14:22:17.041+0000] {logging_mixin.py:188} INFO - [2025-04-05T14:22:17.041+0000] {dag.py:3823} INFO - Setting next_dagrun for example_xcom_args_with_operators to None, run_after=None
[2025-04-05T14:22:17.061+0000] {processor.py:183} INFO - Processing /home/airflow/.local/lib/python3.8/site-packages/airflow/example_dags/example_xcomargs.py took 0.078 seconds
[2025-04-05T14:22:47.419+0000] {processor.py:161} INFO - Started process (PID=2428) to work on /home/airflow/.local/lib/python3.8/site-packages/airflow/example_dags/example_xcomargs.py
[2025-04-05T14:22:47.420+0000] {processor.py:830} INFO - Processing file /home/airflow/.local/lib/python3.8/site-packages/airflow/example_dags/example_xcomargs.py for tasks to queue
[2025-04-05T14:22:47.421+0000] {logging_mixin.py:188} INFO - [2025-04-05T14:22:47.421+0000] {dagbag.py:538} INFO - Filling up the DagBag from /home/airflow/.local/lib/python3.8/site-packages/airflow/example_dags/example_xcomargs.py
[2025-04-05T14:22:47.430+0000] {processor.py:840} INFO - DAG(s) 'example_xcom_args', 'example_xcom_args_with_operators' retrieved from /home/airflow/.local/lib/python3.8/site-packages/airflow/example_dags/example_xcomargs.py
[2025-04-05T14:22:47.454+0000] {logging_mixin.py:188} INFO - [2025-04-05T14:22:47.454+0000] {dag.py:3036} INFO - Sync 2 DAGs
[2025-04-05T14:22:47.467+0000] {logging_mixin.py:188} INFO - [2025-04-05T14:22:47.466+0000] {dag.py:3823} INFO - Setting next_dagrun for example_xcom_args to None, run_after=None
[2025-04-05T14:22:47.471+0000] {logging_mixin.py:188} INFO - [2025-04-05T14:22:47.471+0000] {dag.py:3823} INFO - Setting next_dagrun for example_xcom_args_with_operators to None, run_after=None
[2025-04-05T14:22:47.492+0000] {processor.py:183} INFO - Processing /home/airflow/.local/lib/python3.8/site-packages/airflow/example_dags/example_xcomargs.py took 0.077 seconds
[2025-04-05T14:23:17.590+0000] {processor.py:161} INFO - Started process (PID=2675) to work on /home/airflow/.local/lib/python3.8/site-packages/airflow/example_dags/example_xcomargs.py
[2025-04-05T14:23:17.591+0000] {processor.py:830} INFO - Processing file /home/airflow/.local/lib/python3.8/site-packages/airflow/example_dags/example_xcomargs.py for tasks to queue
[2025-04-05T14:23:17.593+0000] {logging_mixin.py:188} INFO - [2025-04-05T14:23:17.592+0000] {dagbag.py:538} INFO - Filling up the DagBag from /home/airflow/.local/lib/python3.8/site-packages/airflow/example_dags/example_xcomargs.py
[2025-04-05T14:23:17.601+0000] {processor.py:840} INFO - DAG(s) 'example_xcom_args', 'example_xcom_args_with_operators' retrieved from /home/airflow/.local/lib/python3.8/site-packages/airflow/example_dags/example_xcomargs.py
[2025-04-05T14:23:17.623+0000] {logging_mixin.py:188} INFO - [2025-04-05T14:23:17.623+0000] {dag.py:3036} INFO - Sync 2 DAGs
[2025-04-05T14:23:17.635+0000] {logging_mixin.py:188} INFO - [2025-04-05T14:23:17.635+0000] {dag.py:3823} INFO - Setting next_dagrun for example_xcom_args to None, run_after=None
[2025-04-05T14:23:17.639+0000] {logging_mixin.py:188} INFO - [2025-04-05T14:23:17.639+0000] {dag.py:3823} INFO - Setting next_dagrun for example_xcom_args_with_operators to None, run_after=None
[2025-04-05T14:23:17.657+0000] {processor.py:183} INFO - Processing /home/airflow/.local/lib/python3.8/site-packages/airflow/example_dags/example_xcomargs.py took 0.070 seconds
[2025-04-05T14:23:47.771+0000] {processor.py:161} INFO - Started process (PID=2922) to work on /home/airflow/.local/lib/python3.8/site-packages/airflow/example_dags/example_xcomargs.py
[2025-04-05T14:23:47.772+0000] {processor.py:830} INFO - Processing file /home/airflow/.local/lib/python3.8/site-packages/airflow/example_dags/example_xcomargs.py for tasks to queue
[2025-04-05T14:23:47.774+0000] {logging_mixin.py:188} INFO - [2025-04-05T14:23:47.773+0000] {dagbag.py:538} INFO - Filling up the DagBag from /home/airflow/.local/lib/python3.8/site-packages/airflow/example_dags/example_xcomargs.py
[2025-04-05T14:23:47.782+0000] {processor.py:840} INFO - DAG(s) 'example_xcom_args_with_operators', 'example_xcom_args' retrieved from /home/airflow/.local/lib/python3.8/site-packages/airflow/example_dags/example_xcomargs.py
[2025-04-05T14:23:47.806+0000] {logging_mixin.py:188} INFO - [2025-04-05T14:23:47.806+0000] {dag.py:3036} INFO - Sync 2 DAGs
[2025-04-05T14:23:47.817+0000] {logging_mixin.py:188} INFO - [2025-04-05T14:23:47.817+0000] {dag.py:3823} INFO - Setting next_dagrun for example_xcom_args to None, run_after=None
[2025-04-05T14:23:47.823+0000] {logging_mixin.py:188} INFO - [2025-04-05T14:23:47.822+0000] {dag.py:3823} INFO - Setting next_dagrun for example_xcom_args_with_operators to None, run_after=None
[2025-04-05T14:23:47.842+0000] {processor.py:183} INFO - Processing /home/airflow/.local/lib/python3.8/site-packages/airflow/example_dags/example_xcomargs.py took 0.075 seconds
[2025-04-05T14:24:17.968+0000] {processor.py:161} INFO - Started process (PID=3171) to work on /home/airflow/.local/lib/python3.8/site-packages/airflow/example_dags/example_xcomargs.py
[2025-04-05T14:24:17.969+0000] {processor.py:830} INFO - Processing file /home/airflow/.local/lib/python3.8/site-packages/airflow/example_dags/example_xcomargs.py for tasks to queue
[2025-04-05T14:24:17.970+0000] {logging_mixin.py:188} INFO - [2025-04-05T14:24:17.969+0000] {dagbag.py:538} INFO - Filling up the DagBag from /home/airflow/.local/lib/python3.8/site-packages/airflow/example_dags/example_xcomargs.py
[2025-04-05T14:24:17.977+0000] {processor.py:840} INFO - DAG(s) 'example_xcom_args', 'example_xcom_args_with_operators' retrieved from /home/airflow/.local/lib/python3.8/site-packages/airflow/example_dags/example_xcomargs.py
[2025-04-05T14:24:18.000+0000] {logging_mixin.py:188} INFO - [2025-04-05T14:24:17.999+0000] {dag.py:3036} INFO - Sync 2 DAGs
[2025-04-05T14:24:18.010+0000] {logging_mixin.py:188} INFO - [2025-04-05T14:24:18.010+0000] {dag.py:3823} INFO - Setting next_dagrun for example_xcom_args to None, run_after=None
[2025-04-05T14:24:18.014+0000] {logging_mixin.py:188} INFO - [2025-04-05T14:24:18.013+0000] {dag.py:3823} INFO - Setting next_dagrun for example_xcom_args_with_operators to None, run_after=None
[2025-04-05T14:24:18.032+0000] {processor.py:183} INFO - Processing /home/airflow/.local/lib/python3.8/site-packages/airflow/example_dags/example_xcomargs.py took 0.067 seconds
[2025-04-05T14:24:48.143+0000] {processor.py:161} INFO - Started process (PID=3416) to work on /home/airflow/.local/lib/python3.8/site-packages/airflow/example_dags/example_xcomargs.py
[2025-04-05T14:24:48.144+0000] {processor.py:830} INFO - Processing file /home/airflow/.local/lib/python3.8/site-packages/airflow/example_dags/example_xcomargs.py for tasks to queue
[2025-04-05T14:24:48.146+0000] {logging_mixin.py:188} INFO - [2025-04-05T14:24:48.145+0000] {dagbag.py:538} INFO - Filling up the DagBag from /home/airflow/.local/lib/python3.8/site-packages/airflow/example_dags/example_xcomargs.py
[2025-04-05T14:24:48.156+0000] {processor.py:840} INFO - DAG(s) 'example_xcom_args_with_operators', 'example_xcom_args' retrieved from /home/airflow/.local/lib/python3.8/site-packages/airflow/example_dags/example_xcomargs.py
[2025-04-05T14:24:48.181+0000] {logging_mixin.py:188} INFO - [2025-04-05T14:24:48.180+0000] {dag.py:3036} INFO - Sync 2 DAGs
[2025-04-05T14:24:48.192+0000] {logging_mixin.py:188} INFO - [2025-04-05T14:24:48.192+0000] {dag.py:3823} INFO - Setting next_dagrun for example_xcom_args to None, run_after=None
[2025-04-05T14:24:48.196+0000] {logging_mixin.py:188} INFO - [2025-04-05T14:24:48.196+0000] {dag.py:3823} INFO - Setting next_dagrun for example_xcom_args_with_operators to None, run_after=None
[2025-04-05T14:24:48.215+0000] {processor.py:183} INFO - Processing /home/airflow/.local/lib/python3.8/site-packages/airflow/example_dags/example_xcomargs.py took 0.075 seconds
[2025-04-05T14:25:18.642+0000] {processor.py:161} INFO - Started process (PID=3663) to work on /home/airflow/.local/lib/python3.8/site-packages/airflow/example_dags/example_xcomargs.py
[2025-04-05T14:25:18.643+0000] {processor.py:830} INFO - Processing file /home/airflow/.local/lib/python3.8/site-packages/airflow/example_dags/example_xcomargs.py for tasks to queue
[2025-04-05T14:25:18.645+0000] {logging_mixin.py:188} INFO - [2025-04-05T14:25:18.644+0000] {dagbag.py:538} INFO - Filling up the DagBag from /home/airflow/.local/lib/python3.8/site-packages/airflow/example_dags/example_xcomargs.py
[2025-04-05T14:25:18.660+0000] {processor.py:840} INFO - DAG(s) 'example_xcom_args', 'example_xcom_args_with_operators' retrieved from /home/airflow/.local/lib/python3.8/site-packages/airflow/example_dags/example_xcomargs.py
[2025-04-05T14:25:18.695+0000] {logging_mixin.py:188} INFO - [2025-04-05T14:25:18.694+0000] {dag.py:3036} INFO - Sync 2 DAGs
[2025-04-05T14:25:18.708+0000] {logging_mixin.py:188} INFO - [2025-04-05T14:25:18.708+0000] {dag.py:3823} INFO - Setting next_dagrun for example_xcom_args to None, run_after=None
[2025-04-05T14:25:18.714+0000] {logging_mixin.py:188} INFO - [2025-04-05T14:25:18.713+0000] {dag.py:3823} INFO - Setting next_dagrun for example_xcom_args_with_operators to None, run_after=None
[2025-04-05T14:25:18.734+0000] {processor.py:183} INFO - Processing /home/airflow/.local/lib/python3.8/site-packages/airflow/example_dags/example_xcomargs.py took 0.096 seconds
[2025-04-05T14:25:49.002+0000] {processor.py:161} INFO - Started process (PID=3912) to work on /home/airflow/.local/lib/python3.8/site-packages/airflow/example_dags/example_xcomargs.py
[2025-04-05T14:25:49.003+0000] {processor.py:830} INFO - Processing file /home/airflow/.local/lib/python3.8/site-packages/airflow/example_dags/example_xcomargs.py for tasks to queue
[2025-04-05T14:25:49.004+0000] {logging_mixin.py:188} INFO - [2025-04-05T14:25:49.004+0000] {dagbag.py:538} INFO - Filling up the DagBag from /home/airflow/.local/lib/python3.8/site-packages/airflow/example_dags/example_xcomargs.py
[2025-04-05T14:25:49.011+0000] {processor.py:840} INFO - DAG(s) 'example_xcom_args', 'example_xcom_args_with_operators' retrieved from /home/airflow/.local/lib/python3.8/site-packages/airflow/example_dags/example_xcomargs.py
[2025-04-05T14:25:49.033+0000] {logging_mixin.py:188} INFO - [2025-04-05T14:25:49.033+0000] {dag.py:3036} INFO - Sync 2 DAGs
[2025-04-05T14:25:49.045+0000] {logging_mixin.py:188} INFO - [2025-04-05T14:25:49.044+0000] {dag.py:3823} INFO - Setting next_dagrun for example_xcom_args to None, run_after=None
[2025-04-05T14:25:49.049+0000] {logging_mixin.py:188} INFO - [2025-04-05T14:25:49.049+0000] {dag.py:3823} INFO - Setting next_dagrun for example_xcom_args_with_operators to None, run_after=None
[2025-04-05T14:25:49.067+0000] {processor.py:183} INFO - Processing /home/airflow/.local/lib/python3.8/site-packages/airflow/example_dags/example_xcomargs.py took 0.068 seconds
[2025-04-05T14:26:19.651+0000] {processor.py:161} INFO - Started process (PID=4157) to work on /home/airflow/.local/lib/python3.8/site-packages/airflow/example_dags/example_xcomargs.py
[2025-04-05T14:26:19.652+0000] {processor.py:830} INFO - Processing file /home/airflow/.local/lib/python3.8/site-packages/airflow/example_dags/example_xcomargs.py for tasks to queue
[2025-04-05T14:26:19.653+0000] {logging_mixin.py:188} INFO - [2025-04-05T14:26:19.653+0000] {dagbag.py:538} INFO - Filling up the DagBag from /home/airflow/.local/lib/python3.8/site-packages/airflow/example_dags/example_xcomargs.py
[2025-04-05T14:26:19.661+0000] {processor.py:840} INFO - DAG(s) 'example_xcom_args_with_operators', 'example_xcom_args' retrieved from /home/airflow/.local/lib/python3.8/site-packages/airflow/example_dags/example_xcomargs.py
[2025-04-05T14:26:19.689+0000] {logging_mixin.py:188} INFO - [2025-04-05T14:26:19.688+0000] {dag.py:3036} INFO - Sync 2 DAGs
[2025-04-05T14:26:19.700+0000] {logging_mixin.py:188} INFO - [2025-04-05T14:26:19.700+0000] {dag.py:3823} INFO - Setting next_dagrun for example_xcom_args to None, run_after=None
[2025-04-05T14:26:19.704+0000] {logging_mixin.py:188} INFO - [2025-04-05T14:26:19.704+0000] {dag.py:3823} INFO - Setting next_dagrun for example_xcom_args_with_operators to None, run_after=None
[2025-04-05T14:26:19.721+0000] {processor.py:183} INFO - Processing /home/airflow/.local/lib/python3.8/site-packages/airflow/example_dags/example_xcomargs.py took 0.073 seconds
[2025-04-05T14:26:49.842+0000] {processor.py:161} INFO - Started process (PID=4406) to work on /home/airflow/.local/lib/python3.8/site-packages/airflow/example_dags/example_xcomargs.py
[2025-04-05T14:26:49.843+0000] {processor.py:830} INFO - Processing file /home/airflow/.local/lib/python3.8/site-packages/airflow/example_dags/example_xcomargs.py for tasks to queue
[2025-04-05T14:26:49.844+0000] {logging_mixin.py:188} INFO - [2025-04-05T14:26:49.844+0000] {dagbag.py:538} INFO - Filling up the DagBag from /home/airflow/.local/lib/python3.8/site-packages/airflow/example_dags/example_xcomargs.py
[2025-04-05T14:26:49.851+0000] {processor.py:840} INFO - DAG(s) 'example_xcom_args', 'example_xcom_args_with_operators' retrieved from /home/airflow/.local/lib/python3.8/site-packages/airflow/example_dags/example_xcomargs.py
[2025-04-05T14:26:49.874+0000] {logging_mixin.py:188} INFO - [2025-04-05T14:26:49.874+0000] {dag.py:3036} INFO - Sync 2 DAGs
[2025-04-05T14:26:49.886+0000] {logging_mixin.py:188} INFO - [2025-04-05T14:26:49.886+0000] {dag.py:3823} INFO - Setting next_dagrun for example_xcom_args to None, run_after=None
[2025-04-05T14:26:49.891+0000] {logging_mixin.py:188} INFO - [2025-04-05T14:26:49.890+0000] {dag.py:3823} INFO - Setting next_dagrun for example_xcom_args_with_operators to None, run_after=None
[2025-04-05T14:26:49.911+0000] {processor.py:183} INFO - Processing /home/airflow/.local/lib/python3.8/site-packages/airflow/example_dags/example_xcomargs.py took 0.072 seconds
[2025-04-05T14:28:34.411+0000] {processor.py:161} INFO - Started process (PID=192) to work on /home/airflow/.local/lib/python3.8/site-packages/airflow/example_dags/example_xcomargs.py
[2025-04-05T14:28:34.413+0000] {processor.py:830} INFO - Processing file /home/airflow/.local/lib/python3.8/site-packages/airflow/example_dags/example_xcomargs.py for tasks to queue
[2025-04-05T14:28:34.414+0000] {logging_mixin.py:188} INFO - [2025-04-05T14:28:34.413+0000] {dagbag.py:538} INFO - Filling up the DagBag from /home/airflow/.local/lib/python3.8/site-packages/airflow/example_dags/example_xcomargs.py
[2025-04-05T14:28:34.424+0000] {processor.py:840} INFO - DAG(s) 'example_xcom_args_with_operators', 'example_xcom_args' retrieved from /home/airflow/.local/lib/python3.8/site-packages/airflow/example_dags/example_xcomargs.py
[2025-04-05T14:28:34.438+0000] {logging_mixin.py:188} INFO - [2025-04-05T14:28:34.437+0000] {dag.py:3036} INFO - Sync 2 DAGs
[2025-04-05T14:28:34.460+0000] {logging_mixin.py:188} INFO - [2025-04-05T14:28:34.459+0000] {dag.py:3823} INFO - Setting next_dagrun for example_xcom_args to None, run_after=None
[2025-04-05T14:28:34.465+0000] {logging_mixin.py:188} INFO - [2025-04-05T14:28:34.465+0000] {dag.py:3823} INFO - Setting next_dagrun for example_xcom_args_with_operators to None, run_after=None
[2025-04-05T14:28:34.489+0000] {processor.py:183} INFO - Processing /home/airflow/.local/lib/python3.8/site-packages/airflow/example_dags/example_xcomargs.py took 0.081 seconds
[2025-04-05T14:29:05.225+0000] {processor.py:161} INFO - Started process (PID=439) to work on /home/airflow/.local/lib/python3.8/site-packages/airflow/example_dags/example_xcomargs.py
[2025-04-05T14:29:05.227+0000] {processor.py:830} INFO - Processing file /home/airflow/.local/lib/python3.8/site-packages/airflow/example_dags/example_xcomargs.py for tasks to queue
[2025-04-05T14:29:05.228+0000] {logging_mixin.py:188} INFO - [2025-04-05T14:29:05.228+0000] {dagbag.py:538} INFO - Filling up the DagBag from /home/airflow/.local/lib/python3.8/site-packages/airflow/example_dags/example_xcomargs.py
[2025-04-05T14:29:05.236+0000] {processor.py:840} INFO - DAG(s) 'example_xcom_args', 'example_xcom_args_with_operators' retrieved from /home/airflow/.local/lib/python3.8/site-packages/airflow/example_dags/example_xcomargs.py
[2025-04-05T14:29:05.344+0000] {logging_mixin.py:188} INFO - [2025-04-05T14:29:05.344+0000] {dag.py:3036} INFO - Sync 2 DAGs
[2025-04-05T14:29:05.357+0000] {logging_mixin.py:188} INFO - [2025-04-05T14:29:05.356+0000] {dag.py:3823} INFO - Setting next_dagrun for example_xcom_args to None, run_after=None
[2025-04-05T14:29:05.360+0000] {logging_mixin.py:188} INFO - [2025-04-05T14:29:05.360+0000] {dag.py:3823} INFO - Setting next_dagrun for example_xcom_args_with_operators to None, run_after=None
[2025-04-05T14:29:05.376+0000] {processor.py:183} INFO - Processing /home/airflow/.local/lib/python3.8/site-packages/airflow/example_dags/example_xcomargs.py took 0.154 seconds
[2025-04-05T14:29:35.927+0000] {processor.py:161} INFO - Started process (PID=694) to work on /home/airflow/.local/lib/python3.8/site-packages/airflow/example_dags/example_xcomargs.py
[2025-04-05T14:29:35.928+0000] {processor.py:830} INFO - Processing file /home/airflow/.local/lib/python3.8/site-packages/airflow/example_dags/example_xcomargs.py for tasks to queue
[2025-04-05T14:29:35.929+0000] {logging_mixin.py:188} INFO - [2025-04-05T14:29:35.928+0000] {dagbag.py:538} INFO - Filling up the DagBag from /home/airflow/.local/lib/python3.8/site-packages/airflow/example_dags/example_xcomargs.py
[2025-04-05T14:29:35.936+0000] {processor.py:840} INFO - DAG(s) 'example_xcom_args_with_operators', 'example_xcom_args' retrieved from /home/airflow/.local/lib/python3.8/site-packages/airflow/example_dags/example_xcomargs.py
[2025-04-05T14:29:35.958+0000] {logging_mixin.py:188} INFO - [2025-04-05T14:29:35.958+0000] {dag.py:3036} INFO - Sync 2 DAGs
[2025-04-05T14:29:35.969+0000] {logging_mixin.py:188} INFO - [2025-04-05T14:29:35.968+0000] {dag.py:3823} INFO - Setting next_dagrun for example_xcom_args to None, run_after=None
[2025-04-05T14:29:35.972+0000] {logging_mixin.py:188} INFO - [2025-04-05T14:29:35.972+0000] {dag.py:3823} INFO - Setting next_dagrun for example_xcom_args_with_operators to None, run_after=None
[2025-04-05T14:29:35.989+0000] {processor.py:183} INFO - Processing /home/airflow/.local/lib/python3.8/site-packages/airflow/example_dags/example_xcomargs.py took 0.065 seconds
[2025-04-05T14:30:06.171+0000] {processor.py:161} INFO - Started process (PID=939) to work on /home/airflow/.local/lib/python3.8/site-packages/airflow/example_dags/example_xcomargs.py
[2025-04-05T14:30:06.172+0000] {processor.py:830} INFO - Processing file /home/airflow/.local/lib/python3.8/site-packages/airflow/example_dags/example_xcomargs.py for tasks to queue
[2025-04-05T14:30:06.173+0000] {logging_mixin.py:188} INFO - [2025-04-05T14:30:06.173+0000] {dagbag.py:538} INFO - Filling up the DagBag from /home/airflow/.local/lib/python3.8/site-packages/airflow/example_dags/example_xcomargs.py
[2025-04-05T14:30:06.185+0000] {processor.py:840} INFO - DAG(s) 'example_xcom_args_with_operators', 'example_xcom_args' retrieved from /home/airflow/.local/lib/python3.8/site-packages/airflow/example_dags/example_xcomargs.py
[2025-04-05T14:30:06.210+0000] {logging_mixin.py:188} INFO - [2025-04-05T14:30:06.210+0000] {dag.py:3036} INFO - Sync 2 DAGs
[2025-04-05T14:30:06.223+0000] {logging_mixin.py:188} INFO - [2025-04-05T14:30:06.222+0000] {dag.py:3823} INFO - Setting next_dagrun for example_xcom_args to None, run_after=None
[2025-04-05T14:30:06.228+0000] {logging_mixin.py:188} INFO - [2025-04-05T14:30:06.228+0000] {dag.py:3823} INFO - Setting next_dagrun for example_xcom_args_with_operators to None, run_after=None
[2025-04-05T14:30:06.260+0000] {processor.py:183} INFO - Processing /home/airflow/.local/lib/python3.8/site-packages/airflow/example_dags/example_xcomargs.py took 0.093 seconds
[2025-04-05T14:30:36.577+0000] {processor.py:161} INFO - Started process (PID=1186) to work on /home/airflow/.local/lib/python3.8/site-packages/airflow/example_dags/example_xcomargs.py
[2025-04-05T14:30:36.578+0000] {processor.py:830} INFO - Processing file /home/airflow/.local/lib/python3.8/site-packages/airflow/example_dags/example_xcomargs.py for tasks to queue
[2025-04-05T14:30:36.579+0000] {logging_mixin.py:188} INFO - [2025-04-05T14:30:36.578+0000] {dagbag.py:538} INFO - Filling up the DagBag from /home/airflow/.local/lib/python3.8/site-packages/airflow/example_dags/example_xcomargs.py
[2025-04-05T14:30:36.588+0000] {processor.py:840} INFO - DAG(s) 'example_xcom_args', 'example_xcom_args_with_operators' retrieved from /home/airflow/.local/lib/python3.8/site-packages/airflow/example_dags/example_xcomargs.py
[2025-04-05T14:30:36.611+0000] {logging_mixin.py:188} INFO - [2025-04-05T14:30:36.611+0000] {dag.py:3036} INFO - Sync 2 DAGs
[2025-04-05T14:30:36.623+0000] {logging_mixin.py:188} INFO - [2025-04-05T14:30:36.623+0000] {dag.py:3823} INFO - Setting next_dagrun for example_xcom_args to None, run_after=None
[2025-04-05T14:30:36.627+0000] {logging_mixin.py:188} INFO - [2025-04-05T14:30:36.627+0000] {dag.py:3823} INFO - Setting next_dagrun for example_xcom_args_with_operators to None, run_after=None
[2025-04-05T14:30:36.645+0000] {processor.py:183} INFO - Processing /home/airflow/.local/lib/python3.8/site-packages/airflow/example_dags/example_xcomargs.py took 0.072 seconds
[2025-04-05T14:31:07.363+0000] {processor.py:161} INFO - Started process (PID=1434) to work on /home/airflow/.local/lib/python3.8/site-packages/airflow/example_dags/example_xcomargs.py
[2025-04-05T14:31:07.364+0000] {processor.py:830} INFO - Processing file /home/airflow/.local/lib/python3.8/site-packages/airflow/example_dags/example_xcomargs.py for tasks to queue
[2025-04-05T14:31:07.365+0000] {logging_mixin.py:188} INFO - [2025-04-05T14:31:07.365+0000] {dagbag.py:538} INFO - Filling up the DagBag from /home/airflow/.local/lib/python3.8/site-packages/airflow/example_dags/example_xcomargs.py
[2025-04-05T14:31:07.373+0000] {processor.py:840} INFO - DAG(s) 'example_xcom_args', 'example_xcom_args_with_operators' retrieved from /home/airflow/.local/lib/python3.8/site-packages/airflow/example_dags/example_xcomargs.py
[2025-04-05T14:31:07.394+0000] {logging_mixin.py:188} INFO - [2025-04-05T14:31:07.394+0000] {dag.py:3036} INFO - Sync 2 DAGs
[2025-04-05T14:31:07.406+0000] {logging_mixin.py:188} INFO - [2025-04-05T14:31:07.406+0000] {dag.py:3823} INFO - Setting next_dagrun for example_xcom_args to None, run_after=None
[2025-04-05T14:31:07.411+0000] {logging_mixin.py:188} INFO - [2025-04-05T14:31:07.410+0000] {dag.py:3823} INFO - Setting next_dagrun for example_xcom_args_with_operators to None, run_after=None
[2025-04-05T14:31:07.428+0000] {processor.py:183} INFO - Processing /home/airflow/.local/lib/python3.8/site-packages/airflow/example_dags/example_xcomargs.py took 0.068 seconds
[2025-04-05T14:31:37.795+0000] {processor.py:161} INFO - Started process (PID=1680) to work on /home/airflow/.local/lib/python3.8/site-packages/airflow/example_dags/example_xcomargs.py
[2025-04-05T14:31:37.797+0000] {processor.py:830} INFO - Processing file /home/airflow/.local/lib/python3.8/site-packages/airflow/example_dags/example_xcomargs.py for tasks to queue
[2025-04-05T14:31:37.798+0000] {logging_mixin.py:188} INFO - [2025-04-05T14:31:37.798+0000] {dagbag.py:538} INFO - Filling up the DagBag from /home/airflow/.local/lib/python3.8/site-packages/airflow/example_dags/example_xcomargs.py
[2025-04-05T14:31:37.806+0000] {processor.py:840} INFO - DAG(s) 'example_xcom_args', 'example_xcom_args_with_operators' retrieved from /home/airflow/.local/lib/python3.8/site-packages/airflow/example_dags/example_xcomargs.py
[2025-04-05T14:31:37.831+0000] {logging_mixin.py:188} INFO - [2025-04-05T14:31:37.831+0000] {dag.py:3036} INFO - Sync 2 DAGs
[2025-04-05T14:31:37.845+0000] {logging_mixin.py:188} INFO - [2025-04-05T14:31:37.844+0000] {dag.py:3823} INFO - Setting next_dagrun for example_xcom_args to None, run_after=None
[2025-04-05T14:31:37.848+0000] {logging_mixin.py:188} INFO - [2025-04-05T14:31:37.848+0000] {dag.py:3823} INFO - Setting next_dagrun for example_xcom_args_with_operators to None, run_after=None
[2025-04-05T14:31:37.867+0000] {processor.py:183} INFO - Processing /home/airflow/.local/lib/python3.8/site-packages/airflow/example_dags/example_xcomargs.py took 0.074 seconds
[2025-04-05T14:32:07.941+0000] {processor.py:161} INFO - Started process (PID=1927) to work on /home/airflow/.local/lib/python3.8/site-packages/airflow/example_dags/example_xcomargs.py
[2025-04-05T14:32:07.942+0000] {processor.py:830} INFO - Processing file /home/airflow/.local/lib/python3.8/site-packages/airflow/example_dags/example_xcomargs.py for tasks to queue
[2025-04-05T14:32:07.943+0000] {logging_mixin.py:188} INFO - [2025-04-05T14:32:07.942+0000] {dagbag.py:538} INFO - Filling up the DagBag from /home/airflow/.local/lib/python3.8/site-packages/airflow/example_dags/example_xcomargs.py
[2025-04-05T14:32:07.950+0000] {processor.py:840} INFO - DAG(s) 'example_xcom_args_with_operators', 'example_xcom_args' retrieved from /home/airflow/.local/lib/python3.8/site-packages/airflow/example_dags/example_xcomargs.py
[2025-04-05T14:32:07.974+0000] {logging_mixin.py:188} INFO - [2025-04-05T14:32:07.974+0000] {dag.py:3036} INFO - Sync 2 DAGs
[2025-04-05T14:32:07.985+0000] {logging_mixin.py:188} INFO - [2025-04-05T14:32:07.985+0000] {dag.py:3823} INFO - Setting next_dagrun for example_xcom_args to None, run_after=None
[2025-04-05T14:32:07.989+0000] {logging_mixin.py:188} INFO - [2025-04-05T14:32:07.989+0000] {dag.py:3823} INFO - Setting next_dagrun for example_xcom_args_with_operators to None, run_after=None
[2025-04-05T14:32:08.009+0000] {processor.py:183} INFO - Processing /home/airflow/.local/lib/python3.8/site-packages/airflow/example_dags/example_xcomargs.py took 0.072 seconds
[2025-04-05T14:32:38.107+0000] {processor.py:161} INFO - Started process (PID=2174) to work on /home/airflow/.local/lib/python3.8/site-packages/airflow/example_dags/example_xcomargs.py
[2025-04-05T14:32:38.108+0000] {processor.py:830} INFO - Processing file /home/airflow/.local/lib/python3.8/site-packages/airflow/example_dags/example_xcomargs.py for tasks to queue
[2025-04-05T14:32:38.109+0000] {logging_mixin.py:188} INFO - [2025-04-05T14:32:38.108+0000] {dagbag.py:538} INFO - Filling up the DagBag from /home/airflow/.local/lib/python3.8/site-packages/airflow/example_dags/example_xcomargs.py
[2025-04-05T14:32:38.116+0000] {processor.py:840} INFO - DAG(s) 'example_xcom_args_with_operators', 'example_xcom_args' retrieved from /home/airflow/.local/lib/python3.8/site-packages/airflow/example_dags/example_xcomargs.py
[2025-04-05T14:32:38.140+0000] {logging_mixin.py:188} INFO - [2025-04-05T14:32:38.139+0000] {dag.py:3036} INFO - Sync 2 DAGs
[2025-04-05T14:32:38.150+0000] {logging_mixin.py:188} INFO - [2025-04-05T14:32:38.150+0000] {dag.py:3823} INFO - Setting next_dagrun for example_xcom_args to None, run_after=None
[2025-04-05T14:32:38.155+0000] {logging_mixin.py:188} INFO - [2025-04-05T14:32:38.154+0000] {dag.py:3823} INFO - Setting next_dagrun for example_xcom_args_with_operators to None, run_after=None
[2025-04-05T14:32:38.174+0000] {processor.py:183} INFO - Processing /home/airflow/.local/lib/python3.8/site-packages/airflow/example_dags/example_xcomargs.py took 0.070 seconds
[2025-04-05T14:33:08.638+0000] {processor.py:161} INFO - Started process (PID=2421) to work on /home/airflow/.local/lib/python3.8/site-packages/airflow/example_dags/example_xcomargs.py
[2025-04-05T14:33:08.639+0000] {processor.py:830} INFO - Processing file /home/airflow/.local/lib/python3.8/site-packages/airflow/example_dags/example_xcomargs.py for tasks to queue
[2025-04-05T14:33:08.640+0000] {logging_mixin.py:188} INFO - [2025-04-05T14:33:08.640+0000] {dagbag.py:538} INFO - Filling up the DagBag from /home/airflow/.local/lib/python3.8/site-packages/airflow/example_dags/example_xcomargs.py
[2025-04-05T14:33:08.648+0000] {processor.py:840} INFO - DAG(s) 'example_xcom_args_with_operators', 'example_xcom_args' retrieved from /home/airflow/.local/lib/python3.8/site-packages/airflow/example_dags/example_xcomargs.py
[2025-04-05T14:33:08.674+0000] {logging_mixin.py:188} INFO - [2025-04-05T14:33:08.674+0000] {dag.py:3036} INFO - Sync 2 DAGs
[2025-04-05T14:33:08.687+0000] {logging_mixin.py:188} INFO - [2025-04-05T14:33:08.687+0000] {dag.py:3823} INFO - Setting next_dagrun for example_xcom_args to None, run_after=None
[2025-04-05T14:33:08.692+0000] {logging_mixin.py:188} INFO - [2025-04-05T14:33:08.692+0000] {dag.py:3823} INFO - Setting next_dagrun for example_xcom_args_with_operators to None, run_after=None
[2025-04-05T14:33:08.710+0000] {processor.py:183} INFO - Processing /home/airflow/.local/lib/python3.8/site-packages/airflow/example_dags/example_xcomargs.py took 0.075 seconds
[2025-04-05T14:33:38.815+0000] {processor.py:161} INFO - Started process (PID=2668) to work on /home/airflow/.local/lib/python3.8/site-packages/airflow/example_dags/example_xcomargs.py
[2025-04-05T14:33:38.816+0000] {processor.py:830} INFO - Processing file /home/airflow/.local/lib/python3.8/site-packages/airflow/example_dags/example_xcomargs.py for tasks to queue
[2025-04-05T14:33:38.817+0000] {logging_mixin.py:188} INFO - [2025-04-05T14:33:38.816+0000] {dagbag.py:538} INFO - Filling up the DagBag from /home/airflow/.local/lib/python3.8/site-packages/airflow/example_dags/example_xcomargs.py
[2025-04-05T14:33:38.824+0000] {processor.py:840} INFO - DAG(s) 'example_xcom_args_with_operators', 'example_xcom_args' retrieved from /home/airflow/.local/lib/python3.8/site-packages/airflow/example_dags/example_xcomargs.py
[2025-04-05T14:33:38.848+0000] {logging_mixin.py:188} INFO - [2025-04-05T14:33:38.848+0000] {dag.py:3036} INFO - Sync 2 DAGs
[2025-04-05T14:33:38.860+0000] {logging_mixin.py:188} INFO - [2025-04-05T14:33:38.859+0000] {dag.py:3823} INFO - Setting next_dagrun for example_xcom_args to None, run_after=None
[2025-04-05T14:33:38.863+0000] {logging_mixin.py:188} INFO - [2025-04-05T14:33:38.863+0000] {dag.py:3823} INFO - Setting next_dagrun for example_xcom_args_with_operators to None, run_after=None
[2025-04-05T14:33:38.909+0000] {processor.py:183} INFO - Processing /home/airflow/.local/lib/python3.8/site-packages/airflow/example_dags/example_xcomargs.py took 0.097 seconds
[2025-04-05T14:34:09.160+0000] {processor.py:161} INFO - Started process (PID=2917) to work on /home/airflow/.local/lib/python3.8/site-packages/airflow/example_dags/example_xcomargs.py
[2025-04-05T14:34:09.161+0000] {processor.py:830} INFO - Processing file /home/airflow/.local/lib/python3.8/site-packages/airflow/example_dags/example_xcomargs.py for tasks to queue
[2025-04-05T14:34:09.163+0000] {logging_mixin.py:188} INFO - [2025-04-05T14:34:09.162+0000] {dagbag.py:538} INFO - Filling up the DagBag from /home/airflow/.local/lib/python3.8/site-packages/airflow/example_dags/example_xcomargs.py
[2025-04-05T14:34:09.169+0000] {processor.py:840} INFO - DAG(s) 'example_xcom_args', 'example_xcom_args_with_operators' retrieved from /home/airflow/.local/lib/python3.8/site-packages/airflow/example_dags/example_xcomargs.py
[2025-04-05T14:34:09.194+0000] {logging_mixin.py:188} INFO - [2025-04-05T14:34:09.194+0000] {dag.py:3036} INFO - Sync 2 DAGs
[2025-04-05T14:34:09.206+0000] {logging_mixin.py:188} INFO - [2025-04-05T14:34:09.206+0000] {dag.py:3823} INFO - Setting next_dagrun for example_xcom_args to None, run_after=None
[2025-04-05T14:34:09.210+0000] {logging_mixin.py:188} INFO - [2025-04-05T14:34:09.210+0000] {dag.py:3823} INFO - Setting next_dagrun for example_xcom_args_with_operators to None, run_after=None
[2025-04-05T14:34:09.228+0000] {processor.py:183} INFO - Processing /home/airflow/.local/lib/python3.8/site-packages/airflow/example_dags/example_xcomargs.py took 0.071 seconds
[2025-04-05T14:34:39.312+0000] {processor.py:161} INFO - Started process (PID=3162) to work on /home/airflow/.local/lib/python3.8/site-packages/airflow/example_dags/example_xcomargs.py
[2025-04-05T14:34:39.313+0000] {processor.py:830} INFO - Processing file /home/airflow/.local/lib/python3.8/site-packages/airflow/example_dags/example_xcomargs.py for tasks to queue
[2025-04-05T14:34:39.314+0000] {logging_mixin.py:188} INFO - [2025-04-05T14:34:39.313+0000] {dagbag.py:538} INFO - Filling up the DagBag from /home/airflow/.local/lib/python3.8/site-packages/airflow/example_dags/example_xcomargs.py
[2025-04-05T14:34:39.324+0000] {processor.py:840} INFO - DAG(s) 'example_xcom_args', 'example_xcom_args_with_operators' retrieved from /home/airflow/.local/lib/python3.8/site-packages/airflow/example_dags/example_xcomargs.py
[2025-04-05T14:34:39.348+0000] {logging_mixin.py:188} INFO - [2025-04-05T14:34:39.348+0000] {dag.py:3036} INFO - Sync 2 DAGs
[2025-04-05T14:34:39.364+0000] {logging_mixin.py:188} INFO - [2025-04-05T14:34:39.363+0000] {dag.py:3823} INFO - Setting next_dagrun for example_xcom_args to None, run_after=None
[2025-04-05T14:34:39.368+0000] {logging_mixin.py:188} INFO - [2025-04-05T14:34:39.367+0000] {dag.py:3823} INFO - Setting next_dagrun for example_xcom_args_with_operators to None, run_after=None
[2025-04-05T14:34:39.385+0000] {processor.py:183} INFO - Processing /home/airflow/.local/lib/python3.8/site-packages/airflow/example_dags/example_xcomargs.py took 0.077 seconds
[2025-04-05T16:41:01.751+0000] {processor.py:161} INFO - Started process (PID=395) to work on /home/airflow/.local/lib/python3.8/site-packages/airflow/example_dags/example_xcomargs.py
[2025-04-05T16:41:01.752+0000] {processor.py:830} INFO - Processing file /home/airflow/.local/lib/python3.8/site-packages/airflow/example_dags/example_xcomargs.py for tasks to queue
[2025-04-05T16:41:01.754+0000] {logging_mixin.py:188} INFO - [2025-04-05T16:41:01.753+0000] {dagbag.py:538} INFO - Filling up the DagBag from /home/airflow/.local/lib/python3.8/site-packages/airflow/example_dags/example_xcomargs.py
[2025-04-05T16:41:01.765+0000] {processor.py:840} INFO - DAG(s) 'example_xcom_args_with_operators', 'example_xcom_args' retrieved from /home/airflow/.local/lib/python3.8/site-packages/airflow/example_dags/example_xcomargs.py
[2025-04-05T16:41:01.997+0000] {logging_mixin.py:188} INFO - [2025-04-05T16:41:01.996+0000] {override.py:1769} INFO - Created Permission View: can edit on DAG:example_xcom_args_with_operators
[2025-04-05T16:41:02.019+0000] {logging_mixin.py:188} INFO - [2025-04-05T16:41:02.018+0000] {override.py:1769} INFO - Created Permission View: can delete on DAG:example_xcom_args_with_operators
[2025-04-05T16:41:02.047+0000] {logging_mixin.py:188} INFO - [2025-04-05T16:41:02.046+0000] {override.py:1769} INFO - Created Permission View: can read on DAG:example_xcom_args_with_operators
[2025-04-05T16:41:02.115+0000] {logging_mixin.py:188} INFO - [2025-04-05T16:41:02.114+0000] {override.py:1769} INFO - Created Permission View: can edit on DAG:example_xcom_args
[2025-04-05T16:41:02.191+0000] {logging_mixin.py:188} INFO - [2025-04-05T16:41:02.191+0000] {override.py:1769} INFO - Created Permission View: can delete on DAG:example_xcom_args
[2025-04-05T16:41:02.213+0000] {logging_mixin.py:188} INFO - [2025-04-05T16:41:02.212+0000] {override.py:1769} INFO - Created Permission View: can read on DAG:example_xcom_args
[2025-04-05T16:41:02.215+0000] {logging_mixin.py:188} INFO - [2025-04-05T16:41:02.214+0000] {dag.py:3036} INFO - Sync 2 DAGs
[2025-04-05T16:41:02.245+0000] {logging_mixin.py:188} INFO - [2025-04-05T16:41:02.244+0000] {dag.py:3058} INFO - Creating ORM DAG for example_xcom_args_with_operators
[2025-04-05T16:41:02.247+0000] {logging_mixin.py:188} INFO - [2025-04-05T16:41:02.246+0000] {dag.py:3058} INFO - Creating ORM DAG for example_xcom_args
[2025-04-05T16:41:02.249+0000] {logging_mixin.py:188} INFO - [2025-04-05T16:41:02.248+0000] {dag.py:3823} INFO - Setting next_dagrun for example_xcom_args to None, run_after=None
[2025-04-05T16:41:02.251+0000] {logging_mixin.py:188} INFO - [2025-04-05T16:41:02.250+0000] {dag.py:3823} INFO - Setting next_dagrun for example_xcom_args_with_operators to None, run_after=None
[2025-04-05T16:41:02.286+0000] {processor.py:183} INFO - Processing /home/airflow/.local/lib/python3.8/site-packages/airflow/example_dags/example_xcomargs.py took 0.539 seconds
[2025-04-05T16:41:33.280+0000] {processor.py:161} INFO - Started process (PID=645) to work on /home/airflow/.local/lib/python3.8/site-packages/airflow/example_dags/example_xcomargs.py
[2025-04-05T16:41:33.282+0000] {processor.py:830} INFO - Processing file /home/airflow/.local/lib/python3.8/site-packages/airflow/example_dags/example_xcomargs.py for tasks to queue
[2025-04-05T16:41:33.283+0000] {logging_mixin.py:188} INFO - [2025-04-05T16:41:33.283+0000] {dagbag.py:538} INFO - Filling up the DagBag from /home/airflow/.local/lib/python3.8/site-packages/airflow/example_dags/example_xcomargs.py
[2025-04-05T16:41:33.293+0000] {processor.py:840} INFO - DAG(s) 'example_xcom_args_with_operators', 'example_xcom_args' retrieved from /home/airflow/.local/lib/python3.8/site-packages/airflow/example_dags/example_xcomargs.py
[2025-04-05T16:41:33.317+0000] {logging_mixin.py:188} INFO - [2025-04-05T16:41:33.317+0000] {dag.py:3036} INFO - Sync 2 DAGs
[2025-04-05T16:41:33.337+0000] {logging_mixin.py:188} INFO - [2025-04-05T16:41:33.336+0000] {dag.py:3823} INFO - Setting next_dagrun for example_xcom_args to None, run_after=None
[2025-04-05T16:41:33.345+0000] {logging_mixin.py:188} INFO - [2025-04-05T16:41:33.345+0000] {dag.py:3823} INFO - Setting next_dagrun for example_xcom_args_with_operators to None, run_after=None
[2025-04-05T16:41:33.383+0000] {processor.py:183} INFO - Processing /home/airflow/.local/lib/python3.8/site-packages/airflow/example_dags/example_xcomargs.py took 0.106 seconds
[2025-04-05T16:42:03.949+0000] {processor.py:161} INFO - Started process (PID=892) to work on /home/airflow/.local/lib/python3.8/site-packages/airflow/example_dags/example_xcomargs.py
[2025-04-05T16:42:03.951+0000] {processor.py:830} INFO - Processing file /home/airflow/.local/lib/python3.8/site-packages/airflow/example_dags/example_xcomargs.py for tasks to queue
[2025-04-05T16:42:03.953+0000] {logging_mixin.py:188} INFO - [2025-04-05T16:42:03.953+0000] {dagbag.py:538} INFO - Filling up the DagBag from /home/airflow/.local/lib/python3.8/site-packages/airflow/example_dags/example_xcomargs.py
[2025-04-05T16:42:03.969+0000] {processor.py:840} INFO - DAG(s) 'example_xcom_args', 'example_xcom_args_with_operators' retrieved from /home/airflow/.local/lib/python3.8/site-packages/airflow/example_dags/example_xcomargs.py
[2025-04-05T16:42:04.001+0000] {logging_mixin.py:188} INFO - [2025-04-05T16:42:04.001+0000] {dag.py:3036} INFO - Sync 2 DAGs
[2025-04-05T16:42:04.016+0000] {logging_mixin.py:188} INFO - [2025-04-05T16:42:04.016+0000] {dag.py:3823} INFO - Setting next_dagrun for example_xcom_args to None, run_after=None
[2025-04-05T16:42:04.021+0000] {logging_mixin.py:188} INFO - [2025-04-05T16:42:04.021+0000] {dag.py:3823} INFO - Setting next_dagrun for example_xcom_args_with_operators to None, run_after=None
[2025-04-05T16:42:04.097+0000] {processor.py:183} INFO - Processing /home/airflow/.local/lib/python3.8/site-packages/airflow/example_dags/example_xcomargs.py took 0.153 seconds
[2025-04-05T16:42:34.629+0000] {processor.py:161} INFO - Started process (PID=1139) to work on /home/airflow/.local/lib/python3.8/site-packages/airflow/example_dags/example_xcomargs.py
[2025-04-05T16:42:34.630+0000] {processor.py:830} INFO - Processing file /home/airflow/.local/lib/python3.8/site-packages/airflow/example_dags/example_xcomargs.py for tasks to queue
[2025-04-05T16:42:34.631+0000] {logging_mixin.py:188} INFO - [2025-04-05T16:42:34.630+0000] {dagbag.py:538} INFO - Filling up the DagBag from /home/airflow/.local/lib/python3.8/site-packages/airflow/example_dags/example_xcomargs.py
[2025-04-05T16:42:34.638+0000] {processor.py:840} INFO - DAG(s) 'example_xcom_args_with_operators', 'example_xcom_args' retrieved from /home/airflow/.local/lib/python3.8/site-packages/airflow/example_dags/example_xcomargs.py
[2025-04-05T16:42:34.661+0000] {logging_mixin.py:188} INFO - [2025-04-05T16:42:34.661+0000] {dag.py:3036} INFO - Sync 2 DAGs
[2025-04-05T16:42:34.673+0000] {logging_mixin.py:188} INFO - [2025-04-05T16:42:34.672+0000] {dag.py:3823} INFO - Setting next_dagrun for example_xcom_args to None, run_after=None
[2025-04-05T16:42:34.677+0000] {logging_mixin.py:188} INFO - [2025-04-05T16:42:34.677+0000] {dag.py:3823} INFO - Setting next_dagrun for example_xcom_args_with_operators to None, run_after=None
[2025-04-05T16:42:34.698+0000] {processor.py:183} INFO - Processing /home/airflow/.local/lib/python3.8/site-packages/airflow/example_dags/example_xcomargs.py took 0.072 seconds
[2025-04-05T16:43:05.506+0000] {processor.py:161} INFO - Started process (PID=1386) to work on /home/airflow/.local/lib/python3.8/site-packages/airflow/example_dags/example_xcomargs.py
[2025-04-05T16:43:05.507+0000] {processor.py:830} INFO - Processing file /home/airflow/.local/lib/python3.8/site-packages/airflow/example_dags/example_xcomargs.py for tasks to queue
[2025-04-05T16:43:05.508+0000] {logging_mixin.py:188} INFO - [2025-04-05T16:43:05.508+0000] {dagbag.py:538} INFO - Filling up the DagBag from /home/airflow/.local/lib/python3.8/site-packages/airflow/example_dags/example_xcomargs.py
[2025-04-05T16:43:05.515+0000] {processor.py:840} INFO - DAG(s) 'example_xcom_args_with_operators', 'example_xcom_args' retrieved from /home/airflow/.local/lib/python3.8/site-packages/airflow/example_dags/example_xcomargs.py
[2025-04-05T16:43:05.540+0000] {logging_mixin.py:188} INFO - [2025-04-05T16:43:05.539+0000] {dag.py:3036} INFO - Sync 2 DAGs
[2025-04-05T16:43:05.551+0000] {logging_mixin.py:188} INFO - [2025-04-05T16:43:05.550+0000] {dag.py:3823} INFO - Setting next_dagrun for example_xcom_args to None, run_after=None
[2025-04-05T16:43:05.555+0000] {logging_mixin.py:188} INFO - [2025-04-05T16:43:05.554+0000] {dag.py:3823} INFO - Setting next_dagrun for example_xcom_args_with_operators to None, run_after=None
[2025-04-05T16:43:05.574+0000] {processor.py:183} INFO - Processing /home/airflow/.local/lib/python3.8/site-packages/airflow/example_dags/example_xcomargs.py took 0.071 seconds
[2025-04-05T16:43:35.981+0000] {processor.py:161} INFO - Started process (PID=1633) to work on /home/airflow/.local/lib/python3.8/site-packages/airflow/example_dags/example_xcomargs.py
[2025-04-05T16:43:35.982+0000] {processor.py:830} INFO - Processing file /home/airflow/.local/lib/python3.8/site-packages/airflow/example_dags/example_xcomargs.py for tasks to queue
[2025-04-05T16:43:35.983+0000] {logging_mixin.py:188} INFO - [2025-04-05T16:43:35.983+0000] {dagbag.py:538} INFO - Filling up the DagBag from /home/airflow/.local/lib/python3.8/site-packages/airflow/example_dags/example_xcomargs.py
[2025-04-05T16:43:35.991+0000] {processor.py:840} INFO - DAG(s) 'example_xcom_args', 'example_xcom_args_with_operators' retrieved from /home/airflow/.local/lib/python3.8/site-packages/airflow/example_dags/example_xcomargs.py
[2025-04-05T16:43:36.013+0000] {logging_mixin.py:188} INFO - [2025-04-05T16:43:36.013+0000] {dag.py:3036} INFO - Sync 2 DAGs
[2025-04-05T16:43:36.024+0000] {logging_mixin.py:188} INFO - [2025-04-05T16:43:36.024+0000] {dag.py:3823} INFO - Setting next_dagrun for example_xcom_args to None, run_after=None
[2025-04-05T16:43:36.028+0000] {logging_mixin.py:188} INFO - [2025-04-05T16:43:36.028+0000] {dag.py:3823} INFO - Setting next_dagrun for example_xcom_args_with_operators to None, run_after=None
[2025-04-05T16:43:36.047+0000] {processor.py:183} INFO - Processing /home/airflow/.local/lib/python3.8/site-packages/airflow/example_dags/example_xcomargs.py took 0.069 seconds
[2025-04-05T16:44:06.179+0000] {processor.py:161} INFO - Started process (PID=1880) to work on /home/airflow/.local/lib/python3.8/site-packages/airflow/example_dags/example_xcomargs.py
[2025-04-05T16:44:06.180+0000] {processor.py:830} INFO - Processing file /home/airflow/.local/lib/python3.8/site-packages/airflow/example_dags/example_xcomargs.py for tasks to queue
[2025-04-05T16:44:06.181+0000] {logging_mixin.py:188} INFO - [2025-04-05T16:44:06.181+0000] {dagbag.py:538} INFO - Filling up the DagBag from /home/airflow/.local/lib/python3.8/site-packages/airflow/example_dags/example_xcomargs.py
[2025-04-05T16:44:06.190+0000] {processor.py:840} INFO - DAG(s) 'example_xcom_args', 'example_xcom_args_with_operators' retrieved from /home/airflow/.local/lib/python3.8/site-packages/airflow/example_dags/example_xcomargs.py
[2025-04-05T16:44:06.222+0000] {logging_mixin.py:188} INFO - [2025-04-05T16:44:06.221+0000] {dag.py:3036} INFO - Sync 2 DAGs
[2025-04-05T16:44:06.241+0000] {logging_mixin.py:188} INFO - [2025-04-05T16:44:06.241+0000] {dag.py:3823} INFO - Setting next_dagrun for example_xcom_args to None, run_after=None
[2025-04-05T16:44:06.257+0000] {logging_mixin.py:188} INFO - [2025-04-05T16:44:06.257+0000] {dag.py:3823} INFO - Setting next_dagrun for example_xcom_args_with_operators to None, run_after=None
[2025-04-05T16:44:06.278+0000] {processor.py:183} INFO - Processing /home/airflow/.local/lib/python3.8/site-packages/airflow/example_dags/example_xcomargs.py took 0.102 seconds
[2025-04-05T16:44:37.089+0000] {processor.py:161} INFO - Started process (PID=2127) to work on /home/airflow/.local/lib/python3.8/site-packages/airflow/example_dags/example_xcomargs.py
[2025-04-05T16:44:37.090+0000] {processor.py:830} INFO - Processing file /home/airflow/.local/lib/python3.8/site-packages/airflow/example_dags/example_xcomargs.py for tasks to queue
[2025-04-05T16:44:37.091+0000] {logging_mixin.py:188} INFO - [2025-04-05T16:44:37.091+0000] {dagbag.py:538} INFO - Filling up the DagBag from /home/airflow/.local/lib/python3.8/site-packages/airflow/example_dags/example_xcomargs.py
[2025-04-05T16:44:37.098+0000] {processor.py:840} INFO - DAG(s) 'example_xcom_args', 'example_xcom_args_with_operators' retrieved from /home/airflow/.local/lib/python3.8/site-packages/airflow/example_dags/example_xcomargs.py
[2025-04-05T16:44:37.138+0000] {logging_mixin.py:188} INFO - [2025-04-05T16:44:37.137+0000] {dag.py:3036} INFO - Sync 2 DAGs
[2025-04-05T16:44:37.150+0000] {logging_mixin.py:188} INFO - [2025-04-05T16:44:37.150+0000] {dag.py:3823} INFO - Setting next_dagrun for example_xcom_args to None, run_after=None
[2025-04-05T16:44:37.154+0000] {logging_mixin.py:188} INFO - [2025-04-05T16:44:37.154+0000] {dag.py:3823} INFO - Setting next_dagrun for example_xcom_args_with_operators to None, run_after=None
[2025-04-05T16:44:37.192+0000] {processor.py:183} INFO - Processing /home/airflow/.local/lib/python3.8/site-packages/airflow/example_dags/example_xcomargs.py took 0.106 seconds
[2025-04-05T16:45:07.401+0000] {processor.py:161} INFO - Started process (PID=2372) to work on /home/airflow/.local/lib/python3.8/site-packages/airflow/example_dags/example_xcomargs.py
[2025-04-05T16:45:07.420+0000] {processor.py:830} INFO - Processing file /home/airflow/.local/lib/python3.8/site-packages/airflow/example_dags/example_xcomargs.py for tasks to queue
[2025-04-05T16:45:07.422+0000] {logging_mixin.py:188} INFO - [2025-04-05T16:45:07.421+0000] {dagbag.py:538} INFO - Filling up the DagBag from /home/airflow/.local/lib/python3.8/site-packages/airflow/example_dags/example_xcomargs.py
[2025-04-05T16:45:07.487+0000] {processor.py:840} INFO - DAG(s) 'example_xcom_args_with_operators', 'example_xcom_args' retrieved from /home/airflow/.local/lib/python3.8/site-packages/airflow/example_dags/example_xcomargs.py
[2025-04-05T16:45:07.591+0000] {logging_mixin.py:188} INFO - [2025-04-05T16:45:07.590+0000] {dag.py:3036} INFO - Sync 2 DAGs
[2025-04-05T16:45:07.685+0000] {logging_mixin.py:188} INFO - [2025-04-05T16:45:07.685+0000] {dag.py:3823} INFO - Setting next_dagrun for example_xcom_args to None, run_after=None
[2025-04-05T16:45:07.692+0000] {logging_mixin.py:188} INFO - [2025-04-05T16:45:07.692+0000] {dag.py:3823} INFO - Setting next_dagrun for example_xcom_args_with_operators to None, run_after=None
[2025-04-05T16:45:07.733+0000] {processor.py:183} INFO - Processing /home/airflow/.local/lib/python3.8/site-packages/airflow/example_dags/example_xcomargs.py took 0.399 seconds
[2025-04-05T16:45:38.237+0000] {processor.py:161} INFO - Started process (PID=2619) to work on /home/airflow/.local/lib/python3.8/site-packages/airflow/example_dags/example_xcomargs.py
[2025-04-05T16:45:38.239+0000] {processor.py:830} INFO - Processing file /home/airflow/.local/lib/python3.8/site-packages/airflow/example_dags/example_xcomargs.py for tasks to queue
[2025-04-05T16:45:38.240+0000] {logging_mixin.py:188} INFO - [2025-04-05T16:45:38.239+0000] {dagbag.py:538} INFO - Filling up the DagBag from /home/airflow/.local/lib/python3.8/site-packages/airflow/example_dags/example_xcomargs.py
[2025-04-05T16:45:38.247+0000] {processor.py:840} INFO - DAG(s) 'example_xcom_args', 'example_xcom_args_with_operators' retrieved from /home/airflow/.local/lib/python3.8/site-packages/airflow/example_dags/example_xcomargs.py
[2025-04-05T16:45:38.275+0000] {logging_mixin.py:188} INFO - [2025-04-05T16:45:38.275+0000] {dag.py:3036} INFO - Sync 2 DAGs
[2025-04-05T16:45:38.287+0000] {logging_mixin.py:188} INFO - [2025-04-05T16:45:38.287+0000] {dag.py:3823} INFO - Setting next_dagrun for example_xcom_args to None, run_after=None
[2025-04-05T16:45:38.291+0000] {logging_mixin.py:188} INFO - [2025-04-05T16:45:38.291+0000] {dag.py:3823} INFO - Setting next_dagrun for example_xcom_args_with_operators to None, run_after=None
[2025-04-05T16:45:38.314+0000] {processor.py:183} INFO - Processing /home/airflow/.local/lib/python3.8/site-packages/airflow/example_dags/example_xcomargs.py took 0.080 seconds
[2025-04-05T16:46:08.547+0000] {processor.py:161} INFO - Started process (PID=2866) to work on /home/airflow/.local/lib/python3.8/site-packages/airflow/example_dags/example_xcomargs.py
[2025-04-05T16:46:08.549+0000] {processor.py:830} INFO - Processing file /home/airflow/.local/lib/python3.8/site-packages/airflow/example_dags/example_xcomargs.py for tasks to queue
[2025-04-05T16:46:08.550+0000] {logging_mixin.py:188} INFO - [2025-04-05T16:46:08.550+0000] {dagbag.py:538} INFO - Filling up the DagBag from /home/airflow/.local/lib/python3.8/site-packages/airflow/example_dags/example_xcomargs.py
[2025-04-05T16:46:08.559+0000] {processor.py:840} INFO - DAG(s) 'example_xcom_args', 'example_xcom_args_with_operators' retrieved from /home/airflow/.local/lib/python3.8/site-packages/airflow/example_dags/example_xcomargs.py
[2025-04-05T16:46:08.587+0000] {logging_mixin.py:188} INFO - [2025-04-05T16:46:08.587+0000] {dag.py:3036} INFO - Sync 2 DAGs
[2025-04-05T16:46:08.601+0000] {logging_mixin.py:188} INFO - [2025-04-05T16:46:08.601+0000] {dag.py:3823} INFO - Setting next_dagrun for example_xcom_args to None, run_after=None
[2025-04-05T16:46:08.606+0000] {logging_mixin.py:188} INFO - [2025-04-05T16:46:08.605+0000] {dag.py:3823} INFO - Setting next_dagrun for example_xcom_args_with_operators to None, run_after=None
[2025-04-05T16:46:08.626+0000] {processor.py:183} INFO - Processing /home/airflow/.local/lib/python3.8/site-packages/airflow/example_dags/example_xcomargs.py took 0.084 seconds
[2025-04-05T16:46:38.753+0000] {processor.py:161} INFO - Started process (PID=3108) to work on /home/airflow/.local/lib/python3.8/site-packages/airflow/example_dags/example_xcomargs.py
[2025-04-05T16:46:38.754+0000] {processor.py:830} INFO - Processing file /home/airflow/.local/lib/python3.8/site-packages/airflow/example_dags/example_xcomargs.py for tasks to queue
[2025-04-05T16:46:38.756+0000] {logging_mixin.py:188} INFO - [2025-04-05T16:46:38.755+0000] {dagbag.py:538} INFO - Filling up the DagBag from /home/airflow/.local/lib/python3.8/site-packages/airflow/example_dags/example_xcomargs.py
[2025-04-05T16:46:38.764+0000] {processor.py:840} INFO - DAG(s) 'example_xcom_args', 'example_xcom_args_with_operators' retrieved from /home/airflow/.local/lib/python3.8/site-packages/airflow/example_dags/example_xcomargs.py
[2025-04-05T16:46:38.792+0000] {logging_mixin.py:188} INFO - [2025-04-05T16:46:38.791+0000] {dag.py:3036} INFO - Sync 2 DAGs
[2025-04-05T16:46:38.804+0000] {logging_mixin.py:188} INFO - [2025-04-05T16:46:38.804+0000] {dag.py:3823} INFO - Setting next_dagrun for example_xcom_args to None, run_after=None
[2025-04-05T16:46:38.808+0000] {logging_mixin.py:188} INFO - [2025-04-05T16:46:38.808+0000] {dag.py:3823} INFO - Setting next_dagrun for example_xcom_args_with_operators to None, run_after=None
[2025-04-05T16:46:38.827+0000] {processor.py:183} INFO - Processing /home/airflow/.local/lib/python3.8/site-packages/airflow/example_dags/example_xcomargs.py took 0.078 seconds
[2025-04-05T16:47:09.367+0000] {processor.py:161} INFO - Started process (PID=3360) to work on /home/airflow/.local/lib/python3.8/site-packages/airflow/example_dags/example_xcomargs.py
[2025-04-05T16:47:09.368+0000] {processor.py:830} INFO - Processing file /home/airflow/.local/lib/python3.8/site-packages/airflow/example_dags/example_xcomargs.py for tasks to queue
[2025-04-05T16:47:09.369+0000] {logging_mixin.py:188} INFO - [2025-04-05T16:47:09.369+0000] {dagbag.py:538} INFO - Filling up the DagBag from /home/airflow/.local/lib/python3.8/site-packages/airflow/example_dags/example_xcomargs.py
[2025-04-05T16:47:09.378+0000] {processor.py:840} INFO - DAG(s) 'example_xcom_args', 'example_xcom_args_with_operators' retrieved from /home/airflow/.local/lib/python3.8/site-packages/airflow/example_dags/example_xcomargs.py
[2025-04-05T16:47:09.412+0000] {logging_mixin.py:188} INFO - [2025-04-05T16:47:09.412+0000] {dag.py:3036} INFO - Sync 2 DAGs
[2025-04-05T16:47:09.427+0000] {logging_mixin.py:188} INFO - [2025-04-05T16:47:09.426+0000] {dag.py:3823} INFO - Setting next_dagrun for example_xcom_args to None, run_after=None
[2025-04-05T16:47:09.432+0000] {logging_mixin.py:188} INFO - [2025-04-05T16:47:09.431+0000] {dag.py:3823} INFO - Setting next_dagrun for example_xcom_args_with_operators to None, run_after=None
[2025-04-05T16:47:09.455+0000] {processor.py:183} INFO - Processing /home/airflow/.local/lib/python3.8/site-packages/airflow/example_dags/example_xcomargs.py took 0.092 seconds
[2025-04-05T16:47:40.531+0000] {processor.py:161} INFO - Started process (PID=3609) to work on /home/airflow/.local/lib/python3.8/site-packages/airflow/example_dags/example_xcomargs.py
[2025-04-05T16:47:40.555+0000] {processor.py:830} INFO - Processing file /home/airflow/.local/lib/python3.8/site-packages/airflow/example_dags/example_xcomargs.py for tasks to queue
[2025-04-05T16:47:40.557+0000] {logging_mixin.py:188} INFO - [2025-04-05T16:47:40.557+0000] {dagbag.py:538} INFO - Filling up the DagBag from /home/airflow/.local/lib/python3.8/site-packages/airflow/example_dags/example_xcomargs.py
[2025-04-05T16:47:40.569+0000] {processor.py:840} INFO - DAG(s) 'example_xcom_args', 'example_xcom_args_with_operators' retrieved from /home/airflow/.local/lib/python3.8/site-packages/airflow/example_dags/example_xcomargs.py
[2025-04-05T16:47:40.594+0000] {logging_mixin.py:188} INFO - [2025-04-05T16:47:40.594+0000] {dag.py:3036} INFO - Sync 2 DAGs
[2025-04-05T16:47:40.605+0000] {logging_mixin.py:188} INFO - [2025-04-05T16:47:40.605+0000] {dag.py:3823} INFO - Setting next_dagrun for example_xcom_args to None, run_after=None
[2025-04-05T16:47:40.608+0000] {logging_mixin.py:188} INFO - [2025-04-05T16:47:40.608+0000] {dag.py:3823} INFO - Setting next_dagrun for example_xcom_args_with_operators to None, run_after=None
[2025-04-05T16:47:40.655+0000] {processor.py:183} INFO - Processing /home/airflow/.local/lib/python3.8/site-packages/airflow/example_dags/example_xcomargs.py took 0.131 seconds
[2025-04-05T16:48:10.716+0000] {processor.py:161} INFO - Started process (PID=3855) to work on /home/airflow/.local/lib/python3.8/site-packages/airflow/example_dags/example_xcomargs.py
[2025-04-05T16:48:10.718+0000] {processor.py:830} INFO - Processing file /home/airflow/.local/lib/python3.8/site-packages/airflow/example_dags/example_xcomargs.py for tasks to queue
[2025-04-05T16:48:10.719+0000] {logging_mixin.py:188} INFO - [2025-04-05T16:48:10.719+0000] {dagbag.py:538} INFO - Filling up the DagBag from /home/airflow/.local/lib/python3.8/site-packages/airflow/example_dags/example_xcomargs.py
[2025-04-05T16:48:10.823+0000] {processor.py:840} INFO - DAG(s) 'example_xcom_args_with_operators', 'example_xcom_args' retrieved from /home/airflow/.local/lib/python3.8/site-packages/airflow/example_dags/example_xcomargs.py
[2025-04-05T16:48:11.069+0000] {logging_mixin.py:188} INFO - [2025-04-05T16:48:11.068+0000] {dag.py:3036} INFO - Sync 2 DAGs
[2025-04-05T16:48:11.184+0000] {logging_mixin.py:188} INFO - [2025-04-05T16:48:11.184+0000] {dag.py:3823} INFO - Setting next_dagrun for example_xcom_args to None, run_after=None
[2025-04-05T16:48:11.202+0000] {logging_mixin.py:188} INFO - [2025-04-05T16:48:11.201+0000] {dag.py:3823} INFO - Setting next_dagrun for example_xcom_args_with_operators to None, run_after=None
[2025-04-05T16:48:11.262+0000] {processor.py:183} INFO - Processing /home/airflow/.local/lib/python3.8/site-packages/airflow/example_dags/example_xcomargs.py took 0.549 seconds
[2025-04-05T16:48:41.476+0000] {processor.py:161} INFO - Started process (PID=4102) to work on /home/airflow/.local/lib/python3.8/site-packages/airflow/example_dags/example_xcomargs.py
[2025-04-05T16:48:41.477+0000] {processor.py:830} INFO - Processing file /home/airflow/.local/lib/python3.8/site-packages/airflow/example_dags/example_xcomargs.py for tasks to queue
[2025-04-05T16:48:41.479+0000] {logging_mixin.py:188} INFO - [2025-04-05T16:48:41.478+0000] {dagbag.py:538} INFO - Filling up the DagBag from /home/airflow/.local/lib/python3.8/site-packages/airflow/example_dags/example_xcomargs.py
[2025-04-05T16:48:41.486+0000] {processor.py:840} INFO - DAG(s) 'example_xcom_args', 'example_xcom_args_with_operators' retrieved from /home/airflow/.local/lib/python3.8/site-packages/airflow/example_dags/example_xcomargs.py
[2025-04-05T16:48:41.509+0000] {logging_mixin.py:188} INFO - [2025-04-05T16:48:41.509+0000] {dag.py:3036} INFO - Sync 2 DAGs
[2025-04-05T16:48:41.520+0000] {logging_mixin.py:188} INFO - [2025-04-05T16:48:41.520+0000] {dag.py:3823} INFO - Setting next_dagrun for example_xcom_args to None, run_after=None
[2025-04-05T16:48:41.524+0000] {logging_mixin.py:188} INFO - [2025-04-05T16:48:41.524+0000] {dag.py:3823} INFO - Setting next_dagrun for example_xcom_args_with_operators to None, run_after=None
[2025-04-05T16:48:41.541+0000] {processor.py:183} INFO - Processing /home/airflow/.local/lib/python3.8/site-packages/airflow/example_dags/example_xcomargs.py took 0.069 seconds
[2025-04-05T16:49:14.473+0000] {processor.py:161} INFO - Started process (PID=4360) to work on /home/airflow/.local/lib/python3.8/site-packages/airflow/example_dags/example_xcomargs.py
[2025-04-05T16:49:14.475+0000] {processor.py:830} INFO - Processing file /home/airflow/.local/lib/python3.8/site-packages/airflow/example_dags/example_xcomargs.py for tasks to queue
[2025-04-05T16:49:14.478+0000] {logging_mixin.py:188} INFO - [2025-04-05T16:49:14.476+0000] {dagbag.py:538} INFO - Filling up the DagBag from /home/airflow/.local/lib/python3.8/site-packages/airflow/example_dags/example_xcomargs.py
[2025-04-05T16:49:14.560+0000] {processor.py:840} INFO - DAG(s) 'example_xcom_args_with_operators', 'example_xcom_args' retrieved from /home/airflow/.local/lib/python3.8/site-packages/airflow/example_dags/example_xcomargs.py
[2025-04-05T16:49:14.654+0000] {logging_mixin.py:188} INFO - [2025-04-05T16:49:14.652+0000] {dag.py:3036} INFO - Sync 2 DAGs
[2025-04-05T16:49:14.716+0000] {logging_mixin.py:188} INFO - [2025-04-05T16:49:14.716+0000] {dag.py:3823} INFO - Setting next_dagrun for example_xcom_args to None, run_after=None
[2025-04-05T16:49:14.735+0000] {logging_mixin.py:188} INFO - [2025-04-05T16:49:14.734+0000] {dag.py:3823} INFO - Setting next_dagrun for example_xcom_args_with_operators to None, run_after=None
[2025-04-05T16:49:14.855+0000] {processor.py:183} INFO - Processing /home/airflow/.local/lib/python3.8/site-packages/airflow/example_dags/example_xcomargs.py took 0.387 seconds
[2025-04-05T16:49:45.200+0000] {processor.py:161} INFO - Started process (PID=4621) to work on /home/airflow/.local/lib/python3.8/site-packages/airflow/example_dags/example_xcomargs.py
[2025-04-05T16:49:45.201+0000] {processor.py:830} INFO - Processing file /home/airflow/.local/lib/python3.8/site-packages/airflow/example_dags/example_xcomargs.py for tasks to queue
[2025-04-05T16:49:45.202+0000] {logging_mixin.py:188} INFO - [2025-04-05T16:49:45.202+0000] {dagbag.py:538} INFO - Filling up the DagBag from /home/airflow/.local/lib/python3.8/site-packages/airflow/example_dags/example_xcomargs.py
[2025-04-05T16:49:45.212+0000] {processor.py:840} INFO - DAG(s) 'example_xcom_args_with_operators', 'example_xcom_args' retrieved from /home/airflow/.local/lib/python3.8/site-packages/airflow/example_dags/example_xcomargs.py
[2025-04-05T16:49:45.239+0000] {logging_mixin.py:188} INFO - [2025-04-05T16:49:45.239+0000] {dag.py:3036} INFO - Sync 2 DAGs
[2025-04-05T16:49:45.254+0000] {logging_mixin.py:188} INFO - [2025-04-05T16:49:45.254+0000] {dag.py:3823} INFO - Setting next_dagrun for example_xcom_args to None, run_after=None
[2025-04-05T16:49:45.259+0000] {logging_mixin.py:188} INFO - [2025-04-05T16:49:45.258+0000] {dag.py:3823} INFO - Setting next_dagrun for example_xcom_args_with_operators to None, run_after=None
[2025-04-05T16:49:45.276+0000] {processor.py:183} INFO - Processing /home/airflow/.local/lib/python3.8/site-packages/airflow/example_dags/example_xcomargs.py took 0.081 seconds
[2025-04-05T16:50:15.578+0000] {processor.py:161} INFO - Started process (PID=4868) to work on /home/airflow/.local/lib/python3.8/site-packages/airflow/example_dags/example_xcomargs.py
[2025-04-05T16:50:15.579+0000] {processor.py:830} INFO - Processing file /home/airflow/.local/lib/python3.8/site-packages/airflow/example_dags/example_xcomargs.py for tasks to queue
[2025-04-05T16:50:15.580+0000] {logging_mixin.py:188} INFO - [2025-04-05T16:50:15.580+0000] {dagbag.py:538} INFO - Filling up the DagBag from /home/airflow/.local/lib/python3.8/site-packages/airflow/example_dags/example_xcomargs.py
[2025-04-05T16:50:15.589+0000] {processor.py:840} INFO - DAG(s) 'example_xcom_args_with_operators', 'example_xcom_args' retrieved from /home/airflow/.local/lib/python3.8/site-packages/airflow/example_dags/example_xcomargs.py
[2025-04-05T16:50:15.617+0000] {logging_mixin.py:188} INFO - [2025-04-05T16:50:15.616+0000] {dag.py:3036} INFO - Sync 2 DAGs
[2025-04-05T16:50:15.630+0000] {logging_mixin.py:188} INFO - [2025-04-05T16:50:15.629+0000] {dag.py:3823} INFO - Setting next_dagrun for example_xcom_args to None, run_after=None
[2025-04-05T16:50:15.635+0000] {logging_mixin.py:188} INFO - [2025-04-05T16:50:15.635+0000] {dag.py:3823} INFO - Setting next_dagrun for example_xcom_args_with_operators to None, run_after=None
[2025-04-05T16:50:15.655+0000] {processor.py:183} INFO - Processing /home/airflow/.local/lib/python3.8/site-packages/airflow/example_dags/example_xcomargs.py took 0.081 seconds
[2025-04-05T16:50:45.793+0000] {processor.py:161} INFO - Started process (PID=5115) to work on /home/airflow/.local/lib/python3.8/site-packages/airflow/example_dags/example_xcomargs.py
[2025-04-05T16:50:45.794+0000] {processor.py:830} INFO - Processing file /home/airflow/.local/lib/python3.8/site-packages/airflow/example_dags/example_xcomargs.py for tasks to queue
[2025-04-05T16:50:45.795+0000] {logging_mixin.py:188} INFO - [2025-04-05T16:50:45.795+0000] {dagbag.py:538} INFO - Filling up the DagBag from /home/airflow/.local/lib/python3.8/site-packages/airflow/example_dags/example_xcomargs.py
[2025-04-05T16:50:45.803+0000] {processor.py:840} INFO - DAG(s) 'example_xcom_args', 'example_xcom_args_with_operators' retrieved from /home/airflow/.local/lib/python3.8/site-packages/airflow/example_dags/example_xcomargs.py
[2025-04-05T16:50:45.827+0000] {logging_mixin.py:188} INFO - [2025-04-05T16:50:45.827+0000] {dag.py:3036} INFO - Sync 2 DAGs
[2025-04-05T16:50:45.838+0000] {logging_mixin.py:188} INFO - [2025-04-05T16:50:45.838+0000] {dag.py:3823} INFO - Setting next_dagrun for example_xcom_args to None, run_after=None
[2025-04-05T16:50:45.843+0000] {logging_mixin.py:188} INFO - [2025-04-05T16:50:45.842+0000] {dag.py:3823} INFO - Setting next_dagrun for example_xcom_args_with_operators to None, run_after=None
[2025-04-05T16:50:45.862+0000] {processor.py:183} INFO - Processing /home/airflow/.local/lib/python3.8/site-packages/airflow/example_dags/example_xcomargs.py took 0.073 seconds
[2025-04-05T16:51:15.932+0000] {processor.py:161} INFO - Started process (PID=5367) to work on /home/airflow/.local/lib/python3.8/site-packages/airflow/example_dags/example_xcomargs.py
[2025-04-05T16:51:15.933+0000] {processor.py:830} INFO - Processing file /home/airflow/.local/lib/python3.8/site-packages/airflow/example_dags/example_xcomargs.py for tasks to queue
[2025-04-05T16:51:15.935+0000] {logging_mixin.py:188} INFO - [2025-04-05T16:51:15.934+0000] {dagbag.py:538} INFO - Filling up the DagBag from /home/airflow/.local/lib/python3.8/site-packages/airflow/example_dags/example_xcomargs.py
[2025-04-05T16:51:15.943+0000] {processor.py:840} INFO - DAG(s) 'example_xcom_args_with_operators', 'example_xcom_args' retrieved from /home/airflow/.local/lib/python3.8/site-packages/airflow/example_dags/example_xcomargs.py
[2025-04-05T16:51:15.969+0000] {logging_mixin.py:188} INFO - [2025-04-05T16:51:15.968+0000] {dag.py:3036} INFO - Sync 2 DAGs
[2025-04-05T16:51:15.981+0000] {logging_mixin.py:188} INFO - [2025-04-05T16:51:15.981+0000] {dag.py:3823} INFO - Setting next_dagrun for example_xcom_args to None, run_after=None
[2025-04-05T16:51:15.985+0000] {logging_mixin.py:188} INFO - [2025-04-05T16:51:15.985+0000] {dag.py:3823} INFO - Setting next_dagrun for example_xcom_args_with_operators to None, run_after=None
[2025-04-05T16:51:16.003+0000] {processor.py:183} INFO - Processing /home/airflow/.local/lib/python3.8/site-packages/airflow/example_dags/example_xcomargs.py took 0.074 seconds
[2025-04-05T16:51:46.287+0000] {processor.py:161} INFO - Started process (PID=5619) to work on /home/airflow/.local/lib/python3.8/site-packages/airflow/example_dags/example_xcomargs.py
[2025-04-05T16:51:46.288+0000] {processor.py:830} INFO - Processing file /home/airflow/.local/lib/python3.8/site-packages/airflow/example_dags/example_xcomargs.py for tasks to queue
[2025-04-05T16:51:46.289+0000] {logging_mixin.py:188} INFO - [2025-04-05T16:51:46.289+0000] {dagbag.py:538} INFO - Filling up the DagBag from /home/airflow/.local/lib/python3.8/site-packages/airflow/example_dags/example_xcomargs.py
[2025-04-05T16:51:46.298+0000] {processor.py:840} INFO - DAG(s) 'example_xcom_args', 'example_xcom_args_with_operators' retrieved from /home/airflow/.local/lib/python3.8/site-packages/airflow/example_dags/example_xcomargs.py
[2025-04-05T16:51:46.325+0000] {logging_mixin.py:188} INFO - [2025-04-05T16:51:46.325+0000] {dag.py:3036} INFO - Sync 2 DAGs
[2025-04-05T16:51:46.338+0000] {logging_mixin.py:188} INFO - [2025-04-05T16:51:46.338+0000] {dag.py:3823} INFO - Setting next_dagrun for example_xcom_args to None, run_after=None
[2025-04-05T16:51:46.342+0000] {logging_mixin.py:188} INFO - [2025-04-05T16:51:46.342+0000] {dag.py:3823} INFO - Setting next_dagrun for example_xcom_args_with_operators to None, run_after=None
[2025-04-05T16:51:46.362+0000] {processor.py:183} INFO - Processing /home/airflow/.local/lib/python3.8/site-packages/airflow/example_dags/example_xcomargs.py took 0.078 seconds
[2025-04-05T16:52:16.780+0000] {processor.py:161} INFO - Started process (PID=5871) to work on /home/airflow/.local/lib/python3.8/site-packages/airflow/example_dags/example_xcomargs.py
[2025-04-05T16:52:16.781+0000] {processor.py:830} INFO - Processing file /home/airflow/.local/lib/python3.8/site-packages/airflow/example_dags/example_xcomargs.py for tasks to queue
[2025-04-05T16:52:16.782+0000] {logging_mixin.py:188} INFO - [2025-04-05T16:52:16.782+0000] {dagbag.py:538} INFO - Filling up the DagBag from /home/airflow/.local/lib/python3.8/site-packages/airflow/example_dags/example_xcomargs.py
[2025-04-05T16:52:16.792+0000] {processor.py:840} INFO - DAG(s) 'example_xcom_args', 'example_xcom_args_with_operators' retrieved from /home/airflow/.local/lib/python3.8/site-packages/airflow/example_dags/example_xcomargs.py
[2025-04-05T16:52:16.824+0000] {logging_mixin.py:188} INFO - [2025-04-05T16:52:16.824+0000] {dag.py:3036} INFO - Sync 2 DAGs
[2025-04-05T16:52:16.839+0000] {logging_mixin.py:188} INFO - [2025-04-05T16:52:16.839+0000] {dag.py:3823} INFO - Setting next_dagrun for example_xcom_args to None, run_after=None
[2025-04-05T16:52:16.844+0000] {logging_mixin.py:188} INFO - [2025-04-05T16:52:16.844+0000] {dag.py:3823} INFO - Setting next_dagrun for example_xcom_args_with_operators to None, run_after=None
[2025-04-05T16:52:16.863+0000] {processor.py:183} INFO - Processing /home/airflow/.local/lib/python3.8/site-packages/airflow/example_dags/example_xcomargs.py took 0.087 seconds
[2025-04-05T16:52:46.948+0000] {processor.py:161} INFO - Started process (PID=6123) to work on /home/airflow/.local/lib/python3.8/site-packages/airflow/example_dags/example_xcomargs.py
[2025-04-05T16:52:46.949+0000] {processor.py:830} INFO - Processing file /home/airflow/.local/lib/python3.8/site-packages/airflow/example_dags/example_xcomargs.py for tasks to queue
[2025-04-05T16:52:46.951+0000] {logging_mixin.py:188} INFO - [2025-04-05T16:52:46.950+0000] {dagbag.py:538} INFO - Filling up the DagBag from /home/airflow/.local/lib/python3.8/site-packages/airflow/example_dags/example_xcomargs.py
[2025-04-05T16:52:46.959+0000] {processor.py:840} INFO - DAG(s) 'example_xcom_args', 'example_xcom_args_with_operators' retrieved from /home/airflow/.local/lib/python3.8/site-packages/airflow/example_dags/example_xcomargs.py
[2025-04-05T16:52:46.988+0000] {logging_mixin.py:188} INFO - [2025-04-05T16:52:46.987+0000] {dag.py:3036} INFO - Sync 2 DAGs
[2025-04-05T16:52:47.001+0000] {logging_mixin.py:188} INFO - [2025-04-05T16:52:47.001+0000] {dag.py:3823} INFO - Setting next_dagrun for example_xcom_args to None, run_after=None
[2025-04-05T16:52:47.006+0000] {logging_mixin.py:188} INFO - [2025-04-05T16:52:47.005+0000] {dag.py:3823} INFO - Setting next_dagrun for example_xcom_args_with_operators to None, run_after=None
[2025-04-05T16:52:47.026+0000] {processor.py:183} INFO - Processing /home/airflow/.local/lib/python3.8/site-packages/airflow/example_dags/example_xcomargs.py took 0.082 seconds
[2025-04-05T16:53:17.108+0000] {processor.py:161} INFO - Started process (PID=6376) to work on /home/airflow/.local/lib/python3.8/site-packages/airflow/example_dags/example_xcomargs.py
[2025-04-05T16:53:17.110+0000] {processor.py:830} INFO - Processing file /home/airflow/.local/lib/python3.8/site-packages/airflow/example_dags/example_xcomargs.py for tasks to queue
[2025-04-05T16:53:17.111+0000] {logging_mixin.py:188} INFO - [2025-04-05T16:53:17.111+0000] {dagbag.py:538} INFO - Filling up the DagBag from /home/airflow/.local/lib/python3.8/site-packages/airflow/example_dags/example_xcomargs.py
[2025-04-05T16:53:17.121+0000] {processor.py:840} INFO - DAG(s) 'example_xcom_args', 'example_xcom_args_with_operators' retrieved from /home/airflow/.local/lib/python3.8/site-packages/airflow/example_dags/example_xcomargs.py
[2025-04-05T16:53:17.146+0000] {logging_mixin.py:188} INFO - [2025-04-05T16:53:17.146+0000] {dag.py:3036} INFO - Sync 2 DAGs
[2025-04-05T16:53:17.159+0000] {logging_mixin.py:188} INFO - [2025-04-05T16:53:17.159+0000] {dag.py:3823} INFO - Setting next_dagrun for example_xcom_args to None, run_after=None
[2025-04-05T16:53:17.163+0000] {logging_mixin.py:188} INFO - [2025-04-05T16:53:17.163+0000] {dag.py:3823} INFO - Setting next_dagrun for example_xcom_args_with_operators to None, run_after=None
[2025-04-05T16:53:17.182+0000] {processor.py:183} INFO - Processing /home/airflow/.local/lib/python3.8/site-packages/airflow/example_dags/example_xcomargs.py took 0.077 seconds
[2025-04-05T16:53:47.474+0000] {processor.py:161} INFO - Started process (PID=6628) to work on /home/airflow/.local/lib/python3.8/site-packages/airflow/example_dags/example_xcomargs.py
[2025-04-05T16:53:47.476+0000] {processor.py:830} INFO - Processing file /home/airflow/.local/lib/python3.8/site-packages/airflow/example_dags/example_xcomargs.py for tasks to queue
[2025-04-05T16:53:47.477+0000] {logging_mixin.py:188} INFO - [2025-04-05T16:53:47.476+0000] {dagbag.py:538} INFO - Filling up the DagBag from /home/airflow/.local/lib/python3.8/site-packages/airflow/example_dags/example_xcomargs.py
[2025-04-05T16:53:47.484+0000] {processor.py:840} INFO - DAG(s) 'example_xcom_args_with_operators', 'example_xcom_args' retrieved from /home/airflow/.local/lib/python3.8/site-packages/airflow/example_dags/example_xcomargs.py
[2025-04-05T16:53:47.512+0000] {logging_mixin.py:188} INFO - [2025-04-05T16:53:47.511+0000] {dag.py:3036} INFO - Sync 2 DAGs
[2025-04-05T16:53:47.524+0000] {logging_mixin.py:188} INFO - [2025-04-05T16:53:47.523+0000] {dag.py:3823} INFO - Setting next_dagrun for example_xcom_args to None, run_after=None
[2025-04-05T16:53:47.528+0000] {logging_mixin.py:188} INFO - [2025-04-05T16:53:47.528+0000] {dag.py:3823} INFO - Setting next_dagrun for example_xcom_args_with_operators to None, run_after=None
[2025-04-05T16:53:47.547+0000] {processor.py:183} INFO - Processing /home/airflow/.local/lib/python3.8/site-packages/airflow/example_dags/example_xcomargs.py took 0.075 seconds
[2025-04-05T16:54:17.615+0000] {processor.py:161} INFO - Started process (PID=6880) to work on /home/airflow/.local/lib/python3.8/site-packages/airflow/example_dags/example_xcomargs.py
[2025-04-05T16:54:17.616+0000] {processor.py:830} INFO - Processing file /home/airflow/.local/lib/python3.8/site-packages/airflow/example_dags/example_xcomargs.py for tasks to queue
[2025-04-05T16:54:17.617+0000] {logging_mixin.py:188} INFO - [2025-04-05T16:54:17.617+0000] {dagbag.py:538} INFO - Filling up the DagBag from /home/airflow/.local/lib/python3.8/site-packages/airflow/example_dags/example_xcomargs.py
[2025-04-05T16:54:17.625+0000] {processor.py:840} INFO - DAG(s) 'example_xcom_args_with_operators', 'example_xcom_args' retrieved from /home/airflow/.local/lib/python3.8/site-packages/airflow/example_dags/example_xcomargs.py
[2025-04-05T16:54:17.652+0000] {logging_mixin.py:188} INFO - [2025-04-05T16:54:17.651+0000] {dag.py:3036} INFO - Sync 2 DAGs
[2025-04-05T16:54:17.665+0000] {logging_mixin.py:188} INFO - [2025-04-05T16:54:17.664+0000] {dag.py:3823} INFO - Setting next_dagrun for example_xcom_args to None, run_after=None
[2025-04-05T16:54:17.669+0000] {logging_mixin.py:188} INFO - [2025-04-05T16:54:17.669+0000] {dag.py:3823} INFO - Setting next_dagrun for example_xcom_args_with_operators to None, run_after=None
[2025-04-05T16:54:17.687+0000] {processor.py:183} INFO - Processing /home/airflow/.local/lib/python3.8/site-packages/airflow/example_dags/example_xcomargs.py took 0.076 seconds
[2025-04-05T16:54:47.985+0000] {processor.py:161} INFO - Started process (PID=7132) to work on /home/airflow/.local/lib/python3.8/site-packages/airflow/example_dags/example_xcomargs.py
[2025-04-05T16:54:47.986+0000] {processor.py:830} INFO - Processing file /home/airflow/.local/lib/python3.8/site-packages/airflow/example_dags/example_xcomargs.py for tasks to queue
[2025-04-05T16:54:47.988+0000] {logging_mixin.py:188} INFO - [2025-04-05T16:54:47.987+0000] {dagbag.py:538} INFO - Filling up the DagBag from /home/airflow/.local/lib/python3.8/site-packages/airflow/example_dags/example_xcomargs.py
[2025-04-05T16:54:47.996+0000] {processor.py:840} INFO - DAG(s) 'example_xcom_args', 'example_xcom_args_with_operators' retrieved from /home/airflow/.local/lib/python3.8/site-packages/airflow/example_dags/example_xcomargs.py
[2025-04-05T16:54:48.022+0000] {logging_mixin.py:188} INFO - [2025-04-05T16:54:48.022+0000] {dag.py:3036} INFO - Sync 2 DAGs
[2025-04-05T16:54:48.034+0000] {logging_mixin.py:188} INFO - [2025-04-05T16:54:48.034+0000] {dag.py:3823} INFO - Setting next_dagrun for example_xcom_args to None, run_after=None
[2025-04-05T16:54:48.038+0000] {logging_mixin.py:188} INFO - [2025-04-05T16:54:48.038+0000] {dag.py:3823} INFO - Setting next_dagrun for example_xcom_args_with_operators to None, run_after=None
[2025-04-05T16:54:48.095+0000] {processor.py:183} INFO - Processing /home/airflow/.local/lib/python3.8/site-packages/airflow/example_dags/example_xcomargs.py took 0.114 seconds
[2025-04-05T16:55:18.288+0000] {processor.py:161} INFO - Started process (PID=7389) to work on /home/airflow/.local/lib/python3.8/site-packages/airflow/example_dags/example_xcomargs.py
[2025-04-05T16:55:18.290+0000] {processor.py:830} INFO - Processing file /home/airflow/.local/lib/python3.8/site-packages/airflow/example_dags/example_xcomargs.py for tasks to queue
[2025-04-05T16:55:18.291+0000] {logging_mixin.py:188} INFO - [2025-04-05T16:55:18.290+0000] {dagbag.py:538} INFO - Filling up the DagBag from /home/airflow/.local/lib/python3.8/site-packages/airflow/example_dags/example_xcomargs.py
[2025-04-05T16:55:18.300+0000] {processor.py:840} INFO - DAG(s) 'example_xcom_args_with_operators', 'example_xcom_args' retrieved from /home/airflow/.local/lib/python3.8/site-packages/airflow/example_dags/example_xcomargs.py
[2025-04-05T16:55:18.326+0000] {logging_mixin.py:188} INFO - [2025-04-05T16:55:18.326+0000] {dag.py:3036} INFO - Sync 2 DAGs
[2025-04-05T16:55:18.340+0000] {logging_mixin.py:188} INFO - [2025-04-05T16:55:18.340+0000] {dag.py:3823} INFO - Setting next_dagrun for example_xcom_args to None, run_after=None
[2025-04-05T16:55:18.344+0000] {logging_mixin.py:188} INFO - [2025-04-05T16:55:18.344+0000] {dag.py:3823} INFO - Setting next_dagrun for example_xcom_args_with_operators to None, run_after=None
[2025-04-05T16:55:18.364+0000] {processor.py:183} INFO - Processing /home/airflow/.local/lib/python3.8/site-packages/airflow/example_dags/example_xcomargs.py took 0.079 seconds
[2025-04-05T16:55:48.707+0000] {processor.py:161} INFO - Started process (PID=7641) to work on /home/airflow/.local/lib/python3.8/site-packages/airflow/example_dags/example_xcomargs.py
[2025-04-05T16:55:48.708+0000] {processor.py:830} INFO - Processing file /home/airflow/.local/lib/python3.8/site-packages/airflow/example_dags/example_xcomargs.py for tasks to queue
[2025-04-05T16:55:48.709+0000] {logging_mixin.py:188} INFO - [2025-04-05T16:55:48.709+0000] {dagbag.py:538} INFO - Filling up the DagBag from /home/airflow/.local/lib/python3.8/site-packages/airflow/example_dags/example_xcomargs.py
[2025-04-05T16:55:48.718+0000] {processor.py:840} INFO - DAG(s) 'example_xcom_args', 'example_xcom_args_with_operators' retrieved from /home/airflow/.local/lib/python3.8/site-packages/airflow/example_dags/example_xcomargs.py
[2025-04-05T16:55:48.744+0000] {logging_mixin.py:188} INFO - [2025-04-05T16:55:48.743+0000] {dag.py:3036} INFO - Sync 2 DAGs
[2025-04-05T16:55:48.759+0000] {logging_mixin.py:188} INFO - [2025-04-05T16:55:48.759+0000] {dag.py:3823} INFO - Setting next_dagrun for example_xcom_args to None, run_after=None
[2025-04-05T16:55:48.764+0000] {logging_mixin.py:188} INFO - [2025-04-05T16:55:48.764+0000] {dag.py:3823} INFO - Setting next_dagrun for example_xcom_args_with_operators to None, run_after=None
[2025-04-05T16:55:48.784+0000] {processor.py:183} INFO - Processing /home/airflow/.local/lib/python3.8/site-packages/airflow/example_dags/example_xcomargs.py took 0.081 seconds
[2025-04-05T16:56:18.923+0000] {processor.py:161} INFO - Started process (PID=7893) to work on /home/airflow/.local/lib/python3.8/site-packages/airflow/example_dags/example_xcomargs.py
[2025-04-05T16:56:18.925+0000] {processor.py:830} INFO - Processing file /home/airflow/.local/lib/python3.8/site-packages/airflow/example_dags/example_xcomargs.py for tasks to queue
[2025-04-05T16:56:18.926+0000] {logging_mixin.py:188} INFO - [2025-04-05T16:56:18.926+0000] {dagbag.py:538} INFO - Filling up the DagBag from /home/airflow/.local/lib/python3.8/site-packages/airflow/example_dags/example_xcomargs.py
[2025-04-05T16:56:18.935+0000] {processor.py:840} INFO - DAG(s) 'example_xcom_args', 'example_xcom_args_with_operators' retrieved from /home/airflow/.local/lib/python3.8/site-packages/airflow/example_dags/example_xcomargs.py
[2025-04-05T16:56:18.962+0000] {logging_mixin.py:188} INFO - [2025-04-05T16:56:18.962+0000] {dag.py:3036} INFO - Sync 2 DAGs
[2025-04-05T16:56:18.975+0000] {logging_mixin.py:188} INFO - [2025-04-05T16:56:18.975+0000] {dag.py:3823} INFO - Setting next_dagrun for example_xcom_args to None, run_after=None
[2025-04-05T16:56:18.979+0000] {logging_mixin.py:188} INFO - [2025-04-05T16:56:18.979+0000] {dag.py:3823} INFO - Setting next_dagrun for example_xcom_args_with_operators to None, run_after=None
[2025-04-05T16:56:18.998+0000] {processor.py:183} INFO - Processing /home/airflow/.local/lib/python3.8/site-packages/airflow/example_dags/example_xcomargs.py took 0.078 seconds
[2025-04-05T16:56:49.195+0000] {processor.py:161} INFO - Started process (PID=8147) to work on /home/airflow/.local/lib/python3.8/site-packages/airflow/example_dags/example_xcomargs.py
[2025-04-05T16:56:49.196+0000] {processor.py:830} INFO - Processing file /home/airflow/.local/lib/python3.8/site-packages/airflow/example_dags/example_xcomargs.py for tasks to queue
[2025-04-05T16:56:49.197+0000] {logging_mixin.py:188} INFO - [2025-04-05T16:56:49.197+0000] {dagbag.py:538} INFO - Filling up the DagBag from /home/airflow/.local/lib/python3.8/site-packages/airflow/example_dags/example_xcomargs.py
[2025-04-05T16:56:49.205+0000] {processor.py:840} INFO - DAG(s) 'example_xcom_args_with_operators', 'example_xcom_args' retrieved from /home/airflow/.local/lib/python3.8/site-packages/airflow/example_dags/example_xcomargs.py
[2025-04-05T16:56:49.227+0000] {logging_mixin.py:188} INFO - [2025-04-05T16:56:49.227+0000] {dag.py:3036} INFO - Sync 2 DAGs
[2025-04-05T16:56:49.238+0000] {logging_mixin.py:188} INFO - [2025-04-05T16:56:49.238+0000] {dag.py:3823} INFO - Setting next_dagrun for example_xcom_args to None, run_after=None
[2025-04-05T16:56:49.242+0000] {logging_mixin.py:188} INFO - [2025-04-05T16:56:49.242+0000] {dag.py:3823} INFO - Setting next_dagrun for example_xcom_args_with_operators to None, run_after=None
[2025-04-05T16:56:49.260+0000] {processor.py:183} INFO - Processing /home/airflow/.local/lib/python3.8/site-packages/airflow/example_dags/example_xcomargs.py took 0.068 seconds
