[2025-04-05T14:18:16.821+0000] {processor.py:161} INFO - Started process (PID=381) to work on /home/airflow/.local/lib/python3.8/site-packages/airflow/example_dags/example_short_circuit_operator.py
[2025-04-05T14:18:16.823+0000] {processor.py:830} INFO - Processing file /home/airflow/.local/lib/python3.8/site-packages/airflow/example_dags/example_short_circuit_operator.py for tasks to queue
[2025-04-05T14:18:16.829+0000] {logging_mixin.py:188} INFO - [2025-04-05T14:18:16.827+0000] {dagbag.py:538} INFO - Filling up the DagBag from /home/airflow/.local/lib/python3.8/site-packages/airflow/example_dags/example_short_circuit_operator.py
[2025-04-05T14:18:16.851+0000] {processor.py:840} INFO - DAG(s) 'example_short_circuit_operator' retrieved from /home/airflow/.local/lib/python3.8/site-packages/airflow/example_dags/example_short_circuit_operator.py
[2025-04-05T14:18:16.869+0000] {logging_mixin.py:188} INFO - [2025-04-05T14:18:16.869+0000] {dag.py:3036} INFO - Sync 1 DAGs
[2025-04-05T14:18:16.901+0000] {logging_mixin.py:188} INFO - [2025-04-05T14:18:16.901+0000] {dag.py:3823} INFO - Setting next_dagrun for example_short_circuit_operator to 2025-04-04 00:00:00+00:00, run_after=2025-04-05 00:00:00+00:00
[2025-04-05T14:18:16.931+0000] {processor.py:183} INFO - Processing /home/airflow/.local/lib/python3.8/site-packages/airflow/example_dags/example_short_circuit_operator.py took 0.115 seconds
[2025-04-05T14:18:49.527+0000] {processor.py:161} INFO - Started process (PID=631) to work on /home/airflow/.local/lib/python3.8/site-packages/airflow/example_dags/example_short_circuit_operator.py
[2025-04-05T14:18:49.529+0000] {processor.py:830} INFO - Processing file /home/airflow/.local/lib/python3.8/site-packages/airflow/example_dags/example_short_circuit_operator.py for tasks to queue
[2025-04-05T14:18:49.530+0000] {logging_mixin.py:188} INFO - [2025-04-05T14:18:49.530+0000] {dagbag.py:538} INFO - Filling up the DagBag from /home/airflow/.local/lib/python3.8/site-packages/airflow/example_dags/example_short_circuit_operator.py
[2025-04-05T14:18:49.540+0000] {processor.py:840} INFO - DAG(s) 'example_short_circuit_operator' retrieved from /home/airflow/.local/lib/python3.8/site-packages/airflow/example_dags/example_short_circuit_operator.py
[2025-04-05T14:18:49.693+0000] {logging_mixin.py:188} INFO - [2025-04-05T14:18:49.692+0000] {dag.py:3036} INFO - Sync 1 DAGs
[2025-04-05T14:18:49.714+0000] {logging_mixin.py:188} INFO - [2025-04-05T14:18:49.714+0000] {dag.py:3823} INFO - Setting next_dagrun for example_short_circuit_operator to 2025-04-04 00:00:00+00:00, run_after=2025-04-05 00:00:00+00:00
[2025-04-05T14:18:49.740+0000] {processor.py:183} INFO - Processing /home/airflow/.local/lib/python3.8/site-packages/airflow/example_dags/example_short_circuit_operator.py took 0.217 seconds
[2025-04-05T14:19:19.810+0000] {processor.py:161} INFO - Started process (PID=880) to work on /home/airflow/.local/lib/python3.8/site-packages/airflow/example_dags/example_short_circuit_operator.py
[2025-04-05T14:19:19.811+0000] {processor.py:830} INFO - Processing file /home/airflow/.local/lib/python3.8/site-packages/airflow/example_dags/example_short_circuit_operator.py for tasks to queue
[2025-04-05T14:19:19.812+0000] {logging_mixin.py:188} INFO - [2025-04-05T14:19:19.812+0000] {dagbag.py:538} INFO - Filling up the DagBag from /home/airflow/.local/lib/python3.8/site-packages/airflow/example_dags/example_short_circuit_operator.py
[2025-04-05T14:19:19.819+0000] {processor.py:840} INFO - DAG(s) 'example_short_circuit_operator' retrieved from /home/airflow/.local/lib/python3.8/site-packages/airflow/example_dags/example_short_circuit_operator.py
[2025-04-05T14:19:19.842+0000] {logging_mixin.py:188} INFO - [2025-04-05T14:19:19.841+0000] {dag.py:3036} INFO - Sync 1 DAGs
[2025-04-05T14:19:19.864+0000] {logging_mixin.py:188} INFO - [2025-04-05T14:19:19.864+0000] {dag.py:3823} INFO - Setting next_dagrun for example_short_circuit_operator to 2025-04-04 00:00:00+00:00, run_after=2025-04-05 00:00:00+00:00
[2025-04-05T14:19:19.891+0000] {processor.py:183} INFO - Processing /home/airflow/.local/lib/python3.8/site-packages/airflow/example_dags/example_short_circuit_operator.py took 0.083 seconds
[2025-04-05T14:19:50.065+0000] {processor.py:161} INFO - Started process (PID=1125) to work on /home/airflow/.local/lib/python3.8/site-packages/airflow/example_dags/example_short_circuit_operator.py
[2025-04-05T14:19:50.067+0000] {processor.py:830} INFO - Processing file /home/airflow/.local/lib/python3.8/site-packages/airflow/example_dags/example_short_circuit_operator.py for tasks to queue
[2025-04-05T14:19:50.068+0000] {logging_mixin.py:188} INFO - [2025-04-05T14:19:50.067+0000] {dagbag.py:538} INFO - Filling up the DagBag from /home/airflow/.local/lib/python3.8/site-packages/airflow/example_dags/example_short_circuit_operator.py
[2025-04-05T14:19:50.077+0000] {processor.py:840} INFO - DAG(s) 'example_short_circuit_operator' retrieved from /home/airflow/.local/lib/python3.8/site-packages/airflow/example_dags/example_short_circuit_operator.py
[2025-04-05T14:19:50.103+0000] {logging_mixin.py:188} INFO - [2025-04-05T14:19:50.102+0000] {dag.py:3036} INFO - Sync 1 DAGs
[2025-04-05T14:19:50.130+0000] {logging_mixin.py:188} INFO - [2025-04-05T14:19:50.130+0000] {dag.py:3823} INFO - Setting next_dagrun for example_short_circuit_operator to 2025-04-04 00:00:00+00:00, run_after=2025-04-05 00:00:00+00:00
[2025-04-05T14:19:50.154+0000] {processor.py:183} INFO - Processing /home/airflow/.local/lib/python3.8/site-packages/airflow/example_dags/example_short_circuit_operator.py took 0.092 seconds
[2025-04-05T14:20:20.495+0000] {processor.py:161} INFO - Started process (PID=1372) to work on /home/airflow/.local/lib/python3.8/site-packages/airflow/example_dags/example_short_circuit_operator.py
[2025-04-05T14:20:20.497+0000] {processor.py:830} INFO - Processing file /home/airflow/.local/lib/python3.8/site-packages/airflow/example_dags/example_short_circuit_operator.py for tasks to queue
[2025-04-05T14:20:20.498+0000] {logging_mixin.py:188} INFO - [2025-04-05T14:20:20.497+0000] {dagbag.py:538} INFO - Filling up the DagBag from /home/airflow/.local/lib/python3.8/site-packages/airflow/example_dags/example_short_circuit_operator.py
[2025-04-05T14:20:20.505+0000] {processor.py:840} INFO - DAG(s) 'example_short_circuit_operator' retrieved from /home/airflow/.local/lib/python3.8/site-packages/airflow/example_dags/example_short_circuit_operator.py
[2025-04-05T14:20:20.530+0000] {logging_mixin.py:188} INFO - [2025-04-05T14:20:20.530+0000] {dag.py:3036} INFO - Sync 1 DAGs
[2025-04-05T14:20:20.555+0000] {logging_mixin.py:188} INFO - [2025-04-05T14:20:20.554+0000] {dag.py:3823} INFO - Setting next_dagrun for example_short_circuit_operator to 2025-04-04 00:00:00+00:00, run_after=2025-04-05 00:00:00+00:00
[2025-04-05T14:20:20.574+0000] {processor.py:183} INFO - Processing /home/airflow/.local/lib/python3.8/site-packages/airflow/example_dags/example_short_circuit_operator.py took 0.082 seconds
[2025-04-05T14:20:50.704+0000] {processor.py:161} INFO - Started process (PID=1619) to work on /home/airflow/.local/lib/python3.8/site-packages/airflow/example_dags/example_short_circuit_operator.py
[2025-04-05T14:20:50.706+0000] {processor.py:830} INFO - Processing file /home/airflow/.local/lib/python3.8/site-packages/airflow/example_dags/example_short_circuit_operator.py for tasks to queue
[2025-04-05T14:20:50.708+0000] {logging_mixin.py:188} INFO - [2025-04-05T14:20:50.707+0000] {dagbag.py:538} INFO - Filling up the DagBag from /home/airflow/.local/lib/python3.8/site-packages/airflow/example_dags/example_short_circuit_operator.py
[2025-04-05T14:20:50.719+0000] {processor.py:840} INFO - DAG(s) 'example_short_circuit_operator' retrieved from /home/airflow/.local/lib/python3.8/site-packages/airflow/example_dags/example_short_circuit_operator.py
[2025-04-05T14:20:50.763+0000] {logging_mixin.py:188} INFO - [2025-04-05T14:20:50.762+0000] {dag.py:3036} INFO - Sync 1 DAGs
[2025-04-05T14:20:50.797+0000] {logging_mixin.py:188} INFO - [2025-04-05T14:20:50.797+0000] {dag.py:3823} INFO - Setting next_dagrun for example_short_circuit_operator to 2025-04-04 00:00:00+00:00, run_after=2025-04-05 00:00:00+00:00
[2025-04-05T14:20:50.827+0000] {processor.py:183} INFO - Processing /home/airflow/.local/lib/python3.8/site-packages/airflow/example_dags/example_short_circuit_operator.py took 0.127 seconds
[2025-04-05T14:21:20.981+0000] {processor.py:161} INFO - Started process (PID=1863) to work on /home/airflow/.local/lib/python3.8/site-packages/airflow/example_dags/example_short_circuit_operator.py
[2025-04-05T14:21:20.983+0000] {processor.py:830} INFO - Processing file /home/airflow/.local/lib/python3.8/site-packages/airflow/example_dags/example_short_circuit_operator.py for tasks to queue
[2025-04-05T14:21:20.984+0000] {logging_mixin.py:188} INFO - [2025-04-05T14:21:20.983+0000] {dagbag.py:538} INFO - Filling up the DagBag from /home/airflow/.local/lib/python3.8/site-packages/airflow/example_dags/example_short_circuit_operator.py
[2025-04-05T14:21:20.996+0000] {processor.py:840} INFO - DAG(s) 'example_short_circuit_operator' retrieved from /home/airflow/.local/lib/python3.8/site-packages/airflow/example_dags/example_short_circuit_operator.py
[2025-04-05T14:21:21.023+0000] {logging_mixin.py:188} INFO - [2025-04-05T14:21:21.023+0000] {dag.py:3036} INFO - Sync 1 DAGs
[2025-04-05T14:21:21.051+0000] {logging_mixin.py:188} INFO - [2025-04-05T14:21:21.050+0000] {dag.py:3823} INFO - Setting next_dagrun for example_short_circuit_operator to 2025-04-04 00:00:00+00:00, run_after=2025-04-05 00:00:00+00:00
[2025-04-05T14:21:21.074+0000] {processor.py:183} INFO - Processing /home/airflow/.local/lib/python3.8/site-packages/airflow/example_dags/example_short_circuit_operator.py took 0.096 seconds
[2025-04-05T14:21:51.158+0000] {processor.py:161} INFO - Started process (PID=2109) to work on /home/airflow/.local/lib/python3.8/site-packages/airflow/example_dags/example_short_circuit_operator.py
[2025-04-05T14:21:51.160+0000] {processor.py:830} INFO - Processing file /home/airflow/.local/lib/python3.8/site-packages/airflow/example_dags/example_short_circuit_operator.py for tasks to queue
[2025-04-05T14:21:51.162+0000] {logging_mixin.py:188} INFO - [2025-04-05T14:21:51.161+0000] {dagbag.py:538} INFO - Filling up the DagBag from /home/airflow/.local/lib/python3.8/site-packages/airflow/example_dags/example_short_circuit_operator.py
[2025-04-05T14:21:51.173+0000] {processor.py:840} INFO - DAG(s) 'example_short_circuit_operator' retrieved from /home/airflow/.local/lib/python3.8/site-packages/airflow/example_dags/example_short_circuit_operator.py
[2025-04-05T14:21:51.203+0000] {logging_mixin.py:188} INFO - [2025-04-05T14:21:51.203+0000] {dag.py:3036} INFO - Sync 1 DAGs
[2025-04-05T14:21:51.231+0000] {logging_mixin.py:188} INFO - [2025-04-05T14:21:51.231+0000] {dag.py:3823} INFO - Setting next_dagrun for example_short_circuit_operator to 2025-04-04 00:00:00+00:00, run_after=2025-04-05 00:00:00+00:00
[2025-04-05T14:21:51.260+0000] {processor.py:183} INFO - Processing /home/airflow/.local/lib/python3.8/site-packages/airflow/example_dags/example_short_circuit_operator.py took 0.106 seconds
[2025-04-05T14:22:22.595+0000] {processor.py:161} INFO - Started process (PID=2358) to work on /home/airflow/.local/lib/python3.8/site-packages/airflow/example_dags/example_short_circuit_operator.py
[2025-04-05T14:22:22.596+0000] {processor.py:830} INFO - Processing file /home/airflow/.local/lib/python3.8/site-packages/airflow/example_dags/example_short_circuit_operator.py for tasks to queue
[2025-04-05T14:22:22.597+0000] {logging_mixin.py:188} INFO - [2025-04-05T14:22:22.597+0000] {dagbag.py:538} INFO - Filling up the DagBag from /home/airflow/.local/lib/python3.8/site-packages/airflow/example_dags/example_short_circuit_operator.py
[2025-04-05T14:22:22.605+0000] {processor.py:840} INFO - DAG(s) 'example_short_circuit_operator' retrieved from /home/airflow/.local/lib/python3.8/site-packages/airflow/example_dags/example_short_circuit_operator.py
[2025-04-05T14:22:22.629+0000] {logging_mixin.py:188} INFO - [2025-04-05T14:22:22.629+0000] {dag.py:3036} INFO - Sync 1 DAGs
[2025-04-05T14:22:22.650+0000] {logging_mixin.py:188} INFO - [2025-04-05T14:22:22.650+0000] {dag.py:3823} INFO - Setting next_dagrun for example_short_circuit_operator to 2025-04-04 00:00:00+00:00, run_after=2025-04-05 00:00:00+00:00
[2025-04-05T14:22:22.669+0000] {processor.py:183} INFO - Processing /home/airflow/.local/lib/python3.8/site-packages/airflow/example_dags/example_short_circuit_operator.py took 0.078 seconds
[2025-04-05T14:22:52.755+0000] {processor.py:161} INFO - Started process (PID=2603) to work on /home/airflow/.local/lib/python3.8/site-packages/airflow/example_dags/example_short_circuit_operator.py
[2025-04-05T14:22:52.757+0000] {processor.py:830} INFO - Processing file /home/airflow/.local/lib/python3.8/site-packages/airflow/example_dags/example_short_circuit_operator.py for tasks to queue
[2025-04-05T14:22:52.758+0000] {logging_mixin.py:188} INFO - [2025-04-05T14:22:52.758+0000] {dagbag.py:538} INFO - Filling up the DagBag from /home/airflow/.local/lib/python3.8/site-packages/airflow/example_dags/example_short_circuit_operator.py
[2025-04-05T14:22:52.766+0000] {processor.py:840} INFO - DAG(s) 'example_short_circuit_operator' retrieved from /home/airflow/.local/lib/python3.8/site-packages/airflow/example_dags/example_short_circuit_operator.py
[2025-04-05T14:22:52.794+0000] {logging_mixin.py:188} INFO - [2025-04-05T14:22:52.793+0000] {dag.py:3036} INFO - Sync 1 DAGs
[2025-04-05T14:22:52.815+0000] {logging_mixin.py:188} INFO - [2025-04-05T14:22:52.815+0000] {dag.py:3823} INFO - Setting next_dagrun for example_short_circuit_operator to 2025-04-04 00:00:00+00:00, run_after=2025-04-05 00:00:00+00:00
[2025-04-05T14:22:52.834+0000] {processor.py:183} INFO - Processing /home/airflow/.local/lib/python3.8/site-packages/airflow/example_dags/example_short_circuit_operator.py took 0.081 seconds
[2025-04-05T14:23:23.013+0000] {processor.py:161} INFO - Started process (PID=2850) to work on /home/airflow/.local/lib/python3.8/site-packages/airflow/example_dags/example_short_circuit_operator.py
[2025-04-05T14:23:23.014+0000] {processor.py:830} INFO - Processing file /home/airflow/.local/lib/python3.8/site-packages/airflow/example_dags/example_short_circuit_operator.py for tasks to queue
[2025-04-05T14:23:23.015+0000] {logging_mixin.py:188} INFO - [2025-04-05T14:23:23.015+0000] {dagbag.py:538} INFO - Filling up the DagBag from /home/airflow/.local/lib/python3.8/site-packages/airflow/example_dags/example_short_circuit_operator.py
[2025-04-05T14:23:23.023+0000] {processor.py:840} INFO - DAG(s) 'example_short_circuit_operator' retrieved from /home/airflow/.local/lib/python3.8/site-packages/airflow/example_dags/example_short_circuit_operator.py
[2025-04-05T14:23:23.047+0000] {logging_mixin.py:188} INFO - [2025-04-05T14:23:23.046+0000] {dag.py:3036} INFO - Sync 1 DAGs
[2025-04-05T14:23:23.070+0000] {logging_mixin.py:188} INFO - [2025-04-05T14:23:23.069+0000] {dag.py:3823} INFO - Setting next_dagrun for example_short_circuit_operator to 2025-04-04 00:00:00+00:00, run_after=2025-04-05 00:00:00+00:00
[2025-04-05T14:23:23.092+0000] {processor.py:183} INFO - Processing /home/airflow/.local/lib/python3.8/site-packages/airflow/example_dags/example_short_circuit_operator.py took 0.082 seconds
[2025-04-05T14:23:53.204+0000] {processor.py:161} INFO - Started process (PID=3097) to work on /home/airflow/.local/lib/python3.8/site-packages/airflow/example_dags/example_short_circuit_operator.py
[2025-04-05T14:23:53.205+0000] {processor.py:830} INFO - Processing file /home/airflow/.local/lib/python3.8/site-packages/airflow/example_dags/example_short_circuit_operator.py for tasks to queue
[2025-04-05T14:23:53.206+0000] {logging_mixin.py:188} INFO - [2025-04-05T14:23:53.206+0000] {dagbag.py:538} INFO - Filling up the DagBag from /home/airflow/.local/lib/python3.8/site-packages/airflow/example_dags/example_short_circuit_operator.py
[2025-04-05T14:23:53.214+0000] {processor.py:840} INFO - DAG(s) 'example_short_circuit_operator' retrieved from /home/airflow/.local/lib/python3.8/site-packages/airflow/example_dags/example_short_circuit_operator.py
[2025-04-05T14:23:53.238+0000] {logging_mixin.py:188} INFO - [2025-04-05T14:23:53.238+0000] {dag.py:3036} INFO - Sync 1 DAGs
[2025-04-05T14:23:53.262+0000] {logging_mixin.py:188} INFO - [2025-04-05T14:23:53.262+0000] {dag.py:3823} INFO - Setting next_dagrun for example_short_circuit_operator to 2025-04-04 00:00:00+00:00, run_after=2025-04-05 00:00:00+00:00
[2025-04-05T14:23:53.287+0000] {processor.py:183} INFO - Processing /home/airflow/.local/lib/python3.8/site-packages/airflow/example_dags/example_short_circuit_operator.py took 0.086 seconds
[2025-04-05T14:24:24.233+0000] {processor.py:161} INFO - Started process (PID=3344) to work on /home/airflow/.local/lib/python3.8/site-packages/airflow/example_dags/example_short_circuit_operator.py
[2025-04-05T14:24:24.234+0000] {processor.py:830} INFO - Processing file /home/airflow/.local/lib/python3.8/site-packages/airflow/example_dags/example_short_circuit_operator.py for tasks to queue
[2025-04-05T14:24:24.235+0000] {logging_mixin.py:188} INFO - [2025-04-05T14:24:24.235+0000] {dagbag.py:538} INFO - Filling up the DagBag from /home/airflow/.local/lib/python3.8/site-packages/airflow/example_dags/example_short_circuit_operator.py
[2025-04-05T14:24:24.244+0000] {processor.py:840} INFO - DAG(s) 'example_short_circuit_operator' retrieved from /home/airflow/.local/lib/python3.8/site-packages/airflow/example_dags/example_short_circuit_operator.py
[2025-04-05T14:24:24.269+0000] {logging_mixin.py:188} INFO - [2025-04-05T14:24:24.269+0000] {dag.py:3036} INFO - Sync 1 DAGs
[2025-04-05T14:24:24.293+0000] {logging_mixin.py:188} INFO - [2025-04-05T14:24:24.293+0000] {dag.py:3823} INFO - Setting next_dagrun for example_short_circuit_operator to 2025-04-04 00:00:00+00:00, run_after=2025-04-05 00:00:00+00:00
[2025-04-05T14:24:24.316+0000] {processor.py:183} INFO - Processing /home/airflow/.local/lib/python3.8/site-packages/airflow/example_dags/example_short_circuit_operator.py took 0.086 seconds
[2025-04-05T14:24:54.398+0000] {processor.py:161} INFO - Started process (PID=3591) to work on /home/airflow/.local/lib/python3.8/site-packages/airflow/example_dags/example_short_circuit_operator.py
[2025-04-05T14:24:54.399+0000] {processor.py:830} INFO - Processing file /home/airflow/.local/lib/python3.8/site-packages/airflow/example_dags/example_short_circuit_operator.py for tasks to queue
[2025-04-05T14:24:54.400+0000] {logging_mixin.py:188} INFO - [2025-04-05T14:24:54.400+0000] {dagbag.py:538} INFO - Filling up the DagBag from /home/airflow/.local/lib/python3.8/site-packages/airflow/example_dags/example_short_circuit_operator.py
[2025-04-05T14:24:54.409+0000] {processor.py:840} INFO - DAG(s) 'example_short_circuit_operator' retrieved from /home/airflow/.local/lib/python3.8/site-packages/airflow/example_dags/example_short_circuit_operator.py
[2025-04-05T14:24:54.432+0000] {logging_mixin.py:188} INFO - [2025-04-05T14:24:54.431+0000] {dag.py:3036} INFO - Sync 1 DAGs
[2025-04-05T14:24:54.451+0000] {logging_mixin.py:188} INFO - [2025-04-05T14:24:54.451+0000] {dag.py:3823} INFO - Setting next_dagrun for example_short_circuit_operator to 2025-04-04 00:00:00+00:00, run_after=2025-04-05 00:00:00+00:00
[2025-04-05T14:24:54.470+0000] {processor.py:183} INFO - Processing /home/airflow/.local/lib/python3.8/site-packages/airflow/example_dags/example_short_circuit_operator.py took 0.076 seconds
[2025-04-05T14:25:24.824+0000] {processor.py:161} INFO - Started process (PID=3838) to work on /home/airflow/.local/lib/python3.8/site-packages/airflow/example_dags/example_short_circuit_operator.py
[2025-04-05T14:25:24.826+0000] {processor.py:830} INFO - Processing file /home/airflow/.local/lib/python3.8/site-packages/airflow/example_dags/example_short_circuit_operator.py for tasks to queue
[2025-04-05T14:25:24.827+0000] {logging_mixin.py:188} INFO - [2025-04-05T14:25:24.827+0000] {dagbag.py:538} INFO - Filling up the DagBag from /home/airflow/.local/lib/python3.8/site-packages/airflow/example_dags/example_short_circuit_operator.py
[2025-04-05T14:25:24.836+0000] {processor.py:840} INFO - DAG(s) 'example_short_circuit_operator' retrieved from /home/airflow/.local/lib/python3.8/site-packages/airflow/example_dags/example_short_circuit_operator.py
[2025-04-05T14:25:24.863+0000] {logging_mixin.py:188} INFO - [2025-04-05T14:25:24.863+0000] {dag.py:3036} INFO - Sync 1 DAGs
[2025-04-05T14:25:24.884+0000] {logging_mixin.py:188} INFO - [2025-04-05T14:25:24.884+0000] {dag.py:3823} INFO - Setting next_dagrun for example_short_circuit_operator to 2025-04-04 00:00:00+00:00, run_after=2025-04-05 00:00:00+00:00
[2025-04-05T14:25:24.908+0000] {processor.py:183} INFO - Processing /home/airflow/.local/lib/python3.8/site-packages/airflow/example_dags/example_short_circuit_operator.py took 0.086 seconds
[2025-04-05T14:25:55.908+0000] {processor.py:161} INFO - Started process (PID=4085) to work on /home/airflow/.local/lib/python3.8/site-packages/airflow/example_dags/example_short_circuit_operator.py
[2025-04-05T14:25:55.909+0000] {processor.py:830} INFO - Processing file /home/airflow/.local/lib/python3.8/site-packages/airflow/example_dags/example_short_circuit_operator.py for tasks to queue
[2025-04-05T14:25:55.910+0000] {logging_mixin.py:188} INFO - [2025-04-05T14:25:55.910+0000] {dagbag.py:538} INFO - Filling up the DagBag from /home/airflow/.local/lib/python3.8/site-packages/airflow/example_dags/example_short_circuit_operator.py
[2025-04-05T14:25:55.917+0000] {processor.py:840} INFO - DAG(s) 'example_short_circuit_operator' retrieved from /home/airflow/.local/lib/python3.8/site-packages/airflow/example_dags/example_short_circuit_operator.py
[2025-04-05T14:25:55.940+0000] {logging_mixin.py:188} INFO - [2025-04-05T14:25:55.939+0000] {dag.py:3036} INFO - Sync 1 DAGs
[2025-04-05T14:25:55.960+0000] {logging_mixin.py:188} INFO - [2025-04-05T14:25:55.960+0000] {dag.py:3823} INFO - Setting next_dagrun for example_short_circuit_operator to 2025-04-04 00:00:00+00:00, run_after=2025-04-05 00:00:00+00:00
[2025-04-05T14:25:55.980+0000] {processor.py:183} INFO - Processing /home/airflow/.local/lib/python3.8/site-packages/airflow/example_dags/example_short_circuit_operator.py took 0.076 seconds
[2025-04-05T14:26:26.660+0000] {processor.py:161} INFO - Started process (PID=4332) to work on /home/airflow/.local/lib/python3.8/site-packages/airflow/example_dags/example_short_circuit_operator.py
[2025-04-05T14:26:26.662+0000] {processor.py:830} INFO - Processing file /home/airflow/.local/lib/python3.8/site-packages/airflow/example_dags/example_short_circuit_operator.py for tasks to queue
[2025-04-05T14:26:26.662+0000] {logging_mixin.py:188} INFO - [2025-04-05T14:26:26.662+0000] {dagbag.py:538} INFO - Filling up the DagBag from /home/airflow/.local/lib/python3.8/site-packages/airflow/example_dags/example_short_circuit_operator.py
[2025-04-05T14:26:26.670+0000] {processor.py:840} INFO - DAG(s) 'example_short_circuit_operator' retrieved from /home/airflow/.local/lib/python3.8/site-packages/airflow/example_dags/example_short_circuit_operator.py
[2025-04-05T14:26:26.694+0000] {logging_mixin.py:188} INFO - [2025-04-05T14:26:26.693+0000] {dag.py:3036} INFO - Sync 1 DAGs
[2025-04-05T14:26:26.716+0000] {logging_mixin.py:188} INFO - [2025-04-05T14:26:26.716+0000] {dag.py:3823} INFO - Setting next_dagrun for example_short_circuit_operator to 2025-04-04 00:00:00+00:00, run_after=2025-04-05 00:00:00+00:00
[2025-04-05T14:26:26.738+0000] {processor.py:183} INFO - Processing /home/airflow/.local/lib/python3.8/site-packages/airflow/example_dags/example_short_circuit_operator.py took 0.081 seconds
[2025-04-05T14:28:37.119+0000] {processor.py:161} INFO - Started process (PID=373) to work on /home/airflow/.local/lib/python3.8/site-packages/airflow/example_dags/example_short_circuit_operator.py
[2025-04-05T14:28:37.120+0000] {processor.py:830} INFO - Processing file /home/airflow/.local/lib/python3.8/site-packages/airflow/example_dags/example_short_circuit_operator.py for tasks to queue
[2025-04-05T14:28:37.121+0000] {logging_mixin.py:188} INFO - [2025-04-05T14:28:37.121+0000] {dagbag.py:538} INFO - Filling up the DagBag from /home/airflow/.local/lib/python3.8/site-packages/airflow/example_dags/example_short_circuit_operator.py
[2025-04-05T14:28:37.129+0000] {processor.py:840} INFO - DAG(s) 'example_short_circuit_operator' retrieved from /home/airflow/.local/lib/python3.8/site-packages/airflow/example_dags/example_short_circuit_operator.py
[2025-04-05T14:28:37.142+0000] {logging_mixin.py:188} INFO - [2025-04-05T14:28:37.141+0000] {dag.py:3036} INFO - Sync 1 DAGs
[2025-04-05T14:28:37.173+0000] {logging_mixin.py:188} INFO - [2025-04-05T14:28:37.172+0000] {dag.py:3823} INFO - Setting next_dagrun for example_short_circuit_operator to 2025-04-04 00:00:00+00:00, run_after=2025-04-05 00:00:00+00:00
[2025-04-05T14:28:37.206+0000] {processor.py:183} INFO - Processing /home/airflow/.local/lib/python3.8/site-packages/airflow/example_dags/example_short_circuit_operator.py took 0.090 seconds
[2025-04-05T14:29:08.810+0000] {processor.py:161} INFO - Started process (PID=620) to work on /home/airflow/.local/lib/python3.8/site-packages/airflow/example_dags/example_short_circuit_operator.py
[2025-04-05T14:29:08.811+0000] {processor.py:830} INFO - Processing file /home/airflow/.local/lib/python3.8/site-packages/airflow/example_dags/example_short_circuit_operator.py for tasks to queue
[2025-04-05T14:29:08.812+0000] {logging_mixin.py:188} INFO - [2025-04-05T14:29:08.812+0000] {dagbag.py:538} INFO - Filling up the DagBag from /home/airflow/.local/lib/python3.8/site-packages/airflow/example_dags/example_short_circuit_operator.py
[2025-04-05T14:29:08.819+0000] {processor.py:840} INFO - DAG(s) 'example_short_circuit_operator' retrieved from /home/airflow/.local/lib/python3.8/site-packages/airflow/example_dags/example_short_circuit_operator.py
[2025-04-05T14:29:08.927+0000] {logging_mixin.py:188} INFO - [2025-04-05T14:29:08.927+0000] {dag.py:3036} INFO - Sync 1 DAGs
[2025-04-05T14:29:08.949+0000] {logging_mixin.py:188} INFO - [2025-04-05T14:29:08.949+0000] {dag.py:3823} INFO - Setting next_dagrun for example_short_circuit_operator to 2025-04-04 00:00:00+00:00, run_after=2025-04-05 00:00:00+00:00
[2025-04-05T14:29:08.969+0000] {processor.py:183} INFO - Processing /home/airflow/.local/lib/python3.8/site-packages/airflow/example_dags/example_short_circuit_operator.py took 0.162 seconds
[2025-04-05T14:29:39.289+0000] {processor.py:161} INFO - Started process (PID=867) to work on /home/airflow/.local/lib/python3.8/site-packages/airflow/example_dags/example_short_circuit_operator.py
[2025-04-05T14:29:39.291+0000] {processor.py:830} INFO - Processing file /home/airflow/.local/lib/python3.8/site-packages/airflow/example_dags/example_short_circuit_operator.py for tasks to queue
[2025-04-05T14:29:39.292+0000] {logging_mixin.py:188} INFO - [2025-04-05T14:29:39.291+0000] {dagbag.py:538} INFO - Filling up the DagBag from /home/airflow/.local/lib/python3.8/site-packages/airflow/example_dags/example_short_circuit_operator.py
[2025-04-05T14:29:39.299+0000] {processor.py:840} INFO - DAG(s) 'example_short_circuit_operator' retrieved from /home/airflow/.local/lib/python3.8/site-packages/airflow/example_dags/example_short_circuit_operator.py
[2025-04-05T14:29:39.326+0000] {logging_mixin.py:188} INFO - [2025-04-05T14:29:39.326+0000] {dag.py:3036} INFO - Sync 1 DAGs
[2025-04-05T14:29:39.348+0000] {logging_mixin.py:188} INFO - [2025-04-05T14:29:39.348+0000] {dag.py:3823} INFO - Setting next_dagrun for example_short_circuit_operator to 2025-04-04 00:00:00+00:00, run_after=2025-04-05 00:00:00+00:00
[2025-04-05T14:29:39.368+0000] {processor.py:183} INFO - Processing /home/airflow/.local/lib/python3.8/site-packages/airflow/example_dags/example_short_circuit_operator.py took 0.083 seconds
[2025-04-05T14:30:09.767+0000] {processor.py:161} INFO - Started process (PID=1114) to work on /home/airflow/.local/lib/python3.8/site-packages/airflow/example_dags/example_short_circuit_operator.py
[2025-04-05T14:30:09.768+0000] {processor.py:830} INFO - Processing file /home/airflow/.local/lib/python3.8/site-packages/airflow/example_dags/example_short_circuit_operator.py for tasks to queue
[2025-04-05T14:30:09.769+0000] {logging_mixin.py:188} INFO - [2025-04-05T14:30:09.769+0000] {dagbag.py:538} INFO - Filling up the DagBag from /home/airflow/.local/lib/python3.8/site-packages/airflow/example_dags/example_short_circuit_operator.py
[2025-04-05T14:30:09.777+0000] {processor.py:840} INFO - DAG(s) 'example_short_circuit_operator' retrieved from /home/airflow/.local/lib/python3.8/site-packages/airflow/example_dags/example_short_circuit_operator.py
[2025-04-05T14:30:09.799+0000] {logging_mixin.py:188} INFO - [2025-04-05T14:30:09.799+0000] {dag.py:3036} INFO - Sync 1 DAGs
[2025-04-05T14:30:09.821+0000] {logging_mixin.py:188} INFO - [2025-04-05T14:30:09.820+0000] {dag.py:3823} INFO - Setting next_dagrun for example_short_circuit_operator to 2025-04-04 00:00:00+00:00, run_after=2025-04-05 00:00:00+00:00
[2025-04-05T14:30:09.846+0000] {processor.py:183} INFO - Processing /home/airflow/.local/lib/python3.8/site-packages/airflow/example_dags/example_short_circuit_operator.py took 0.081 seconds
[2025-04-05T14:30:40.575+0000] {processor.py:161} INFO - Started process (PID=1361) to work on /home/airflow/.local/lib/python3.8/site-packages/airflow/example_dags/example_short_circuit_operator.py
[2025-04-05T14:30:40.576+0000] {processor.py:830} INFO - Processing file /home/airflow/.local/lib/python3.8/site-packages/airflow/example_dags/example_short_circuit_operator.py for tasks to queue
[2025-04-05T14:30:40.577+0000] {logging_mixin.py:188} INFO - [2025-04-05T14:30:40.577+0000] {dagbag.py:538} INFO - Filling up the DagBag from /home/airflow/.local/lib/python3.8/site-packages/airflow/example_dags/example_short_circuit_operator.py
[2025-04-05T14:30:40.585+0000] {processor.py:840} INFO - DAG(s) 'example_short_circuit_operator' retrieved from /home/airflow/.local/lib/python3.8/site-packages/airflow/example_dags/example_short_circuit_operator.py
[2025-04-05T14:30:40.614+0000] {logging_mixin.py:188} INFO - [2025-04-05T14:30:40.614+0000] {dag.py:3036} INFO - Sync 1 DAGs
[2025-04-05T14:30:40.635+0000] {logging_mixin.py:188} INFO - [2025-04-05T14:30:40.635+0000] {dag.py:3823} INFO - Setting next_dagrun for example_short_circuit_operator to 2025-04-04 00:00:00+00:00, run_after=2025-04-05 00:00:00+00:00
[2025-04-05T14:30:40.657+0000] {processor.py:183} INFO - Processing /home/airflow/.local/lib/python3.8/site-packages/airflow/example_dags/example_short_circuit_operator.py took 0.085 seconds
[2025-04-05T14:31:12.838+0000] {processor.py:161} INFO - Started process (PID=1608) to work on /home/airflow/.local/lib/python3.8/site-packages/airflow/example_dags/example_short_circuit_operator.py
[2025-04-05T14:31:12.840+0000] {processor.py:830} INFO - Processing file /home/airflow/.local/lib/python3.8/site-packages/airflow/example_dags/example_short_circuit_operator.py for tasks to queue
[2025-04-05T14:31:12.841+0000] {logging_mixin.py:188} INFO - [2025-04-05T14:31:12.841+0000] {dagbag.py:538} INFO - Filling up the DagBag from /home/airflow/.local/lib/python3.8/site-packages/airflow/example_dags/example_short_circuit_operator.py
[2025-04-05T14:31:12.853+0000] {processor.py:840} INFO - DAG(s) 'example_short_circuit_operator' retrieved from /home/airflow/.local/lib/python3.8/site-packages/airflow/example_dags/example_short_circuit_operator.py
[2025-04-05T14:31:12.884+0000] {logging_mixin.py:188} INFO - [2025-04-05T14:31:12.884+0000] {dag.py:3036} INFO - Sync 1 DAGs
[2025-04-05T14:31:12.910+0000] {logging_mixin.py:188} INFO - [2025-04-05T14:31:12.909+0000] {dag.py:3823} INFO - Setting next_dagrun for example_short_circuit_operator to 2025-04-04 00:00:00+00:00, run_after=2025-04-05 00:00:00+00:00
[2025-04-05T14:31:12.934+0000] {processor.py:183} INFO - Processing /home/airflow/.local/lib/python3.8/site-packages/airflow/example_dags/example_short_circuit_operator.py took 0.099 seconds
[2025-04-05T14:31:42.979+0000] {processor.py:161} INFO - Started process (PID=1857) to work on /home/airflow/.local/lib/python3.8/site-packages/airflow/example_dags/example_short_circuit_operator.py
[2025-04-05T14:31:42.980+0000] {processor.py:830} INFO - Processing file /home/airflow/.local/lib/python3.8/site-packages/airflow/example_dags/example_short_circuit_operator.py for tasks to queue
[2025-04-05T14:31:42.982+0000] {logging_mixin.py:188} INFO - [2025-04-05T14:31:42.981+0000] {dagbag.py:538} INFO - Filling up the DagBag from /home/airflow/.local/lib/python3.8/site-packages/airflow/example_dags/example_short_circuit_operator.py
[2025-04-05T14:31:42.989+0000] {processor.py:840} INFO - DAG(s) 'example_short_circuit_operator' retrieved from /home/airflow/.local/lib/python3.8/site-packages/airflow/example_dags/example_short_circuit_operator.py
[2025-04-05T14:31:43.013+0000] {logging_mixin.py:188} INFO - [2025-04-05T14:31:43.013+0000] {dag.py:3036} INFO - Sync 1 DAGs
[2025-04-05T14:31:43.036+0000] {logging_mixin.py:188} INFO - [2025-04-05T14:31:43.035+0000] {dag.py:3823} INFO - Setting next_dagrun for example_short_circuit_operator to 2025-04-04 00:00:00+00:00, run_after=2025-04-05 00:00:00+00:00
[2025-04-05T14:31:43.062+0000] {processor.py:183} INFO - Processing /home/airflow/.local/lib/python3.8/site-packages/airflow/example_dags/example_short_circuit_operator.py took 0.086 seconds
[2025-04-05T14:32:13.341+0000] {processor.py:161} INFO - Started process (PID=2104) to work on /home/airflow/.local/lib/python3.8/site-packages/airflow/example_dags/example_short_circuit_operator.py
[2025-04-05T14:32:13.342+0000] {processor.py:830} INFO - Processing file /home/airflow/.local/lib/python3.8/site-packages/airflow/example_dags/example_short_circuit_operator.py for tasks to queue
[2025-04-05T14:32:13.343+0000] {logging_mixin.py:188} INFO - [2025-04-05T14:32:13.343+0000] {dagbag.py:538} INFO - Filling up the DagBag from /home/airflow/.local/lib/python3.8/site-packages/airflow/example_dags/example_short_circuit_operator.py
[2025-04-05T14:32:13.350+0000] {processor.py:840} INFO - DAG(s) 'example_short_circuit_operator' retrieved from /home/airflow/.local/lib/python3.8/site-packages/airflow/example_dags/example_short_circuit_operator.py
[2025-04-05T14:32:13.370+0000] {logging_mixin.py:188} INFO - [2025-04-05T14:32:13.370+0000] {dag.py:3036} INFO - Sync 1 DAGs
[2025-04-05T14:32:13.390+0000] {logging_mixin.py:188} INFO - [2025-04-05T14:32:13.390+0000] {dag.py:3823} INFO - Setting next_dagrun for example_short_circuit_operator to 2025-04-04 00:00:00+00:00, run_after=2025-04-05 00:00:00+00:00
[2025-04-05T14:32:13.412+0000] {processor.py:183} INFO - Processing /home/airflow/.local/lib/python3.8/site-packages/airflow/example_dags/example_short_circuit_operator.py took 0.074 seconds
[2025-04-05T14:32:44.370+0000] {processor.py:161} INFO - Started process (PID=2351) to work on /home/airflow/.local/lib/python3.8/site-packages/airflow/example_dags/example_short_circuit_operator.py
[2025-04-05T14:32:44.372+0000] {processor.py:830} INFO - Processing file /home/airflow/.local/lib/python3.8/site-packages/airflow/example_dags/example_short_circuit_operator.py for tasks to queue
[2025-04-05T14:32:44.373+0000] {logging_mixin.py:188} INFO - [2025-04-05T14:32:44.373+0000] {dagbag.py:538} INFO - Filling up the DagBag from /home/airflow/.local/lib/python3.8/site-packages/airflow/example_dags/example_short_circuit_operator.py
[2025-04-05T14:32:44.383+0000] {processor.py:840} INFO - DAG(s) 'example_short_circuit_operator' retrieved from /home/airflow/.local/lib/python3.8/site-packages/airflow/example_dags/example_short_circuit_operator.py
[2025-04-05T14:32:44.408+0000] {logging_mixin.py:188} INFO - [2025-04-05T14:32:44.408+0000] {dag.py:3036} INFO - Sync 1 DAGs
[2025-04-05T14:32:44.431+0000] {logging_mixin.py:188} INFO - [2025-04-05T14:32:44.431+0000] {dag.py:3823} INFO - Setting next_dagrun for example_short_circuit_operator to 2025-04-04 00:00:00+00:00, run_after=2025-04-05 00:00:00+00:00
[2025-04-05T14:32:44.454+0000] {processor.py:183} INFO - Processing /home/airflow/.local/lib/python3.8/site-packages/airflow/example_dags/example_short_circuit_operator.py took 0.087 seconds
[2025-04-05T14:33:14.691+0000] {processor.py:161} INFO - Started process (PID=2598) to work on /home/airflow/.local/lib/python3.8/site-packages/airflow/example_dags/example_short_circuit_operator.py
[2025-04-05T14:33:14.692+0000] {processor.py:830} INFO - Processing file /home/airflow/.local/lib/python3.8/site-packages/airflow/example_dags/example_short_circuit_operator.py for tasks to queue
[2025-04-05T14:33:14.693+0000] {logging_mixin.py:188} INFO - [2025-04-05T14:33:14.693+0000] {dagbag.py:538} INFO - Filling up the DagBag from /home/airflow/.local/lib/python3.8/site-packages/airflow/example_dags/example_short_circuit_operator.py
[2025-04-05T14:33:14.700+0000] {processor.py:840} INFO - DAG(s) 'example_short_circuit_operator' retrieved from /home/airflow/.local/lib/python3.8/site-packages/airflow/example_dags/example_short_circuit_operator.py
[2025-04-05T14:33:14.721+0000] {logging_mixin.py:188} INFO - [2025-04-05T14:33:14.721+0000] {dag.py:3036} INFO - Sync 1 DAGs
[2025-04-05T14:33:14.742+0000] {logging_mixin.py:188} INFO - [2025-04-05T14:33:14.742+0000] {dag.py:3823} INFO - Setting next_dagrun for example_short_circuit_operator to 2025-04-04 00:00:00+00:00, run_after=2025-04-05 00:00:00+00:00
[2025-04-05T14:33:14.763+0000] {processor.py:183} INFO - Processing /home/airflow/.local/lib/python3.8/site-packages/airflow/example_dags/example_short_circuit_operator.py took 0.075 seconds
[2025-04-05T14:33:44.893+0000] {processor.py:161} INFO - Started process (PID=2843) to work on /home/airflow/.local/lib/python3.8/site-packages/airflow/example_dags/example_short_circuit_operator.py
[2025-04-05T14:33:44.894+0000] {processor.py:830} INFO - Processing file /home/airflow/.local/lib/python3.8/site-packages/airflow/example_dags/example_short_circuit_operator.py for tasks to queue
[2025-04-05T14:33:44.895+0000] {logging_mixin.py:188} INFO - [2025-04-05T14:33:44.895+0000] {dagbag.py:538} INFO - Filling up the DagBag from /home/airflow/.local/lib/python3.8/site-packages/airflow/example_dags/example_short_circuit_operator.py
[2025-04-05T14:33:44.902+0000] {processor.py:840} INFO - DAG(s) 'example_short_circuit_operator' retrieved from /home/airflow/.local/lib/python3.8/site-packages/airflow/example_dags/example_short_circuit_operator.py
[2025-04-05T14:33:44.927+0000] {logging_mixin.py:188} INFO - [2025-04-05T14:33:44.927+0000] {dag.py:3036} INFO - Sync 1 DAGs
[2025-04-05T14:33:44.949+0000] {logging_mixin.py:188} INFO - [2025-04-05T14:33:44.948+0000] {dag.py:3823} INFO - Setting next_dagrun for example_short_circuit_operator to 2025-04-04 00:00:00+00:00, run_after=2025-04-05 00:00:00+00:00
[2025-04-05T14:33:44.967+0000] {processor.py:183} INFO - Processing /home/airflow/.local/lib/python3.8/site-packages/airflow/example_dags/example_short_circuit_operator.py took 0.078 seconds
[2025-04-05T14:34:15.179+0000] {processor.py:161} INFO - Started process (PID=3090) to work on /home/airflow/.local/lib/python3.8/site-packages/airflow/example_dags/example_short_circuit_operator.py
[2025-04-05T14:34:15.180+0000] {processor.py:830} INFO - Processing file /home/airflow/.local/lib/python3.8/site-packages/airflow/example_dags/example_short_circuit_operator.py for tasks to queue
[2025-04-05T14:34:15.181+0000] {logging_mixin.py:188} INFO - [2025-04-05T14:34:15.181+0000] {dagbag.py:538} INFO - Filling up the DagBag from /home/airflow/.local/lib/python3.8/site-packages/airflow/example_dags/example_short_circuit_operator.py
[2025-04-05T14:34:15.190+0000] {processor.py:840} INFO - DAG(s) 'example_short_circuit_operator' retrieved from /home/airflow/.local/lib/python3.8/site-packages/airflow/example_dags/example_short_circuit_operator.py
[2025-04-05T14:34:15.220+0000] {logging_mixin.py:188} INFO - [2025-04-05T14:34:15.219+0000] {dag.py:3036} INFO - Sync 1 DAGs
[2025-04-05T14:34:15.254+0000] {logging_mixin.py:188} INFO - [2025-04-05T14:34:15.253+0000] {dag.py:3823} INFO - Setting next_dagrun for example_short_circuit_operator to 2025-04-04 00:00:00+00:00, run_after=2025-04-05 00:00:00+00:00
[2025-04-05T14:34:15.274+0000] {processor.py:183} INFO - Processing /home/airflow/.local/lib/python3.8/site-packages/airflow/example_dags/example_short_circuit_operator.py took 0.099 seconds
[2025-04-05T14:34:45.702+0000] {processor.py:161} INFO - Started process (PID=3339) to work on /home/airflow/.local/lib/python3.8/site-packages/airflow/example_dags/example_short_circuit_operator.py
[2025-04-05T14:34:45.703+0000] {processor.py:830} INFO - Processing file /home/airflow/.local/lib/python3.8/site-packages/airflow/example_dags/example_short_circuit_operator.py for tasks to queue
[2025-04-05T14:34:45.704+0000] {logging_mixin.py:188} INFO - [2025-04-05T14:34:45.704+0000] {dagbag.py:538} INFO - Filling up the DagBag from /home/airflow/.local/lib/python3.8/site-packages/airflow/example_dags/example_short_circuit_operator.py
[2025-04-05T14:34:45.711+0000] {processor.py:840} INFO - DAG(s) 'example_short_circuit_operator' retrieved from /home/airflow/.local/lib/python3.8/site-packages/airflow/example_dags/example_short_circuit_operator.py
[2025-04-05T14:34:45.735+0000] {logging_mixin.py:188} INFO - [2025-04-05T14:34:45.734+0000] {dag.py:3036} INFO - Sync 1 DAGs
[2025-04-05T14:34:45.757+0000] {logging_mixin.py:188} INFO - [2025-04-05T14:34:45.757+0000] {dag.py:3823} INFO - Setting next_dagrun for example_short_circuit_operator to 2025-04-04 00:00:00+00:00, run_after=2025-04-05 00:00:00+00:00
[2025-04-05T14:34:45.781+0000] {processor.py:183} INFO - Processing /home/airflow/.local/lib/python3.8/site-packages/airflow/example_dags/example_short_circuit_operator.py took 0.082 seconds
[2025-04-05T16:40:56.492+0000] {processor.py:161} INFO - Started process (PID=266) to work on /home/airflow/.local/lib/python3.8/site-packages/airflow/example_dags/example_short_circuit_operator.py
[2025-04-05T16:40:56.506+0000] {processor.py:830} INFO - Processing file /home/airflow/.local/lib/python3.8/site-packages/airflow/example_dags/example_short_circuit_operator.py for tasks to queue
[2025-04-05T16:40:56.508+0000] {logging_mixin.py:188} INFO - [2025-04-05T16:40:56.507+0000] {dagbag.py:538} INFO - Filling up the DagBag from /home/airflow/.local/lib/python3.8/site-packages/airflow/example_dags/example_short_circuit_operator.py
[2025-04-05T16:40:56.525+0000] {processor.py:840} INFO - DAG(s) 'example_short_circuit_operator' retrieved from /home/airflow/.local/lib/python3.8/site-packages/airflow/example_dags/example_short_circuit_operator.py
[2025-04-05T16:40:56.751+0000] {logging_mixin.py:188} INFO - [2025-04-05T16:40:56.749+0000] {override.py:1769} INFO - Created Permission View: can edit on DAG:example_short_circuit_operator
[2025-04-05T16:40:56.791+0000] {logging_mixin.py:188} INFO - [2025-04-05T16:40:56.791+0000] {override.py:1769} INFO - Created Permission View: can delete on DAG:example_short_circuit_operator
[2025-04-05T16:40:56.833+0000] {logging_mixin.py:188} INFO - [2025-04-05T16:40:56.832+0000] {override.py:1769} INFO - Created Permission View: can read on DAG:example_short_circuit_operator
[2025-04-05T16:40:56.834+0000] {logging_mixin.py:188} INFO - [2025-04-05T16:40:56.834+0000] {dag.py:3036} INFO - Sync 1 DAGs
[2025-04-05T16:40:56.861+0000] {logging_mixin.py:188} INFO - [2025-04-05T16:40:56.860+0000] {dag.py:3058} INFO - Creating ORM DAG for example_short_circuit_operator
[2025-04-05T16:40:56.883+0000] {logging_mixin.py:188} INFO - [2025-04-05T16:40:56.883+0000] {dag.py:3823} INFO - Setting next_dagrun for example_short_circuit_operator to 2025-04-04 00:00:00+00:00, run_after=2025-04-05 00:00:00+00:00
[2025-04-05T16:40:56.929+0000] {processor.py:183} INFO - Processing /home/airflow/.local/lib/python3.8/site-packages/airflow/example_dags/example_short_circuit_operator.py took 0.443 seconds
[2025-04-05T16:41:27.766+0000] {processor.py:161} INFO - Started process (PID=513) to work on /home/airflow/.local/lib/python3.8/site-packages/airflow/example_dags/example_short_circuit_operator.py
[2025-04-05T16:41:27.768+0000] {processor.py:830} INFO - Processing file /home/airflow/.local/lib/python3.8/site-packages/airflow/example_dags/example_short_circuit_operator.py for tasks to queue
[2025-04-05T16:41:27.769+0000] {logging_mixin.py:188} INFO - [2025-04-05T16:41:27.768+0000] {dagbag.py:538} INFO - Filling up the DagBag from /home/airflow/.local/lib/python3.8/site-packages/airflow/example_dags/example_short_circuit_operator.py
[2025-04-05T16:41:27.776+0000] {processor.py:840} INFO - DAG(s) 'example_short_circuit_operator' retrieved from /home/airflow/.local/lib/python3.8/site-packages/airflow/example_dags/example_short_circuit_operator.py
[2025-04-05T16:41:27.798+0000] {logging_mixin.py:188} INFO - [2025-04-05T16:41:27.797+0000] {dag.py:3036} INFO - Sync 1 DAGs
[2025-04-05T16:41:27.818+0000] {logging_mixin.py:188} INFO - [2025-04-05T16:41:27.818+0000] {dag.py:3823} INFO - Setting next_dagrun for example_short_circuit_operator to 2025-04-04 00:00:00+00:00, run_after=2025-04-05 00:00:00+00:00
[2025-04-05T16:41:27.840+0000] {processor.py:183} INFO - Processing /home/airflow/.local/lib/python3.8/site-packages/airflow/example_dags/example_short_circuit_operator.py took 0.076 seconds
[2025-04-05T16:41:58.402+0000] {processor.py:161} INFO - Started process (PID=760) to work on /home/airflow/.local/lib/python3.8/site-packages/airflow/example_dags/example_short_circuit_operator.py
[2025-04-05T16:41:58.404+0000] {processor.py:830} INFO - Processing file /home/airflow/.local/lib/python3.8/site-packages/airflow/example_dags/example_short_circuit_operator.py for tasks to queue
[2025-04-05T16:41:58.405+0000] {logging_mixin.py:188} INFO - [2025-04-05T16:41:58.405+0000] {dagbag.py:538} INFO - Filling up the DagBag from /home/airflow/.local/lib/python3.8/site-packages/airflow/example_dags/example_short_circuit_operator.py
[2025-04-05T16:41:58.415+0000] {processor.py:840} INFO - DAG(s) 'example_short_circuit_operator' retrieved from /home/airflow/.local/lib/python3.8/site-packages/airflow/example_dags/example_short_circuit_operator.py
[2025-04-05T16:41:58.452+0000] {logging_mixin.py:188} INFO - [2025-04-05T16:41:58.452+0000] {dag.py:3036} INFO - Sync 1 DAGs
[2025-04-05T16:41:58.482+0000] {logging_mixin.py:188} INFO - [2025-04-05T16:41:58.482+0000] {dag.py:3823} INFO - Setting next_dagrun for example_short_circuit_operator to 2025-04-04 00:00:00+00:00, run_after=2025-04-05 00:00:00+00:00
[2025-04-05T16:41:58.508+0000] {processor.py:183} INFO - Processing /home/airflow/.local/lib/python3.8/site-packages/airflow/example_dags/example_short_circuit_operator.py took 0.109 seconds
[2025-04-05T16:42:28.555+0000] {processor.py:161} INFO - Started process (PID=1007) to work on /home/airflow/.local/lib/python3.8/site-packages/airflow/example_dags/example_short_circuit_operator.py
[2025-04-05T16:42:28.557+0000] {processor.py:830} INFO - Processing file /home/airflow/.local/lib/python3.8/site-packages/airflow/example_dags/example_short_circuit_operator.py for tasks to queue
[2025-04-05T16:42:28.558+0000] {logging_mixin.py:188} INFO - [2025-04-05T16:42:28.557+0000] {dagbag.py:538} INFO - Filling up the DagBag from /home/airflow/.local/lib/python3.8/site-packages/airflow/example_dags/example_short_circuit_operator.py
[2025-04-05T16:42:28.565+0000] {processor.py:840} INFO - DAG(s) 'example_short_circuit_operator' retrieved from /home/airflow/.local/lib/python3.8/site-packages/airflow/example_dags/example_short_circuit_operator.py
[2025-04-05T16:42:28.588+0000] {logging_mixin.py:188} INFO - [2025-04-05T16:42:28.588+0000] {dag.py:3036} INFO - Sync 1 DAGs
[2025-04-05T16:42:28.607+0000] {logging_mixin.py:188} INFO - [2025-04-05T16:42:28.607+0000] {dag.py:3823} INFO - Setting next_dagrun for example_short_circuit_operator to 2025-04-04 00:00:00+00:00, run_after=2025-04-05 00:00:00+00:00
[2025-04-05T16:42:28.688+0000] {processor.py:183} INFO - Processing /home/airflow/.local/lib/python3.8/site-packages/airflow/example_dags/example_short_circuit_operator.py took 0.135 seconds
[2025-04-05T16:42:58.837+0000] {processor.py:161} INFO - Started process (PID=1256) to work on /home/airflow/.local/lib/python3.8/site-packages/airflow/example_dags/example_short_circuit_operator.py
[2025-04-05T16:42:58.838+0000] {processor.py:830} INFO - Processing file /home/airflow/.local/lib/python3.8/site-packages/airflow/example_dags/example_short_circuit_operator.py for tasks to queue
[2025-04-05T16:42:58.839+0000] {logging_mixin.py:188} INFO - [2025-04-05T16:42:58.839+0000] {dagbag.py:538} INFO - Filling up the DagBag from /home/airflow/.local/lib/python3.8/site-packages/airflow/example_dags/example_short_circuit_operator.py
[2025-04-05T16:42:58.846+0000] {processor.py:840} INFO - DAG(s) 'example_short_circuit_operator' retrieved from /home/airflow/.local/lib/python3.8/site-packages/airflow/example_dags/example_short_circuit_operator.py
[2025-04-05T16:42:58.870+0000] {logging_mixin.py:188} INFO - [2025-04-05T16:42:58.870+0000] {dag.py:3036} INFO - Sync 1 DAGs
[2025-04-05T16:42:58.888+0000] {logging_mixin.py:188} INFO - [2025-04-05T16:42:58.888+0000] {dag.py:3823} INFO - Setting next_dagrun for example_short_circuit_operator to 2025-04-04 00:00:00+00:00, run_after=2025-04-05 00:00:00+00:00
[2025-04-05T16:42:58.909+0000] {processor.py:183} INFO - Processing /home/airflow/.local/lib/python3.8/site-packages/airflow/example_dags/example_short_circuit_operator.py took 0.075 seconds
[2025-04-05T16:43:29.164+0000] {processor.py:161} INFO - Started process (PID=1501) to work on /home/airflow/.local/lib/python3.8/site-packages/airflow/example_dags/example_short_circuit_operator.py
[2025-04-05T16:43:29.165+0000] {processor.py:830} INFO - Processing file /home/airflow/.local/lib/python3.8/site-packages/airflow/example_dags/example_short_circuit_operator.py for tasks to queue
[2025-04-05T16:43:29.167+0000] {logging_mixin.py:188} INFO - [2025-04-05T16:43:29.167+0000] {dagbag.py:538} INFO - Filling up the DagBag from /home/airflow/.local/lib/python3.8/site-packages/airflow/example_dags/example_short_circuit_operator.py
[2025-04-05T16:43:29.175+0000] {processor.py:840} INFO - DAG(s) 'example_short_circuit_operator' retrieved from /home/airflow/.local/lib/python3.8/site-packages/airflow/example_dags/example_short_circuit_operator.py
[2025-04-05T16:43:29.198+0000] {logging_mixin.py:188} INFO - [2025-04-05T16:43:29.198+0000] {dag.py:3036} INFO - Sync 1 DAGs
[2025-04-05T16:43:29.218+0000] {logging_mixin.py:188} INFO - [2025-04-05T16:43:29.218+0000] {dag.py:3823} INFO - Setting next_dagrun for example_short_circuit_operator to 2025-04-04 00:00:00+00:00, run_after=2025-04-05 00:00:00+00:00
[2025-04-05T16:43:29.266+0000] {processor.py:183} INFO - Processing /home/airflow/.local/lib/python3.8/site-packages/airflow/example_dags/example_short_circuit_operator.py took 0.106 seconds
[2025-04-05T16:43:59.309+0000] {processor.py:161} INFO - Started process (PID=1748) to work on /home/airflow/.local/lib/python3.8/site-packages/airflow/example_dags/example_short_circuit_operator.py
[2025-04-05T16:43:59.311+0000] {processor.py:830} INFO - Processing file /home/airflow/.local/lib/python3.8/site-packages/airflow/example_dags/example_short_circuit_operator.py for tasks to queue
[2025-04-05T16:43:59.312+0000] {logging_mixin.py:188} INFO - [2025-04-05T16:43:59.311+0000] {dagbag.py:538} INFO - Filling up the DagBag from /home/airflow/.local/lib/python3.8/site-packages/airflow/example_dags/example_short_circuit_operator.py
[2025-04-05T16:43:59.319+0000] {processor.py:840} INFO - DAG(s) 'example_short_circuit_operator' retrieved from /home/airflow/.local/lib/python3.8/site-packages/airflow/example_dags/example_short_circuit_operator.py
[2025-04-05T16:43:59.342+0000] {logging_mixin.py:188} INFO - [2025-04-05T16:43:59.341+0000] {dag.py:3036} INFO - Sync 1 DAGs
[2025-04-05T16:43:59.362+0000] {logging_mixin.py:188} INFO - [2025-04-05T16:43:59.362+0000] {dag.py:3823} INFO - Setting next_dagrun for example_short_circuit_operator to 2025-04-04 00:00:00+00:00, run_after=2025-04-05 00:00:00+00:00
[2025-04-05T16:43:59.385+0000] {processor.py:183} INFO - Processing /home/airflow/.local/lib/python3.8/site-packages/airflow/example_dags/example_short_circuit_operator.py took 0.078 seconds
[2025-04-05T16:44:29.501+0000] {processor.py:161} INFO - Started process (PID=1995) to work on /home/airflow/.local/lib/python3.8/site-packages/airflow/example_dags/example_short_circuit_operator.py
[2025-04-05T16:44:29.502+0000] {processor.py:830} INFO - Processing file /home/airflow/.local/lib/python3.8/site-packages/airflow/example_dags/example_short_circuit_operator.py for tasks to queue
[2025-04-05T16:44:29.503+0000] {logging_mixin.py:188} INFO - [2025-04-05T16:44:29.502+0000] {dagbag.py:538} INFO - Filling up the DagBag from /home/airflow/.local/lib/python3.8/site-packages/airflow/example_dags/example_short_circuit_operator.py
[2025-04-05T16:44:29.510+0000] {processor.py:840} INFO - DAG(s) 'example_short_circuit_operator' retrieved from /home/airflow/.local/lib/python3.8/site-packages/airflow/example_dags/example_short_circuit_operator.py
[2025-04-05T16:44:29.532+0000] {logging_mixin.py:188} INFO - [2025-04-05T16:44:29.532+0000] {dag.py:3036} INFO - Sync 1 DAGs
[2025-04-05T16:44:29.550+0000] {logging_mixin.py:188} INFO - [2025-04-05T16:44:29.550+0000] {dag.py:3823} INFO - Setting next_dagrun for example_short_circuit_operator to 2025-04-04 00:00:00+00:00, run_after=2025-04-05 00:00:00+00:00
[2025-04-05T16:44:29.575+0000] {processor.py:183} INFO - Processing /home/airflow/.local/lib/python3.8/site-packages/airflow/example_dags/example_short_circuit_operator.py took 0.077 seconds
[2025-04-05T16:44:59.617+0000] {processor.py:161} INFO - Started process (PID=2239) to work on /home/airflow/.local/lib/python3.8/site-packages/airflow/example_dags/example_short_circuit_operator.py
[2025-04-05T16:44:59.618+0000] {processor.py:830} INFO - Processing file /home/airflow/.local/lib/python3.8/site-packages/airflow/example_dags/example_short_circuit_operator.py for tasks to queue
[2025-04-05T16:44:59.619+0000] {logging_mixin.py:188} INFO - [2025-04-05T16:44:59.619+0000] {dagbag.py:538} INFO - Filling up the DagBag from /home/airflow/.local/lib/python3.8/site-packages/airflow/example_dags/example_short_circuit_operator.py
[2025-04-05T16:44:59.626+0000] {processor.py:840} INFO - DAG(s) 'example_short_circuit_operator' retrieved from /home/airflow/.local/lib/python3.8/site-packages/airflow/example_dags/example_short_circuit_operator.py
[2025-04-05T16:44:59.648+0000] {logging_mixin.py:188} INFO - [2025-04-05T16:44:59.648+0000] {dag.py:3036} INFO - Sync 1 DAGs
[2025-04-05T16:44:59.667+0000] {logging_mixin.py:188} INFO - [2025-04-05T16:44:59.667+0000] {dag.py:3823} INFO - Setting next_dagrun for example_short_circuit_operator to 2025-04-04 00:00:00+00:00, run_after=2025-04-05 00:00:00+00:00
[2025-04-05T16:44:59.687+0000] {processor.py:183} INFO - Processing /home/airflow/.local/lib/python3.8/site-packages/airflow/example_dags/example_short_circuit_operator.py took 0.073 seconds
[2025-04-05T16:45:30.045+0000] {processor.py:161} INFO - Started process (PID=2489) to work on /home/airflow/.local/lib/python3.8/site-packages/airflow/example_dags/example_short_circuit_operator.py
[2025-04-05T16:45:30.047+0000] {processor.py:830} INFO - Processing file /home/airflow/.local/lib/python3.8/site-packages/airflow/example_dags/example_short_circuit_operator.py for tasks to queue
[2025-04-05T16:45:30.048+0000] {logging_mixin.py:188} INFO - [2025-04-05T16:45:30.048+0000] {dagbag.py:538} INFO - Filling up the DagBag from /home/airflow/.local/lib/python3.8/site-packages/airflow/example_dags/example_short_circuit_operator.py
[2025-04-05T16:45:30.057+0000] {processor.py:840} INFO - DAG(s) 'example_short_circuit_operator' retrieved from /home/airflow/.local/lib/python3.8/site-packages/airflow/example_dags/example_short_circuit_operator.py
[2025-04-05T16:45:30.083+0000] {logging_mixin.py:188} INFO - [2025-04-05T16:45:30.083+0000] {dag.py:3036} INFO - Sync 1 DAGs
[2025-04-05T16:45:30.114+0000] {logging_mixin.py:188} INFO - [2025-04-05T16:45:30.113+0000] {dag.py:3823} INFO - Setting next_dagrun for example_short_circuit_operator to 2025-04-04 00:00:00+00:00, run_after=2025-04-05 00:00:00+00:00
[2025-04-05T16:45:30.146+0000] {processor.py:183} INFO - Processing /home/airflow/.local/lib/python3.8/site-packages/airflow/example_dags/example_short_circuit_operator.py took 0.104 seconds
[2025-04-05T16:46:00.887+0000] {processor.py:161} INFO - Started process (PID=2738) to work on /home/airflow/.local/lib/python3.8/site-packages/airflow/example_dags/example_short_circuit_operator.py
[2025-04-05T16:46:00.889+0000] {processor.py:830} INFO - Processing file /home/airflow/.local/lib/python3.8/site-packages/airflow/example_dags/example_short_circuit_operator.py for tasks to queue
[2025-04-05T16:46:00.891+0000] {logging_mixin.py:188} INFO - [2025-04-05T16:46:00.890+0000] {dagbag.py:538} INFO - Filling up the DagBag from /home/airflow/.local/lib/python3.8/site-packages/airflow/example_dags/example_short_circuit_operator.py
[2025-04-05T16:46:00.902+0000] {processor.py:840} INFO - DAG(s) 'example_short_circuit_operator' retrieved from /home/airflow/.local/lib/python3.8/site-packages/airflow/example_dags/example_short_circuit_operator.py
[2025-04-05T16:46:00.939+0000] {logging_mixin.py:188} INFO - [2025-04-05T16:46:00.938+0000] {dag.py:3036} INFO - Sync 1 DAGs
[2025-04-05T16:46:00.973+0000] {logging_mixin.py:188} INFO - [2025-04-05T16:46:00.972+0000] {dag.py:3823} INFO - Setting next_dagrun for example_short_circuit_operator to 2025-04-04 00:00:00+00:00, run_after=2025-04-05 00:00:00+00:00
[2025-04-05T16:46:01.002+0000] {processor.py:183} INFO - Processing /home/airflow/.local/lib/python3.8/site-packages/airflow/example_dags/example_short_circuit_operator.py took 0.120 seconds
[2025-04-05T16:46:31.079+0000] {processor.py:161} INFO - Started process (PID=2985) to work on /home/airflow/.local/lib/python3.8/site-packages/airflow/example_dags/example_short_circuit_operator.py
[2025-04-05T16:46:31.080+0000] {processor.py:830} INFO - Processing file /home/airflow/.local/lib/python3.8/site-packages/airflow/example_dags/example_short_circuit_operator.py for tasks to queue
[2025-04-05T16:46:31.081+0000] {logging_mixin.py:188} INFO - [2025-04-05T16:46:31.081+0000] {dagbag.py:538} INFO - Filling up the DagBag from /home/airflow/.local/lib/python3.8/site-packages/airflow/example_dags/example_short_circuit_operator.py
[2025-04-05T16:46:31.088+0000] {processor.py:840} INFO - DAG(s) 'example_short_circuit_operator' retrieved from /home/airflow/.local/lib/python3.8/site-packages/airflow/example_dags/example_short_circuit_operator.py
[2025-04-05T16:46:31.111+0000] {logging_mixin.py:188} INFO - [2025-04-05T16:46:31.111+0000] {dag.py:3036} INFO - Sync 1 DAGs
[2025-04-05T16:46:31.133+0000] {logging_mixin.py:188} INFO - [2025-04-05T16:46:31.132+0000] {dag.py:3823} INFO - Setting next_dagrun for example_short_circuit_operator to 2025-04-04 00:00:00+00:00, run_after=2025-04-05 00:00:00+00:00
[2025-04-05T16:46:31.153+0000] {processor.py:183} INFO - Processing /home/airflow/.local/lib/python3.8/site-packages/airflow/example_dags/example_short_circuit_operator.py took 0.077 seconds
[2025-04-05T16:47:01.208+0000] {processor.py:161} INFO - Started process (PID=3232) to work on /home/airflow/.local/lib/python3.8/site-packages/airflow/example_dags/example_short_circuit_operator.py
[2025-04-05T16:47:01.209+0000] {processor.py:830} INFO - Processing file /home/airflow/.local/lib/python3.8/site-packages/airflow/example_dags/example_short_circuit_operator.py for tasks to queue
[2025-04-05T16:47:01.210+0000] {logging_mixin.py:188} INFO - [2025-04-05T16:47:01.210+0000] {dagbag.py:538} INFO - Filling up the DagBag from /home/airflow/.local/lib/python3.8/site-packages/airflow/example_dags/example_short_circuit_operator.py
[2025-04-05T16:47:01.217+0000] {processor.py:840} INFO - DAG(s) 'example_short_circuit_operator' retrieved from /home/airflow/.local/lib/python3.8/site-packages/airflow/example_dags/example_short_circuit_operator.py
[2025-04-05T16:47:01.241+0000] {logging_mixin.py:188} INFO - [2025-04-05T16:47:01.240+0000] {dag.py:3036} INFO - Sync 1 DAGs
[2025-04-05T16:47:01.262+0000] {logging_mixin.py:188} INFO - [2025-04-05T16:47:01.262+0000] {dag.py:3823} INFO - Setting next_dagrun for example_short_circuit_operator to 2025-04-04 00:00:00+00:00, run_after=2025-04-05 00:00:00+00:00
[2025-04-05T16:47:01.289+0000] {processor.py:183} INFO - Processing /home/airflow/.local/lib/python3.8/site-packages/airflow/example_dags/example_short_circuit_operator.py took 0.084 seconds
[2025-04-05T16:47:31.348+0000] {processor.py:161} INFO - Started process (PID=3479) to work on /home/airflow/.local/lib/python3.8/site-packages/airflow/example_dags/example_short_circuit_operator.py
[2025-04-05T16:47:31.349+0000] {processor.py:830} INFO - Processing file /home/airflow/.local/lib/python3.8/site-packages/airflow/example_dags/example_short_circuit_operator.py for tasks to queue
[2025-04-05T16:47:31.350+0000] {logging_mixin.py:188} INFO - [2025-04-05T16:47:31.350+0000] {dagbag.py:538} INFO - Filling up the DagBag from /home/airflow/.local/lib/python3.8/site-packages/airflow/example_dags/example_short_circuit_operator.py
[2025-04-05T16:47:31.358+0000] {processor.py:840} INFO - DAG(s) 'example_short_circuit_operator' retrieved from /home/airflow/.local/lib/python3.8/site-packages/airflow/example_dags/example_short_circuit_operator.py
[2025-04-05T16:47:31.381+0000] {logging_mixin.py:188} INFO - [2025-04-05T16:47:31.380+0000] {dag.py:3036} INFO - Sync 1 DAGs
[2025-04-05T16:47:31.402+0000] {logging_mixin.py:188} INFO - [2025-04-05T16:47:31.402+0000] {dag.py:3823} INFO - Setting next_dagrun for example_short_circuit_operator to 2025-04-04 00:00:00+00:00, run_after=2025-04-05 00:00:00+00:00
[2025-04-05T16:47:31.421+0000] {processor.py:183} INFO - Processing /home/airflow/.local/lib/python3.8/site-packages/airflow/example_dags/example_short_circuit_operator.py took 0.076 seconds
[2025-04-05T16:48:01.995+0000] {processor.py:161} INFO - Started process (PID=3727) to work on /home/airflow/.local/lib/python3.8/site-packages/airflow/example_dags/example_short_circuit_operator.py
[2025-04-05T16:48:01.996+0000] {processor.py:830} INFO - Processing file /home/airflow/.local/lib/python3.8/site-packages/airflow/example_dags/example_short_circuit_operator.py for tasks to queue
[2025-04-05T16:48:01.997+0000] {logging_mixin.py:188} INFO - [2025-04-05T16:48:01.997+0000] {dagbag.py:538} INFO - Filling up the DagBag from /home/airflow/.local/lib/python3.8/site-packages/airflow/example_dags/example_short_circuit_operator.py
[2025-04-05T16:48:02.004+0000] {processor.py:840} INFO - DAG(s) 'example_short_circuit_operator' retrieved from /home/airflow/.local/lib/python3.8/site-packages/airflow/example_dags/example_short_circuit_operator.py
[2025-04-05T16:48:02.027+0000] {logging_mixin.py:188} INFO - [2025-04-05T16:48:02.027+0000] {dag.py:3036} INFO - Sync 1 DAGs
[2025-04-05T16:48:02.046+0000] {logging_mixin.py:188} INFO - [2025-04-05T16:48:02.045+0000] {dag.py:3823} INFO - Setting next_dagrun for example_short_circuit_operator to 2025-04-04 00:00:00+00:00, run_after=2025-04-05 00:00:00+00:00
[2025-04-05T16:48:02.066+0000] {processor.py:183} INFO - Processing /home/airflow/.local/lib/python3.8/site-packages/airflow/example_dags/example_short_circuit_operator.py took 0.074 seconds
[2025-04-05T16:48:32.899+0000] {processor.py:161} INFO - Started process (PID=3973) to work on /home/airflow/.local/lib/python3.8/site-packages/airflow/example_dags/example_short_circuit_operator.py
[2025-04-05T16:48:32.900+0000] {processor.py:830} INFO - Processing file /home/airflow/.local/lib/python3.8/site-packages/airflow/example_dags/example_short_circuit_operator.py for tasks to queue
[2025-04-05T16:48:32.901+0000] {logging_mixin.py:188} INFO - [2025-04-05T16:48:32.901+0000] {dagbag.py:538} INFO - Filling up the DagBag from /home/airflow/.local/lib/python3.8/site-packages/airflow/example_dags/example_short_circuit_operator.py
[2025-04-05T16:48:32.910+0000] {processor.py:840} INFO - DAG(s) 'example_short_circuit_operator' retrieved from /home/airflow/.local/lib/python3.8/site-packages/airflow/example_dags/example_short_circuit_operator.py
[2025-04-05T16:48:32.935+0000] {logging_mixin.py:188} INFO - [2025-04-05T16:48:32.935+0000] {dag.py:3036} INFO - Sync 1 DAGs
[2025-04-05T16:48:32.965+0000] {logging_mixin.py:188} INFO - [2025-04-05T16:48:32.965+0000] {dag.py:3823} INFO - Setting next_dagrun for example_short_circuit_operator to 2025-04-04 00:00:00+00:00, run_after=2025-04-05 00:00:00+00:00
[2025-04-05T16:48:32.993+0000] {processor.py:183} INFO - Processing /home/airflow/.local/lib/python3.8/site-packages/airflow/example_dags/example_short_circuit_operator.py took 0.098 seconds
[2025-04-05T16:49:03.114+0000] {processor.py:161} INFO - Started process (PID=4222) to work on /home/airflow/.local/lib/python3.8/site-packages/airflow/example_dags/example_short_circuit_operator.py
[2025-04-05T16:49:03.115+0000] {processor.py:830} INFO - Processing file /home/airflow/.local/lib/python3.8/site-packages/airflow/example_dags/example_short_circuit_operator.py for tasks to queue
[2025-04-05T16:49:03.116+0000] {logging_mixin.py:188} INFO - [2025-04-05T16:49:03.116+0000] {dagbag.py:538} INFO - Filling up the DagBag from /home/airflow/.local/lib/python3.8/site-packages/airflow/example_dags/example_short_circuit_operator.py
[2025-04-05T16:49:03.124+0000] {processor.py:840} INFO - DAG(s) 'example_short_circuit_operator' retrieved from /home/airflow/.local/lib/python3.8/site-packages/airflow/example_dags/example_short_circuit_operator.py
[2025-04-05T16:49:03.146+0000] {logging_mixin.py:188} INFO - [2025-04-05T16:49:03.146+0000] {dag.py:3036} INFO - Sync 1 DAGs
[2025-04-05T16:49:03.168+0000] {logging_mixin.py:188} INFO - [2025-04-05T16:49:03.168+0000] {dag.py:3823} INFO - Setting next_dagrun for example_short_circuit_operator to 2025-04-04 00:00:00+00:00, run_after=2025-04-05 00:00:00+00:00
[2025-04-05T16:49:03.196+0000] {processor.py:183} INFO - Processing /home/airflow/.local/lib/python3.8/site-packages/airflow/example_dags/example_short_circuit_operator.py took 0.085 seconds
[2025-04-05T16:49:33.288+0000] {processor.py:161} INFO - Started process (PID=4493) to work on /home/airflow/.local/lib/python3.8/site-packages/airflow/example_dags/example_short_circuit_operator.py
[2025-04-05T16:49:33.289+0000] {processor.py:830} INFO - Processing file /home/airflow/.local/lib/python3.8/site-packages/airflow/example_dags/example_short_circuit_operator.py for tasks to queue
[2025-04-05T16:49:33.291+0000] {logging_mixin.py:188} INFO - [2025-04-05T16:49:33.291+0000] {dagbag.py:538} INFO - Filling up the DagBag from /home/airflow/.local/lib/python3.8/site-packages/airflow/example_dags/example_short_circuit_operator.py
[2025-04-05T16:49:33.305+0000] {processor.py:840} INFO - DAG(s) 'example_short_circuit_operator' retrieved from /home/airflow/.local/lib/python3.8/site-packages/airflow/example_dags/example_short_circuit_operator.py
[2025-04-05T16:49:33.349+0000] {logging_mixin.py:188} INFO - [2025-04-05T16:49:33.348+0000] {dag.py:3036} INFO - Sync 1 DAGs
[2025-04-05T16:49:33.379+0000] {logging_mixin.py:188} INFO - [2025-04-05T16:49:33.379+0000] {dag.py:3823} INFO - Setting next_dagrun for example_short_circuit_operator to 2025-04-04 00:00:00+00:00, run_after=2025-04-05 00:00:00+00:00
[2025-04-05T16:49:33.403+0000] {processor.py:183} INFO - Processing /home/airflow/.local/lib/python3.8/site-packages/airflow/example_dags/example_short_circuit_operator.py took 0.121 seconds
[2025-04-05T16:50:03.810+0000] {processor.py:161} INFO - Started process (PID=4740) to work on /home/airflow/.local/lib/python3.8/site-packages/airflow/example_dags/example_short_circuit_operator.py
[2025-04-05T16:50:03.811+0000] {processor.py:830} INFO - Processing file /home/airflow/.local/lib/python3.8/site-packages/airflow/example_dags/example_short_circuit_operator.py for tasks to queue
[2025-04-05T16:50:03.812+0000] {logging_mixin.py:188} INFO - [2025-04-05T16:50:03.812+0000] {dagbag.py:538} INFO - Filling up the DagBag from /home/airflow/.local/lib/python3.8/site-packages/airflow/example_dags/example_short_circuit_operator.py
[2025-04-05T16:50:03.821+0000] {processor.py:840} INFO - DAG(s) 'example_short_circuit_operator' retrieved from /home/airflow/.local/lib/python3.8/site-packages/airflow/example_dags/example_short_circuit_operator.py
[2025-04-05T16:50:03.849+0000] {logging_mixin.py:188} INFO - [2025-04-05T16:50:03.849+0000] {dag.py:3036} INFO - Sync 1 DAGs
[2025-04-05T16:50:03.871+0000] {logging_mixin.py:188} INFO - [2025-04-05T16:50:03.871+0000] {dag.py:3823} INFO - Setting next_dagrun for example_short_circuit_operator to 2025-04-04 00:00:00+00:00, run_after=2025-04-05 00:00:00+00:00
[2025-04-05T16:50:03.896+0000] {processor.py:183} INFO - Processing /home/airflow/.local/lib/python3.8/site-packages/airflow/example_dags/example_short_circuit_operator.py took 0.090 seconds
[2025-04-05T16:50:33.947+0000] {processor.py:161} INFO - Started process (PID=4987) to work on /home/airflow/.local/lib/python3.8/site-packages/airflow/example_dags/example_short_circuit_operator.py
[2025-04-05T16:50:33.949+0000] {processor.py:830} INFO - Processing file /home/airflow/.local/lib/python3.8/site-packages/airflow/example_dags/example_short_circuit_operator.py for tasks to queue
[2025-04-05T16:50:33.950+0000] {logging_mixin.py:188} INFO - [2025-04-05T16:50:33.950+0000] {dagbag.py:538} INFO - Filling up the DagBag from /home/airflow/.local/lib/python3.8/site-packages/airflow/example_dags/example_short_circuit_operator.py
[2025-04-05T16:50:33.958+0000] {processor.py:840} INFO - DAG(s) 'example_short_circuit_operator' retrieved from /home/airflow/.local/lib/python3.8/site-packages/airflow/example_dags/example_short_circuit_operator.py
[2025-04-05T16:50:33.981+0000] {logging_mixin.py:188} INFO - [2025-04-05T16:50:33.981+0000] {dag.py:3036} INFO - Sync 1 DAGs
[2025-04-05T16:50:34.003+0000] {logging_mixin.py:188} INFO - [2025-04-05T16:50:34.003+0000] {dag.py:3823} INFO - Setting next_dagrun for example_short_circuit_operator to 2025-04-04 00:00:00+00:00, run_after=2025-04-05 00:00:00+00:00
[2025-04-05T16:50:34.024+0000] {processor.py:183} INFO - Processing /home/airflow/.local/lib/python3.8/site-packages/airflow/example_dags/example_short_circuit_operator.py took 0.079 seconds
[2025-04-05T16:51:04.231+0000] {processor.py:161} INFO - Started process (PID=5239) to work on /home/airflow/.local/lib/python3.8/site-packages/airflow/example_dags/example_short_circuit_operator.py
[2025-04-05T16:51:04.232+0000] {processor.py:830} INFO - Processing file /home/airflow/.local/lib/python3.8/site-packages/airflow/example_dags/example_short_circuit_operator.py for tasks to queue
[2025-04-05T16:51:04.233+0000] {logging_mixin.py:188} INFO - [2025-04-05T16:51:04.233+0000] {dagbag.py:538} INFO - Filling up the DagBag from /home/airflow/.local/lib/python3.8/site-packages/airflow/example_dags/example_short_circuit_operator.py
[2025-04-05T16:51:04.240+0000] {processor.py:840} INFO - DAG(s) 'example_short_circuit_operator' retrieved from /home/airflow/.local/lib/python3.8/site-packages/airflow/example_dags/example_short_circuit_operator.py
[2025-04-05T16:51:04.263+0000] {logging_mixin.py:188} INFO - [2025-04-05T16:51:04.263+0000] {dag.py:3036} INFO - Sync 1 DAGs
[2025-04-05T16:51:04.282+0000] {logging_mixin.py:188} INFO - [2025-04-05T16:51:04.282+0000] {dag.py:3823} INFO - Setting next_dagrun for example_short_circuit_operator to 2025-04-04 00:00:00+00:00, run_after=2025-04-05 00:00:00+00:00
[2025-04-05T16:51:04.304+0000] {processor.py:183} INFO - Processing /home/airflow/.local/lib/python3.8/site-packages/airflow/example_dags/example_short_circuit_operator.py took 0.077 seconds
[2025-04-05T16:51:34.761+0000] {processor.py:161} INFO - Started process (PID=5491) to work on /home/airflow/.local/lib/python3.8/site-packages/airflow/example_dags/example_short_circuit_operator.py
[2025-04-05T16:51:34.763+0000] {processor.py:830} INFO - Processing file /home/airflow/.local/lib/python3.8/site-packages/airflow/example_dags/example_short_circuit_operator.py for tasks to queue
[2025-04-05T16:51:34.764+0000] {logging_mixin.py:188} INFO - [2025-04-05T16:51:34.764+0000] {dagbag.py:538} INFO - Filling up the DagBag from /home/airflow/.local/lib/python3.8/site-packages/airflow/example_dags/example_short_circuit_operator.py
[2025-04-05T16:51:34.773+0000] {processor.py:840} INFO - DAG(s) 'example_short_circuit_operator' retrieved from /home/airflow/.local/lib/python3.8/site-packages/airflow/example_dags/example_short_circuit_operator.py
[2025-04-05T16:51:34.814+0000] {logging_mixin.py:188} INFO - [2025-04-05T16:51:34.814+0000] {dag.py:3036} INFO - Sync 1 DAGs
[2025-04-05T16:51:34.840+0000] {logging_mixin.py:188} INFO - [2025-04-05T16:51:34.840+0000] {dag.py:3823} INFO - Setting next_dagrun for example_short_circuit_operator to 2025-04-04 00:00:00+00:00, run_after=2025-04-05 00:00:00+00:00
[2025-04-05T16:51:34.862+0000] {processor.py:183} INFO - Processing /home/airflow/.local/lib/python3.8/site-packages/airflow/example_dags/example_short_circuit_operator.py took 0.103 seconds
[2025-04-05T16:52:04.971+0000] {processor.py:161} INFO - Started process (PID=5743) to work on /home/airflow/.local/lib/python3.8/site-packages/airflow/example_dags/example_short_circuit_operator.py
[2025-04-05T16:52:04.972+0000] {processor.py:830} INFO - Processing file /home/airflow/.local/lib/python3.8/site-packages/airflow/example_dags/example_short_circuit_operator.py for tasks to queue
[2025-04-05T16:52:04.974+0000] {logging_mixin.py:188} INFO - [2025-04-05T16:52:04.973+0000] {dagbag.py:538} INFO - Filling up the DagBag from /home/airflow/.local/lib/python3.8/site-packages/airflow/example_dags/example_short_circuit_operator.py
[2025-04-05T16:52:04.982+0000] {processor.py:840} INFO - DAG(s) 'example_short_circuit_operator' retrieved from /home/airflow/.local/lib/python3.8/site-packages/airflow/example_dags/example_short_circuit_operator.py
[2025-04-05T16:52:05.008+0000] {logging_mixin.py:188} INFO - [2025-04-05T16:52:05.008+0000] {dag.py:3036} INFO - Sync 1 DAGs
[2025-04-05T16:52:05.032+0000] {logging_mixin.py:188} INFO - [2025-04-05T16:52:05.032+0000] {dag.py:3823} INFO - Setting next_dagrun for example_short_circuit_operator to 2025-04-04 00:00:00+00:00, run_after=2025-04-05 00:00:00+00:00
[2025-04-05T16:52:05.056+0000] {processor.py:183} INFO - Processing /home/airflow/.local/lib/python3.8/site-packages/airflow/example_dags/example_short_circuit_operator.py took 0.089 seconds
[2025-04-05T16:52:35.483+0000] {processor.py:161} INFO - Started process (PID=5995) to work on /home/airflow/.local/lib/python3.8/site-packages/airflow/example_dags/example_short_circuit_operator.py
[2025-04-05T16:52:35.484+0000] {processor.py:830} INFO - Processing file /home/airflow/.local/lib/python3.8/site-packages/airflow/example_dags/example_short_circuit_operator.py for tasks to queue
[2025-04-05T16:52:35.485+0000] {logging_mixin.py:188} INFO - [2025-04-05T16:52:35.484+0000] {dagbag.py:538} INFO - Filling up the DagBag from /home/airflow/.local/lib/python3.8/site-packages/airflow/example_dags/example_short_circuit_operator.py
[2025-04-05T16:52:35.492+0000] {processor.py:840} INFO - DAG(s) 'example_short_circuit_operator' retrieved from /home/airflow/.local/lib/python3.8/site-packages/airflow/example_dags/example_short_circuit_operator.py
[2025-04-05T16:52:35.514+0000] {logging_mixin.py:188} INFO - [2025-04-05T16:52:35.514+0000] {dag.py:3036} INFO - Sync 1 DAGs
[2025-04-05T16:52:35.535+0000] {logging_mixin.py:188} INFO - [2025-04-05T16:52:35.535+0000] {dag.py:3823} INFO - Setting next_dagrun for example_short_circuit_operator to 2025-04-04 00:00:00+00:00, run_after=2025-04-05 00:00:00+00:00
[2025-04-05T16:52:35.556+0000] {processor.py:183} INFO - Processing /home/airflow/.local/lib/python3.8/site-packages/airflow/example_dags/example_short_circuit_operator.py took 0.076 seconds
[2025-04-05T16:53:05.726+0000] {processor.py:161} INFO - Started process (PID=6248) to work on /home/airflow/.local/lib/python3.8/site-packages/airflow/example_dags/example_short_circuit_operator.py
[2025-04-05T16:53:05.727+0000] {processor.py:830} INFO - Processing file /home/airflow/.local/lib/python3.8/site-packages/airflow/example_dags/example_short_circuit_operator.py for tasks to queue
[2025-04-05T16:53:05.728+0000] {logging_mixin.py:188} INFO - [2025-04-05T16:53:05.728+0000] {dagbag.py:538} INFO - Filling up the DagBag from /home/airflow/.local/lib/python3.8/site-packages/airflow/example_dags/example_short_circuit_operator.py
[2025-04-05T16:53:05.736+0000] {processor.py:840} INFO - DAG(s) 'example_short_circuit_operator' retrieved from /home/airflow/.local/lib/python3.8/site-packages/airflow/example_dags/example_short_circuit_operator.py
[2025-04-05T16:53:05.757+0000] {logging_mixin.py:188} INFO - [2025-04-05T16:53:05.757+0000] {dag.py:3036} INFO - Sync 1 DAGs
[2025-04-05T16:53:05.777+0000] {logging_mixin.py:188} INFO - [2025-04-05T16:53:05.776+0000] {dag.py:3823} INFO - Setting next_dagrun for example_short_circuit_operator to 2025-04-04 00:00:00+00:00, run_after=2025-04-05 00:00:00+00:00
[2025-04-05T16:53:05.797+0000] {processor.py:183} INFO - Processing /home/airflow/.local/lib/python3.8/site-packages/airflow/example_dags/example_short_circuit_operator.py took 0.073 seconds
[2025-04-05T16:53:35.958+0000] {processor.py:161} INFO - Started process (PID=6500) to work on /home/airflow/.local/lib/python3.8/site-packages/airflow/example_dags/example_short_circuit_operator.py
[2025-04-05T16:53:35.959+0000] {processor.py:830} INFO - Processing file /home/airflow/.local/lib/python3.8/site-packages/airflow/example_dags/example_short_circuit_operator.py for tasks to queue
[2025-04-05T16:53:35.960+0000] {logging_mixin.py:188} INFO - [2025-04-05T16:53:35.960+0000] {dagbag.py:538} INFO - Filling up the DagBag from /home/airflow/.local/lib/python3.8/site-packages/airflow/example_dags/example_short_circuit_operator.py
[2025-04-05T16:53:35.968+0000] {processor.py:840} INFO - DAG(s) 'example_short_circuit_operator' retrieved from /home/airflow/.local/lib/python3.8/site-packages/airflow/example_dags/example_short_circuit_operator.py
[2025-04-05T16:53:35.990+0000] {logging_mixin.py:188} INFO - [2025-04-05T16:53:35.990+0000] {dag.py:3036} INFO - Sync 1 DAGs
[2025-04-05T16:53:36.009+0000] {logging_mixin.py:188} INFO - [2025-04-05T16:53:36.008+0000] {dag.py:3823} INFO - Setting next_dagrun for example_short_circuit_operator to 2025-04-04 00:00:00+00:00, run_after=2025-04-05 00:00:00+00:00
[2025-04-05T16:53:36.028+0000] {processor.py:183} INFO - Processing /home/airflow/.local/lib/python3.8/site-packages/airflow/example_dags/example_short_circuit_operator.py took 0.073 seconds
[2025-04-05T16:54:06.127+0000] {processor.py:161} INFO - Started process (PID=6752) to work on /home/airflow/.local/lib/python3.8/site-packages/airflow/example_dags/example_short_circuit_operator.py
[2025-04-05T16:54:06.128+0000] {processor.py:830} INFO - Processing file /home/airflow/.local/lib/python3.8/site-packages/airflow/example_dags/example_short_circuit_operator.py for tasks to queue
[2025-04-05T16:54:06.129+0000] {logging_mixin.py:188} INFO - [2025-04-05T16:54:06.128+0000] {dagbag.py:538} INFO - Filling up the DagBag from /home/airflow/.local/lib/python3.8/site-packages/airflow/example_dags/example_short_circuit_operator.py
[2025-04-05T16:54:06.136+0000] {processor.py:840} INFO - DAG(s) 'example_short_circuit_operator' retrieved from /home/airflow/.local/lib/python3.8/site-packages/airflow/example_dags/example_short_circuit_operator.py
[2025-04-05T16:54:06.158+0000] {logging_mixin.py:188} INFO - [2025-04-05T16:54:06.157+0000] {dag.py:3036} INFO - Sync 1 DAGs
[2025-04-05T16:54:06.177+0000] {logging_mixin.py:188} INFO - [2025-04-05T16:54:06.176+0000] {dag.py:3823} INFO - Setting next_dagrun for example_short_circuit_operator to 2025-04-04 00:00:00+00:00, run_after=2025-04-05 00:00:00+00:00
[2025-04-05T16:54:06.195+0000] {processor.py:183} INFO - Processing /home/airflow/.local/lib/python3.8/site-packages/airflow/example_dags/example_short_circuit_operator.py took 0.071 seconds
[2025-04-05T16:54:37.054+0000] {processor.py:161} INFO - Started process (PID=6998) to work on /home/airflow/.local/lib/python3.8/site-packages/airflow/example_dags/example_short_circuit_operator.py
[2025-04-05T16:54:37.055+0000] {processor.py:830} INFO - Processing file /home/airflow/.local/lib/python3.8/site-packages/airflow/example_dags/example_short_circuit_operator.py for tasks to queue
[2025-04-05T16:54:37.056+0000] {logging_mixin.py:188} INFO - [2025-04-05T16:54:37.056+0000] {dagbag.py:538} INFO - Filling up the DagBag from /home/airflow/.local/lib/python3.8/site-packages/airflow/example_dags/example_short_circuit_operator.py
[2025-04-05T16:54:37.063+0000] {processor.py:840} INFO - DAG(s) 'example_short_circuit_operator' retrieved from /home/airflow/.local/lib/python3.8/site-packages/airflow/example_dags/example_short_circuit_operator.py
[2025-04-05T16:54:37.086+0000] {logging_mixin.py:188} INFO - [2025-04-05T16:54:37.085+0000] {dag.py:3036} INFO - Sync 1 DAGs
[2025-04-05T16:54:37.104+0000] {logging_mixin.py:188} INFO - [2025-04-05T16:54:37.104+0000] {dag.py:3823} INFO - Setting next_dagrun for example_short_circuit_operator to 2025-04-04 00:00:00+00:00, run_after=2025-04-05 00:00:00+00:00
[2025-04-05T16:54:37.124+0000] {processor.py:183} INFO - Processing /home/airflow/.local/lib/python3.8/site-packages/airflow/example_dags/example_short_circuit_operator.py took 0.074 seconds
[2025-04-05T16:55:07.280+0000] {processor.py:161} INFO - Started process (PID=7250) to work on /home/airflow/.local/lib/python3.8/site-packages/airflow/example_dags/example_short_circuit_operator.py
[2025-04-05T16:55:07.281+0000] {processor.py:830} INFO - Processing file /home/airflow/.local/lib/python3.8/site-packages/airflow/example_dags/example_short_circuit_operator.py for tasks to queue
[2025-04-05T16:55:07.282+0000] {logging_mixin.py:188} INFO - [2025-04-05T16:55:07.282+0000] {dagbag.py:538} INFO - Filling up the DagBag from /home/airflow/.local/lib/python3.8/site-packages/airflow/example_dags/example_short_circuit_operator.py
[2025-04-05T16:55:07.289+0000] {processor.py:840} INFO - DAG(s) 'example_short_circuit_operator' retrieved from /home/airflow/.local/lib/python3.8/site-packages/airflow/example_dags/example_short_circuit_operator.py
[2025-04-05T16:55:07.313+0000] {logging_mixin.py:188} INFO - [2025-04-05T16:55:07.312+0000] {dag.py:3036} INFO - Sync 1 DAGs
[2025-04-05T16:55:07.334+0000] {logging_mixin.py:188} INFO - [2025-04-05T16:55:07.334+0000] {dag.py:3823} INFO - Setting next_dagrun for example_short_circuit_operator to 2025-04-04 00:00:00+00:00, run_after=2025-04-05 00:00:00+00:00
[2025-04-05T16:55:07.357+0000] {processor.py:183} INFO - Processing /home/airflow/.local/lib/python3.8/site-packages/airflow/example_dags/example_short_circuit_operator.py took 0.080 seconds
[2025-04-05T16:55:37.659+0000] {processor.py:161} INFO - Started process (PID=7507) to work on /home/airflow/.local/lib/python3.8/site-packages/airflow/example_dags/example_short_circuit_operator.py
[2025-04-05T16:55:37.660+0000] {processor.py:830} INFO - Processing file /home/airflow/.local/lib/python3.8/site-packages/airflow/example_dags/example_short_circuit_operator.py for tasks to queue
[2025-04-05T16:55:37.661+0000] {logging_mixin.py:188} INFO - [2025-04-05T16:55:37.661+0000] {dagbag.py:538} INFO - Filling up the DagBag from /home/airflow/.local/lib/python3.8/site-packages/airflow/example_dags/example_short_circuit_operator.py
[2025-04-05T16:55:37.669+0000] {processor.py:840} INFO - DAG(s) 'example_short_circuit_operator' retrieved from /home/airflow/.local/lib/python3.8/site-packages/airflow/example_dags/example_short_circuit_operator.py
[2025-04-05T16:55:37.694+0000] {logging_mixin.py:188} INFO - [2025-04-05T16:55:37.694+0000] {dag.py:3036} INFO - Sync 1 DAGs
[2025-04-05T16:55:37.719+0000] {logging_mixin.py:188} INFO - [2025-04-05T16:55:37.719+0000] {dag.py:3823} INFO - Setting next_dagrun for example_short_circuit_operator to 2025-04-04 00:00:00+00:00, run_after=2025-04-05 00:00:00+00:00
[2025-04-05T16:55:37.743+0000] {processor.py:183} INFO - Processing /home/airflow/.local/lib/python3.8/site-packages/airflow/example_dags/example_short_circuit_operator.py took 0.087 seconds
[2025-04-05T16:56:08.001+0000] {processor.py:161} INFO - Started process (PID=7759) to work on /home/airflow/.local/lib/python3.8/site-packages/airflow/example_dags/example_short_circuit_operator.py
[2025-04-05T16:56:08.002+0000] {processor.py:830} INFO - Processing file /home/airflow/.local/lib/python3.8/site-packages/airflow/example_dags/example_short_circuit_operator.py for tasks to queue
[2025-04-05T16:56:08.003+0000] {logging_mixin.py:188} INFO - [2025-04-05T16:56:08.003+0000] {dagbag.py:538} INFO - Filling up the DagBag from /home/airflow/.local/lib/python3.8/site-packages/airflow/example_dags/example_short_circuit_operator.py
[2025-04-05T16:56:08.011+0000] {processor.py:840} INFO - DAG(s) 'example_short_circuit_operator' retrieved from /home/airflow/.local/lib/python3.8/site-packages/airflow/example_dags/example_short_circuit_operator.py
[2025-04-05T16:56:08.036+0000] {logging_mixin.py:188} INFO - [2025-04-05T16:56:08.035+0000] {dag.py:3036} INFO - Sync 1 DAGs
[2025-04-05T16:56:08.056+0000] {logging_mixin.py:188} INFO - [2025-04-05T16:56:08.055+0000] {dag.py:3823} INFO - Setting next_dagrun for example_short_circuit_operator to 2025-04-04 00:00:00+00:00, run_after=2025-04-05 00:00:00+00:00
[2025-04-05T16:56:08.075+0000] {processor.py:183} INFO - Processing /home/airflow/.local/lib/python3.8/site-packages/airflow/example_dags/example_short_circuit_operator.py took 0.077 seconds
[2025-04-05T16:56:38.242+0000] {processor.py:161} INFO - Started process (PID=8011) to work on /home/airflow/.local/lib/python3.8/site-packages/airflow/example_dags/example_short_circuit_operator.py
[2025-04-05T16:56:38.243+0000] {processor.py:830} INFO - Processing file /home/airflow/.local/lib/python3.8/site-packages/airflow/example_dags/example_short_circuit_operator.py for tasks to queue
[2025-04-05T16:56:38.244+0000] {logging_mixin.py:188} INFO - [2025-04-05T16:56:38.244+0000] {dagbag.py:538} INFO - Filling up the DagBag from /home/airflow/.local/lib/python3.8/site-packages/airflow/example_dags/example_short_circuit_operator.py
[2025-04-05T16:56:38.253+0000] {processor.py:840} INFO - DAG(s) 'example_short_circuit_operator' retrieved from /home/airflow/.local/lib/python3.8/site-packages/airflow/example_dags/example_short_circuit_operator.py
[2025-04-05T16:56:38.276+0000] {logging_mixin.py:188} INFO - [2025-04-05T16:56:38.276+0000] {dag.py:3036} INFO - Sync 1 DAGs
[2025-04-05T16:56:38.295+0000] {logging_mixin.py:188} INFO - [2025-04-05T16:56:38.295+0000] {dag.py:3823} INFO - Setting next_dagrun for example_short_circuit_operator to 2025-04-04 00:00:00+00:00, run_after=2025-04-05 00:00:00+00:00
[2025-04-05T16:56:38.312+0000] {processor.py:183} INFO - Processing /home/airflow/.local/lib/python3.8/site-packages/airflow/example_dags/example_short_circuit_operator.py took 0.073 seconds
