[2025-04-05T14:18:15.522+0000] {processor.py:161} INFO - Started process (PID=298) to work on /home/airflow/.local/lib/python3.8/site-packages/airflow/example_dags/example_local_kubernetes_executor.py
[2025-04-05T14:18:15.524+0000] {processor.py:830} INFO - Processing file /home/airflow/.local/lib/python3.8/site-packages/airflow/example_dags/example_local_kubernetes_executor.py for tasks to queue
[2025-04-05T14:18:15.526+0000] {logging_mixin.py:188} INFO - [2025-04-05T14:18:15.525+0000] {dagbag.py:538} INFO - Filling up the DagBag from /home/airflow/.local/lib/python3.8/site-packages/airflow/example_dags/example_local_kubernetes_executor.py
[2025-04-05T14:18:15.547+0000] {processor.py:840} INFO - DAG(s) 'example_local_kubernetes_executor' retrieved from /home/airflow/.local/lib/python3.8/site-packages/airflow/example_dags/example_local_kubernetes_executor.py
[2025-04-05T14:18:15.566+0000] {logging_mixin.py:188} INFO - [2025-04-05T14:18:15.566+0000] {dag.py:3036} INFO - Sync 1 DAGs
[2025-04-05T14:18:15.587+0000] {logging_mixin.py:188} INFO - [2025-04-05T14:18:15.587+0000] {dag.py:3823} INFO - Setting next_dagrun for example_local_kubernetes_executor to None, run_after=None
[2025-04-05T14:18:15.611+0000] {processor.py:183} INFO - Processing /home/airflow/.local/lib/python3.8/site-packages/airflow/example_dags/example_local_kubernetes_executor.py took 0.094 seconds
[2025-04-05T14:18:46.644+0000] {processor.py:161} INFO - Started process (PID=545) to work on /home/airflow/.local/lib/python3.8/site-packages/airflow/example_dags/example_local_kubernetes_executor.py
[2025-04-05T14:18:46.646+0000] {processor.py:830} INFO - Processing file /home/airflow/.local/lib/python3.8/site-packages/airflow/example_dags/example_local_kubernetes_executor.py for tasks to queue
[2025-04-05T14:18:46.647+0000] {logging_mixin.py:188} INFO - [2025-04-05T14:18:46.646+0000] {dagbag.py:538} INFO - Filling up the DagBag from /home/airflow/.local/lib/python3.8/site-packages/airflow/example_dags/example_local_kubernetes_executor.py
[2025-04-05T14:18:46.655+0000] {processor.py:840} INFO - DAG(s) 'example_local_kubernetes_executor' retrieved from /home/airflow/.local/lib/python3.8/site-packages/airflow/example_dags/example_local_kubernetes_executor.py
[2025-04-05T14:18:46.785+0000] {logging_mixin.py:188} INFO - [2025-04-05T14:18:46.785+0000] {dag.py:3036} INFO - Sync 1 DAGs
[2025-04-05T14:18:46.800+0000] {logging_mixin.py:188} INFO - [2025-04-05T14:18:46.800+0000] {dag.py:3823} INFO - Setting next_dagrun for example_local_kubernetes_executor to None, run_after=None
[2025-04-05T14:18:46.825+0000] {processor.py:183} INFO - Processing /home/airflow/.local/lib/python3.8/site-packages/airflow/example_dags/example_local_kubernetes_executor.py took 0.185 seconds
[2025-04-05T14:19:17.854+0000] {processor.py:161} INFO - Started process (PID=800) to work on /home/airflow/.local/lib/python3.8/site-packages/airflow/example_dags/example_local_kubernetes_executor.py
[2025-04-05T14:19:17.855+0000] {processor.py:830} INFO - Processing file /home/airflow/.local/lib/python3.8/site-packages/airflow/example_dags/example_local_kubernetes_executor.py for tasks to queue
[2025-04-05T14:19:17.856+0000] {logging_mixin.py:188} INFO - [2025-04-05T14:19:17.856+0000] {dagbag.py:538} INFO - Filling up the DagBag from /home/airflow/.local/lib/python3.8/site-packages/airflow/example_dags/example_local_kubernetes_executor.py
[2025-04-05T14:19:17.863+0000] {processor.py:840} INFO - DAG(s) 'example_local_kubernetes_executor' retrieved from /home/airflow/.local/lib/python3.8/site-packages/airflow/example_dags/example_local_kubernetes_executor.py
[2025-04-05T14:19:17.896+0000] {logging_mixin.py:188} INFO - [2025-04-05T14:19:17.895+0000] {dag.py:3036} INFO - Sync 1 DAGs
[2025-04-05T14:19:17.905+0000] {logging_mixin.py:188} INFO - [2025-04-05T14:19:17.905+0000] {dag.py:3823} INFO - Setting next_dagrun for example_local_kubernetes_executor to None, run_after=None
[2025-04-05T14:19:17.926+0000] {processor.py:183} INFO - Processing /home/airflow/.local/lib/python3.8/site-packages/airflow/example_dags/example_local_kubernetes_executor.py took 0.074 seconds
[2025-04-05T14:19:48.015+0000] {processor.py:161} INFO - Started process (PID=1047) to work on /home/airflow/.local/lib/python3.8/site-packages/airflow/example_dags/example_local_kubernetes_executor.py
[2025-04-05T14:19:48.017+0000] {processor.py:830} INFO - Processing file /home/airflow/.local/lib/python3.8/site-packages/airflow/example_dags/example_local_kubernetes_executor.py for tasks to queue
[2025-04-05T14:19:48.018+0000] {logging_mixin.py:188} INFO - [2025-04-05T14:19:48.017+0000] {dagbag.py:538} INFO - Filling up the DagBag from /home/airflow/.local/lib/python3.8/site-packages/airflow/example_dags/example_local_kubernetes_executor.py
[2025-04-05T14:19:48.028+0000] {processor.py:840} INFO - DAG(s) 'example_local_kubernetes_executor' retrieved from /home/airflow/.local/lib/python3.8/site-packages/airflow/example_dags/example_local_kubernetes_executor.py
[2025-04-05T14:19:48.069+0000] {logging_mixin.py:188} INFO - [2025-04-05T14:19:48.068+0000] {dag.py:3036} INFO - Sync 1 DAGs
[2025-04-05T14:19:48.082+0000] {logging_mixin.py:188} INFO - [2025-04-05T14:19:48.081+0000] {dag.py:3823} INFO - Setting next_dagrun for example_local_kubernetes_executor to None, run_after=None
[2025-04-05T14:19:48.104+0000] {processor.py:183} INFO - Processing /home/airflow/.local/lib/python3.8/site-packages/airflow/example_dags/example_local_kubernetes_executor.py took 0.092 seconds
[2025-04-05T14:20:18.604+0000] {processor.py:161} INFO - Started process (PID=1292) to work on /home/airflow/.local/lib/python3.8/site-packages/airflow/example_dags/example_local_kubernetes_executor.py
[2025-04-05T14:20:18.605+0000] {processor.py:830} INFO - Processing file /home/airflow/.local/lib/python3.8/site-packages/airflow/example_dags/example_local_kubernetes_executor.py for tasks to queue
[2025-04-05T14:20:18.606+0000] {logging_mixin.py:188} INFO - [2025-04-05T14:20:18.606+0000] {dagbag.py:538} INFO - Filling up the DagBag from /home/airflow/.local/lib/python3.8/site-packages/airflow/example_dags/example_local_kubernetes_executor.py
[2025-04-05T14:20:18.613+0000] {processor.py:840} INFO - DAG(s) 'example_local_kubernetes_executor' retrieved from /home/airflow/.local/lib/python3.8/site-packages/airflow/example_dags/example_local_kubernetes_executor.py
[2025-04-05T14:20:18.652+0000] {logging_mixin.py:188} INFO - [2025-04-05T14:20:18.652+0000] {dag.py:3036} INFO - Sync 1 DAGs
[2025-04-05T14:20:18.666+0000] {logging_mixin.py:188} INFO - [2025-04-05T14:20:18.666+0000] {dag.py:3823} INFO - Setting next_dagrun for example_local_kubernetes_executor to None, run_after=None
[2025-04-05T14:20:18.693+0000] {processor.py:183} INFO - Processing /home/airflow/.local/lib/python3.8/site-packages/airflow/example_dags/example_local_kubernetes_executor.py took 0.092 seconds
[2025-04-05T14:20:49.401+0000] {processor.py:161} INFO - Started process (PID=1539) to work on /home/airflow/.local/lib/python3.8/site-packages/airflow/example_dags/example_local_kubernetes_executor.py
[2025-04-05T14:20:49.403+0000] {processor.py:830} INFO - Processing file /home/airflow/.local/lib/python3.8/site-packages/airflow/example_dags/example_local_kubernetes_executor.py for tasks to queue
[2025-04-05T14:20:49.405+0000] {logging_mixin.py:188} INFO - [2025-04-05T14:20:49.405+0000] {dagbag.py:538} INFO - Filling up the DagBag from /home/airflow/.local/lib/python3.8/site-packages/airflow/example_dags/example_local_kubernetes_executor.py
[2025-04-05T14:20:49.418+0000] {processor.py:840} INFO - DAG(s) 'example_local_kubernetes_executor' retrieved from /home/airflow/.local/lib/python3.8/site-packages/airflow/example_dags/example_local_kubernetes_executor.py
[2025-04-05T14:20:49.491+0000] {logging_mixin.py:188} INFO - [2025-04-05T14:20:49.491+0000] {dag.py:3036} INFO - Sync 1 DAGs
[2025-04-05T14:20:49.518+0000] {logging_mixin.py:188} INFO - [2025-04-05T14:20:49.518+0000] {dag.py:3823} INFO - Setting next_dagrun for example_local_kubernetes_executor to None, run_after=None
[2025-04-05T14:20:49.556+0000] {processor.py:183} INFO - Processing /home/airflow/.local/lib/python3.8/site-packages/airflow/example_dags/example_local_kubernetes_executor.py took 0.160 seconds
[2025-04-05T14:21:19.684+0000] {processor.py:161} INFO - Started process (PID=1786) to work on /home/airflow/.local/lib/python3.8/site-packages/airflow/example_dags/example_local_kubernetes_executor.py
[2025-04-05T14:21:19.686+0000] {processor.py:830} INFO - Processing file /home/airflow/.local/lib/python3.8/site-packages/airflow/example_dags/example_local_kubernetes_executor.py for tasks to queue
[2025-04-05T14:21:19.687+0000] {logging_mixin.py:188} INFO - [2025-04-05T14:21:19.687+0000] {dagbag.py:538} INFO - Filling up the DagBag from /home/airflow/.local/lib/python3.8/site-packages/airflow/example_dags/example_local_kubernetes_executor.py
[2025-04-05T14:21:19.696+0000] {processor.py:840} INFO - DAG(s) 'example_local_kubernetes_executor' retrieved from /home/airflow/.local/lib/python3.8/site-packages/airflow/example_dags/example_local_kubernetes_executor.py
[2025-04-05T14:21:19.735+0000] {logging_mixin.py:188} INFO - [2025-04-05T14:21:19.735+0000] {dag.py:3036} INFO - Sync 1 DAGs
[2025-04-05T14:21:19.748+0000] {logging_mixin.py:188} INFO - [2025-04-05T14:21:19.748+0000] {dag.py:3823} INFO - Setting next_dagrun for example_local_kubernetes_executor to None, run_after=None
[2025-04-05T14:21:19.771+0000] {processor.py:183} INFO - Processing /home/airflow/.local/lib/python3.8/site-packages/airflow/example_dags/example_local_kubernetes_executor.py took 0.090 seconds
[2025-04-05T14:21:50.220+0000] {processor.py:161} INFO - Started process (PID=2034) to work on /home/airflow/.local/lib/python3.8/site-packages/airflow/example_dags/example_local_kubernetes_executor.py
[2025-04-05T14:21:50.222+0000] {processor.py:830} INFO - Processing file /home/airflow/.local/lib/python3.8/site-packages/airflow/example_dags/example_local_kubernetes_executor.py for tasks to queue
[2025-04-05T14:21:50.224+0000] {logging_mixin.py:188} INFO - [2025-04-05T14:21:50.223+0000] {dagbag.py:538} INFO - Filling up the DagBag from /home/airflow/.local/lib/python3.8/site-packages/airflow/example_dags/example_local_kubernetes_executor.py
[2025-04-05T14:21:50.235+0000] {processor.py:840} INFO - DAG(s) 'example_local_kubernetes_executor' retrieved from /home/airflow/.local/lib/python3.8/site-packages/airflow/example_dags/example_local_kubernetes_executor.py
[2025-04-05T14:21:50.275+0000] {logging_mixin.py:188} INFO - [2025-04-05T14:21:50.274+0000] {dag.py:3036} INFO - Sync 1 DAGs
[2025-04-05T14:21:50.287+0000] {logging_mixin.py:188} INFO - [2025-04-05T14:21:50.287+0000] {dag.py:3823} INFO - Setting next_dagrun for example_local_kubernetes_executor to None, run_after=None
[2025-04-05T14:21:50.308+0000] {processor.py:183} INFO - Processing /home/airflow/.local/lib/python3.8/site-packages/airflow/example_dags/example_local_kubernetes_executor.py took 0.093 seconds
[2025-04-05T14:22:21.314+0000] {processor.py:161} INFO - Started process (PID=2281) to work on /home/airflow/.local/lib/python3.8/site-packages/airflow/example_dags/example_local_kubernetes_executor.py
[2025-04-05T14:22:21.316+0000] {processor.py:830} INFO - Processing file /home/airflow/.local/lib/python3.8/site-packages/airflow/example_dags/example_local_kubernetes_executor.py for tasks to queue
[2025-04-05T14:22:21.317+0000] {logging_mixin.py:188} INFO - [2025-04-05T14:22:21.316+0000] {dagbag.py:538} INFO - Filling up the DagBag from /home/airflow/.local/lib/python3.8/site-packages/airflow/example_dags/example_local_kubernetes_executor.py
[2025-04-05T14:22:21.324+0000] {processor.py:840} INFO - DAG(s) 'example_local_kubernetes_executor' retrieved from /home/airflow/.local/lib/python3.8/site-packages/airflow/example_dags/example_local_kubernetes_executor.py
[2025-04-05T14:22:21.359+0000] {logging_mixin.py:188} INFO - [2025-04-05T14:22:21.359+0000] {dag.py:3036} INFO - Sync 1 DAGs
[2025-04-05T14:22:21.370+0000] {logging_mixin.py:188} INFO - [2025-04-05T14:22:21.369+0000] {dag.py:3823} INFO - Setting next_dagrun for example_local_kubernetes_executor to None, run_after=None
[2025-04-05T14:22:21.391+0000] {processor.py:183} INFO - Processing /home/airflow/.local/lib/python3.8/site-packages/airflow/example_dags/example_local_kubernetes_executor.py took 0.080 seconds
[2025-04-05T14:22:51.645+0000] {processor.py:161} INFO - Started process (PID=2528) to work on /home/airflow/.local/lib/python3.8/site-packages/airflow/example_dags/example_local_kubernetes_executor.py
[2025-04-05T14:22:51.646+0000] {processor.py:830} INFO - Processing file /home/airflow/.local/lib/python3.8/site-packages/airflow/example_dags/example_local_kubernetes_executor.py for tasks to queue
[2025-04-05T14:22:51.648+0000] {logging_mixin.py:188} INFO - [2025-04-05T14:22:51.647+0000] {dagbag.py:538} INFO - Filling up the DagBag from /home/airflow/.local/lib/python3.8/site-packages/airflow/example_dags/example_local_kubernetes_executor.py
[2025-04-05T14:22:51.657+0000] {processor.py:840} INFO - DAG(s) 'example_local_kubernetes_executor' retrieved from /home/airflow/.local/lib/python3.8/site-packages/airflow/example_dags/example_local_kubernetes_executor.py
[2025-04-05T14:22:51.697+0000] {logging_mixin.py:188} INFO - [2025-04-05T14:22:51.697+0000] {dag.py:3036} INFO - Sync 1 DAGs
[2025-04-05T14:22:51.710+0000] {logging_mixin.py:188} INFO - [2025-04-05T14:22:51.710+0000] {dag.py:3823} INFO - Setting next_dagrun for example_local_kubernetes_executor to None, run_after=None
[2025-04-05T14:22:51.732+0000] {processor.py:183} INFO - Processing /home/airflow/.local/lib/python3.8/site-packages/airflow/example_dags/example_local_kubernetes_executor.py took 0.091 seconds
[2025-04-05T14:23:21.909+0000] {processor.py:161} INFO - Started process (PID=2775) to work on /home/airflow/.local/lib/python3.8/site-packages/airflow/example_dags/example_local_kubernetes_executor.py
[2025-04-05T14:23:21.910+0000] {processor.py:830} INFO - Processing file /home/airflow/.local/lib/python3.8/site-packages/airflow/example_dags/example_local_kubernetes_executor.py for tasks to queue
[2025-04-05T14:23:21.911+0000] {logging_mixin.py:188} INFO - [2025-04-05T14:23:21.911+0000] {dagbag.py:538} INFO - Filling up the DagBag from /home/airflow/.local/lib/python3.8/site-packages/airflow/example_dags/example_local_kubernetes_executor.py
[2025-04-05T14:23:21.918+0000] {processor.py:840} INFO - DAG(s) 'example_local_kubernetes_executor' retrieved from /home/airflow/.local/lib/python3.8/site-packages/airflow/example_dags/example_local_kubernetes_executor.py
[2025-04-05T14:23:21.955+0000] {logging_mixin.py:188} INFO - [2025-04-05T14:23:21.955+0000] {dag.py:3036} INFO - Sync 1 DAGs
[2025-04-05T14:23:21.968+0000] {logging_mixin.py:188} INFO - [2025-04-05T14:23:21.968+0000] {dag.py:3823} INFO - Setting next_dagrun for example_local_kubernetes_executor to None, run_after=None
[2025-04-05T14:23:21.988+0000] {processor.py:183} INFO - Processing /home/airflow/.local/lib/python3.8/site-packages/airflow/example_dags/example_local_kubernetes_executor.py took 0.082 seconds
[2025-04-05T14:23:52.239+0000] {processor.py:161} INFO - Started process (PID=3022) to work on /home/airflow/.local/lib/python3.8/site-packages/airflow/example_dags/example_local_kubernetes_executor.py
[2025-04-05T14:23:52.241+0000] {processor.py:830} INFO - Processing file /home/airflow/.local/lib/python3.8/site-packages/airflow/example_dags/example_local_kubernetes_executor.py for tasks to queue
[2025-04-05T14:23:52.242+0000] {logging_mixin.py:188} INFO - [2025-04-05T14:23:52.242+0000] {dagbag.py:538} INFO - Filling up the DagBag from /home/airflow/.local/lib/python3.8/site-packages/airflow/example_dags/example_local_kubernetes_executor.py
[2025-04-05T14:23:52.250+0000] {processor.py:840} INFO - DAG(s) 'example_local_kubernetes_executor' retrieved from /home/airflow/.local/lib/python3.8/site-packages/airflow/example_dags/example_local_kubernetes_executor.py
[2025-04-05T14:23:52.292+0000] {logging_mixin.py:188} INFO - [2025-04-05T14:23:52.292+0000] {dag.py:3036} INFO - Sync 1 DAGs
[2025-04-05T14:23:52.304+0000] {logging_mixin.py:188} INFO - [2025-04-05T14:23:52.304+0000] {dag.py:3823} INFO - Setting next_dagrun for example_local_kubernetes_executor to None, run_after=None
[2025-04-05T14:23:52.323+0000] {processor.py:183} INFO - Processing /home/airflow/.local/lib/python3.8/site-packages/airflow/example_dags/example_local_kubernetes_executor.py took 0.089 seconds
[2025-04-05T14:24:23.181+0000] {processor.py:161} INFO - Started process (PID=3269) to work on /home/airflow/.local/lib/python3.8/site-packages/airflow/example_dags/example_local_kubernetes_executor.py
[2025-04-05T14:24:23.183+0000] {processor.py:830} INFO - Processing file /home/airflow/.local/lib/python3.8/site-packages/airflow/example_dags/example_local_kubernetes_executor.py for tasks to queue
[2025-04-05T14:24:23.184+0000] {logging_mixin.py:188} INFO - [2025-04-05T14:24:23.184+0000] {dagbag.py:538} INFO - Filling up the DagBag from /home/airflow/.local/lib/python3.8/site-packages/airflow/example_dags/example_local_kubernetes_executor.py
[2025-04-05T14:24:23.191+0000] {processor.py:840} INFO - DAG(s) 'example_local_kubernetes_executor' retrieved from /home/airflow/.local/lib/python3.8/site-packages/airflow/example_dags/example_local_kubernetes_executor.py
[2025-04-05T14:24:23.227+0000] {logging_mixin.py:188} INFO - [2025-04-05T14:24:23.227+0000] {dag.py:3036} INFO - Sync 1 DAGs
[2025-04-05T14:24:23.238+0000] {logging_mixin.py:188} INFO - [2025-04-05T14:24:23.238+0000] {dag.py:3823} INFO - Setting next_dagrun for example_local_kubernetes_executor to None, run_after=None
[2025-04-05T14:24:23.260+0000] {processor.py:183} INFO - Processing /home/airflow/.local/lib/python3.8/site-packages/airflow/example_dags/example_local_kubernetes_executor.py took 0.082 seconds
[2025-04-05T14:24:53.432+0000] {processor.py:161} INFO - Started process (PID=3516) to work on /home/airflow/.local/lib/python3.8/site-packages/airflow/example_dags/example_local_kubernetes_executor.py
[2025-04-05T14:24:53.433+0000] {processor.py:830} INFO - Processing file /home/airflow/.local/lib/python3.8/site-packages/airflow/example_dags/example_local_kubernetes_executor.py for tasks to queue
[2025-04-05T14:24:53.434+0000] {logging_mixin.py:188} INFO - [2025-04-05T14:24:53.434+0000] {dagbag.py:538} INFO - Filling up the DagBag from /home/airflow/.local/lib/python3.8/site-packages/airflow/example_dags/example_local_kubernetes_executor.py
[2025-04-05T14:24:53.442+0000] {processor.py:840} INFO - DAG(s) 'example_local_kubernetes_executor' retrieved from /home/airflow/.local/lib/python3.8/site-packages/airflow/example_dags/example_local_kubernetes_executor.py
[2025-04-05T14:24:53.477+0000] {logging_mixin.py:188} INFO - [2025-04-05T14:24:53.477+0000] {dag.py:3036} INFO - Sync 1 DAGs
[2025-04-05T14:24:53.490+0000] {logging_mixin.py:188} INFO - [2025-04-05T14:24:53.490+0000] {dag.py:3823} INFO - Setting next_dagrun for example_local_kubernetes_executor to None, run_after=None
[2025-04-05T14:24:53.512+0000] {processor.py:183} INFO - Processing /home/airflow/.local/lib/python3.8/site-packages/airflow/example_dags/example_local_kubernetes_executor.py took 0.084 seconds
[2025-04-05T14:25:23.630+0000] {processor.py:161} INFO - Started process (PID=3758) to work on /home/airflow/.local/lib/python3.8/site-packages/airflow/example_dags/example_local_kubernetes_executor.py
[2025-04-05T14:25:23.631+0000] {processor.py:830} INFO - Processing file /home/airflow/.local/lib/python3.8/site-packages/airflow/example_dags/example_local_kubernetes_executor.py for tasks to queue
[2025-04-05T14:25:23.632+0000] {logging_mixin.py:188} INFO - [2025-04-05T14:25:23.632+0000] {dagbag.py:538} INFO - Filling up the DagBag from /home/airflow/.local/lib/python3.8/site-packages/airflow/example_dags/example_local_kubernetes_executor.py
[2025-04-05T14:25:23.638+0000] {processor.py:840} INFO - DAG(s) 'example_local_kubernetes_executor' retrieved from /home/airflow/.local/lib/python3.8/site-packages/airflow/example_dags/example_local_kubernetes_executor.py
[2025-04-05T14:25:23.671+0000] {logging_mixin.py:188} INFO - [2025-04-05T14:25:23.671+0000] {dag.py:3036} INFO - Sync 1 DAGs
[2025-04-05T14:25:23.687+0000] {logging_mixin.py:188} INFO - [2025-04-05T14:25:23.686+0000] {dag.py:3823} INFO - Setting next_dagrun for example_local_kubernetes_executor to None, run_after=None
[2025-04-05T14:25:23.708+0000] {processor.py:183} INFO - Processing /home/airflow/.local/lib/python3.8/site-packages/airflow/example_dags/example_local_kubernetes_executor.py took 0.080 seconds
[2025-04-05T14:25:53.943+0000] {processor.py:161} INFO - Started process (PID=4005) to work on /home/airflow/.local/lib/python3.8/site-packages/airflow/example_dags/example_local_kubernetes_executor.py
[2025-04-05T14:25:53.944+0000] {processor.py:830} INFO - Processing file /home/airflow/.local/lib/python3.8/site-packages/airflow/example_dags/example_local_kubernetes_executor.py for tasks to queue
[2025-04-05T14:25:53.945+0000] {logging_mixin.py:188} INFO - [2025-04-05T14:25:53.944+0000] {dagbag.py:538} INFO - Filling up the DagBag from /home/airflow/.local/lib/python3.8/site-packages/airflow/example_dags/example_local_kubernetes_executor.py
[2025-04-05T14:25:53.951+0000] {processor.py:840} INFO - DAG(s) 'example_local_kubernetes_executor' retrieved from /home/airflow/.local/lib/python3.8/site-packages/airflow/example_dags/example_local_kubernetes_executor.py
[2025-04-05T14:25:53.984+0000] {logging_mixin.py:188} INFO - [2025-04-05T14:25:53.983+0000] {dag.py:3036} INFO - Sync 1 DAGs
[2025-04-05T14:25:53.994+0000] {logging_mixin.py:188} INFO - [2025-04-05T14:25:53.994+0000] {dag.py:3823} INFO - Setting next_dagrun for example_local_kubernetes_executor to None, run_after=None
[2025-04-05T14:25:54.024+0000] {processor.py:183} INFO - Processing /home/airflow/.local/lib/python3.8/site-packages/airflow/example_dags/example_local_kubernetes_executor.py took 0.084 seconds
[2025-04-05T14:26:24.759+0000] {processor.py:161} INFO - Started process (PID=4257) to work on /home/airflow/.local/lib/python3.8/site-packages/airflow/example_dags/example_local_kubernetes_executor.py
[2025-04-05T14:26:24.760+0000] {processor.py:830} INFO - Processing file /home/airflow/.local/lib/python3.8/site-packages/airflow/example_dags/example_local_kubernetes_executor.py for tasks to queue
[2025-04-05T14:26:24.761+0000] {logging_mixin.py:188} INFO - [2025-04-05T14:26:24.760+0000] {dagbag.py:538} INFO - Filling up the DagBag from /home/airflow/.local/lib/python3.8/site-packages/airflow/example_dags/example_local_kubernetes_executor.py
[2025-04-05T14:26:24.767+0000] {processor.py:840} INFO - DAG(s) 'example_local_kubernetes_executor' retrieved from /home/airflow/.local/lib/python3.8/site-packages/airflow/example_dags/example_local_kubernetes_executor.py
[2025-04-05T14:26:24.802+0000] {logging_mixin.py:188} INFO - [2025-04-05T14:26:24.801+0000] {dag.py:3036} INFO - Sync 1 DAGs
[2025-04-05T14:26:24.815+0000] {logging_mixin.py:188} INFO - [2025-04-05T14:26:24.815+0000] {dag.py:3823} INFO - Setting next_dagrun for example_local_kubernetes_executor to None, run_after=None
[2025-04-05T14:26:24.839+0000] {processor.py:183} INFO - Processing /home/airflow/.local/lib/python3.8/site-packages/airflow/example_dags/example_local_kubernetes_executor.py took 0.084 seconds
[2025-04-05T14:26:54.995+0000] {processor.py:161} INFO - Started process (PID=4504) to work on /home/airflow/.local/lib/python3.8/site-packages/airflow/example_dags/example_local_kubernetes_executor.py
[2025-04-05T14:26:54.997+0000] {processor.py:830} INFO - Processing file /home/airflow/.local/lib/python3.8/site-packages/airflow/example_dags/example_local_kubernetes_executor.py for tasks to queue
[2025-04-05T14:26:54.998+0000] {logging_mixin.py:188} INFO - [2025-04-05T14:26:54.997+0000] {dagbag.py:538} INFO - Filling up the DagBag from /home/airflow/.local/lib/python3.8/site-packages/airflow/example_dags/example_local_kubernetes_executor.py
[2025-04-05T14:26:55.004+0000] {processor.py:840} INFO - DAG(s) 'example_local_kubernetes_executor' retrieved from /home/airflow/.local/lib/python3.8/site-packages/airflow/example_dags/example_local_kubernetes_executor.py
[2025-04-05T14:26:55.039+0000] {logging_mixin.py:188} INFO - [2025-04-05T14:26:55.039+0000] {dag.py:3036} INFO - Sync 1 DAGs
[2025-04-05T14:26:55.050+0000] {logging_mixin.py:188} INFO - [2025-04-05T14:26:55.049+0000] {dag.py:3823} INFO - Setting next_dagrun for example_local_kubernetes_executor to None, run_after=None
[2025-04-05T14:26:55.071+0000] {processor.py:183} INFO - Processing /home/airflow/.local/lib/python3.8/site-packages/airflow/example_dags/example_local_kubernetes_executor.py took 0.078 seconds
[2025-04-05T14:28:35.893+0000] {processor.py:161} INFO - Started process (PID=298) to work on /home/airflow/.local/lib/python3.8/site-packages/airflow/example_dags/example_local_kubernetes_executor.py
[2025-04-05T14:28:35.894+0000] {processor.py:830} INFO - Processing file /home/airflow/.local/lib/python3.8/site-packages/airflow/example_dags/example_local_kubernetes_executor.py for tasks to queue
[2025-04-05T14:28:35.895+0000] {logging_mixin.py:188} INFO - [2025-04-05T14:28:35.895+0000] {dagbag.py:538} INFO - Filling up the DagBag from /home/airflow/.local/lib/python3.8/site-packages/airflow/example_dags/example_local_kubernetes_executor.py
[2025-04-05T14:28:35.903+0000] {processor.py:840} INFO - DAG(s) 'example_local_kubernetes_executor' retrieved from /home/airflow/.local/lib/python3.8/site-packages/airflow/example_dags/example_local_kubernetes_executor.py
[2025-04-05T14:28:35.921+0000] {logging_mixin.py:188} INFO - [2025-04-05T14:28:35.921+0000] {dag.py:3036} INFO - Sync 1 DAGs
[2025-04-05T14:28:35.936+0000] {logging_mixin.py:188} INFO - [2025-04-05T14:28:35.936+0000] {dag.py:3823} INFO - Setting next_dagrun for example_local_kubernetes_executor to None, run_after=None
[2025-04-05T14:28:35.958+0000] {processor.py:183} INFO - Processing /home/airflow/.local/lib/python3.8/site-packages/airflow/example_dags/example_local_kubernetes_executor.py took 0.069 seconds
[2025-04-05T14:29:07.371+0000] {processor.py:161} INFO - Started process (PID=547) to work on /home/airflow/.local/lib/python3.8/site-packages/airflow/example_dags/example_local_kubernetes_executor.py
[2025-04-05T14:29:07.372+0000] {processor.py:830} INFO - Processing file /home/airflow/.local/lib/python3.8/site-packages/airflow/example_dags/example_local_kubernetes_executor.py for tasks to queue
[2025-04-05T14:29:07.373+0000] {logging_mixin.py:188} INFO - [2025-04-05T14:29:07.373+0000] {dagbag.py:538} INFO - Filling up the DagBag from /home/airflow/.local/lib/python3.8/site-packages/airflow/example_dags/example_local_kubernetes_executor.py
[2025-04-05T14:29:07.379+0000] {processor.py:840} INFO - DAG(s) 'example_local_kubernetes_executor' retrieved from /home/airflow/.local/lib/python3.8/site-packages/airflow/example_dags/example_local_kubernetes_executor.py
[2025-04-05T14:29:07.470+0000] {logging_mixin.py:188} INFO - [2025-04-05T14:29:07.470+0000] {dag.py:3036} INFO - Sync 1 DAGs
[2025-04-05T14:29:07.482+0000] {logging_mixin.py:188} INFO - [2025-04-05T14:29:07.481+0000] {dag.py:3823} INFO - Setting next_dagrun for example_local_kubernetes_executor to None, run_after=None
[2025-04-05T14:29:07.502+0000] {processor.py:183} INFO - Processing /home/airflow/.local/lib/python3.8/site-packages/airflow/example_dags/example_local_kubernetes_executor.py took 0.134 seconds
[2025-04-05T14:29:37.543+0000] {processor.py:161} INFO - Started process (PID=794) to work on /home/airflow/.local/lib/python3.8/site-packages/airflow/example_dags/example_local_kubernetes_executor.py
[2025-04-05T14:29:37.544+0000] {processor.py:830} INFO - Processing file /home/airflow/.local/lib/python3.8/site-packages/airflow/example_dags/example_local_kubernetes_executor.py for tasks to queue
[2025-04-05T14:29:37.545+0000] {logging_mixin.py:188} INFO - [2025-04-05T14:29:37.545+0000] {dagbag.py:538} INFO - Filling up the DagBag from /home/airflow/.local/lib/python3.8/site-packages/airflow/example_dags/example_local_kubernetes_executor.py
[2025-04-05T14:29:37.552+0000] {processor.py:840} INFO - DAG(s) 'example_local_kubernetes_executor' retrieved from /home/airflow/.local/lib/python3.8/site-packages/airflow/example_dags/example_local_kubernetes_executor.py
[2025-04-05T14:29:37.583+0000] {logging_mixin.py:188} INFO - [2025-04-05T14:29:37.583+0000] {dag.py:3036} INFO - Sync 1 DAGs
[2025-04-05T14:29:37.595+0000] {logging_mixin.py:188} INFO - [2025-04-05T14:29:37.594+0000] {dag.py:3823} INFO - Setting next_dagrun for example_local_kubernetes_executor to None, run_after=None
[2025-04-05T14:29:37.616+0000] {processor.py:183} INFO - Processing /home/airflow/.local/lib/python3.8/site-packages/airflow/example_dags/example_local_kubernetes_executor.py took 0.075 seconds
[2025-04-05T14:30:07.785+0000] {processor.py:161} INFO - Started process (PID=1039) to work on /home/airflow/.local/lib/python3.8/site-packages/airflow/example_dags/example_local_kubernetes_executor.py
[2025-04-05T14:30:07.787+0000] {processor.py:830} INFO - Processing file /home/airflow/.local/lib/python3.8/site-packages/airflow/example_dags/example_local_kubernetes_executor.py for tasks to queue
[2025-04-05T14:30:07.788+0000] {logging_mixin.py:188} INFO - [2025-04-05T14:30:07.787+0000] {dagbag.py:538} INFO - Filling up the DagBag from /home/airflow/.local/lib/python3.8/site-packages/airflow/example_dags/example_local_kubernetes_executor.py
[2025-04-05T14:30:07.795+0000] {processor.py:840} INFO - DAG(s) 'example_local_kubernetes_executor' retrieved from /home/airflow/.local/lib/python3.8/site-packages/airflow/example_dags/example_local_kubernetes_executor.py
[2025-04-05T14:30:07.827+0000] {logging_mixin.py:188} INFO - [2025-04-05T14:30:07.827+0000] {dag.py:3036} INFO - Sync 1 DAGs
[2025-04-05T14:30:07.838+0000] {logging_mixin.py:188} INFO - [2025-04-05T14:30:07.838+0000] {dag.py:3823} INFO - Setting next_dagrun for example_local_kubernetes_executor to None, run_after=None
[2025-04-05T14:30:07.859+0000] {processor.py:183} INFO - Processing /home/airflow/.local/lib/python3.8/site-packages/airflow/example_dags/example_local_kubernetes_executor.py took 0.076 seconds
[2025-04-05T14:30:38.768+0000] {processor.py:161} INFO - Started process (PID=1286) to work on /home/airflow/.local/lib/python3.8/site-packages/airflow/example_dags/example_local_kubernetes_executor.py
[2025-04-05T14:30:38.769+0000] {processor.py:830} INFO - Processing file /home/airflow/.local/lib/python3.8/site-packages/airflow/example_dags/example_local_kubernetes_executor.py for tasks to queue
[2025-04-05T14:30:38.771+0000] {logging_mixin.py:188} INFO - [2025-04-05T14:30:38.770+0000] {dagbag.py:538} INFO - Filling up the DagBag from /home/airflow/.local/lib/python3.8/site-packages/airflow/example_dags/example_local_kubernetes_executor.py
[2025-04-05T14:30:38.777+0000] {processor.py:840} INFO - DAG(s) 'example_local_kubernetes_executor' retrieved from /home/airflow/.local/lib/python3.8/site-packages/airflow/example_dags/example_local_kubernetes_executor.py
[2025-04-05T14:30:38.811+0000] {logging_mixin.py:188} INFO - [2025-04-05T14:30:38.811+0000] {dag.py:3036} INFO - Sync 1 DAGs
[2025-04-05T14:30:38.823+0000] {logging_mixin.py:188} INFO - [2025-04-05T14:30:38.822+0000] {dag.py:3823} INFO - Setting next_dagrun for example_local_kubernetes_executor to None, run_after=None
[2025-04-05T14:30:38.843+0000] {processor.py:183} INFO - Processing /home/airflow/.local/lib/python3.8/site-packages/airflow/example_dags/example_local_kubernetes_executor.py took 0.078 seconds
[2025-04-05T14:31:10.369+0000] {processor.py:161} INFO - Started process (PID=1533) to work on /home/airflow/.local/lib/python3.8/site-packages/airflow/example_dags/example_local_kubernetes_executor.py
[2025-04-05T14:31:10.386+0000] {processor.py:830} INFO - Processing file /home/airflow/.local/lib/python3.8/site-packages/airflow/example_dags/example_local_kubernetes_executor.py for tasks to queue
[2025-04-05T14:31:10.388+0000] {logging_mixin.py:188} INFO - [2025-04-05T14:31:10.388+0000] {dagbag.py:538} INFO - Filling up the DagBag from /home/airflow/.local/lib/python3.8/site-packages/airflow/example_dags/example_local_kubernetes_executor.py
[2025-04-05T14:31:10.397+0000] {processor.py:840} INFO - DAG(s) 'example_local_kubernetes_executor' retrieved from /home/airflow/.local/lib/python3.8/site-packages/airflow/example_dags/example_local_kubernetes_executor.py
[2025-04-05T14:31:10.444+0000] {logging_mixin.py:188} INFO - [2025-04-05T14:31:10.443+0000] {dag.py:3036} INFO - Sync 1 DAGs
[2025-04-05T14:31:10.462+0000] {logging_mixin.py:188} INFO - [2025-04-05T14:31:10.462+0000] {dag.py:3823} INFO - Setting next_dagrun for example_local_kubernetes_executor to None, run_after=None
[2025-04-05T14:31:10.702+0000] {processor.py:183} INFO - Processing /home/airflow/.local/lib/python3.8/site-packages/airflow/example_dags/example_local_kubernetes_executor.py took 0.337 seconds
[2025-04-05T14:31:41.011+0000] {processor.py:161} INFO - Started process (PID=1780) to work on /home/airflow/.local/lib/python3.8/site-packages/airflow/example_dags/example_local_kubernetes_executor.py
[2025-04-05T14:31:41.012+0000] {processor.py:830} INFO - Processing file /home/airflow/.local/lib/python3.8/site-packages/airflow/example_dags/example_local_kubernetes_executor.py for tasks to queue
[2025-04-05T14:31:41.013+0000] {logging_mixin.py:188} INFO - [2025-04-05T14:31:41.013+0000] {dagbag.py:538} INFO - Filling up the DagBag from /home/airflow/.local/lib/python3.8/site-packages/airflow/example_dags/example_local_kubernetes_executor.py
[2025-04-05T14:31:41.020+0000] {processor.py:840} INFO - DAG(s) 'example_local_kubernetes_executor' retrieved from /home/airflow/.local/lib/python3.8/site-packages/airflow/example_dags/example_local_kubernetes_executor.py
[2025-04-05T14:31:41.054+0000] {logging_mixin.py:188} INFO - [2025-04-05T14:31:41.054+0000] {dag.py:3036} INFO - Sync 1 DAGs
[2025-04-05T14:31:41.066+0000] {logging_mixin.py:188} INFO - [2025-04-05T14:31:41.066+0000] {dag.py:3823} INFO - Setting next_dagrun for example_local_kubernetes_executor to None, run_after=None
[2025-04-05T14:31:41.085+0000] {processor.py:183} INFO - Processing /home/airflow/.local/lib/python3.8/site-packages/airflow/example_dags/example_local_kubernetes_executor.py took 0.078 seconds
[2025-04-05T14:32:11.298+0000] {processor.py:161} INFO - Started process (PID=2027) to work on /home/airflow/.local/lib/python3.8/site-packages/airflow/example_dags/example_local_kubernetes_executor.py
[2025-04-05T14:32:11.299+0000] {processor.py:830} INFO - Processing file /home/airflow/.local/lib/python3.8/site-packages/airflow/example_dags/example_local_kubernetes_executor.py for tasks to queue
[2025-04-05T14:32:11.300+0000] {logging_mixin.py:188} INFO - [2025-04-05T14:32:11.300+0000] {dagbag.py:538} INFO - Filling up the DagBag from /home/airflow/.local/lib/python3.8/site-packages/airflow/example_dags/example_local_kubernetes_executor.py
[2025-04-05T14:32:11.307+0000] {processor.py:840} INFO - DAG(s) 'example_local_kubernetes_executor' retrieved from /home/airflow/.local/lib/python3.8/site-packages/airflow/example_dags/example_local_kubernetes_executor.py
[2025-04-05T14:32:11.341+0000] {logging_mixin.py:188} INFO - [2025-04-05T14:32:11.340+0000] {dag.py:3036} INFO - Sync 1 DAGs
[2025-04-05T14:32:11.352+0000] {logging_mixin.py:188} INFO - [2025-04-05T14:32:11.352+0000] {dag.py:3823} INFO - Setting next_dagrun for example_local_kubernetes_executor to None, run_after=None
[2025-04-05T14:32:11.373+0000] {processor.py:183} INFO - Processing /home/airflow/.local/lib/python3.8/site-packages/airflow/example_dags/example_local_kubernetes_executor.py took 0.077 seconds
[2025-04-05T14:32:42.306+0000] {processor.py:161} INFO - Started process (PID=2274) to work on /home/airflow/.local/lib/python3.8/site-packages/airflow/example_dags/example_local_kubernetes_executor.py
[2025-04-05T14:32:42.308+0000] {processor.py:830} INFO - Processing file /home/airflow/.local/lib/python3.8/site-packages/airflow/example_dags/example_local_kubernetes_executor.py for tasks to queue
[2025-04-05T14:32:42.309+0000] {logging_mixin.py:188} INFO - [2025-04-05T14:32:42.309+0000] {dagbag.py:538} INFO - Filling up the DagBag from /home/airflow/.local/lib/python3.8/site-packages/airflow/example_dags/example_local_kubernetes_executor.py
[2025-04-05T14:32:42.315+0000] {processor.py:840} INFO - DAG(s) 'example_local_kubernetes_executor' retrieved from /home/airflow/.local/lib/python3.8/site-packages/airflow/example_dags/example_local_kubernetes_executor.py
[2025-04-05T14:32:42.349+0000] {logging_mixin.py:188} INFO - [2025-04-05T14:32:42.348+0000] {dag.py:3036} INFO - Sync 1 DAGs
[2025-04-05T14:32:42.360+0000] {logging_mixin.py:188} INFO - [2025-04-05T14:32:42.360+0000] {dag.py:3823} INFO - Setting next_dagrun for example_local_kubernetes_executor to None, run_after=None
[2025-04-05T14:32:42.381+0000] {processor.py:183} INFO - Processing /home/airflow/.local/lib/python3.8/site-packages/airflow/example_dags/example_local_kubernetes_executor.py took 0.078 seconds
[2025-04-05T14:33:12.734+0000] {processor.py:161} INFO - Started process (PID=2521) to work on /home/airflow/.local/lib/python3.8/site-packages/airflow/example_dags/example_local_kubernetes_executor.py
[2025-04-05T14:33:12.735+0000] {processor.py:830} INFO - Processing file /home/airflow/.local/lib/python3.8/site-packages/airflow/example_dags/example_local_kubernetes_executor.py for tasks to queue
[2025-04-05T14:33:12.736+0000] {logging_mixin.py:188} INFO - [2025-04-05T14:33:12.736+0000] {dagbag.py:538} INFO - Filling up the DagBag from /home/airflow/.local/lib/python3.8/site-packages/airflow/example_dags/example_local_kubernetes_executor.py
[2025-04-05T14:33:12.744+0000] {processor.py:840} INFO - DAG(s) 'example_local_kubernetes_executor' retrieved from /home/airflow/.local/lib/python3.8/site-packages/airflow/example_dags/example_local_kubernetes_executor.py
[2025-04-05T14:33:12.785+0000] {logging_mixin.py:188} INFO - [2025-04-05T14:33:12.785+0000] {dag.py:3036} INFO - Sync 1 DAGs
[2025-04-05T14:33:12.798+0000] {logging_mixin.py:188} INFO - [2025-04-05T14:33:12.797+0000] {dag.py:3823} INFO - Setting next_dagrun for example_local_kubernetes_executor to None, run_after=None
[2025-04-05T14:33:12.818+0000] {processor.py:183} INFO - Processing /home/airflow/.local/lib/python3.8/site-packages/airflow/example_dags/example_local_kubernetes_executor.py took 0.088 seconds
[2025-04-05T14:33:43.028+0000] {processor.py:161} INFO - Started process (PID=2768) to work on /home/airflow/.local/lib/python3.8/site-packages/airflow/example_dags/example_local_kubernetes_executor.py
[2025-04-05T14:33:43.029+0000] {processor.py:830} INFO - Processing file /home/airflow/.local/lib/python3.8/site-packages/airflow/example_dags/example_local_kubernetes_executor.py for tasks to queue
[2025-04-05T14:33:43.030+0000] {logging_mixin.py:188} INFO - [2025-04-05T14:33:43.030+0000] {dagbag.py:538} INFO - Filling up the DagBag from /home/airflow/.local/lib/python3.8/site-packages/airflow/example_dags/example_local_kubernetes_executor.py
[2025-04-05T14:33:43.036+0000] {processor.py:840} INFO - DAG(s) 'example_local_kubernetes_executor' retrieved from /home/airflow/.local/lib/python3.8/site-packages/airflow/example_dags/example_local_kubernetes_executor.py
[2025-04-05T14:33:43.069+0000] {logging_mixin.py:188} INFO - [2025-04-05T14:33:43.069+0000] {dag.py:3036} INFO - Sync 1 DAGs
[2025-04-05T14:33:43.080+0000] {logging_mixin.py:188} INFO - [2025-04-05T14:33:43.080+0000] {dag.py:3823} INFO - Setting next_dagrun for example_local_kubernetes_executor to None, run_after=None
[2025-04-05T14:33:43.100+0000] {processor.py:183} INFO - Processing /home/airflow/.local/lib/python3.8/site-packages/airflow/example_dags/example_local_kubernetes_executor.py took 0.076 seconds
[2025-04-05T14:34:13.350+0000] {processor.py:161} INFO - Started process (PID=3015) to work on /home/airflow/.local/lib/python3.8/site-packages/airflow/example_dags/example_local_kubernetes_executor.py
[2025-04-05T14:34:13.351+0000] {processor.py:830} INFO - Processing file /home/airflow/.local/lib/python3.8/site-packages/airflow/example_dags/example_local_kubernetes_executor.py for tasks to queue
[2025-04-05T14:34:13.352+0000] {logging_mixin.py:188} INFO - [2025-04-05T14:34:13.352+0000] {dagbag.py:538} INFO - Filling up the DagBag from /home/airflow/.local/lib/python3.8/site-packages/airflow/example_dags/example_local_kubernetes_executor.py
[2025-04-05T14:34:13.359+0000] {processor.py:840} INFO - DAG(s) 'example_local_kubernetes_executor' retrieved from /home/airflow/.local/lib/python3.8/site-packages/airflow/example_dags/example_local_kubernetes_executor.py
[2025-04-05T14:34:13.394+0000] {logging_mixin.py:188} INFO - [2025-04-05T14:34:13.394+0000] {dag.py:3036} INFO - Sync 1 DAGs
[2025-04-05T14:34:13.405+0000] {logging_mixin.py:188} INFO - [2025-04-05T14:34:13.405+0000] {dag.py:3823} INFO - Setting next_dagrun for example_local_kubernetes_executor to None, run_after=None
[2025-04-05T14:34:13.426+0000] {processor.py:183} INFO - Processing /home/airflow/.local/lib/python3.8/site-packages/airflow/example_dags/example_local_kubernetes_executor.py took 0.080 seconds
[2025-04-05T14:34:43.571+0000] {processor.py:161} INFO - Started process (PID=3262) to work on /home/airflow/.local/lib/python3.8/site-packages/airflow/example_dags/example_local_kubernetes_executor.py
[2025-04-05T14:34:43.572+0000] {processor.py:830} INFO - Processing file /home/airflow/.local/lib/python3.8/site-packages/airflow/example_dags/example_local_kubernetes_executor.py for tasks to queue
[2025-04-05T14:34:43.573+0000] {logging_mixin.py:188} INFO - [2025-04-05T14:34:43.573+0000] {dagbag.py:538} INFO - Filling up the DagBag from /home/airflow/.local/lib/python3.8/site-packages/airflow/example_dags/example_local_kubernetes_executor.py
[2025-04-05T14:34:43.583+0000] {processor.py:840} INFO - DAG(s) 'example_local_kubernetes_executor' retrieved from /home/airflow/.local/lib/python3.8/site-packages/airflow/example_dags/example_local_kubernetes_executor.py
[2025-04-05T14:34:43.625+0000] {logging_mixin.py:188} INFO - [2025-04-05T14:34:43.625+0000] {dag.py:3036} INFO - Sync 1 DAGs
[2025-04-05T14:34:43.639+0000] {logging_mixin.py:188} INFO - [2025-04-05T14:34:43.639+0000] {dag.py:3823} INFO - Setting next_dagrun for example_local_kubernetes_executor to None, run_after=None
[2025-04-05T14:34:43.662+0000] {processor.py:183} INFO - Processing /home/airflow/.local/lib/python3.8/site-packages/airflow/example_dags/example_local_kubernetes_executor.py took 0.094 seconds
[2025-04-05T16:40:58.259+0000] {processor.py:161} INFO - Started process (PID=306) to work on /home/airflow/.local/lib/python3.8/site-packages/airflow/example_dags/example_local_kubernetes_executor.py
[2025-04-05T16:40:58.261+0000] {processor.py:830} INFO - Processing file /home/airflow/.local/lib/python3.8/site-packages/airflow/example_dags/example_local_kubernetes_executor.py for tasks to queue
[2025-04-05T16:40:58.263+0000] {logging_mixin.py:188} INFO - [2025-04-05T16:40:58.263+0000] {dagbag.py:538} INFO - Filling up the DagBag from /home/airflow/.local/lib/python3.8/site-packages/airflow/example_dags/example_local_kubernetes_executor.py
[2025-04-05T16:40:58.282+0000] {processor.py:840} INFO - DAG(s) 'example_local_kubernetes_executor' retrieved from /home/airflow/.local/lib/python3.8/site-packages/airflow/example_dags/example_local_kubernetes_executor.py
[2025-04-05T16:40:58.628+0000] {logging_mixin.py:188} INFO - [2025-04-05T16:40:58.627+0000] {override.py:1769} INFO - Created Permission View: can edit on DAG:example_local_kubernetes_executor
[2025-04-05T16:40:58.654+0000] {logging_mixin.py:188} INFO - [2025-04-05T16:40:58.653+0000] {override.py:1769} INFO - Created Permission View: can delete on DAG:example_local_kubernetes_executor
[2025-04-05T16:40:58.669+0000] {logging_mixin.py:188} INFO - [2025-04-05T16:40:58.668+0000] {override.py:1769} INFO - Created Permission View: can read on DAG:example_local_kubernetes_executor
[2025-04-05T16:40:58.670+0000] {logging_mixin.py:188} INFO - [2025-04-05T16:40:58.669+0000] {dag.py:3036} INFO - Sync 1 DAGs
[2025-04-05T16:40:58.696+0000] {logging_mixin.py:188} INFO - [2025-04-05T16:40:58.696+0000] {dag.py:3058} INFO - Creating ORM DAG for example_local_kubernetes_executor
[2025-04-05T16:40:58.698+0000] {logging_mixin.py:188} INFO - [2025-04-05T16:40:58.698+0000] {dag.py:3823} INFO - Setting next_dagrun for example_local_kubernetes_executor to None, run_after=None
[2025-04-05T16:40:58.733+0000] {processor.py:183} INFO - Processing /home/airflow/.local/lib/python3.8/site-packages/airflow/example_dags/example_local_kubernetes_executor.py took 0.481 seconds
[2025-04-05T16:41:29.339+0000] {processor.py:161} INFO - Started process (PID=553) to work on /home/airflow/.local/lib/python3.8/site-packages/airflow/example_dags/example_local_kubernetes_executor.py
[2025-04-05T16:41:29.340+0000] {processor.py:830} INFO - Processing file /home/airflow/.local/lib/python3.8/site-packages/airflow/example_dags/example_local_kubernetes_executor.py for tasks to queue
[2025-04-05T16:41:29.341+0000] {logging_mixin.py:188} INFO - [2025-04-05T16:41:29.340+0000] {dagbag.py:538} INFO - Filling up the DagBag from /home/airflow/.local/lib/python3.8/site-packages/airflow/example_dags/example_local_kubernetes_executor.py
[2025-04-05T16:41:29.350+0000] {processor.py:840} INFO - DAG(s) 'example_local_kubernetes_executor' retrieved from /home/airflow/.local/lib/python3.8/site-packages/airflow/example_dags/example_local_kubernetes_executor.py
[2025-04-05T16:41:29.387+0000] {logging_mixin.py:188} INFO - [2025-04-05T16:41:29.387+0000] {dag.py:3036} INFO - Sync 1 DAGs
[2025-04-05T16:41:29.400+0000] {logging_mixin.py:188} INFO - [2025-04-05T16:41:29.400+0000] {dag.py:3823} INFO - Setting next_dagrun for example_local_kubernetes_executor to None, run_after=None
[2025-04-05T16:41:29.432+0000] {processor.py:183} INFO - Processing /home/airflow/.local/lib/python3.8/site-packages/airflow/example_dags/example_local_kubernetes_executor.py took 0.097 seconds
[2025-04-05T16:42:00.114+0000] {processor.py:161} INFO - Started process (PID=800) to work on /home/airflow/.local/lib/python3.8/site-packages/airflow/example_dags/example_local_kubernetes_executor.py
[2025-04-05T16:42:00.116+0000] {processor.py:830} INFO - Processing file /home/airflow/.local/lib/python3.8/site-packages/airflow/example_dags/example_local_kubernetes_executor.py for tasks to queue
[2025-04-05T16:42:00.117+0000] {logging_mixin.py:188} INFO - [2025-04-05T16:42:00.117+0000] {dagbag.py:538} INFO - Filling up the DagBag from /home/airflow/.local/lib/python3.8/site-packages/airflow/example_dags/example_local_kubernetes_executor.py
[2025-04-05T16:42:00.128+0000] {processor.py:840} INFO - DAG(s) 'example_local_kubernetes_executor' retrieved from /home/airflow/.local/lib/python3.8/site-packages/airflow/example_dags/example_local_kubernetes_executor.py
[2025-04-05T16:42:00.193+0000] {logging_mixin.py:188} INFO - [2025-04-05T16:42:00.192+0000] {dag.py:3036} INFO - Sync 1 DAGs
[2025-04-05T16:42:00.218+0000] {logging_mixin.py:188} INFO - [2025-04-05T16:42:00.218+0000] {dag.py:3823} INFO - Setting next_dagrun for example_local_kubernetes_executor to None, run_after=None
[2025-04-05T16:42:00.250+0000] {processor.py:183} INFO - Processing /home/airflow/.local/lib/python3.8/site-packages/airflow/example_dags/example_local_kubernetes_executor.py took 0.140 seconds
[2025-04-05T16:42:31.158+0000] {processor.py:161} INFO - Started process (PID=1047) to work on /home/airflow/.local/lib/python3.8/site-packages/airflow/example_dags/example_local_kubernetes_executor.py
[2025-04-05T16:42:31.159+0000] {processor.py:830} INFO - Processing file /home/airflow/.local/lib/python3.8/site-packages/airflow/example_dags/example_local_kubernetes_executor.py for tasks to queue
[2025-04-05T16:42:31.160+0000] {logging_mixin.py:188} INFO - [2025-04-05T16:42:31.159+0000] {dagbag.py:538} INFO - Filling up the DagBag from /home/airflow/.local/lib/python3.8/site-packages/airflow/example_dags/example_local_kubernetes_executor.py
[2025-04-05T16:42:31.167+0000] {processor.py:840} INFO - DAG(s) 'example_local_kubernetes_executor' retrieved from /home/airflow/.local/lib/python3.8/site-packages/airflow/example_dags/example_local_kubernetes_executor.py
[2025-04-05T16:42:31.198+0000] {logging_mixin.py:188} INFO - [2025-04-05T16:42:31.197+0000] {dag.py:3036} INFO - Sync 1 DAGs
[2025-04-05T16:42:31.209+0000] {logging_mixin.py:188} INFO - [2025-04-05T16:42:31.208+0000] {dag.py:3823} INFO - Setting next_dagrun for example_local_kubernetes_executor to None, run_after=None
[2025-04-05T16:42:31.231+0000] {processor.py:183} INFO - Processing /home/airflow/.local/lib/python3.8/site-packages/airflow/example_dags/example_local_kubernetes_executor.py took 0.076 seconds
[2025-04-05T16:43:01.276+0000] {processor.py:161} INFO - Started process (PID=1294) to work on /home/airflow/.local/lib/python3.8/site-packages/airflow/example_dags/example_local_kubernetes_executor.py
[2025-04-05T16:43:01.277+0000] {processor.py:830} INFO - Processing file /home/airflow/.local/lib/python3.8/site-packages/airflow/example_dags/example_local_kubernetes_executor.py for tasks to queue
[2025-04-05T16:43:01.279+0000] {logging_mixin.py:188} INFO - [2025-04-05T16:43:01.278+0000] {dagbag.py:538} INFO - Filling up the DagBag from /home/airflow/.local/lib/python3.8/site-packages/airflow/example_dags/example_local_kubernetes_executor.py
[2025-04-05T16:43:01.286+0000] {processor.py:840} INFO - DAG(s) 'example_local_kubernetes_executor' retrieved from /home/airflow/.local/lib/python3.8/site-packages/airflow/example_dags/example_local_kubernetes_executor.py
[2025-04-05T16:43:01.320+0000] {logging_mixin.py:188} INFO - [2025-04-05T16:43:01.320+0000] {dag.py:3036} INFO - Sync 1 DAGs
[2025-04-05T16:43:01.334+0000] {logging_mixin.py:188} INFO - [2025-04-05T16:43:01.334+0000] {dag.py:3823} INFO - Setting next_dagrun for example_local_kubernetes_executor to None, run_after=None
[2025-04-05T16:43:01.357+0000] {processor.py:183} INFO - Processing /home/airflow/.local/lib/python3.8/site-packages/airflow/example_dags/example_local_kubernetes_executor.py took 0.084 seconds
[2025-04-05T16:43:31.615+0000] {processor.py:161} INFO - Started process (PID=1541) to work on /home/airflow/.local/lib/python3.8/site-packages/airflow/example_dags/example_local_kubernetes_executor.py
[2025-04-05T16:43:31.616+0000] {processor.py:830} INFO - Processing file /home/airflow/.local/lib/python3.8/site-packages/airflow/example_dags/example_local_kubernetes_executor.py for tasks to queue
[2025-04-05T16:43:31.617+0000] {logging_mixin.py:188} INFO - [2025-04-05T16:43:31.617+0000] {dagbag.py:538} INFO - Filling up the DagBag from /home/airflow/.local/lib/python3.8/site-packages/airflow/example_dags/example_local_kubernetes_executor.py
[2025-04-05T16:43:31.625+0000] {processor.py:840} INFO - DAG(s) 'example_local_kubernetes_executor' retrieved from /home/airflow/.local/lib/python3.8/site-packages/airflow/example_dags/example_local_kubernetes_executor.py
[2025-04-05T16:43:31.662+0000] {logging_mixin.py:188} INFO - [2025-04-05T16:43:31.662+0000] {dag.py:3036} INFO - Sync 1 DAGs
[2025-04-05T16:43:31.676+0000] {logging_mixin.py:188} INFO - [2025-04-05T16:43:31.676+0000] {dag.py:3823} INFO - Setting next_dagrun for example_local_kubernetes_executor to None, run_after=None
[2025-04-05T16:43:31.697+0000] {processor.py:183} INFO - Processing /home/airflow/.local/lib/python3.8/site-packages/airflow/example_dags/example_local_kubernetes_executor.py took 0.086 seconds
[2025-04-05T16:44:01.753+0000] {processor.py:161} INFO - Started process (PID=1788) to work on /home/airflow/.local/lib/python3.8/site-packages/airflow/example_dags/example_local_kubernetes_executor.py
[2025-04-05T16:44:01.753+0000] {processor.py:830} INFO - Processing file /home/airflow/.local/lib/python3.8/site-packages/airflow/example_dags/example_local_kubernetes_executor.py for tasks to queue
[2025-04-05T16:44:01.754+0000] {logging_mixin.py:188} INFO - [2025-04-05T16:44:01.754+0000] {dagbag.py:538} INFO - Filling up the DagBag from /home/airflow/.local/lib/python3.8/site-packages/airflow/example_dags/example_local_kubernetes_executor.py
[2025-04-05T16:44:01.762+0000] {processor.py:840} INFO - DAG(s) 'example_local_kubernetes_executor' retrieved from /home/airflow/.local/lib/python3.8/site-packages/airflow/example_dags/example_local_kubernetes_executor.py
[2025-04-05T16:44:01.793+0000] {logging_mixin.py:188} INFO - [2025-04-05T16:44:01.793+0000] {dag.py:3036} INFO - Sync 1 DAGs
[2025-04-05T16:44:01.805+0000] {logging_mixin.py:188} INFO - [2025-04-05T16:44:01.805+0000] {dag.py:3823} INFO - Setting next_dagrun for example_local_kubernetes_executor to None, run_after=None
[2025-04-05T16:44:01.826+0000] {processor.py:183} INFO - Processing /home/airflow/.local/lib/python3.8/site-packages/airflow/example_dags/example_local_kubernetes_executor.py took 0.076 seconds
[2025-04-05T16:44:31.963+0000] {processor.py:161} INFO - Started process (PID=2035) to work on /home/airflow/.local/lib/python3.8/site-packages/airflow/example_dags/example_local_kubernetes_executor.py
[2025-04-05T16:44:31.964+0000] {processor.py:830} INFO - Processing file /home/airflow/.local/lib/python3.8/site-packages/airflow/example_dags/example_local_kubernetes_executor.py for tasks to queue
[2025-04-05T16:44:31.965+0000] {logging_mixin.py:188} INFO - [2025-04-05T16:44:31.965+0000] {dagbag.py:538} INFO - Filling up the DagBag from /home/airflow/.local/lib/python3.8/site-packages/airflow/example_dags/example_local_kubernetes_executor.py
[2025-04-05T16:44:31.972+0000] {processor.py:840} INFO - DAG(s) 'example_local_kubernetes_executor' retrieved from /home/airflow/.local/lib/python3.8/site-packages/airflow/example_dags/example_local_kubernetes_executor.py
[2025-04-05T16:44:32.002+0000] {logging_mixin.py:188} INFO - [2025-04-05T16:44:32.002+0000] {dag.py:3036} INFO - Sync 1 DAGs
[2025-04-05T16:44:32.014+0000] {logging_mixin.py:188} INFO - [2025-04-05T16:44:32.014+0000] {dag.py:3823} INFO - Setting next_dagrun for example_local_kubernetes_executor to None, run_after=None
[2025-04-05T16:44:32.041+0000] {processor.py:183} INFO - Processing /home/airflow/.local/lib/python3.8/site-packages/airflow/example_dags/example_local_kubernetes_executor.py took 0.081 seconds
[2025-04-05T16:45:02.118+0000] {processor.py:161} INFO - Started process (PID=2282) to work on /home/airflow/.local/lib/python3.8/site-packages/airflow/example_dags/example_local_kubernetes_executor.py
[2025-04-05T16:45:02.119+0000] {processor.py:830} INFO - Processing file /home/airflow/.local/lib/python3.8/site-packages/airflow/example_dags/example_local_kubernetes_executor.py for tasks to queue
[2025-04-05T16:45:02.121+0000] {logging_mixin.py:188} INFO - [2025-04-05T16:45:02.120+0000] {dagbag.py:538} INFO - Filling up the DagBag from /home/airflow/.local/lib/python3.8/site-packages/airflow/example_dags/example_local_kubernetes_executor.py
[2025-04-05T16:45:02.129+0000] {processor.py:840} INFO - DAG(s) 'example_local_kubernetes_executor' retrieved from /home/airflow/.local/lib/python3.8/site-packages/airflow/example_dags/example_local_kubernetes_executor.py
[2025-04-05T16:45:02.171+0000] {logging_mixin.py:188} INFO - [2025-04-05T16:45:02.171+0000] {dag.py:3036} INFO - Sync 1 DAGs
[2025-04-05T16:45:02.185+0000] {logging_mixin.py:188} INFO - [2025-04-05T16:45:02.184+0000] {dag.py:3823} INFO - Setting next_dagrun for example_local_kubernetes_executor to None, run_after=None
[2025-04-05T16:45:02.206+0000] {processor.py:183} INFO - Processing /home/airflow/.local/lib/python3.8/site-packages/airflow/example_dags/example_local_kubernetes_executor.py took 0.091 seconds
[2025-04-05T16:45:32.467+0000] {processor.py:161} INFO - Started process (PID=2529) to work on /home/airflow/.local/lib/python3.8/site-packages/airflow/example_dags/example_local_kubernetes_executor.py
[2025-04-05T16:45:32.468+0000] {processor.py:830} INFO - Processing file /home/airflow/.local/lib/python3.8/site-packages/airflow/example_dags/example_local_kubernetes_executor.py for tasks to queue
[2025-04-05T16:45:32.469+0000] {logging_mixin.py:188} INFO - [2025-04-05T16:45:32.469+0000] {dagbag.py:538} INFO - Filling up the DagBag from /home/airflow/.local/lib/python3.8/site-packages/airflow/example_dags/example_local_kubernetes_executor.py
[2025-04-05T16:45:32.831+0000] {processor.py:840} INFO - DAG(s) 'example_local_kubernetes_executor' retrieved from /home/airflow/.local/lib/python3.8/site-packages/airflow/example_dags/example_local_kubernetes_executor.py
[2025-04-05T16:45:32.883+0000] {logging_mixin.py:188} INFO - [2025-04-05T16:45:32.882+0000] {dag.py:3036} INFO - Sync 1 DAGs
[2025-04-05T16:45:32.934+0000] {logging_mixin.py:188} INFO - [2025-04-05T16:45:32.934+0000] {dag.py:3823} INFO - Setting next_dagrun for example_local_kubernetes_executor to None, run_after=None
[2025-04-05T16:45:33.104+0000] {processor.py:183} INFO - Processing /home/airflow/.local/lib/python3.8/site-packages/airflow/example_dags/example_local_kubernetes_executor.py took 0.640 seconds
[2025-04-05T16:46:03.529+0000] {processor.py:161} INFO - Started process (PID=2776) to work on /home/airflow/.local/lib/python3.8/site-packages/airflow/example_dags/example_local_kubernetes_executor.py
[2025-04-05T16:46:03.532+0000] {processor.py:830} INFO - Processing file /home/airflow/.local/lib/python3.8/site-packages/airflow/example_dags/example_local_kubernetes_executor.py for tasks to queue
[2025-04-05T16:46:03.534+0000] {logging_mixin.py:188} INFO - [2025-04-05T16:46:03.533+0000] {dagbag.py:538} INFO - Filling up the DagBag from /home/airflow/.local/lib/python3.8/site-packages/airflow/example_dags/example_local_kubernetes_executor.py
[2025-04-05T16:46:03.550+0000] {processor.py:840} INFO - DAG(s) 'example_local_kubernetes_executor' retrieved from /home/airflow/.local/lib/python3.8/site-packages/airflow/example_dags/example_local_kubernetes_executor.py
[2025-04-05T16:46:03.743+0000] {logging_mixin.py:188} INFO - [2025-04-05T16:46:03.742+0000] {dag.py:3036} INFO - Sync 1 DAGs
[2025-04-05T16:46:03.763+0000] {logging_mixin.py:188} INFO - [2025-04-05T16:46:03.762+0000] {dag.py:3823} INFO - Setting next_dagrun for example_local_kubernetes_executor to None, run_after=None
[2025-04-05T16:46:03.792+0000] {processor.py:183} INFO - Processing /home/airflow/.local/lib/python3.8/site-packages/airflow/example_dags/example_local_kubernetes_executor.py took 0.270 seconds
[2025-04-05T16:46:34.506+0000] {processor.py:161} INFO - Started process (PID=3023) to work on /home/airflow/.local/lib/python3.8/site-packages/airflow/example_dags/example_local_kubernetes_executor.py
[2025-04-05T16:46:34.507+0000] {processor.py:830} INFO - Processing file /home/airflow/.local/lib/python3.8/site-packages/airflow/example_dags/example_local_kubernetes_executor.py for tasks to queue
[2025-04-05T16:46:34.509+0000] {logging_mixin.py:188} INFO - [2025-04-05T16:46:34.509+0000] {dagbag.py:538} INFO - Filling up the DagBag from /home/airflow/.local/lib/python3.8/site-packages/airflow/example_dags/example_local_kubernetes_executor.py
[2025-04-05T16:46:34.519+0000] {processor.py:840} INFO - DAG(s) 'example_local_kubernetes_executor' retrieved from /home/airflow/.local/lib/python3.8/site-packages/airflow/example_dags/example_local_kubernetes_executor.py
[2025-04-05T16:46:34.575+0000] {logging_mixin.py:188} INFO - [2025-04-05T16:46:34.574+0000] {dag.py:3036} INFO - Sync 1 DAGs
[2025-04-05T16:46:34.605+0000] {logging_mixin.py:188} INFO - [2025-04-05T16:46:34.604+0000] {dag.py:3823} INFO - Setting next_dagrun for example_local_kubernetes_executor to None, run_after=None
[2025-04-05T16:46:34.635+0000] {processor.py:183} INFO - Processing /home/airflow/.local/lib/python3.8/site-packages/airflow/example_dags/example_local_kubernetes_executor.py took 0.133 seconds
[2025-04-05T16:47:04.752+0000] {processor.py:161} INFO - Started process (PID=3270) to work on /home/airflow/.local/lib/python3.8/site-packages/airflow/example_dags/example_local_kubernetes_executor.py
[2025-04-05T16:47:04.753+0000] {processor.py:830} INFO - Processing file /home/airflow/.local/lib/python3.8/site-packages/airflow/example_dags/example_local_kubernetes_executor.py for tasks to queue
[2025-04-05T16:47:04.758+0000] {logging_mixin.py:188} INFO - [2025-04-05T16:47:04.757+0000] {dagbag.py:538} INFO - Filling up the DagBag from /home/airflow/.local/lib/python3.8/site-packages/airflow/example_dags/example_local_kubernetes_executor.py
[2025-04-05T16:47:04.768+0000] {processor.py:840} INFO - DAG(s) 'example_local_kubernetes_executor' retrieved from /home/airflow/.local/lib/python3.8/site-packages/airflow/example_dags/example_local_kubernetes_executor.py
[2025-04-05T16:47:04.899+0000] {logging_mixin.py:188} INFO - [2025-04-05T16:47:04.898+0000] {dag.py:3036} INFO - Sync 1 DAGs
[2025-04-05T16:47:04.925+0000] {logging_mixin.py:188} INFO - [2025-04-05T16:47:04.924+0000] {dag.py:3823} INFO - Setting next_dagrun for example_local_kubernetes_executor to None, run_after=None
[2025-04-05T16:47:04.956+0000] {processor.py:183} INFO - Processing /home/airflow/.local/lib/python3.8/site-packages/airflow/example_dags/example_local_kubernetes_executor.py took 0.208 seconds
[2025-04-05T16:47:35.102+0000] {processor.py:161} INFO - Started process (PID=3517) to work on /home/airflow/.local/lib/python3.8/site-packages/airflow/example_dags/example_local_kubernetes_executor.py
[2025-04-05T16:47:35.103+0000] {processor.py:830} INFO - Processing file /home/airflow/.local/lib/python3.8/site-packages/airflow/example_dags/example_local_kubernetes_executor.py for tasks to queue
[2025-04-05T16:47:35.104+0000] {logging_mixin.py:188} INFO - [2025-04-05T16:47:35.104+0000] {dagbag.py:538} INFO - Filling up the DagBag from /home/airflow/.local/lib/python3.8/site-packages/airflow/example_dags/example_local_kubernetes_executor.py
[2025-04-05T16:47:35.112+0000] {processor.py:840} INFO - DAG(s) 'example_local_kubernetes_executor' retrieved from /home/airflow/.local/lib/python3.8/site-packages/airflow/example_dags/example_local_kubernetes_executor.py
[2025-04-05T16:47:35.149+0000] {logging_mixin.py:188} INFO - [2025-04-05T16:47:35.149+0000] {dag.py:3036} INFO - Sync 1 DAGs
[2025-04-05T16:47:35.161+0000] {logging_mixin.py:188} INFO - [2025-04-05T16:47:35.161+0000] {dag.py:3823} INFO - Setting next_dagrun for example_local_kubernetes_executor to None, run_after=None
[2025-04-05T16:47:35.182+0000] {processor.py:183} INFO - Processing /home/airflow/.local/lib/python3.8/site-packages/airflow/example_dags/example_local_kubernetes_executor.py took 0.083 seconds
[2025-04-05T16:48:05.380+0000] {processor.py:161} INFO - Started process (PID=3765) to work on /home/airflow/.local/lib/python3.8/site-packages/airflow/example_dags/example_local_kubernetes_executor.py
[2025-04-05T16:48:05.381+0000] {processor.py:830} INFO - Processing file /home/airflow/.local/lib/python3.8/site-packages/airflow/example_dags/example_local_kubernetes_executor.py for tasks to queue
[2025-04-05T16:48:05.382+0000] {logging_mixin.py:188} INFO - [2025-04-05T16:48:05.381+0000] {dagbag.py:538} INFO - Filling up the DagBag from /home/airflow/.local/lib/python3.8/site-packages/airflow/example_dags/example_local_kubernetes_executor.py
[2025-04-05T16:48:05.389+0000] {processor.py:840} INFO - DAG(s) 'example_local_kubernetes_executor' retrieved from /home/airflow/.local/lib/python3.8/site-packages/airflow/example_dags/example_local_kubernetes_executor.py
[2025-04-05T16:48:05.424+0000] {logging_mixin.py:188} INFO - [2025-04-05T16:48:05.423+0000] {dag.py:3036} INFO - Sync 1 DAGs
[2025-04-05T16:48:05.461+0000] {logging_mixin.py:188} INFO - [2025-04-05T16:48:05.461+0000] {dag.py:3823} INFO - Setting next_dagrun for example_local_kubernetes_executor to None, run_after=None
[2025-04-05T16:48:05.483+0000] {processor.py:183} INFO - Processing /home/airflow/.local/lib/python3.8/site-packages/airflow/example_dags/example_local_kubernetes_executor.py took 0.106 seconds
[2025-04-05T16:48:36.335+0000] {processor.py:161} INFO - Started process (PID=4012) to work on /home/airflow/.local/lib/python3.8/site-packages/airflow/example_dags/example_local_kubernetes_executor.py
[2025-04-05T16:48:36.336+0000] {processor.py:830} INFO - Processing file /home/airflow/.local/lib/python3.8/site-packages/airflow/example_dags/example_local_kubernetes_executor.py for tasks to queue
[2025-04-05T16:48:36.337+0000] {logging_mixin.py:188} INFO - [2025-04-05T16:48:36.337+0000] {dagbag.py:538} INFO - Filling up the DagBag from /home/airflow/.local/lib/python3.8/site-packages/airflow/example_dags/example_local_kubernetes_executor.py
[2025-04-05T16:48:36.345+0000] {processor.py:840} INFO - DAG(s) 'example_local_kubernetes_executor' retrieved from /home/airflow/.local/lib/python3.8/site-packages/airflow/example_dags/example_local_kubernetes_executor.py
[2025-04-05T16:48:36.386+0000] {logging_mixin.py:188} INFO - [2025-04-05T16:48:36.386+0000] {dag.py:3036} INFO - Sync 1 DAGs
[2025-04-05T16:48:36.401+0000] {logging_mixin.py:188} INFO - [2025-04-05T16:48:36.401+0000] {dag.py:3823} INFO - Setting next_dagrun for example_local_kubernetes_executor to None, run_after=None
[2025-04-05T16:48:36.427+0000] {processor.py:183} INFO - Processing /home/airflow/.local/lib/python3.8/site-packages/airflow/example_dags/example_local_kubernetes_executor.py took 0.094 seconds
[2025-04-05T16:49:06.504+0000] {processor.py:161} INFO - Started process (PID=4260) to work on /home/airflow/.local/lib/python3.8/site-packages/airflow/example_dags/example_local_kubernetes_executor.py
[2025-04-05T16:49:06.505+0000] {processor.py:830} INFO - Processing file /home/airflow/.local/lib/python3.8/site-packages/airflow/example_dags/example_local_kubernetes_executor.py for tasks to queue
[2025-04-05T16:49:06.506+0000] {logging_mixin.py:188} INFO - [2025-04-05T16:49:06.506+0000] {dagbag.py:538} INFO - Filling up the DagBag from /home/airflow/.local/lib/python3.8/site-packages/airflow/example_dags/example_local_kubernetes_executor.py
[2025-04-05T16:49:06.516+0000] {processor.py:840} INFO - DAG(s) 'example_local_kubernetes_executor' retrieved from /home/airflow/.local/lib/python3.8/site-packages/airflow/example_dags/example_local_kubernetes_executor.py
[2025-04-05T16:49:06.556+0000] {logging_mixin.py:188} INFO - [2025-04-05T16:49:06.555+0000] {dag.py:3036} INFO - Sync 1 DAGs
[2025-04-05T16:49:06.571+0000] {logging_mixin.py:188} INFO - [2025-04-05T16:49:06.571+0000] {dag.py:3823} INFO - Setting next_dagrun for example_local_kubernetes_executor to None, run_after=None
[2025-04-05T16:49:06.595+0000] {processor.py:183} INFO - Processing /home/airflow/.local/lib/python3.8/site-packages/airflow/example_dags/example_local_kubernetes_executor.py took 0.094 seconds
[2025-04-05T16:49:36.997+0000] {processor.py:161} INFO - Started process (PID=4531) to work on /home/airflow/.local/lib/python3.8/site-packages/airflow/example_dags/example_local_kubernetes_executor.py
[2025-04-05T16:49:36.998+0000] {processor.py:830} INFO - Processing file /home/airflow/.local/lib/python3.8/site-packages/airflow/example_dags/example_local_kubernetes_executor.py for tasks to queue
[2025-04-05T16:49:36.999+0000] {logging_mixin.py:188} INFO - [2025-04-05T16:49:36.999+0000] {dagbag.py:538} INFO - Filling up the DagBag from /home/airflow/.local/lib/python3.8/site-packages/airflow/example_dags/example_local_kubernetes_executor.py
[2025-04-05T16:49:37.005+0000] {processor.py:840} INFO - DAG(s) 'example_local_kubernetes_executor' retrieved from /home/airflow/.local/lib/python3.8/site-packages/airflow/example_dags/example_local_kubernetes_executor.py
[2025-04-05T16:49:37.037+0000] {logging_mixin.py:188} INFO - [2025-04-05T16:49:37.037+0000] {dag.py:3036} INFO - Sync 1 DAGs
[2025-04-05T16:49:37.051+0000] {logging_mixin.py:188} INFO - [2025-04-05T16:49:37.051+0000] {dag.py:3823} INFO - Setting next_dagrun for example_local_kubernetes_executor to None, run_after=None
[2025-04-05T16:49:37.073+0000] {processor.py:183} INFO - Processing /home/airflow/.local/lib/python3.8/site-packages/airflow/example_dags/example_local_kubernetes_executor.py took 0.080 seconds
[2025-04-05T16:50:07.359+0000] {processor.py:161} INFO - Started process (PID=4778) to work on /home/airflow/.local/lib/python3.8/site-packages/airflow/example_dags/example_local_kubernetes_executor.py
[2025-04-05T16:50:07.360+0000] {processor.py:830} INFO - Processing file /home/airflow/.local/lib/python3.8/site-packages/airflow/example_dags/example_local_kubernetes_executor.py for tasks to queue
[2025-04-05T16:50:07.361+0000] {logging_mixin.py:188} INFO - [2025-04-05T16:50:07.361+0000] {dagbag.py:538} INFO - Filling up the DagBag from /home/airflow/.local/lib/python3.8/site-packages/airflow/example_dags/example_local_kubernetes_executor.py
[2025-04-05T16:50:07.369+0000] {processor.py:840} INFO - DAG(s) 'example_local_kubernetes_executor' retrieved from /home/airflow/.local/lib/python3.8/site-packages/airflow/example_dags/example_local_kubernetes_executor.py
[2025-04-05T16:50:07.410+0000] {logging_mixin.py:188} INFO - [2025-04-05T16:50:07.410+0000] {dag.py:3036} INFO - Sync 1 DAGs
[2025-04-05T16:50:07.423+0000] {logging_mixin.py:188} INFO - [2025-04-05T16:50:07.423+0000] {dag.py:3823} INFO - Setting next_dagrun for example_local_kubernetes_executor to None, run_after=None
[2025-04-05T16:50:07.447+0000] {processor.py:183} INFO - Processing /home/airflow/.local/lib/python3.8/site-packages/airflow/example_dags/example_local_kubernetes_executor.py took 0.091 seconds
[2025-04-05T16:50:37.527+0000] {processor.py:161} INFO - Started process (PID=5025) to work on /home/airflow/.local/lib/python3.8/site-packages/airflow/example_dags/example_local_kubernetes_executor.py
[2025-04-05T16:50:37.528+0000] {processor.py:830} INFO - Processing file /home/airflow/.local/lib/python3.8/site-packages/airflow/example_dags/example_local_kubernetes_executor.py for tasks to queue
[2025-04-05T16:50:37.529+0000] {logging_mixin.py:188} INFO - [2025-04-05T16:50:37.528+0000] {dagbag.py:538} INFO - Filling up the DagBag from /home/airflow/.local/lib/python3.8/site-packages/airflow/example_dags/example_local_kubernetes_executor.py
[2025-04-05T16:50:37.536+0000] {processor.py:840} INFO - DAG(s) 'example_local_kubernetes_executor' retrieved from /home/airflow/.local/lib/python3.8/site-packages/airflow/example_dags/example_local_kubernetes_executor.py
[2025-04-05T16:50:37.572+0000] {logging_mixin.py:188} INFO - [2025-04-05T16:50:37.571+0000] {dag.py:3036} INFO - Sync 1 DAGs
[2025-04-05T16:50:37.584+0000] {logging_mixin.py:188} INFO - [2025-04-05T16:50:37.584+0000] {dag.py:3823} INFO - Setting next_dagrun for example_local_kubernetes_executor to None, run_after=None
[2025-04-05T16:50:37.605+0000] {processor.py:183} INFO - Processing /home/airflow/.local/lib/python3.8/site-packages/airflow/example_dags/example_local_kubernetes_executor.py took 0.081 seconds
[2025-04-05T16:51:07.818+0000] {processor.py:161} INFO - Started process (PID=5282) to work on /home/airflow/.local/lib/python3.8/site-packages/airflow/example_dags/example_local_kubernetes_executor.py
[2025-04-05T16:51:07.819+0000] {processor.py:830} INFO - Processing file /home/airflow/.local/lib/python3.8/site-packages/airflow/example_dags/example_local_kubernetes_executor.py for tasks to queue
[2025-04-05T16:51:07.820+0000] {logging_mixin.py:188} INFO - [2025-04-05T16:51:07.820+0000] {dagbag.py:538} INFO - Filling up the DagBag from /home/airflow/.local/lib/python3.8/site-packages/airflow/example_dags/example_local_kubernetes_executor.py
[2025-04-05T16:51:07.828+0000] {processor.py:840} INFO - DAG(s) 'example_local_kubernetes_executor' retrieved from /home/airflow/.local/lib/python3.8/site-packages/airflow/example_dags/example_local_kubernetes_executor.py
[2025-04-05T16:51:07.865+0000] {logging_mixin.py:188} INFO - [2025-04-05T16:51:07.865+0000] {dag.py:3036} INFO - Sync 1 DAGs
[2025-04-05T16:51:07.877+0000] {logging_mixin.py:188} INFO - [2025-04-05T16:51:07.877+0000] {dag.py:3823} INFO - Setting next_dagrun for example_local_kubernetes_executor to None, run_after=None
[2025-04-05T16:51:07.901+0000] {processor.py:183} INFO - Processing /home/airflow/.local/lib/python3.8/site-packages/airflow/example_dags/example_local_kubernetes_executor.py took 0.086 seconds
[2025-04-05T16:51:38.253+0000] {processor.py:161} INFO - Started process (PID=5534) to work on /home/airflow/.local/lib/python3.8/site-packages/airflow/example_dags/example_local_kubernetes_executor.py
[2025-04-05T16:51:38.255+0000] {processor.py:830} INFO - Processing file /home/airflow/.local/lib/python3.8/site-packages/airflow/example_dags/example_local_kubernetes_executor.py for tasks to queue
[2025-04-05T16:51:38.256+0000] {logging_mixin.py:188} INFO - [2025-04-05T16:51:38.256+0000] {dagbag.py:538} INFO - Filling up the DagBag from /home/airflow/.local/lib/python3.8/site-packages/airflow/example_dags/example_local_kubernetes_executor.py
[2025-04-05T16:51:38.265+0000] {processor.py:840} INFO - DAG(s) 'example_local_kubernetes_executor' retrieved from /home/airflow/.local/lib/python3.8/site-packages/airflow/example_dags/example_local_kubernetes_executor.py
[2025-04-05T16:51:38.304+0000] {logging_mixin.py:188} INFO - [2025-04-05T16:51:38.303+0000] {dag.py:3036} INFO - Sync 1 DAGs
[2025-04-05T16:51:38.316+0000] {logging_mixin.py:188} INFO - [2025-04-05T16:51:38.316+0000] {dag.py:3823} INFO - Setting next_dagrun for example_local_kubernetes_executor to None, run_after=None
[2025-04-05T16:51:38.336+0000] {processor.py:183} INFO - Processing /home/airflow/.local/lib/python3.8/site-packages/airflow/example_dags/example_local_kubernetes_executor.py took 0.086 seconds
[2025-04-05T16:52:08.546+0000] {processor.py:161} INFO - Started process (PID=5786) to work on /home/airflow/.local/lib/python3.8/site-packages/airflow/example_dags/example_local_kubernetes_executor.py
[2025-04-05T16:52:08.548+0000] {processor.py:830} INFO - Processing file /home/airflow/.local/lib/python3.8/site-packages/airflow/example_dags/example_local_kubernetes_executor.py for tasks to queue
[2025-04-05T16:52:08.550+0000] {logging_mixin.py:188} INFO - [2025-04-05T16:52:08.549+0000] {dagbag.py:538} INFO - Filling up the DagBag from /home/airflow/.local/lib/python3.8/site-packages/airflow/example_dags/example_local_kubernetes_executor.py
[2025-04-05T16:52:08.559+0000] {processor.py:840} INFO - DAG(s) 'example_local_kubernetes_executor' retrieved from /home/airflow/.local/lib/python3.8/site-packages/airflow/example_dags/example_local_kubernetes_executor.py
[2025-04-05T16:52:08.608+0000] {logging_mixin.py:188} INFO - [2025-04-05T16:52:08.608+0000] {dag.py:3036} INFO - Sync 1 DAGs
[2025-04-05T16:52:08.624+0000] {logging_mixin.py:188} INFO - [2025-04-05T16:52:08.624+0000] {dag.py:3823} INFO - Setting next_dagrun for example_local_kubernetes_executor to None, run_after=None
[2025-04-05T16:52:08.655+0000] {processor.py:183} INFO - Processing /home/airflow/.local/lib/python3.8/site-packages/airflow/example_dags/example_local_kubernetes_executor.py took 0.113 seconds
[2025-04-05T16:52:38.904+0000] {processor.py:161} INFO - Started process (PID=6038) to work on /home/airflow/.local/lib/python3.8/site-packages/airflow/example_dags/example_local_kubernetes_executor.py
[2025-04-05T16:52:38.905+0000] {processor.py:830} INFO - Processing file /home/airflow/.local/lib/python3.8/site-packages/airflow/example_dags/example_local_kubernetes_executor.py for tasks to queue
[2025-04-05T16:52:38.907+0000] {logging_mixin.py:188} INFO - [2025-04-05T16:52:38.906+0000] {dagbag.py:538} INFO - Filling up the DagBag from /home/airflow/.local/lib/python3.8/site-packages/airflow/example_dags/example_local_kubernetes_executor.py
[2025-04-05T16:52:38.914+0000] {processor.py:840} INFO - DAG(s) 'example_local_kubernetes_executor' retrieved from /home/airflow/.local/lib/python3.8/site-packages/airflow/example_dags/example_local_kubernetes_executor.py
[2025-04-05T16:52:38.954+0000] {logging_mixin.py:188} INFO - [2025-04-05T16:52:38.954+0000] {dag.py:3036} INFO - Sync 1 DAGs
[2025-04-05T16:52:38.967+0000] {logging_mixin.py:188} INFO - [2025-04-05T16:52:38.967+0000] {dag.py:3823} INFO - Setting next_dagrun for example_local_kubernetes_executor to None, run_after=None
[2025-04-05T16:52:38.986+0000] {processor.py:183} INFO - Processing /home/airflow/.local/lib/python3.8/site-packages/airflow/example_dags/example_local_kubernetes_executor.py took 0.085 seconds
[2025-04-05T16:53:09.087+0000] {processor.py:161} INFO - Started process (PID=6291) to work on /home/airflow/.local/lib/python3.8/site-packages/airflow/example_dags/example_local_kubernetes_executor.py
[2025-04-05T16:53:09.088+0000] {processor.py:830} INFO - Processing file /home/airflow/.local/lib/python3.8/site-packages/airflow/example_dags/example_local_kubernetes_executor.py for tasks to queue
[2025-04-05T16:53:09.089+0000] {logging_mixin.py:188} INFO - [2025-04-05T16:53:09.089+0000] {dagbag.py:538} INFO - Filling up the DagBag from /home/airflow/.local/lib/python3.8/site-packages/airflow/example_dags/example_local_kubernetes_executor.py
[2025-04-05T16:53:09.097+0000] {processor.py:840} INFO - DAG(s) 'example_local_kubernetes_executor' retrieved from /home/airflow/.local/lib/python3.8/site-packages/airflow/example_dags/example_local_kubernetes_executor.py
[2025-04-05T16:53:09.134+0000] {logging_mixin.py:188} INFO - [2025-04-05T16:53:09.133+0000] {dag.py:3036} INFO - Sync 1 DAGs
[2025-04-05T16:53:09.145+0000] {logging_mixin.py:188} INFO - [2025-04-05T16:53:09.145+0000] {dag.py:3823} INFO - Setting next_dagrun for example_local_kubernetes_executor to None, run_after=None
[2025-04-05T16:53:09.165+0000] {processor.py:183} INFO - Processing /home/airflow/.local/lib/python3.8/site-packages/airflow/example_dags/example_local_kubernetes_executor.py took 0.081 seconds
[2025-04-05T16:53:39.429+0000] {processor.py:161} INFO - Started process (PID=6543) to work on /home/airflow/.local/lib/python3.8/site-packages/airflow/example_dags/example_local_kubernetes_executor.py
[2025-04-05T16:53:39.430+0000] {processor.py:830} INFO - Processing file /home/airflow/.local/lib/python3.8/site-packages/airflow/example_dags/example_local_kubernetes_executor.py for tasks to queue
[2025-04-05T16:53:39.432+0000] {logging_mixin.py:188} INFO - [2025-04-05T16:53:39.431+0000] {dagbag.py:538} INFO - Filling up the DagBag from /home/airflow/.local/lib/python3.8/site-packages/airflow/example_dags/example_local_kubernetes_executor.py
[2025-04-05T16:53:39.439+0000] {processor.py:840} INFO - DAG(s) 'example_local_kubernetes_executor' retrieved from /home/airflow/.local/lib/python3.8/site-packages/airflow/example_dags/example_local_kubernetes_executor.py
[2025-04-05T16:53:39.478+0000] {logging_mixin.py:188} INFO - [2025-04-05T16:53:39.478+0000] {dag.py:3036} INFO - Sync 1 DAGs
[2025-04-05T16:53:39.489+0000] {logging_mixin.py:188} INFO - [2025-04-05T16:53:39.489+0000] {dag.py:3823} INFO - Setting next_dagrun for example_local_kubernetes_executor to None, run_after=None
[2025-04-05T16:53:39.509+0000] {processor.py:183} INFO - Processing /home/airflow/.local/lib/python3.8/site-packages/airflow/example_dags/example_local_kubernetes_executor.py took 0.083 seconds
[2025-04-05T16:54:09.595+0000] {processor.py:161} INFO - Started process (PID=6795) to work on /home/airflow/.local/lib/python3.8/site-packages/airflow/example_dags/example_local_kubernetes_executor.py
[2025-04-05T16:54:09.596+0000] {processor.py:830} INFO - Processing file /home/airflow/.local/lib/python3.8/site-packages/airflow/example_dags/example_local_kubernetes_executor.py for tasks to queue
[2025-04-05T16:54:09.597+0000] {logging_mixin.py:188} INFO - [2025-04-05T16:54:09.597+0000] {dagbag.py:538} INFO - Filling up the DagBag from /home/airflow/.local/lib/python3.8/site-packages/airflow/example_dags/example_local_kubernetes_executor.py
[2025-04-05T16:54:09.605+0000] {processor.py:840} INFO - DAG(s) 'example_local_kubernetes_executor' retrieved from /home/airflow/.local/lib/python3.8/site-packages/airflow/example_dags/example_local_kubernetes_executor.py
[2025-04-05T16:54:09.643+0000] {logging_mixin.py:188} INFO - [2025-04-05T16:54:09.643+0000] {dag.py:3036} INFO - Sync 1 DAGs
[2025-04-05T16:54:09.656+0000] {logging_mixin.py:188} INFO - [2025-04-05T16:54:09.656+0000] {dag.py:3823} INFO - Setting next_dagrun for example_local_kubernetes_executor to None, run_after=None
[2025-04-05T16:54:09.678+0000] {processor.py:183} INFO - Processing /home/airflow/.local/lib/python3.8/site-packages/airflow/example_dags/example_local_kubernetes_executor.py took 0.086 seconds
[2025-04-05T16:54:39.926+0000] {processor.py:161} INFO - Started process (PID=7047) to work on /home/airflow/.local/lib/python3.8/site-packages/airflow/example_dags/example_local_kubernetes_executor.py
[2025-04-05T16:54:39.928+0000] {processor.py:830} INFO - Processing file /home/airflow/.local/lib/python3.8/site-packages/airflow/example_dags/example_local_kubernetes_executor.py for tasks to queue
[2025-04-05T16:54:39.929+0000] {logging_mixin.py:188} INFO - [2025-04-05T16:54:39.929+0000] {dagbag.py:538} INFO - Filling up the DagBag from /home/airflow/.local/lib/python3.8/site-packages/airflow/example_dags/example_local_kubernetes_executor.py
[2025-04-05T16:54:39.936+0000] {processor.py:840} INFO - DAG(s) 'example_local_kubernetes_executor' retrieved from /home/airflow/.local/lib/python3.8/site-packages/airflow/example_dags/example_local_kubernetes_executor.py
[2025-04-05T16:54:39.975+0000] {logging_mixin.py:188} INFO - [2025-04-05T16:54:39.975+0000] {dag.py:3036} INFO - Sync 1 DAGs
[2025-04-05T16:54:39.989+0000] {logging_mixin.py:188} INFO - [2025-04-05T16:54:39.988+0000] {dag.py:3823} INFO - Setting next_dagrun for example_local_kubernetes_executor to None, run_after=None
[2025-04-05T16:54:40.011+0000] {processor.py:183} INFO - Processing /home/airflow/.local/lib/python3.8/site-packages/airflow/example_dags/example_local_kubernetes_executor.py took 0.088 seconds
[2025-04-05T16:55:10.064+0000] {processor.py:161} INFO - Started process (PID=7299) to work on /home/airflow/.local/lib/python3.8/site-packages/airflow/example_dags/example_local_kubernetes_executor.py
[2025-04-05T16:55:10.065+0000] {processor.py:830} INFO - Processing file /home/airflow/.local/lib/python3.8/site-packages/airflow/example_dags/example_local_kubernetes_executor.py for tasks to queue
[2025-04-05T16:55:10.066+0000] {logging_mixin.py:188} INFO - [2025-04-05T16:55:10.066+0000] {dagbag.py:538} INFO - Filling up the DagBag from /home/airflow/.local/lib/python3.8/site-packages/airflow/example_dags/example_local_kubernetes_executor.py
[2025-04-05T16:55:10.074+0000] {processor.py:840} INFO - DAG(s) 'example_local_kubernetes_executor' retrieved from /home/airflow/.local/lib/python3.8/site-packages/airflow/example_dags/example_local_kubernetes_executor.py
[2025-04-05T16:55:10.115+0000] {logging_mixin.py:188} INFO - [2025-04-05T16:55:10.114+0000] {dag.py:3036} INFO - Sync 1 DAGs
[2025-04-05T16:55:10.127+0000] {logging_mixin.py:188} INFO - [2025-04-05T16:55:10.126+0000] {dag.py:3823} INFO - Setting next_dagrun for example_local_kubernetes_executor to None, run_after=None
[2025-04-05T16:55:10.150+0000] {processor.py:183} INFO - Processing /home/airflow/.local/lib/python3.8/site-packages/airflow/example_dags/example_local_kubernetes_executor.py took 0.089 seconds
[2025-04-05T16:55:40.483+0000] {processor.py:161} INFO - Started process (PID=7551) to work on /home/airflow/.local/lib/python3.8/site-packages/airflow/example_dags/example_local_kubernetes_executor.py
[2025-04-05T16:55:40.484+0000] {processor.py:830} INFO - Processing file /home/airflow/.local/lib/python3.8/site-packages/airflow/example_dags/example_local_kubernetes_executor.py for tasks to queue
[2025-04-05T16:55:40.485+0000] {logging_mixin.py:188} INFO - [2025-04-05T16:55:40.485+0000] {dagbag.py:538} INFO - Filling up the DagBag from /home/airflow/.local/lib/python3.8/site-packages/airflow/example_dags/example_local_kubernetes_executor.py
[2025-04-05T16:55:40.493+0000] {processor.py:840} INFO - DAG(s) 'example_local_kubernetes_executor' retrieved from /home/airflow/.local/lib/python3.8/site-packages/airflow/example_dags/example_local_kubernetes_executor.py
[2025-04-05T16:55:40.528+0000] {logging_mixin.py:188} INFO - [2025-04-05T16:55:40.527+0000] {dag.py:3036} INFO - Sync 1 DAGs
[2025-04-05T16:55:40.539+0000] {logging_mixin.py:188} INFO - [2025-04-05T16:55:40.539+0000] {dag.py:3823} INFO - Setting next_dagrun for example_local_kubernetes_executor to None, run_after=None
[2025-04-05T16:55:40.562+0000] {processor.py:183} INFO - Processing /home/airflow/.local/lib/python3.8/site-packages/airflow/example_dags/example_local_kubernetes_executor.py took 0.081 seconds
[2025-04-05T16:56:10.754+0000] {processor.py:161} INFO - Started process (PID=7803) to work on /home/airflow/.local/lib/python3.8/site-packages/airflow/example_dags/example_local_kubernetes_executor.py
[2025-04-05T16:56:10.755+0000] {processor.py:830} INFO - Processing file /home/airflow/.local/lib/python3.8/site-packages/airflow/example_dags/example_local_kubernetes_executor.py for tasks to queue
[2025-04-05T16:56:10.756+0000] {logging_mixin.py:188} INFO - [2025-04-05T16:56:10.756+0000] {dagbag.py:538} INFO - Filling up the DagBag from /home/airflow/.local/lib/python3.8/site-packages/airflow/example_dags/example_local_kubernetes_executor.py
[2025-04-05T16:56:10.763+0000] {processor.py:840} INFO - DAG(s) 'example_local_kubernetes_executor' retrieved from /home/airflow/.local/lib/python3.8/site-packages/airflow/example_dags/example_local_kubernetes_executor.py
[2025-04-05T16:56:10.798+0000] {logging_mixin.py:188} INFO - [2025-04-05T16:56:10.798+0000] {dag.py:3036} INFO - Sync 1 DAGs
[2025-04-05T16:56:10.809+0000] {logging_mixin.py:188} INFO - [2025-04-05T16:56:10.809+0000] {dag.py:3823} INFO - Setting next_dagrun for example_local_kubernetes_executor to None, run_after=None
[2025-04-05T16:56:10.830+0000] {processor.py:183} INFO - Processing /home/airflow/.local/lib/python3.8/site-packages/airflow/example_dags/example_local_kubernetes_executor.py took 0.080 seconds
[2025-04-05T16:56:41.628+0000] {processor.py:161} INFO - Started process (PID=8049) to work on /home/airflow/.local/lib/python3.8/site-packages/airflow/example_dags/example_local_kubernetes_executor.py
[2025-04-05T16:56:41.630+0000] {processor.py:830} INFO - Processing file /home/airflow/.local/lib/python3.8/site-packages/airflow/example_dags/example_local_kubernetes_executor.py for tasks to queue
[2025-04-05T16:56:41.630+0000] {logging_mixin.py:188} INFO - [2025-04-05T16:56:41.630+0000] {dagbag.py:538} INFO - Filling up the DagBag from /home/airflow/.local/lib/python3.8/site-packages/airflow/example_dags/example_local_kubernetes_executor.py
[2025-04-05T16:56:41.638+0000] {processor.py:840} INFO - DAG(s) 'example_local_kubernetes_executor' retrieved from /home/airflow/.local/lib/python3.8/site-packages/airflow/example_dags/example_local_kubernetes_executor.py
[2025-04-05T16:56:41.674+0000] {logging_mixin.py:188} INFO - [2025-04-05T16:56:41.674+0000] {dag.py:3036} INFO - Sync 1 DAGs
[2025-04-05T16:56:41.685+0000] {logging_mixin.py:188} INFO - [2025-04-05T16:56:41.685+0000] {dag.py:3823} INFO - Setting next_dagrun for example_local_kubernetes_executor to None, run_after=None
[2025-04-05T16:56:41.707+0000] {processor.py:183} INFO - Processing /home/airflow/.local/lib/python3.8/site-packages/airflow/example_dags/example_local_kubernetes_executor.py took 0.082 seconds
