[2025-04-05T14:18:16.123+0000] {processor.py:161} INFO - Started process (PID=330) to work on /home/airflow/.local/lib/python3.8/site-packages/airflow/example_dags/example_sensor_decorator.py
[2025-04-05T14:18:16.124+0000] {processor.py:830} INFO - Processing file /home/airflow/.local/lib/python3.8/site-packages/airflow/example_dags/example_sensor_decorator.py for tasks to queue
[2025-04-05T14:18:16.125+0000] {logging_mixin.py:188} INFO - [2025-04-05T14:18:16.125+0000] {dagbag.py:538} INFO - Filling up the DagBag from /home/airflow/.local/lib/python3.8/site-packages/airflow/example_dags/example_sensor_decorator.py
[2025-04-05T14:18:16.133+0000] {processor.py:840} INFO - DAG(s) 'example_sensor_decorator' retrieved from /home/airflow/.local/lib/python3.8/site-packages/airflow/example_dags/example_sensor_decorator.py
[2025-04-05T14:18:16.150+0000] {logging_mixin.py:188} INFO - [2025-04-05T14:18:16.149+0000] {dag.py:3036} INFO - Sync 1 DAGs
[2025-04-05T14:18:16.167+0000] {logging_mixin.py:188} INFO - [2025-04-05T14:18:16.167+0000] {dag.py:3823} INFO - Setting next_dagrun for example_sensor_decorator to None, run_after=None
[2025-04-05T14:18:16.194+0000] {processor.py:183} INFO - Processing /home/airflow/.local/lib/python3.8/site-packages/airflow/example_dags/example_sensor_decorator.py took 0.074 seconds
[2025-04-05T14:18:47.434+0000] {processor.py:161} INFO - Started process (PID=581) to work on /home/airflow/.local/lib/python3.8/site-packages/airflow/example_dags/example_sensor_decorator.py
[2025-04-05T14:18:47.453+0000] {processor.py:830} INFO - Processing file /home/airflow/.local/lib/python3.8/site-packages/airflow/example_dags/example_sensor_decorator.py for tasks to queue
[2025-04-05T14:18:47.454+0000] {logging_mixin.py:188} INFO - [2025-04-05T14:18:47.454+0000] {dagbag.py:538} INFO - Filling up the DagBag from /home/airflow/.local/lib/python3.8/site-packages/airflow/example_dags/example_sensor_decorator.py
[2025-04-05T14:18:47.461+0000] {processor.py:840} INFO - DAG(s) 'example_sensor_decorator' retrieved from /home/airflow/.local/lib/python3.8/site-packages/airflow/example_dags/example_sensor_decorator.py
[2025-04-05T14:18:47.574+0000] {logging_mixin.py:188} INFO - [2025-04-05T14:18:47.574+0000] {dag.py:3036} INFO - Sync 1 DAGs
[2025-04-05T14:18:47.647+0000] {logging_mixin.py:188} INFO - [2025-04-05T14:18:47.647+0000] {dag.py:3823} INFO - Setting next_dagrun for example_sensor_decorator to None, run_after=None
[2025-04-05T14:18:47.796+0000] {processor.py:183} INFO - Processing /home/airflow/.local/lib/python3.8/site-packages/airflow/example_dags/example_sensor_decorator.py took 0.366 seconds
[2025-04-05T14:19:18.177+0000] {processor.py:161} INFO - Started process (PID=828) to work on /home/airflow/.local/lib/python3.8/site-packages/airflow/example_dags/example_sensor_decorator.py
[2025-04-05T14:19:18.179+0000] {processor.py:830} INFO - Processing file /home/airflow/.local/lib/python3.8/site-packages/airflow/example_dags/example_sensor_decorator.py for tasks to queue
[2025-04-05T14:19:18.180+0000] {logging_mixin.py:188} INFO - [2025-04-05T14:19:18.180+0000] {dagbag.py:538} INFO - Filling up the DagBag from /home/airflow/.local/lib/python3.8/site-packages/airflow/example_dags/example_sensor_decorator.py
[2025-04-05T14:19:18.186+0000] {processor.py:840} INFO - DAG(s) 'example_sensor_decorator' retrieved from /home/airflow/.local/lib/python3.8/site-packages/airflow/example_dags/example_sensor_decorator.py
[2025-04-05T14:19:18.209+0000] {logging_mixin.py:188} INFO - [2025-04-05T14:19:18.209+0000] {dag.py:3036} INFO - Sync 1 DAGs
[2025-04-05T14:19:18.222+0000] {logging_mixin.py:188} INFO - [2025-04-05T14:19:18.222+0000] {dag.py:3823} INFO - Setting next_dagrun for example_sensor_decorator to None, run_after=None
[2025-04-05T14:19:18.244+0000] {processor.py:183} INFO - Processing /home/airflow/.local/lib/python3.8/site-packages/airflow/example_dags/example_sensor_decorator.py took 0.070 seconds
[2025-04-05T14:19:48.370+0000] {processor.py:161} INFO - Started process (PID=1075) to work on /home/airflow/.local/lib/python3.8/site-packages/airflow/example_dags/example_sensor_decorator.py
[2025-04-05T14:19:48.371+0000] {processor.py:830} INFO - Processing file /home/airflow/.local/lib/python3.8/site-packages/airflow/example_dags/example_sensor_decorator.py for tasks to queue
[2025-04-05T14:19:48.373+0000] {logging_mixin.py:188} INFO - [2025-04-05T14:19:48.372+0000] {dagbag.py:538} INFO - Filling up the DagBag from /home/airflow/.local/lib/python3.8/site-packages/airflow/example_dags/example_sensor_decorator.py
[2025-04-05T14:19:48.379+0000] {processor.py:840} INFO - DAG(s) 'example_sensor_decorator' retrieved from /home/airflow/.local/lib/python3.8/site-packages/airflow/example_dags/example_sensor_decorator.py
[2025-04-05T14:19:48.402+0000] {logging_mixin.py:188} INFO - [2025-04-05T14:19:48.402+0000] {dag.py:3036} INFO - Sync 1 DAGs
[2025-04-05T14:19:48.416+0000] {logging_mixin.py:188} INFO - [2025-04-05T14:19:48.416+0000] {dag.py:3823} INFO - Setting next_dagrun for example_sensor_decorator to None, run_after=None
[2025-04-05T14:19:48.443+0000] {processor.py:183} INFO - Processing /home/airflow/.local/lib/python3.8/site-packages/airflow/example_dags/example_sensor_decorator.py took 0.077 seconds
[2025-04-05T14:20:19.054+0000] {processor.py:161} INFO - Started process (PID=1322) to work on /home/airflow/.local/lib/python3.8/site-packages/airflow/example_dags/example_sensor_decorator.py
[2025-04-05T14:20:19.055+0000] {processor.py:830} INFO - Processing file /home/airflow/.local/lib/python3.8/site-packages/airflow/example_dags/example_sensor_decorator.py for tasks to queue
[2025-04-05T14:20:19.056+0000] {logging_mixin.py:188} INFO - [2025-04-05T14:20:19.056+0000] {dagbag.py:538} INFO - Filling up the DagBag from /home/airflow/.local/lib/python3.8/site-packages/airflow/example_dags/example_sensor_decorator.py
[2025-04-05T14:20:19.062+0000] {processor.py:840} INFO - DAG(s) 'example_sensor_decorator' retrieved from /home/airflow/.local/lib/python3.8/site-packages/airflow/example_dags/example_sensor_decorator.py
[2025-04-05T14:20:19.082+0000] {logging_mixin.py:188} INFO - [2025-04-05T14:20:19.082+0000] {dag.py:3036} INFO - Sync 1 DAGs
[2025-04-05T14:20:19.094+0000] {logging_mixin.py:188} INFO - [2025-04-05T14:20:19.093+0000] {dag.py:3823} INFO - Setting next_dagrun for example_sensor_decorator to None, run_after=None
[2025-04-05T14:20:19.114+0000] {processor.py:183} INFO - Processing /home/airflow/.local/lib/python3.8/site-packages/airflow/example_dags/example_sensor_decorator.py took 0.063 seconds
[2025-04-05T14:20:50.096+0000] {processor.py:161} INFO - Started process (PID=1571) to work on /home/airflow/.local/lib/python3.8/site-packages/airflow/example_dags/example_sensor_decorator.py
[2025-04-05T14:20:50.098+0000] {processor.py:830} INFO - Processing file /home/airflow/.local/lib/python3.8/site-packages/airflow/example_dags/example_sensor_decorator.py for tasks to queue
[2025-04-05T14:20:50.099+0000] {logging_mixin.py:188} INFO - [2025-04-05T14:20:50.099+0000] {dagbag.py:538} INFO - Filling up the DagBag from /home/airflow/.local/lib/python3.8/site-packages/airflow/example_dags/example_sensor_decorator.py
[2025-04-05T14:20:50.110+0000] {processor.py:840} INFO - DAG(s) 'example_sensor_decorator' retrieved from /home/airflow/.local/lib/python3.8/site-packages/airflow/example_dags/example_sensor_decorator.py
[2025-04-05T14:20:50.142+0000] {logging_mixin.py:188} INFO - [2025-04-05T14:20:50.142+0000] {dag.py:3036} INFO - Sync 1 DAGs
[2025-04-05T14:20:50.158+0000] {logging_mixin.py:188} INFO - [2025-04-05T14:20:50.158+0000] {dag.py:3823} INFO - Setting next_dagrun for example_sensor_decorator to None, run_after=None
[2025-04-05T14:20:50.179+0000] {processor.py:183} INFO - Processing /home/airflow/.local/lib/python3.8/site-packages/airflow/example_dags/example_sensor_decorator.py took 0.090 seconds
[2025-04-05T14:21:20.233+0000] {processor.py:161} INFO - Started process (PID=1818) to work on /home/airflow/.local/lib/python3.8/site-packages/airflow/example_dags/example_sensor_decorator.py
[2025-04-05T14:21:20.234+0000] {processor.py:830} INFO - Processing file /home/airflow/.local/lib/python3.8/site-packages/airflow/example_dags/example_sensor_decorator.py for tasks to queue
[2025-04-05T14:21:20.235+0000] {logging_mixin.py:188} INFO - [2025-04-05T14:21:20.235+0000] {dagbag.py:538} INFO - Filling up the DagBag from /home/airflow/.local/lib/python3.8/site-packages/airflow/example_dags/example_sensor_decorator.py
[2025-04-05T14:21:20.242+0000] {processor.py:840} INFO - DAG(s) 'example_sensor_decorator' retrieved from /home/airflow/.local/lib/python3.8/site-packages/airflow/example_dags/example_sensor_decorator.py
[2025-04-05T14:21:20.264+0000] {logging_mixin.py:188} INFO - [2025-04-05T14:21:20.264+0000] {dag.py:3036} INFO - Sync 1 DAGs
[2025-04-05T14:21:20.276+0000] {logging_mixin.py:188} INFO - [2025-04-05T14:21:20.276+0000] {dag.py:3823} INFO - Setting next_dagrun for example_sensor_decorator to None, run_after=None
[2025-04-05T14:21:20.302+0000] {processor.py:183} INFO - Processing /home/airflow/.local/lib/python3.8/site-packages/airflow/example_dags/example_sensor_decorator.py took 0.072 seconds
[2025-04-05T14:21:50.606+0000] {processor.py:161} INFO - Started process (PID=2064) to work on /home/airflow/.local/lib/python3.8/site-packages/airflow/example_dags/example_sensor_decorator.py
[2025-04-05T14:21:50.608+0000] {processor.py:830} INFO - Processing file /home/airflow/.local/lib/python3.8/site-packages/airflow/example_dags/example_sensor_decorator.py for tasks to queue
[2025-04-05T14:21:50.609+0000] {logging_mixin.py:188} INFO - [2025-04-05T14:21:50.609+0000] {dagbag.py:538} INFO - Filling up the DagBag from /home/airflow/.local/lib/python3.8/site-packages/airflow/example_dags/example_sensor_decorator.py
[2025-04-05T14:21:50.617+0000] {processor.py:840} INFO - DAG(s) 'example_sensor_decorator' retrieved from /home/airflow/.local/lib/python3.8/site-packages/airflow/example_dags/example_sensor_decorator.py
[2025-04-05T14:21:50.642+0000] {logging_mixin.py:188} INFO - [2025-04-05T14:21:50.641+0000] {dag.py:3036} INFO - Sync 1 DAGs
[2025-04-05T14:21:50.657+0000] {logging_mixin.py:188} INFO - [2025-04-05T14:21:50.656+0000] {dag.py:3823} INFO - Setting next_dagrun for example_sensor_decorator to None, run_after=None
[2025-04-05T14:21:50.679+0000] {processor.py:183} INFO - Processing /home/airflow/.local/lib/python3.8/site-packages/airflow/example_dags/example_sensor_decorator.py took 0.078 seconds
[2025-04-05T14:22:21.796+0000] {processor.py:161} INFO - Started process (PID=2313) to work on /home/airflow/.local/lib/python3.8/site-packages/airflow/example_dags/example_sensor_decorator.py
[2025-04-05T14:22:21.797+0000] {processor.py:830} INFO - Processing file /home/airflow/.local/lib/python3.8/site-packages/airflow/example_dags/example_sensor_decorator.py for tasks to queue
[2025-04-05T14:22:21.798+0000] {logging_mixin.py:188} INFO - [2025-04-05T14:22:21.798+0000] {dagbag.py:538} INFO - Filling up the DagBag from /home/airflow/.local/lib/python3.8/site-packages/airflow/example_dags/example_sensor_decorator.py
[2025-04-05T14:22:21.807+0000] {processor.py:840} INFO - DAG(s) 'example_sensor_decorator' retrieved from /home/airflow/.local/lib/python3.8/site-packages/airflow/example_dags/example_sensor_decorator.py
[2025-04-05T14:22:21.859+0000] {logging_mixin.py:188} INFO - [2025-04-05T14:22:21.859+0000] {dag.py:3036} INFO - Sync 1 DAGs
[2025-04-05T14:22:21.875+0000] {logging_mixin.py:188} INFO - [2025-04-05T14:22:21.875+0000] {dag.py:3823} INFO - Setting next_dagrun for example_sensor_decorator to None, run_after=None
[2025-04-05T14:22:21.902+0000] {processor.py:183} INFO - Processing /home/airflow/.local/lib/python3.8/site-packages/airflow/example_dags/example_sensor_decorator.py took 0.111 seconds
[2025-04-05T14:22:52.139+0000] {processor.py:161} INFO - Started process (PID=2558) to work on /home/airflow/.local/lib/python3.8/site-packages/airflow/example_dags/example_sensor_decorator.py
[2025-04-05T14:22:52.141+0000] {processor.py:830} INFO - Processing file /home/airflow/.local/lib/python3.8/site-packages/airflow/example_dags/example_sensor_decorator.py for tasks to queue
[2025-04-05T14:22:52.142+0000] {logging_mixin.py:188} INFO - [2025-04-05T14:22:52.142+0000] {dagbag.py:538} INFO - Filling up the DagBag from /home/airflow/.local/lib/python3.8/site-packages/airflow/example_dags/example_sensor_decorator.py
[2025-04-05T14:22:52.151+0000] {processor.py:840} INFO - DAG(s) 'example_sensor_decorator' retrieved from /home/airflow/.local/lib/python3.8/site-packages/airflow/example_dags/example_sensor_decorator.py
[2025-04-05T14:22:52.179+0000] {logging_mixin.py:188} INFO - [2025-04-05T14:22:52.179+0000] {dag.py:3036} INFO - Sync 1 DAGs
[2025-04-05T14:22:52.195+0000] {logging_mixin.py:188} INFO - [2025-04-05T14:22:52.195+0000] {dag.py:3823} INFO - Setting next_dagrun for example_sensor_decorator to None, run_after=None
[2025-04-05T14:22:52.223+0000] {processor.py:183} INFO - Processing /home/airflow/.local/lib/python3.8/site-packages/airflow/example_dags/example_sensor_decorator.py took 0.087 seconds
[2025-04-05T14:23:22.359+0000] {processor.py:161} INFO - Started process (PID=2805) to work on /home/airflow/.local/lib/python3.8/site-packages/airflow/example_dags/example_sensor_decorator.py
[2025-04-05T14:23:22.360+0000] {processor.py:830} INFO - Processing file /home/airflow/.local/lib/python3.8/site-packages/airflow/example_dags/example_sensor_decorator.py for tasks to queue
[2025-04-05T14:23:22.361+0000] {logging_mixin.py:188} INFO - [2025-04-05T14:23:22.361+0000] {dagbag.py:538} INFO - Filling up the DagBag from /home/airflow/.local/lib/python3.8/site-packages/airflow/example_dags/example_sensor_decorator.py
[2025-04-05T14:23:22.368+0000] {processor.py:840} INFO - DAG(s) 'example_sensor_decorator' retrieved from /home/airflow/.local/lib/python3.8/site-packages/airflow/example_dags/example_sensor_decorator.py
[2025-04-05T14:23:22.388+0000] {logging_mixin.py:188} INFO - [2025-04-05T14:23:22.388+0000] {dag.py:3036} INFO - Sync 1 DAGs
[2025-04-05T14:23:22.398+0000] {logging_mixin.py:188} INFO - [2025-04-05T14:23:22.398+0000] {dag.py:3823} INFO - Setting next_dagrun for example_sensor_decorator to None, run_after=None
[2025-04-05T14:23:22.417+0000] {processor.py:183} INFO - Processing /home/airflow/.local/lib/python3.8/site-packages/airflow/example_dags/example_sensor_decorator.py took 0.061 seconds
[2025-04-05T14:23:52.672+0000] {processor.py:161} INFO - Started process (PID=3054) to work on /home/airflow/.local/lib/python3.8/site-packages/airflow/example_dags/example_sensor_decorator.py
[2025-04-05T14:23:52.673+0000] {processor.py:830} INFO - Processing file /home/airflow/.local/lib/python3.8/site-packages/airflow/example_dags/example_sensor_decorator.py for tasks to queue
[2025-04-05T14:23:52.674+0000] {logging_mixin.py:188} INFO - [2025-04-05T14:23:52.674+0000] {dagbag.py:538} INFO - Filling up the DagBag from /home/airflow/.local/lib/python3.8/site-packages/airflow/example_dags/example_sensor_decorator.py
[2025-04-05T14:23:52.680+0000] {processor.py:840} INFO - DAG(s) 'example_sensor_decorator' retrieved from /home/airflow/.local/lib/python3.8/site-packages/airflow/example_dags/example_sensor_decorator.py
[2025-04-05T14:23:52.699+0000] {logging_mixin.py:188} INFO - [2025-04-05T14:23:52.699+0000] {dag.py:3036} INFO - Sync 1 DAGs
[2025-04-05T14:23:52.709+0000] {logging_mixin.py:188} INFO - [2025-04-05T14:23:52.709+0000] {dag.py:3823} INFO - Setting next_dagrun for example_sensor_decorator to None, run_after=None
[2025-04-05T14:23:52.729+0000] {processor.py:183} INFO - Processing /home/airflow/.local/lib/python3.8/site-packages/airflow/example_dags/example_sensor_decorator.py took 0.059 seconds
[2025-04-05T14:24:23.618+0000] {processor.py:161} INFO - Started process (PID=3301) to work on /home/airflow/.local/lib/python3.8/site-packages/airflow/example_dags/example_sensor_decorator.py
[2025-04-05T14:24:23.619+0000] {processor.py:830} INFO - Processing file /home/airflow/.local/lib/python3.8/site-packages/airflow/example_dags/example_sensor_decorator.py for tasks to queue
[2025-04-05T14:24:23.620+0000] {logging_mixin.py:188} INFO - [2025-04-05T14:24:23.620+0000] {dagbag.py:538} INFO - Filling up the DagBag from /home/airflow/.local/lib/python3.8/site-packages/airflow/example_dags/example_sensor_decorator.py
[2025-04-05T14:24:23.628+0000] {processor.py:840} INFO - DAG(s) 'example_sensor_decorator' retrieved from /home/airflow/.local/lib/python3.8/site-packages/airflow/example_dags/example_sensor_decorator.py
[2025-04-05T14:24:23.653+0000] {logging_mixin.py:188} INFO - [2025-04-05T14:24:23.653+0000] {dag.py:3036} INFO - Sync 1 DAGs
[2025-04-05T14:24:23.669+0000] {logging_mixin.py:188} INFO - [2025-04-05T14:24:23.668+0000] {dag.py:3823} INFO - Setting next_dagrun for example_sensor_decorator to None, run_after=None
[2025-04-05T14:24:23.688+0000] {processor.py:183} INFO - Processing /home/airflow/.local/lib/python3.8/site-packages/airflow/example_dags/example_sensor_decorator.py took 0.074 seconds
[2025-04-05T14:24:53.871+0000] {processor.py:161} INFO - Started process (PID=3546) to work on /home/airflow/.local/lib/python3.8/site-packages/airflow/example_dags/example_sensor_decorator.py
[2025-04-05T14:24:53.873+0000] {processor.py:830} INFO - Processing file /home/airflow/.local/lib/python3.8/site-packages/airflow/example_dags/example_sensor_decorator.py for tasks to queue
[2025-04-05T14:24:53.875+0000] {logging_mixin.py:188} INFO - [2025-04-05T14:24:53.875+0000] {dagbag.py:538} INFO - Filling up the DagBag from /home/airflow/.local/lib/python3.8/site-packages/airflow/example_dags/example_sensor_decorator.py
[2025-04-05T14:24:53.882+0000] {processor.py:840} INFO - DAG(s) 'example_sensor_decorator' retrieved from /home/airflow/.local/lib/python3.8/site-packages/airflow/example_dags/example_sensor_decorator.py
[2025-04-05T14:24:53.904+0000] {logging_mixin.py:188} INFO - [2025-04-05T14:24:53.903+0000] {dag.py:3036} INFO - Sync 1 DAGs
[2025-04-05T14:24:53.916+0000] {logging_mixin.py:188} INFO - [2025-04-05T14:24:53.915+0000] {dag.py:3823} INFO - Setting next_dagrun for example_sensor_decorator to None, run_after=None
[2025-04-05T14:24:53.936+0000] {processor.py:183} INFO - Processing /home/airflow/.local/lib/python3.8/site-packages/airflow/example_dags/example_sensor_decorator.py took 0.068 seconds
[2025-04-05T14:25:24.226+0000] {processor.py:161} INFO - Started process (PID=3793) to work on /home/airflow/.local/lib/python3.8/site-packages/airflow/example_dags/example_sensor_decorator.py
[2025-04-05T14:25:24.228+0000] {processor.py:830} INFO - Processing file /home/airflow/.local/lib/python3.8/site-packages/airflow/example_dags/example_sensor_decorator.py for tasks to queue
[2025-04-05T14:25:24.228+0000] {logging_mixin.py:188} INFO - [2025-04-05T14:25:24.228+0000] {dagbag.py:538} INFO - Filling up the DagBag from /home/airflow/.local/lib/python3.8/site-packages/airflow/example_dags/example_sensor_decorator.py
[2025-04-05T14:25:24.235+0000] {processor.py:840} INFO - DAG(s) 'example_sensor_decorator' retrieved from /home/airflow/.local/lib/python3.8/site-packages/airflow/example_dags/example_sensor_decorator.py
[2025-04-05T14:25:24.254+0000] {logging_mixin.py:188} INFO - [2025-04-05T14:25:24.254+0000] {dag.py:3036} INFO - Sync 1 DAGs
[2025-04-05T14:25:24.270+0000] {logging_mixin.py:188} INFO - [2025-04-05T14:25:24.269+0000] {dag.py:3823} INFO - Setting next_dagrun for example_sensor_decorator to None, run_after=None
[2025-04-05T14:25:24.351+0000] {processor.py:183} INFO - Processing /home/airflow/.local/lib/python3.8/site-packages/airflow/example_dags/example_sensor_decorator.py took 0.128 seconds
[2025-04-05T14:25:54.391+0000] {processor.py:161} INFO - Started process (PID=4040) to work on /home/airflow/.local/lib/python3.8/site-packages/airflow/example_dags/example_sensor_decorator.py
[2025-04-05T14:25:54.392+0000] {processor.py:830} INFO - Processing file /home/airflow/.local/lib/python3.8/site-packages/airflow/example_dags/example_sensor_decorator.py for tasks to queue
[2025-04-05T14:25:54.393+0000] {logging_mixin.py:188} INFO - [2025-04-05T14:25:54.392+0000] {dagbag.py:538} INFO - Filling up the DagBag from /home/airflow/.local/lib/python3.8/site-packages/airflow/example_dags/example_sensor_decorator.py
[2025-04-05T14:25:54.399+0000] {processor.py:840} INFO - DAG(s) 'example_sensor_decorator' retrieved from /home/airflow/.local/lib/python3.8/site-packages/airflow/example_dags/example_sensor_decorator.py
[2025-04-05T14:25:54.418+0000] {logging_mixin.py:188} INFO - [2025-04-05T14:25:54.418+0000] {dag.py:3036} INFO - Sync 1 DAGs
[2025-04-05T14:25:54.430+0000] {logging_mixin.py:188} INFO - [2025-04-05T14:25:54.430+0000] {dag.py:3823} INFO - Setting next_dagrun for example_sensor_decorator to None, run_after=None
[2025-04-05T14:25:54.451+0000] {processor.py:183} INFO - Processing /home/airflow/.local/lib/python3.8/site-packages/airflow/example_dags/example_sensor_decorator.py took 0.064 seconds
[2025-04-05T14:26:25.207+0000] {processor.py:161} INFO - Started process (PID=4289) to work on /home/airflow/.local/lib/python3.8/site-packages/airflow/example_dags/example_sensor_decorator.py
[2025-04-05T14:26:25.208+0000] {processor.py:830} INFO - Processing file /home/airflow/.local/lib/python3.8/site-packages/airflow/example_dags/example_sensor_decorator.py for tasks to queue
[2025-04-05T14:26:25.209+0000] {logging_mixin.py:188} INFO - [2025-04-05T14:26:25.208+0000] {dagbag.py:538} INFO - Filling up the DagBag from /home/airflow/.local/lib/python3.8/site-packages/airflow/example_dags/example_sensor_decorator.py
[2025-04-05T14:26:25.215+0000] {processor.py:840} INFO - DAG(s) 'example_sensor_decorator' retrieved from /home/airflow/.local/lib/python3.8/site-packages/airflow/example_dags/example_sensor_decorator.py
[2025-04-05T14:26:25.234+0000] {logging_mixin.py:188} INFO - [2025-04-05T14:26:25.234+0000] {dag.py:3036} INFO - Sync 1 DAGs
[2025-04-05T14:26:25.245+0000] {logging_mixin.py:188} INFO - [2025-04-05T14:26:25.245+0000] {dag.py:3823} INFO - Setting next_dagrun for example_sensor_decorator to None, run_after=None
[2025-04-05T14:26:25.266+0000] {processor.py:183} INFO - Processing /home/airflow/.local/lib/python3.8/site-packages/airflow/example_dags/example_sensor_decorator.py took 0.062 seconds
[2025-04-05T14:26:55.539+0000] {processor.py:161} INFO - Started process (PID=4536) to work on /home/airflow/.local/lib/python3.8/site-packages/airflow/example_dags/example_sensor_decorator.py
[2025-04-05T14:26:55.542+0000] {processor.py:830} INFO - Processing file /home/airflow/.local/lib/python3.8/site-packages/airflow/example_dags/example_sensor_decorator.py for tasks to queue
[2025-04-05T14:26:55.543+0000] {logging_mixin.py:188} INFO - [2025-04-05T14:26:55.543+0000] {dagbag.py:538} INFO - Filling up the DagBag from /home/airflow/.local/lib/python3.8/site-packages/airflow/example_dags/example_sensor_decorator.py
[2025-04-05T14:26:55.552+0000] {processor.py:840} INFO - DAG(s) 'example_sensor_decorator' retrieved from /home/airflow/.local/lib/python3.8/site-packages/airflow/example_dags/example_sensor_decorator.py
[2025-04-05T14:26:55.582+0000] {logging_mixin.py:188} INFO - [2025-04-05T14:26:55.582+0000] {dag.py:3036} INFO - Sync 1 DAGs
[2025-04-05T14:26:55.599+0000] {logging_mixin.py:188} INFO - [2025-04-05T14:26:55.598+0000] {dag.py:3823} INFO - Setting next_dagrun for example_sensor_decorator to None, run_after=None
[2025-04-05T14:26:55.628+0000] {processor.py:183} INFO - Processing /home/airflow/.local/lib/python3.8/site-packages/airflow/example_dags/example_sensor_decorator.py took 0.094 seconds
[2025-04-05T14:28:36.417+0000] {processor.py:161} INFO - Started process (PID=330) to work on /home/airflow/.local/lib/python3.8/site-packages/airflow/example_dags/example_sensor_decorator.py
[2025-04-05T14:28:36.418+0000] {processor.py:830} INFO - Processing file /home/airflow/.local/lib/python3.8/site-packages/airflow/example_dags/example_sensor_decorator.py for tasks to queue
[2025-04-05T14:28:36.420+0000] {logging_mixin.py:188} INFO - [2025-04-05T14:28:36.420+0000] {dagbag.py:538} INFO - Filling up the DagBag from /home/airflow/.local/lib/python3.8/site-packages/airflow/example_dags/example_sensor_decorator.py
[2025-04-05T14:28:36.435+0000] {processor.py:840} INFO - DAG(s) 'example_sensor_decorator' retrieved from /home/airflow/.local/lib/python3.8/site-packages/airflow/example_dags/example_sensor_decorator.py
[2025-04-05T14:28:36.475+0000] {logging_mixin.py:188} INFO - [2025-04-05T14:28:36.474+0000] {dag.py:3036} INFO - Sync 1 DAGs
[2025-04-05T14:28:36.537+0000] {logging_mixin.py:188} INFO - [2025-04-05T14:28:36.537+0000] {dag.py:3823} INFO - Setting next_dagrun for example_sensor_decorator to None, run_after=None
[2025-04-05T14:28:36.575+0000] {processor.py:183} INFO - Processing /home/airflow/.local/lib/python3.8/site-packages/airflow/example_dags/example_sensor_decorator.py took 0.163 seconds
[2025-04-05T14:29:07.877+0000] {processor.py:161} INFO - Started process (PID=575) to work on /home/airflow/.local/lib/python3.8/site-packages/airflow/example_dags/example_sensor_decorator.py
[2025-04-05T14:29:07.878+0000] {processor.py:830} INFO - Processing file /home/airflow/.local/lib/python3.8/site-packages/airflow/example_dags/example_sensor_decorator.py for tasks to queue
[2025-04-05T14:29:07.879+0000] {logging_mixin.py:188} INFO - [2025-04-05T14:29:07.878+0000] {dagbag.py:538} INFO - Filling up the DagBag from /home/airflow/.local/lib/python3.8/site-packages/airflow/example_dags/example_sensor_decorator.py
[2025-04-05T14:29:07.884+0000] {processor.py:840} INFO - DAG(s) 'example_sensor_decorator' retrieved from /home/airflow/.local/lib/python3.8/site-packages/airflow/example_dags/example_sensor_decorator.py
[2025-04-05T14:29:07.978+0000] {logging_mixin.py:188} INFO - [2025-04-05T14:29:07.978+0000] {dag.py:3036} INFO - Sync 1 DAGs
[2025-04-05T14:29:07.991+0000] {logging_mixin.py:188} INFO - [2025-04-05T14:29:07.990+0000] {dag.py:3823} INFO - Setting next_dagrun for example_sensor_decorator to None, run_after=None
[2025-04-05T14:29:08.010+0000] {processor.py:183} INFO - Processing /home/airflow/.local/lib/python3.8/site-packages/airflow/example_dags/example_sensor_decorator.py took 0.136 seconds
[2025-04-05T14:29:38.764+0000] {processor.py:161} INFO - Started process (PID=822) to work on /home/airflow/.local/lib/python3.8/site-packages/airflow/example_dags/example_sensor_decorator.py
[2025-04-05T14:29:38.765+0000] {processor.py:830} INFO - Processing file /home/airflow/.local/lib/python3.8/site-packages/airflow/example_dags/example_sensor_decorator.py for tasks to queue
[2025-04-05T14:29:38.766+0000] {logging_mixin.py:188} INFO - [2025-04-05T14:29:38.765+0000] {dagbag.py:538} INFO - Filling up the DagBag from /home/airflow/.local/lib/python3.8/site-packages/airflow/example_dags/example_sensor_decorator.py
[2025-04-05T14:29:38.771+0000] {processor.py:840} INFO - DAG(s) 'example_sensor_decorator' retrieved from /home/airflow/.local/lib/python3.8/site-packages/airflow/example_dags/example_sensor_decorator.py
[2025-04-05T14:29:38.790+0000] {logging_mixin.py:188} INFO - [2025-04-05T14:29:38.790+0000] {dag.py:3036} INFO - Sync 1 DAGs
[2025-04-05T14:29:38.801+0000] {logging_mixin.py:188} INFO - [2025-04-05T14:29:38.800+0000] {dag.py:3823} INFO - Setting next_dagrun for example_sensor_decorator to None, run_after=None
[2025-04-05T14:29:38.821+0000] {processor.py:183} INFO - Processing /home/airflow/.local/lib/python3.8/site-packages/airflow/example_dags/example_sensor_decorator.py took 0.061 seconds
[2025-04-05T14:30:09.227+0000] {processor.py:161} INFO - Started process (PID=1071) to work on /home/airflow/.local/lib/python3.8/site-packages/airflow/example_dags/example_sensor_decorator.py
[2025-04-05T14:30:09.228+0000] {processor.py:830} INFO - Processing file /home/airflow/.local/lib/python3.8/site-packages/airflow/example_dags/example_sensor_decorator.py for tasks to queue
[2025-04-05T14:30:09.229+0000] {logging_mixin.py:188} INFO - [2025-04-05T14:30:09.229+0000] {dagbag.py:538} INFO - Filling up the DagBag from /home/airflow/.local/lib/python3.8/site-packages/airflow/example_dags/example_sensor_decorator.py
[2025-04-05T14:30:09.235+0000] {processor.py:840} INFO - DAG(s) 'example_sensor_decorator' retrieved from /home/airflow/.local/lib/python3.8/site-packages/airflow/example_dags/example_sensor_decorator.py
[2025-04-05T14:30:09.254+0000] {logging_mixin.py:188} INFO - [2025-04-05T14:30:09.253+0000] {dag.py:3036} INFO - Sync 1 DAGs
[2025-04-05T14:30:09.266+0000] {logging_mixin.py:188} INFO - [2025-04-05T14:30:09.266+0000] {dag.py:3823} INFO - Setting next_dagrun for example_sensor_decorator to None, run_after=None
[2025-04-05T14:30:09.289+0000] {processor.py:183} INFO - Processing /home/airflow/.local/lib/python3.8/site-packages/airflow/example_dags/example_sensor_decorator.py took 0.065 seconds
[2025-04-05T14:30:40.081+0000] {processor.py:161} INFO - Started process (PID=1316) to work on /home/airflow/.local/lib/python3.8/site-packages/airflow/example_dags/example_sensor_decorator.py
[2025-04-05T14:30:40.083+0000] {processor.py:830} INFO - Processing file /home/airflow/.local/lib/python3.8/site-packages/airflow/example_dags/example_sensor_decorator.py for tasks to queue
[2025-04-05T14:30:40.084+0000] {logging_mixin.py:188} INFO - [2025-04-05T14:30:40.083+0000] {dagbag.py:538} INFO - Filling up the DagBag from /home/airflow/.local/lib/python3.8/site-packages/airflow/example_dags/example_sensor_decorator.py
[2025-04-05T14:30:40.089+0000] {processor.py:840} INFO - DAG(s) 'example_sensor_decorator' retrieved from /home/airflow/.local/lib/python3.8/site-packages/airflow/example_dags/example_sensor_decorator.py
[2025-04-05T14:30:40.109+0000] {logging_mixin.py:188} INFO - [2025-04-05T14:30:40.108+0000] {dag.py:3036} INFO - Sync 1 DAGs
[2025-04-05T14:30:40.120+0000] {logging_mixin.py:188} INFO - [2025-04-05T14:30:40.119+0000] {dag.py:3823} INFO - Setting next_dagrun for example_sensor_decorator to None, run_after=None
[2025-04-05T14:30:40.141+0000] {processor.py:183} INFO - Processing /home/airflow/.local/lib/python3.8/site-packages/airflow/example_dags/example_sensor_decorator.py took 0.062 seconds
[2025-04-05T14:31:11.841+0000] {processor.py:161} INFO - Started process (PID=1563) to work on /home/airflow/.local/lib/python3.8/site-packages/airflow/example_dags/example_sensor_decorator.py
[2025-04-05T14:31:11.855+0000] {processor.py:830} INFO - Processing file /home/airflow/.local/lib/python3.8/site-packages/airflow/example_dags/example_sensor_decorator.py for tasks to queue
[2025-04-05T14:31:11.859+0000] {logging_mixin.py:188} INFO - [2025-04-05T14:31:11.858+0000] {dagbag.py:538} INFO - Filling up the DagBag from /home/airflow/.local/lib/python3.8/site-packages/airflow/example_dags/example_sensor_decorator.py
[2025-04-05T14:31:11.882+0000] {processor.py:840} INFO - DAG(s) 'example_sensor_decorator' retrieved from /home/airflow/.local/lib/python3.8/site-packages/airflow/example_dags/example_sensor_decorator.py
[2025-04-05T14:31:11.977+0000] {logging_mixin.py:188} INFO - [2025-04-05T14:31:11.977+0000] {dag.py:3036} INFO - Sync 1 DAGs
[2025-04-05T14:31:12.032+0000] {logging_mixin.py:188} INFO - [2025-04-05T14:31:12.031+0000] {dag.py:3823} INFO - Setting next_dagrun for example_sensor_decorator to None, run_after=None
[2025-04-05T14:31:12.114+0000] {processor.py:183} INFO - Processing /home/airflow/.local/lib/python3.8/site-packages/airflow/example_dags/example_sensor_decorator.py took 0.282 seconds
[2025-04-05T14:31:42.328+0000] {processor.py:161} INFO - Started process (PID=1810) to work on /home/airflow/.local/lib/python3.8/site-packages/airflow/example_dags/example_sensor_decorator.py
[2025-04-05T14:31:42.330+0000] {processor.py:830} INFO - Processing file /home/airflow/.local/lib/python3.8/site-packages/airflow/example_dags/example_sensor_decorator.py for tasks to queue
[2025-04-05T14:31:42.331+0000] {logging_mixin.py:188} INFO - [2025-04-05T14:31:42.330+0000] {dagbag.py:538} INFO - Filling up the DagBag from /home/airflow/.local/lib/python3.8/site-packages/airflow/example_dags/example_sensor_decorator.py
[2025-04-05T14:31:42.336+0000] {processor.py:840} INFO - DAG(s) 'example_sensor_decorator' retrieved from /home/airflow/.local/lib/python3.8/site-packages/airflow/example_dags/example_sensor_decorator.py
[2025-04-05T14:31:42.355+0000] {logging_mixin.py:188} INFO - [2025-04-05T14:31:42.355+0000] {dag.py:3036} INFO - Sync 1 DAGs
[2025-04-05T14:31:42.367+0000] {logging_mixin.py:188} INFO - [2025-04-05T14:31:42.366+0000] {dag.py:3823} INFO - Setting next_dagrun for example_sensor_decorator to None, run_after=None
[2025-04-05T14:31:42.386+0000] {processor.py:183} INFO - Processing /home/airflow/.local/lib/python3.8/site-packages/airflow/example_dags/example_sensor_decorator.py took 0.061 seconds
[2025-04-05T14:32:12.717+0000] {processor.py:161} INFO - Started process (PID=2059) to work on /home/airflow/.local/lib/python3.8/site-packages/airflow/example_dags/example_sensor_decorator.py
[2025-04-05T14:32:12.718+0000] {processor.py:830} INFO - Processing file /home/airflow/.local/lib/python3.8/site-packages/airflow/example_dags/example_sensor_decorator.py for tasks to queue
[2025-04-05T14:32:12.719+0000] {logging_mixin.py:188} INFO - [2025-04-05T14:32:12.719+0000] {dagbag.py:538} INFO - Filling up the DagBag from /home/airflow/.local/lib/python3.8/site-packages/airflow/example_dags/example_sensor_decorator.py
[2025-04-05T14:32:12.726+0000] {processor.py:840} INFO - DAG(s) 'example_sensor_decorator' retrieved from /home/airflow/.local/lib/python3.8/site-packages/airflow/example_dags/example_sensor_decorator.py
[2025-04-05T14:32:12.747+0000] {logging_mixin.py:188} INFO - [2025-04-05T14:32:12.746+0000] {dag.py:3036} INFO - Sync 1 DAGs
[2025-04-05T14:32:12.757+0000] {logging_mixin.py:188} INFO - [2025-04-05T14:32:12.757+0000] {dag.py:3823} INFO - Setting next_dagrun for example_sensor_decorator to None, run_after=None
[2025-04-05T14:32:12.777+0000] {processor.py:183} INFO - Processing /home/airflow/.local/lib/python3.8/site-packages/airflow/example_dags/example_sensor_decorator.py took 0.063 seconds
[2025-04-05T14:32:43.727+0000] {processor.py:161} INFO - Started process (PID=2306) to work on /home/airflow/.local/lib/python3.8/site-packages/airflow/example_dags/example_sensor_decorator.py
[2025-04-05T14:32:43.728+0000] {processor.py:830} INFO - Processing file /home/airflow/.local/lib/python3.8/site-packages/airflow/example_dags/example_sensor_decorator.py for tasks to queue
[2025-04-05T14:32:43.729+0000] {logging_mixin.py:188} INFO - [2025-04-05T14:32:43.729+0000] {dagbag.py:538} INFO - Filling up the DagBag from /home/airflow/.local/lib/python3.8/site-packages/airflow/example_dags/example_sensor_decorator.py
[2025-04-05T14:32:43.735+0000] {processor.py:840} INFO - DAG(s) 'example_sensor_decorator' retrieved from /home/airflow/.local/lib/python3.8/site-packages/airflow/example_dags/example_sensor_decorator.py
[2025-04-05T14:32:43.753+0000] {logging_mixin.py:188} INFO - [2025-04-05T14:32:43.753+0000] {dag.py:3036} INFO - Sync 1 DAGs
[2025-04-05T14:32:43.764+0000] {logging_mixin.py:188} INFO - [2025-04-05T14:32:43.763+0000] {dag.py:3823} INFO - Setting next_dagrun for example_sensor_decorator to None, run_after=None
[2025-04-05T14:32:43.784+0000] {processor.py:183} INFO - Processing /home/airflow/.local/lib/python3.8/site-packages/airflow/example_dags/example_sensor_decorator.py took 0.060 seconds
[2025-04-05T14:33:14.176+0000] {processor.py:161} INFO - Started process (PID=2553) to work on /home/airflow/.local/lib/python3.8/site-packages/airflow/example_dags/example_sensor_decorator.py
[2025-04-05T14:33:14.177+0000] {processor.py:830} INFO - Processing file /home/airflow/.local/lib/python3.8/site-packages/airflow/example_dags/example_sensor_decorator.py for tasks to queue
[2025-04-05T14:33:14.178+0000] {logging_mixin.py:188} INFO - [2025-04-05T14:33:14.177+0000] {dagbag.py:538} INFO - Filling up the DagBag from /home/airflow/.local/lib/python3.8/site-packages/airflow/example_dags/example_sensor_decorator.py
[2025-04-05T14:33:14.183+0000] {processor.py:840} INFO - DAG(s) 'example_sensor_decorator' retrieved from /home/airflow/.local/lib/python3.8/site-packages/airflow/example_dags/example_sensor_decorator.py
[2025-04-05T14:33:14.202+0000] {logging_mixin.py:188} INFO - [2025-04-05T14:33:14.202+0000] {dag.py:3036} INFO - Sync 1 DAGs
[2025-04-05T14:33:14.214+0000] {logging_mixin.py:188} INFO - [2025-04-05T14:33:14.214+0000] {dag.py:3823} INFO - Setting next_dagrun for example_sensor_decorator to None, run_after=None
[2025-04-05T14:33:14.234+0000] {processor.py:183} INFO - Processing /home/airflow/.local/lib/python3.8/site-packages/airflow/example_dags/example_sensor_decorator.py took 0.061 seconds
[2025-04-05T14:33:44.349+0000] {processor.py:161} INFO - Started process (PID=2800) to work on /home/airflow/.local/lib/python3.8/site-packages/airflow/example_dags/example_sensor_decorator.py
[2025-04-05T14:33:44.350+0000] {processor.py:830} INFO - Processing file /home/airflow/.local/lib/python3.8/site-packages/airflow/example_dags/example_sensor_decorator.py for tasks to queue
[2025-04-05T14:33:44.351+0000] {logging_mixin.py:188} INFO - [2025-04-05T14:33:44.351+0000] {dagbag.py:538} INFO - Filling up the DagBag from /home/airflow/.local/lib/python3.8/site-packages/airflow/example_dags/example_sensor_decorator.py
[2025-04-05T14:33:44.356+0000] {processor.py:840} INFO - DAG(s) 'example_sensor_decorator' retrieved from /home/airflow/.local/lib/python3.8/site-packages/airflow/example_dags/example_sensor_decorator.py
[2025-04-05T14:33:44.377+0000] {logging_mixin.py:188} INFO - [2025-04-05T14:33:44.376+0000] {dag.py:3036} INFO - Sync 1 DAGs
[2025-04-05T14:33:44.387+0000] {logging_mixin.py:188} INFO - [2025-04-05T14:33:44.386+0000] {dag.py:3823} INFO - Setting next_dagrun for example_sensor_decorator to None, run_after=None
[2025-04-05T14:33:44.408+0000] {processor.py:183} INFO - Processing /home/airflow/.local/lib/python3.8/site-packages/airflow/example_dags/example_sensor_decorator.py took 0.062 seconds
[2025-04-05T14:34:14.642+0000] {processor.py:161} INFO - Started process (PID=3045) to work on /home/airflow/.local/lib/python3.8/site-packages/airflow/example_dags/example_sensor_decorator.py
[2025-04-05T14:34:14.643+0000] {processor.py:830} INFO - Processing file /home/airflow/.local/lib/python3.8/site-packages/airflow/example_dags/example_sensor_decorator.py for tasks to queue
[2025-04-05T14:34:14.644+0000] {logging_mixin.py:188} INFO - [2025-04-05T14:34:14.644+0000] {dagbag.py:538} INFO - Filling up the DagBag from /home/airflow/.local/lib/python3.8/site-packages/airflow/example_dags/example_sensor_decorator.py
[2025-04-05T14:34:14.650+0000] {processor.py:840} INFO - DAG(s) 'example_sensor_decorator' retrieved from /home/airflow/.local/lib/python3.8/site-packages/airflow/example_dags/example_sensor_decorator.py
[2025-04-05T14:34:14.669+0000] {logging_mixin.py:188} INFO - [2025-04-05T14:34:14.668+0000] {dag.py:3036} INFO - Sync 1 DAGs
[2025-04-05T14:34:14.680+0000] {logging_mixin.py:188} INFO - [2025-04-05T14:34:14.680+0000] {dag.py:3823} INFO - Setting next_dagrun for example_sensor_decorator to None, run_after=None
[2025-04-05T14:34:14.701+0000] {processor.py:183} INFO - Processing /home/airflow/.local/lib/python3.8/site-packages/airflow/example_dags/example_sensor_decorator.py took 0.062 seconds
[2025-04-05T14:34:45.019+0000] {processor.py:161} INFO - Started process (PID=3292) to work on /home/airflow/.local/lib/python3.8/site-packages/airflow/example_dags/example_sensor_decorator.py
[2025-04-05T14:34:45.020+0000] {processor.py:830} INFO - Processing file /home/airflow/.local/lib/python3.8/site-packages/airflow/example_dags/example_sensor_decorator.py for tasks to queue
[2025-04-05T14:34:45.021+0000] {logging_mixin.py:188} INFO - [2025-04-05T14:34:45.020+0000] {dagbag.py:538} INFO - Filling up the DagBag from /home/airflow/.local/lib/python3.8/site-packages/airflow/example_dags/example_sensor_decorator.py
[2025-04-05T14:34:45.027+0000] {processor.py:840} INFO - DAG(s) 'example_sensor_decorator' retrieved from /home/airflow/.local/lib/python3.8/site-packages/airflow/example_dags/example_sensor_decorator.py
[2025-04-05T14:34:45.046+0000] {logging_mixin.py:188} INFO - [2025-04-05T14:34:45.046+0000] {dag.py:3036} INFO - Sync 1 DAGs
[2025-04-05T14:34:45.060+0000] {logging_mixin.py:188} INFO - [2025-04-05T14:34:45.059+0000] {dag.py:3823} INFO - Setting next_dagrun for example_sensor_decorator to None, run_after=None
[2025-04-05T14:34:45.081+0000] {processor.py:183} INFO - Processing /home/airflow/.local/lib/python3.8/site-packages/airflow/example_dags/example_sensor_decorator.py took 0.065 seconds
[2025-04-05T16:40:55.448+0000] {processor.py:161} INFO - Started process (PID=246) to work on /home/airflow/.local/lib/python3.8/site-packages/airflow/example_dags/example_sensor_decorator.py
[2025-04-05T16:40:55.489+0000] {processor.py:830} INFO - Processing file /home/airflow/.local/lib/python3.8/site-packages/airflow/example_dags/example_sensor_decorator.py for tasks to queue
[2025-04-05T16:40:55.491+0000] {logging_mixin.py:188} INFO - [2025-04-05T16:40:55.490+0000] {dagbag.py:538} INFO - Filling up the DagBag from /home/airflow/.local/lib/python3.8/site-packages/airflow/example_dags/example_sensor_decorator.py
[2025-04-05T16:40:55.498+0000] {processor.py:840} INFO - DAG(s) 'example_sensor_decorator' retrieved from /home/airflow/.local/lib/python3.8/site-packages/airflow/example_dags/example_sensor_decorator.py
[2025-04-05T16:40:55.754+0000] {logging_mixin.py:188} INFO - [2025-04-05T16:40:55.754+0000] {override.py:1769} INFO - Created Permission View: can edit on DAG:example_sensor_decorator
[2025-04-05T16:40:55.787+0000] {logging_mixin.py:188} INFO - [2025-04-05T16:40:55.786+0000] {override.py:1769} INFO - Created Permission View: can delete on DAG:example_sensor_decorator
[2025-04-05T16:40:55.816+0000] {logging_mixin.py:188} INFO - [2025-04-05T16:40:55.815+0000] {override.py:1769} INFO - Created Permission View: can read on DAG:example_sensor_decorator
[2025-04-05T16:40:55.817+0000] {logging_mixin.py:188} INFO - [2025-04-05T16:40:55.817+0000] {dag.py:3036} INFO - Sync 1 DAGs
[2025-04-05T16:40:55.835+0000] {logging_mixin.py:188} INFO - [2025-04-05T16:40:55.834+0000] {dag.py:3058} INFO - Creating ORM DAG for example_sensor_decorator
[2025-04-05T16:40:55.836+0000] {logging_mixin.py:188} INFO - [2025-04-05T16:40:55.836+0000] {dag.py:3823} INFO - Setting next_dagrun for example_sensor_decorator to None, run_after=None
[2025-04-05T16:40:55.877+0000] {processor.py:183} INFO - Processing /home/airflow/.local/lib/python3.8/site-packages/airflow/example_dags/example_sensor_decorator.py took 0.435 seconds
[2025-04-05T16:41:26.536+0000] {processor.py:161} INFO - Started process (PID=493) to work on /home/airflow/.local/lib/python3.8/site-packages/airflow/example_dags/example_sensor_decorator.py
[2025-04-05T16:41:26.537+0000] {processor.py:830} INFO - Processing file /home/airflow/.local/lib/python3.8/site-packages/airflow/example_dags/example_sensor_decorator.py for tasks to queue
[2025-04-05T16:41:26.538+0000] {logging_mixin.py:188} INFO - [2025-04-05T16:41:26.538+0000] {dagbag.py:538} INFO - Filling up the DagBag from /home/airflow/.local/lib/python3.8/site-packages/airflow/example_dags/example_sensor_decorator.py
[2025-04-05T16:41:26.544+0000] {processor.py:840} INFO - DAG(s) 'example_sensor_decorator' retrieved from /home/airflow/.local/lib/python3.8/site-packages/airflow/example_dags/example_sensor_decorator.py
[2025-04-05T16:41:26.563+0000] {logging_mixin.py:188} INFO - [2025-04-05T16:41:26.563+0000] {dag.py:3036} INFO - Sync 1 DAGs
[2025-04-05T16:41:26.585+0000] {logging_mixin.py:188} INFO - [2025-04-05T16:41:26.585+0000] {dag.py:3823} INFO - Setting next_dagrun for example_sensor_decorator to None, run_after=None
[2025-04-05T16:41:26.605+0000] {processor.py:183} INFO - Processing /home/airflow/.local/lib/python3.8/site-packages/airflow/example_dags/example_sensor_decorator.py took 0.072 seconds
[2025-04-05T16:41:57.173+0000] {processor.py:161} INFO - Started process (PID=742) to work on /home/airflow/.local/lib/python3.8/site-packages/airflow/example_dags/example_sensor_decorator.py
[2025-04-05T16:41:57.175+0000] {processor.py:830} INFO - Processing file /home/airflow/.local/lib/python3.8/site-packages/airflow/example_dags/example_sensor_decorator.py for tasks to queue
[2025-04-05T16:41:57.176+0000] {logging_mixin.py:188} INFO - [2025-04-05T16:41:57.176+0000] {dagbag.py:538} INFO - Filling up the DagBag from /home/airflow/.local/lib/python3.8/site-packages/airflow/example_dags/example_sensor_decorator.py
[2025-04-05T16:41:57.186+0000] {processor.py:840} INFO - DAG(s) 'example_sensor_decorator' retrieved from /home/airflow/.local/lib/python3.8/site-packages/airflow/example_dags/example_sensor_decorator.py
[2025-04-05T16:41:57.219+0000] {logging_mixin.py:188} INFO - [2025-04-05T16:41:57.219+0000] {dag.py:3036} INFO - Sync 1 DAGs
[2025-04-05T16:41:57.245+0000] {logging_mixin.py:188} INFO - [2025-04-05T16:41:57.244+0000] {dag.py:3823} INFO - Setting next_dagrun for example_sensor_decorator to None, run_after=None
[2025-04-05T16:41:57.337+0000] {processor.py:183} INFO - Processing /home/airflow/.local/lib/python3.8/site-packages/airflow/example_dags/example_sensor_decorator.py took 0.167 seconds
[2025-04-05T16:42:27.415+0000] {processor.py:161} INFO - Started process (PID=989) to work on /home/airflow/.local/lib/python3.8/site-packages/airflow/example_dags/example_sensor_decorator.py
[2025-04-05T16:42:27.417+0000] {processor.py:830} INFO - Processing file /home/airflow/.local/lib/python3.8/site-packages/airflow/example_dags/example_sensor_decorator.py for tasks to queue
[2025-04-05T16:42:27.418+0000] {logging_mixin.py:188} INFO - [2025-04-05T16:42:27.417+0000] {dagbag.py:538} INFO - Filling up the DagBag from /home/airflow/.local/lib/python3.8/site-packages/airflow/example_dags/example_sensor_decorator.py
[2025-04-05T16:42:27.425+0000] {processor.py:840} INFO - DAG(s) 'example_sensor_decorator' retrieved from /home/airflow/.local/lib/python3.8/site-packages/airflow/example_dags/example_sensor_decorator.py
[2025-04-05T16:42:27.446+0000] {logging_mixin.py:188} INFO - [2025-04-05T16:42:27.446+0000] {dag.py:3036} INFO - Sync 1 DAGs
[2025-04-05T16:42:27.460+0000] {logging_mixin.py:188} INFO - [2025-04-05T16:42:27.460+0000] {dag.py:3823} INFO - Setting next_dagrun for example_sensor_decorator to None, run_after=None
[2025-04-05T16:42:27.483+0000] {processor.py:183} INFO - Processing /home/airflow/.local/lib/python3.8/site-packages/airflow/example_dags/example_sensor_decorator.py took 0.071 seconds
[2025-04-05T16:42:57.603+0000] {processor.py:161} INFO - Started process (PID=1234) to work on /home/airflow/.local/lib/python3.8/site-packages/airflow/example_dags/example_sensor_decorator.py
[2025-04-05T16:42:57.604+0000] {processor.py:830} INFO - Processing file /home/airflow/.local/lib/python3.8/site-packages/airflow/example_dags/example_sensor_decorator.py for tasks to queue
[2025-04-05T16:42:57.605+0000] {logging_mixin.py:188} INFO - [2025-04-05T16:42:57.605+0000] {dagbag.py:538} INFO - Filling up the DagBag from /home/airflow/.local/lib/python3.8/site-packages/airflow/example_dags/example_sensor_decorator.py
[2025-04-05T16:42:57.611+0000] {processor.py:840} INFO - DAG(s) 'example_sensor_decorator' retrieved from /home/airflow/.local/lib/python3.8/site-packages/airflow/example_dags/example_sensor_decorator.py
[2025-04-05T16:42:57.634+0000] {logging_mixin.py:188} INFO - [2025-04-05T16:42:57.633+0000] {dag.py:3036} INFO - Sync 1 DAGs
[2025-04-05T16:42:57.645+0000] {logging_mixin.py:188} INFO - [2025-04-05T16:42:57.645+0000] {dag.py:3823} INFO - Setting next_dagrun for example_sensor_decorator to None, run_after=None
[2025-04-05T16:42:57.667+0000] {processor.py:183} INFO - Processing /home/airflow/.local/lib/python3.8/site-packages/airflow/example_dags/example_sensor_decorator.py took 0.067 seconds
[2025-04-05T16:43:27.839+0000] {processor.py:161} INFO - Started process (PID=1481) to work on /home/airflow/.local/lib/python3.8/site-packages/airflow/example_dags/example_sensor_decorator.py
[2025-04-05T16:43:27.841+0000] {processor.py:830} INFO - Processing file /home/airflow/.local/lib/python3.8/site-packages/airflow/example_dags/example_sensor_decorator.py for tasks to queue
[2025-04-05T16:43:27.843+0000] {logging_mixin.py:188} INFO - [2025-04-05T16:43:27.842+0000] {dagbag.py:538} INFO - Filling up the DagBag from /home/airflow/.local/lib/python3.8/site-packages/airflow/example_dags/example_sensor_decorator.py
[2025-04-05T16:43:27.857+0000] {processor.py:840} INFO - DAG(s) 'example_sensor_decorator' retrieved from /home/airflow/.local/lib/python3.8/site-packages/airflow/example_dags/example_sensor_decorator.py
[2025-04-05T16:43:27.893+0000] {logging_mixin.py:188} INFO - [2025-04-05T16:43:27.893+0000] {dag.py:3036} INFO - Sync 1 DAGs
[2025-04-05T16:43:27.921+0000] {logging_mixin.py:188} INFO - [2025-04-05T16:43:27.920+0000] {dag.py:3823} INFO - Setting next_dagrun for example_sensor_decorator to None, run_after=None
[2025-04-05T16:43:27.966+0000] {processor.py:183} INFO - Processing /home/airflow/.local/lib/python3.8/site-packages/airflow/example_dags/example_sensor_decorator.py took 0.132 seconds
[2025-04-05T16:43:58.078+0000] {processor.py:161} INFO - Started process (PID=1730) to work on /home/airflow/.local/lib/python3.8/site-packages/airflow/example_dags/example_sensor_decorator.py
[2025-04-05T16:43:58.079+0000] {processor.py:830} INFO - Processing file /home/airflow/.local/lib/python3.8/site-packages/airflow/example_dags/example_sensor_decorator.py for tasks to queue
[2025-04-05T16:43:58.080+0000] {logging_mixin.py:188} INFO - [2025-04-05T16:43:58.079+0000] {dagbag.py:538} INFO - Filling up the DagBag from /home/airflow/.local/lib/python3.8/site-packages/airflow/example_dags/example_sensor_decorator.py
[2025-04-05T16:43:58.085+0000] {processor.py:840} INFO - DAG(s) 'example_sensor_decorator' retrieved from /home/airflow/.local/lib/python3.8/site-packages/airflow/example_dags/example_sensor_decorator.py
[2025-04-05T16:43:58.105+0000] {logging_mixin.py:188} INFO - [2025-04-05T16:43:58.105+0000] {dag.py:3036} INFO - Sync 1 DAGs
[2025-04-05T16:43:58.116+0000] {logging_mixin.py:188} INFO - [2025-04-05T16:43:58.116+0000] {dag.py:3823} INFO - Setting next_dagrun for example_sensor_decorator to None, run_after=None
[2025-04-05T16:43:58.136+0000] {processor.py:183} INFO - Processing /home/airflow/.local/lib/python3.8/site-packages/airflow/example_dags/example_sensor_decorator.py took 0.061 seconds
[2025-04-05T16:44:28.178+0000] {processor.py:161} INFO - Started process (PID=1975) to work on /home/airflow/.local/lib/python3.8/site-packages/airflow/example_dags/example_sensor_decorator.py
[2025-04-05T16:44:28.180+0000] {processor.py:830} INFO - Processing file /home/airflow/.local/lib/python3.8/site-packages/airflow/example_dags/example_sensor_decorator.py for tasks to queue
[2025-04-05T16:44:28.182+0000] {logging_mixin.py:188} INFO - [2025-04-05T16:44:28.181+0000] {dagbag.py:538} INFO - Filling up the DagBag from /home/airflow/.local/lib/python3.8/site-packages/airflow/example_dags/example_sensor_decorator.py
[2025-04-05T16:44:28.188+0000] {processor.py:840} INFO - DAG(s) 'example_sensor_decorator' retrieved from /home/airflow/.local/lib/python3.8/site-packages/airflow/example_dags/example_sensor_decorator.py
[2025-04-05T16:44:28.209+0000] {logging_mixin.py:188} INFO - [2025-04-05T16:44:28.209+0000] {dag.py:3036} INFO - Sync 1 DAGs
[2025-04-05T16:44:28.219+0000] {logging_mixin.py:188} INFO - [2025-04-05T16:44:28.219+0000] {dag.py:3823} INFO - Setting next_dagrun for example_sensor_decorator to None, run_after=None
[2025-04-05T16:44:28.243+0000] {processor.py:183} INFO - Processing /home/airflow/.local/lib/python3.8/site-packages/airflow/example_dags/example_sensor_decorator.py took 0.068 seconds
[2025-04-05T16:44:58.335+0000] {processor.py:161} INFO - Started process (PID=2222) to work on /home/airflow/.local/lib/python3.8/site-packages/airflow/example_dags/example_sensor_decorator.py
[2025-04-05T16:44:58.337+0000] {processor.py:830} INFO - Processing file /home/airflow/.local/lib/python3.8/site-packages/airflow/example_dags/example_sensor_decorator.py for tasks to queue
[2025-04-05T16:44:58.338+0000] {logging_mixin.py:188} INFO - [2025-04-05T16:44:58.338+0000] {dagbag.py:538} INFO - Filling up the DagBag from /home/airflow/.local/lib/python3.8/site-packages/airflow/example_dags/example_sensor_decorator.py
[2025-04-05T16:44:58.344+0000] {processor.py:840} INFO - DAG(s) 'example_sensor_decorator' retrieved from /home/airflow/.local/lib/python3.8/site-packages/airflow/example_dags/example_sensor_decorator.py
[2025-04-05T16:44:58.365+0000] {logging_mixin.py:188} INFO - [2025-04-05T16:44:58.365+0000] {dag.py:3036} INFO - Sync 1 DAGs
[2025-04-05T16:44:58.381+0000] {logging_mixin.py:188} INFO - [2025-04-05T16:44:58.380+0000] {dag.py:3823} INFO - Setting next_dagrun for example_sensor_decorator to None, run_after=None
[2025-04-05T16:44:58.402+0000] {processor.py:183} INFO - Processing /home/airflow/.local/lib/python3.8/site-packages/airflow/example_dags/example_sensor_decorator.py took 0.072 seconds
[2025-04-05T16:45:28.769+0000] {processor.py:161} INFO - Started process (PID=2469) to work on /home/airflow/.local/lib/python3.8/site-packages/airflow/example_dags/example_sensor_decorator.py
[2025-04-05T16:45:28.771+0000] {processor.py:830} INFO - Processing file /home/airflow/.local/lib/python3.8/site-packages/airflow/example_dags/example_sensor_decorator.py for tasks to queue
[2025-04-05T16:45:28.772+0000] {logging_mixin.py:188} INFO - [2025-04-05T16:45:28.772+0000] {dagbag.py:538} INFO - Filling up the DagBag from /home/airflow/.local/lib/python3.8/site-packages/airflow/example_dags/example_sensor_decorator.py
[2025-04-05T16:45:28.778+0000] {processor.py:840} INFO - DAG(s) 'example_sensor_decorator' retrieved from /home/airflow/.local/lib/python3.8/site-packages/airflow/example_dags/example_sensor_decorator.py
[2025-04-05T16:45:28.802+0000] {logging_mixin.py:188} INFO - [2025-04-05T16:45:28.802+0000] {dag.py:3036} INFO - Sync 1 DAGs
[2025-04-05T16:45:28.815+0000] {logging_mixin.py:188} INFO - [2025-04-05T16:45:28.815+0000] {dag.py:3823} INFO - Setting next_dagrun for example_sensor_decorator to None, run_after=None
[2025-04-05T16:45:28.838+0000] {processor.py:183} INFO - Processing /home/airflow/.local/lib/python3.8/site-packages/airflow/example_dags/example_sensor_decorator.py took 0.073 seconds
[2025-04-05T16:45:59.581+0000] {processor.py:161} INFO - Started process (PID=2716) to work on /home/airflow/.local/lib/python3.8/site-packages/airflow/example_dags/example_sensor_decorator.py
[2025-04-05T16:45:59.584+0000] {processor.py:830} INFO - Processing file /home/airflow/.local/lib/python3.8/site-packages/airflow/example_dags/example_sensor_decorator.py for tasks to queue
[2025-04-05T16:45:59.586+0000] {logging_mixin.py:188} INFO - [2025-04-05T16:45:59.585+0000] {dagbag.py:538} INFO - Filling up the DagBag from /home/airflow/.local/lib/python3.8/site-packages/airflow/example_dags/example_sensor_decorator.py
[2025-04-05T16:45:59.594+0000] {processor.py:840} INFO - DAG(s) 'example_sensor_decorator' retrieved from /home/airflow/.local/lib/python3.8/site-packages/airflow/example_dags/example_sensor_decorator.py
[2025-04-05T16:45:59.623+0000] {logging_mixin.py:188} INFO - [2025-04-05T16:45:59.623+0000] {dag.py:3036} INFO - Sync 1 DAGs
[2025-04-05T16:45:59.639+0000] {logging_mixin.py:188} INFO - [2025-04-05T16:45:59.639+0000] {dag.py:3823} INFO - Setting next_dagrun for example_sensor_decorator to None, run_after=None
[2025-04-05T16:45:59.663+0000] {processor.py:183} INFO - Processing /home/airflow/.local/lib/python3.8/site-packages/airflow/example_dags/example_sensor_decorator.py took 0.085 seconds
[2025-04-05T16:46:29.713+0000] {processor.py:161} INFO - Started process (PID=2963) to work on /home/airflow/.local/lib/python3.8/site-packages/airflow/example_dags/example_sensor_decorator.py
[2025-04-05T16:46:29.714+0000] {processor.py:830} INFO - Processing file /home/airflow/.local/lib/python3.8/site-packages/airflow/example_dags/example_sensor_decorator.py for tasks to queue
[2025-04-05T16:46:29.715+0000] {logging_mixin.py:188} INFO - [2025-04-05T16:46:29.715+0000] {dagbag.py:538} INFO - Filling up the DagBag from /home/airflow/.local/lib/python3.8/site-packages/airflow/example_dags/example_sensor_decorator.py
[2025-04-05T16:46:29.722+0000] {processor.py:840} INFO - DAG(s) 'example_sensor_decorator' retrieved from /home/airflow/.local/lib/python3.8/site-packages/airflow/example_dags/example_sensor_decorator.py
[2025-04-05T16:46:29.744+0000] {logging_mixin.py:188} INFO - [2025-04-05T16:46:29.744+0000] {dag.py:3036} INFO - Sync 1 DAGs
[2025-04-05T16:46:29.760+0000] {logging_mixin.py:188} INFO - [2025-04-05T16:46:29.760+0000] {dag.py:3823} INFO - Setting next_dagrun for example_sensor_decorator to None, run_after=None
[2025-04-05T16:46:29.786+0000] {processor.py:183} INFO - Processing /home/airflow/.local/lib/python3.8/site-packages/airflow/example_dags/example_sensor_decorator.py took 0.077 seconds
[2025-04-05T16:46:59.934+0000] {processor.py:161} INFO - Started process (PID=3210) to work on /home/airflow/.local/lib/python3.8/site-packages/airflow/example_dags/example_sensor_decorator.py
[2025-04-05T16:46:59.935+0000] {processor.py:830} INFO - Processing file /home/airflow/.local/lib/python3.8/site-packages/airflow/example_dags/example_sensor_decorator.py for tasks to queue
[2025-04-05T16:46:59.936+0000] {logging_mixin.py:188} INFO - [2025-04-05T16:46:59.936+0000] {dagbag.py:538} INFO - Filling up the DagBag from /home/airflow/.local/lib/python3.8/site-packages/airflow/example_dags/example_sensor_decorator.py
[2025-04-05T16:46:59.944+0000] {processor.py:840} INFO - DAG(s) 'example_sensor_decorator' retrieved from /home/airflow/.local/lib/python3.8/site-packages/airflow/example_dags/example_sensor_decorator.py
[2025-04-05T16:46:59.974+0000] {logging_mixin.py:188} INFO - [2025-04-05T16:46:59.973+0000] {dag.py:3036} INFO - Sync 1 DAGs
[2025-04-05T16:46:59.996+0000] {logging_mixin.py:188} INFO - [2025-04-05T16:46:59.996+0000] {dag.py:3823} INFO - Setting next_dagrun for example_sensor_decorator to None, run_after=None
[2025-04-05T16:47:00.029+0000] {processor.py:183} INFO - Processing /home/airflow/.local/lib/python3.8/site-packages/airflow/example_dags/example_sensor_decorator.py took 0.100 seconds
[2025-04-05T16:47:30.091+0000] {processor.py:161} INFO - Started process (PID=3457) to work on /home/airflow/.local/lib/python3.8/site-packages/airflow/example_dags/example_sensor_decorator.py
[2025-04-05T16:47:30.092+0000] {processor.py:830} INFO - Processing file /home/airflow/.local/lib/python3.8/site-packages/airflow/example_dags/example_sensor_decorator.py for tasks to queue
[2025-04-05T16:47:30.094+0000] {logging_mixin.py:188} INFO - [2025-04-05T16:47:30.093+0000] {dagbag.py:538} INFO - Filling up the DagBag from /home/airflow/.local/lib/python3.8/site-packages/airflow/example_dags/example_sensor_decorator.py
[2025-04-05T16:47:30.101+0000] {processor.py:840} INFO - DAG(s) 'example_sensor_decorator' retrieved from /home/airflow/.local/lib/python3.8/site-packages/airflow/example_dags/example_sensor_decorator.py
[2025-04-05T16:47:30.126+0000] {logging_mixin.py:188} INFO - [2025-04-05T16:47:30.125+0000] {dag.py:3036} INFO - Sync 1 DAGs
[2025-04-05T16:47:30.141+0000] {logging_mixin.py:188} INFO - [2025-04-05T16:47:30.141+0000] {dag.py:3823} INFO - Setting next_dagrun for example_sensor_decorator to None, run_after=None
[2025-04-05T16:47:30.165+0000] {processor.py:183} INFO - Processing /home/airflow/.local/lib/python3.8/site-packages/airflow/example_dags/example_sensor_decorator.py took 0.078 seconds
[2025-04-05T16:48:00.758+0000] {processor.py:161} INFO - Started process (PID=3705) to work on /home/airflow/.local/lib/python3.8/site-packages/airflow/example_dags/example_sensor_decorator.py
[2025-04-05T16:48:00.759+0000] {processor.py:830} INFO - Processing file /home/airflow/.local/lib/python3.8/site-packages/airflow/example_dags/example_sensor_decorator.py for tasks to queue
[2025-04-05T16:48:00.760+0000] {logging_mixin.py:188} INFO - [2025-04-05T16:48:00.760+0000] {dagbag.py:538} INFO - Filling up the DagBag from /home/airflow/.local/lib/python3.8/site-packages/airflow/example_dags/example_sensor_decorator.py
[2025-04-05T16:48:00.768+0000] {processor.py:840} INFO - DAG(s) 'example_sensor_decorator' retrieved from /home/airflow/.local/lib/python3.8/site-packages/airflow/example_dags/example_sensor_decorator.py
[2025-04-05T16:48:00.792+0000] {logging_mixin.py:188} INFO - [2025-04-05T16:48:00.791+0000] {dag.py:3036} INFO - Sync 1 DAGs
[2025-04-05T16:48:00.805+0000] {logging_mixin.py:188} INFO - [2025-04-05T16:48:00.805+0000] {dag.py:3823} INFO - Setting next_dagrun for example_sensor_decorator to None, run_after=None
[2025-04-05T16:48:00.828+0000] {processor.py:183} INFO - Processing /home/airflow/.local/lib/python3.8/site-packages/airflow/example_dags/example_sensor_decorator.py took 0.074 seconds
[2025-04-05T16:48:31.592+0000] {processor.py:161} INFO - Started process (PID=3952) to work on /home/airflow/.local/lib/python3.8/site-packages/airflow/example_dags/example_sensor_decorator.py
[2025-04-05T16:48:31.594+0000] {processor.py:830} INFO - Processing file /home/airflow/.local/lib/python3.8/site-packages/airflow/example_dags/example_sensor_decorator.py for tasks to queue
[2025-04-05T16:48:31.595+0000] {logging_mixin.py:188} INFO - [2025-04-05T16:48:31.594+0000] {dagbag.py:538} INFO - Filling up the DagBag from /home/airflow/.local/lib/python3.8/site-packages/airflow/example_dags/example_sensor_decorator.py
[2025-04-05T16:48:31.602+0000] {processor.py:840} INFO - DAG(s) 'example_sensor_decorator' retrieved from /home/airflow/.local/lib/python3.8/site-packages/airflow/example_dags/example_sensor_decorator.py
[2025-04-05T16:48:31.624+0000] {logging_mixin.py:188} INFO - [2025-04-05T16:48:31.623+0000] {dag.py:3036} INFO - Sync 1 DAGs
[2025-04-05T16:48:31.637+0000] {logging_mixin.py:188} INFO - [2025-04-05T16:48:31.637+0000] {dag.py:3823} INFO - Setting next_dagrun for example_sensor_decorator to None, run_after=None
[2025-04-05T16:48:31.707+0000] {processor.py:183} INFO - Processing /home/airflow/.local/lib/python3.8/site-packages/airflow/example_dags/example_sensor_decorator.py took 0.118 seconds
[2025-04-05T16:49:01.755+0000] {processor.py:161} INFO - Started process (PID=4200) to work on /home/airflow/.local/lib/python3.8/site-packages/airflow/example_dags/example_sensor_decorator.py
[2025-04-05T16:49:01.756+0000] {processor.py:830} INFO - Processing file /home/airflow/.local/lib/python3.8/site-packages/airflow/example_dags/example_sensor_decorator.py for tasks to queue
[2025-04-05T16:49:01.757+0000] {logging_mixin.py:188} INFO - [2025-04-05T16:49:01.757+0000] {dagbag.py:538} INFO - Filling up the DagBag from /home/airflow/.local/lib/python3.8/site-packages/airflow/example_dags/example_sensor_decorator.py
[2025-04-05T16:49:01.763+0000] {processor.py:840} INFO - DAG(s) 'example_sensor_decorator' retrieved from /home/airflow/.local/lib/python3.8/site-packages/airflow/example_dags/example_sensor_decorator.py
[2025-04-05T16:49:01.785+0000] {logging_mixin.py:188} INFO - [2025-04-05T16:49:01.784+0000] {dag.py:3036} INFO - Sync 1 DAGs
[2025-04-05T16:49:01.796+0000] {logging_mixin.py:188} INFO - [2025-04-05T16:49:01.796+0000] {dag.py:3823} INFO - Setting next_dagrun for example_sensor_decorator to None, run_after=None
[2025-04-05T16:49:01.819+0000] {processor.py:183} INFO - Processing /home/airflow/.local/lib/python3.8/site-packages/airflow/example_dags/example_sensor_decorator.py took 0.068 seconds
[2025-04-05T16:49:31.862+0000] {processor.py:161} INFO - Started process (PID=4468) to work on /home/airflow/.local/lib/python3.8/site-packages/airflow/example_dags/example_sensor_decorator.py
[2025-04-05T16:49:31.863+0000] {processor.py:830} INFO - Processing file /home/airflow/.local/lib/python3.8/site-packages/airflow/example_dags/example_sensor_decorator.py for tasks to queue
[2025-04-05T16:49:31.864+0000] {logging_mixin.py:188} INFO - [2025-04-05T16:49:31.864+0000] {dagbag.py:538} INFO - Filling up the DagBag from /home/airflow/.local/lib/python3.8/site-packages/airflow/example_dags/example_sensor_decorator.py
[2025-04-05T16:49:31.870+0000] {processor.py:840} INFO - DAG(s) 'example_sensor_decorator' retrieved from /home/airflow/.local/lib/python3.8/site-packages/airflow/example_dags/example_sensor_decorator.py
[2025-04-05T16:49:31.895+0000] {logging_mixin.py:188} INFO - [2025-04-05T16:49:31.894+0000] {dag.py:3036} INFO - Sync 1 DAGs
[2025-04-05T16:49:31.909+0000] {logging_mixin.py:188} INFO - [2025-04-05T16:49:31.908+0000] {dag.py:3823} INFO - Setting next_dagrun for example_sensor_decorator to None, run_after=None
[2025-04-05T16:49:31.932+0000] {processor.py:183} INFO - Processing /home/airflow/.local/lib/python3.8/site-packages/airflow/example_dags/example_sensor_decorator.py took 0.073 seconds
[2025-04-05T16:50:02.578+0000] {processor.py:161} INFO - Started process (PID=4718) to work on /home/airflow/.local/lib/python3.8/site-packages/airflow/example_dags/example_sensor_decorator.py
[2025-04-05T16:50:02.580+0000] {processor.py:830} INFO - Processing file /home/airflow/.local/lib/python3.8/site-packages/airflow/example_dags/example_sensor_decorator.py for tasks to queue
[2025-04-05T16:50:02.581+0000] {logging_mixin.py:188} INFO - [2025-04-05T16:50:02.581+0000] {dagbag.py:538} INFO - Filling up the DagBag from /home/airflow/.local/lib/python3.8/site-packages/airflow/example_dags/example_sensor_decorator.py
[2025-04-05T16:50:02.588+0000] {processor.py:840} INFO - DAG(s) 'example_sensor_decorator' retrieved from /home/airflow/.local/lib/python3.8/site-packages/airflow/example_dags/example_sensor_decorator.py
[2025-04-05T16:50:02.612+0000] {logging_mixin.py:188} INFO - [2025-04-05T16:50:02.612+0000] {dag.py:3036} INFO - Sync 1 DAGs
[2025-04-05T16:50:02.626+0000] {logging_mixin.py:188} INFO - [2025-04-05T16:50:02.626+0000] {dag.py:3823} INFO - Setting next_dagrun for example_sensor_decorator to None, run_after=None
[2025-04-05T16:50:02.647+0000] {processor.py:183} INFO - Processing /home/airflow/.local/lib/python3.8/site-packages/airflow/example_dags/example_sensor_decorator.py took 0.072 seconds
[2025-04-05T16:50:32.702+0000] {processor.py:161} INFO - Started process (PID=4965) to work on /home/airflow/.local/lib/python3.8/site-packages/airflow/example_dags/example_sensor_decorator.py
[2025-04-05T16:50:32.703+0000] {processor.py:830} INFO - Processing file /home/airflow/.local/lib/python3.8/site-packages/airflow/example_dags/example_sensor_decorator.py for tasks to queue
[2025-04-05T16:50:32.704+0000] {logging_mixin.py:188} INFO - [2025-04-05T16:50:32.704+0000] {dagbag.py:538} INFO - Filling up the DagBag from /home/airflow/.local/lib/python3.8/site-packages/airflow/example_dags/example_sensor_decorator.py
[2025-04-05T16:50:32.711+0000] {processor.py:840} INFO - DAG(s) 'example_sensor_decorator' retrieved from /home/airflow/.local/lib/python3.8/site-packages/airflow/example_dags/example_sensor_decorator.py
[2025-04-05T16:50:32.733+0000] {logging_mixin.py:188} INFO - [2025-04-05T16:50:32.733+0000] {dag.py:3036} INFO - Sync 1 DAGs
[2025-04-05T16:50:32.747+0000] {logging_mixin.py:188} INFO - [2025-04-05T16:50:32.747+0000] {dag.py:3823} INFO - Setting next_dagrun for example_sensor_decorator to None, run_after=None
[2025-04-05T16:50:32.768+0000] {processor.py:183} INFO - Processing /home/airflow/.local/lib/python3.8/site-packages/airflow/example_dags/example_sensor_decorator.py took 0.070 seconds
[2025-04-05T16:51:02.992+0000] {processor.py:161} INFO - Started process (PID=5217) to work on /home/airflow/.local/lib/python3.8/site-packages/airflow/example_dags/example_sensor_decorator.py
[2025-04-05T16:51:02.993+0000] {processor.py:830} INFO - Processing file /home/airflow/.local/lib/python3.8/site-packages/airflow/example_dags/example_sensor_decorator.py for tasks to queue
[2025-04-05T16:51:02.994+0000] {logging_mixin.py:188} INFO - [2025-04-05T16:51:02.994+0000] {dagbag.py:538} INFO - Filling up the DagBag from /home/airflow/.local/lib/python3.8/site-packages/airflow/example_dags/example_sensor_decorator.py
[2025-04-05T16:51:03.001+0000] {processor.py:840} INFO - DAG(s) 'example_sensor_decorator' retrieved from /home/airflow/.local/lib/python3.8/site-packages/airflow/example_dags/example_sensor_decorator.py
[2025-04-05T16:51:03.025+0000] {logging_mixin.py:188} INFO - [2025-04-05T16:51:03.024+0000] {dag.py:3036} INFO - Sync 1 DAGs
[2025-04-05T16:51:03.037+0000] {logging_mixin.py:188} INFO - [2025-04-05T16:51:03.037+0000] {dag.py:3823} INFO - Setting next_dagrun for example_sensor_decorator to None, run_after=None
[2025-04-05T16:51:03.057+0000] {processor.py:183} INFO - Processing /home/airflow/.local/lib/python3.8/site-packages/airflow/example_dags/example_sensor_decorator.py took 0.068 seconds
[2025-04-05T16:51:33.498+0000] {processor.py:161} INFO - Started process (PID=5469) to work on /home/airflow/.local/lib/python3.8/site-packages/airflow/example_dags/example_sensor_decorator.py
[2025-04-05T16:51:33.499+0000] {processor.py:830} INFO - Processing file /home/airflow/.local/lib/python3.8/site-packages/airflow/example_dags/example_sensor_decorator.py for tasks to queue
[2025-04-05T16:51:33.501+0000] {logging_mixin.py:188} INFO - [2025-04-05T16:51:33.500+0000] {dagbag.py:538} INFO - Filling up the DagBag from /home/airflow/.local/lib/python3.8/site-packages/airflow/example_dags/example_sensor_decorator.py
[2025-04-05T16:51:33.506+0000] {processor.py:840} INFO - DAG(s) 'example_sensor_decorator' retrieved from /home/airflow/.local/lib/python3.8/site-packages/airflow/example_dags/example_sensor_decorator.py
[2025-04-05T16:51:33.530+0000] {logging_mixin.py:188} INFO - [2025-04-05T16:51:33.530+0000] {dag.py:3036} INFO - Sync 1 DAGs
[2025-04-05T16:51:33.543+0000] {logging_mixin.py:188} INFO - [2025-04-05T16:51:33.543+0000] {dag.py:3823} INFO - Setting next_dagrun for example_sensor_decorator to None, run_after=None
[2025-04-05T16:51:33.562+0000] {processor.py:183} INFO - Processing /home/airflow/.local/lib/python3.8/site-packages/airflow/example_dags/example_sensor_decorator.py took 0.067 seconds
[2025-04-05T16:52:03.728+0000] {processor.py:161} INFO - Started process (PID=5721) to work on /home/airflow/.local/lib/python3.8/site-packages/airflow/example_dags/example_sensor_decorator.py
[2025-04-05T16:52:03.730+0000] {processor.py:830} INFO - Processing file /home/airflow/.local/lib/python3.8/site-packages/airflow/example_dags/example_sensor_decorator.py for tasks to queue
[2025-04-05T16:52:03.731+0000] {logging_mixin.py:188} INFO - [2025-04-05T16:52:03.730+0000] {dagbag.py:538} INFO - Filling up the DagBag from /home/airflow/.local/lib/python3.8/site-packages/airflow/example_dags/example_sensor_decorator.py
[2025-04-05T16:52:03.737+0000] {processor.py:840} INFO - DAG(s) 'example_sensor_decorator' retrieved from /home/airflow/.local/lib/python3.8/site-packages/airflow/example_dags/example_sensor_decorator.py
[2025-04-05T16:52:03.762+0000] {logging_mixin.py:188} INFO - [2025-04-05T16:52:03.761+0000] {dag.py:3036} INFO - Sync 1 DAGs
[2025-04-05T16:52:03.775+0000] {logging_mixin.py:188} INFO - [2025-04-05T16:52:03.775+0000] {dag.py:3823} INFO - Setting next_dagrun for example_sensor_decorator to None, run_after=None
[2025-04-05T16:52:03.796+0000] {processor.py:183} INFO - Processing /home/airflow/.local/lib/python3.8/site-packages/airflow/example_dags/example_sensor_decorator.py took 0.071 seconds
[2025-04-05T16:52:34.250+0000] {processor.py:161} INFO - Started process (PID=5973) to work on /home/airflow/.local/lib/python3.8/site-packages/airflow/example_dags/example_sensor_decorator.py
[2025-04-05T16:52:34.251+0000] {processor.py:830} INFO - Processing file /home/airflow/.local/lib/python3.8/site-packages/airflow/example_dags/example_sensor_decorator.py for tasks to queue
[2025-04-05T16:52:34.253+0000] {logging_mixin.py:188} INFO - [2025-04-05T16:52:34.252+0000] {dagbag.py:538} INFO - Filling up the DagBag from /home/airflow/.local/lib/python3.8/site-packages/airflow/example_dags/example_sensor_decorator.py
[2025-04-05T16:52:34.260+0000] {processor.py:840} INFO - DAG(s) 'example_sensor_decorator' retrieved from /home/airflow/.local/lib/python3.8/site-packages/airflow/example_dags/example_sensor_decorator.py
[2025-04-05T16:52:34.282+0000] {logging_mixin.py:188} INFO - [2025-04-05T16:52:34.282+0000] {dag.py:3036} INFO - Sync 1 DAGs
[2025-04-05T16:52:34.296+0000] {logging_mixin.py:188} INFO - [2025-04-05T16:52:34.295+0000] {dag.py:3823} INFO - Setting next_dagrun for example_sensor_decorator to None, run_after=None
[2025-04-05T16:52:34.318+0000] {processor.py:183} INFO - Processing /home/airflow/.local/lib/python3.8/site-packages/airflow/example_dags/example_sensor_decorator.py took 0.071 seconds
[2025-04-05T16:53:04.482+0000] {processor.py:161} INFO - Started process (PID=6226) to work on /home/airflow/.local/lib/python3.8/site-packages/airflow/example_dags/example_sensor_decorator.py
[2025-04-05T16:53:04.483+0000] {processor.py:830} INFO - Processing file /home/airflow/.local/lib/python3.8/site-packages/airflow/example_dags/example_sensor_decorator.py for tasks to queue
[2025-04-05T16:53:04.485+0000] {logging_mixin.py:188} INFO - [2025-04-05T16:53:04.484+0000] {dagbag.py:538} INFO - Filling up the DagBag from /home/airflow/.local/lib/python3.8/site-packages/airflow/example_dags/example_sensor_decorator.py
[2025-04-05T16:53:04.491+0000] {processor.py:840} INFO - DAG(s) 'example_sensor_decorator' retrieved from /home/airflow/.local/lib/python3.8/site-packages/airflow/example_dags/example_sensor_decorator.py
[2025-04-05T16:53:04.514+0000] {logging_mixin.py:188} INFO - [2025-04-05T16:53:04.514+0000] {dag.py:3036} INFO - Sync 1 DAGs
[2025-04-05T16:53:04.526+0000] {logging_mixin.py:188} INFO - [2025-04-05T16:53:04.526+0000] {dag.py:3823} INFO - Setting next_dagrun for example_sensor_decorator to None, run_after=None
[2025-04-05T16:53:04.547+0000] {processor.py:183} INFO - Processing /home/airflow/.local/lib/python3.8/site-packages/airflow/example_dags/example_sensor_decorator.py took 0.068 seconds
[2025-04-05T16:53:34.720+0000] {processor.py:161} INFO - Started process (PID=6478) to work on /home/airflow/.local/lib/python3.8/site-packages/airflow/example_dags/example_sensor_decorator.py
[2025-04-05T16:53:34.721+0000] {processor.py:830} INFO - Processing file /home/airflow/.local/lib/python3.8/site-packages/airflow/example_dags/example_sensor_decorator.py for tasks to queue
[2025-04-05T16:53:34.723+0000] {logging_mixin.py:188} INFO - [2025-04-05T16:53:34.722+0000] {dagbag.py:538} INFO - Filling up the DagBag from /home/airflow/.local/lib/python3.8/site-packages/airflow/example_dags/example_sensor_decorator.py
[2025-04-05T16:53:34.729+0000] {processor.py:840} INFO - DAG(s) 'example_sensor_decorator' retrieved from /home/airflow/.local/lib/python3.8/site-packages/airflow/example_dags/example_sensor_decorator.py
[2025-04-05T16:53:34.753+0000] {logging_mixin.py:188} INFO - [2025-04-05T16:53:34.753+0000] {dag.py:3036} INFO - Sync 1 DAGs
[2025-04-05T16:53:34.770+0000] {logging_mixin.py:188} INFO - [2025-04-05T16:53:34.770+0000] {dag.py:3823} INFO - Setting next_dagrun for example_sensor_decorator to None, run_after=None
[2025-04-05T16:53:34.793+0000] {processor.py:183} INFO - Processing /home/airflow/.local/lib/python3.8/site-packages/airflow/example_dags/example_sensor_decorator.py took 0.077 seconds
[2025-04-05T16:54:05.514+0000] {processor.py:161} INFO - Started process (PID=6724) to work on /home/airflow/.local/lib/python3.8/site-packages/airflow/example_dags/example_sensor_decorator.py
[2025-04-05T16:54:05.516+0000] {processor.py:830} INFO - Processing file /home/airflow/.local/lib/python3.8/site-packages/airflow/example_dags/example_sensor_decorator.py for tasks to queue
[2025-04-05T16:54:05.517+0000] {logging_mixin.py:188} INFO - [2025-04-05T16:54:05.517+0000] {dagbag.py:538} INFO - Filling up the DagBag from /home/airflow/.local/lib/python3.8/site-packages/airflow/example_dags/example_sensor_decorator.py
[2025-04-05T16:54:05.524+0000] {processor.py:840} INFO - DAG(s) 'example_sensor_decorator' retrieved from /home/airflow/.local/lib/python3.8/site-packages/airflow/example_dags/example_sensor_decorator.py
[2025-04-05T16:54:05.548+0000] {logging_mixin.py:188} INFO - [2025-04-05T16:54:05.548+0000] {dag.py:3036} INFO - Sync 1 DAGs
[2025-04-05T16:54:05.560+0000] {logging_mixin.py:188} INFO - [2025-04-05T16:54:05.560+0000] {dag.py:3823} INFO - Setting next_dagrun for example_sensor_decorator to None, run_after=None
[2025-04-05T16:54:05.587+0000] {processor.py:183} INFO - Processing /home/airflow/.local/lib/python3.8/site-packages/airflow/example_dags/example_sensor_decorator.py took 0.076 seconds
[2025-04-05T16:54:35.825+0000] {processor.py:161} INFO - Started process (PID=6976) to work on /home/airflow/.local/lib/python3.8/site-packages/airflow/example_dags/example_sensor_decorator.py
[2025-04-05T16:54:35.826+0000] {processor.py:830} INFO - Processing file /home/airflow/.local/lib/python3.8/site-packages/airflow/example_dags/example_sensor_decorator.py for tasks to queue
[2025-04-05T16:54:35.827+0000] {logging_mixin.py:188} INFO - [2025-04-05T16:54:35.827+0000] {dagbag.py:538} INFO - Filling up the DagBag from /home/airflow/.local/lib/python3.8/site-packages/airflow/example_dags/example_sensor_decorator.py
[2025-04-05T16:54:35.834+0000] {processor.py:840} INFO - DAG(s) 'example_sensor_decorator' retrieved from /home/airflow/.local/lib/python3.8/site-packages/airflow/example_dags/example_sensor_decorator.py
[2025-04-05T16:54:35.857+0000] {logging_mixin.py:188} INFO - [2025-04-05T16:54:35.857+0000] {dag.py:3036} INFO - Sync 1 DAGs
[2025-04-05T16:54:35.869+0000] {logging_mixin.py:188} INFO - [2025-04-05T16:54:35.869+0000] {dag.py:3823} INFO - Setting next_dagrun for example_sensor_decorator to None, run_after=None
[2025-04-05T16:54:35.890+0000] {processor.py:183} INFO - Processing /home/airflow/.local/lib/python3.8/site-packages/airflow/example_dags/example_sensor_decorator.py took 0.068 seconds
[2025-04-05T16:55:06.045+0000] {processor.py:161} INFO - Started process (PID=7228) to work on /home/airflow/.local/lib/python3.8/site-packages/airflow/example_dags/example_sensor_decorator.py
[2025-04-05T16:55:06.047+0000] {processor.py:830} INFO - Processing file /home/airflow/.local/lib/python3.8/site-packages/airflow/example_dags/example_sensor_decorator.py for tasks to queue
[2025-04-05T16:55:06.048+0000] {logging_mixin.py:188} INFO - [2025-04-05T16:55:06.047+0000] {dagbag.py:538} INFO - Filling up the DagBag from /home/airflow/.local/lib/python3.8/site-packages/airflow/example_dags/example_sensor_decorator.py
[2025-04-05T16:55:06.054+0000] {processor.py:840} INFO - DAG(s) 'example_sensor_decorator' retrieved from /home/airflow/.local/lib/python3.8/site-packages/airflow/example_dags/example_sensor_decorator.py
[2025-04-05T16:55:06.076+0000] {logging_mixin.py:188} INFO - [2025-04-05T16:55:06.075+0000] {dag.py:3036} INFO - Sync 1 DAGs
[2025-04-05T16:55:06.091+0000] {logging_mixin.py:188} INFO - [2025-04-05T16:55:06.091+0000] {dag.py:3823} INFO - Setting next_dagrun for example_sensor_decorator to None, run_after=None
[2025-04-05T16:55:06.120+0000] {processor.py:183} INFO - Processing /home/airflow/.local/lib/python3.8/site-packages/airflow/example_dags/example_sensor_decorator.py took 0.077 seconds
[2025-04-05T16:55:36.433+0000] {processor.py:161} INFO - Started process (PID=7485) to work on /home/airflow/.local/lib/python3.8/site-packages/airflow/example_dags/example_sensor_decorator.py
[2025-04-05T16:55:36.434+0000] {processor.py:830} INFO - Processing file /home/airflow/.local/lib/python3.8/site-packages/airflow/example_dags/example_sensor_decorator.py for tasks to queue
[2025-04-05T16:55:36.435+0000] {logging_mixin.py:188} INFO - [2025-04-05T16:55:36.435+0000] {dagbag.py:538} INFO - Filling up the DagBag from /home/airflow/.local/lib/python3.8/site-packages/airflow/example_dags/example_sensor_decorator.py
[2025-04-05T16:55:36.443+0000] {processor.py:840} INFO - DAG(s) 'example_sensor_decorator' retrieved from /home/airflow/.local/lib/python3.8/site-packages/airflow/example_dags/example_sensor_decorator.py
[2025-04-05T16:55:36.466+0000] {logging_mixin.py:188} INFO - [2025-04-05T16:55:36.465+0000] {dag.py:3036} INFO - Sync 1 DAGs
[2025-04-05T16:55:36.479+0000] {logging_mixin.py:188} INFO - [2025-04-05T16:55:36.478+0000] {dag.py:3823} INFO - Setting next_dagrun for example_sensor_decorator to None, run_after=None
[2025-04-05T16:55:36.499+0000] {processor.py:183} INFO - Processing /home/airflow/.local/lib/python3.8/site-packages/airflow/example_dags/example_sensor_decorator.py took 0.069 seconds
[2025-04-05T16:56:06.747+0000] {processor.py:161} INFO - Started process (PID=7737) to work on /home/airflow/.local/lib/python3.8/site-packages/airflow/example_dags/example_sensor_decorator.py
[2025-04-05T16:56:06.749+0000] {processor.py:830} INFO - Processing file /home/airflow/.local/lib/python3.8/site-packages/airflow/example_dags/example_sensor_decorator.py for tasks to queue
[2025-04-05T16:56:06.750+0000] {logging_mixin.py:188} INFO - [2025-04-05T16:56:06.749+0000] {dagbag.py:538} INFO - Filling up the DagBag from /home/airflow/.local/lib/python3.8/site-packages/airflow/example_dags/example_sensor_decorator.py
[2025-04-05T16:56:06.758+0000] {processor.py:840} INFO - DAG(s) 'example_sensor_decorator' retrieved from /home/airflow/.local/lib/python3.8/site-packages/airflow/example_dags/example_sensor_decorator.py
[2025-04-05T16:56:06.782+0000] {logging_mixin.py:188} INFO - [2025-04-05T16:56:06.782+0000] {dag.py:3036} INFO - Sync 1 DAGs
[2025-04-05T16:56:06.799+0000] {logging_mixin.py:188} INFO - [2025-04-05T16:56:06.799+0000] {dag.py:3823} INFO - Setting next_dagrun for example_sensor_decorator to None, run_after=None
[2025-04-05T16:56:06.825+0000] {processor.py:183} INFO - Processing /home/airflow/.local/lib/python3.8/site-packages/airflow/example_dags/example_sensor_decorator.py took 0.081 seconds
[2025-04-05T16:56:37.003+0000] {processor.py:161} INFO - Started process (PID=7989) to work on /home/airflow/.local/lib/python3.8/site-packages/airflow/example_dags/example_sensor_decorator.py
[2025-04-05T16:56:37.005+0000] {processor.py:830} INFO - Processing file /home/airflow/.local/lib/python3.8/site-packages/airflow/example_dags/example_sensor_decorator.py for tasks to queue
[2025-04-05T16:56:37.006+0000] {logging_mixin.py:188} INFO - [2025-04-05T16:56:37.005+0000] {dagbag.py:538} INFO - Filling up the DagBag from /home/airflow/.local/lib/python3.8/site-packages/airflow/example_dags/example_sensor_decorator.py
[2025-04-05T16:56:37.013+0000] {processor.py:840} INFO - DAG(s) 'example_sensor_decorator' retrieved from /home/airflow/.local/lib/python3.8/site-packages/airflow/example_dags/example_sensor_decorator.py
[2025-04-05T16:56:37.036+0000] {logging_mixin.py:188} INFO - [2025-04-05T16:56:37.036+0000] {dag.py:3036} INFO - Sync 1 DAGs
[2025-04-05T16:56:37.050+0000] {logging_mixin.py:188} INFO - [2025-04-05T16:56:37.050+0000] {dag.py:3823} INFO - Setting next_dagrun for example_sensor_decorator to None, run_after=None
[2025-04-05T16:56:37.071+0000] {processor.py:183} INFO - Processing /home/airflow/.local/lib/python3.8/site-packages/airflow/example_dags/example_sensor_decorator.py took 0.073 seconds
