[2025-04-05T14:18:15.815+0000] {processor.py:161} INFO - Started process (PID=318) to work on /home/airflow/.local/lib/python3.8/site-packages/airflow/example_dags/tutorial_dag.py
[2025-04-05T14:18:15.816+0000] {processor.py:830} INFO - Processing file /home/airflow/.local/lib/python3.8/site-packages/airflow/example_dags/tutorial_dag.py for tasks to queue
[2025-04-05T14:18:15.818+0000] {logging_mixin.py:188} INFO - [2025-04-05T14:18:15.817+0000] {dagbag.py:538} INFO - Filling up the DagBag from /home/airflow/.local/lib/python3.8/site-packages/airflow/example_dags/tutorial_dag.py
[2025-04-05T14:18:15.826+0000] {processor.py:840} INFO - DAG(s) 'tutorial_dag' retrieved from /home/airflow/.local/lib/python3.8/site-packages/airflow/example_dags/tutorial_dag.py
[2025-04-05T14:18:15.844+0000] {logging_mixin.py:188} INFO - [2025-04-05T14:18:15.843+0000] {dag.py:3036} INFO - Sync 1 DAGs
[2025-04-05T14:18:15.863+0000] {logging_mixin.py:188} INFO - [2025-04-05T14:18:15.863+0000] {dag.py:3823} INFO - Setting next_dagrun for tutorial_dag to None, run_after=None
[2025-04-05T14:18:15.888+0000] {processor.py:183} INFO - Processing /home/airflow/.local/lib/python3.8/site-packages/airflow/example_dags/tutorial_dag.py took 0.077 seconds
[2025-04-05T14:18:47.101+0000] {processor.py:161} INFO - Started process (PID=571) to work on /home/airflow/.local/lib/python3.8/site-packages/airflow/example_dags/tutorial_dag.py
[2025-04-05T14:18:47.102+0000] {processor.py:830} INFO - Processing file /home/airflow/.local/lib/python3.8/site-packages/airflow/example_dags/tutorial_dag.py for tasks to queue
[2025-04-05T14:18:47.104+0000] {logging_mixin.py:188} INFO - [2025-04-05T14:18:47.103+0000] {dagbag.py:538} INFO - Filling up the DagBag from /home/airflow/.local/lib/python3.8/site-packages/airflow/example_dags/tutorial_dag.py
[2025-04-05T14:18:47.110+0000] {processor.py:840} INFO - DAG(s) 'tutorial_dag' retrieved from /home/airflow/.local/lib/python3.8/site-packages/airflow/example_dags/tutorial_dag.py
[2025-04-05T14:18:47.249+0000] {logging_mixin.py:188} INFO - [2025-04-05T14:18:47.249+0000] {dag.py:3036} INFO - Sync 1 DAGs
[2025-04-05T14:18:47.267+0000] {logging_mixin.py:188} INFO - [2025-04-05T14:18:47.267+0000] {dag.py:3823} INFO - Setting next_dagrun for tutorial_dag to None, run_after=None
[2025-04-05T14:18:47.404+0000] {processor.py:183} INFO - Processing /home/airflow/.local/lib/python3.8/site-packages/airflow/example_dags/tutorial_dag.py took 0.307 seconds
[2025-04-05T14:19:18.065+0000] {processor.py:161} INFO - Started process (PID=818) to work on /home/airflow/.local/lib/python3.8/site-packages/airflow/example_dags/tutorial_dag.py
[2025-04-05T14:19:18.067+0000] {processor.py:830} INFO - Processing file /home/airflow/.local/lib/python3.8/site-packages/airflow/example_dags/tutorial_dag.py for tasks to queue
[2025-04-05T14:19:18.067+0000] {logging_mixin.py:188} INFO - [2025-04-05T14:19:18.067+0000] {dagbag.py:538} INFO - Filling up the DagBag from /home/airflow/.local/lib/python3.8/site-packages/airflow/example_dags/tutorial_dag.py
[2025-04-05T14:19:18.072+0000] {processor.py:840} INFO - DAG(s) 'tutorial_dag' retrieved from /home/airflow/.local/lib/python3.8/site-packages/airflow/example_dags/tutorial_dag.py
[2025-04-05T14:19:18.094+0000] {logging_mixin.py:188} INFO - [2025-04-05T14:19:18.093+0000] {dag.py:3036} INFO - Sync 1 DAGs
[2025-04-05T14:19:18.105+0000] {logging_mixin.py:188} INFO - [2025-04-05T14:19:18.105+0000] {dag.py:3823} INFO - Setting next_dagrun for tutorial_dag to None, run_after=None
[2025-04-05T14:19:18.126+0000] {processor.py:183} INFO - Processing /home/airflow/.local/lib/python3.8/site-packages/airflow/example_dags/tutorial_dag.py took 0.063 seconds
[2025-04-05T14:19:48.260+0000] {processor.py:161} INFO - Started process (PID=1065) to work on /home/airflow/.local/lib/python3.8/site-packages/airflow/example_dags/tutorial_dag.py
[2025-04-05T14:19:48.261+0000] {processor.py:830} INFO - Processing file /home/airflow/.local/lib/python3.8/site-packages/airflow/example_dags/tutorial_dag.py for tasks to queue
[2025-04-05T14:19:48.262+0000] {logging_mixin.py:188} INFO - [2025-04-05T14:19:48.261+0000] {dagbag.py:538} INFO - Filling up the DagBag from /home/airflow/.local/lib/python3.8/site-packages/airflow/example_dags/tutorial_dag.py
[2025-04-05T14:19:48.266+0000] {processor.py:840} INFO - DAG(s) 'tutorial_dag' retrieved from /home/airflow/.local/lib/python3.8/site-packages/airflow/example_dags/tutorial_dag.py
[2025-04-05T14:19:48.286+0000] {logging_mixin.py:188} INFO - [2025-04-05T14:19:48.286+0000] {dag.py:3036} INFO - Sync 1 DAGs
[2025-04-05T14:19:48.298+0000] {logging_mixin.py:188} INFO - [2025-04-05T14:19:48.298+0000] {dag.py:3823} INFO - Setting next_dagrun for tutorial_dag to None, run_after=None
[2025-04-05T14:19:48.319+0000] {processor.py:183} INFO - Processing /home/airflow/.local/lib/python3.8/site-packages/airflow/example_dags/tutorial_dag.py took 0.062 seconds
[2025-04-05T14:20:18.959+0000] {processor.py:161} INFO - Started process (PID=1314) to work on /home/airflow/.local/lib/python3.8/site-packages/airflow/example_dags/tutorial_dag.py
[2025-04-05T14:20:18.960+0000] {processor.py:830} INFO - Processing file /home/airflow/.local/lib/python3.8/site-packages/airflow/example_dags/tutorial_dag.py for tasks to queue
[2025-04-05T14:20:18.961+0000] {logging_mixin.py:188} INFO - [2025-04-05T14:20:18.961+0000] {dagbag.py:538} INFO - Filling up the DagBag from /home/airflow/.local/lib/python3.8/site-packages/airflow/example_dags/tutorial_dag.py
[2025-04-05T14:20:18.965+0000] {processor.py:840} INFO - DAG(s) 'tutorial_dag' retrieved from /home/airflow/.local/lib/python3.8/site-packages/airflow/example_dags/tutorial_dag.py
[2025-04-05T14:20:18.984+0000] {logging_mixin.py:188} INFO - [2025-04-05T14:20:18.984+0000] {dag.py:3036} INFO - Sync 1 DAGs
[2025-04-05T14:20:18.997+0000] {logging_mixin.py:188} INFO - [2025-04-05T14:20:18.997+0000] {dag.py:3823} INFO - Setting next_dagrun for tutorial_dag to None, run_after=None
[2025-04-05T14:20:19.021+0000] {processor.py:183} INFO - Processing /home/airflow/.local/lib/python3.8/site-packages/airflow/example_dags/tutorial_dag.py took 0.065 seconds
[2025-04-05T14:20:49.835+0000] {processor.py:161} INFO - Started process (PID=1559) to work on /home/airflow/.local/lib/python3.8/site-packages/airflow/example_dags/tutorial_dag.py
[2025-04-05T14:20:49.837+0000] {processor.py:830} INFO - Processing file /home/airflow/.local/lib/python3.8/site-packages/airflow/example_dags/tutorial_dag.py for tasks to queue
[2025-04-05T14:20:49.839+0000] {logging_mixin.py:188} INFO - [2025-04-05T14:20:49.838+0000] {dagbag.py:538} INFO - Filling up the DagBag from /home/airflow/.local/lib/python3.8/site-packages/airflow/example_dags/tutorial_dag.py
[2025-04-05T14:20:49.848+0000] {processor.py:840} INFO - DAG(s) 'tutorial_dag' retrieved from /home/airflow/.local/lib/python3.8/site-packages/airflow/example_dags/tutorial_dag.py
[2025-04-05T14:20:49.879+0000] {logging_mixin.py:188} INFO - [2025-04-05T14:20:49.879+0000] {dag.py:3036} INFO - Sync 1 DAGs
[2025-04-05T14:20:49.896+0000] {logging_mixin.py:188} INFO - [2025-04-05T14:20:49.896+0000] {dag.py:3823} INFO - Setting next_dagrun for tutorial_dag to None, run_after=None
[2025-04-05T14:20:49.921+0000] {processor.py:183} INFO - Processing /home/airflow/.local/lib/python3.8/site-packages/airflow/example_dags/tutorial_dag.py took 0.092 seconds
[2025-04-05T14:21:20.028+0000] {processor.py:161} INFO - Started process (PID=1806) to work on /home/airflow/.local/lib/python3.8/site-packages/airflow/example_dags/tutorial_dag.py
[2025-04-05T14:21:20.029+0000] {processor.py:830} INFO - Processing file /home/airflow/.local/lib/python3.8/site-packages/airflow/example_dags/tutorial_dag.py for tasks to queue
[2025-04-05T14:21:20.031+0000] {logging_mixin.py:188} INFO - [2025-04-05T14:21:20.031+0000] {dagbag.py:538} INFO - Filling up the DagBag from /home/airflow/.local/lib/python3.8/site-packages/airflow/example_dags/tutorial_dag.py
[2025-04-05T14:21:20.037+0000] {processor.py:840} INFO - DAG(s) 'tutorial_dag' retrieved from /home/airflow/.local/lib/python3.8/site-packages/airflow/example_dags/tutorial_dag.py
[2025-04-05T14:21:20.061+0000] {logging_mixin.py:188} INFO - [2025-04-05T14:21:20.061+0000] {dag.py:3036} INFO - Sync 1 DAGs
[2025-04-05T14:21:20.074+0000] {logging_mixin.py:188} INFO - [2025-04-05T14:21:20.074+0000] {dag.py:3823} INFO - Setting next_dagrun for tutorial_dag to None, run_after=None
[2025-04-05T14:21:20.096+0000] {processor.py:183} INFO - Processing /home/airflow/.local/lib/python3.8/site-packages/airflow/example_dags/tutorial_dag.py took 0.073 seconds
[2025-04-05T14:21:50.466+0000] {processor.py:161} INFO - Started process (PID=2054) to work on /home/airflow/.local/lib/python3.8/site-packages/airflow/example_dags/tutorial_dag.py
[2025-04-05T14:21:50.468+0000] {processor.py:830} INFO - Processing file /home/airflow/.local/lib/python3.8/site-packages/airflow/example_dags/tutorial_dag.py for tasks to queue
[2025-04-05T14:21:50.469+0000] {logging_mixin.py:188} INFO - [2025-04-05T14:21:50.469+0000] {dagbag.py:538} INFO - Filling up the DagBag from /home/airflow/.local/lib/python3.8/site-packages/airflow/example_dags/tutorial_dag.py
[2025-04-05T14:21:50.475+0000] {processor.py:840} INFO - DAG(s) 'tutorial_dag' retrieved from /home/airflow/.local/lib/python3.8/site-packages/airflow/example_dags/tutorial_dag.py
[2025-04-05T14:21:50.509+0000] {logging_mixin.py:188} INFO - [2025-04-05T14:21:50.509+0000] {dag.py:3036} INFO - Sync 1 DAGs
[2025-04-05T14:21:50.530+0000] {logging_mixin.py:188} INFO - [2025-04-05T14:21:50.530+0000] {dag.py:3823} INFO - Setting next_dagrun for tutorial_dag to None, run_after=None
[2025-04-05T14:21:50.565+0000] {processor.py:183} INFO - Processing /home/airflow/.local/lib/python3.8/site-packages/airflow/example_dags/tutorial_dag.py took 0.103 seconds
[2025-04-05T14:22:21.683+0000] {processor.py:161} INFO - Started process (PID=2303) to work on /home/airflow/.local/lib/python3.8/site-packages/airflow/example_dags/tutorial_dag.py
[2025-04-05T14:22:21.684+0000] {processor.py:830} INFO - Processing file /home/airflow/.local/lib/python3.8/site-packages/airflow/example_dags/tutorial_dag.py for tasks to queue
[2025-04-05T14:22:21.686+0000] {logging_mixin.py:188} INFO - [2025-04-05T14:22:21.685+0000] {dagbag.py:538} INFO - Filling up the DagBag from /home/airflow/.local/lib/python3.8/site-packages/airflow/example_dags/tutorial_dag.py
[2025-04-05T14:22:21.693+0000] {processor.py:840} INFO - DAG(s) 'tutorial_dag' retrieved from /home/airflow/.local/lib/python3.8/site-packages/airflow/example_dags/tutorial_dag.py
[2025-04-05T14:22:21.715+0000] {logging_mixin.py:188} INFO - [2025-04-05T14:22:21.715+0000] {dag.py:3036} INFO - Sync 1 DAGs
[2025-04-05T14:22:21.728+0000] {logging_mixin.py:188} INFO - [2025-04-05T14:22:21.728+0000] {dag.py:3823} INFO - Setting next_dagrun for tutorial_dag to None, run_after=None
[2025-04-05T14:22:21.753+0000] {processor.py:183} INFO - Processing /home/airflow/.local/lib/python3.8/site-packages/airflow/example_dags/tutorial_dag.py took 0.074 seconds
[2025-04-05T14:22:52.021+0000] {processor.py:161} INFO - Started process (PID=2548) to work on /home/airflow/.local/lib/python3.8/site-packages/airflow/example_dags/tutorial_dag.py
[2025-04-05T14:22:52.022+0000] {processor.py:830} INFO - Processing file /home/airflow/.local/lib/python3.8/site-packages/airflow/example_dags/tutorial_dag.py for tasks to queue
[2025-04-05T14:22:52.023+0000] {logging_mixin.py:188} INFO - [2025-04-05T14:22:52.023+0000] {dagbag.py:538} INFO - Filling up the DagBag from /home/airflow/.local/lib/python3.8/site-packages/airflow/example_dags/tutorial_dag.py
[2025-04-05T14:22:52.028+0000] {processor.py:840} INFO - DAG(s) 'tutorial_dag' retrieved from /home/airflow/.local/lib/python3.8/site-packages/airflow/example_dags/tutorial_dag.py
[2025-04-05T14:22:52.051+0000] {logging_mixin.py:188} INFO - [2025-04-05T14:22:52.051+0000] {dag.py:3036} INFO - Sync 1 DAGs
[2025-04-05T14:22:52.065+0000] {logging_mixin.py:188} INFO - [2025-04-05T14:22:52.065+0000] {dag.py:3823} INFO - Setting next_dagrun for tutorial_dag to None, run_after=None
[2025-04-05T14:22:52.089+0000] {processor.py:183} INFO - Processing /home/airflow/.local/lib/python3.8/site-packages/airflow/example_dags/tutorial_dag.py took 0.072 seconds
[2025-04-05T14:23:22.134+0000] {processor.py:161} INFO - Started process (PID=2792) to work on /home/airflow/.local/lib/python3.8/site-packages/airflow/example_dags/tutorial_dag.py
[2025-04-05T14:23:22.135+0000] {processor.py:830} INFO - Processing file /home/airflow/.local/lib/python3.8/site-packages/airflow/example_dags/tutorial_dag.py for tasks to queue
[2025-04-05T14:23:22.137+0000] {logging_mixin.py:188} INFO - [2025-04-05T14:23:22.136+0000] {dagbag.py:538} INFO - Filling up the DagBag from /home/airflow/.local/lib/python3.8/site-packages/airflow/example_dags/tutorial_dag.py
[2025-04-05T14:23:22.142+0000] {processor.py:840} INFO - DAG(s) 'tutorial_dag' retrieved from /home/airflow/.local/lib/python3.8/site-packages/airflow/example_dags/tutorial_dag.py
[2025-04-05T14:23:22.170+0000] {logging_mixin.py:188} INFO - [2025-04-05T14:23:22.169+0000] {dag.py:3036} INFO - Sync 1 DAGs
[2025-04-05T14:23:22.202+0000] {logging_mixin.py:188} INFO - [2025-04-05T14:23:22.202+0000] {dag.py:3823} INFO - Setting next_dagrun for tutorial_dag to None, run_after=None
[2025-04-05T14:23:22.228+0000] {processor.py:183} INFO - Processing /home/airflow/.local/lib/python3.8/site-packages/airflow/example_dags/tutorial_dag.py took 0.097 seconds
[2025-04-05T14:23:52.487+0000] {processor.py:161} INFO - Started process (PID=3042) to work on /home/airflow/.local/lib/python3.8/site-packages/airflow/example_dags/tutorial_dag.py
[2025-04-05T14:23:52.488+0000] {processor.py:830} INFO - Processing file /home/airflow/.local/lib/python3.8/site-packages/airflow/example_dags/tutorial_dag.py for tasks to queue
[2025-04-05T14:23:52.489+0000] {logging_mixin.py:188} INFO - [2025-04-05T14:23:52.489+0000] {dagbag.py:538} INFO - Filling up the DagBag from /home/airflow/.local/lib/python3.8/site-packages/airflow/example_dags/tutorial_dag.py
[2025-04-05T14:23:52.494+0000] {processor.py:840} INFO - DAG(s) 'tutorial_dag' retrieved from /home/airflow/.local/lib/python3.8/site-packages/airflow/example_dags/tutorial_dag.py
[2025-04-05T14:23:52.514+0000] {logging_mixin.py:188} INFO - [2025-04-05T14:23:52.514+0000] {dag.py:3036} INFO - Sync 1 DAGs
[2025-04-05T14:23:52.525+0000] {logging_mixin.py:188} INFO - [2025-04-05T14:23:52.525+0000] {dag.py:3823} INFO - Setting next_dagrun for tutorial_dag to None, run_after=None
[2025-04-05T14:23:52.546+0000] {processor.py:183} INFO - Processing /home/airflow/.local/lib/python3.8/site-packages/airflow/example_dags/tutorial_dag.py took 0.062 seconds
[2025-04-05T14:24:23.520+0000] {processor.py:161} INFO - Started process (PID=3291) to work on /home/airflow/.local/lib/python3.8/site-packages/airflow/example_dags/tutorial_dag.py
[2025-04-05T14:24:23.522+0000] {processor.py:830} INFO - Processing file /home/airflow/.local/lib/python3.8/site-packages/airflow/example_dags/tutorial_dag.py for tasks to queue
[2025-04-05T14:24:23.523+0000] {logging_mixin.py:188} INFO - [2025-04-05T14:24:23.522+0000] {dagbag.py:538} INFO - Filling up the DagBag from /home/airflow/.local/lib/python3.8/site-packages/airflow/example_dags/tutorial_dag.py
[2025-04-05T14:24:23.528+0000] {processor.py:840} INFO - DAG(s) 'tutorial_dag' retrieved from /home/airflow/.local/lib/python3.8/site-packages/airflow/example_dags/tutorial_dag.py
[2025-04-05T14:24:23.547+0000] {logging_mixin.py:188} INFO - [2025-04-05T14:24:23.547+0000] {dag.py:3036} INFO - Sync 1 DAGs
[2025-04-05T14:24:23.558+0000] {logging_mixin.py:188} INFO - [2025-04-05T14:24:23.558+0000] {dag.py:3823} INFO - Setting next_dagrun for tutorial_dag to None, run_after=None
[2025-04-05T14:24:23.578+0000] {processor.py:183} INFO - Processing /home/airflow/.local/lib/python3.8/site-packages/airflow/example_dags/tutorial_dag.py took 0.060 seconds
[2025-04-05T14:24:53.770+0000] {processor.py:161} INFO - Started process (PID=3536) to work on /home/airflow/.local/lib/python3.8/site-packages/airflow/example_dags/tutorial_dag.py
[2025-04-05T14:24:53.773+0000] {processor.py:830} INFO - Processing file /home/airflow/.local/lib/python3.8/site-packages/airflow/example_dags/tutorial_dag.py for tasks to queue
[2025-04-05T14:24:53.774+0000] {logging_mixin.py:188} INFO - [2025-04-05T14:24:53.774+0000] {dagbag.py:538} INFO - Filling up the DagBag from /home/airflow/.local/lib/python3.8/site-packages/airflow/example_dags/tutorial_dag.py
[2025-04-05T14:24:53.779+0000] {processor.py:840} INFO - DAG(s) 'tutorial_dag' retrieved from /home/airflow/.local/lib/python3.8/site-packages/airflow/example_dags/tutorial_dag.py
[2025-04-05T14:24:53.802+0000] {logging_mixin.py:188} INFO - [2025-04-05T14:24:53.802+0000] {dag.py:3036} INFO - Sync 1 DAGs
[2025-04-05T14:24:53.815+0000] {logging_mixin.py:188} INFO - [2025-04-05T14:24:53.815+0000] {dag.py:3823} INFO - Setting next_dagrun for tutorial_dag to None, run_after=None
[2025-04-05T14:24:53.837+0000] {processor.py:183} INFO - Processing /home/airflow/.local/lib/python3.8/site-packages/airflow/example_dags/tutorial_dag.py took 0.070 seconds
[2025-04-05T14:25:24.132+0000] {processor.py:161} INFO - Started process (PID=3785) to work on /home/airflow/.local/lib/python3.8/site-packages/airflow/example_dags/tutorial_dag.py
[2025-04-05T14:25:24.133+0000] {processor.py:830} INFO - Processing file /home/airflow/.local/lib/python3.8/site-packages/airflow/example_dags/tutorial_dag.py for tasks to queue
[2025-04-05T14:25:24.134+0000] {logging_mixin.py:188} INFO - [2025-04-05T14:25:24.133+0000] {dagbag.py:538} INFO - Filling up the DagBag from /home/airflow/.local/lib/python3.8/site-packages/airflow/example_dags/tutorial_dag.py
[2025-04-05T14:25:24.138+0000] {processor.py:840} INFO - DAG(s) 'tutorial_dag' retrieved from /home/airflow/.local/lib/python3.8/site-packages/airflow/example_dags/tutorial_dag.py
[2025-04-05T14:25:24.158+0000] {logging_mixin.py:188} INFO - [2025-04-05T14:25:24.158+0000] {dag.py:3036} INFO - Sync 1 DAGs
[2025-04-05T14:25:24.169+0000] {logging_mixin.py:188} INFO - [2025-04-05T14:25:24.169+0000] {dag.py:3823} INFO - Setting next_dagrun for tutorial_dag to None, run_after=None
[2025-04-05T14:25:24.189+0000] {processor.py:183} INFO - Processing /home/airflow/.local/lib/python3.8/site-packages/airflow/example_dags/tutorial_dag.py took 0.061 seconds
[2025-04-05T14:25:54.301+0000] {processor.py:161} INFO - Started process (PID=4030) to work on /home/airflow/.local/lib/python3.8/site-packages/airflow/example_dags/tutorial_dag.py
[2025-04-05T14:25:54.302+0000] {processor.py:830} INFO - Processing file /home/airflow/.local/lib/python3.8/site-packages/airflow/example_dags/tutorial_dag.py for tasks to queue
[2025-04-05T14:25:54.303+0000] {logging_mixin.py:188} INFO - [2025-04-05T14:25:54.303+0000] {dagbag.py:538} INFO - Filling up the DagBag from /home/airflow/.local/lib/python3.8/site-packages/airflow/example_dags/tutorial_dag.py
[2025-04-05T14:25:54.308+0000] {processor.py:840} INFO - DAG(s) 'tutorial_dag' retrieved from /home/airflow/.local/lib/python3.8/site-packages/airflow/example_dags/tutorial_dag.py
[2025-04-05T14:25:54.327+0000] {logging_mixin.py:188} INFO - [2025-04-05T14:25:54.327+0000] {dag.py:3036} INFO - Sync 1 DAGs
[2025-04-05T14:25:54.338+0000] {logging_mixin.py:188} INFO - [2025-04-05T14:25:54.338+0000] {dag.py:3823} INFO - Setting next_dagrun for tutorial_dag to None, run_after=None
[2025-04-05T14:25:54.359+0000] {processor.py:183} INFO - Processing /home/airflow/.local/lib/python3.8/site-packages/airflow/example_dags/tutorial_dag.py took 0.061 seconds
[2025-04-05T14:26:25.107+0000] {processor.py:161} INFO - Started process (PID=4279) to work on /home/airflow/.local/lib/python3.8/site-packages/airflow/example_dags/tutorial_dag.py
[2025-04-05T14:26:25.108+0000] {processor.py:830} INFO - Processing file /home/airflow/.local/lib/python3.8/site-packages/airflow/example_dags/tutorial_dag.py for tasks to queue
[2025-04-05T14:26:25.109+0000] {logging_mixin.py:188} INFO - [2025-04-05T14:26:25.109+0000] {dagbag.py:538} INFO - Filling up the DagBag from /home/airflow/.local/lib/python3.8/site-packages/airflow/example_dags/tutorial_dag.py
[2025-04-05T14:26:25.114+0000] {processor.py:840} INFO - DAG(s) 'tutorial_dag' retrieved from /home/airflow/.local/lib/python3.8/site-packages/airflow/example_dags/tutorial_dag.py
[2025-04-05T14:26:25.135+0000] {logging_mixin.py:188} INFO - [2025-04-05T14:26:25.134+0000] {dag.py:3036} INFO - Sync 1 DAGs
[2025-04-05T14:26:25.148+0000] {logging_mixin.py:188} INFO - [2025-04-05T14:26:25.148+0000] {dag.py:3823} INFO - Setting next_dagrun for tutorial_dag to None, run_after=None
[2025-04-05T14:26:25.170+0000] {processor.py:183} INFO - Processing /home/airflow/.local/lib/python3.8/site-packages/airflow/example_dags/tutorial_dag.py took 0.066 seconds
[2025-04-05T14:26:55.430+0000] {processor.py:161} INFO - Started process (PID=4526) to work on /home/airflow/.local/lib/python3.8/site-packages/airflow/example_dags/tutorial_dag.py
[2025-04-05T14:26:55.431+0000] {processor.py:830} INFO - Processing file /home/airflow/.local/lib/python3.8/site-packages/airflow/example_dags/tutorial_dag.py for tasks to queue
[2025-04-05T14:26:55.432+0000] {logging_mixin.py:188} INFO - [2025-04-05T14:26:55.432+0000] {dagbag.py:538} INFO - Filling up the DagBag from /home/airflow/.local/lib/python3.8/site-packages/airflow/example_dags/tutorial_dag.py
[2025-04-05T14:26:55.437+0000] {processor.py:840} INFO - DAG(s) 'tutorial_dag' retrieved from /home/airflow/.local/lib/python3.8/site-packages/airflow/example_dags/tutorial_dag.py
[2025-04-05T14:26:55.458+0000] {logging_mixin.py:188} INFO - [2025-04-05T14:26:55.457+0000] {dag.py:3036} INFO - Sync 1 DAGs
[2025-04-05T14:26:55.468+0000] {logging_mixin.py:188} INFO - [2025-04-05T14:26:55.468+0000] {dag.py:3823} INFO - Setting next_dagrun for tutorial_dag to None, run_after=None
[2025-04-05T14:26:55.491+0000] {processor.py:183} INFO - Processing /home/airflow/.local/lib/python3.8/site-packages/airflow/example_dags/tutorial_dag.py took 0.064 seconds
[2025-04-05T14:28:36.106+0000] {processor.py:161} INFO - Started process (PID=318) to work on /home/airflow/.local/lib/python3.8/site-packages/airflow/example_dags/tutorial_dag.py
[2025-04-05T14:28:36.108+0000] {processor.py:830} INFO - Processing file /home/airflow/.local/lib/python3.8/site-packages/airflow/example_dags/tutorial_dag.py for tasks to queue
[2025-04-05T14:28:36.109+0000] {logging_mixin.py:188} INFO - [2025-04-05T14:28:36.109+0000] {dagbag.py:538} INFO - Filling up the DagBag from /home/airflow/.local/lib/python3.8/site-packages/airflow/example_dags/tutorial_dag.py
[2025-04-05T14:28:36.115+0000] {processor.py:840} INFO - DAG(s) 'tutorial_dag' retrieved from /home/airflow/.local/lib/python3.8/site-packages/airflow/example_dags/tutorial_dag.py
[2025-04-05T14:28:36.131+0000] {logging_mixin.py:188} INFO - [2025-04-05T14:28:36.131+0000] {dag.py:3036} INFO - Sync 1 DAGs
[2025-04-05T14:28:36.155+0000] {logging_mixin.py:188} INFO - [2025-04-05T14:28:36.154+0000] {dag.py:3823} INFO - Setting next_dagrun for tutorial_dag to None, run_after=None
[2025-04-05T14:28:36.177+0000] {processor.py:183} INFO - Processing /home/airflow/.local/lib/python3.8/site-packages/airflow/example_dags/tutorial_dag.py took 0.075 seconds
[2025-04-05T14:29:07.713+0000] {processor.py:161} INFO - Started process (PID=565) to work on /home/airflow/.local/lib/python3.8/site-packages/airflow/example_dags/tutorial_dag.py
[2025-04-05T14:29:07.714+0000] {processor.py:830} INFO - Processing file /home/airflow/.local/lib/python3.8/site-packages/airflow/example_dags/tutorial_dag.py for tasks to queue
[2025-04-05T14:29:07.715+0000] {logging_mixin.py:188} INFO - [2025-04-05T14:29:07.715+0000] {dagbag.py:538} INFO - Filling up the DagBag from /home/airflow/.local/lib/python3.8/site-packages/airflow/example_dags/tutorial_dag.py
[2025-04-05T14:29:07.719+0000] {processor.py:840} INFO - DAG(s) 'tutorial_dag' retrieved from /home/airflow/.local/lib/python3.8/site-packages/airflow/example_dags/tutorial_dag.py
[2025-04-05T14:29:07.805+0000] {logging_mixin.py:188} INFO - [2025-04-05T14:29:07.805+0000] {dag.py:3036} INFO - Sync 1 DAGs
[2025-04-05T14:29:07.815+0000] {logging_mixin.py:188} INFO - [2025-04-05T14:29:07.815+0000] {dag.py:3823} INFO - Setting next_dagrun for tutorial_dag to None, run_after=None
[2025-04-05T14:29:07.836+0000] {processor.py:183} INFO - Processing /home/airflow/.local/lib/python3.8/site-packages/airflow/example_dags/tutorial_dag.py took 0.126 seconds
[2025-04-05T14:29:38.664+0000] {processor.py:161} INFO - Started process (PID=812) to work on /home/airflow/.local/lib/python3.8/site-packages/airflow/example_dags/tutorial_dag.py
[2025-04-05T14:29:38.665+0000] {processor.py:830} INFO - Processing file /home/airflow/.local/lib/python3.8/site-packages/airflow/example_dags/tutorial_dag.py for tasks to queue
[2025-04-05T14:29:38.666+0000] {logging_mixin.py:188} INFO - [2025-04-05T14:29:38.666+0000] {dagbag.py:538} INFO - Filling up the DagBag from /home/airflow/.local/lib/python3.8/site-packages/airflow/example_dags/tutorial_dag.py
[2025-04-05T14:29:38.671+0000] {processor.py:840} INFO - DAG(s) 'tutorial_dag' retrieved from /home/airflow/.local/lib/python3.8/site-packages/airflow/example_dags/tutorial_dag.py
[2025-04-05T14:29:38.690+0000] {logging_mixin.py:188} INFO - [2025-04-05T14:29:38.690+0000] {dag.py:3036} INFO - Sync 1 DAGs
[2025-04-05T14:29:38.701+0000] {logging_mixin.py:188} INFO - [2025-04-05T14:29:38.700+0000] {dag.py:3823} INFO - Setting next_dagrun for tutorial_dag to None, run_after=None
[2025-04-05T14:29:38.721+0000] {processor.py:183} INFO - Processing /home/airflow/.local/lib/python3.8/site-packages/airflow/example_dags/tutorial_dag.py took 0.060 seconds
[2025-04-05T14:30:09.130+0000] {processor.py:161} INFO - Started process (PID=1061) to work on /home/airflow/.local/lib/python3.8/site-packages/airflow/example_dags/tutorial_dag.py
[2025-04-05T14:30:09.131+0000] {processor.py:830} INFO - Processing file /home/airflow/.local/lib/python3.8/site-packages/airflow/example_dags/tutorial_dag.py for tasks to queue
[2025-04-05T14:30:09.132+0000] {logging_mixin.py:188} INFO - [2025-04-05T14:30:09.131+0000] {dagbag.py:538} INFO - Filling up the DagBag from /home/airflow/.local/lib/python3.8/site-packages/airflow/example_dags/tutorial_dag.py
[2025-04-05T14:30:09.136+0000] {processor.py:840} INFO - DAG(s) 'tutorial_dag' retrieved from /home/airflow/.local/lib/python3.8/site-packages/airflow/example_dags/tutorial_dag.py
[2025-04-05T14:30:09.156+0000] {logging_mixin.py:188} INFO - [2025-04-05T14:30:09.156+0000] {dag.py:3036} INFO - Sync 1 DAGs
[2025-04-05T14:30:09.170+0000] {logging_mixin.py:188} INFO - [2025-04-05T14:30:09.170+0000] {dag.py:3823} INFO - Setting next_dagrun for tutorial_dag to None, run_after=None
[2025-04-05T14:30:09.192+0000] {processor.py:183} INFO - Processing /home/airflow/.local/lib/python3.8/site-packages/airflow/example_dags/tutorial_dag.py took 0.065 seconds
[2025-04-05T14:30:39.975+0000] {processor.py:161} INFO - Started process (PID=1306) to work on /home/airflow/.local/lib/python3.8/site-packages/airflow/example_dags/tutorial_dag.py
[2025-04-05T14:30:39.976+0000] {processor.py:830} INFO - Processing file /home/airflow/.local/lib/python3.8/site-packages/airflow/example_dags/tutorial_dag.py for tasks to queue
[2025-04-05T14:30:39.977+0000] {logging_mixin.py:188} INFO - [2025-04-05T14:30:39.977+0000] {dagbag.py:538} INFO - Filling up the DagBag from /home/airflow/.local/lib/python3.8/site-packages/airflow/example_dags/tutorial_dag.py
[2025-04-05T14:30:39.982+0000] {processor.py:840} INFO - DAG(s) 'tutorial_dag' retrieved from /home/airflow/.local/lib/python3.8/site-packages/airflow/example_dags/tutorial_dag.py
[2025-04-05T14:30:40.001+0000] {logging_mixin.py:188} INFO - [2025-04-05T14:30:40.001+0000] {dag.py:3036} INFO - Sync 1 DAGs
[2025-04-05T14:30:40.012+0000] {logging_mixin.py:188} INFO - [2025-04-05T14:30:40.011+0000] {dag.py:3823} INFO - Setting next_dagrun for tutorial_dag to None, run_after=None
[2025-04-05T14:30:40.031+0000] {processor.py:183} INFO - Processing /home/airflow/.local/lib/python3.8/site-packages/airflow/example_dags/tutorial_dag.py took 0.059 seconds
[2025-04-05T14:31:11.609+0000] {processor.py:161} INFO - Started process (PID=1555) to work on /home/airflow/.local/lib/python3.8/site-packages/airflow/example_dags/tutorial_dag.py
[2025-04-05T14:31:11.610+0000] {processor.py:830} INFO - Processing file /home/airflow/.local/lib/python3.8/site-packages/airflow/example_dags/tutorial_dag.py for tasks to queue
[2025-04-05T14:31:11.611+0000] {logging_mixin.py:188} INFO - [2025-04-05T14:31:11.611+0000] {dagbag.py:538} INFO - Filling up the DagBag from /home/airflow/.local/lib/python3.8/site-packages/airflow/example_dags/tutorial_dag.py
[2025-04-05T14:31:11.617+0000] {processor.py:840} INFO - DAG(s) 'tutorial_dag' retrieved from /home/airflow/.local/lib/python3.8/site-packages/airflow/example_dags/tutorial_dag.py
[2025-04-05T14:31:11.664+0000] {logging_mixin.py:188} INFO - [2025-04-05T14:31:11.663+0000] {dag.py:3036} INFO - Sync 1 DAGs
[2025-04-05T14:31:11.695+0000] {logging_mixin.py:188} INFO - [2025-04-05T14:31:11.695+0000] {dag.py:3823} INFO - Setting next_dagrun for tutorial_dag to None, run_after=None
[2025-04-05T14:31:11.720+0000] {processor.py:183} INFO - Processing /home/airflow/.local/lib/python3.8/site-packages/airflow/example_dags/tutorial_dag.py took 0.115 seconds
[2025-04-05T14:31:42.210+0000] {processor.py:161} INFO - Started process (PID=1800) to work on /home/airflow/.local/lib/python3.8/site-packages/airflow/example_dags/tutorial_dag.py
[2025-04-05T14:31:42.211+0000] {processor.py:830} INFO - Processing file /home/airflow/.local/lib/python3.8/site-packages/airflow/example_dags/tutorial_dag.py for tasks to queue
[2025-04-05T14:31:42.212+0000] {logging_mixin.py:188} INFO - [2025-04-05T14:31:42.212+0000] {dagbag.py:538} INFO - Filling up the DagBag from /home/airflow/.local/lib/python3.8/site-packages/airflow/example_dags/tutorial_dag.py
[2025-04-05T14:31:42.218+0000] {processor.py:840} INFO - DAG(s) 'tutorial_dag' retrieved from /home/airflow/.local/lib/python3.8/site-packages/airflow/example_dags/tutorial_dag.py
[2025-04-05T14:31:42.243+0000] {logging_mixin.py:188} INFO - [2025-04-05T14:31:42.243+0000] {dag.py:3036} INFO - Sync 1 DAGs
[2025-04-05T14:31:42.256+0000] {logging_mixin.py:188} INFO - [2025-04-05T14:31:42.255+0000] {dag.py:3823} INFO - Setting next_dagrun for tutorial_dag to None, run_after=None
[2025-04-05T14:31:42.283+0000] {processor.py:183} INFO - Processing /home/airflow/.local/lib/python3.8/site-packages/airflow/example_dags/tutorial_dag.py took 0.080 seconds
[2025-04-05T14:32:12.533+0000] {processor.py:161} INFO - Started process (PID=2047) to work on /home/airflow/.local/lib/python3.8/site-packages/airflow/example_dags/tutorial_dag.py
[2025-04-05T14:32:12.534+0000] {processor.py:830} INFO - Processing file /home/airflow/.local/lib/python3.8/site-packages/airflow/example_dags/tutorial_dag.py for tasks to queue
[2025-04-05T14:32:12.535+0000] {logging_mixin.py:188} INFO - [2025-04-05T14:32:12.534+0000] {dagbag.py:538} INFO - Filling up the DagBag from /home/airflow/.local/lib/python3.8/site-packages/airflow/example_dags/tutorial_dag.py
[2025-04-05T14:32:12.539+0000] {processor.py:840} INFO - DAG(s) 'tutorial_dag' retrieved from /home/airflow/.local/lib/python3.8/site-packages/airflow/example_dags/tutorial_dag.py
[2025-04-05T14:32:12.559+0000] {logging_mixin.py:188} INFO - [2025-04-05T14:32:12.559+0000] {dag.py:3036} INFO - Sync 1 DAGs
[2025-04-05T14:32:12.570+0000] {logging_mixin.py:188} INFO - [2025-04-05T14:32:12.570+0000] {dag.py:3823} INFO - Setting next_dagrun for tutorial_dag to None, run_after=None
[2025-04-05T14:32:12.590+0000] {processor.py:183} INFO - Processing /home/airflow/.local/lib/python3.8/site-packages/airflow/example_dags/tutorial_dag.py took 0.060 seconds
[2025-04-05T14:32:43.541+0000] {processor.py:161} INFO - Started process (PID=2294) to work on /home/airflow/.local/lib/python3.8/site-packages/airflow/example_dags/tutorial_dag.py
[2025-04-05T14:32:43.542+0000] {processor.py:830} INFO - Processing file /home/airflow/.local/lib/python3.8/site-packages/airflow/example_dags/tutorial_dag.py for tasks to queue
[2025-04-05T14:32:43.543+0000] {logging_mixin.py:188} INFO - [2025-04-05T14:32:43.543+0000] {dagbag.py:538} INFO - Filling up the DagBag from /home/airflow/.local/lib/python3.8/site-packages/airflow/example_dags/tutorial_dag.py
[2025-04-05T14:32:43.548+0000] {processor.py:840} INFO - DAG(s) 'tutorial_dag' retrieved from /home/airflow/.local/lib/python3.8/site-packages/airflow/example_dags/tutorial_dag.py
[2025-04-05T14:32:43.566+0000] {logging_mixin.py:188} INFO - [2025-04-05T14:32:43.565+0000] {dag.py:3036} INFO - Sync 1 DAGs
[2025-04-05T14:32:43.577+0000] {logging_mixin.py:188} INFO - [2025-04-05T14:32:43.577+0000] {dag.py:3823} INFO - Setting next_dagrun for tutorial_dag to None, run_after=None
[2025-04-05T14:32:43.598+0000] {processor.py:183} INFO - Processing /home/airflow/.local/lib/python3.8/site-packages/airflow/example_dags/tutorial_dag.py took 0.060 seconds
[2025-04-05T14:33:14.081+0000] {processor.py:161} INFO - Started process (PID=2543) to work on /home/airflow/.local/lib/python3.8/site-packages/airflow/example_dags/tutorial_dag.py
[2025-04-05T14:33:14.082+0000] {processor.py:830} INFO - Processing file /home/airflow/.local/lib/python3.8/site-packages/airflow/example_dags/tutorial_dag.py for tasks to queue
[2025-04-05T14:33:14.083+0000] {logging_mixin.py:188} INFO - [2025-04-05T14:33:14.083+0000] {dagbag.py:538} INFO - Filling up the DagBag from /home/airflow/.local/lib/python3.8/site-packages/airflow/example_dags/tutorial_dag.py
[2025-04-05T14:33:14.087+0000] {processor.py:840} INFO - DAG(s) 'tutorial_dag' retrieved from /home/airflow/.local/lib/python3.8/site-packages/airflow/example_dags/tutorial_dag.py
[2025-04-05T14:33:14.107+0000] {logging_mixin.py:188} INFO - [2025-04-05T14:33:14.107+0000] {dag.py:3036} INFO - Sync 1 DAGs
[2025-04-05T14:33:14.119+0000] {logging_mixin.py:188} INFO - [2025-04-05T14:33:14.119+0000] {dag.py:3823} INFO - Setting next_dagrun for tutorial_dag to None, run_after=None
[2025-04-05T14:33:14.140+0000] {processor.py:183} INFO - Processing /home/airflow/.local/lib/python3.8/site-packages/airflow/example_dags/tutorial_dag.py took 0.062 seconds
[2025-04-05T14:33:44.257+0000] {processor.py:161} INFO - Started process (PID=2790) to work on /home/airflow/.local/lib/python3.8/site-packages/airflow/example_dags/tutorial_dag.py
[2025-04-05T14:33:44.258+0000] {processor.py:830} INFO - Processing file /home/airflow/.local/lib/python3.8/site-packages/airflow/example_dags/tutorial_dag.py for tasks to queue
[2025-04-05T14:33:44.259+0000] {logging_mixin.py:188} INFO - [2025-04-05T14:33:44.259+0000] {dagbag.py:538} INFO - Filling up the DagBag from /home/airflow/.local/lib/python3.8/site-packages/airflow/example_dags/tutorial_dag.py
[2025-04-05T14:33:44.264+0000] {processor.py:840} INFO - DAG(s) 'tutorial_dag' retrieved from /home/airflow/.local/lib/python3.8/site-packages/airflow/example_dags/tutorial_dag.py
[2025-04-05T14:33:44.282+0000] {logging_mixin.py:188} INFO - [2025-04-05T14:33:44.282+0000] {dag.py:3036} INFO - Sync 1 DAGs
[2025-04-05T14:33:44.294+0000] {logging_mixin.py:188} INFO - [2025-04-05T14:33:44.293+0000] {dag.py:3823} INFO - Setting next_dagrun for tutorial_dag to None, run_after=None
[2025-04-05T14:33:44.315+0000] {processor.py:183} INFO - Processing /home/airflow/.local/lib/python3.8/site-packages/airflow/example_dags/tutorial_dag.py took 0.061 seconds
[2025-04-05T14:34:14.541+0000] {processor.py:161} INFO - Started process (PID=3035) to work on /home/airflow/.local/lib/python3.8/site-packages/airflow/example_dags/tutorial_dag.py
[2025-04-05T14:34:14.542+0000] {processor.py:830} INFO - Processing file /home/airflow/.local/lib/python3.8/site-packages/airflow/example_dags/tutorial_dag.py for tasks to queue
[2025-04-05T14:34:14.543+0000] {logging_mixin.py:188} INFO - [2025-04-05T14:34:14.543+0000] {dagbag.py:538} INFO - Filling up the DagBag from /home/airflow/.local/lib/python3.8/site-packages/airflow/example_dags/tutorial_dag.py
[2025-04-05T14:34:14.548+0000] {processor.py:840} INFO - DAG(s) 'tutorial_dag' retrieved from /home/airflow/.local/lib/python3.8/site-packages/airflow/example_dags/tutorial_dag.py
[2025-04-05T14:34:14.569+0000] {logging_mixin.py:188} INFO - [2025-04-05T14:34:14.569+0000] {dag.py:3036} INFO - Sync 1 DAGs
[2025-04-05T14:34:14.580+0000] {logging_mixin.py:188} INFO - [2025-04-05T14:34:14.580+0000] {dag.py:3823} INFO - Setting next_dagrun for tutorial_dag to None, run_after=None
[2025-04-05T14:34:14.600+0000] {processor.py:183} INFO - Processing /home/airflow/.local/lib/python3.8/site-packages/airflow/example_dags/tutorial_dag.py took 0.062 seconds
[2025-04-05T14:34:44.928+0000] {processor.py:161} INFO - Started process (PID=3284) to work on /home/airflow/.local/lib/python3.8/site-packages/airflow/example_dags/tutorial_dag.py
[2025-04-05T14:34:44.929+0000] {processor.py:830} INFO - Processing file /home/airflow/.local/lib/python3.8/site-packages/airflow/example_dags/tutorial_dag.py for tasks to queue
[2025-04-05T14:34:44.929+0000] {logging_mixin.py:188} INFO - [2025-04-05T14:34:44.929+0000] {dagbag.py:538} INFO - Filling up the DagBag from /home/airflow/.local/lib/python3.8/site-packages/airflow/example_dags/tutorial_dag.py
[2025-04-05T14:34:44.934+0000] {processor.py:840} INFO - DAG(s) 'tutorial_dag' retrieved from /home/airflow/.local/lib/python3.8/site-packages/airflow/example_dags/tutorial_dag.py
[2025-04-05T14:34:44.954+0000] {logging_mixin.py:188} INFO - [2025-04-05T14:34:44.953+0000] {dag.py:3036} INFO - Sync 1 DAGs
[2025-04-05T14:34:44.965+0000] {logging_mixin.py:188} INFO - [2025-04-05T14:34:44.965+0000] {dag.py:3823} INFO - Setting next_dagrun for tutorial_dag to None, run_after=None
[2025-04-05T14:34:44.984+0000] {processor.py:183} INFO - Processing /home/airflow/.local/lib/python3.8/site-packages/airflow/example_dags/tutorial_dag.py took 0.059 seconds
[2025-04-05T16:41:01.751+0000] {processor.py:161} INFO - Started process (PID=393) to work on /home/airflow/.local/lib/python3.8/site-packages/airflow/example_dags/tutorial_dag.py
[2025-04-05T16:41:01.753+0000] {processor.py:830} INFO - Processing file /home/airflow/.local/lib/python3.8/site-packages/airflow/example_dags/tutorial_dag.py for tasks to queue
[2025-04-05T16:41:01.754+0000] {logging_mixin.py:188} INFO - [2025-04-05T16:41:01.754+0000] {dagbag.py:538} INFO - Filling up the DagBag from /home/airflow/.local/lib/python3.8/site-packages/airflow/example_dags/tutorial_dag.py
[2025-04-05T16:41:01.761+0000] {processor.py:840} INFO - DAG(s) 'tutorial_dag' retrieved from /home/airflow/.local/lib/python3.8/site-packages/airflow/example_dags/tutorial_dag.py
[2025-04-05T16:41:01.985+0000] {logging_mixin.py:188} INFO - [2025-04-05T16:41:01.984+0000] {override.py:1769} INFO - Created Permission View: can edit on DAG:tutorial_dag
[2025-04-05T16:41:02.005+0000] {logging_mixin.py:188} INFO - [2025-04-05T16:41:02.004+0000] {override.py:1769} INFO - Created Permission View: can delete on DAG:tutorial_dag
[2025-04-05T16:41:02.020+0000] {logging_mixin.py:188} INFO - [2025-04-05T16:41:02.019+0000] {override.py:1769} INFO - Created Permission View: can read on DAG:tutorial_dag
[2025-04-05T16:41:02.021+0000] {logging_mixin.py:188} INFO - [2025-04-05T16:41:02.021+0000] {dag.py:3036} INFO - Sync 1 DAGs
[2025-04-05T16:41:02.040+0000] {logging_mixin.py:188} INFO - [2025-04-05T16:41:02.039+0000] {dag.py:3058} INFO - Creating ORM DAG for tutorial_dag
[2025-04-05T16:41:02.041+0000] {logging_mixin.py:188} INFO - [2025-04-05T16:41:02.041+0000] {dag.py:3823} INFO - Setting next_dagrun for tutorial_dag to None, run_after=None
[2025-04-05T16:41:02.112+0000] {processor.py:183} INFO - Processing /home/airflow/.local/lib/python3.8/site-packages/airflow/example_dags/tutorial_dag.py took 0.366 seconds
[2025-04-05T16:41:32.265+0000] {processor.py:161} INFO - Started process (PID=640) to work on /home/airflow/.local/lib/python3.8/site-packages/airflow/example_dags/tutorial_dag.py
[2025-04-05T16:41:32.267+0000] {processor.py:830} INFO - Processing file /home/airflow/.local/lib/python3.8/site-packages/airflow/example_dags/tutorial_dag.py for tasks to queue
[2025-04-05T16:41:32.268+0000] {logging_mixin.py:188} INFO - [2025-04-05T16:41:32.268+0000] {dagbag.py:538} INFO - Filling up the DagBag from /home/airflow/.local/lib/python3.8/site-packages/airflow/example_dags/tutorial_dag.py
[2025-04-05T16:41:32.273+0000] {processor.py:840} INFO - DAG(s) 'tutorial_dag' retrieved from /home/airflow/.local/lib/python3.8/site-packages/airflow/example_dags/tutorial_dag.py
[2025-04-05T16:41:32.295+0000] {logging_mixin.py:188} INFO - [2025-04-05T16:41:32.295+0000] {dag.py:3036} INFO - Sync 1 DAGs
[2025-04-05T16:41:32.308+0000] {logging_mixin.py:188} INFO - [2025-04-05T16:41:32.307+0000] {dag.py:3823} INFO - Setting next_dagrun for tutorial_dag to None, run_after=None
[2025-04-05T16:41:32.330+0000] {processor.py:183} INFO - Processing /home/airflow/.local/lib/python3.8/site-packages/airflow/example_dags/tutorial_dag.py took 0.069 seconds
[2025-04-05T16:42:02.783+0000] {processor.py:161} INFO - Started process (PID=885) to work on /home/airflow/.local/lib/python3.8/site-packages/airflow/example_dags/tutorial_dag.py
[2025-04-05T16:42:02.786+0000] {processor.py:830} INFO - Processing file /home/airflow/.local/lib/python3.8/site-packages/airflow/example_dags/tutorial_dag.py for tasks to queue
[2025-04-05T16:42:02.788+0000] {logging_mixin.py:188} INFO - [2025-04-05T16:42:02.787+0000] {dagbag.py:538} INFO - Filling up the DagBag from /home/airflow/.local/lib/python3.8/site-packages/airflow/example_dags/tutorial_dag.py
[2025-04-05T16:42:02.799+0000] {processor.py:840} INFO - DAG(s) 'tutorial_dag' retrieved from /home/airflow/.local/lib/python3.8/site-packages/airflow/example_dags/tutorial_dag.py
[2025-04-05T16:42:02.836+0000] {logging_mixin.py:188} INFO - [2025-04-05T16:42:02.836+0000] {dag.py:3036} INFO - Sync 1 DAGs
[2025-04-05T16:42:02.868+0000] {logging_mixin.py:188} INFO - [2025-04-05T16:42:02.868+0000] {dag.py:3823} INFO - Setting next_dagrun for tutorial_dag to None, run_after=None
[2025-04-05T16:42:02.893+0000] {processor.py:183} INFO - Processing /home/airflow/.local/lib/python3.8/site-packages/airflow/example_dags/tutorial_dag.py took 0.115 seconds
[2025-04-05T16:42:33.521+0000] {processor.py:161} INFO - Started process (PID=1132) to work on /home/airflow/.local/lib/python3.8/site-packages/airflow/example_dags/tutorial_dag.py
[2025-04-05T16:42:33.522+0000] {processor.py:830} INFO - Processing file /home/airflow/.local/lib/python3.8/site-packages/airflow/example_dags/tutorial_dag.py for tasks to queue
[2025-04-05T16:42:33.524+0000] {logging_mixin.py:188} INFO - [2025-04-05T16:42:33.523+0000] {dagbag.py:538} INFO - Filling up the DagBag from /home/airflow/.local/lib/python3.8/site-packages/airflow/example_dags/tutorial_dag.py
[2025-04-05T16:42:33.531+0000] {processor.py:840} INFO - DAG(s) 'tutorial_dag' retrieved from /home/airflow/.local/lib/python3.8/site-packages/airflow/example_dags/tutorial_dag.py
[2025-04-05T16:42:33.559+0000] {logging_mixin.py:188} INFO - [2025-04-05T16:42:33.558+0000] {dag.py:3036} INFO - Sync 1 DAGs
[2025-04-05T16:42:33.573+0000] {logging_mixin.py:188} INFO - [2025-04-05T16:42:33.573+0000] {dag.py:3823} INFO - Setting next_dagrun for tutorial_dag to None, run_after=None
[2025-04-05T16:42:33.596+0000] {processor.py:183} INFO - Processing /home/airflow/.local/lib/python3.8/site-packages/airflow/example_dags/tutorial_dag.py took 0.079 seconds
[2025-04-05T16:43:04.491+0000] {processor.py:161} INFO - Started process (PID=1379) to work on /home/airflow/.local/lib/python3.8/site-packages/airflow/example_dags/tutorial_dag.py
[2025-04-05T16:43:04.492+0000] {processor.py:830} INFO - Processing file /home/airflow/.local/lib/python3.8/site-packages/airflow/example_dags/tutorial_dag.py for tasks to queue
[2025-04-05T16:43:04.493+0000] {logging_mixin.py:188} INFO - [2025-04-05T16:43:04.493+0000] {dagbag.py:538} INFO - Filling up the DagBag from /home/airflow/.local/lib/python3.8/site-packages/airflow/example_dags/tutorial_dag.py
[2025-04-05T16:43:04.498+0000] {processor.py:840} INFO - DAG(s) 'tutorial_dag' retrieved from /home/airflow/.local/lib/python3.8/site-packages/airflow/example_dags/tutorial_dag.py
[2025-04-05T16:43:04.534+0000] {logging_mixin.py:188} INFO - [2025-04-05T16:43:04.534+0000] {dag.py:3036} INFO - Sync 1 DAGs
[2025-04-05T16:43:04.549+0000] {logging_mixin.py:188} INFO - [2025-04-05T16:43:04.548+0000] {dag.py:3823} INFO - Setting next_dagrun for tutorial_dag to None, run_after=None
[2025-04-05T16:43:04.568+0000] {processor.py:183} INFO - Processing /home/airflow/.local/lib/python3.8/site-packages/airflow/example_dags/tutorial_dag.py took 0.083 seconds
[2025-04-05T16:43:34.827+0000] {processor.py:161} INFO - Started process (PID=1626) to work on /home/airflow/.local/lib/python3.8/site-packages/airflow/example_dags/tutorial_dag.py
[2025-04-05T16:43:34.846+0000] {processor.py:830} INFO - Processing file /home/airflow/.local/lib/python3.8/site-packages/airflow/example_dags/tutorial_dag.py for tasks to queue
[2025-04-05T16:43:34.856+0000] {logging_mixin.py:188} INFO - [2025-04-05T16:43:34.853+0000] {dagbag.py:538} INFO - Filling up the DagBag from /home/airflow/.local/lib/python3.8/site-packages/airflow/example_dags/tutorial_dag.py
[2025-04-05T16:43:34.867+0000] {processor.py:840} INFO - DAG(s) 'tutorial_dag' retrieved from /home/airflow/.local/lib/python3.8/site-packages/airflow/example_dags/tutorial_dag.py
[2025-04-05T16:43:34.889+0000] {logging_mixin.py:188} INFO - [2025-04-05T16:43:34.888+0000] {dag.py:3036} INFO - Sync 1 DAGs
[2025-04-05T16:43:34.900+0000] {logging_mixin.py:188} INFO - [2025-04-05T16:43:34.900+0000] {dag.py:3823} INFO - Setting next_dagrun for tutorial_dag to None, run_after=None
[2025-04-05T16:43:34.935+0000] {processor.py:183} INFO - Processing /home/airflow/.local/lib/python3.8/site-packages/airflow/example_dags/tutorial_dag.py took 0.116 seconds
[2025-04-05T16:44:05.073+0000] {processor.py:161} INFO - Started process (PID=1873) to work on /home/airflow/.local/lib/python3.8/site-packages/airflow/example_dags/tutorial_dag.py
[2025-04-05T16:44:05.075+0000] {processor.py:830} INFO - Processing file /home/airflow/.local/lib/python3.8/site-packages/airflow/example_dags/tutorial_dag.py for tasks to queue
[2025-04-05T16:44:05.076+0000] {logging_mixin.py:188} INFO - [2025-04-05T16:44:05.075+0000] {dagbag.py:538} INFO - Filling up the DagBag from /home/airflow/.local/lib/python3.8/site-packages/airflow/example_dags/tutorial_dag.py
[2025-04-05T16:44:05.081+0000] {processor.py:840} INFO - DAG(s) 'tutorial_dag' retrieved from /home/airflow/.local/lib/python3.8/site-packages/airflow/example_dags/tutorial_dag.py
[2025-04-05T16:44:05.101+0000] {logging_mixin.py:188} INFO - [2025-04-05T16:44:05.100+0000] {dag.py:3036} INFO - Sync 1 DAGs
[2025-04-05T16:44:05.111+0000] {logging_mixin.py:188} INFO - [2025-04-05T16:44:05.111+0000] {dag.py:3823} INFO - Setting next_dagrun for tutorial_dag to None, run_after=None
[2025-04-05T16:44:05.130+0000] {processor.py:183} INFO - Processing /home/airflow/.local/lib/python3.8/site-packages/airflow/example_dags/tutorial_dag.py took 0.059 seconds
[2025-04-05T16:44:35.809+0000] {processor.py:161} INFO - Started process (PID=2120) to work on /home/airflow/.local/lib/python3.8/site-packages/airflow/example_dags/tutorial_dag.py
[2025-04-05T16:44:35.810+0000] {processor.py:830} INFO - Processing file /home/airflow/.local/lib/python3.8/site-packages/airflow/example_dags/tutorial_dag.py for tasks to queue
[2025-04-05T16:44:35.812+0000] {logging_mixin.py:188} INFO - [2025-04-05T16:44:35.811+0000] {dagbag.py:538} INFO - Filling up the DagBag from /home/airflow/.local/lib/python3.8/site-packages/airflow/example_dags/tutorial_dag.py
[2025-04-05T16:44:35.817+0000] {processor.py:840} INFO - DAG(s) 'tutorial_dag' retrieved from /home/airflow/.local/lib/python3.8/site-packages/airflow/example_dags/tutorial_dag.py
[2025-04-05T16:44:35.877+0000] {logging_mixin.py:188} INFO - [2025-04-05T16:44:35.877+0000] {dag.py:3036} INFO - Sync 1 DAGs
[2025-04-05T16:44:35.894+0000] {logging_mixin.py:188} INFO - [2025-04-05T16:44:35.894+0000] {dag.py:3823} INFO - Setting next_dagrun for tutorial_dag to None, run_after=None
[2025-04-05T16:44:35.916+0000] {processor.py:183} INFO - Processing /home/airflow/.local/lib/python3.8/site-packages/airflow/example_dags/tutorial_dag.py took 0.111 seconds
[2025-04-05T16:45:07.090+0000] {processor.py:161} INFO - Started process (PID=2367) to work on /home/airflow/.local/lib/python3.8/site-packages/airflow/example_dags/tutorial_dag.py
[2025-04-05T16:45:07.091+0000] {processor.py:830} INFO - Processing file /home/airflow/.local/lib/python3.8/site-packages/airflow/example_dags/tutorial_dag.py for tasks to queue
[2025-04-05T16:45:07.092+0000] {logging_mixin.py:188} INFO - [2025-04-05T16:45:07.092+0000] {dagbag.py:538} INFO - Filling up the DagBag from /home/airflow/.local/lib/python3.8/site-packages/airflow/example_dags/tutorial_dag.py
[2025-04-05T16:45:07.106+0000] {processor.py:840} INFO - DAG(s) 'tutorial_dag' retrieved from /home/airflow/.local/lib/python3.8/site-packages/airflow/example_dags/tutorial_dag.py
[2025-04-05T16:45:07.198+0000] {logging_mixin.py:188} INFO - [2025-04-05T16:45:07.197+0000] {dag.py:3036} INFO - Sync 1 DAGs
[2025-04-05T16:45:07.226+0000] {logging_mixin.py:188} INFO - [2025-04-05T16:45:07.226+0000] {dag.py:3823} INFO - Setting next_dagrun for tutorial_dag to None, run_after=None
[2025-04-05T16:45:07.249+0000] {processor.py:183} INFO - Processing /home/airflow/.local/lib/python3.8/site-packages/airflow/example_dags/tutorial_dag.py took 0.163 seconds
[2025-04-05T16:45:38.146+0000] {processor.py:161} INFO - Started process (PID=2614) to work on /home/airflow/.local/lib/python3.8/site-packages/airflow/example_dags/tutorial_dag.py
[2025-04-05T16:45:38.147+0000] {processor.py:830} INFO - Processing file /home/airflow/.local/lib/python3.8/site-packages/airflow/example_dags/tutorial_dag.py for tasks to queue
[2025-04-05T16:45:38.148+0000] {logging_mixin.py:188} INFO - [2025-04-05T16:45:38.148+0000] {dagbag.py:538} INFO - Filling up the DagBag from /home/airflow/.local/lib/python3.8/site-packages/airflow/example_dags/tutorial_dag.py
[2025-04-05T16:45:38.154+0000] {processor.py:840} INFO - DAG(s) 'tutorial_dag' retrieved from /home/airflow/.local/lib/python3.8/site-packages/airflow/example_dags/tutorial_dag.py
[2025-04-05T16:45:38.176+0000] {logging_mixin.py:188} INFO - [2025-04-05T16:45:38.176+0000] {dag.py:3036} INFO - Sync 1 DAGs
[2025-04-05T16:45:38.186+0000] {logging_mixin.py:188} INFO - [2025-04-05T16:45:38.186+0000] {dag.py:3823} INFO - Setting next_dagrun for tutorial_dag to None, run_after=None
[2025-04-05T16:45:38.205+0000] {processor.py:183} INFO - Processing /home/airflow/.local/lib/python3.8/site-packages/airflow/example_dags/tutorial_dag.py took 0.063 seconds
[2025-04-05T16:46:08.433+0000] {processor.py:161} INFO - Started process (PID=2861) to work on /home/airflow/.local/lib/python3.8/site-packages/airflow/example_dags/tutorial_dag.py
[2025-04-05T16:46:08.435+0000] {processor.py:830} INFO - Processing file /home/airflow/.local/lib/python3.8/site-packages/airflow/example_dags/tutorial_dag.py for tasks to queue
[2025-04-05T16:46:08.437+0000] {logging_mixin.py:188} INFO - [2025-04-05T16:46:08.437+0000] {dagbag.py:538} INFO - Filling up the DagBag from /home/airflow/.local/lib/python3.8/site-packages/airflow/example_dags/tutorial_dag.py
[2025-04-05T16:46:08.444+0000] {processor.py:840} INFO - DAG(s) 'tutorial_dag' retrieved from /home/airflow/.local/lib/python3.8/site-packages/airflow/example_dags/tutorial_dag.py
[2025-04-05T16:46:08.468+0000] {logging_mixin.py:188} INFO - [2025-04-05T16:46:08.468+0000] {dag.py:3036} INFO - Sync 1 DAGs
[2025-04-05T16:46:08.483+0000] {logging_mixin.py:188} INFO - [2025-04-05T16:46:08.483+0000] {dag.py:3823} INFO - Setting next_dagrun for tutorial_dag to None, run_after=None
[2025-04-05T16:46:08.508+0000] {processor.py:183} INFO - Processing /home/airflow/.local/lib/python3.8/site-packages/airflow/example_dags/tutorial_dag.py took 0.080 seconds
[2025-04-05T16:46:38.659+0000] {processor.py:161} INFO - Started process (PID=3103) to work on /home/airflow/.local/lib/python3.8/site-packages/airflow/example_dags/tutorial_dag.py
[2025-04-05T16:46:38.661+0000] {processor.py:830} INFO - Processing file /home/airflow/.local/lib/python3.8/site-packages/airflow/example_dags/tutorial_dag.py for tasks to queue
[2025-04-05T16:46:38.662+0000] {logging_mixin.py:188} INFO - [2025-04-05T16:46:38.661+0000] {dagbag.py:538} INFO - Filling up the DagBag from /home/airflow/.local/lib/python3.8/site-packages/airflow/example_dags/tutorial_dag.py
[2025-04-05T16:46:38.666+0000] {processor.py:840} INFO - DAG(s) 'tutorial_dag' retrieved from /home/airflow/.local/lib/python3.8/site-packages/airflow/example_dags/tutorial_dag.py
[2025-04-05T16:46:38.687+0000] {logging_mixin.py:188} INFO - [2025-04-05T16:46:38.687+0000] {dag.py:3036} INFO - Sync 1 DAGs
[2025-04-05T16:46:38.698+0000] {logging_mixin.py:188} INFO - [2025-04-05T16:46:38.698+0000] {dag.py:3823} INFO - Setting next_dagrun for tutorial_dag to None, run_after=None
[2025-04-05T16:46:38.718+0000] {processor.py:183} INFO - Processing /home/airflow/.local/lib/python3.8/site-packages/airflow/example_dags/tutorial_dag.py took 0.061 seconds
[2025-04-05T16:47:09.257+0000] {processor.py:161} INFO - Started process (PID=3355) to work on /home/airflow/.local/lib/python3.8/site-packages/airflow/example_dags/tutorial_dag.py
[2025-04-05T16:47:09.259+0000] {processor.py:830} INFO - Processing file /home/airflow/.local/lib/python3.8/site-packages/airflow/example_dags/tutorial_dag.py for tasks to queue
[2025-04-05T16:47:09.260+0000] {logging_mixin.py:188} INFO - [2025-04-05T16:47:09.260+0000] {dagbag.py:538} INFO - Filling up the DagBag from /home/airflow/.local/lib/python3.8/site-packages/airflow/example_dags/tutorial_dag.py
[2025-04-05T16:47:09.266+0000] {processor.py:840} INFO - DAG(s) 'tutorial_dag' retrieved from /home/airflow/.local/lib/python3.8/site-packages/airflow/example_dags/tutorial_dag.py
[2025-04-05T16:47:09.296+0000] {logging_mixin.py:188} INFO - [2025-04-05T16:47:09.295+0000] {dag.py:3036} INFO - Sync 1 DAGs
[2025-04-05T16:47:09.311+0000] {logging_mixin.py:188} INFO - [2025-04-05T16:47:09.310+0000] {dag.py:3823} INFO - Setting next_dagrun for tutorial_dag to None, run_after=None
[2025-04-05T16:47:09.334+0000] {processor.py:183} INFO - Processing /home/airflow/.local/lib/python3.8/site-packages/airflow/example_dags/tutorial_dag.py took 0.081 seconds
[2025-04-05T16:47:40.013+0000] {processor.py:161} INFO - Started process (PID=3602) to work on /home/airflow/.local/lib/python3.8/site-packages/airflow/example_dags/tutorial_dag.py
[2025-04-05T16:47:40.016+0000] {processor.py:830} INFO - Processing file /home/airflow/.local/lib/python3.8/site-packages/airflow/example_dags/tutorial_dag.py for tasks to queue
[2025-04-05T16:47:40.017+0000] {logging_mixin.py:188} INFO - [2025-04-05T16:47:40.017+0000] {dagbag.py:538} INFO - Filling up the DagBag from /home/airflow/.local/lib/python3.8/site-packages/airflow/example_dags/tutorial_dag.py
[2025-04-05T16:47:40.023+0000] {processor.py:840} INFO - DAG(s) 'tutorial_dag' retrieved from /home/airflow/.local/lib/python3.8/site-packages/airflow/example_dags/tutorial_dag.py
[2025-04-05T16:47:40.124+0000] {logging_mixin.py:188} INFO - [2025-04-05T16:47:40.124+0000] {dag.py:3036} INFO - Sync 1 DAGs
[2025-04-05T16:47:40.145+0000] {logging_mixin.py:188} INFO - [2025-04-05T16:47:40.145+0000] {dag.py:3823} INFO - Setting next_dagrun for tutorial_dag to None, run_after=None
[2025-04-05T16:47:40.275+0000] {processor.py:183} INFO - Processing /home/airflow/.local/lib/python3.8/site-packages/airflow/example_dags/tutorial_dag.py took 0.266 seconds
[2025-04-05T16:48:10.616+0000] {processor.py:161} INFO - Started process (PID=3850) to work on /home/airflow/.local/lib/python3.8/site-packages/airflow/example_dags/tutorial_dag.py
[2025-04-05T16:48:10.617+0000] {processor.py:830} INFO - Processing file /home/airflow/.local/lib/python3.8/site-packages/airflow/example_dags/tutorial_dag.py for tasks to queue
[2025-04-05T16:48:10.619+0000] {logging_mixin.py:188} INFO - [2025-04-05T16:48:10.618+0000] {dagbag.py:538} INFO - Filling up the DagBag from /home/airflow/.local/lib/python3.8/site-packages/airflow/example_dags/tutorial_dag.py
[2025-04-05T16:48:10.623+0000] {processor.py:840} INFO - DAG(s) 'tutorial_dag' retrieved from /home/airflow/.local/lib/python3.8/site-packages/airflow/example_dags/tutorial_dag.py
[2025-04-05T16:48:10.647+0000] {logging_mixin.py:188} INFO - [2025-04-05T16:48:10.647+0000] {dag.py:3036} INFO - Sync 1 DAGs
[2025-04-05T16:48:10.659+0000] {logging_mixin.py:188} INFO - [2025-04-05T16:48:10.659+0000] {dag.py:3823} INFO - Setting next_dagrun for tutorial_dag to None, run_after=None
[2025-04-05T16:48:10.682+0000] {processor.py:183} INFO - Processing /home/airflow/.local/lib/python3.8/site-packages/airflow/example_dags/tutorial_dag.py took 0.070 seconds
[2025-04-05T16:48:41.372+0000] {processor.py:161} INFO - Started process (PID=4097) to work on /home/airflow/.local/lib/python3.8/site-packages/airflow/example_dags/tutorial_dag.py
[2025-04-05T16:48:41.374+0000] {processor.py:830} INFO - Processing file /home/airflow/.local/lib/python3.8/site-packages/airflow/example_dags/tutorial_dag.py for tasks to queue
[2025-04-05T16:48:41.375+0000] {logging_mixin.py:188} INFO - [2025-04-05T16:48:41.375+0000] {dagbag.py:538} INFO - Filling up the DagBag from /home/airflow/.local/lib/python3.8/site-packages/airflow/example_dags/tutorial_dag.py
[2025-04-05T16:48:41.381+0000] {processor.py:840} INFO - DAG(s) 'tutorial_dag' retrieved from /home/airflow/.local/lib/python3.8/site-packages/airflow/example_dags/tutorial_dag.py
[2025-04-05T16:48:41.405+0000] {logging_mixin.py:188} INFO - [2025-04-05T16:48:41.405+0000] {dag.py:3036} INFO - Sync 1 DAGs
[2025-04-05T16:48:41.418+0000] {logging_mixin.py:188} INFO - [2025-04-05T16:48:41.418+0000] {dag.py:3823} INFO - Setting next_dagrun for tutorial_dag to None, run_after=None
[2025-04-05T16:48:41.439+0000] {processor.py:183} INFO - Processing /home/airflow/.local/lib/python3.8/site-packages/airflow/example_dags/tutorial_dag.py took 0.069 seconds
[2025-04-05T16:49:13.780+0000] {processor.py:161} INFO - Started process (PID=4355) to work on /home/airflow/.local/lib/python3.8/site-packages/airflow/example_dags/tutorial_dag.py
[2025-04-05T16:49:13.794+0000] {processor.py:830} INFO - Processing file /home/airflow/.local/lib/python3.8/site-packages/airflow/example_dags/tutorial_dag.py for tasks to queue
[2025-04-05T16:49:13.802+0000] {logging_mixin.py:188} INFO - [2025-04-05T16:49:13.800+0000] {dagbag.py:538} INFO - Filling up the DagBag from /home/airflow/.local/lib/python3.8/site-packages/airflow/example_dags/tutorial_dag.py
[2025-04-05T16:49:13.892+0000] {processor.py:840} INFO - DAG(s) 'tutorial_dag' retrieved from /home/airflow/.local/lib/python3.8/site-packages/airflow/example_dags/tutorial_dag.py
[2025-04-05T16:49:14.304+0000] {logging_mixin.py:188} INFO - [2025-04-05T16:49:14.303+0000] {dag.py:3036} INFO - Sync 1 DAGs
[2025-04-05T16:49:14.462+0000] {logging_mixin.py:188} INFO - [2025-04-05T16:49:14.462+0000] {dag.py:3823} INFO - Setting next_dagrun for tutorial_dag to None, run_after=None
[2025-04-05T16:49:14.522+0000] {processor.py:183} INFO - Processing /home/airflow/.local/lib/python3.8/site-packages/airflow/example_dags/tutorial_dag.py took 0.784 seconds
[2025-04-05T16:49:45.069+0000] {processor.py:161} INFO - Started process (PID=4616) to work on /home/airflow/.local/lib/python3.8/site-packages/airflow/example_dags/tutorial_dag.py
[2025-04-05T16:49:45.070+0000] {processor.py:830} INFO - Processing file /home/airflow/.local/lib/python3.8/site-packages/airflow/example_dags/tutorial_dag.py for tasks to queue
[2025-04-05T16:49:45.071+0000] {logging_mixin.py:188} INFO - [2025-04-05T16:49:45.071+0000] {dagbag.py:538} INFO - Filling up the DagBag from /home/airflow/.local/lib/python3.8/site-packages/airflow/example_dags/tutorial_dag.py
[2025-04-05T16:49:45.076+0000] {processor.py:840} INFO - DAG(s) 'tutorial_dag' retrieved from /home/airflow/.local/lib/python3.8/site-packages/airflow/example_dags/tutorial_dag.py
[2025-04-05T16:49:45.106+0000] {logging_mixin.py:188} INFO - [2025-04-05T16:49:45.105+0000] {dag.py:3036} INFO - Sync 1 DAGs
[2025-04-05T16:49:45.129+0000] {logging_mixin.py:188} INFO - [2025-04-05T16:49:45.129+0000] {dag.py:3823} INFO - Setting next_dagrun for tutorial_dag to None, run_after=None
[2025-04-05T16:49:45.162+0000] {processor.py:183} INFO - Processing /home/airflow/.local/lib/python3.8/site-packages/airflow/example_dags/tutorial_dag.py took 0.095 seconds
[2025-04-05T16:50:15.473+0000] {processor.py:161} INFO - Started process (PID=4863) to work on /home/airflow/.local/lib/python3.8/site-packages/airflow/example_dags/tutorial_dag.py
[2025-04-05T16:50:15.475+0000] {processor.py:830} INFO - Processing file /home/airflow/.local/lib/python3.8/site-packages/airflow/example_dags/tutorial_dag.py for tasks to queue
[2025-04-05T16:50:15.476+0000] {logging_mixin.py:188} INFO - [2025-04-05T16:50:15.476+0000] {dagbag.py:538} INFO - Filling up the DagBag from /home/airflow/.local/lib/python3.8/site-packages/airflow/example_dags/tutorial_dag.py
[2025-04-05T16:50:15.482+0000] {processor.py:840} INFO - DAG(s) 'tutorial_dag' retrieved from /home/airflow/.local/lib/python3.8/site-packages/airflow/example_dags/tutorial_dag.py
[2025-04-05T16:50:15.506+0000] {logging_mixin.py:188} INFO - [2025-04-05T16:50:15.505+0000] {dag.py:3036} INFO - Sync 1 DAGs
[2025-04-05T16:50:15.519+0000] {logging_mixin.py:188} INFO - [2025-04-05T16:50:15.519+0000] {dag.py:3823} INFO - Setting next_dagrun for tutorial_dag to None, run_after=None
[2025-04-05T16:50:15.543+0000] {processor.py:183} INFO - Processing /home/airflow/.local/lib/python3.8/site-packages/airflow/example_dags/tutorial_dag.py took 0.072 seconds
[2025-04-05T16:50:45.695+0000] {processor.py:161} INFO - Started process (PID=5107) to work on /home/airflow/.local/lib/python3.8/site-packages/airflow/example_dags/tutorial_dag.py
[2025-04-05T16:50:45.696+0000] {processor.py:830} INFO - Processing file /home/airflow/.local/lib/python3.8/site-packages/airflow/example_dags/tutorial_dag.py for tasks to queue
[2025-04-05T16:50:45.697+0000] {logging_mixin.py:188} INFO - [2025-04-05T16:50:45.697+0000] {dagbag.py:538} INFO - Filling up the DagBag from /home/airflow/.local/lib/python3.8/site-packages/airflow/example_dags/tutorial_dag.py
[2025-04-05T16:50:45.703+0000] {processor.py:840} INFO - DAG(s) 'tutorial_dag' retrieved from /home/airflow/.local/lib/python3.8/site-packages/airflow/example_dags/tutorial_dag.py
[2025-04-05T16:50:45.724+0000] {logging_mixin.py:188} INFO - [2025-04-05T16:50:45.724+0000] {dag.py:3036} INFO - Sync 1 DAGs
[2025-04-05T16:50:45.736+0000] {logging_mixin.py:188} INFO - [2025-04-05T16:50:45.736+0000] {dag.py:3823} INFO - Setting next_dagrun for tutorial_dag to None, run_after=None
[2025-04-05T16:50:45.755+0000] {processor.py:183} INFO - Processing /home/airflow/.local/lib/python3.8/site-packages/airflow/example_dags/tutorial_dag.py took 0.063 seconds
[2025-04-05T16:51:15.828+0000] {processor.py:161} INFO - Started process (PID=5362) to work on /home/airflow/.local/lib/python3.8/site-packages/airflow/example_dags/tutorial_dag.py
[2025-04-05T16:51:15.830+0000] {processor.py:830} INFO - Processing file /home/airflow/.local/lib/python3.8/site-packages/airflow/example_dags/tutorial_dag.py for tasks to queue
[2025-04-05T16:51:15.831+0000] {logging_mixin.py:188} INFO - [2025-04-05T16:51:15.830+0000] {dagbag.py:538} INFO - Filling up the DagBag from /home/airflow/.local/lib/python3.8/site-packages/airflow/example_dags/tutorial_dag.py
[2025-04-05T16:51:15.836+0000] {processor.py:840} INFO - DAG(s) 'tutorial_dag' retrieved from /home/airflow/.local/lib/python3.8/site-packages/airflow/example_dags/tutorial_dag.py
[2025-04-05T16:51:15.859+0000] {logging_mixin.py:188} INFO - [2025-04-05T16:51:15.858+0000] {dag.py:3036} INFO - Sync 1 DAGs
[2025-04-05T16:51:15.871+0000] {logging_mixin.py:188} INFO - [2025-04-05T16:51:15.871+0000] {dag.py:3823} INFO - Setting next_dagrun for tutorial_dag to None, run_after=None
[2025-04-05T16:51:15.892+0000] {processor.py:183} INFO - Processing /home/airflow/.local/lib/python3.8/site-packages/airflow/example_dags/tutorial_dag.py took 0.067 seconds
[2025-04-05T16:51:46.186+0000] {processor.py:161} INFO - Started process (PID=5614) to work on /home/airflow/.local/lib/python3.8/site-packages/airflow/example_dags/tutorial_dag.py
[2025-04-05T16:51:46.187+0000] {processor.py:830} INFO - Processing file /home/airflow/.local/lib/python3.8/site-packages/airflow/example_dags/tutorial_dag.py for tasks to queue
[2025-04-05T16:51:46.188+0000] {logging_mixin.py:188} INFO - [2025-04-05T16:51:46.188+0000] {dagbag.py:538} INFO - Filling up the DagBag from /home/airflow/.local/lib/python3.8/site-packages/airflow/example_dags/tutorial_dag.py
[2025-04-05T16:51:46.194+0000] {processor.py:840} INFO - DAG(s) 'tutorial_dag' retrieved from /home/airflow/.local/lib/python3.8/site-packages/airflow/example_dags/tutorial_dag.py
[2025-04-05T16:51:46.218+0000] {logging_mixin.py:188} INFO - [2025-04-05T16:51:46.218+0000] {dag.py:3036} INFO - Sync 1 DAGs
[2025-04-05T16:51:46.231+0000] {logging_mixin.py:188} INFO - [2025-04-05T16:51:46.231+0000] {dag.py:3823} INFO - Setting next_dagrun for tutorial_dag to None, run_after=None
[2025-04-05T16:51:46.252+0000] {processor.py:183} INFO - Processing /home/airflow/.local/lib/python3.8/site-packages/airflow/example_dags/tutorial_dag.py took 0.070 seconds
[2025-04-05T16:52:16.663+0000] {processor.py:161} INFO - Started process (PID=5866) to work on /home/airflow/.local/lib/python3.8/site-packages/airflow/example_dags/tutorial_dag.py
[2025-04-05T16:52:16.664+0000] {processor.py:830} INFO - Processing file /home/airflow/.local/lib/python3.8/site-packages/airflow/example_dags/tutorial_dag.py for tasks to queue
[2025-04-05T16:52:16.666+0000] {logging_mixin.py:188} INFO - [2025-04-05T16:52:16.665+0000] {dagbag.py:538} INFO - Filling up the DagBag from /home/airflow/.local/lib/python3.8/site-packages/airflow/example_dags/tutorial_dag.py
[2025-04-05T16:52:16.672+0000] {processor.py:840} INFO - DAG(s) 'tutorial_dag' retrieved from /home/airflow/.local/lib/python3.8/site-packages/airflow/example_dags/tutorial_dag.py
[2025-04-05T16:52:16.697+0000] {logging_mixin.py:188} INFO - [2025-04-05T16:52:16.696+0000] {dag.py:3036} INFO - Sync 1 DAGs
[2025-04-05T16:52:16.716+0000] {logging_mixin.py:188} INFO - [2025-04-05T16:52:16.715+0000] {dag.py:3823} INFO - Setting next_dagrun for tutorial_dag to None, run_after=None
[2025-04-05T16:52:16.740+0000] {processor.py:183} INFO - Processing /home/airflow/.local/lib/python3.8/site-packages/airflow/example_dags/tutorial_dag.py took 0.080 seconds
[2025-04-05T16:52:46.848+0000] {processor.py:161} INFO - Started process (PID=6115) to work on /home/airflow/.local/lib/python3.8/site-packages/airflow/example_dags/tutorial_dag.py
[2025-04-05T16:52:46.849+0000] {processor.py:830} INFO - Processing file /home/airflow/.local/lib/python3.8/site-packages/airflow/example_dags/tutorial_dag.py for tasks to queue
[2025-04-05T16:52:46.850+0000] {logging_mixin.py:188} INFO - [2025-04-05T16:52:46.850+0000] {dagbag.py:538} INFO - Filling up the DagBag from /home/airflow/.local/lib/python3.8/site-packages/airflow/example_dags/tutorial_dag.py
[2025-04-05T16:52:46.856+0000] {processor.py:840} INFO - DAG(s) 'tutorial_dag' retrieved from /home/airflow/.local/lib/python3.8/site-packages/airflow/example_dags/tutorial_dag.py
[2025-04-05T16:52:46.877+0000] {logging_mixin.py:188} INFO - [2025-04-05T16:52:46.877+0000] {dag.py:3036} INFO - Sync 1 DAGs
[2025-04-05T16:52:46.889+0000] {logging_mixin.py:188} INFO - [2025-04-05T16:52:46.889+0000] {dag.py:3823} INFO - Setting next_dagrun for tutorial_dag to None, run_after=None
[2025-04-05T16:52:46.909+0000] {processor.py:183} INFO - Processing /home/airflow/.local/lib/python3.8/site-packages/airflow/example_dags/tutorial_dag.py took 0.064 seconds
[2025-04-05T16:53:17.013+0000] {processor.py:161} INFO - Started process (PID=6368) to work on /home/airflow/.local/lib/python3.8/site-packages/airflow/example_dags/tutorial_dag.py
[2025-04-05T16:53:17.014+0000] {processor.py:830} INFO - Processing file /home/airflow/.local/lib/python3.8/site-packages/airflow/example_dags/tutorial_dag.py for tasks to queue
[2025-04-05T16:53:17.015+0000] {logging_mixin.py:188} INFO - [2025-04-05T16:53:17.015+0000] {dagbag.py:538} INFO - Filling up the DagBag from /home/airflow/.local/lib/python3.8/site-packages/airflow/example_dags/tutorial_dag.py
[2025-04-05T16:53:17.020+0000] {processor.py:840} INFO - DAG(s) 'tutorial_dag' retrieved from /home/airflow/.local/lib/python3.8/site-packages/airflow/example_dags/tutorial_dag.py
[2025-04-05T16:53:17.040+0000] {logging_mixin.py:188} INFO - [2025-04-05T16:53:17.040+0000] {dag.py:3036} INFO - Sync 1 DAGs
[2025-04-05T16:53:17.051+0000] {logging_mixin.py:188} INFO - [2025-04-05T16:53:17.051+0000] {dag.py:3823} INFO - Setting next_dagrun for tutorial_dag to None, run_after=None
[2025-04-05T16:53:17.073+0000] {processor.py:183} INFO - Processing /home/airflow/.local/lib/python3.8/site-packages/airflow/example_dags/tutorial_dag.py took 0.063 seconds
[2025-04-05T16:53:47.380+0000] {processor.py:161} INFO - Started process (PID=6623) to work on /home/airflow/.local/lib/python3.8/site-packages/airflow/example_dags/tutorial_dag.py
[2025-04-05T16:53:47.381+0000] {processor.py:830} INFO - Processing file /home/airflow/.local/lib/python3.8/site-packages/airflow/example_dags/tutorial_dag.py for tasks to queue
[2025-04-05T16:53:47.382+0000] {logging_mixin.py:188} INFO - [2025-04-05T16:53:47.382+0000] {dagbag.py:538} INFO - Filling up the DagBag from /home/airflow/.local/lib/python3.8/site-packages/airflow/example_dags/tutorial_dag.py
[2025-04-05T16:53:47.387+0000] {processor.py:840} INFO - DAG(s) 'tutorial_dag' retrieved from /home/airflow/.local/lib/python3.8/site-packages/airflow/example_dags/tutorial_dag.py
[2025-04-05T16:53:47.410+0000] {logging_mixin.py:188} INFO - [2025-04-05T16:53:47.409+0000] {dag.py:3036} INFO - Sync 1 DAGs
[2025-04-05T16:53:47.421+0000] {logging_mixin.py:188} INFO - [2025-04-05T16:53:47.421+0000] {dag.py:3823} INFO - Setting next_dagrun for tutorial_dag to None, run_after=None
[2025-04-05T16:53:47.441+0000] {processor.py:183} INFO - Processing /home/airflow/.local/lib/python3.8/site-packages/airflow/example_dags/tutorial_dag.py took 0.064 seconds
[2025-04-05T16:54:17.521+0000] {processor.py:161} INFO - Started process (PID=6872) to work on /home/airflow/.local/lib/python3.8/site-packages/airflow/example_dags/tutorial_dag.py
[2025-04-05T16:54:17.522+0000] {processor.py:830} INFO - Processing file /home/airflow/.local/lib/python3.8/site-packages/airflow/example_dags/tutorial_dag.py for tasks to queue
[2025-04-05T16:54:17.523+0000] {logging_mixin.py:188} INFO - [2025-04-05T16:54:17.523+0000] {dagbag.py:538} INFO - Filling up the DagBag from /home/airflow/.local/lib/python3.8/site-packages/airflow/example_dags/tutorial_dag.py
[2025-04-05T16:54:17.528+0000] {processor.py:840} INFO - DAG(s) 'tutorial_dag' retrieved from /home/airflow/.local/lib/python3.8/site-packages/airflow/example_dags/tutorial_dag.py
[2025-04-05T16:54:17.547+0000] {logging_mixin.py:188} INFO - [2025-04-05T16:54:17.547+0000] {dag.py:3036} INFO - Sync 1 DAGs
[2025-04-05T16:54:17.559+0000] {logging_mixin.py:188} INFO - [2025-04-05T16:54:17.559+0000] {dag.py:3823} INFO - Setting next_dagrun for tutorial_dag to None, run_after=None
[2025-04-05T16:54:17.579+0000] {processor.py:183} INFO - Processing /home/airflow/.local/lib/python3.8/site-packages/airflow/example_dags/tutorial_dag.py took 0.060 seconds
[2025-04-05T16:54:47.806+0000] {processor.py:161} INFO - Started process (PID=7127) to work on /home/airflow/.local/lib/python3.8/site-packages/airflow/example_dags/tutorial_dag.py
[2025-04-05T16:54:47.808+0000] {processor.py:830} INFO - Processing file /home/airflow/.local/lib/python3.8/site-packages/airflow/example_dags/tutorial_dag.py for tasks to queue
[2025-04-05T16:54:47.809+0000] {logging_mixin.py:188} INFO - [2025-04-05T16:54:47.809+0000] {dagbag.py:538} INFO - Filling up the DagBag from /home/airflow/.local/lib/python3.8/site-packages/airflow/example_dags/tutorial_dag.py
[2025-04-05T16:54:47.816+0000] {processor.py:840} INFO - DAG(s) 'tutorial_dag' retrieved from /home/airflow/.local/lib/python3.8/site-packages/airflow/example_dags/tutorial_dag.py
[2025-04-05T16:54:47.838+0000] {logging_mixin.py:188} INFO - [2025-04-05T16:54:47.838+0000] {dag.py:3036} INFO - Sync 1 DAGs
[2025-04-05T16:54:47.851+0000] {logging_mixin.py:188} INFO - [2025-04-05T16:54:47.851+0000] {dag.py:3823} INFO - Setting next_dagrun for tutorial_dag to None, run_after=None
[2025-04-05T16:54:47.953+0000] {processor.py:183} INFO - Processing /home/airflow/.local/lib/python3.8/site-packages/airflow/example_dags/tutorial_dag.py took 0.150 seconds
[2025-04-05T16:55:18.177+0000] {processor.py:161} INFO - Started process (PID=7384) to work on /home/airflow/.local/lib/python3.8/site-packages/airflow/example_dags/tutorial_dag.py
[2025-04-05T16:55:18.178+0000] {processor.py:830} INFO - Processing file /home/airflow/.local/lib/python3.8/site-packages/airflow/example_dags/tutorial_dag.py for tasks to queue
[2025-04-05T16:55:18.179+0000] {logging_mixin.py:188} INFO - [2025-04-05T16:55:18.179+0000] {dagbag.py:538} INFO - Filling up the DagBag from /home/airflow/.local/lib/python3.8/site-packages/airflow/example_dags/tutorial_dag.py
[2025-04-05T16:55:18.185+0000] {processor.py:840} INFO - DAG(s) 'tutorial_dag' retrieved from /home/airflow/.local/lib/python3.8/site-packages/airflow/example_dags/tutorial_dag.py
[2025-04-05T16:55:18.208+0000] {logging_mixin.py:188} INFO - [2025-04-05T16:55:18.208+0000] {dag.py:3036} INFO - Sync 1 DAGs
[2025-04-05T16:55:18.223+0000] {logging_mixin.py:188} INFO - [2025-04-05T16:55:18.222+0000] {dag.py:3823} INFO - Setting next_dagrun for tutorial_dag to None, run_after=None
[2025-04-05T16:55:18.254+0000] {processor.py:183} INFO - Processing /home/airflow/.local/lib/python3.8/site-packages/airflow/example_dags/tutorial_dag.py took 0.080 seconds
[2025-04-05T16:55:48.610+0000] {processor.py:161} INFO - Started process (PID=7636) to work on /home/airflow/.local/lib/python3.8/site-packages/airflow/example_dags/tutorial_dag.py
[2025-04-05T16:55:48.610+0000] {processor.py:830} INFO - Processing file /home/airflow/.local/lib/python3.8/site-packages/airflow/example_dags/tutorial_dag.py for tasks to queue
[2025-04-05T16:55:48.611+0000] {logging_mixin.py:188} INFO - [2025-04-05T16:55:48.611+0000] {dagbag.py:538} INFO - Filling up the DagBag from /home/airflow/.local/lib/python3.8/site-packages/airflow/example_dags/tutorial_dag.py
[2025-04-05T16:55:48.617+0000] {processor.py:840} INFO - DAG(s) 'tutorial_dag' retrieved from /home/airflow/.local/lib/python3.8/site-packages/airflow/example_dags/tutorial_dag.py
[2025-04-05T16:55:48.638+0000] {logging_mixin.py:188} INFO - [2025-04-05T16:55:48.638+0000] {dag.py:3036} INFO - Sync 1 DAGs
[2025-04-05T16:55:48.650+0000] {logging_mixin.py:188} INFO - [2025-04-05T16:55:48.650+0000] {dag.py:3823} INFO - Setting next_dagrun for tutorial_dag to None, run_after=None
[2025-04-05T16:55:48.671+0000] {processor.py:183} INFO - Processing /home/airflow/.local/lib/python3.8/site-packages/airflow/example_dags/tutorial_dag.py took 0.065 seconds
[2025-04-05T16:56:18.829+0000] {processor.py:161} INFO - Started process (PID=7888) to work on /home/airflow/.local/lib/python3.8/site-packages/airflow/example_dags/tutorial_dag.py
[2025-04-05T16:56:18.830+0000] {processor.py:830} INFO - Processing file /home/airflow/.local/lib/python3.8/site-packages/airflow/example_dags/tutorial_dag.py for tasks to queue
[2025-04-05T16:56:18.831+0000] {logging_mixin.py:188} INFO - [2025-04-05T16:56:18.831+0000] {dagbag.py:538} INFO - Filling up the DagBag from /home/airflow/.local/lib/python3.8/site-packages/airflow/example_dags/tutorial_dag.py
[2025-04-05T16:56:18.836+0000] {processor.py:840} INFO - DAG(s) 'tutorial_dag' retrieved from /home/airflow/.local/lib/python3.8/site-packages/airflow/example_dags/tutorial_dag.py
[2025-04-05T16:56:18.855+0000] {logging_mixin.py:188} INFO - [2025-04-05T16:56:18.855+0000] {dag.py:3036} INFO - Sync 1 DAGs
[2025-04-05T16:56:18.866+0000] {logging_mixin.py:188} INFO - [2025-04-05T16:56:18.866+0000] {dag.py:3823} INFO - Setting next_dagrun for tutorial_dag to None, run_after=None
[2025-04-05T16:56:18.887+0000] {processor.py:183} INFO - Processing /home/airflow/.local/lib/python3.8/site-packages/airflow/example_dags/tutorial_dag.py took 0.060 seconds
[2025-04-05T16:56:49.059+0000] {processor.py:161} INFO - Started process (PID=8140) to work on /home/airflow/.local/lib/python3.8/site-packages/airflow/example_dags/tutorial_dag.py
[2025-04-05T16:56:49.060+0000] {processor.py:830} INFO - Processing file /home/airflow/.local/lib/python3.8/site-packages/airflow/example_dags/tutorial_dag.py for tasks to queue
[2025-04-05T16:56:49.061+0000] {logging_mixin.py:188} INFO - [2025-04-05T16:56:49.061+0000] {dagbag.py:538} INFO - Filling up the DagBag from /home/airflow/.local/lib/python3.8/site-packages/airflow/example_dags/tutorial_dag.py
[2025-04-05T16:56:49.066+0000] {processor.py:840} INFO - DAG(s) 'tutorial_dag' retrieved from /home/airflow/.local/lib/python3.8/site-packages/airflow/example_dags/tutorial_dag.py
[2025-04-05T16:56:49.086+0000] {logging_mixin.py:188} INFO - [2025-04-05T16:56:49.086+0000] {dag.py:3036} INFO - Sync 1 DAGs
[2025-04-05T16:56:49.097+0000] {logging_mixin.py:188} INFO - [2025-04-05T16:56:49.097+0000] {dag.py:3823} INFO - Setting next_dagrun for tutorial_dag to None, run_after=None
[2025-04-05T16:56:49.116+0000] {processor.py:183} INFO - Processing /home/airflow/.local/lib/python3.8/site-packages/airflow/example_dags/tutorial_dag.py took 0.060 seconds
