[2025-04-05T14:18:16.013+0000] {processor.py:161} INFO - Started process (PID=325) to work on /home/airflow/.local/lib/python3.8/site-packages/airflow/example_dags/tutorial_objectstorage.py
[2025-04-05T14:18:16.015+0000] {processor.py:830} INFO - Processing file /home/airflow/.local/lib/python3.8/site-packages/airflow/example_dags/tutorial_objectstorage.py for tasks to queue
[2025-04-05T14:18:16.016+0000] {logging_mixin.py:188} INFO - [2025-04-05T14:18:16.015+0000] {dagbag.py:538} INFO - Filling up the DagBag from /home/airflow/.local/lib/python3.8/site-packages/airflow/example_dags/tutorial_objectstorage.py
[2025-04-05T14:18:16.024+0000] {processor.py:840} INFO - DAG(s) 'tutorial_objectstorage' retrieved from /home/airflow/.local/lib/python3.8/site-packages/airflow/example_dags/tutorial_objectstorage.py
[2025-04-05T14:18:16.037+0000] {logging_mixin.py:188} INFO - [2025-04-05T14:18:16.037+0000] {dag.py:3036} INFO - Sync 1 DAGs
[2025-04-05T14:18:16.051+0000] {logging_mixin.py:188} INFO - [2025-04-05T14:18:16.051+0000] {dag.py:3823} INFO - Setting next_dagrun for tutorial_objectstorage to None, run_after=None
[2025-04-05T14:18:16.076+0000] {processor.py:183} INFO - Processing /home/airflow/.local/lib/python3.8/site-packages/airflow/example_dags/tutorial_objectstorage.py took 0.066 seconds
[2025-04-05T14:18:47.165+0000] {processor.py:161} INFO - Started process (PID=576) to work on /home/airflow/.local/lib/python3.8/site-packages/airflow/example_dags/tutorial_objectstorage.py
[2025-04-05T14:18:47.166+0000] {processor.py:830} INFO - Processing file /home/airflow/.local/lib/python3.8/site-packages/airflow/example_dags/tutorial_objectstorage.py for tasks to queue
[2025-04-05T14:18:47.168+0000] {logging_mixin.py:188} INFO - [2025-04-05T14:18:47.168+0000] {dagbag.py:538} INFO - Filling up the DagBag from /home/airflow/.local/lib/python3.8/site-packages/airflow/example_dags/tutorial_objectstorage.py
[2025-04-05T14:18:47.178+0000] {processor.py:840} INFO - DAG(s) 'tutorial_objectstorage' retrieved from /home/airflow/.local/lib/python3.8/site-packages/airflow/example_dags/tutorial_objectstorage.py
[2025-04-05T14:18:47.322+0000] {logging_mixin.py:188} INFO - [2025-04-05T14:18:47.321+0000] {dag.py:3036} INFO - Sync 1 DAGs
[2025-04-05T14:18:47.336+0000] {logging_mixin.py:188} INFO - [2025-04-05T14:18:47.336+0000] {dag.py:3823} INFO - Setting next_dagrun for tutorial_objectstorage to None, run_after=None
[2025-04-05T14:18:47.491+0000] {processor.py:183} INFO - Processing /home/airflow/.local/lib/python3.8/site-packages/airflow/example_dags/tutorial_objectstorage.py took 0.330 seconds
[2025-04-05T14:19:18.155+0000] {processor.py:161} INFO - Started process (PID=823) to work on /home/airflow/.local/lib/python3.8/site-packages/airflow/example_dags/tutorial_objectstorage.py
[2025-04-05T14:19:18.156+0000] {processor.py:830} INFO - Processing file /home/airflow/.local/lib/python3.8/site-packages/airflow/example_dags/tutorial_objectstorage.py for tasks to queue
[2025-04-05T14:19:18.157+0000] {logging_mixin.py:188} INFO - [2025-04-05T14:19:18.157+0000] {dagbag.py:538} INFO - Filling up the DagBag from /home/airflow/.local/lib/python3.8/site-packages/airflow/example_dags/tutorial_objectstorage.py
[2025-04-05T14:19:18.165+0000] {processor.py:840} INFO - DAG(s) 'tutorial_objectstorage' retrieved from /home/airflow/.local/lib/python3.8/site-packages/airflow/example_dags/tutorial_objectstorage.py
[2025-04-05T14:19:18.184+0000] {logging_mixin.py:188} INFO - [2025-04-05T14:19:18.184+0000] {dag.py:3036} INFO - Sync 1 DAGs
[2025-04-05T14:19:18.196+0000] {logging_mixin.py:188} INFO - [2025-04-05T14:19:18.196+0000] {dag.py:3823} INFO - Setting next_dagrun for tutorial_objectstorage to None, run_after=None
[2025-04-05T14:19:18.218+0000] {processor.py:183} INFO - Processing /home/airflow/.local/lib/python3.8/site-packages/airflow/example_dags/tutorial_objectstorage.py took 0.066 seconds
[2025-04-05T14:19:48.350+0000] {processor.py:161} INFO - Started process (PID=1070) to work on /home/airflow/.local/lib/python3.8/site-packages/airflow/example_dags/tutorial_objectstorage.py
[2025-04-05T14:19:48.351+0000] {processor.py:830} INFO - Processing file /home/airflow/.local/lib/python3.8/site-packages/airflow/example_dags/tutorial_objectstorage.py for tasks to queue
[2025-04-05T14:19:48.353+0000] {logging_mixin.py:188} INFO - [2025-04-05T14:19:48.352+0000] {dagbag.py:538} INFO - Filling up the DagBag from /home/airflow/.local/lib/python3.8/site-packages/airflow/example_dags/tutorial_objectstorage.py
[2025-04-05T14:19:48.360+0000] {processor.py:840} INFO - DAG(s) 'tutorial_objectstorage' retrieved from /home/airflow/.local/lib/python3.8/site-packages/airflow/example_dags/tutorial_objectstorage.py
[2025-04-05T14:19:48.380+0000] {logging_mixin.py:188} INFO - [2025-04-05T14:19:48.380+0000] {dag.py:3036} INFO - Sync 1 DAGs
[2025-04-05T14:19:48.394+0000] {logging_mixin.py:188} INFO - [2025-04-05T14:19:48.394+0000] {dag.py:3823} INFO - Setting next_dagrun for tutorial_objectstorage to None, run_after=None
[2025-04-05T14:19:48.418+0000] {processor.py:183} INFO - Processing /home/airflow/.local/lib/python3.8/site-packages/airflow/example_dags/tutorial_objectstorage.py took 0.071 seconds
[2025-04-05T14:20:19.054+0000] {processor.py:161} INFO - Started process (PID=1319) to work on /home/airflow/.local/lib/python3.8/site-packages/airflow/example_dags/tutorial_objectstorage.py
[2025-04-05T14:20:19.055+0000] {processor.py:830} INFO - Processing file /home/airflow/.local/lib/python3.8/site-packages/airflow/example_dags/tutorial_objectstorage.py for tasks to queue
[2025-04-05T14:20:19.056+0000] {logging_mixin.py:188} INFO - [2025-04-05T14:20:19.056+0000] {dagbag.py:538} INFO - Filling up the DagBag from /home/airflow/.local/lib/python3.8/site-packages/airflow/example_dags/tutorial_objectstorage.py
[2025-04-05T14:20:19.063+0000] {processor.py:840} INFO - DAG(s) 'tutorial_objectstorage' retrieved from /home/airflow/.local/lib/python3.8/site-packages/airflow/example_dags/tutorial_objectstorage.py
[2025-04-05T14:20:19.082+0000] {logging_mixin.py:188} INFO - [2025-04-05T14:20:19.081+0000] {dag.py:3036} INFO - Sync 1 DAGs
[2025-04-05T14:20:19.094+0000] {logging_mixin.py:188} INFO - [2025-04-05T14:20:19.093+0000] {dag.py:3823} INFO - Setting next_dagrun for tutorial_objectstorage to None, run_after=None
[2025-04-05T14:20:19.114+0000] {processor.py:183} INFO - Processing /home/airflow/.local/lib/python3.8/site-packages/airflow/example_dags/tutorial_objectstorage.py took 0.063 seconds
[2025-04-05T14:20:49.955+0000] {processor.py:161} INFO - Started process (PID=1566) to work on /home/airflow/.local/lib/python3.8/site-packages/airflow/example_dags/tutorial_objectstorage.py
[2025-04-05T14:20:49.957+0000] {processor.py:830} INFO - Processing file /home/airflow/.local/lib/python3.8/site-packages/airflow/example_dags/tutorial_objectstorage.py for tasks to queue
[2025-04-05T14:20:49.958+0000] {logging_mixin.py:188} INFO - [2025-04-05T14:20:49.957+0000] {dagbag.py:538} INFO - Filling up the DagBag from /home/airflow/.local/lib/python3.8/site-packages/airflow/example_dags/tutorial_objectstorage.py
[2025-04-05T14:20:49.967+0000] {processor.py:840} INFO - DAG(s) 'tutorial_objectstorage' retrieved from /home/airflow/.local/lib/python3.8/site-packages/airflow/example_dags/tutorial_objectstorage.py
[2025-04-05T14:20:49.989+0000] {logging_mixin.py:188} INFO - [2025-04-05T14:20:49.989+0000] {dag.py:3036} INFO - Sync 1 DAGs
[2025-04-05T14:20:50.003+0000] {logging_mixin.py:188} INFO - [2025-04-05T14:20:50.003+0000] {dag.py:3823} INFO - Setting next_dagrun for tutorial_objectstorage to None, run_after=None
[2025-04-05T14:20:50.027+0000] {processor.py:183} INFO - Processing /home/airflow/.local/lib/python3.8/site-packages/airflow/example_dags/tutorial_objectstorage.py took 0.076 seconds
[2025-04-05T14:21:20.128+0000] {processor.py:161} INFO - Started process (PID=1811) to work on /home/airflow/.local/lib/python3.8/site-packages/airflow/example_dags/tutorial_objectstorage.py
[2025-04-05T14:21:20.130+0000] {processor.py:830} INFO - Processing file /home/airflow/.local/lib/python3.8/site-packages/airflow/example_dags/tutorial_objectstorage.py for tasks to queue
[2025-04-05T14:21:20.131+0000] {logging_mixin.py:188} INFO - [2025-04-05T14:21:20.131+0000] {dagbag.py:538} INFO - Filling up the DagBag from /home/airflow/.local/lib/python3.8/site-packages/airflow/example_dags/tutorial_objectstorage.py
[2025-04-05T14:21:20.138+0000] {processor.py:840} INFO - DAG(s) 'tutorial_objectstorage' retrieved from /home/airflow/.local/lib/python3.8/site-packages/airflow/example_dags/tutorial_objectstorage.py
[2025-04-05T14:21:20.156+0000] {logging_mixin.py:188} INFO - [2025-04-05T14:21:20.156+0000] {dag.py:3036} INFO - Sync 1 DAGs
[2025-04-05T14:21:20.167+0000] {logging_mixin.py:188} INFO - [2025-04-05T14:21:20.167+0000] {dag.py:3823} INFO - Setting next_dagrun for tutorial_objectstorage to None, run_after=None
[2025-04-05T14:21:20.184+0000] {processor.py:183} INFO - Processing /home/airflow/.local/lib/python3.8/site-packages/airflow/example_dags/tutorial_objectstorage.py took 0.059 seconds
[2025-04-05T14:21:50.535+0000] {processor.py:161} INFO - Started process (PID=2059) to work on /home/airflow/.local/lib/python3.8/site-packages/airflow/example_dags/tutorial_objectstorage.py
[2025-04-05T14:21:50.537+0000] {processor.py:830} INFO - Processing file /home/airflow/.local/lib/python3.8/site-packages/airflow/example_dags/tutorial_objectstorage.py for tasks to queue
[2025-04-05T14:21:50.539+0000] {logging_mixin.py:188} INFO - [2025-04-05T14:21:50.538+0000] {dagbag.py:538} INFO - Filling up the DagBag from /home/airflow/.local/lib/python3.8/site-packages/airflow/example_dags/tutorial_objectstorage.py
[2025-04-05T14:21:50.551+0000] {processor.py:840} INFO - DAG(s) 'tutorial_objectstorage' retrieved from /home/airflow/.local/lib/python3.8/site-packages/airflow/example_dags/tutorial_objectstorage.py
[2025-04-05T14:21:50.580+0000] {logging_mixin.py:188} INFO - [2025-04-05T14:21:50.580+0000] {dag.py:3036} INFO - Sync 1 DAGs
[2025-04-05T14:21:50.604+0000] {logging_mixin.py:188} INFO - [2025-04-05T14:21:50.604+0000] {dag.py:3823} INFO - Setting next_dagrun for tutorial_objectstorage to None, run_after=None
[2025-04-05T14:21:50.628+0000] {processor.py:183} INFO - Processing /home/airflow/.local/lib/python3.8/site-packages/airflow/example_dags/tutorial_objectstorage.py took 0.098 seconds
[2025-04-05T14:22:21.683+0000] {processor.py:161} INFO - Started process (PID=2306) to work on /home/airflow/.local/lib/python3.8/site-packages/airflow/example_dags/tutorial_objectstorage.py
[2025-04-05T14:22:21.684+0000] {processor.py:830} INFO - Processing file /home/airflow/.local/lib/python3.8/site-packages/airflow/example_dags/tutorial_objectstorage.py for tasks to queue
[2025-04-05T14:22:21.685+0000] {logging_mixin.py:188} INFO - [2025-04-05T14:22:21.685+0000] {dagbag.py:538} INFO - Filling up the DagBag from /home/airflow/.local/lib/python3.8/site-packages/airflow/example_dags/tutorial_objectstorage.py
[2025-04-05T14:22:21.695+0000] {processor.py:840} INFO - DAG(s) 'tutorial_objectstorage' retrieved from /home/airflow/.local/lib/python3.8/site-packages/airflow/example_dags/tutorial_objectstorage.py
[2025-04-05T14:22:21.715+0000] {logging_mixin.py:188} INFO - [2025-04-05T14:22:21.715+0000] {dag.py:3036} INFO - Sync 1 DAGs
[2025-04-05T14:22:21.728+0000] {logging_mixin.py:188} INFO - [2025-04-05T14:22:21.728+0000] {dag.py:3823} INFO - Setting next_dagrun for tutorial_objectstorage to None, run_after=None
[2025-04-05T14:22:21.753+0000] {processor.py:183} INFO - Processing /home/airflow/.local/lib/python3.8/site-packages/airflow/example_dags/tutorial_objectstorage.py took 0.073 seconds
[2025-04-05T14:22:52.121+0000] {processor.py:161} INFO - Started process (PID=2553) to work on /home/airflow/.local/lib/python3.8/site-packages/airflow/example_dags/tutorial_objectstorage.py
[2025-04-05T14:22:52.123+0000] {processor.py:830} INFO - Processing file /home/airflow/.local/lib/python3.8/site-packages/airflow/example_dags/tutorial_objectstorage.py for tasks to queue
[2025-04-05T14:22:52.124+0000] {logging_mixin.py:188} INFO - [2025-04-05T14:22:52.124+0000] {dagbag.py:538} INFO - Filling up the DagBag from /home/airflow/.local/lib/python3.8/site-packages/airflow/example_dags/tutorial_objectstorage.py
[2025-04-05T14:22:52.132+0000] {processor.py:840} INFO - DAG(s) 'tutorial_objectstorage' retrieved from /home/airflow/.local/lib/python3.8/site-packages/airflow/example_dags/tutorial_objectstorage.py
[2025-04-05T14:22:52.154+0000] {logging_mixin.py:188} INFO - [2025-04-05T14:22:52.154+0000] {dag.py:3036} INFO - Sync 1 DAGs
[2025-04-05T14:22:52.172+0000] {logging_mixin.py:188} INFO - [2025-04-05T14:22:52.172+0000] {dag.py:3823} INFO - Setting next_dagrun for tutorial_objectstorage to None, run_after=None
[2025-04-05T14:22:52.200+0000] {processor.py:183} INFO - Processing /home/airflow/.local/lib/python3.8/site-packages/airflow/example_dags/tutorial_objectstorage.py took 0.082 seconds
[2025-04-05T14:23:22.268+0000] {processor.py:161} INFO - Started process (PID=2800) to work on /home/airflow/.local/lib/python3.8/site-packages/airflow/example_dags/tutorial_objectstorage.py
[2025-04-05T14:23:22.269+0000] {processor.py:830} INFO - Processing file /home/airflow/.local/lib/python3.8/site-packages/airflow/example_dags/tutorial_objectstorage.py for tasks to queue
[2025-04-05T14:23:22.270+0000] {logging_mixin.py:188} INFO - [2025-04-05T14:23:22.270+0000] {dagbag.py:538} INFO - Filling up the DagBag from /home/airflow/.local/lib/python3.8/site-packages/airflow/example_dags/tutorial_objectstorage.py
[2025-04-05T14:23:22.278+0000] {processor.py:840} INFO - DAG(s) 'tutorial_objectstorage' retrieved from /home/airflow/.local/lib/python3.8/site-packages/airflow/example_dags/tutorial_objectstorage.py
[2025-04-05T14:23:22.297+0000] {logging_mixin.py:188} INFO - [2025-04-05T14:23:22.297+0000] {dag.py:3036} INFO - Sync 1 DAGs
[2025-04-05T14:23:22.309+0000] {logging_mixin.py:188} INFO - [2025-04-05T14:23:22.309+0000] {dag.py:3823} INFO - Setting next_dagrun for tutorial_objectstorage to None, run_after=None
[2025-04-05T14:23:22.329+0000] {processor.py:183} INFO - Processing /home/airflow/.local/lib/python3.8/site-packages/airflow/example_dags/tutorial_objectstorage.py took 0.064 seconds
[2025-04-05T14:23:52.576+0000] {processor.py:161} INFO - Started process (PID=3049) to work on /home/airflow/.local/lib/python3.8/site-packages/airflow/example_dags/tutorial_objectstorage.py
[2025-04-05T14:23:52.577+0000] {processor.py:830} INFO - Processing file /home/airflow/.local/lib/python3.8/site-packages/airflow/example_dags/tutorial_objectstorage.py for tasks to queue
[2025-04-05T14:23:52.578+0000] {logging_mixin.py:188} INFO - [2025-04-05T14:23:52.578+0000] {dagbag.py:538} INFO - Filling up the DagBag from /home/airflow/.local/lib/python3.8/site-packages/airflow/example_dags/tutorial_objectstorage.py
[2025-04-05T14:23:52.585+0000] {processor.py:840} INFO - DAG(s) 'tutorial_objectstorage' retrieved from /home/airflow/.local/lib/python3.8/site-packages/airflow/example_dags/tutorial_objectstorage.py
[2025-04-05T14:23:52.604+0000] {logging_mixin.py:188} INFO - [2025-04-05T14:23:52.603+0000] {dag.py:3036} INFO - Sync 1 DAGs
[2025-04-05T14:23:52.615+0000] {logging_mixin.py:188} INFO - [2025-04-05T14:23:52.614+0000] {dag.py:3823} INFO - Setting next_dagrun for tutorial_objectstorage to None, run_after=None
[2025-04-05T14:23:52.632+0000] {processor.py:183} INFO - Processing /home/airflow/.local/lib/python3.8/site-packages/airflow/example_dags/tutorial_objectstorage.py took 0.059 seconds
[2025-04-05T14:24:23.521+0000] {processor.py:161} INFO - Started process (PID=3294) to work on /home/airflow/.local/lib/python3.8/site-packages/airflow/example_dags/tutorial_objectstorage.py
[2025-04-05T14:24:23.522+0000] {processor.py:830} INFO - Processing file /home/airflow/.local/lib/python3.8/site-packages/airflow/example_dags/tutorial_objectstorage.py for tasks to queue
[2025-04-05T14:24:23.523+0000] {logging_mixin.py:188} INFO - [2025-04-05T14:24:23.523+0000] {dagbag.py:538} INFO - Filling up the DagBag from /home/airflow/.local/lib/python3.8/site-packages/airflow/example_dags/tutorial_objectstorage.py
[2025-04-05T14:24:23.530+0000] {processor.py:840} INFO - DAG(s) 'tutorial_objectstorage' retrieved from /home/airflow/.local/lib/python3.8/site-packages/airflow/example_dags/tutorial_objectstorage.py
[2025-04-05T14:24:23.547+0000] {logging_mixin.py:188} INFO - [2025-04-05T14:24:23.547+0000] {dag.py:3036} INFO - Sync 1 DAGs
[2025-04-05T14:24:23.558+0000] {logging_mixin.py:188} INFO - [2025-04-05T14:24:23.558+0000] {dag.py:3823} INFO - Setting next_dagrun for tutorial_objectstorage to None, run_after=None
[2025-04-05T14:24:23.579+0000] {processor.py:183} INFO - Processing /home/airflow/.local/lib/python3.8/site-packages/airflow/example_dags/tutorial_objectstorage.py took 0.061 seconds
[2025-04-05T14:24:53.798+0000] {processor.py:161} INFO - Started process (PID=3541) to work on /home/airflow/.local/lib/python3.8/site-packages/airflow/example_dags/tutorial_objectstorage.py
[2025-04-05T14:24:53.800+0000] {processor.py:830} INFO - Processing file /home/airflow/.local/lib/python3.8/site-packages/airflow/example_dags/tutorial_objectstorage.py for tasks to queue
[2025-04-05T14:24:53.801+0000] {logging_mixin.py:188} INFO - [2025-04-05T14:24:53.800+0000] {dagbag.py:538} INFO - Filling up the DagBag from /home/airflow/.local/lib/python3.8/site-packages/airflow/example_dags/tutorial_objectstorage.py
[2025-04-05T14:24:53.809+0000] {processor.py:840} INFO - DAG(s) 'tutorial_objectstorage' retrieved from /home/airflow/.local/lib/python3.8/site-packages/airflow/example_dags/tutorial_objectstorage.py
[2025-04-05T14:24:53.829+0000] {logging_mixin.py:188} INFO - [2025-04-05T14:24:53.829+0000] {dag.py:3036} INFO - Sync 1 DAGs
[2025-04-05T14:24:53.843+0000] {logging_mixin.py:188} INFO - [2025-04-05T14:24:53.843+0000] {dag.py:3823} INFO - Setting next_dagrun for tutorial_objectstorage to None, run_after=None
[2025-04-05T14:24:53.866+0000] {processor.py:183} INFO - Processing /home/airflow/.local/lib/python3.8/site-packages/airflow/example_dags/tutorial_objectstorage.py took 0.071 seconds
[2025-04-05T14:25:24.225+0000] {processor.py:161} INFO - Started process (PID=3790) to work on /home/airflow/.local/lib/python3.8/site-packages/airflow/example_dags/tutorial_objectstorage.py
[2025-04-05T14:25:24.226+0000] {processor.py:830} INFO - Processing file /home/airflow/.local/lib/python3.8/site-packages/airflow/example_dags/tutorial_objectstorage.py for tasks to queue
[2025-04-05T14:25:24.227+0000] {logging_mixin.py:188} INFO - [2025-04-05T14:25:24.227+0000] {dagbag.py:538} INFO - Filling up the DagBag from /home/airflow/.local/lib/python3.8/site-packages/airflow/example_dags/tutorial_objectstorage.py
[2025-04-05T14:25:24.235+0000] {processor.py:840} INFO - DAG(s) 'tutorial_objectstorage' retrieved from /home/airflow/.local/lib/python3.8/site-packages/airflow/example_dags/tutorial_objectstorage.py
[2025-04-05T14:25:24.254+0000] {logging_mixin.py:188} INFO - [2025-04-05T14:25:24.253+0000] {dag.py:3036} INFO - Sync 1 DAGs
[2025-04-05T14:25:24.267+0000] {logging_mixin.py:188} INFO - [2025-04-05T14:25:24.267+0000] {dag.py:3823} INFO - Setting next_dagrun for tutorial_objectstorage to None, run_after=None
[2025-04-05T14:25:24.300+0000] {processor.py:183} INFO - Processing /home/airflow/.local/lib/python3.8/site-packages/airflow/example_dags/tutorial_objectstorage.py took 0.078 seconds
[2025-04-05T14:25:54.380+0000] {processor.py:161} INFO - Started process (PID=4037) to work on /home/airflow/.local/lib/python3.8/site-packages/airflow/example_dags/tutorial_objectstorage.py
[2025-04-05T14:25:54.381+0000] {processor.py:830} INFO - Processing file /home/airflow/.local/lib/python3.8/site-packages/airflow/example_dags/tutorial_objectstorage.py for tasks to queue
[2025-04-05T14:25:54.382+0000] {logging_mixin.py:188} INFO - [2025-04-05T14:25:54.382+0000] {dagbag.py:538} INFO - Filling up the DagBag from /home/airflow/.local/lib/python3.8/site-packages/airflow/example_dags/tutorial_objectstorage.py
[2025-04-05T14:25:54.389+0000] {processor.py:840} INFO - DAG(s) 'tutorial_objectstorage' retrieved from /home/airflow/.local/lib/python3.8/site-packages/airflow/example_dags/tutorial_objectstorage.py
[2025-04-05T14:25:54.407+0000] {logging_mixin.py:188} INFO - [2025-04-05T14:25:54.407+0000] {dag.py:3036} INFO - Sync 1 DAGs
[2025-04-05T14:25:54.418+0000] {logging_mixin.py:188} INFO - [2025-04-05T14:25:54.418+0000] {dag.py:3823} INFO - Setting next_dagrun for tutorial_objectstorage to None, run_after=None
[2025-04-05T14:25:54.439+0000] {processor.py:183} INFO - Processing /home/airflow/.local/lib/python3.8/site-packages/airflow/example_dags/tutorial_objectstorage.py took 0.061 seconds
[2025-04-05T14:26:25.108+0000] {processor.py:161} INFO - Started process (PID=4282) to work on /home/airflow/.local/lib/python3.8/site-packages/airflow/example_dags/tutorial_objectstorage.py
[2025-04-05T14:26:25.109+0000] {processor.py:830} INFO - Processing file /home/airflow/.local/lib/python3.8/site-packages/airflow/example_dags/tutorial_objectstorage.py for tasks to queue
[2025-04-05T14:26:25.110+0000] {logging_mixin.py:188} INFO - [2025-04-05T14:26:25.110+0000] {dagbag.py:538} INFO - Filling up the DagBag from /home/airflow/.local/lib/python3.8/site-packages/airflow/example_dags/tutorial_objectstorage.py
[2025-04-05T14:26:25.117+0000] {processor.py:840} INFO - DAG(s) 'tutorial_objectstorage' retrieved from /home/airflow/.local/lib/python3.8/site-packages/airflow/example_dags/tutorial_objectstorage.py
[2025-04-05T14:26:25.136+0000] {logging_mixin.py:188} INFO - [2025-04-05T14:26:25.136+0000] {dag.py:3036} INFO - Sync 1 DAGs
[2025-04-05T14:26:25.149+0000] {logging_mixin.py:188} INFO - [2025-04-05T14:26:25.149+0000] {dag.py:3823} INFO - Setting next_dagrun for tutorial_objectstorage to None, run_after=None
[2025-04-05T14:26:25.171+0000] {processor.py:183} INFO - Processing /home/airflow/.local/lib/python3.8/site-packages/airflow/example_dags/tutorial_objectstorage.py took 0.067 seconds
[2025-04-05T14:26:55.431+0000] {processor.py:161} INFO - Started process (PID=4529) to work on /home/airflow/.local/lib/python3.8/site-packages/airflow/example_dags/tutorial_objectstorage.py
[2025-04-05T14:26:55.432+0000] {processor.py:830} INFO - Processing file /home/airflow/.local/lib/python3.8/site-packages/airflow/example_dags/tutorial_objectstorage.py for tasks to queue
[2025-04-05T14:26:55.433+0000] {logging_mixin.py:188} INFO - [2025-04-05T14:26:55.433+0000] {dagbag.py:538} INFO - Filling up the DagBag from /home/airflow/.local/lib/python3.8/site-packages/airflow/example_dags/tutorial_objectstorage.py
[2025-04-05T14:26:55.441+0000] {processor.py:840} INFO - DAG(s) 'tutorial_objectstorage' retrieved from /home/airflow/.local/lib/python3.8/site-packages/airflow/example_dags/tutorial_objectstorage.py
[2025-04-05T14:26:55.461+0000] {logging_mixin.py:188} INFO - [2025-04-05T14:26:55.460+0000] {dag.py:3036} INFO - Sync 1 DAGs
[2025-04-05T14:26:55.471+0000] {logging_mixin.py:188} INFO - [2025-04-05T14:26:55.471+0000] {dag.py:3823} INFO - Setting next_dagrun for tutorial_objectstorage to None, run_after=None
[2025-04-05T14:26:55.495+0000] {processor.py:183} INFO - Processing /home/airflow/.local/lib/python3.8/site-packages/airflow/example_dags/tutorial_objectstorage.py took 0.067 seconds
[2025-04-05T14:28:36.245+0000] {processor.py:161} INFO - Started process (PID=325) to work on /home/airflow/.local/lib/python3.8/site-packages/airflow/example_dags/tutorial_objectstorage.py
[2025-04-05T14:28:36.246+0000] {processor.py:830} INFO - Processing file /home/airflow/.local/lib/python3.8/site-packages/airflow/example_dags/tutorial_objectstorage.py for tasks to queue
[2025-04-05T14:28:36.247+0000] {logging_mixin.py:188} INFO - [2025-04-05T14:28:36.247+0000] {dagbag.py:538} INFO - Filling up the DagBag from /home/airflow/.local/lib/python3.8/site-packages/airflow/example_dags/tutorial_objectstorage.py
[2025-04-05T14:28:36.254+0000] {processor.py:840} INFO - DAG(s) 'tutorial_objectstorage' retrieved from /home/airflow/.local/lib/python3.8/site-packages/airflow/example_dags/tutorial_objectstorage.py
[2025-04-05T14:28:36.268+0000] {logging_mixin.py:188} INFO - [2025-04-05T14:28:36.268+0000] {dag.py:3036} INFO - Sync 1 DAGs
[2025-04-05T14:28:36.301+0000] {logging_mixin.py:188} INFO - [2025-04-05T14:28:36.300+0000] {dag.py:3823} INFO - Setting next_dagrun for tutorial_objectstorage to None, run_after=None
[2025-04-05T14:28:36.356+0000] {processor.py:183} INFO - Processing /home/airflow/.local/lib/python3.8/site-packages/airflow/example_dags/tutorial_objectstorage.py took 0.114 seconds
[2025-04-05T14:29:07.870+0000] {processor.py:161} INFO - Started process (PID=572) to work on /home/airflow/.local/lib/python3.8/site-packages/airflow/example_dags/tutorial_objectstorage.py
[2025-04-05T14:29:07.871+0000] {processor.py:830} INFO - Processing file /home/airflow/.local/lib/python3.8/site-packages/airflow/example_dags/tutorial_objectstorage.py for tasks to queue
[2025-04-05T14:29:07.872+0000] {logging_mixin.py:188} INFO - [2025-04-05T14:29:07.872+0000] {dagbag.py:538} INFO - Filling up the DagBag from /home/airflow/.local/lib/python3.8/site-packages/airflow/example_dags/tutorial_objectstorage.py
[2025-04-05T14:29:07.878+0000] {processor.py:840} INFO - DAG(s) 'tutorial_objectstorage' retrieved from /home/airflow/.local/lib/python3.8/site-packages/airflow/example_dags/tutorial_objectstorage.py
[2025-04-05T14:29:07.968+0000] {logging_mixin.py:188} INFO - [2025-04-05T14:29:07.968+0000] {dag.py:3036} INFO - Sync 1 DAGs
[2025-04-05T14:29:07.980+0000] {logging_mixin.py:188} INFO - [2025-04-05T14:29:07.980+0000] {dag.py:3823} INFO - Setting next_dagrun for tutorial_objectstorage to None, run_after=None
[2025-04-05T14:29:08.001+0000] {processor.py:183} INFO - Processing /home/airflow/.local/lib/python3.8/site-packages/airflow/example_dags/tutorial_objectstorage.py took 0.134 seconds
[2025-04-05T14:29:38.749+0000] {processor.py:161} INFO - Started process (PID=817) to work on /home/airflow/.local/lib/python3.8/site-packages/airflow/example_dags/tutorial_objectstorage.py
[2025-04-05T14:29:38.750+0000] {processor.py:830} INFO - Processing file /home/airflow/.local/lib/python3.8/site-packages/airflow/example_dags/tutorial_objectstorage.py for tasks to queue
[2025-04-05T14:29:38.751+0000] {logging_mixin.py:188} INFO - [2025-04-05T14:29:38.751+0000] {dagbag.py:538} INFO - Filling up the DagBag from /home/airflow/.local/lib/python3.8/site-packages/airflow/example_dags/tutorial_objectstorage.py
[2025-04-05T14:29:38.758+0000] {processor.py:840} INFO - DAG(s) 'tutorial_objectstorage' retrieved from /home/airflow/.local/lib/python3.8/site-packages/airflow/example_dags/tutorial_objectstorage.py
[2025-04-05T14:29:38.774+0000] {logging_mixin.py:188} INFO - [2025-04-05T14:29:38.774+0000] {dag.py:3036} INFO - Sync 1 DAGs
[2025-04-05T14:29:38.785+0000] {logging_mixin.py:188} INFO - [2025-04-05T14:29:38.784+0000] {dag.py:3823} INFO - Setting next_dagrun for tutorial_objectstorage to None, run_after=None
[2025-04-05T14:29:38.802+0000] {processor.py:183} INFO - Processing /home/airflow/.local/lib/python3.8/site-packages/airflow/example_dags/tutorial_objectstorage.py took 0.056 seconds
[2025-04-05T14:30:09.130+0000] {processor.py:161} INFO - Started process (PID=1064) to work on /home/airflow/.local/lib/python3.8/site-packages/airflow/example_dags/tutorial_objectstorage.py
[2025-04-05T14:30:09.131+0000] {processor.py:830} INFO - Processing file /home/airflow/.local/lib/python3.8/site-packages/airflow/example_dags/tutorial_objectstorage.py for tasks to queue
[2025-04-05T14:30:09.132+0000] {logging_mixin.py:188} INFO - [2025-04-05T14:30:09.131+0000] {dagbag.py:538} INFO - Filling up the DagBag from /home/airflow/.local/lib/python3.8/site-packages/airflow/example_dags/tutorial_objectstorage.py
[2025-04-05T14:30:09.139+0000] {processor.py:840} INFO - DAG(s) 'tutorial_objectstorage' retrieved from /home/airflow/.local/lib/python3.8/site-packages/airflow/example_dags/tutorial_objectstorage.py
[2025-04-05T14:30:09.156+0000] {logging_mixin.py:188} INFO - [2025-04-05T14:30:09.156+0000] {dag.py:3036} INFO - Sync 1 DAGs
[2025-04-05T14:30:09.170+0000] {logging_mixin.py:188} INFO - [2025-04-05T14:30:09.170+0000] {dag.py:3823} INFO - Setting next_dagrun for tutorial_objectstorage to None, run_after=None
[2025-04-05T14:30:09.191+0000] {processor.py:183} INFO - Processing /home/airflow/.local/lib/python3.8/site-packages/airflow/example_dags/tutorial_objectstorage.py took 0.065 seconds
[2025-04-05T14:30:40.063+0000] {processor.py:161} INFO - Started process (PID=1311) to work on /home/airflow/.local/lib/python3.8/site-packages/airflow/example_dags/tutorial_objectstorage.py
[2025-04-05T14:30:40.064+0000] {processor.py:830} INFO - Processing file /home/airflow/.local/lib/python3.8/site-packages/airflow/example_dags/tutorial_objectstorage.py for tasks to queue
[2025-04-05T14:30:40.066+0000] {logging_mixin.py:188} INFO - [2025-04-05T14:30:40.065+0000] {dagbag.py:538} INFO - Filling up the DagBag from /home/airflow/.local/lib/python3.8/site-packages/airflow/example_dags/tutorial_objectstorage.py
[2025-04-05T14:30:40.073+0000] {processor.py:840} INFO - DAG(s) 'tutorial_objectstorage' retrieved from /home/airflow/.local/lib/python3.8/site-packages/airflow/example_dags/tutorial_objectstorage.py
[2025-04-05T14:30:40.091+0000] {logging_mixin.py:188} INFO - [2025-04-05T14:30:40.091+0000] {dag.py:3036} INFO - Sync 1 DAGs
[2025-04-05T14:30:40.102+0000] {logging_mixin.py:188} INFO - [2025-04-05T14:30:40.102+0000] {dag.py:3823} INFO - Setting next_dagrun for tutorial_objectstorage to None, run_after=None
[2025-04-05T14:30:40.121+0000] {processor.py:183} INFO - Processing /home/airflow/.local/lib/python3.8/site-packages/airflow/example_dags/tutorial_objectstorage.py took 0.060 seconds
[2025-04-05T14:31:11.834+0000] {processor.py:161} INFO - Started process (PID=1560) to work on /home/airflow/.local/lib/python3.8/site-packages/airflow/example_dags/tutorial_objectstorage.py
[2025-04-05T14:31:11.853+0000] {processor.py:830} INFO - Processing file /home/airflow/.local/lib/python3.8/site-packages/airflow/example_dags/tutorial_objectstorage.py for tasks to queue
[2025-04-05T14:31:11.859+0000] {logging_mixin.py:188} INFO - [2025-04-05T14:31:11.858+0000] {dagbag.py:538} INFO - Filling up the DagBag from /home/airflow/.local/lib/python3.8/site-packages/airflow/example_dags/tutorial_objectstorage.py
[2025-04-05T14:31:11.882+0000] {processor.py:840} INFO - DAG(s) 'tutorial_objectstorage' retrieved from /home/airflow/.local/lib/python3.8/site-packages/airflow/example_dags/tutorial_objectstorage.py
[2025-04-05T14:31:11.969+0000] {logging_mixin.py:188} INFO - [2025-04-05T14:31:11.968+0000] {dag.py:3036} INFO - Sync 1 DAGs
[2025-04-05T14:31:12.034+0000] {logging_mixin.py:188} INFO - [2025-04-05T14:31:12.034+0000] {dag.py:3823} INFO - Setting next_dagrun for tutorial_objectstorage to None, run_after=None
[2025-04-05T14:31:12.100+0000] {processor.py:183} INFO - Processing /home/airflow/.local/lib/python3.8/site-packages/airflow/example_dags/tutorial_objectstorage.py took 0.279 seconds
[2025-04-05T14:31:42.312+0000] {processor.py:161} INFO - Started process (PID=1806) to work on /home/airflow/.local/lib/python3.8/site-packages/airflow/example_dags/tutorial_objectstorage.py
[2025-04-05T14:31:42.313+0000] {processor.py:830} INFO - Processing file /home/airflow/.local/lib/python3.8/site-packages/airflow/example_dags/tutorial_objectstorage.py for tasks to queue
[2025-04-05T14:31:42.314+0000] {logging_mixin.py:188} INFO - [2025-04-05T14:31:42.313+0000] {dagbag.py:538} INFO - Filling up the DagBag from /home/airflow/.local/lib/python3.8/site-packages/airflow/example_dags/tutorial_objectstorage.py
[2025-04-05T14:31:42.321+0000] {processor.py:840} INFO - DAG(s) 'tutorial_objectstorage' retrieved from /home/airflow/.local/lib/python3.8/site-packages/airflow/example_dags/tutorial_objectstorage.py
[2025-04-05T14:31:42.339+0000] {logging_mixin.py:188} INFO - [2025-04-05T14:31:42.339+0000] {dag.py:3036} INFO - Sync 1 DAGs
[2025-04-05T14:31:42.351+0000] {logging_mixin.py:188} INFO - [2025-04-05T14:31:42.351+0000] {dag.py:3823} INFO - Setting next_dagrun for tutorial_objectstorage to None, run_after=None
[2025-04-05T14:31:42.371+0000] {processor.py:183} INFO - Processing /home/airflow/.local/lib/python3.8/site-packages/airflow/example_dags/tutorial_objectstorage.py took 0.062 seconds
[2025-04-05T14:32:12.627+0000] {processor.py:161} INFO - Started process (PID=2054) to work on /home/airflow/.local/lib/python3.8/site-packages/airflow/example_dags/tutorial_objectstorage.py
[2025-04-05T14:32:12.628+0000] {processor.py:830} INFO - Processing file /home/airflow/.local/lib/python3.8/site-packages/airflow/example_dags/tutorial_objectstorage.py for tasks to queue
[2025-04-05T14:32:12.629+0000] {logging_mixin.py:188} INFO - [2025-04-05T14:32:12.629+0000] {dagbag.py:538} INFO - Filling up the DagBag from /home/airflow/.local/lib/python3.8/site-packages/airflow/example_dags/tutorial_objectstorage.py
[2025-04-05T14:32:12.636+0000] {processor.py:840} INFO - DAG(s) 'tutorial_objectstorage' retrieved from /home/airflow/.local/lib/python3.8/site-packages/airflow/example_dags/tutorial_objectstorage.py
[2025-04-05T14:32:12.654+0000] {logging_mixin.py:188} INFO - [2025-04-05T14:32:12.654+0000] {dag.py:3036} INFO - Sync 1 DAGs
[2025-04-05T14:32:12.665+0000] {logging_mixin.py:188} INFO - [2025-04-05T14:32:12.665+0000] {dag.py:3823} INFO - Setting next_dagrun for tutorial_objectstorage to None, run_after=None
[2025-04-05T14:32:12.684+0000] {processor.py:183} INFO - Processing /home/airflow/.local/lib/python3.8/site-packages/airflow/example_dags/tutorial_objectstorage.py took 0.060 seconds
[2025-04-05T14:32:43.636+0000] {processor.py:161} INFO - Started process (PID=2301) to work on /home/airflow/.local/lib/python3.8/site-packages/airflow/example_dags/tutorial_objectstorage.py
[2025-04-05T14:32:43.637+0000] {processor.py:830} INFO - Processing file /home/airflow/.local/lib/python3.8/site-packages/airflow/example_dags/tutorial_objectstorage.py for tasks to queue
[2025-04-05T14:32:43.638+0000] {logging_mixin.py:188} INFO - [2025-04-05T14:32:43.638+0000] {dagbag.py:538} INFO - Filling up the DagBag from /home/airflow/.local/lib/python3.8/site-packages/airflow/example_dags/tutorial_objectstorage.py
[2025-04-05T14:32:43.645+0000] {processor.py:840} INFO - DAG(s) 'tutorial_objectstorage' retrieved from /home/airflow/.local/lib/python3.8/site-packages/airflow/example_dags/tutorial_objectstorage.py
[2025-04-05T14:32:43.663+0000] {logging_mixin.py:188} INFO - [2025-04-05T14:32:43.662+0000] {dag.py:3036} INFO - Sync 1 DAGs
[2025-04-05T14:32:43.673+0000] {logging_mixin.py:188} INFO - [2025-04-05T14:32:43.673+0000] {dag.py:3823} INFO - Setting next_dagrun for tutorial_objectstorage to None, run_after=None
[2025-04-05T14:32:43.693+0000] {processor.py:183} INFO - Processing /home/airflow/.local/lib/python3.8/site-packages/airflow/example_dags/tutorial_objectstorage.py took 0.060 seconds
[2025-04-05T14:33:14.081+0000] {processor.py:161} INFO - Started process (PID=2546) to work on /home/airflow/.local/lib/python3.8/site-packages/airflow/example_dags/tutorial_objectstorage.py
[2025-04-05T14:33:14.082+0000] {processor.py:830} INFO - Processing file /home/airflow/.local/lib/python3.8/site-packages/airflow/example_dags/tutorial_objectstorage.py for tasks to queue
[2025-04-05T14:33:14.083+0000] {logging_mixin.py:188} INFO - [2025-04-05T14:33:14.083+0000] {dagbag.py:538} INFO - Filling up the DagBag from /home/airflow/.local/lib/python3.8/site-packages/airflow/example_dags/tutorial_objectstorage.py
[2025-04-05T14:33:14.089+0000] {processor.py:840} INFO - DAG(s) 'tutorial_objectstorage' retrieved from /home/airflow/.local/lib/python3.8/site-packages/airflow/example_dags/tutorial_objectstorage.py
[2025-04-05T14:33:14.107+0000] {logging_mixin.py:188} INFO - [2025-04-05T14:33:14.107+0000] {dag.py:3036} INFO - Sync 1 DAGs
[2025-04-05T14:33:14.119+0000] {logging_mixin.py:188} INFO - [2025-04-05T14:33:14.119+0000] {dag.py:3823} INFO - Setting next_dagrun for tutorial_objectstorage to None, run_after=None
[2025-04-05T14:33:14.140+0000] {processor.py:183} INFO - Processing /home/airflow/.local/lib/python3.8/site-packages/airflow/example_dags/tutorial_objectstorage.py took 0.062 seconds
[2025-04-05T14:33:44.258+0000] {processor.py:161} INFO - Started process (PID=2793) to work on /home/airflow/.local/lib/python3.8/site-packages/airflow/example_dags/tutorial_objectstorage.py
[2025-04-05T14:33:44.259+0000] {processor.py:830} INFO - Processing file /home/airflow/.local/lib/python3.8/site-packages/airflow/example_dags/tutorial_objectstorage.py for tasks to queue
[2025-04-05T14:33:44.259+0000] {logging_mixin.py:188} INFO - [2025-04-05T14:33:44.259+0000] {dagbag.py:538} INFO - Filling up the DagBag from /home/airflow/.local/lib/python3.8/site-packages/airflow/example_dags/tutorial_objectstorage.py
[2025-04-05T14:33:44.266+0000] {processor.py:840} INFO - DAG(s) 'tutorial_objectstorage' retrieved from /home/airflow/.local/lib/python3.8/site-packages/airflow/example_dags/tutorial_objectstorage.py
[2025-04-05T14:33:44.284+0000] {logging_mixin.py:188} INFO - [2025-04-05T14:33:44.283+0000] {dag.py:3036} INFO - Sync 1 DAGs
[2025-04-05T14:33:44.295+0000] {logging_mixin.py:188} INFO - [2025-04-05T14:33:44.295+0000] {dag.py:3823} INFO - Setting next_dagrun for tutorial_objectstorage to None, run_after=None
[2025-04-05T14:33:44.315+0000] {processor.py:183} INFO - Processing /home/airflow/.local/lib/python3.8/site-packages/airflow/example_dags/tutorial_objectstorage.py took 0.060 seconds
[2025-04-05T14:34:14.637+0000] {processor.py:161} INFO - Started process (PID=3042) to work on /home/airflow/.local/lib/python3.8/site-packages/airflow/example_dags/tutorial_objectstorage.py
[2025-04-05T14:34:14.638+0000] {processor.py:830} INFO - Processing file /home/airflow/.local/lib/python3.8/site-packages/airflow/example_dags/tutorial_objectstorage.py for tasks to queue
[2025-04-05T14:34:14.639+0000] {logging_mixin.py:188} INFO - [2025-04-05T14:34:14.638+0000] {dagbag.py:538} INFO - Filling up the DagBag from /home/airflow/.local/lib/python3.8/site-packages/airflow/example_dags/tutorial_objectstorage.py
[2025-04-05T14:34:14.645+0000] {processor.py:840} INFO - DAG(s) 'tutorial_objectstorage' retrieved from /home/airflow/.local/lib/python3.8/site-packages/airflow/example_dags/tutorial_objectstorage.py
[2025-04-05T14:34:14.662+0000] {logging_mixin.py:188} INFO - [2025-04-05T14:34:14.662+0000] {dag.py:3036} INFO - Sync 1 DAGs
[2025-04-05T14:34:14.673+0000] {logging_mixin.py:188} INFO - [2025-04-05T14:34:14.673+0000] {dag.py:3823} INFO - Setting next_dagrun for tutorial_objectstorage to None, run_after=None
[2025-04-05T14:34:14.696+0000] {processor.py:183} INFO - Processing /home/airflow/.local/lib/python3.8/site-packages/airflow/example_dags/tutorial_objectstorage.py took 0.061 seconds
[2025-04-05T14:34:45.019+0000] {processor.py:161} INFO - Started process (PID=3289) to work on /home/airflow/.local/lib/python3.8/site-packages/airflow/example_dags/tutorial_objectstorage.py
[2025-04-05T14:34:45.020+0000] {processor.py:830} INFO - Processing file /home/airflow/.local/lib/python3.8/site-packages/airflow/example_dags/tutorial_objectstorage.py for tasks to queue
[2025-04-05T14:34:45.021+0000] {logging_mixin.py:188} INFO - [2025-04-05T14:34:45.020+0000] {dagbag.py:538} INFO - Filling up the DagBag from /home/airflow/.local/lib/python3.8/site-packages/airflow/example_dags/tutorial_objectstorage.py
[2025-04-05T14:34:45.027+0000] {processor.py:840} INFO - DAG(s) 'tutorial_objectstorage' retrieved from /home/airflow/.local/lib/python3.8/site-packages/airflow/example_dags/tutorial_objectstorage.py
[2025-04-05T14:34:45.046+0000] {logging_mixin.py:188} INFO - [2025-04-05T14:34:45.046+0000] {dag.py:3036} INFO - Sync 1 DAGs
[2025-04-05T14:34:45.059+0000] {logging_mixin.py:188} INFO - [2025-04-05T14:34:45.059+0000] {dag.py:3823} INFO - Setting next_dagrun for tutorial_objectstorage to None, run_after=None
[2025-04-05T14:34:45.081+0000] {processor.py:183} INFO - Processing /home/airflow/.local/lib/python3.8/site-packages/airflow/example_dags/tutorial_objectstorage.py took 0.065 seconds
[2025-04-05T16:41:02.384+0000] {processor.py:161} INFO - Started process (PID=403) to work on /home/airflow/.local/lib/python3.8/site-packages/airflow/example_dags/tutorial_objectstorage.py
[2025-04-05T16:41:02.386+0000] {processor.py:830} INFO - Processing file /home/airflow/.local/lib/python3.8/site-packages/airflow/example_dags/tutorial_objectstorage.py for tasks to queue
[2025-04-05T16:41:02.387+0000] {logging_mixin.py:188} INFO - [2025-04-05T16:41:02.387+0000] {dagbag.py:538} INFO - Filling up the DagBag from /home/airflow/.local/lib/python3.8/site-packages/airflow/example_dags/tutorial_objectstorage.py
[2025-04-05T16:41:02.396+0000] {processor.py:840} INFO - DAG(s) 'tutorial_objectstorage' retrieved from /home/airflow/.local/lib/python3.8/site-packages/airflow/example_dags/tutorial_objectstorage.py
[2025-04-05T16:41:02.497+0000] {logging_mixin.py:188} INFO - [2025-04-05T16:41:02.496+0000] {override.py:1769} INFO - Created Permission View: can edit on DAG:tutorial_objectstorage
[2025-04-05T16:41:02.508+0000] {logging_mixin.py:188} INFO - [2025-04-05T16:41:02.508+0000] {override.py:1769} INFO - Created Permission View: can delete on DAG:tutorial_objectstorage
[2025-04-05T16:41:02.516+0000] {logging_mixin.py:188} INFO - [2025-04-05T16:41:02.516+0000] {override.py:1769} INFO - Created Permission View: can read on DAG:tutorial_objectstorage
[2025-04-05T16:41:02.517+0000] {logging_mixin.py:188} INFO - [2025-04-05T16:41:02.517+0000] {dag.py:3036} INFO - Sync 1 DAGs
[2025-04-05T16:41:02.529+0000] {logging_mixin.py:188} INFO - [2025-04-05T16:41:02.528+0000] {dag.py:3058} INFO - Creating ORM DAG for tutorial_objectstorage
[2025-04-05T16:41:02.530+0000] {logging_mixin.py:188} INFO - [2025-04-05T16:41:02.529+0000] {dag.py:3823} INFO - Setting next_dagrun for tutorial_objectstorage to None, run_after=None
[2025-04-05T16:41:02.551+0000] {processor.py:183} INFO - Processing /home/airflow/.local/lib/python3.8/site-packages/airflow/example_dags/tutorial_objectstorage.py took 0.170 seconds
[2025-04-05T16:41:33.282+0000] {processor.py:161} INFO - Started process (PID=648) to work on /home/airflow/.local/lib/python3.8/site-packages/airflow/example_dags/tutorial_objectstorage.py
[2025-04-05T16:41:33.283+0000] {processor.py:830} INFO - Processing file /home/airflow/.local/lib/python3.8/site-packages/airflow/example_dags/tutorial_objectstorage.py for tasks to queue
[2025-04-05T16:41:33.284+0000] {logging_mixin.py:188} INFO - [2025-04-05T16:41:33.284+0000] {dagbag.py:538} INFO - Filling up the DagBag from /home/airflow/.local/lib/python3.8/site-packages/airflow/example_dags/tutorial_objectstorage.py
[2025-04-05T16:41:33.291+0000] {processor.py:840} INFO - DAG(s) 'tutorial_objectstorage' retrieved from /home/airflow/.local/lib/python3.8/site-packages/airflow/example_dags/tutorial_objectstorage.py
[2025-04-05T16:41:33.312+0000] {logging_mixin.py:188} INFO - [2025-04-05T16:41:33.312+0000] {dag.py:3036} INFO - Sync 1 DAGs
[2025-04-05T16:41:33.325+0000] {logging_mixin.py:188} INFO - [2025-04-05T16:41:33.325+0000] {dag.py:3823} INFO - Setting next_dagrun for tutorial_objectstorage to None, run_after=None
[2025-04-05T16:41:33.372+0000] {processor.py:183} INFO - Processing /home/airflow/.local/lib/python3.8/site-packages/airflow/example_dags/tutorial_objectstorage.py took 0.093 seconds
[2025-04-05T16:42:03.951+0000] {processor.py:161} INFO - Started process (PID=895) to work on /home/airflow/.local/lib/python3.8/site-packages/airflow/example_dags/tutorial_objectstorage.py
[2025-04-05T16:42:03.953+0000] {processor.py:830} INFO - Processing file /home/airflow/.local/lib/python3.8/site-packages/airflow/example_dags/tutorial_objectstorage.py for tasks to queue
[2025-04-05T16:42:03.954+0000] {logging_mixin.py:188} INFO - [2025-04-05T16:42:03.954+0000] {dagbag.py:538} INFO - Filling up the DagBag from /home/airflow/.local/lib/python3.8/site-packages/airflow/example_dags/tutorial_objectstorage.py
[2025-04-05T16:42:03.968+0000] {processor.py:840} INFO - DAG(s) 'tutorial_objectstorage' retrieved from /home/airflow/.local/lib/python3.8/site-packages/airflow/example_dags/tutorial_objectstorage.py
[2025-04-05T16:42:04.006+0000] {logging_mixin.py:188} INFO - [2025-04-05T16:42:04.006+0000] {dag.py:3036} INFO - Sync 1 DAGs
[2025-04-05T16:42:04.020+0000] {logging_mixin.py:188} INFO - [2025-04-05T16:42:04.019+0000] {dag.py:3823} INFO - Setting next_dagrun for tutorial_objectstorage to None, run_after=None
[2025-04-05T16:42:04.506+0000] {processor.py:183} INFO - Processing /home/airflow/.local/lib/python3.8/site-packages/airflow/example_dags/tutorial_objectstorage.py took 0.560 seconds
[2025-04-05T16:42:34.629+0000] {processor.py:161} INFO - Started process (PID=1142) to work on /home/airflow/.local/lib/python3.8/site-packages/airflow/example_dags/tutorial_objectstorage.py
[2025-04-05T16:42:34.630+0000] {processor.py:830} INFO - Processing file /home/airflow/.local/lib/python3.8/site-packages/airflow/example_dags/tutorial_objectstorage.py for tasks to queue
[2025-04-05T16:42:34.631+0000] {logging_mixin.py:188} INFO - [2025-04-05T16:42:34.630+0000] {dagbag.py:538} INFO - Filling up the DagBag from /home/airflow/.local/lib/python3.8/site-packages/airflow/example_dags/tutorial_objectstorage.py
[2025-04-05T16:42:34.637+0000] {processor.py:840} INFO - DAG(s) 'tutorial_objectstorage' retrieved from /home/airflow/.local/lib/python3.8/site-packages/airflow/example_dags/tutorial_objectstorage.py
[2025-04-05T16:42:34.657+0000] {logging_mixin.py:188} INFO - [2025-04-05T16:42:34.657+0000] {dag.py:3036} INFO - Sync 1 DAGs
[2025-04-05T16:42:34.668+0000] {logging_mixin.py:188} INFO - [2025-04-05T16:42:34.668+0000] {dag.py:3823} INFO - Setting next_dagrun for tutorial_objectstorage to None, run_after=None
[2025-04-05T16:42:34.697+0000] {processor.py:183} INFO - Processing /home/airflow/.local/lib/python3.8/site-packages/airflow/example_dags/tutorial_objectstorage.py took 0.071 seconds
[2025-04-05T16:43:05.507+0000] {processor.py:161} INFO - Started process (PID=1389) to work on /home/airflow/.local/lib/python3.8/site-packages/airflow/example_dags/tutorial_objectstorage.py
[2025-04-05T16:43:05.508+0000] {processor.py:830} INFO - Processing file /home/airflow/.local/lib/python3.8/site-packages/airflow/example_dags/tutorial_objectstorage.py for tasks to queue
[2025-04-05T16:43:05.509+0000] {logging_mixin.py:188} INFO - [2025-04-05T16:43:05.509+0000] {dagbag.py:538} INFO - Filling up the DagBag from /home/airflow/.local/lib/python3.8/site-packages/airflow/example_dags/tutorial_objectstorage.py
[2025-04-05T16:43:05.517+0000] {processor.py:840} INFO - DAG(s) 'tutorial_objectstorage' retrieved from /home/airflow/.local/lib/python3.8/site-packages/airflow/example_dags/tutorial_objectstorage.py
[2025-04-05T16:43:05.536+0000] {logging_mixin.py:188} INFO - [2025-04-05T16:43:05.536+0000] {dag.py:3036} INFO - Sync 1 DAGs
[2025-04-05T16:43:05.548+0000] {logging_mixin.py:188} INFO - [2025-04-05T16:43:05.548+0000] {dag.py:3823} INFO - Setting next_dagrun for tutorial_objectstorage to None, run_after=None
[2025-04-05T16:43:05.569+0000] {processor.py:183} INFO - Processing /home/airflow/.local/lib/python3.8/site-packages/airflow/example_dags/tutorial_objectstorage.py took 0.065 seconds
[2025-04-05T16:43:35.981+0000] {processor.py:161} INFO - Started process (PID=1636) to work on /home/airflow/.local/lib/python3.8/site-packages/airflow/example_dags/tutorial_objectstorage.py
[2025-04-05T16:43:35.982+0000] {processor.py:830} INFO - Processing file /home/airflow/.local/lib/python3.8/site-packages/airflow/example_dags/tutorial_objectstorage.py for tasks to queue
[2025-04-05T16:43:35.983+0000] {logging_mixin.py:188} INFO - [2025-04-05T16:43:35.983+0000] {dagbag.py:538} INFO - Filling up the DagBag from /home/airflow/.local/lib/python3.8/site-packages/airflow/example_dags/tutorial_objectstorage.py
[2025-04-05T16:43:35.990+0000] {processor.py:840} INFO - DAG(s) 'tutorial_objectstorage' retrieved from /home/airflow/.local/lib/python3.8/site-packages/airflow/example_dags/tutorial_objectstorage.py
[2025-04-05T16:43:36.009+0000] {logging_mixin.py:188} INFO - [2025-04-05T16:43:36.009+0000] {dag.py:3036} INFO - Sync 1 DAGs
[2025-04-05T16:43:36.020+0000] {logging_mixin.py:188} INFO - [2025-04-05T16:43:36.020+0000] {dag.py:3823} INFO - Setting next_dagrun for tutorial_objectstorage to None, run_after=None
[2025-04-05T16:43:36.040+0000] {processor.py:183} INFO - Processing /home/airflow/.local/lib/python3.8/site-packages/airflow/example_dags/tutorial_objectstorage.py took 0.062 seconds
[2025-04-05T16:44:06.179+0000] {processor.py:161} INFO - Started process (PID=1883) to work on /home/airflow/.local/lib/python3.8/site-packages/airflow/example_dags/tutorial_objectstorage.py
[2025-04-05T16:44:06.181+0000] {processor.py:830} INFO - Processing file /home/airflow/.local/lib/python3.8/site-packages/airflow/example_dags/tutorial_objectstorage.py for tasks to queue
[2025-04-05T16:44:06.182+0000] {logging_mixin.py:188} INFO - [2025-04-05T16:44:06.182+0000] {dagbag.py:538} INFO - Filling up the DagBag from /home/airflow/.local/lib/python3.8/site-packages/airflow/example_dags/tutorial_objectstorage.py
[2025-04-05T16:44:06.192+0000] {processor.py:840} INFO - DAG(s) 'tutorial_objectstorage' retrieved from /home/airflow/.local/lib/python3.8/site-packages/airflow/example_dags/tutorial_objectstorage.py
[2025-04-05T16:44:06.216+0000] {logging_mixin.py:188} INFO - [2025-04-05T16:44:06.215+0000] {dag.py:3036} INFO - Sync 1 DAGs
[2025-04-05T16:44:06.232+0000] {logging_mixin.py:188} INFO - [2025-04-05T16:44:06.232+0000] {dag.py:3823} INFO - Setting next_dagrun for tutorial_objectstorage to None, run_after=None
[2025-04-05T16:44:06.270+0000] {processor.py:183} INFO - Processing /home/airflow/.local/lib/python3.8/site-packages/airflow/example_dags/tutorial_objectstorage.py took 0.094 seconds
[2025-04-05T16:44:36.920+0000] {processor.py:161} INFO - Started process (PID=2128) to work on /home/airflow/.local/lib/python3.8/site-packages/airflow/example_dags/tutorial_objectstorage.py
[2025-04-05T16:44:36.921+0000] {processor.py:830} INFO - Processing file /home/airflow/.local/lib/python3.8/site-packages/airflow/example_dags/tutorial_objectstorage.py for tasks to queue
[2025-04-05T16:44:36.922+0000] {logging_mixin.py:188} INFO - [2025-04-05T16:44:36.922+0000] {dagbag.py:538} INFO - Filling up the DagBag from /home/airflow/.local/lib/python3.8/site-packages/airflow/example_dags/tutorial_objectstorage.py
[2025-04-05T16:44:36.929+0000] {processor.py:840} INFO - DAG(s) 'tutorial_objectstorage' retrieved from /home/airflow/.local/lib/python3.8/site-packages/airflow/example_dags/tutorial_objectstorage.py
[2025-04-05T16:44:36.948+0000] {logging_mixin.py:188} INFO - [2025-04-05T16:44:36.948+0000] {dag.py:3036} INFO - Sync 1 DAGs
[2025-04-05T16:44:36.959+0000] {logging_mixin.py:188} INFO - [2025-04-05T16:44:36.959+0000] {dag.py:3823} INFO - Setting next_dagrun for tutorial_objectstorage to None, run_after=None
[2025-04-05T16:44:37.052+0000] {processor.py:183} INFO - Processing /home/airflow/.local/lib/python3.8/site-packages/airflow/example_dags/tutorial_objectstorage.py took 0.137 seconds
[2025-04-05T16:45:07.446+0000] {processor.py:161} INFO - Started process (PID=2377) to work on /home/airflow/.local/lib/python3.8/site-packages/airflow/example_dags/tutorial_objectstorage.py
[2025-04-05T16:45:07.463+0000] {processor.py:830} INFO - Processing file /home/airflow/.local/lib/python3.8/site-packages/airflow/example_dags/tutorial_objectstorage.py for tasks to queue
[2025-04-05T16:45:07.466+0000] {logging_mixin.py:188} INFO - [2025-04-05T16:45:07.464+0000] {dagbag.py:538} INFO - Filling up the DagBag from /home/airflow/.local/lib/python3.8/site-packages/airflow/example_dags/tutorial_objectstorage.py
[2025-04-05T16:45:07.487+0000] {processor.py:840} INFO - DAG(s) 'tutorial_objectstorage' retrieved from /home/airflow/.local/lib/python3.8/site-packages/airflow/example_dags/tutorial_objectstorage.py
[2025-04-05T16:45:07.563+0000] {logging_mixin.py:188} INFO - [2025-04-05T16:45:07.562+0000] {dag.py:3036} INFO - Sync 1 DAGs
[2025-04-05T16:45:07.636+0000] {logging_mixin.py:188} INFO - [2025-04-05T16:45:07.636+0000] {dag.py:3823} INFO - Setting next_dagrun for tutorial_objectstorage to None, run_after=None
[2025-04-05T16:45:07.713+0000] {processor.py:183} INFO - Processing /home/airflow/.local/lib/python3.8/site-packages/airflow/example_dags/tutorial_objectstorage.py took 0.285 seconds
[2025-04-05T16:45:38.353+0000] {processor.py:161} INFO - Started process (PID=2624) to work on /home/airflow/.local/lib/python3.8/site-packages/airflow/example_dags/tutorial_objectstorage.py
[2025-04-05T16:45:38.355+0000] {processor.py:830} INFO - Processing file /home/airflow/.local/lib/python3.8/site-packages/airflow/example_dags/tutorial_objectstorage.py for tasks to queue
[2025-04-05T16:45:38.356+0000] {logging_mixin.py:188} INFO - [2025-04-05T16:45:38.356+0000] {dagbag.py:538} INFO - Filling up the DagBag from /home/airflow/.local/lib/python3.8/site-packages/airflow/example_dags/tutorial_objectstorage.py
[2025-04-05T16:45:38.363+0000] {processor.py:840} INFO - DAG(s) 'tutorial_objectstorage' retrieved from /home/airflow/.local/lib/python3.8/site-packages/airflow/example_dags/tutorial_objectstorage.py
[2025-04-05T16:45:38.384+0000] {logging_mixin.py:188} INFO - [2025-04-05T16:45:38.383+0000] {dag.py:3036} INFO - Sync 1 DAGs
[2025-04-05T16:45:38.402+0000] {logging_mixin.py:188} INFO - [2025-04-05T16:45:38.402+0000] {dag.py:3823} INFO - Setting next_dagrun for tutorial_objectstorage to None, run_after=None
[2025-04-05T16:45:38.421+0000] {processor.py:183} INFO - Processing /home/airflow/.local/lib/python3.8/site-packages/airflow/example_dags/tutorial_objectstorage.py took 0.071 seconds
[2025-04-05T16:46:08.669+0000] {processor.py:161} INFO - Started process (PID=2871) to work on /home/airflow/.local/lib/python3.8/site-packages/airflow/example_dags/tutorial_objectstorage.py
[2025-04-05T16:46:08.671+0000] {processor.py:830} INFO - Processing file /home/airflow/.local/lib/python3.8/site-packages/airflow/example_dags/tutorial_objectstorage.py for tasks to queue
[2025-04-05T16:46:08.673+0000] {logging_mixin.py:188} INFO - [2025-04-05T16:46:08.672+0000] {dagbag.py:538} INFO - Filling up the DagBag from /home/airflow/.local/lib/python3.8/site-packages/airflow/example_dags/tutorial_objectstorage.py
[2025-04-05T16:46:08.682+0000] {processor.py:840} INFO - DAG(s) 'tutorial_objectstorage' retrieved from /home/airflow/.local/lib/python3.8/site-packages/airflow/example_dags/tutorial_objectstorage.py
[2025-04-05T16:46:08.707+0000] {logging_mixin.py:188} INFO - [2025-04-05T16:46:08.706+0000] {dag.py:3036} INFO - Sync 1 DAGs
[2025-04-05T16:46:08.721+0000] {logging_mixin.py:188} INFO - [2025-04-05T16:46:08.720+0000] {dag.py:3823} INFO - Setting next_dagrun for tutorial_objectstorage to None, run_after=None
[2025-04-05T16:46:08.744+0000] {processor.py:183} INFO - Processing /home/airflow/.local/lib/python3.8/site-packages/airflow/example_dags/tutorial_objectstorage.py took 0.079 seconds
[2025-04-05T16:46:38.864+0000] {processor.py:161} INFO - Started process (PID=3118) to work on /home/airflow/.local/lib/python3.8/site-packages/airflow/example_dags/tutorial_objectstorage.py
[2025-04-05T16:46:38.866+0000] {processor.py:830} INFO - Processing file /home/airflow/.local/lib/python3.8/site-packages/airflow/example_dags/tutorial_objectstorage.py for tasks to queue
[2025-04-05T16:46:38.867+0000] {logging_mixin.py:188} INFO - [2025-04-05T16:46:38.866+0000] {dagbag.py:538} INFO - Filling up the DagBag from /home/airflow/.local/lib/python3.8/site-packages/airflow/example_dags/tutorial_objectstorage.py
[2025-04-05T16:46:38.875+0000] {processor.py:840} INFO - DAG(s) 'tutorial_objectstorage' retrieved from /home/airflow/.local/lib/python3.8/site-packages/airflow/example_dags/tutorial_objectstorage.py
[2025-04-05T16:46:38.896+0000] {logging_mixin.py:188} INFO - [2025-04-05T16:46:38.895+0000] {dag.py:3036} INFO - Sync 1 DAGs
[2025-04-05T16:46:38.909+0000] {logging_mixin.py:188} INFO - [2025-04-05T16:46:38.908+0000] {dag.py:3823} INFO - Setting next_dagrun for tutorial_objectstorage to None, run_after=None
[2025-04-05T16:46:38.930+0000] {processor.py:183} INFO - Processing /home/airflow/.local/lib/python3.8/site-packages/airflow/example_dags/tutorial_objectstorage.py took 0.068 seconds
[2025-04-05T16:47:09.416+0000] {processor.py:161} INFO - Started process (PID=3365) to work on /home/airflow/.local/lib/python3.8/site-packages/airflow/example_dags/tutorial_objectstorage.py
[2025-04-05T16:47:09.417+0000] {processor.py:830} INFO - Processing file /home/airflow/.local/lib/python3.8/site-packages/airflow/example_dags/tutorial_objectstorage.py for tasks to queue
[2025-04-05T16:47:09.418+0000] {logging_mixin.py:188} INFO - [2025-04-05T16:47:09.418+0000] {dagbag.py:538} INFO - Filling up the DagBag from /home/airflow/.local/lib/python3.8/site-packages/airflow/example_dags/tutorial_objectstorage.py
[2025-04-05T16:47:09.427+0000] {processor.py:840} INFO - DAG(s) 'tutorial_objectstorage' retrieved from /home/airflow/.local/lib/python3.8/site-packages/airflow/example_dags/tutorial_objectstorage.py
[2025-04-05T16:47:09.460+0000] {logging_mixin.py:188} INFO - [2025-04-05T16:47:09.460+0000] {dag.py:3036} INFO - Sync 1 DAGs
[2025-04-05T16:47:09.477+0000] {logging_mixin.py:188} INFO - [2025-04-05T16:47:09.477+0000] {dag.py:3823} INFO - Setting next_dagrun for tutorial_objectstorage to None, run_after=None
[2025-04-05T16:47:09.500+0000] {processor.py:183} INFO - Processing /home/airflow/.local/lib/python3.8/site-packages/airflow/example_dags/tutorial_objectstorage.py took 0.088 seconds
[2025-04-05T16:47:40.712+0000] {processor.py:161} INFO - Started process (PID=3614) to work on /home/airflow/.local/lib/python3.8/site-packages/airflow/example_dags/tutorial_objectstorage.py
[2025-04-05T16:47:40.737+0000] {processor.py:830} INFO - Processing file /home/airflow/.local/lib/python3.8/site-packages/airflow/example_dags/tutorial_objectstorage.py for tasks to queue
[2025-04-05T16:47:40.739+0000] {logging_mixin.py:188} INFO - [2025-04-05T16:47:40.739+0000] {dagbag.py:538} INFO - Filling up the DagBag from /home/airflow/.local/lib/python3.8/site-packages/airflow/example_dags/tutorial_objectstorage.py
[2025-04-05T16:47:40.750+0000] {processor.py:840} INFO - DAG(s) 'tutorial_objectstorage' retrieved from /home/airflow/.local/lib/python3.8/site-packages/airflow/example_dags/tutorial_objectstorage.py
[2025-04-05T16:47:40.775+0000] {logging_mixin.py:188} INFO - [2025-04-05T16:47:40.775+0000] {dag.py:3036} INFO - Sync 1 DAGs
[2025-04-05T16:47:40.789+0000] {logging_mixin.py:188} INFO - [2025-04-05T16:47:40.789+0000] {dag.py:3823} INFO - Setting next_dagrun for tutorial_objectstorage to None, run_after=None
[2025-04-05T16:47:40.810+0000] {processor.py:183} INFO - Processing /home/airflow/.local/lib/python3.8/site-packages/airflow/example_dags/tutorial_objectstorage.py took 0.100 seconds
[2025-04-05T16:48:11.386+0000] {processor.py:161} INFO - Started process (PID=3862) to work on /home/airflow/.local/lib/python3.8/site-packages/airflow/example_dags/tutorial_objectstorage.py
[2025-04-05T16:48:11.407+0000] {processor.py:830} INFO - Processing file /home/airflow/.local/lib/python3.8/site-packages/airflow/example_dags/tutorial_objectstorage.py for tasks to queue
[2025-04-05T16:48:11.418+0000] {logging_mixin.py:188} INFO - [2025-04-05T16:48:11.416+0000] {dagbag.py:538} INFO - Filling up the DagBag from /home/airflow/.local/lib/python3.8/site-packages/airflow/example_dags/tutorial_objectstorage.py
[2025-04-05T16:48:11.514+0000] {processor.py:840} INFO - DAG(s) 'tutorial_objectstorage' retrieved from /home/airflow/.local/lib/python3.8/site-packages/airflow/example_dags/tutorial_objectstorage.py
[2025-04-05T16:48:11.572+0000] {logging_mixin.py:188} INFO - [2025-04-05T16:48:11.572+0000] {dag.py:3036} INFO - Sync 1 DAGs
[2025-04-05T16:48:11.586+0000] {logging_mixin.py:188} INFO - [2025-04-05T16:48:11.586+0000] {dag.py:3823} INFO - Setting next_dagrun for tutorial_objectstorage to None, run_after=None
[2025-04-05T16:48:11.607+0000] {processor.py:183} INFO - Processing /home/airflow/.local/lib/python3.8/site-packages/airflow/example_dags/tutorial_objectstorage.py took 0.291 seconds
[2025-04-05T16:48:42.522+0000] {processor.py:161} INFO - Started process (PID=4109) to work on /home/airflow/.local/lib/python3.8/site-packages/airflow/example_dags/tutorial_objectstorage.py
[2025-04-05T16:48:42.524+0000] {processor.py:830} INFO - Processing file /home/airflow/.local/lib/python3.8/site-packages/airflow/example_dags/tutorial_objectstorage.py for tasks to queue
[2025-04-05T16:48:42.525+0000] {logging_mixin.py:188} INFO - [2025-04-05T16:48:42.525+0000] {dagbag.py:538} INFO - Filling up the DagBag from /home/airflow/.local/lib/python3.8/site-packages/airflow/example_dags/tutorial_objectstorage.py
[2025-04-05T16:48:42.532+0000] {processor.py:840} INFO - DAG(s) 'tutorial_objectstorage' retrieved from /home/airflow/.local/lib/python3.8/site-packages/airflow/example_dags/tutorial_objectstorage.py
[2025-04-05T16:48:42.553+0000] {logging_mixin.py:188} INFO - [2025-04-05T16:48:42.552+0000] {dag.py:3036} INFO - Sync 1 DAGs
[2025-04-05T16:48:42.565+0000] {logging_mixin.py:188} INFO - [2025-04-05T16:48:42.565+0000] {dag.py:3823} INFO - Setting next_dagrun for tutorial_objectstorage to None, run_after=None
[2025-04-05T16:48:42.585+0000] {processor.py:183} INFO - Processing /home/airflow/.local/lib/python3.8/site-packages/airflow/example_dags/tutorial_objectstorage.py took 0.066 seconds
[2025-04-05T16:49:14.619+0000] {processor.py:161} INFO - Started process (PID=4365) to work on /home/airflow/.local/lib/python3.8/site-packages/airflow/example_dags/tutorial_objectstorage.py
[2025-04-05T16:49:14.627+0000] {processor.py:830} INFO - Processing file /home/airflow/.local/lib/python3.8/site-packages/airflow/example_dags/tutorial_objectstorage.py for tasks to queue
[2025-04-05T16:49:14.629+0000] {logging_mixin.py:188} INFO - [2025-04-05T16:49:14.629+0000] {dagbag.py:538} INFO - Filling up the DagBag from /home/airflow/.local/lib/python3.8/site-packages/airflow/example_dags/tutorial_objectstorage.py
[2025-04-05T16:49:14.703+0000] {processor.py:840} INFO - DAG(s) 'tutorial_objectstorage' retrieved from /home/airflow/.local/lib/python3.8/site-packages/airflow/example_dags/tutorial_objectstorage.py
[2025-04-05T16:49:14.831+0000] {logging_mixin.py:188} INFO - [2025-04-05T16:49:14.829+0000] {dag.py:3036} INFO - Sync 1 DAGs
[2025-04-05T16:49:14.936+0000] {logging_mixin.py:188} INFO - [2025-04-05T16:49:14.936+0000] {dag.py:3823} INFO - Setting next_dagrun for tutorial_objectstorage to None, run_after=None
[2025-04-05T16:49:15.255+0000] {processor.py:183} INFO - Processing /home/airflow/.local/lib/python3.8/site-packages/airflow/example_dags/tutorial_objectstorage.py took 0.654 seconds
[2025-04-05T16:49:45.306+0000] {processor.py:161} INFO - Started process (PID=4626) to work on /home/airflow/.local/lib/python3.8/site-packages/airflow/example_dags/tutorial_objectstorage.py
[2025-04-05T16:49:45.307+0000] {processor.py:830} INFO - Processing file /home/airflow/.local/lib/python3.8/site-packages/airflow/example_dags/tutorial_objectstorage.py for tasks to queue
[2025-04-05T16:49:45.308+0000] {logging_mixin.py:188} INFO - [2025-04-05T16:49:45.308+0000] {dagbag.py:538} INFO - Filling up the DagBag from /home/airflow/.local/lib/python3.8/site-packages/airflow/example_dags/tutorial_objectstorage.py
[2025-04-05T16:49:45.316+0000] {processor.py:840} INFO - DAG(s) 'tutorial_objectstorage' retrieved from /home/airflow/.local/lib/python3.8/site-packages/airflow/example_dags/tutorial_objectstorage.py
[2025-04-05T16:49:45.338+0000] {logging_mixin.py:188} INFO - [2025-04-05T16:49:45.337+0000] {dag.py:3036} INFO - Sync 1 DAGs
[2025-04-05T16:49:45.352+0000] {logging_mixin.py:188} INFO - [2025-04-05T16:49:45.352+0000] {dag.py:3823} INFO - Setting next_dagrun for tutorial_objectstorage to None, run_after=None
[2025-04-05T16:49:45.377+0000] {processor.py:183} INFO - Processing /home/airflow/.local/lib/python3.8/site-packages/airflow/example_dags/tutorial_objectstorage.py took 0.075 seconds
[2025-04-05T16:50:15.689+0000] {processor.py:161} INFO - Started process (PID=4873) to work on /home/airflow/.local/lib/python3.8/site-packages/airflow/example_dags/tutorial_objectstorage.py
[2025-04-05T16:50:15.690+0000] {processor.py:830} INFO - Processing file /home/airflow/.local/lib/python3.8/site-packages/airflow/example_dags/tutorial_objectstorage.py for tasks to queue
[2025-04-05T16:50:15.691+0000] {logging_mixin.py:188} INFO - [2025-04-05T16:50:15.691+0000] {dagbag.py:538} INFO - Filling up the DagBag from /home/airflow/.local/lib/python3.8/site-packages/airflow/example_dags/tutorial_objectstorage.py
[2025-04-05T16:50:15.700+0000] {processor.py:840} INFO - DAG(s) 'tutorial_objectstorage' retrieved from /home/airflow/.local/lib/python3.8/site-packages/airflow/example_dags/tutorial_objectstorage.py
[2025-04-05T16:50:15.724+0000] {logging_mixin.py:188} INFO - [2025-04-05T16:50:15.724+0000] {dag.py:3036} INFO - Sync 1 DAGs
[2025-04-05T16:50:15.739+0000] {logging_mixin.py:188} INFO - [2025-04-05T16:50:15.738+0000] {dag.py:3823} INFO - Setting next_dagrun for tutorial_objectstorage to None, run_after=None
[2025-04-05T16:50:15.760+0000] {processor.py:183} INFO - Processing /home/airflow/.local/lib/python3.8/site-packages/airflow/example_dags/tutorial_objectstorage.py took 0.075 seconds
[2025-04-05T16:50:45.900+0000] {processor.py:161} INFO - Started process (PID=5120) to work on /home/airflow/.local/lib/python3.8/site-packages/airflow/example_dags/tutorial_objectstorage.py
[2025-04-05T16:50:45.902+0000] {processor.py:830} INFO - Processing file /home/airflow/.local/lib/python3.8/site-packages/airflow/example_dags/tutorial_objectstorage.py for tasks to queue
[2025-04-05T16:50:45.903+0000] {logging_mixin.py:188} INFO - [2025-04-05T16:50:45.903+0000] {dagbag.py:538} INFO - Filling up the DagBag from /home/airflow/.local/lib/python3.8/site-packages/airflow/example_dags/tutorial_objectstorage.py
[2025-04-05T16:50:45.910+0000] {processor.py:840} INFO - DAG(s) 'tutorial_objectstorage' retrieved from /home/airflow/.local/lib/python3.8/site-packages/airflow/example_dags/tutorial_objectstorage.py
[2025-04-05T16:50:45.930+0000] {logging_mixin.py:188} INFO - [2025-04-05T16:50:45.930+0000] {dag.py:3036} INFO - Sync 1 DAGs
[2025-04-05T16:50:45.941+0000] {logging_mixin.py:188} INFO - [2025-04-05T16:50:45.941+0000] {dag.py:3823} INFO - Setting next_dagrun for tutorial_objectstorage to None, run_after=None
[2025-04-05T16:50:45.962+0000] {processor.py:183} INFO - Processing /home/airflow/.local/lib/python3.8/site-packages/airflow/example_dags/tutorial_objectstorage.py took 0.065 seconds
[2025-04-05T16:51:16.045+0000] {processor.py:161} INFO - Started process (PID=5374) to work on /home/airflow/.local/lib/python3.8/site-packages/airflow/example_dags/tutorial_objectstorage.py
[2025-04-05T16:51:16.046+0000] {processor.py:830} INFO - Processing file /home/airflow/.local/lib/python3.8/site-packages/airflow/example_dags/tutorial_objectstorage.py for tasks to queue
[2025-04-05T16:51:16.047+0000] {logging_mixin.py:188} INFO - [2025-04-05T16:51:16.047+0000] {dagbag.py:538} INFO - Filling up the DagBag from /home/airflow/.local/lib/python3.8/site-packages/airflow/example_dags/tutorial_objectstorage.py
[2025-04-05T16:51:16.054+0000] {processor.py:840} INFO - DAG(s) 'tutorial_objectstorage' retrieved from /home/airflow/.local/lib/python3.8/site-packages/airflow/example_dags/tutorial_objectstorage.py
[2025-04-05T16:51:16.073+0000] {logging_mixin.py:188} INFO - [2025-04-05T16:51:16.073+0000] {dag.py:3036} INFO - Sync 1 DAGs
[2025-04-05T16:51:16.085+0000] {logging_mixin.py:188} INFO - [2025-04-05T16:51:16.085+0000] {dag.py:3823} INFO - Setting next_dagrun for tutorial_objectstorage to None, run_after=None
[2025-04-05T16:51:16.106+0000] {processor.py:183} INFO - Processing /home/airflow/.local/lib/python3.8/site-packages/airflow/example_dags/tutorial_objectstorage.py took 0.065 seconds
[2025-04-05T16:51:46.333+0000] {processor.py:161} INFO - Started process (PID=5624) to work on /home/airflow/.local/lib/python3.8/site-packages/airflow/example_dags/tutorial_objectstorage.py
[2025-04-05T16:51:46.335+0000] {processor.py:830} INFO - Processing file /home/airflow/.local/lib/python3.8/site-packages/airflow/example_dags/tutorial_objectstorage.py for tasks to queue
[2025-04-05T16:51:46.336+0000] {logging_mixin.py:188} INFO - [2025-04-05T16:51:46.335+0000] {dagbag.py:538} INFO - Filling up the DagBag from /home/airflow/.local/lib/python3.8/site-packages/airflow/example_dags/tutorial_objectstorage.py
[2025-04-05T16:51:46.343+0000] {processor.py:840} INFO - DAG(s) 'tutorial_objectstorage' retrieved from /home/airflow/.local/lib/python3.8/site-packages/airflow/example_dags/tutorial_objectstorage.py
[2025-04-05T16:51:46.364+0000] {logging_mixin.py:188} INFO - [2025-04-05T16:51:46.363+0000] {dag.py:3036} INFO - Sync 1 DAGs
[2025-04-05T16:51:46.376+0000] {logging_mixin.py:188} INFO - [2025-04-05T16:51:46.375+0000] {dag.py:3823} INFO - Setting next_dagrun for tutorial_objectstorage to None, run_after=None
[2025-04-05T16:51:46.396+0000] {processor.py:183} INFO - Processing /home/airflow/.local/lib/python3.8/site-packages/airflow/example_dags/tutorial_objectstorage.py took 0.066 seconds
[2025-04-05T16:52:16.840+0000] {processor.py:161} INFO - Started process (PID=5876) to work on /home/airflow/.local/lib/python3.8/site-packages/airflow/example_dags/tutorial_objectstorage.py
[2025-04-05T16:52:16.842+0000] {processor.py:830} INFO - Processing file /home/airflow/.local/lib/python3.8/site-packages/airflow/example_dags/tutorial_objectstorage.py for tasks to queue
[2025-04-05T16:52:16.843+0000] {logging_mixin.py:188} INFO - [2025-04-05T16:52:16.842+0000] {dagbag.py:538} INFO - Filling up the DagBag from /home/airflow/.local/lib/python3.8/site-packages/airflow/example_dags/tutorial_objectstorage.py
[2025-04-05T16:52:16.851+0000] {processor.py:840} INFO - DAG(s) 'tutorial_objectstorage' retrieved from /home/airflow/.local/lib/python3.8/site-packages/airflow/example_dags/tutorial_objectstorage.py
[2025-04-05T16:52:16.873+0000] {logging_mixin.py:188} INFO - [2025-04-05T16:52:16.873+0000] {dag.py:3036} INFO - Sync 1 DAGs
[2025-04-05T16:52:16.888+0000] {logging_mixin.py:188} INFO - [2025-04-05T16:52:16.888+0000] {dag.py:3823} INFO - Setting next_dagrun for tutorial_objectstorage to None, run_after=None
[2025-04-05T16:52:16.911+0000] {processor.py:183} INFO - Processing /home/airflow/.local/lib/python3.8/site-packages/airflow/example_dags/tutorial_objectstorage.py took 0.075 seconds
[2025-04-05T16:52:47.009+0000] {processor.py:161} INFO - Started process (PID=6128) to work on /home/airflow/.local/lib/python3.8/site-packages/airflow/example_dags/tutorial_objectstorage.py
[2025-04-05T16:52:47.010+0000] {processor.py:830} INFO - Processing file /home/airflow/.local/lib/python3.8/site-packages/airflow/example_dags/tutorial_objectstorage.py for tasks to queue
[2025-04-05T16:52:47.011+0000] {logging_mixin.py:188} INFO - [2025-04-05T16:52:47.011+0000] {dagbag.py:538} INFO - Filling up the DagBag from /home/airflow/.local/lib/python3.8/site-packages/airflow/example_dags/tutorial_objectstorage.py
[2025-04-05T16:52:47.018+0000] {processor.py:840} INFO - DAG(s) 'tutorial_objectstorage' retrieved from /home/airflow/.local/lib/python3.8/site-packages/airflow/example_dags/tutorial_objectstorage.py
[2025-04-05T16:52:47.040+0000] {logging_mixin.py:188} INFO - [2025-04-05T16:52:47.040+0000] {dag.py:3036} INFO - Sync 1 DAGs
[2025-04-05T16:52:47.053+0000] {logging_mixin.py:188} INFO - [2025-04-05T16:52:47.053+0000] {dag.py:3823} INFO - Setting next_dagrun for tutorial_objectstorage to None, run_after=None
[2025-04-05T16:52:47.071+0000] {processor.py:183} INFO - Processing /home/airflow/.local/lib/python3.8/site-packages/airflow/example_dags/tutorial_objectstorage.py took 0.066 seconds
[2025-04-05T16:53:17.159+0000] {processor.py:161} INFO - Started process (PID=6381) to work on /home/airflow/.local/lib/python3.8/site-packages/airflow/example_dags/tutorial_objectstorage.py
[2025-04-05T16:53:17.160+0000] {processor.py:830} INFO - Processing file /home/airflow/.local/lib/python3.8/site-packages/airflow/example_dags/tutorial_objectstorage.py for tasks to queue
[2025-04-05T16:53:17.161+0000] {logging_mixin.py:188} INFO - [2025-04-05T16:53:17.161+0000] {dagbag.py:538} INFO - Filling up the DagBag from /home/airflow/.local/lib/python3.8/site-packages/airflow/example_dags/tutorial_objectstorage.py
[2025-04-05T16:53:17.168+0000] {processor.py:840} INFO - DAG(s) 'tutorial_objectstorage' retrieved from /home/airflow/.local/lib/python3.8/site-packages/airflow/example_dags/tutorial_objectstorage.py
[2025-04-05T16:53:17.189+0000] {logging_mixin.py:188} INFO - [2025-04-05T16:53:17.189+0000] {dag.py:3036} INFO - Sync 1 DAGs
[2025-04-05T16:53:17.204+0000] {logging_mixin.py:188} INFO - [2025-04-05T16:53:17.204+0000] {dag.py:3823} INFO - Setting next_dagrun for tutorial_objectstorage to None, run_after=None
[2025-04-05T16:53:17.227+0000] {processor.py:183} INFO - Processing /home/airflow/.local/lib/python3.8/site-packages/airflow/example_dags/tutorial_objectstorage.py took 0.072 seconds
[2025-04-05T16:53:47.517+0000] {processor.py:161} INFO - Started process (PID=6633) to work on /home/airflow/.local/lib/python3.8/site-packages/airflow/example_dags/tutorial_objectstorage.py
[2025-04-05T16:53:47.518+0000] {processor.py:830} INFO - Processing file /home/airflow/.local/lib/python3.8/site-packages/airflow/example_dags/tutorial_objectstorage.py for tasks to queue
[2025-04-05T16:53:47.519+0000] {logging_mixin.py:188} INFO - [2025-04-05T16:53:47.519+0000] {dagbag.py:538} INFO - Filling up the DagBag from /home/airflow/.local/lib/python3.8/site-packages/airflow/example_dags/tutorial_objectstorage.py
[2025-04-05T16:53:47.526+0000] {processor.py:840} INFO - DAG(s) 'tutorial_objectstorage' retrieved from /home/airflow/.local/lib/python3.8/site-packages/airflow/example_dags/tutorial_objectstorage.py
[2025-04-05T16:53:47.547+0000] {logging_mixin.py:188} INFO - [2025-04-05T16:53:47.546+0000] {dag.py:3036} INFO - Sync 1 DAGs
[2025-04-05T16:53:47.559+0000] {logging_mixin.py:188} INFO - [2025-04-05T16:53:47.559+0000] {dag.py:3823} INFO - Setting next_dagrun for tutorial_objectstorage to None, run_after=None
[2025-04-05T16:53:47.578+0000] {processor.py:183} INFO - Processing /home/airflow/.local/lib/python3.8/site-packages/airflow/example_dags/tutorial_objectstorage.py took 0.064 seconds
[2025-04-05T16:54:17.678+0000] {processor.py:161} INFO - Started process (PID=6885) to work on /home/airflow/.local/lib/python3.8/site-packages/airflow/example_dags/tutorial_objectstorage.py
[2025-04-05T16:54:17.679+0000] {processor.py:830} INFO - Processing file /home/airflow/.local/lib/python3.8/site-packages/airflow/example_dags/tutorial_objectstorage.py for tasks to queue
[2025-04-05T16:54:17.680+0000] {logging_mixin.py:188} INFO - [2025-04-05T16:54:17.680+0000] {dagbag.py:538} INFO - Filling up the DagBag from /home/airflow/.local/lib/python3.8/site-packages/airflow/example_dags/tutorial_objectstorage.py
[2025-04-05T16:54:17.688+0000] {processor.py:840} INFO - DAG(s) 'tutorial_objectstorage' retrieved from /home/airflow/.local/lib/python3.8/site-packages/airflow/example_dags/tutorial_objectstorage.py
[2025-04-05T16:54:17.707+0000] {logging_mixin.py:188} INFO - [2025-04-05T16:54:17.707+0000] {dag.py:3036} INFO - Sync 1 DAGs
[2025-04-05T16:54:17.718+0000] {logging_mixin.py:188} INFO - [2025-04-05T16:54:17.718+0000] {dag.py:3823} INFO - Setting next_dagrun for tutorial_objectstorage to None, run_after=None
[2025-04-05T16:54:17.737+0000] {processor.py:183} INFO - Processing /home/airflow/.local/lib/python3.8/site-packages/airflow/example_dags/tutorial_objectstorage.py took 0.061 seconds
[2025-04-05T16:54:48.012+0000] {processor.py:161} INFO - Started process (PID=7137) to work on /home/airflow/.local/lib/python3.8/site-packages/airflow/example_dags/tutorial_objectstorage.py
[2025-04-05T16:54:48.014+0000] {processor.py:830} INFO - Processing file /home/airflow/.local/lib/python3.8/site-packages/airflow/example_dags/tutorial_objectstorage.py for tasks to queue
[2025-04-05T16:54:48.015+0000] {logging_mixin.py:188} INFO - [2025-04-05T16:54:48.015+0000] {dagbag.py:538} INFO - Filling up the DagBag from /home/airflow/.local/lib/python3.8/site-packages/airflow/example_dags/tutorial_objectstorage.py
[2025-04-05T16:54:48.022+0000] {processor.py:840} INFO - DAG(s) 'tutorial_objectstorage' retrieved from /home/airflow/.local/lib/python3.8/site-packages/airflow/example_dags/tutorial_objectstorage.py
[2025-04-05T16:54:48.042+0000] {logging_mixin.py:188} INFO - [2025-04-05T16:54:48.042+0000] {dag.py:3036} INFO - Sync 1 DAGs
[2025-04-05T16:54:48.057+0000] {logging_mixin.py:188} INFO - [2025-04-05T16:54:48.057+0000] {dag.py:3823} INFO - Setting next_dagrun for tutorial_objectstorage to None, run_after=None
[2025-04-05T16:54:48.210+0000] {processor.py:183} INFO - Processing /home/airflow/.local/lib/python3.8/site-packages/airflow/example_dags/tutorial_objectstorage.py took 0.200 seconds
[2025-04-05T16:55:18.325+0000] {processor.py:161} INFO - Started process (PID=7394) to work on /home/airflow/.local/lib/python3.8/site-packages/airflow/example_dags/tutorial_objectstorage.py
[2025-04-05T16:55:18.326+0000] {processor.py:830} INFO - Processing file /home/airflow/.local/lib/python3.8/site-packages/airflow/example_dags/tutorial_objectstorage.py for tasks to queue
[2025-04-05T16:55:18.327+0000] {logging_mixin.py:188} INFO - [2025-04-05T16:55:18.327+0000] {dagbag.py:538} INFO - Filling up the DagBag from /home/airflow/.local/lib/python3.8/site-packages/airflow/example_dags/tutorial_objectstorage.py
[2025-04-05T16:55:18.335+0000] {processor.py:840} INFO - DAG(s) 'tutorial_objectstorage' retrieved from /home/airflow/.local/lib/python3.8/site-packages/airflow/example_dags/tutorial_objectstorage.py
[2025-04-05T16:55:18.356+0000] {logging_mixin.py:188} INFO - [2025-04-05T16:55:18.356+0000] {dag.py:3036} INFO - Sync 1 DAGs
[2025-04-05T16:55:18.371+0000] {logging_mixin.py:188} INFO - [2025-04-05T16:55:18.371+0000] {dag.py:3823} INFO - Setting next_dagrun for tutorial_objectstorage to None, run_after=None
[2025-04-05T16:55:18.396+0000] {processor.py:183} INFO - Processing /home/airflow/.local/lib/python3.8/site-packages/airflow/example_dags/tutorial_objectstorage.py took 0.075 seconds
[2025-04-05T16:55:48.754+0000] {processor.py:161} INFO - Started process (PID=7646) to work on /home/airflow/.local/lib/python3.8/site-packages/airflow/example_dags/tutorial_objectstorage.py
[2025-04-05T16:55:48.755+0000] {processor.py:830} INFO - Processing file /home/airflow/.local/lib/python3.8/site-packages/airflow/example_dags/tutorial_objectstorage.py for tasks to queue
[2025-04-05T16:55:48.757+0000] {logging_mixin.py:188} INFO - [2025-04-05T16:55:48.756+0000] {dagbag.py:538} INFO - Filling up the DagBag from /home/airflow/.local/lib/python3.8/site-packages/airflow/example_dags/tutorial_objectstorage.py
[2025-04-05T16:55:48.766+0000] {processor.py:840} INFO - DAG(s) 'tutorial_objectstorage' retrieved from /home/airflow/.local/lib/python3.8/site-packages/airflow/example_dags/tutorial_objectstorage.py
[2025-04-05T16:55:48.787+0000] {logging_mixin.py:188} INFO - [2025-04-05T16:55:48.787+0000] {dag.py:3036} INFO - Sync 1 DAGs
[2025-04-05T16:55:48.801+0000] {logging_mixin.py:188} INFO - [2025-04-05T16:55:48.801+0000] {dag.py:3823} INFO - Setting next_dagrun for tutorial_objectstorage to None, run_after=None
[2025-04-05T16:55:48.820+0000] {processor.py:183} INFO - Processing /home/airflow/.local/lib/python3.8/site-packages/airflow/example_dags/tutorial_objectstorage.py took 0.070 seconds
[2025-04-05T16:56:18.970+0000] {processor.py:161} INFO - Started process (PID=7898) to work on /home/airflow/.local/lib/python3.8/site-packages/airflow/example_dags/tutorial_objectstorage.py
[2025-04-05T16:56:18.972+0000] {processor.py:830} INFO - Processing file /home/airflow/.local/lib/python3.8/site-packages/airflow/example_dags/tutorial_objectstorage.py for tasks to queue
[2025-04-05T16:56:18.973+0000] {logging_mixin.py:188} INFO - [2025-04-05T16:56:18.972+0000] {dagbag.py:538} INFO - Filling up the DagBag from /home/airflow/.local/lib/python3.8/site-packages/airflow/example_dags/tutorial_objectstorage.py
[2025-04-05T16:56:18.980+0000] {processor.py:840} INFO - DAG(s) 'tutorial_objectstorage' retrieved from /home/airflow/.local/lib/python3.8/site-packages/airflow/example_dags/tutorial_objectstorage.py
[2025-04-05T16:56:19.000+0000] {logging_mixin.py:188} INFO - [2025-04-05T16:56:19.000+0000] {dag.py:3036} INFO - Sync 1 DAGs
[2025-04-05T16:56:19.012+0000] {logging_mixin.py:188} INFO - [2025-04-05T16:56:19.012+0000] {dag.py:3823} INFO - Setting next_dagrun for tutorial_objectstorage to None, run_after=None
[2025-04-05T16:56:19.032+0000] {processor.py:183} INFO - Processing /home/airflow/.local/lib/python3.8/site-packages/airflow/example_dags/tutorial_objectstorage.py took 0.064 seconds
[2025-04-05T16:56:49.302+0000] {processor.py:161} INFO - Started process (PID=8152) to work on /home/airflow/.local/lib/python3.8/site-packages/airflow/example_dags/tutorial_objectstorage.py
[2025-04-05T16:56:49.303+0000] {processor.py:830} INFO - Processing file /home/airflow/.local/lib/python3.8/site-packages/airflow/example_dags/tutorial_objectstorage.py for tasks to queue
[2025-04-05T16:56:49.304+0000] {logging_mixin.py:188} INFO - [2025-04-05T16:56:49.304+0000] {dagbag.py:538} INFO - Filling up the DagBag from /home/airflow/.local/lib/python3.8/site-packages/airflow/example_dags/tutorial_objectstorage.py
[2025-04-05T16:56:49.311+0000] {processor.py:840} INFO - DAG(s) 'tutorial_objectstorage' retrieved from /home/airflow/.local/lib/python3.8/site-packages/airflow/example_dags/tutorial_objectstorage.py
[2025-04-05T16:56:49.330+0000] {logging_mixin.py:188} INFO - [2025-04-05T16:56:49.330+0000] {dag.py:3036} INFO - Sync 1 DAGs
[2025-04-05T16:56:49.344+0000] {logging_mixin.py:188} INFO - [2025-04-05T16:56:49.343+0000] {dag.py:3823} INFO - Setting next_dagrun for tutorial_objectstorage to None, run_after=None
[2025-04-05T16:56:49.362+0000] {processor.py:183} INFO - Processing /home/airflow/.local/lib/python3.8/site-packages/airflow/example_dags/tutorial_objectstorage.py took 0.063 seconds
