[2025-04-05T14:18:14.473+0000] {processor.py:161} INFO - Started process (PID=258) to work on /home/airflow/.local/lib/python3.8/site-packages/airflow/example_dags/tutorial.py
[2025-04-05T14:18:14.476+0000] {processor.py:830} INFO - Processing file /home/airflow/.local/lib/python3.8/site-packages/airflow/example_dags/tutorial.py for tasks to queue
[2025-04-05T14:18:14.478+0000] {logging_mixin.py:188} INFO - [2025-04-05T14:18:14.478+0000] {dagbag.py:538} INFO - Filling up the DagBag from /home/airflow/.local/lib/python3.8/site-packages/airflow/example_dags/tutorial.py
[2025-04-05T14:18:14.498+0000] {processor.py:840} INFO - DAG(s) 'tutorial' retrieved from /home/airflow/.local/lib/python3.8/site-packages/airflow/example_dags/tutorial.py
[2025-04-05T14:18:14.514+0000] {logging_mixin.py:188} INFO - [2025-04-05T14:18:14.514+0000] {dag.py:3036} INFO - Sync 1 DAGs
[2025-04-05T14:18:14.552+0000] {logging_mixin.py:188} INFO - [2025-04-05T14:18:14.552+0000] {dag.py:3823} INFO - Setting next_dagrun for tutorial to 2025-04-04 00:00:00+00:00, run_after=2025-04-05 00:00:00+00:00
[2025-04-05T14:18:14.583+0000] {processor.py:183} INFO - Processing /home/airflow/.local/lib/python3.8/site-packages/airflow/example_dags/tutorial.py took 0.115 seconds
[2025-04-05T14:18:45.620+0000] {processor.py:161} INFO - Started process (PID=505) to work on /home/airflow/.local/lib/python3.8/site-packages/airflow/example_dags/tutorial.py
[2025-04-05T14:18:45.622+0000] {processor.py:830} INFO - Processing file /home/airflow/.local/lib/python3.8/site-packages/airflow/example_dags/tutorial.py for tasks to queue
[2025-04-05T14:18:45.624+0000] {logging_mixin.py:188} INFO - [2025-04-05T14:18:45.624+0000] {dagbag.py:538} INFO - Filling up the DagBag from /home/airflow/.local/lib/python3.8/site-packages/airflow/example_dags/tutorial.py
[2025-04-05T14:18:45.633+0000] {processor.py:840} INFO - DAG(s) 'tutorial' retrieved from /home/airflow/.local/lib/python3.8/site-packages/airflow/example_dags/tutorial.py
[2025-04-05T14:18:45.752+0000] {logging_mixin.py:188} INFO - [2025-04-05T14:18:45.751+0000] {dag.py:3036} INFO - Sync 1 DAGs
[2025-04-05T14:18:45.778+0000] {logging_mixin.py:188} INFO - [2025-04-05T14:18:45.777+0000] {dag.py:3823} INFO - Setting next_dagrun for tutorial to 2025-04-04 00:00:00+00:00, run_after=2025-04-05 00:00:00+00:00
[2025-04-05T14:18:45.803+0000] {processor.py:183} INFO - Processing /home/airflow/.local/lib/python3.8/site-packages/airflow/example_dags/tutorial.py took 0.189 seconds
[2025-04-05T14:19:16.224+0000] {processor.py:161} INFO - Started process (PID=752) to work on /home/airflow/.local/lib/python3.8/site-packages/airflow/example_dags/tutorial.py
[2025-04-05T14:19:16.225+0000] {processor.py:830} INFO - Processing file /home/airflow/.local/lib/python3.8/site-packages/airflow/example_dags/tutorial.py for tasks to queue
[2025-04-05T14:19:16.226+0000] {logging_mixin.py:188} INFO - [2025-04-05T14:19:16.226+0000] {dagbag.py:538} INFO - Filling up the DagBag from /home/airflow/.local/lib/python3.8/site-packages/airflow/example_dags/tutorial.py
[2025-04-05T14:19:16.232+0000] {processor.py:840} INFO - DAG(s) 'tutorial' retrieved from /home/airflow/.local/lib/python3.8/site-packages/airflow/example_dags/tutorial.py
[2025-04-05T14:19:16.252+0000] {logging_mixin.py:188} INFO - [2025-04-05T14:19:16.252+0000] {dag.py:3036} INFO - Sync 1 DAGs
[2025-04-05T14:19:16.273+0000] {logging_mixin.py:188} INFO - [2025-04-05T14:19:16.272+0000] {dag.py:3823} INFO - Setting next_dagrun for tutorial to 2025-04-04 00:00:00+00:00, run_after=2025-04-05 00:00:00+00:00
[2025-04-05T14:19:16.294+0000] {processor.py:183} INFO - Processing /home/airflow/.local/lib/python3.8/site-packages/airflow/example_dags/tutorial.py took 0.073 seconds
[2025-04-05T14:19:47.278+0000] {processor.py:161} INFO - Started process (PID=1005) to work on /home/airflow/.local/lib/python3.8/site-packages/airflow/example_dags/tutorial.py
[2025-04-05T14:19:47.287+0000] {processor.py:830} INFO - Processing file /home/airflow/.local/lib/python3.8/site-packages/airflow/example_dags/tutorial.py for tasks to queue
[2025-04-05T14:19:47.288+0000] {logging_mixin.py:188} INFO - [2025-04-05T14:19:47.288+0000] {dagbag.py:538} INFO - Filling up the DagBag from /home/airflow/.local/lib/python3.8/site-packages/airflow/example_dags/tutorial.py
[2025-04-05T14:19:47.295+0000] {processor.py:840} INFO - DAG(s) 'tutorial' retrieved from /home/airflow/.local/lib/python3.8/site-packages/airflow/example_dags/tutorial.py
[2025-04-05T14:19:47.312+0000] {logging_mixin.py:188} INFO - [2025-04-05T14:19:47.312+0000] {dag.py:3036} INFO - Sync 1 DAGs
[2025-04-05T14:19:47.333+0000] {logging_mixin.py:188} INFO - [2025-04-05T14:19:47.332+0000] {dag.py:3823} INFO - Setting next_dagrun for tutorial to 2025-04-04 00:00:00+00:00, run_after=2025-04-05 00:00:00+00:00
[2025-04-05T14:19:47.371+0000] {processor.py:183} INFO - Processing /home/airflow/.local/lib/python3.8/site-packages/airflow/example_dags/tutorial.py took 0.097 seconds
[2025-04-05T14:20:17.917+0000] {processor.py:161} INFO - Started process (PID=1252) to work on /home/airflow/.local/lib/python3.8/site-packages/airflow/example_dags/tutorial.py
[2025-04-05T14:20:17.919+0000] {processor.py:830} INFO - Processing file /home/airflow/.local/lib/python3.8/site-packages/airflow/example_dags/tutorial.py for tasks to queue
[2025-04-05T14:20:17.920+0000] {logging_mixin.py:188} INFO - [2025-04-05T14:20:17.919+0000] {dagbag.py:538} INFO - Filling up the DagBag from /home/airflow/.local/lib/python3.8/site-packages/airflow/example_dags/tutorial.py
[2025-04-05T14:20:17.926+0000] {processor.py:840} INFO - DAG(s) 'tutorial' retrieved from /home/airflow/.local/lib/python3.8/site-packages/airflow/example_dags/tutorial.py
[2025-04-05T14:20:17.949+0000] {logging_mixin.py:188} INFO - [2025-04-05T14:20:17.948+0000] {dag.py:3036} INFO - Sync 1 DAGs
[2025-04-05T14:20:17.972+0000] {logging_mixin.py:188} INFO - [2025-04-05T14:20:17.971+0000] {dag.py:3823} INFO - Setting next_dagrun for tutorial to 2025-04-04 00:00:00+00:00, run_after=2025-04-05 00:00:00+00:00
[2025-04-05T14:20:18.020+0000] {processor.py:183} INFO - Processing /home/airflow/.local/lib/python3.8/site-packages/airflow/example_dags/tutorial.py took 0.106 seconds
[2025-04-05T14:20:48.487+0000] {processor.py:161} INFO - Started process (PID=1499) to work on /home/airflow/.local/lib/python3.8/site-packages/airflow/example_dags/tutorial.py
[2025-04-05T14:20:48.489+0000] {processor.py:830} INFO - Processing file /home/airflow/.local/lib/python3.8/site-packages/airflow/example_dags/tutorial.py for tasks to queue
[2025-04-05T14:20:48.493+0000] {logging_mixin.py:188} INFO - [2025-04-05T14:20:48.492+0000] {dagbag.py:538} INFO - Filling up the DagBag from /home/airflow/.local/lib/python3.8/site-packages/airflow/example_dags/tutorial.py
[2025-04-05T14:20:48.505+0000] {processor.py:840} INFO - DAG(s) 'tutorial' retrieved from /home/airflow/.local/lib/python3.8/site-packages/airflow/example_dags/tutorial.py
[2025-04-05T14:20:48.538+0000] {logging_mixin.py:188} INFO - [2025-04-05T14:20:48.538+0000] {dag.py:3036} INFO - Sync 1 DAGs
[2025-04-05T14:20:48.571+0000] {logging_mixin.py:188} INFO - [2025-04-05T14:20:48.571+0000] {dag.py:3823} INFO - Setting next_dagrun for tutorial to 2025-04-04 00:00:00+00:00, run_after=2025-04-05 00:00:00+00:00
[2025-04-05T14:20:48.594+0000] {processor.py:183} INFO - Processing /home/airflow/.local/lib/python3.8/site-packages/airflow/example_dags/tutorial.py took 0.113 seconds
[2025-04-05T14:21:19.109+0000] {processor.py:161} INFO - Started process (PID=1746) to work on /home/airflow/.local/lib/python3.8/site-packages/airflow/example_dags/tutorial.py
[2025-04-05T14:21:19.110+0000] {processor.py:830} INFO - Processing file /home/airflow/.local/lib/python3.8/site-packages/airflow/example_dags/tutorial.py for tasks to queue
[2025-04-05T14:21:19.111+0000] {logging_mixin.py:188} INFO - [2025-04-05T14:21:19.111+0000] {dagbag.py:538} INFO - Filling up the DagBag from /home/airflow/.local/lib/python3.8/site-packages/airflow/example_dags/tutorial.py
[2025-04-05T14:21:19.117+0000] {processor.py:840} INFO - DAG(s) 'tutorial' retrieved from /home/airflow/.local/lib/python3.8/site-packages/airflow/example_dags/tutorial.py
[2025-04-05T14:21:19.142+0000] {logging_mixin.py:188} INFO - [2025-04-05T14:21:19.141+0000] {dag.py:3036} INFO - Sync 1 DAGs
[2025-04-05T14:21:19.168+0000] {logging_mixin.py:188} INFO - [2025-04-05T14:21:19.167+0000] {dag.py:3823} INFO - Setting next_dagrun for tutorial to 2025-04-04 00:00:00+00:00, run_after=2025-04-05 00:00:00+00:00
[2025-04-05T14:21:19.199+0000] {processor.py:183} INFO - Processing /home/airflow/.local/lib/python3.8/site-packages/airflow/example_dags/tutorial.py took 0.093 seconds
[2025-04-05T14:21:49.463+0000] {processor.py:161} INFO - Started process (PID=1994) to work on /home/airflow/.local/lib/python3.8/site-packages/airflow/example_dags/tutorial.py
[2025-04-05T14:21:49.465+0000] {processor.py:830} INFO - Processing file /home/airflow/.local/lib/python3.8/site-packages/airflow/example_dags/tutorial.py for tasks to queue
[2025-04-05T14:21:49.466+0000] {logging_mixin.py:188} INFO - [2025-04-05T14:21:49.466+0000] {dagbag.py:538} INFO - Filling up the DagBag from /home/airflow/.local/lib/python3.8/site-packages/airflow/example_dags/tutorial.py
[2025-04-05T14:21:49.475+0000] {processor.py:840} INFO - DAG(s) 'tutorial' retrieved from /home/airflow/.local/lib/python3.8/site-packages/airflow/example_dags/tutorial.py
[2025-04-05T14:21:49.499+0000] {logging_mixin.py:188} INFO - [2025-04-05T14:21:49.498+0000] {dag.py:3036} INFO - Sync 1 DAGs
[2025-04-05T14:21:49.525+0000] {logging_mixin.py:188} INFO - [2025-04-05T14:21:49.525+0000] {dag.py:3823} INFO - Setting next_dagrun for tutorial to 2025-04-04 00:00:00+00:00, run_after=2025-04-05 00:00:00+00:00
[2025-04-05T14:21:49.553+0000] {processor.py:183} INFO - Processing /home/airflow/.local/lib/python3.8/site-packages/airflow/example_dags/tutorial.py took 0.093 seconds
[2025-04-05T14:22:19.711+0000] {processor.py:161} INFO - Started process (PID=2241) to work on /home/airflow/.local/lib/python3.8/site-packages/airflow/example_dags/tutorial.py
[2025-04-05T14:22:19.712+0000] {processor.py:830} INFO - Processing file /home/airflow/.local/lib/python3.8/site-packages/airflow/example_dags/tutorial.py for tasks to queue
[2025-04-05T14:22:19.714+0000] {logging_mixin.py:188} INFO - [2025-04-05T14:22:19.713+0000] {dagbag.py:538} INFO - Filling up the DagBag from /home/airflow/.local/lib/python3.8/site-packages/airflow/example_dags/tutorial.py
[2025-04-05T14:22:19.723+0000] {processor.py:840} INFO - DAG(s) 'tutorial' retrieved from /home/airflow/.local/lib/python3.8/site-packages/airflow/example_dags/tutorial.py
[2025-04-05T14:22:19.757+0000] {logging_mixin.py:188} INFO - [2025-04-05T14:22:19.756+0000] {dag.py:3036} INFO - Sync 1 DAGs
[2025-04-05T14:22:19.799+0000] {logging_mixin.py:188} INFO - [2025-04-05T14:22:19.798+0000] {dag.py:3823} INFO - Setting next_dagrun for tutorial to 2025-04-04 00:00:00+00:00, run_after=2025-04-05 00:00:00+00:00
[2025-04-05T14:22:19.827+0000] {processor.py:183} INFO - Processing /home/airflow/.local/lib/python3.8/site-packages/airflow/example_dags/tutorial.py took 0.121 seconds
[2025-04-05T14:22:50.112+0000] {processor.py:161} INFO - Started process (PID=2488) to work on /home/airflow/.local/lib/python3.8/site-packages/airflow/example_dags/tutorial.py
[2025-04-05T14:22:50.114+0000] {processor.py:830} INFO - Processing file /home/airflow/.local/lib/python3.8/site-packages/airflow/example_dags/tutorial.py for tasks to queue
[2025-04-05T14:22:50.115+0000] {logging_mixin.py:188} INFO - [2025-04-05T14:22:50.114+0000] {dagbag.py:538} INFO - Filling up the DagBag from /home/airflow/.local/lib/python3.8/site-packages/airflow/example_dags/tutorial.py
[2025-04-05T14:22:50.122+0000] {processor.py:840} INFO - DAG(s) 'tutorial' retrieved from /home/airflow/.local/lib/python3.8/site-packages/airflow/example_dags/tutorial.py
[2025-04-05T14:22:50.143+0000] {logging_mixin.py:188} INFO - [2025-04-05T14:22:50.142+0000] {dag.py:3036} INFO - Sync 1 DAGs
[2025-04-05T14:22:50.166+0000] {logging_mixin.py:188} INFO - [2025-04-05T14:22:50.166+0000] {dag.py:3823} INFO - Setting next_dagrun for tutorial to 2025-04-04 00:00:00+00:00, run_after=2025-04-05 00:00:00+00:00
[2025-04-05T14:22:50.188+0000] {processor.py:183} INFO - Processing /home/airflow/.local/lib/python3.8/site-packages/airflow/example_dags/tutorial.py took 0.079 seconds
[2025-04-05T14:23:20.347+0000] {processor.py:161} INFO - Started process (PID=2737) to work on /home/airflow/.local/lib/python3.8/site-packages/airflow/example_dags/tutorial.py
[2025-04-05T14:23:20.348+0000] {processor.py:830} INFO - Processing file /home/airflow/.local/lib/python3.8/site-packages/airflow/example_dags/tutorial.py for tasks to queue
[2025-04-05T14:23:20.349+0000] {logging_mixin.py:188} INFO - [2025-04-05T14:23:20.349+0000] {dagbag.py:538} INFO - Filling up the DagBag from /home/airflow/.local/lib/python3.8/site-packages/airflow/example_dags/tutorial.py
[2025-04-05T14:23:20.355+0000] {processor.py:840} INFO - DAG(s) 'tutorial' retrieved from /home/airflow/.local/lib/python3.8/site-packages/airflow/example_dags/tutorial.py
[2025-04-05T14:23:20.373+0000] {logging_mixin.py:188} INFO - [2025-04-05T14:23:20.373+0000] {dag.py:3036} INFO - Sync 1 DAGs
[2025-04-05T14:23:20.391+0000] {logging_mixin.py:188} INFO - [2025-04-05T14:23:20.391+0000] {dag.py:3823} INFO - Setting next_dagrun for tutorial to 2025-04-04 00:00:00+00:00, run_after=2025-04-05 00:00:00+00:00
[2025-04-05T14:23:20.411+0000] {processor.py:183} INFO - Processing /home/airflow/.local/lib/python3.8/site-packages/airflow/example_dags/tutorial.py took 0.067 seconds
[2025-04-05T14:23:50.477+0000] {processor.py:161} INFO - Started process (PID=2984) to work on /home/airflow/.local/lib/python3.8/site-packages/airflow/example_dags/tutorial.py
[2025-04-05T14:23:50.479+0000] {processor.py:830} INFO - Processing file /home/airflow/.local/lib/python3.8/site-packages/airflow/example_dags/tutorial.py for tasks to queue
[2025-04-05T14:23:50.480+0000] {logging_mixin.py:188} INFO - [2025-04-05T14:23:50.479+0000] {dagbag.py:538} INFO - Filling up the DagBag from /home/airflow/.local/lib/python3.8/site-packages/airflow/example_dags/tutorial.py
[2025-04-05T14:23:50.486+0000] {processor.py:840} INFO - DAG(s) 'tutorial' retrieved from /home/airflow/.local/lib/python3.8/site-packages/airflow/example_dags/tutorial.py
[2025-04-05T14:23:50.505+0000] {logging_mixin.py:188} INFO - [2025-04-05T14:23:50.504+0000] {dag.py:3036} INFO - Sync 1 DAGs
[2025-04-05T14:23:50.523+0000] {logging_mixin.py:188} INFO - [2025-04-05T14:23:50.523+0000] {dag.py:3823} INFO - Setting next_dagrun for tutorial to 2025-04-04 00:00:00+00:00, run_after=2025-04-05 00:00:00+00:00
[2025-04-05T14:23:50.541+0000] {processor.py:183} INFO - Processing /home/airflow/.local/lib/python3.8/site-packages/airflow/example_dags/tutorial.py took 0.067 seconds
[2025-04-05T14:24:21.137+0000] {processor.py:161} INFO - Started process (PID=3229) to work on /home/airflow/.local/lib/python3.8/site-packages/airflow/example_dags/tutorial.py
[2025-04-05T14:24:21.166+0000] {processor.py:830} INFO - Processing file /home/airflow/.local/lib/python3.8/site-packages/airflow/example_dags/tutorial.py for tasks to queue
[2025-04-05T14:24:21.168+0000] {logging_mixin.py:188} INFO - [2025-04-05T14:24:21.168+0000] {dagbag.py:538} INFO - Filling up the DagBag from /home/airflow/.local/lib/python3.8/site-packages/airflow/example_dags/tutorial.py
[2025-04-05T14:24:21.190+0000] {processor.py:840} INFO - DAG(s) 'tutorial' retrieved from /home/airflow/.local/lib/python3.8/site-packages/airflow/example_dags/tutorial.py
[2025-04-05T14:24:21.250+0000] {logging_mixin.py:188} INFO - [2025-04-05T14:24:21.250+0000] {dag.py:3036} INFO - Sync 1 DAGs
[2025-04-05T14:24:21.347+0000] {logging_mixin.py:188} INFO - [2025-04-05T14:24:21.347+0000] {dag.py:3823} INFO - Setting next_dagrun for tutorial to 2025-04-04 00:00:00+00:00, run_after=2025-04-05 00:00:00+00:00
[2025-04-05T14:24:21.459+0000] {processor.py:183} INFO - Processing /home/airflow/.local/lib/python3.8/site-packages/airflow/example_dags/tutorial.py took 0.335 seconds
[2025-04-05T14:24:51.907+0000] {processor.py:161} INFO - Started process (PID=3476) to work on /home/airflow/.local/lib/python3.8/site-packages/airflow/example_dags/tutorial.py
[2025-04-05T14:24:51.908+0000] {processor.py:830} INFO - Processing file /home/airflow/.local/lib/python3.8/site-packages/airflow/example_dags/tutorial.py for tasks to queue
[2025-04-05T14:24:51.909+0000] {logging_mixin.py:188} INFO - [2025-04-05T14:24:51.909+0000] {dagbag.py:538} INFO - Filling up the DagBag from /home/airflow/.local/lib/python3.8/site-packages/airflow/example_dags/tutorial.py
[2025-04-05T14:24:51.916+0000] {processor.py:840} INFO - DAG(s) 'tutorial' retrieved from /home/airflow/.local/lib/python3.8/site-packages/airflow/example_dags/tutorial.py
[2025-04-05T14:24:51.947+0000] {logging_mixin.py:188} INFO - [2025-04-05T14:24:51.947+0000] {dag.py:3036} INFO - Sync 1 DAGs
[2025-04-05T14:24:51.980+0000] {logging_mixin.py:188} INFO - [2025-04-05T14:24:51.980+0000] {dag.py:3823} INFO - Setting next_dagrun for tutorial to 2025-04-04 00:00:00+00:00, run_after=2025-04-05 00:00:00+00:00
[2025-04-05T14:24:52.011+0000] {processor.py:183} INFO - Processing /home/airflow/.local/lib/python3.8/site-packages/airflow/example_dags/tutorial.py took 0.108 seconds
[2025-04-05T14:25:22.294+0000] {processor.py:161} INFO - Started process (PID=3723) to work on /home/airflow/.local/lib/python3.8/site-packages/airflow/example_dags/tutorial.py
[2025-04-05T14:25:22.295+0000] {processor.py:830} INFO - Processing file /home/airflow/.local/lib/python3.8/site-packages/airflow/example_dags/tutorial.py for tasks to queue
[2025-04-05T14:25:22.296+0000] {logging_mixin.py:188} INFO - [2025-04-05T14:25:22.296+0000] {dagbag.py:538} INFO - Filling up the DagBag from /home/airflow/.local/lib/python3.8/site-packages/airflow/example_dags/tutorial.py
[2025-04-05T14:25:22.302+0000] {processor.py:840} INFO - DAG(s) 'tutorial' retrieved from /home/airflow/.local/lib/python3.8/site-packages/airflow/example_dags/tutorial.py
[2025-04-05T14:25:22.324+0000] {logging_mixin.py:188} INFO - [2025-04-05T14:25:22.324+0000] {dag.py:3036} INFO - Sync 1 DAGs
[2025-04-05T14:25:22.347+0000] {logging_mixin.py:188} INFO - [2025-04-05T14:25:22.347+0000] {dag.py:3823} INFO - Setting next_dagrun for tutorial to 2025-04-04 00:00:00+00:00, run_after=2025-04-05 00:00:00+00:00
[2025-04-05T14:25:22.368+0000] {processor.py:183} INFO - Processing /home/airflow/.local/lib/python3.8/site-packages/airflow/example_dags/tutorial.py took 0.077 seconds
[2025-04-05T14:25:52.608+0000] {processor.py:161} INFO - Started process (PID=3970) to work on /home/airflow/.local/lib/python3.8/site-packages/airflow/example_dags/tutorial.py
[2025-04-05T14:25:52.609+0000] {processor.py:830} INFO - Processing file /home/airflow/.local/lib/python3.8/site-packages/airflow/example_dags/tutorial.py for tasks to queue
[2025-04-05T14:25:52.610+0000] {logging_mixin.py:188} INFO - [2025-04-05T14:25:52.610+0000] {dagbag.py:538} INFO - Filling up the DagBag from /home/airflow/.local/lib/python3.8/site-packages/airflow/example_dags/tutorial.py
[2025-04-05T14:25:52.616+0000] {processor.py:840} INFO - DAG(s) 'tutorial' retrieved from /home/airflow/.local/lib/python3.8/site-packages/airflow/example_dags/tutorial.py
[2025-04-05T14:25:52.638+0000] {logging_mixin.py:188} INFO - [2025-04-05T14:25:52.637+0000] {dag.py:3036} INFO - Sync 1 DAGs
[2025-04-05T14:25:52.659+0000] {logging_mixin.py:188} INFO - [2025-04-05T14:25:52.659+0000] {dag.py:3823} INFO - Setting next_dagrun for tutorial to 2025-04-04 00:00:00+00:00, run_after=2025-04-05 00:00:00+00:00
[2025-04-05T14:25:52.679+0000] {processor.py:183} INFO - Processing /home/airflow/.local/lib/python3.8/site-packages/airflow/example_dags/tutorial.py took 0.074 seconds
[2025-04-05T14:26:23.303+0000] {processor.py:161} INFO - Started process (PID=4217) to work on /home/airflow/.local/lib/python3.8/site-packages/airflow/example_dags/tutorial.py
[2025-04-05T14:26:23.304+0000] {processor.py:830} INFO - Processing file /home/airflow/.local/lib/python3.8/site-packages/airflow/example_dags/tutorial.py for tasks to queue
[2025-04-05T14:26:23.306+0000] {logging_mixin.py:188} INFO - [2025-04-05T14:26:23.305+0000] {dagbag.py:538} INFO - Filling up the DagBag from /home/airflow/.local/lib/python3.8/site-packages/airflow/example_dags/tutorial.py
[2025-04-05T14:26:23.312+0000] {processor.py:840} INFO - DAG(s) 'tutorial' retrieved from /home/airflow/.local/lib/python3.8/site-packages/airflow/example_dags/tutorial.py
[2025-04-05T14:26:23.335+0000] {logging_mixin.py:188} INFO - [2025-04-05T14:26:23.335+0000] {dag.py:3036} INFO - Sync 1 DAGs
[2025-04-05T14:26:23.361+0000] {logging_mixin.py:188} INFO - [2025-04-05T14:26:23.361+0000] {dag.py:3823} INFO - Setting next_dagrun for tutorial to 2025-04-04 00:00:00+00:00, run_after=2025-04-05 00:00:00+00:00
[2025-04-05T14:26:23.381+0000] {processor.py:183} INFO - Processing /home/airflow/.local/lib/python3.8/site-packages/airflow/example_dags/tutorial.py took 0.081 seconds
[2025-04-05T14:26:53.500+0000] {processor.py:161} INFO - Started process (PID=4464) to work on /home/airflow/.local/lib/python3.8/site-packages/airflow/example_dags/tutorial.py
[2025-04-05T14:26:53.501+0000] {processor.py:830} INFO - Processing file /home/airflow/.local/lib/python3.8/site-packages/airflow/example_dags/tutorial.py for tasks to queue
[2025-04-05T14:26:53.502+0000] {logging_mixin.py:188} INFO - [2025-04-05T14:26:53.501+0000] {dagbag.py:538} INFO - Filling up the DagBag from /home/airflow/.local/lib/python3.8/site-packages/airflow/example_dags/tutorial.py
[2025-04-05T14:26:53.511+0000] {processor.py:840} INFO - DAG(s) 'tutorial' retrieved from /home/airflow/.local/lib/python3.8/site-packages/airflow/example_dags/tutorial.py
[2025-04-05T14:26:53.545+0000] {logging_mixin.py:188} INFO - [2025-04-05T14:26:53.544+0000] {dag.py:3036} INFO - Sync 1 DAGs
[2025-04-05T14:26:53.582+0000] {logging_mixin.py:188} INFO - [2025-04-05T14:26:53.582+0000] {dag.py:3823} INFO - Setting next_dagrun for tutorial to 2025-04-04 00:00:00+00:00, run_after=2025-04-05 00:00:00+00:00
[2025-04-05T14:26:53.602+0000] {processor.py:183} INFO - Processing /home/airflow/.local/lib/python3.8/site-packages/airflow/example_dags/tutorial.py took 0.106 seconds
[2025-04-05T14:28:35.223+0000] {processor.py:161} INFO - Started process (PID=252) to work on /home/airflow/.local/lib/python3.8/site-packages/airflow/example_dags/tutorial.py
[2025-04-05T14:28:35.224+0000] {processor.py:830} INFO - Processing file /home/airflow/.local/lib/python3.8/site-packages/airflow/example_dags/tutorial.py for tasks to queue
[2025-04-05T14:28:35.226+0000] {logging_mixin.py:188} INFO - [2025-04-05T14:28:35.226+0000] {dagbag.py:538} INFO - Filling up the DagBag from /home/airflow/.local/lib/python3.8/site-packages/airflow/example_dags/tutorial.py
[2025-04-05T14:28:35.237+0000] {processor.py:840} INFO - DAG(s) 'tutorial' retrieved from /home/airflow/.local/lib/python3.8/site-packages/airflow/example_dags/tutorial.py
[2025-04-05T14:28:35.258+0000] {logging_mixin.py:188} INFO - [2025-04-05T14:28:35.258+0000] {dag.py:3036} INFO - Sync 1 DAGs
[2025-04-05T14:28:35.305+0000] {logging_mixin.py:188} INFO - [2025-04-05T14:28:35.304+0000] {dag.py:3823} INFO - Setting next_dagrun for tutorial to 2025-04-04 00:00:00+00:00, run_after=2025-04-05 00:00:00+00:00
[2025-04-05T14:28:35.361+0000] {processor.py:183} INFO - Processing /home/airflow/.local/lib/python3.8/site-packages/airflow/example_dags/tutorial.py took 0.144 seconds
[2025-04-05T14:29:06.367+0000] {processor.py:161} INFO - Started process (PID=505) to work on /home/airflow/.local/lib/python3.8/site-packages/airflow/example_dags/tutorial.py
[2025-04-05T14:29:06.369+0000] {processor.py:830} INFO - Processing file /home/airflow/.local/lib/python3.8/site-packages/airflow/example_dags/tutorial.py for tasks to queue
[2025-04-05T14:29:06.372+0000] {logging_mixin.py:188} INFO - [2025-04-05T14:29:06.371+0000] {dagbag.py:538} INFO - Filling up the DagBag from /home/airflow/.local/lib/python3.8/site-packages/airflow/example_dags/tutorial.py
[2025-04-05T14:29:06.384+0000] {processor.py:840} INFO - DAG(s) 'tutorial' retrieved from /home/airflow/.local/lib/python3.8/site-packages/airflow/example_dags/tutorial.py
[2025-04-05T14:29:06.548+0000] {logging_mixin.py:188} INFO - [2025-04-05T14:29:06.548+0000] {dag.py:3036} INFO - Sync 1 DAGs
[2025-04-05T14:29:06.569+0000] {logging_mixin.py:188} INFO - [2025-04-05T14:29:06.569+0000] {dag.py:3823} INFO - Setting next_dagrun for tutorial to 2025-04-04 00:00:00+00:00, run_after=2025-04-05 00:00:00+00:00
[2025-04-05T14:29:06.593+0000] {processor.py:183} INFO - Processing /home/airflow/.local/lib/python3.8/site-packages/airflow/example_dags/tutorial.py took 0.231 seconds
[2025-04-05T14:29:36.666+0000] {processor.py:161} INFO - Started process (PID=752) to work on /home/airflow/.local/lib/python3.8/site-packages/airflow/example_dags/tutorial.py
[2025-04-05T14:29:36.667+0000] {processor.py:830} INFO - Processing file /home/airflow/.local/lib/python3.8/site-packages/airflow/example_dags/tutorial.py for tasks to queue
[2025-04-05T14:29:36.668+0000] {logging_mixin.py:188} INFO - [2025-04-05T14:29:36.668+0000] {dagbag.py:538} INFO - Filling up the DagBag from /home/airflow/.local/lib/python3.8/site-packages/airflow/example_dags/tutorial.py
[2025-04-05T14:29:36.674+0000] {processor.py:840} INFO - DAG(s) 'tutorial' retrieved from /home/airflow/.local/lib/python3.8/site-packages/airflow/example_dags/tutorial.py
[2025-04-05T14:29:36.694+0000] {logging_mixin.py:188} INFO - [2025-04-05T14:29:36.693+0000] {dag.py:3036} INFO - Sync 1 DAGs
[2025-04-05T14:29:36.713+0000] {logging_mixin.py:188} INFO - [2025-04-05T14:29:36.713+0000] {dag.py:3823} INFO - Setting next_dagrun for tutorial to 2025-04-04 00:00:00+00:00, run_after=2025-04-05 00:00:00+00:00
[2025-04-05T14:29:36.735+0000] {processor.py:183} INFO - Processing /home/airflow/.local/lib/python3.8/site-packages/airflow/example_dags/tutorial.py took 0.072 seconds
[2025-04-05T14:30:07.244+0000] {processor.py:161} INFO - Started process (PID=999) to work on /home/airflow/.local/lib/python3.8/site-packages/airflow/example_dags/tutorial.py
[2025-04-05T14:30:07.246+0000] {processor.py:830} INFO - Processing file /home/airflow/.local/lib/python3.8/site-packages/airflow/example_dags/tutorial.py for tasks to queue
[2025-04-05T14:30:07.248+0000] {logging_mixin.py:188} INFO - [2025-04-05T14:30:07.247+0000] {dagbag.py:538} INFO - Filling up the DagBag from /home/airflow/.local/lib/python3.8/site-packages/airflow/example_dags/tutorial.py
[2025-04-05T14:30:07.260+0000] {processor.py:840} INFO - DAG(s) 'tutorial' retrieved from /home/airflow/.local/lib/python3.8/site-packages/airflow/example_dags/tutorial.py
[2025-04-05T14:30:07.290+0000] {logging_mixin.py:188} INFO - [2025-04-05T14:30:07.290+0000] {dag.py:3036} INFO - Sync 1 DAGs
[2025-04-05T14:30:07.322+0000] {logging_mixin.py:188} INFO - [2025-04-05T14:30:07.322+0000] {dag.py:3823} INFO - Setting next_dagrun for tutorial to 2025-04-04 00:00:00+00:00, run_after=2025-04-05 00:00:00+00:00
[2025-04-05T14:30:07.354+0000] {processor.py:183} INFO - Processing /home/airflow/.local/lib/python3.8/site-packages/airflow/example_dags/tutorial.py took 0.114 seconds
[2025-04-05T14:30:38.236+0000] {processor.py:161} INFO - Started process (PID=1246) to work on /home/airflow/.local/lib/python3.8/site-packages/airflow/example_dags/tutorial.py
[2025-04-05T14:30:38.237+0000] {processor.py:830} INFO - Processing file /home/airflow/.local/lib/python3.8/site-packages/airflow/example_dags/tutorial.py for tasks to queue
[2025-04-05T14:30:38.238+0000] {logging_mixin.py:188} INFO - [2025-04-05T14:30:38.238+0000] {dagbag.py:538} INFO - Filling up the DagBag from /home/airflow/.local/lib/python3.8/site-packages/airflow/example_dags/tutorial.py
[2025-04-05T14:30:38.245+0000] {processor.py:840} INFO - DAG(s) 'tutorial' retrieved from /home/airflow/.local/lib/python3.8/site-packages/airflow/example_dags/tutorial.py
[2025-04-05T14:30:38.265+0000] {logging_mixin.py:188} INFO - [2025-04-05T14:30:38.264+0000] {dag.py:3036} INFO - Sync 1 DAGs
[2025-04-05T14:30:38.287+0000] {logging_mixin.py:188} INFO - [2025-04-05T14:30:38.287+0000] {dag.py:3823} INFO - Setting next_dagrun for tutorial to 2025-04-04 00:00:00+00:00, run_after=2025-04-05 00:00:00+00:00
[2025-04-05T14:30:38.306+0000] {processor.py:183} INFO - Processing /home/airflow/.local/lib/python3.8/site-packages/airflow/example_dags/tutorial.py took 0.073 seconds
[2025-04-05T14:31:09.178+0000] {processor.py:161} INFO - Started process (PID=1493) to work on /home/airflow/.local/lib/python3.8/site-packages/airflow/example_dags/tutorial.py
[2025-04-05T14:31:09.191+0000] {processor.py:830} INFO - Processing file /home/airflow/.local/lib/python3.8/site-packages/airflow/example_dags/tutorial.py for tasks to queue
[2025-04-05T14:31:09.192+0000] {logging_mixin.py:188} INFO - [2025-04-05T14:31:09.192+0000] {dagbag.py:538} INFO - Filling up the DagBag from /home/airflow/.local/lib/python3.8/site-packages/airflow/example_dags/tutorial.py
[2025-04-05T14:31:09.199+0000] {processor.py:840} INFO - DAG(s) 'tutorial' retrieved from /home/airflow/.local/lib/python3.8/site-packages/airflow/example_dags/tutorial.py
[2025-04-05T14:31:09.227+0000] {logging_mixin.py:188} INFO - [2025-04-05T14:31:09.226+0000] {dag.py:3036} INFO - Sync 1 DAGs
[2025-04-05T14:31:09.249+0000] {logging_mixin.py:188} INFO - [2025-04-05T14:31:09.249+0000] {dag.py:3823} INFO - Setting next_dagrun for tutorial to 2025-04-04 00:00:00+00:00, run_after=2025-04-05 00:00:00+00:00
[2025-04-05T14:31:09.348+0000] {processor.py:183} INFO - Processing /home/airflow/.local/lib/python3.8/site-packages/airflow/example_dags/tutorial.py took 0.173 seconds
[2025-04-05T14:31:39.491+0000] {processor.py:161} INFO - Started process (PID=1740) to work on /home/airflow/.local/lib/python3.8/site-packages/airflow/example_dags/tutorial.py
[2025-04-05T14:31:39.492+0000] {processor.py:830} INFO - Processing file /home/airflow/.local/lib/python3.8/site-packages/airflow/example_dags/tutorial.py for tasks to queue
[2025-04-05T14:31:39.494+0000] {logging_mixin.py:188} INFO - [2025-04-05T14:31:39.493+0000] {dagbag.py:538} INFO - Filling up the DagBag from /home/airflow/.local/lib/python3.8/site-packages/airflow/example_dags/tutorial.py
[2025-04-05T14:31:39.500+0000] {processor.py:840} INFO - DAG(s) 'tutorial' retrieved from /home/airflow/.local/lib/python3.8/site-packages/airflow/example_dags/tutorial.py
[2025-04-05T14:31:39.521+0000] {logging_mixin.py:188} INFO - [2025-04-05T14:31:39.521+0000] {dag.py:3036} INFO - Sync 1 DAGs
[2025-04-05T14:31:39.544+0000] {logging_mixin.py:188} INFO - [2025-04-05T14:31:39.543+0000] {dag.py:3823} INFO - Setting next_dagrun for tutorial to 2025-04-04 00:00:00+00:00, run_after=2025-04-05 00:00:00+00:00
[2025-04-05T14:31:39.564+0000] {processor.py:183} INFO - Processing /home/airflow/.local/lib/python3.8/site-packages/airflow/example_dags/tutorial.py took 0.077 seconds
[2025-04-05T14:32:09.611+0000] {processor.py:161} INFO - Started process (PID=1987) to work on /home/airflow/.local/lib/python3.8/site-packages/airflow/example_dags/tutorial.py
[2025-04-05T14:32:09.612+0000] {processor.py:830} INFO - Processing file /home/airflow/.local/lib/python3.8/site-packages/airflow/example_dags/tutorial.py for tasks to queue
[2025-04-05T14:32:09.613+0000] {logging_mixin.py:188} INFO - [2025-04-05T14:32:09.613+0000] {dagbag.py:538} INFO - Filling up the DagBag from /home/airflow/.local/lib/python3.8/site-packages/airflow/example_dags/tutorial.py
[2025-04-05T14:32:09.619+0000] {processor.py:840} INFO - DAG(s) 'tutorial' retrieved from /home/airflow/.local/lib/python3.8/site-packages/airflow/example_dags/tutorial.py
[2025-04-05T14:32:09.639+0000] {logging_mixin.py:188} INFO - [2025-04-05T14:32:09.639+0000] {dag.py:3036} INFO - Sync 1 DAGs
[2025-04-05T14:32:09.658+0000] {logging_mixin.py:188} INFO - [2025-04-05T14:32:09.658+0000] {dag.py:3823} INFO - Setting next_dagrun for tutorial to 2025-04-04 00:00:00+00:00, run_after=2025-04-05 00:00:00+00:00
[2025-04-05T14:32:09.678+0000] {processor.py:183} INFO - Processing /home/airflow/.local/lib/python3.8/site-packages/airflow/example_dags/tutorial.py took 0.071 seconds
[2025-04-05T14:32:39.873+0000] {processor.py:161} INFO - Started process (PID=2234) to work on /home/airflow/.local/lib/python3.8/site-packages/airflow/example_dags/tutorial.py
[2025-04-05T14:32:39.874+0000] {processor.py:830} INFO - Processing file /home/airflow/.local/lib/python3.8/site-packages/airflow/example_dags/tutorial.py for tasks to queue
[2025-04-05T14:32:39.875+0000] {logging_mixin.py:188} INFO - [2025-04-05T14:32:39.875+0000] {dagbag.py:538} INFO - Filling up the DagBag from /home/airflow/.local/lib/python3.8/site-packages/airflow/example_dags/tutorial.py
[2025-04-05T14:32:39.881+0000] {processor.py:840} INFO - DAG(s) 'tutorial' retrieved from /home/airflow/.local/lib/python3.8/site-packages/airflow/example_dags/tutorial.py
[2025-04-05T14:32:39.903+0000] {logging_mixin.py:188} INFO - [2025-04-05T14:32:39.903+0000] {dag.py:3036} INFO - Sync 1 DAGs
[2025-04-05T14:32:39.926+0000] {logging_mixin.py:188} INFO - [2025-04-05T14:32:39.925+0000] {dag.py:3823} INFO - Setting next_dagrun for tutorial to 2025-04-04 00:00:00+00:00, run_after=2025-04-05 00:00:00+00:00
[2025-04-05T14:32:39.946+0000] {processor.py:183} INFO - Processing /home/airflow/.local/lib/python3.8/site-packages/airflow/example_dags/tutorial.py took 0.076 seconds
[2025-04-05T14:33:10.295+0000] {processor.py:161} INFO - Started process (PID=2481) to work on /home/airflow/.local/lib/python3.8/site-packages/airflow/example_dags/tutorial.py
[2025-04-05T14:33:10.296+0000] {processor.py:830} INFO - Processing file /home/airflow/.local/lib/python3.8/site-packages/airflow/example_dags/tutorial.py for tasks to queue
[2025-04-05T14:33:10.297+0000] {logging_mixin.py:188} INFO - [2025-04-05T14:33:10.297+0000] {dagbag.py:538} INFO - Filling up the DagBag from /home/airflow/.local/lib/python3.8/site-packages/airflow/example_dags/tutorial.py
[2025-04-05T14:33:10.303+0000] {processor.py:840} INFO - DAG(s) 'tutorial' retrieved from /home/airflow/.local/lib/python3.8/site-packages/airflow/example_dags/tutorial.py
[2025-04-05T14:33:10.325+0000] {logging_mixin.py:188} INFO - [2025-04-05T14:33:10.325+0000] {dag.py:3036} INFO - Sync 1 DAGs
[2025-04-05T14:33:10.348+0000] {logging_mixin.py:188} INFO - [2025-04-05T14:33:10.347+0000] {dag.py:3823} INFO - Setting next_dagrun for tutorial to 2025-04-04 00:00:00+00:00, run_after=2025-04-05 00:00:00+00:00
[2025-04-05T14:33:10.370+0000] {processor.py:183} INFO - Processing /home/airflow/.local/lib/python3.8/site-packages/airflow/example_dags/tutorial.py took 0.078 seconds
[2025-04-05T14:33:40.574+0000] {processor.py:161} INFO - Started process (PID=2728) to work on /home/airflow/.local/lib/python3.8/site-packages/airflow/example_dags/tutorial.py
[2025-04-05T14:33:40.576+0000] {processor.py:830} INFO - Processing file /home/airflow/.local/lib/python3.8/site-packages/airflow/example_dags/tutorial.py for tasks to queue
[2025-04-05T14:33:40.577+0000] {logging_mixin.py:188} INFO - [2025-04-05T14:33:40.577+0000] {dagbag.py:538} INFO - Filling up the DagBag from /home/airflow/.local/lib/python3.8/site-packages/airflow/example_dags/tutorial.py
[2025-04-05T14:33:40.583+0000] {processor.py:840} INFO - DAG(s) 'tutorial' retrieved from /home/airflow/.local/lib/python3.8/site-packages/airflow/example_dags/tutorial.py
[2025-04-05T14:33:40.608+0000] {logging_mixin.py:188} INFO - [2025-04-05T14:33:40.607+0000] {dag.py:3036} INFO - Sync 1 DAGs
[2025-04-05T14:33:40.630+0000] {logging_mixin.py:188} INFO - [2025-04-05T14:33:40.629+0000] {dag.py:3823} INFO - Setting next_dagrun for tutorial to 2025-04-04 00:00:00+00:00, run_after=2025-04-05 00:00:00+00:00
[2025-04-05T14:33:40.650+0000] {processor.py:183} INFO - Processing /home/airflow/.local/lib/python3.8/site-packages/airflow/example_dags/tutorial.py took 0.078 seconds
[2025-04-05T14:34:10.816+0000] {processor.py:161} INFO - Started process (PID=2975) to work on /home/airflow/.local/lib/python3.8/site-packages/airflow/example_dags/tutorial.py
[2025-04-05T14:34:10.817+0000] {processor.py:830} INFO - Processing file /home/airflow/.local/lib/python3.8/site-packages/airflow/example_dags/tutorial.py for tasks to queue
[2025-04-05T14:34:10.818+0000] {logging_mixin.py:188} INFO - [2025-04-05T14:34:10.818+0000] {dagbag.py:538} INFO - Filling up the DagBag from /home/airflow/.local/lib/python3.8/site-packages/airflow/example_dags/tutorial.py
[2025-04-05T14:34:10.825+0000] {processor.py:840} INFO - DAG(s) 'tutorial' retrieved from /home/airflow/.local/lib/python3.8/site-packages/airflow/example_dags/tutorial.py
[2025-04-05T14:34:10.846+0000] {logging_mixin.py:188} INFO - [2025-04-05T14:34:10.846+0000] {dag.py:3036} INFO - Sync 1 DAGs
[2025-04-05T14:34:10.869+0000] {logging_mixin.py:188} INFO - [2025-04-05T14:34:10.868+0000] {dag.py:3823} INFO - Setting next_dagrun for tutorial to 2025-04-04 00:00:00+00:00, run_after=2025-04-05 00:00:00+00:00
[2025-04-05T14:34:10.889+0000] {processor.py:183} INFO - Processing /home/airflow/.local/lib/python3.8/site-packages/airflow/example_dags/tutorial.py took 0.075 seconds
[2025-04-05T14:34:40.986+0000] {processor.py:161} INFO - Started process (PID=3222) to work on /home/airflow/.local/lib/python3.8/site-packages/airflow/example_dags/tutorial.py
[2025-04-05T14:34:40.988+0000] {processor.py:830} INFO - Processing file /home/airflow/.local/lib/python3.8/site-packages/airflow/example_dags/tutorial.py for tasks to queue
[2025-04-05T14:34:40.989+0000] {logging_mixin.py:188} INFO - [2025-04-05T14:34:40.988+0000] {dagbag.py:538} INFO - Filling up the DagBag from /home/airflow/.local/lib/python3.8/site-packages/airflow/example_dags/tutorial.py
[2025-04-05T14:34:40.995+0000] {processor.py:840} INFO - DAG(s) 'tutorial' retrieved from /home/airflow/.local/lib/python3.8/site-packages/airflow/example_dags/tutorial.py
[2025-04-05T14:34:41.015+0000] {logging_mixin.py:188} INFO - [2025-04-05T14:34:41.014+0000] {dag.py:3036} INFO - Sync 1 DAGs
[2025-04-05T14:34:41.037+0000] {logging_mixin.py:188} INFO - [2025-04-05T14:34:41.037+0000] {dag.py:3823} INFO - Setting next_dagrun for tutorial to 2025-04-04 00:00:00+00:00, run_after=2025-04-05 00:00:00+00:00
[2025-04-05T14:34:41.058+0000] {processor.py:183} INFO - Processing /home/airflow/.local/lib/python3.8/site-packages/airflow/example_dags/tutorial.py took 0.074 seconds
[2025-04-05T16:40:58.161+0000] {processor.py:161} INFO - Started process (PID=301) to work on /home/airflow/.local/lib/python3.8/site-packages/airflow/example_dags/tutorial.py
[2025-04-05T16:40:58.163+0000] {processor.py:830} INFO - Processing file /home/airflow/.local/lib/python3.8/site-packages/airflow/example_dags/tutorial.py for tasks to queue
[2025-04-05T16:40:58.165+0000] {logging_mixin.py:188} INFO - [2025-04-05T16:40:58.165+0000] {dagbag.py:538} INFO - Filling up the DagBag from /home/airflow/.local/lib/python3.8/site-packages/airflow/example_dags/tutorial.py
[2025-04-05T16:40:58.189+0000] {processor.py:840} INFO - DAG(s) 'tutorial' retrieved from /home/airflow/.local/lib/python3.8/site-packages/airflow/example_dags/tutorial.py
[2025-04-05T16:40:58.398+0000] {logging_mixin.py:188} INFO - [2025-04-05T16:40:58.396+0000] {override.py:1769} INFO - Created Permission View: can edit on DAG:tutorial
[2025-04-05T16:40:58.417+0000] {logging_mixin.py:188} INFO - [2025-04-05T16:40:58.416+0000] {override.py:1769} INFO - Created Permission View: can delete on DAG:tutorial
[2025-04-05T16:40:58.432+0000] {logging_mixin.py:188} INFO - [2025-04-05T16:40:58.431+0000] {override.py:1769} INFO - Created Permission View: can read on DAG:tutorial
[2025-04-05T16:40:58.433+0000] {logging_mixin.py:188} INFO - [2025-04-05T16:40:58.432+0000] {dag.py:3036} INFO - Sync 1 DAGs
[2025-04-05T16:40:58.454+0000] {logging_mixin.py:188} INFO - [2025-04-05T16:40:58.454+0000] {dag.py:3058} INFO - Creating ORM DAG for tutorial
[2025-04-05T16:40:58.474+0000] {logging_mixin.py:188} INFO - [2025-04-05T16:40:58.474+0000] {dag.py:3823} INFO - Setting next_dagrun for tutorial to 2025-04-04 00:00:00+00:00, run_after=2025-04-05 00:00:00+00:00
[2025-04-05T16:40:58.573+0000] {processor.py:183} INFO - Processing /home/airflow/.local/lib/python3.8/site-packages/airflow/example_dags/tutorial.py took 0.417 seconds
[2025-04-05T16:41:29.338+0000] {processor.py:161} INFO - Started process (PID=550) to work on /home/airflow/.local/lib/python3.8/site-packages/airflow/example_dags/tutorial.py
[2025-04-05T16:41:29.340+0000] {processor.py:830} INFO - Processing file /home/airflow/.local/lib/python3.8/site-packages/airflow/example_dags/tutorial.py for tasks to queue
[2025-04-05T16:41:29.341+0000] {logging_mixin.py:188} INFO - [2025-04-05T16:41:29.340+0000] {dagbag.py:538} INFO - Filling up the DagBag from /home/airflow/.local/lib/python3.8/site-packages/airflow/example_dags/tutorial.py
[2025-04-05T16:41:29.347+0000] {processor.py:840} INFO - DAG(s) 'tutorial' retrieved from /home/airflow/.local/lib/python3.8/site-packages/airflow/example_dags/tutorial.py
[2025-04-05T16:41:29.367+0000] {logging_mixin.py:188} INFO - [2025-04-05T16:41:29.367+0000] {dag.py:3036} INFO - Sync 1 DAGs
[2025-04-05T16:41:29.390+0000] {logging_mixin.py:188} INFO - [2025-04-05T16:41:29.390+0000] {dag.py:3823} INFO - Setting next_dagrun for tutorial to 2025-04-04 00:00:00+00:00, run_after=2025-04-05 00:00:00+00:00
[2025-04-05T16:41:29.412+0000] {processor.py:183} INFO - Processing /home/airflow/.local/lib/python3.8/site-packages/airflow/example_dags/tutorial.py took 0.077 seconds
[2025-04-05T16:42:00.114+0000] {processor.py:161} INFO - Started process (PID=797) to work on /home/airflow/.local/lib/python3.8/site-packages/airflow/example_dags/tutorial.py
[2025-04-05T16:42:00.116+0000] {processor.py:830} INFO - Processing file /home/airflow/.local/lib/python3.8/site-packages/airflow/example_dags/tutorial.py for tasks to queue
[2025-04-05T16:42:00.117+0000] {logging_mixin.py:188} INFO - [2025-04-05T16:42:00.117+0000] {dagbag.py:538} INFO - Filling up the DagBag from /home/airflow/.local/lib/python3.8/site-packages/airflow/example_dags/tutorial.py
[2025-04-05T16:42:00.125+0000] {processor.py:840} INFO - DAG(s) 'tutorial' retrieved from /home/airflow/.local/lib/python3.8/site-packages/airflow/example_dags/tutorial.py
[2025-04-05T16:42:00.158+0000] {logging_mixin.py:188} INFO - [2025-04-05T16:42:00.158+0000] {dag.py:3036} INFO - Sync 1 DAGs
[2025-04-05T16:42:00.203+0000] {logging_mixin.py:188} INFO - [2025-04-05T16:42:00.203+0000] {dag.py:3823} INFO - Setting next_dagrun for tutorial to 2025-04-04 00:00:00+00:00, run_after=2025-04-05 00:00:00+00:00
[2025-04-05T16:42:00.235+0000] {processor.py:183} INFO - Processing /home/airflow/.local/lib/python3.8/site-packages/airflow/example_dags/tutorial.py took 0.126 seconds
[2025-04-05T16:42:31.158+0000] {processor.py:161} INFO - Started process (PID=1044) to work on /home/airflow/.local/lib/python3.8/site-packages/airflow/example_dags/tutorial.py
[2025-04-05T16:42:31.159+0000] {processor.py:830} INFO - Processing file /home/airflow/.local/lib/python3.8/site-packages/airflow/example_dags/tutorial.py for tasks to queue
[2025-04-05T16:42:31.160+0000] {logging_mixin.py:188} INFO - [2025-04-05T16:42:31.159+0000] {dagbag.py:538} INFO - Filling up the DagBag from /home/airflow/.local/lib/python3.8/site-packages/airflow/example_dags/tutorial.py
[2025-04-05T16:42:31.166+0000] {processor.py:840} INFO - DAG(s) 'tutorial' retrieved from /home/airflow/.local/lib/python3.8/site-packages/airflow/example_dags/tutorial.py
[2025-04-05T16:42:31.184+0000] {logging_mixin.py:188} INFO - [2025-04-05T16:42:31.184+0000] {dag.py:3036} INFO - Sync 1 DAGs
[2025-04-05T16:42:31.204+0000] {logging_mixin.py:188} INFO - [2025-04-05T16:42:31.203+0000] {dag.py:3823} INFO - Setting next_dagrun for tutorial to 2025-04-04 00:00:00+00:00, run_after=2025-04-05 00:00:00+00:00
[2025-04-05T16:42:31.224+0000] {processor.py:183} INFO - Processing /home/airflow/.local/lib/python3.8/site-packages/airflow/example_dags/tutorial.py took 0.069 seconds
[2025-04-05T16:43:01.276+0000] {processor.py:161} INFO - Started process (PID=1291) to work on /home/airflow/.local/lib/python3.8/site-packages/airflow/example_dags/tutorial.py
[2025-04-05T16:43:01.277+0000] {processor.py:830} INFO - Processing file /home/airflow/.local/lib/python3.8/site-packages/airflow/example_dags/tutorial.py for tasks to queue
[2025-04-05T16:43:01.279+0000] {logging_mixin.py:188} INFO - [2025-04-05T16:43:01.278+0000] {dagbag.py:538} INFO - Filling up the DagBag from /home/airflow/.local/lib/python3.8/site-packages/airflow/example_dags/tutorial.py
[2025-04-05T16:43:01.285+0000] {processor.py:840} INFO - DAG(s) 'tutorial' retrieved from /home/airflow/.local/lib/python3.8/site-packages/airflow/example_dags/tutorial.py
[2025-04-05T16:43:01.307+0000] {logging_mixin.py:188} INFO - [2025-04-05T16:43:01.307+0000] {dag.py:3036} INFO - Sync 1 DAGs
[2025-04-05T16:43:01.327+0000] {logging_mixin.py:188} INFO - [2025-04-05T16:43:01.327+0000] {dag.py:3823} INFO - Setting next_dagrun for tutorial to 2025-04-04 00:00:00+00:00, run_after=2025-04-05 00:00:00+00:00
[2025-04-05T16:43:01.353+0000] {processor.py:183} INFO - Processing /home/airflow/.local/lib/python3.8/site-packages/airflow/example_dags/tutorial.py took 0.079 seconds
[2025-04-05T16:43:31.615+0000] {processor.py:161} INFO - Started process (PID=1538) to work on /home/airflow/.local/lib/python3.8/site-packages/airflow/example_dags/tutorial.py
[2025-04-05T16:43:31.616+0000] {processor.py:830} INFO - Processing file /home/airflow/.local/lib/python3.8/site-packages/airflow/example_dags/tutorial.py for tasks to queue
[2025-04-05T16:43:31.617+0000] {logging_mixin.py:188} INFO - [2025-04-05T16:43:31.617+0000] {dagbag.py:538} INFO - Filling up the DagBag from /home/airflow/.local/lib/python3.8/site-packages/airflow/example_dags/tutorial.py
[2025-04-05T16:43:31.623+0000] {processor.py:840} INFO - DAG(s) 'tutorial' retrieved from /home/airflow/.local/lib/python3.8/site-packages/airflow/example_dags/tutorial.py
[2025-04-05T16:43:31.648+0000] {logging_mixin.py:188} INFO - [2025-04-05T16:43:31.648+0000] {dag.py:3036} INFO - Sync 1 DAGs
[2025-04-05T16:43:31.672+0000] {logging_mixin.py:188} INFO - [2025-04-05T16:43:31.672+0000] {dag.py:3823} INFO - Setting next_dagrun for tutorial to 2025-04-04 00:00:00+00:00, run_after=2025-04-05 00:00:00+00:00
[2025-04-05T16:43:31.694+0000] {processor.py:183} INFO - Processing /home/airflow/.local/lib/python3.8/site-packages/airflow/example_dags/tutorial.py took 0.083 seconds
[2025-04-05T16:44:01.752+0000] {processor.py:161} INFO - Started process (PID=1785) to work on /home/airflow/.local/lib/python3.8/site-packages/airflow/example_dags/tutorial.py
[2025-04-05T16:44:01.753+0000] {processor.py:830} INFO - Processing file /home/airflow/.local/lib/python3.8/site-packages/airflow/example_dags/tutorial.py for tasks to queue
[2025-04-05T16:44:01.754+0000] {logging_mixin.py:188} INFO - [2025-04-05T16:44:01.753+0000] {dagbag.py:538} INFO - Filling up the DagBag from /home/airflow/.local/lib/python3.8/site-packages/airflow/example_dags/tutorial.py
[2025-04-05T16:44:01.759+0000] {processor.py:840} INFO - DAG(s) 'tutorial' retrieved from /home/airflow/.local/lib/python3.8/site-packages/airflow/example_dags/tutorial.py
[2025-04-05T16:44:01.779+0000] {logging_mixin.py:188} INFO - [2025-04-05T16:44:01.779+0000] {dag.py:3036} INFO - Sync 1 DAGs
[2025-04-05T16:44:01.799+0000] {logging_mixin.py:188} INFO - [2025-04-05T16:44:01.799+0000] {dag.py:3823} INFO - Setting next_dagrun for tutorial to 2025-04-04 00:00:00+00:00, run_after=2025-04-05 00:00:00+00:00
[2025-04-05T16:44:01.820+0000] {processor.py:183} INFO - Processing /home/airflow/.local/lib/python3.8/site-packages/airflow/example_dags/tutorial.py took 0.071 seconds
[2025-04-05T16:44:31.961+0000] {processor.py:161} INFO - Started process (PID=2032) to work on /home/airflow/.local/lib/python3.8/site-packages/airflow/example_dags/tutorial.py
[2025-04-05T16:44:31.962+0000] {processor.py:830} INFO - Processing file /home/airflow/.local/lib/python3.8/site-packages/airflow/example_dags/tutorial.py for tasks to queue
[2025-04-05T16:44:31.963+0000] {logging_mixin.py:188} INFO - [2025-04-05T16:44:31.963+0000] {dagbag.py:538} INFO - Filling up the DagBag from /home/airflow/.local/lib/python3.8/site-packages/airflow/example_dags/tutorial.py
[2025-04-05T16:44:31.969+0000] {processor.py:840} INFO - DAG(s) 'tutorial' retrieved from /home/airflow/.local/lib/python3.8/site-packages/airflow/example_dags/tutorial.py
[2025-04-05T16:44:31.990+0000] {logging_mixin.py:188} INFO - [2025-04-05T16:44:31.989+0000] {dag.py:3036} INFO - Sync 1 DAGs
[2025-04-05T16:44:32.010+0000] {logging_mixin.py:188} INFO - [2025-04-05T16:44:32.009+0000] {dag.py:3823} INFO - Setting next_dagrun for tutorial to 2025-04-04 00:00:00+00:00, run_after=2025-04-05 00:00:00+00:00
[2025-04-05T16:44:32.039+0000] {processor.py:183} INFO - Processing /home/airflow/.local/lib/python3.8/site-packages/airflow/example_dags/tutorial.py took 0.081 seconds
[2025-04-05T16:45:02.118+0000] {processor.py:161} INFO - Started process (PID=2279) to work on /home/airflow/.local/lib/python3.8/site-packages/airflow/example_dags/tutorial.py
[2025-04-05T16:45:02.119+0000] {processor.py:830} INFO - Processing file /home/airflow/.local/lib/python3.8/site-packages/airflow/example_dags/tutorial.py for tasks to queue
[2025-04-05T16:45:02.121+0000] {logging_mixin.py:188} INFO - [2025-04-05T16:45:02.120+0000] {dagbag.py:538} INFO - Filling up the DagBag from /home/airflow/.local/lib/python3.8/site-packages/airflow/example_dags/tutorial.py
[2025-04-05T16:45:02.129+0000] {processor.py:840} INFO - DAG(s) 'tutorial' retrieved from /home/airflow/.local/lib/python3.8/site-packages/airflow/example_dags/tutorial.py
[2025-04-05T16:45:02.155+0000] {logging_mixin.py:188} INFO - [2025-04-05T16:45:02.155+0000] {dag.py:3036} INFO - Sync 1 DAGs
[2025-04-05T16:45:02.182+0000] {logging_mixin.py:188} INFO - [2025-04-05T16:45:02.182+0000] {dag.py:3823} INFO - Setting next_dagrun for tutorial to 2025-04-04 00:00:00+00:00, run_after=2025-04-05 00:00:00+00:00
[2025-04-05T16:45:02.205+0000] {processor.py:183} INFO - Processing /home/airflow/.local/lib/python3.8/site-packages/airflow/example_dags/tutorial.py took 0.091 seconds
[2025-04-05T16:45:32.466+0000] {processor.py:161} INFO - Started process (PID=2526) to work on /home/airflow/.local/lib/python3.8/site-packages/airflow/example_dags/tutorial.py
[2025-04-05T16:45:32.468+0000] {processor.py:830} INFO - Processing file /home/airflow/.local/lib/python3.8/site-packages/airflow/example_dags/tutorial.py for tasks to queue
[2025-04-05T16:45:32.469+0000] {logging_mixin.py:188} INFO - [2025-04-05T16:45:32.469+0000] {dagbag.py:538} INFO - Filling up the DagBag from /home/airflow/.local/lib/python3.8/site-packages/airflow/example_dags/tutorial.py
[2025-04-05T16:45:32.505+0000] {processor.py:840} INFO - DAG(s) 'tutorial' retrieved from /home/airflow/.local/lib/python3.8/site-packages/airflow/example_dags/tutorial.py
[2025-04-05T16:45:33.019+0000] {logging_mixin.py:188} INFO - [2025-04-05T16:45:33.019+0000] {dag.py:3036} INFO - Sync 1 DAGs
[2025-04-05T16:45:33.103+0000] {logging_mixin.py:188} INFO - [2025-04-05T16:45:33.102+0000] {dag.py:3823} INFO - Setting next_dagrun for tutorial to 2025-04-04 00:00:00+00:00, run_after=2025-04-05 00:00:00+00:00
[2025-04-05T16:45:33.131+0000] {processor.py:183} INFO - Processing /home/airflow/.local/lib/python3.8/site-packages/airflow/example_dags/tutorial.py took 0.667 seconds
[2025-04-05T16:46:03.533+0000] {processor.py:161} INFO - Started process (PID=2773) to work on /home/airflow/.local/lib/python3.8/site-packages/airflow/example_dags/tutorial.py
[2025-04-05T16:46:03.535+0000] {processor.py:830} INFO - Processing file /home/airflow/.local/lib/python3.8/site-packages/airflow/example_dags/tutorial.py for tasks to queue
[2025-04-05T16:46:03.537+0000] {logging_mixin.py:188} INFO - [2025-04-05T16:46:03.537+0000] {dagbag.py:538} INFO - Filling up the DagBag from /home/airflow/.local/lib/python3.8/site-packages/airflow/example_dags/tutorial.py
[2025-04-05T16:46:03.551+0000] {processor.py:840} INFO - DAG(s) 'tutorial' retrieved from /home/airflow/.local/lib/python3.8/site-packages/airflow/example_dags/tutorial.py
[2025-04-05T16:46:03.599+0000] {logging_mixin.py:188} INFO - [2025-04-05T16:46:03.598+0000] {dag.py:3036} INFO - Sync 1 DAGs
[2025-04-05T16:46:03.750+0000] {logging_mixin.py:188} INFO - [2025-04-05T16:46:03.750+0000] {dag.py:3823} INFO - Setting next_dagrun for tutorial to 2025-04-04 00:00:00+00:00, run_after=2025-04-05 00:00:00+00:00
[2025-04-05T16:46:03.778+0000] {processor.py:183} INFO - Processing /home/airflow/.local/lib/python3.8/site-packages/airflow/example_dags/tutorial.py took 0.250 seconds
[2025-04-05T16:46:34.498+0000] {processor.py:161} INFO - Started process (PID=3020) to work on /home/airflow/.local/lib/python3.8/site-packages/airflow/example_dags/tutorial.py
[2025-04-05T16:46:34.499+0000] {processor.py:830} INFO - Processing file /home/airflow/.local/lib/python3.8/site-packages/airflow/example_dags/tutorial.py for tasks to queue
[2025-04-05T16:46:34.500+0000] {logging_mixin.py:188} INFO - [2025-04-05T16:46:34.500+0000] {dagbag.py:538} INFO - Filling up the DagBag from /home/airflow/.local/lib/python3.8/site-packages/airflow/example_dags/tutorial.py
[2025-04-05T16:46:34.507+0000] {processor.py:840} INFO - DAG(s) 'tutorial' retrieved from /home/airflow/.local/lib/python3.8/site-packages/airflow/example_dags/tutorial.py
[2025-04-05T16:46:34.536+0000] {logging_mixin.py:188} INFO - [2025-04-05T16:46:34.535+0000] {dag.py:3036} INFO - Sync 1 DAGs
[2025-04-05T16:46:34.568+0000] {logging_mixin.py:188} INFO - [2025-04-05T16:46:34.568+0000] {dag.py:3823} INFO - Setting next_dagrun for tutorial to 2025-04-04 00:00:00+00:00, run_after=2025-04-05 00:00:00+00:00
[2025-04-05T16:46:34.604+0000] {processor.py:183} INFO - Processing /home/airflow/.local/lib/python3.8/site-packages/airflow/example_dags/tutorial.py took 0.110 seconds
[2025-04-05T16:47:04.751+0000] {processor.py:161} INFO - Started process (PID=3267) to work on /home/airflow/.local/lib/python3.8/site-packages/airflow/example_dags/tutorial.py
[2025-04-05T16:47:04.753+0000] {processor.py:830} INFO - Processing file /home/airflow/.local/lib/python3.8/site-packages/airflow/example_dags/tutorial.py for tasks to queue
[2025-04-05T16:47:04.758+0000] {logging_mixin.py:188} INFO - [2025-04-05T16:47:04.757+0000] {dagbag.py:538} INFO - Filling up the DagBag from /home/airflow/.local/lib/python3.8/site-packages/airflow/example_dags/tutorial.py
[2025-04-05T16:47:04.779+0000] {processor.py:840} INFO - DAG(s) 'tutorial' retrieved from /home/airflow/.local/lib/python3.8/site-packages/airflow/example_dags/tutorial.py
[2025-04-05T16:47:04.877+0000] {logging_mixin.py:188} INFO - [2025-04-05T16:47:04.877+0000] {dag.py:3036} INFO - Sync 1 DAGs
[2025-04-05T16:47:04.925+0000] {logging_mixin.py:188} INFO - [2025-04-05T16:47:04.924+0000] {dag.py:3823} INFO - Setting next_dagrun for tutorial to 2025-04-04 00:00:00+00:00, run_after=2025-04-05 00:00:00+00:00
[2025-04-05T16:47:04.953+0000] {processor.py:183} INFO - Processing /home/airflow/.local/lib/python3.8/site-packages/airflow/example_dags/tutorial.py took 0.206 seconds
[2025-04-05T16:47:35.029+0000] {processor.py:161} INFO - Started process (PID=3514) to work on /home/airflow/.local/lib/python3.8/site-packages/airflow/example_dags/tutorial.py
[2025-04-05T16:47:35.031+0000] {processor.py:830} INFO - Processing file /home/airflow/.local/lib/python3.8/site-packages/airflow/example_dags/tutorial.py for tasks to queue
[2025-04-05T16:47:35.032+0000] {logging_mixin.py:188} INFO - [2025-04-05T16:47:35.031+0000] {dagbag.py:538} INFO - Filling up the DagBag from /home/airflow/.local/lib/python3.8/site-packages/airflow/example_dags/tutorial.py
[2025-04-05T16:47:35.042+0000] {processor.py:840} INFO - DAG(s) 'tutorial' retrieved from /home/airflow/.local/lib/python3.8/site-packages/airflow/example_dags/tutorial.py
[2025-04-05T16:47:35.063+0000] {logging_mixin.py:188} INFO - [2025-04-05T16:47:35.063+0000] {dag.py:3036} INFO - Sync 1 DAGs
[2025-04-05T16:47:35.086+0000] {logging_mixin.py:188} INFO - [2025-04-05T16:47:35.086+0000] {dag.py:3823} INFO - Setting next_dagrun for tutorial to 2025-04-04 00:00:00+00:00, run_after=2025-04-05 00:00:00+00:00
[2025-04-05T16:47:35.106+0000] {processor.py:183} INFO - Processing /home/airflow/.local/lib/python3.8/site-packages/airflow/example_dags/tutorial.py took 0.079 seconds
[2025-04-05T16:48:05.379+0000] {processor.py:161} INFO - Started process (PID=3762) to work on /home/airflow/.local/lib/python3.8/site-packages/airflow/example_dags/tutorial.py
[2025-04-05T16:48:05.380+0000] {processor.py:830} INFO - Processing file /home/airflow/.local/lib/python3.8/site-packages/airflow/example_dags/tutorial.py for tasks to queue
[2025-04-05T16:48:05.381+0000] {logging_mixin.py:188} INFO - [2025-04-05T16:48:05.381+0000] {dagbag.py:538} INFO - Filling up the DagBag from /home/airflow/.local/lib/python3.8/site-packages/airflow/example_dags/tutorial.py
[2025-04-05T16:48:05.387+0000] {processor.py:840} INFO - DAG(s) 'tutorial' retrieved from /home/airflow/.local/lib/python3.8/site-packages/airflow/example_dags/tutorial.py
[2025-04-05T16:48:05.407+0000] {logging_mixin.py:188} INFO - [2025-04-05T16:48:05.406+0000] {dag.py:3036} INFO - Sync 1 DAGs
[2025-04-05T16:48:05.427+0000] {logging_mixin.py:188} INFO - [2025-04-05T16:48:05.427+0000] {dag.py:3823} INFO - Setting next_dagrun for tutorial to 2025-04-04 00:00:00+00:00, run_after=2025-04-05 00:00:00+00:00
[2025-04-05T16:48:05.468+0000] {processor.py:183} INFO - Processing /home/airflow/.local/lib/python3.8/site-packages/airflow/example_dags/tutorial.py took 0.092 seconds
[2025-04-05T16:48:36.334+0000] {processor.py:161} INFO - Started process (PID=4009) to work on /home/airflow/.local/lib/python3.8/site-packages/airflow/example_dags/tutorial.py
[2025-04-05T16:48:36.335+0000] {processor.py:830} INFO - Processing file /home/airflow/.local/lib/python3.8/site-packages/airflow/example_dags/tutorial.py for tasks to queue
[2025-04-05T16:48:36.336+0000] {logging_mixin.py:188} INFO - [2025-04-05T16:48:36.336+0000] {dagbag.py:538} INFO - Filling up the DagBag from /home/airflow/.local/lib/python3.8/site-packages/airflow/example_dags/tutorial.py
[2025-04-05T16:48:36.343+0000] {processor.py:840} INFO - DAG(s) 'tutorial' retrieved from /home/airflow/.local/lib/python3.8/site-packages/airflow/example_dags/tutorial.py
[2025-04-05T16:48:36.366+0000] {logging_mixin.py:188} INFO - [2025-04-05T16:48:36.365+0000] {dag.py:3036} INFO - Sync 1 DAGs
[2025-04-05T16:48:36.392+0000] {logging_mixin.py:188} INFO - [2025-04-05T16:48:36.392+0000] {dag.py:3823} INFO - Setting next_dagrun for tutorial to 2025-04-04 00:00:00+00:00, run_after=2025-04-05 00:00:00+00:00
[2025-04-05T16:48:36.416+0000] {processor.py:183} INFO - Processing /home/airflow/.local/lib/python3.8/site-packages/airflow/example_dags/tutorial.py took 0.085 seconds
[2025-04-05T16:49:06.504+0000] {processor.py:161} INFO - Started process (PID=4257) to work on /home/airflow/.local/lib/python3.8/site-packages/airflow/example_dags/tutorial.py
[2025-04-05T16:49:06.505+0000] {processor.py:830} INFO - Processing file /home/airflow/.local/lib/python3.8/site-packages/airflow/example_dags/tutorial.py for tasks to queue
[2025-04-05T16:49:06.507+0000] {logging_mixin.py:188} INFO - [2025-04-05T16:49:06.506+0000] {dagbag.py:538} INFO - Filling up the DagBag from /home/airflow/.local/lib/python3.8/site-packages/airflow/example_dags/tutorial.py
[2025-04-05T16:49:06.516+0000] {processor.py:840} INFO - DAG(s) 'tutorial' retrieved from /home/airflow/.local/lib/python3.8/site-packages/airflow/example_dags/tutorial.py
[2025-04-05T16:49:06.537+0000] {logging_mixin.py:188} INFO - [2025-04-05T16:49:06.537+0000] {dag.py:3036} INFO - Sync 1 DAGs
[2025-04-05T16:49:06.566+0000] {logging_mixin.py:188} INFO - [2025-04-05T16:49:06.565+0000] {dag.py:3823} INFO - Setting next_dagrun for tutorial to 2025-04-04 00:00:00+00:00, run_after=2025-04-05 00:00:00+00:00
[2025-04-05T16:49:06.587+0000] {processor.py:183} INFO - Processing /home/airflow/.local/lib/python3.8/site-packages/airflow/example_dags/tutorial.py took 0.087 seconds
[2025-04-05T16:49:36.996+0000] {processor.py:161} INFO - Started process (PID=4528) to work on /home/airflow/.local/lib/python3.8/site-packages/airflow/example_dags/tutorial.py
[2025-04-05T16:49:36.997+0000] {processor.py:830} INFO - Processing file /home/airflow/.local/lib/python3.8/site-packages/airflow/example_dags/tutorial.py for tasks to queue
[2025-04-05T16:49:36.998+0000] {logging_mixin.py:188} INFO - [2025-04-05T16:49:36.998+0000] {dagbag.py:538} INFO - Filling up the DagBag from /home/airflow/.local/lib/python3.8/site-packages/airflow/example_dags/tutorial.py
[2025-04-05T16:49:37.004+0000] {processor.py:840} INFO - DAG(s) 'tutorial' retrieved from /home/airflow/.local/lib/python3.8/site-packages/airflow/example_dags/tutorial.py
[2025-04-05T16:49:37.024+0000] {logging_mixin.py:188} INFO - [2025-04-05T16:49:37.023+0000] {dag.py:3036} INFO - Sync 1 DAGs
[2025-04-05T16:49:37.048+0000] {logging_mixin.py:188} INFO - [2025-04-05T16:49:37.048+0000] {dag.py:3823} INFO - Setting next_dagrun for tutorial to 2025-04-05 00:00:00+00:00, run_after=2025-04-06 00:00:00+00:00
[2025-04-05T16:49:37.071+0000] {processor.py:183} INFO - Processing /home/airflow/.local/lib/python3.8/site-packages/airflow/example_dags/tutorial.py took 0.080 seconds
[2025-04-05T16:50:07.358+0000] {processor.py:161} INFO - Started process (PID=4775) to work on /home/airflow/.local/lib/python3.8/site-packages/airflow/example_dags/tutorial.py
[2025-04-05T16:50:07.360+0000] {processor.py:830} INFO - Processing file /home/airflow/.local/lib/python3.8/site-packages/airflow/example_dags/tutorial.py for tasks to queue
[2025-04-05T16:50:07.361+0000] {logging_mixin.py:188} INFO - [2025-04-05T16:50:07.361+0000] {dagbag.py:538} INFO - Filling up the DagBag from /home/airflow/.local/lib/python3.8/site-packages/airflow/example_dags/tutorial.py
[2025-04-05T16:50:07.368+0000] {processor.py:840} INFO - DAG(s) 'tutorial' retrieved from /home/airflow/.local/lib/python3.8/site-packages/airflow/example_dags/tutorial.py
[2025-04-05T16:50:07.392+0000] {logging_mixin.py:188} INFO - [2025-04-05T16:50:07.392+0000] {dag.py:3036} INFO - Sync 1 DAGs
[2025-04-05T16:50:07.416+0000] {logging_mixin.py:188} INFO - [2025-04-05T16:50:07.416+0000] {dag.py:3823} INFO - Setting next_dagrun for tutorial to 2025-04-05 00:00:00+00:00, run_after=2025-04-06 00:00:00+00:00
[2025-04-05T16:50:07.439+0000] {processor.py:183} INFO - Processing /home/airflow/.local/lib/python3.8/site-packages/airflow/example_dags/tutorial.py took 0.084 seconds
[2025-04-05T16:50:37.527+0000] {processor.py:161} INFO - Started process (PID=5022) to work on /home/airflow/.local/lib/python3.8/site-packages/airflow/example_dags/tutorial.py
[2025-04-05T16:50:37.528+0000] {processor.py:830} INFO - Processing file /home/airflow/.local/lib/python3.8/site-packages/airflow/example_dags/tutorial.py for tasks to queue
[2025-04-05T16:50:37.529+0000] {logging_mixin.py:188} INFO - [2025-04-05T16:50:37.528+0000] {dagbag.py:538} INFO - Filling up the DagBag from /home/airflow/.local/lib/python3.8/site-packages/airflow/example_dags/tutorial.py
[2025-04-05T16:50:37.535+0000] {processor.py:840} INFO - DAG(s) 'tutorial' retrieved from /home/airflow/.local/lib/python3.8/site-packages/airflow/example_dags/tutorial.py
[2025-04-05T16:50:37.556+0000] {logging_mixin.py:188} INFO - [2025-04-05T16:50:37.556+0000] {dag.py:3036} INFO - Sync 1 DAGs
[2025-04-05T16:50:37.577+0000] {logging_mixin.py:188} INFO - [2025-04-05T16:50:37.576+0000] {dag.py:3823} INFO - Setting next_dagrun for tutorial to 2025-04-05 00:00:00+00:00, run_after=2025-04-06 00:00:00+00:00
[2025-04-05T16:50:37.597+0000] {processor.py:183} INFO - Processing /home/airflow/.local/lib/python3.8/site-packages/airflow/example_dags/tutorial.py took 0.073 seconds
[2025-04-05T16:51:07.746+0000] {processor.py:161} INFO - Started process (PID=5277) to work on /home/airflow/.local/lib/python3.8/site-packages/airflow/example_dags/tutorial.py
[2025-04-05T16:51:07.747+0000] {processor.py:830} INFO - Processing file /home/airflow/.local/lib/python3.8/site-packages/airflow/example_dags/tutorial.py for tasks to queue
[2025-04-05T16:51:07.748+0000] {logging_mixin.py:188} INFO - [2025-04-05T16:51:07.748+0000] {dagbag.py:538} INFO - Filling up the DagBag from /home/airflow/.local/lib/python3.8/site-packages/airflow/example_dags/tutorial.py
[2025-04-05T16:51:07.754+0000] {processor.py:840} INFO - DAG(s) 'tutorial' retrieved from /home/airflow/.local/lib/python3.8/site-packages/airflow/example_dags/tutorial.py
[2025-04-05T16:51:07.781+0000] {logging_mixin.py:188} INFO - [2025-04-05T16:51:07.780+0000] {dag.py:3036} INFO - Sync 1 DAGs
[2025-04-05T16:51:07.805+0000] {logging_mixin.py:188} INFO - [2025-04-05T16:51:07.804+0000] {dag.py:3823} INFO - Setting next_dagrun for tutorial to 2025-04-05 00:00:00+00:00, run_after=2025-04-06 00:00:00+00:00
[2025-04-05T16:51:07.827+0000] {processor.py:183} INFO - Processing /home/airflow/.local/lib/python3.8/site-packages/airflow/example_dags/tutorial.py took 0.085 seconds
[2025-04-05T16:51:38.195+0000] {processor.py:161} INFO - Started process (PID=5529) to work on /home/airflow/.local/lib/python3.8/site-packages/airflow/example_dags/tutorial.py
[2025-04-05T16:51:38.196+0000] {processor.py:830} INFO - Processing file /home/airflow/.local/lib/python3.8/site-packages/airflow/example_dags/tutorial.py for tasks to queue
[2025-04-05T16:51:38.197+0000] {logging_mixin.py:188} INFO - [2025-04-05T16:51:38.197+0000] {dagbag.py:538} INFO - Filling up the DagBag from /home/airflow/.local/lib/python3.8/site-packages/airflow/example_dags/tutorial.py
[2025-04-05T16:51:38.204+0000] {processor.py:840} INFO - DAG(s) 'tutorial' retrieved from /home/airflow/.local/lib/python3.8/site-packages/airflow/example_dags/tutorial.py
[2025-04-05T16:51:38.227+0000] {logging_mixin.py:188} INFO - [2025-04-05T16:51:38.226+0000] {dag.py:3036} INFO - Sync 1 DAGs
[2025-04-05T16:51:38.251+0000] {logging_mixin.py:188} INFO - [2025-04-05T16:51:38.250+0000] {dag.py:3823} INFO - Setting next_dagrun for tutorial to 2025-04-05 00:00:00+00:00, run_after=2025-04-06 00:00:00+00:00
[2025-04-05T16:51:38.272+0000] {processor.py:183} INFO - Processing /home/airflow/.local/lib/python3.8/site-packages/airflow/example_dags/tutorial.py took 0.081 seconds
[2025-04-05T16:52:08.461+0000] {processor.py:161} INFO - Started process (PID=5781) to work on /home/airflow/.local/lib/python3.8/site-packages/airflow/example_dags/tutorial.py
[2025-04-05T16:52:08.462+0000] {processor.py:830} INFO - Processing file /home/airflow/.local/lib/python3.8/site-packages/airflow/example_dags/tutorial.py for tasks to queue
[2025-04-05T16:52:08.464+0000] {logging_mixin.py:188} INFO - [2025-04-05T16:52:08.463+0000] {dagbag.py:538} INFO - Filling up the DagBag from /home/airflow/.local/lib/python3.8/site-packages/airflow/example_dags/tutorial.py
[2025-04-05T16:52:08.475+0000] {processor.py:840} INFO - DAG(s) 'tutorial' retrieved from /home/airflow/.local/lib/python3.8/site-packages/airflow/example_dags/tutorial.py
[2025-04-05T16:52:08.504+0000] {logging_mixin.py:188} INFO - [2025-04-05T16:52:08.504+0000] {dag.py:3036} INFO - Sync 1 DAGs
[2025-04-05T16:52:08.539+0000] {logging_mixin.py:188} INFO - [2025-04-05T16:52:08.538+0000] {dag.py:3823} INFO - Setting next_dagrun for tutorial to 2025-04-05 00:00:00+00:00, run_after=2025-04-06 00:00:00+00:00
[2025-04-05T16:52:08.564+0000] {processor.py:183} INFO - Processing /home/airflow/.local/lib/python3.8/site-packages/airflow/example_dags/tutorial.py took 0.107 seconds
[2025-04-05T16:52:38.837+0000] {processor.py:161} INFO - Started process (PID=6033) to work on /home/airflow/.local/lib/python3.8/site-packages/airflow/example_dags/tutorial.py
[2025-04-05T16:52:38.840+0000] {processor.py:830} INFO - Processing file /home/airflow/.local/lib/python3.8/site-packages/airflow/example_dags/tutorial.py for tasks to queue
[2025-04-05T16:52:38.844+0000] {logging_mixin.py:188} INFO - [2025-04-05T16:52:38.843+0000] {dagbag.py:538} INFO - Filling up the DagBag from /home/airflow/.local/lib/python3.8/site-packages/airflow/example_dags/tutorial.py
[2025-04-05T16:52:38.854+0000] {processor.py:840} INFO - DAG(s) 'tutorial' retrieved from /home/airflow/.local/lib/python3.8/site-packages/airflow/example_dags/tutorial.py
[2025-04-05T16:52:38.877+0000] {logging_mixin.py:188} INFO - [2025-04-05T16:52:38.877+0000] {dag.py:3036} INFO - Sync 1 DAGs
[2025-04-05T16:52:38.902+0000] {logging_mixin.py:188} INFO - [2025-04-05T16:52:38.901+0000] {dag.py:3823} INFO - Setting next_dagrun for tutorial to 2025-04-05 00:00:00+00:00, run_after=2025-04-06 00:00:00+00:00
[2025-04-05T16:52:38.921+0000] {processor.py:183} INFO - Processing /home/airflow/.local/lib/python3.8/site-packages/airflow/example_dags/tutorial.py took 0.093 seconds
[2025-04-05T16:53:09.024+0000] {processor.py:161} INFO - Started process (PID=6286) to work on /home/airflow/.local/lib/python3.8/site-packages/airflow/example_dags/tutorial.py
[2025-04-05T16:53:09.025+0000] {processor.py:830} INFO - Processing file /home/airflow/.local/lib/python3.8/site-packages/airflow/example_dags/tutorial.py for tasks to queue
[2025-04-05T16:53:09.026+0000] {logging_mixin.py:188} INFO - [2025-04-05T16:53:09.026+0000] {dagbag.py:538} INFO - Filling up the DagBag from /home/airflow/.local/lib/python3.8/site-packages/airflow/example_dags/tutorial.py
[2025-04-05T16:53:09.032+0000] {processor.py:840} INFO - DAG(s) 'tutorial' retrieved from /home/airflow/.local/lib/python3.8/site-packages/airflow/example_dags/tutorial.py
[2025-04-05T16:53:09.051+0000] {logging_mixin.py:188} INFO - [2025-04-05T16:53:09.050+0000] {dag.py:3036} INFO - Sync 1 DAGs
[2025-04-05T16:53:09.074+0000] {logging_mixin.py:188} INFO - [2025-04-05T16:53:09.074+0000] {dag.py:3823} INFO - Setting next_dagrun for tutorial to 2025-04-05 00:00:00+00:00, run_after=2025-04-06 00:00:00+00:00
[2025-04-05T16:53:09.096+0000] {processor.py:183} INFO - Processing /home/airflow/.local/lib/python3.8/site-packages/airflow/example_dags/tutorial.py took 0.075 seconds
[2025-04-05T16:53:39.366+0000] {processor.py:161} INFO - Started process (PID=6538) to work on /home/airflow/.local/lib/python3.8/site-packages/airflow/example_dags/tutorial.py
[2025-04-05T16:53:39.367+0000] {processor.py:830} INFO - Processing file /home/airflow/.local/lib/python3.8/site-packages/airflow/example_dags/tutorial.py for tasks to queue
[2025-04-05T16:53:39.368+0000] {logging_mixin.py:188} INFO - [2025-04-05T16:53:39.367+0000] {dagbag.py:538} INFO - Filling up the DagBag from /home/airflow/.local/lib/python3.8/site-packages/airflow/example_dags/tutorial.py
[2025-04-05T16:53:39.374+0000] {processor.py:840} INFO - DAG(s) 'tutorial' retrieved from /home/airflow/.local/lib/python3.8/site-packages/airflow/example_dags/tutorial.py
[2025-04-05T16:53:39.394+0000] {logging_mixin.py:188} INFO - [2025-04-05T16:53:39.393+0000] {dag.py:3036} INFO - Sync 1 DAGs
[2025-04-05T16:53:39.416+0000] {logging_mixin.py:188} INFO - [2025-04-05T16:53:39.416+0000] {dag.py:3823} INFO - Setting next_dagrun for tutorial to 2025-04-05 00:00:00+00:00, run_after=2025-04-06 00:00:00+00:00
[2025-04-05T16:53:39.439+0000] {processor.py:183} INFO - Processing /home/airflow/.local/lib/python3.8/site-packages/airflow/example_dags/tutorial.py took 0.076 seconds
[2025-04-05T16:54:09.533+0000] {processor.py:161} INFO - Started process (PID=6790) to work on /home/airflow/.local/lib/python3.8/site-packages/airflow/example_dags/tutorial.py
[2025-04-05T16:54:09.534+0000] {processor.py:830} INFO - Processing file /home/airflow/.local/lib/python3.8/site-packages/airflow/example_dags/tutorial.py for tasks to queue
[2025-04-05T16:54:09.535+0000] {logging_mixin.py:188} INFO - [2025-04-05T16:54:09.534+0000] {dagbag.py:538} INFO - Filling up the DagBag from /home/airflow/.local/lib/python3.8/site-packages/airflow/example_dags/tutorial.py
[2025-04-05T16:54:09.541+0000] {processor.py:840} INFO - DAG(s) 'tutorial' retrieved from /home/airflow/.local/lib/python3.8/site-packages/airflow/example_dags/tutorial.py
[2025-04-05T16:54:09.560+0000] {logging_mixin.py:188} INFO - [2025-04-05T16:54:09.559+0000] {dag.py:3036} INFO - Sync 1 DAGs
[2025-04-05T16:54:09.582+0000] {logging_mixin.py:188} INFO - [2025-04-05T16:54:09.582+0000] {dag.py:3823} INFO - Setting next_dagrun for tutorial to 2025-04-05 00:00:00+00:00, run_after=2025-04-06 00:00:00+00:00
[2025-04-05T16:54:09.604+0000] {processor.py:183} INFO - Processing /home/airflow/.local/lib/python3.8/site-packages/airflow/example_dags/tutorial.py took 0.074 seconds
[2025-04-05T16:54:39.865+0000] {processor.py:161} INFO - Started process (PID=7042) to work on /home/airflow/.local/lib/python3.8/site-packages/airflow/example_dags/tutorial.py
[2025-04-05T16:54:39.866+0000] {processor.py:830} INFO - Processing file /home/airflow/.local/lib/python3.8/site-packages/airflow/example_dags/tutorial.py for tasks to queue
[2025-04-05T16:54:39.867+0000] {logging_mixin.py:188} INFO - [2025-04-05T16:54:39.866+0000] {dagbag.py:538} INFO - Filling up the DagBag from /home/airflow/.local/lib/python3.8/site-packages/airflow/example_dags/tutorial.py
[2025-04-05T16:54:39.874+0000] {processor.py:840} INFO - DAG(s) 'tutorial' retrieved from /home/airflow/.local/lib/python3.8/site-packages/airflow/example_dags/tutorial.py
[2025-04-05T16:54:39.892+0000] {logging_mixin.py:188} INFO - [2025-04-05T16:54:39.892+0000] {dag.py:3036} INFO - Sync 1 DAGs
[2025-04-05T16:54:39.919+0000] {logging_mixin.py:188} INFO - [2025-04-05T16:54:39.918+0000] {dag.py:3823} INFO - Setting next_dagrun for tutorial to 2025-04-05 00:00:00+00:00, run_after=2025-04-06 00:00:00+00:00
[2025-04-05T16:54:39.939+0000] {processor.py:183} INFO - Processing /home/airflow/.local/lib/python3.8/site-packages/airflow/example_dags/tutorial.py took 0.078 seconds
[2025-04-05T16:55:09.999+0000] {processor.py:161} INFO - Started process (PID=7294) to work on /home/airflow/.local/lib/python3.8/site-packages/airflow/example_dags/tutorial.py
[2025-04-05T16:55:10.000+0000] {processor.py:830} INFO - Processing file /home/airflow/.local/lib/python3.8/site-packages/airflow/example_dags/tutorial.py for tasks to queue
[2025-04-05T16:55:10.001+0000] {logging_mixin.py:188} INFO - [2025-04-05T16:55:10.001+0000] {dagbag.py:538} INFO - Filling up the DagBag from /home/airflow/.local/lib/python3.8/site-packages/airflow/example_dags/tutorial.py
[2025-04-05T16:55:10.009+0000] {processor.py:840} INFO - DAG(s) 'tutorial' retrieved from /home/airflow/.local/lib/python3.8/site-packages/airflow/example_dags/tutorial.py
[2025-04-05T16:55:10.029+0000] {logging_mixin.py:188} INFO - [2025-04-05T16:55:10.029+0000] {dag.py:3036} INFO - Sync 1 DAGs
[2025-04-05T16:55:10.052+0000] {logging_mixin.py:188} INFO - [2025-04-05T16:55:10.051+0000] {dag.py:3823} INFO - Setting next_dagrun for tutorial to 2025-04-05 00:00:00+00:00, run_after=2025-04-06 00:00:00+00:00
[2025-04-05T16:55:10.072+0000] {processor.py:183} INFO - Processing /home/airflow/.local/lib/python3.8/site-packages/airflow/example_dags/tutorial.py took 0.076 seconds
[2025-04-05T16:55:40.482+0000] {processor.py:161} INFO - Started process (PID=7548) to work on /home/airflow/.local/lib/python3.8/site-packages/airflow/example_dags/tutorial.py
[2025-04-05T16:55:40.483+0000] {processor.py:830} INFO - Processing file /home/airflow/.local/lib/python3.8/site-packages/airflow/example_dags/tutorial.py for tasks to queue
[2025-04-05T16:55:40.484+0000] {logging_mixin.py:188} INFO - [2025-04-05T16:55:40.483+0000] {dagbag.py:538} INFO - Filling up the DagBag from /home/airflow/.local/lib/python3.8/site-packages/airflow/example_dags/tutorial.py
[2025-04-05T16:55:40.490+0000] {processor.py:840} INFO - DAG(s) 'tutorial' retrieved from /home/airflow/.local/lib/python3.8/site-packages/airflow/example_dags/tutorial.py
[2025-04-05T16:55:40.511+0000] {logging_mixin.py:188} INFO - [2025-04-05T16:55:40.511+0000] {dag.py:3036} INFO - Sync 1 DAGs
[2025-04-05T16:55:40.532+0000] {logging_mixin.py:188} INFO - [2025-04-05T16:55:40.532+0000] {dag.py:3823} INFO - Setting next_dagrun for tutorial to 2025-04-05 00:00:00+00:00, run_after=2025-04-06 00:00:00+00:00
[2025-04-05T16:55:40.553+0000] {processor.py:183} INFO - Processing /home/airflow/.local/lib/python3.8/site-packages/airflow/example_dags/tutorial.py took 0.075 seconds
[2025-04-05T16:56:10.754+0000] {processor.py:161} INFO - Started process (PID=7800) to work on /home/airflow/.local/lib/python3.8/site-packages/airflow/example_dags/tutorial.py
[2025-04-05T16:56:10.755+0000] {processor.py:830} INFO - Processing file /home/airflow/.local/lib/python3.8/site-packages/airflow/example_dags/tutorial.py for tasks to queue
[2025-04-05T16:56:10.756+0000] {logging_mixin.py:188} INFO - [2025-04-05T16:56:10.756+0000] {dagbag.py:538} INFO - Filling up the DagBag from /home/airflow/.local/lib/python3.8/site-packages/airflow/example_dags/tutorial.py
[2025-04-05T16:56:10.762+0000] {processor.py:840} INFO - DAG(s) 'tutorial' retrieved from /home/airflow/.local/lib/python3.8/site-packages/airflow/example_dags/tutorial.py
[2025-04-05T16:56:10.784+0000] {logging_mixin.py:188} INFO - [2025-04-05T16:56:10.784+0000] {dag.py:3036} INFO - Sync 1 DAGs
[2025-04-05T16:56:10.803+0000] {logging_mixin.py:188} INFO - [2025-04-05T16:56:10.803+0000] {dag.py:3823} INFO - Setting next_dagrun for tutorial to 2025-04-05 00:00:00+00:00, run_after=2025-04-06 00:00:00+00:00
[2025-04-05T16:56:10.824+0000] {processor.py:183} INFO - Processing /home/airflow/.local/lib/python3.8/site-packages/airflow/example_dags/tutorial.py took 0.074 seconds
[2025-04-05T16:56:41.628+0000] {processor.py:161} INFO - Started process (PID=8046) to work on /home/airflow/.local/lib/python3.8/site-packages/airflow/example_dags/tutorial.py
[2025-04-05T16:56:41.630+0000] {processor.py:830} INFO - Processing file /home/airflow/.local/lib/python3.8/site-packages/airflow/example_dags/tutorial.py for tasks to queue
[2025-04-05T16:56:41.630+0000] {logging_mixin.py:188} INFO - [2025-04-05T16:56:41.630+0000] {dagbag.py:538} INFO - Filling up the DagBag from /home/airflow/.local/lib/python3.8/site-packages/airflow/example_dags/tutorial.py
[2025-04-05T16:56:41.636+0000] {processor.py:840} INFO - DAG(s) 'tutorial' retrieved from /home/airflow/.local/lib/python3.8/site-packages/airflow/example_dags/tutorial.py
[2025-04-05T16:56:41.658+0000] {logging_mixin.py:188} INFO - [2025-04-05T16:56:41.658+0000] {dag.py:3036} INFO - Sync 1 DAGs
[2025-04-05T16:56:41.678+0000] {logging_mixin.py:188} INFO - [2025-04-05T16:56:41.678+0000] {dag.py:3823} INFO - Setting next_dagrun for tutorial to 2025-04-05 00:00:00+00:00, run_after=2025-04-06 00:00:00+00:00
[2025-04-05T16:56:41.701+0000] {processor.py:183} INFO - Processing /home/airflow/.local/lib/python3.8/site-packages/airflow/example_dags/tutorial.py took 0.076 seconds
