[2025-04-05T16:49:15.392+0000] {taskinstance.py:1956} INFO - Dependencies all met for dep_context=non-requeueable deps ti=<TaskInstance: tutorial.templated scheduled__2025-04-04T00:00:00+00:00 [queued]>
[2025-04-05T16:49:15.404+0000] {taskinstance.py:1956} INFO - Dependencies all met for dep_context=requeueable deps ti=<TaskInstance: tutorial.templated scheduled__2025-04-04T00:00:00+00:00 [queued]>
[2025-04-05T16:49:15.405+0000] {taskinstance.py:2170} INFO - Starting attempt 1 of 2
[2025-04-05T16:49:15.460+0000] {taskinstance.py:2191} INFO - Executing <Task(BashOperator): templated> on 2025-04-04 00:00:00+00:00
[2025-04-05T16:49:15.470+0000] {standard_task_runner.py:60} INFO - Started process 4382 to run task
[2025-04-05T16:49:15.474+0000] {standard_task_runner.py:87} INFO - Running: ['***', 'tasks', 'run', 'tutorial', 'templated', 'scheduled__2025-04-04T00:00:00+00:00', '--job-id', '5', '--raw', '--subdir', '/home/***/.local/lib/python3.8/site-packages/***/example_dags/tutorial.py', '--cfg-path', '/tmp/tmpzj_fnxq1']
[2025-04-05T16:49:15.478+0000] {standard_task_runner.py:88} INFO - Job 5: Subtask templated
[2025-04-05T16:49:15.691+0000] {task_command.py:423} INFO - Running <TaskInstance: tutorial.templated scheduled__2025-04-04T00:00:00+00:00 [running]> on host b1999c8cac41
[2025-04-05T16:49:15.947+0000] {taskinstance.py:2480} INFO - Exporting env vars: AIRFLOW_CTX_DAG_EMAIL='***@example.com' AIRFLOW_CTX_DAG_OWNER='***' AIRFLOW_CTX_DAG_ID='tutorial' AIRFLOW_CTX_TASK_ID='templated' AIRFLOW_CTX_EXECUTION_DATE='2025-04-04T00:00:00+00:00' AIRFLOW_CTX_TRY_NUMBER='1' AIRFLOW_CTX_DAG_RUN_ID='scheduled__2025-04-04T00:00:00+00:00'
[2025-04-05T16:49:15.960+0000] {subprocess.py:63} INFO - Tmp dir root location: /tmp
[2025-04-05T16:49:15.963+0000] {subprocess.py:75} INFO - Running command: ['/usr/bin/bash', '-c', '\n\n    echo "2025-04-04"\n    echo "2025-04-11"\n\n    echo "2025-04-04"\n    echo "2025-04-11"\n\n    echo "2025-04-04"\n    echo "2025-04-11"\n\n    echo "2025-04-04"\n    echo "2025-04-11"\n\n    echo "2025-04-04"\n    echo "2025-04-11"\n']
[2025-04-05T16:49:15.984+0000] {subprocess.py:86} INFO - Output:
[2025-04-05T16:49:15.986+0000] {subprocess.py:93} INFO - 2025-04-04
[2025-04-05T16:49:15.986+0000] {subprocess.py:93} INFO - 2025-04-11
[2025-04-05T16:49:15.987+0000] {subprocess.py:93} INFO - 2025-04-04
[2025-04-05T16:49:15.988+0000] {subprocess.py:93} INFO - 2025-04-11
[2025-04-05T16:49:15.988+0000] {subprocess.py:93} INFO - 2025-04-04
[2025-04-05T16:49:15.989+0000] {subprocess.py:93} INFO - 2025-04-11
[2025-04-05T16:49:15.990+0000] {subprocess.py:93} INFO - 2025-04-04
[2025-04-05T16:49:15.991+0000] {subprocess.py:93} INFO - 2025-04-11
[2025-04-05T16:49:15.991+0000] {subprocess.py:93} INFO - 2025-04-04
[2025-04-05T16:49:15.992+0000] {subprocess.py:93} INFO - 2025-04-11
[2025-04-05T16:49:15.993+0000] {subprocess.py:97} INFO - Command exited with return code 0
[2025-04-05T16:49:16.040+0000] {taskinstance.py:1138} INFO - Marking task as SUCCESS. dag_id=tutorial, task_id=templated, execution_date=20250404T000000, start_date=20250405T164915, end_date=20250405T164916
[2025-04-05T16:49:16.090+0000] {local_task_job_runner.py:234} INFO - Task exited with return code 0
[2025-04-05T16:49:16.115+0000] {taskinstance.py:3280} INFO - 0 downstream tasks scheduled from follow-on schedule check
